[16:55:11] This is prokka 1.14.6
[16:55:11] Written by Torsten Seemann <torsten.seemann@gmail.com>
[16:55:11] Homepage is https://github.com/tseemann/prokka
[16:55:11] Local time is Mon Dec  5 16:55:11 2022
[16:55:11] You are shaday
[16:55:11] Operating system is linux
[16:55:11] You have BioPerl 1.7.8
[16:55:11] System has 32 cores.
[16:55:11] Will use maximum of 20 cores.
[16:55:11] Annotating as >>> Bacteria <<<
[16:55:11] Generating locus_tag from 'Rhodobacteraceae/GCF_001294535.1_ASM129453v1_genomic.fna' contents.
[16:55:11] Setting --locustag CDDIDNMG from MD5 cdd2d760ae0e85ef61ebc45ee30f2db4
[16:55:11] Creating new output folder: gbk/PAMC27389
[16:55:11] Running: mkdir -p gbk\/PAMC27389
[16:55:11] Using filename prefix: GCF_001294535.1.prokka.XXX
[16:55:11] Setting HMMER_NCPU=1
[16:55:11] Writing log to: gbk/PAMC27389/GCF_001294535.1.prokka.log
[16:55:11] Command: /opt/anaconda3/envs/Prokka_Global/bin/prokka --prefix GCF_001294535.1.prokka --outdir gbk/PAMC27389 --kingdom Bacteria --genus Cypionkella --species psychrotolerans --strain PAMC27389 --usegenus --addgenes Rhodobacteraceae/GCF_001294535.1_ASM129453v1_genomic.fna --cpus 20
[16:55:11] Appending to PATH: /opt/anaconda3/envs/Prokka_Global/bin
[16:55:11] Looking for 'aragorn' - found /opt/anaconda3/envs/Prokka_Global/bin/aragorn
[16:55:11] Determined aragorn version is 001002 from 'ARAGORN v1.2.41 Dean Laslett'
[16:55:11] Looking for 'barrnap' - found /opt/anaconda3/envs/Prokka_Global/bin/barrnap
[16:55:11] Determined barrnap version is 000009 from 'barrnap 0.9'
[16:55:11] Looking for 'blastp' - found /opt/anaconda3/envs/Prokka_Global/bin/blastp
[16:55:11] Determined blastp version is 002012 from 'blastp: 2.12.0+'
[16:55:11] Looking for 'cmpress' - found /opt/anaconda3/envs/Prokka_Global/bin/cmpress
[16:55:11] Determined cmpress version is 001001 from '# INFERNAL 1.1.4 (Dec 2020)'
[16:55:11] Looking for 'cmscan' - found /opt/anaconda3/envs/Prokka_Global/bin/cmscan
[16:55:11] Determined cmscan version is 001001 from '# INFERNAL 1.1.4 (Dec 2020)'
[16:55:11] Looking for 'egrep' - found /usr/bin/egrep
[16:55:11] Looking for 'find' - found /usr/bin/find
[16:55:11] Looking for 'grep' - found /usr/bin/grep
[16:55:11] Looking for 'hmmpress' - found /opt/anaconda3/envs/Prokka_Global/bin/hmmpress
[16:55:11] Determined hmmpress version is 003003 from '# HMMER 3.3.2 (Nov 2020); http://hmmer.org/'
[16:55:11] Looking for 'hmmscan' - found /opt/anaconda3/envs/Prokka_Global/bin/hmmscan
[16:55:11] Determined hmmscan version is 003003 from '# HMMER 3.3.2 (Nov 2020); http://hmmer.org/'
[16:55:11] Looking for 'java' - found /opt/anaconda3/envs/Prokka_Global/bin/java
[16:55:11] Looking for 'makeblastdb' - found /opt/anaconda3/envs/Prokka_Global/bin/makeblastdb
[16:55:11] Determined makeblastdb version is 002012 from 'makeblastdb: 2.12.0+'
[16:55:11] Looking for 'minced' - found /opt/anaconda3/envs/Prokka_Global/bin/minced
[16:55:11] Determined minced version is 004002 from 'minced 0.4.2'
[16:55:11] Looking for 'parallel' - found /opt/anaconda3/envs/Prokka_Global/bin/parallel
[16:55:11] Determined parallel version is 20220222 from 'GNU parallel 20220222'
[16:55:11] Looking for 'prodigal' - found /opt/anaconda3/envs/Prokka_Global/bin/prodigal
[16:55:11] Determined prodigal version is 002006 from 'Prodigal V2.6.3: February, 2016'
[16:55:11] Looking for 'prokka-genbank_to_fasta_db' - found /opt/anaconda3/envs/Prokka_Global/bin/prokka-genbank_to_fasta_db
[16:55:11] Looking for 'sed' - found /usr/bin/sed
[16:55:11] Looking for 'tbl2asn' - found /opt/anaconda3/envs/Prokka_Global/bin/tbl2asn
[16:55:11] Determined tbl2asn version is 025007 from 'tbl2asn 25.7   arguments:'
[16:55:11] Using genetic code table 11.
[16:55:11] Loading and checking input file: Rhodobacteraceae/GCF_001294535.1_ASM129453v1_genomic.fna
[16:55:11] Wrote 93 contigs totalling 5079079 bp.
[16:55:11] Predicting tRNAs and tmRNAs
[16:55:11] Running: aragorn -l -gc11  -w gbk\/PAMC27389\/GCF_001294535\.1\.prokka\.fna
[16:55:12] 1 tRNA-Ile [75780,75856] 35 (gat)
[16:55:12] 2 tRNA-Ala [75878,75953] 34 (tgc)
[16:55:12] 3 tRNA-Met [79566,79642] 35 (cat)
[16:55:12] 1 tRNA-Leu c[763,846] 34 (caa)
[16:55:12] 2 tRNA-Gly [199880,199954] 33 (gcc)
[16:55:12] 3 tRNA-Gly [210277,210351] 33 (gcc)
[16:55:12] 4 tRNA-Cys [210829,210902] 33 (gca)
[16:55:12] 1 tRNA-Asn c[13929,14003] 33 (gtt)
[16:55:12] 2 tRNA-Thr [57118,57193] 34 (tgt)
[16:55:12] 1 tRNA-Ser c[28008,28097] 35 (gct)
[16:55:12] 2 tRNA-Met [48695,48771] 35 (cat)
[16:55:12] 1 tRNA-Ser c[9923,10012] 35 (gga)
[16:55:12] 2 tmRNA* [38261,38599] 207,248 ANDNRAPAMALAA*
[16:55:12] 3 tRNA-Phe [93143,93218] 34 (gaa)
[16:55:12] 1 tRNA-Arg c[19323,19399] 35 (tct)
[16:55:12] 1 tRNA-Ala [218920,219019] 40 (ggc)
[16:55:12] 1 tRNA-Gly [152445,152518] 33 (tcc)
[16:55:12] 1 tRNA-Val [78527,78601] 33 (cac)
[16:55:12] 1 tRNA-Gly c[7674,7747] 33 (ccc)
[16:55:12] 2 tRNA-Pro c[15728,15805] 36 (ggg)
[16:55:12] 3 tRNA-Arg [65374,65450] 35 (ccg)
[16:55:12] 4 tRNA-Gln [138295,138369] 33 (ttg)
[16:55:12] 1 tRNA-Met [185,261] 35 (cat)
[16:55:12] 1 tRNA-Arg [34518,34594] 35 (acg)
[16:55:12] 1 tRNA-Met [28466,28540] 33 (cat)
[16:55:12] 1 tRNA-Ser c[37944,38033] 35 (tga)
[16:55:12] 2 tRNA-Val [94203,94277] 33 (gac)
[16:55:12] 3 tRNA-Leu [179658,179742] 35 (cag)
[16:55:12] 4 tRNA-Thr [320120,320195] 34 (cgt)
[16:55:12] 1 tRNA-Thr c[1668,1742] 33 (ggt)
[16:55:12] 2 tRNA-His [80755,80831] 35 (gtg)
[16:55:12] 3 tRNA-Leu [93933,94019] 35 (gag)
[16:55:12] 4 tRNA-Ala c[169207,169282] 34 (ggc)
[16:55:13] 1 tRNA-Leu [81873,81958] 34 (taa)
[16:55:13] 1 tRNA-Pro c[14799,14875] 35 (tgg)
[16:55:13] 2 tRNA-Met [74686,74761] 34 (cat)
[16:55:13] 3 tRNA-Glu [98501,98575] 34 (ttc)
[16:55:13] 4 tRNA-Glu [99529,99603] 34 (ttc)
[16:55:13] 1 tRNA-Trp c[23848,23923] 34 (cca)
[16:55:13] 1 tRNA-Pro [70510,70586] 35 (cgg)
[16:55:13] 2 tRNA-Lys c[106363,106438] 34 (ttt)
[16:55:13] 3 tRNA-Arg c[157775,157851] 35 (cct)
[16:55:13] 1 tRNA-Leu [62593,62677] 35 (tag)
[16:55:13] 2 tRNA-Val [122452,122527] 34 (tac)
[16:55:13] 3 tRNA-Asp [125433,125509] 35 (gtc)
[16:55:13] 1 tRNA-Tyr c[4442,4525] 33 (gta)
[16:55:13] 1 tRNA-Asp [1930,2006] 35 (gtc)
[16:55:13] 1 tRNA-Ser c[2907,2996] 35 (cga)
[16:55:13] 1 tRNA-Ile [3942,4018] 35 (gat)
[16:55:13] 2 tRNA-Ala [4040,4115] 34 (tgc)
[16:55:13] 3 tRNA-Met [7728,7804] 35 (cat)
[16:55:13] Found 51 tRNAs
[16:55:13] Predicting Ribosomal RNAs
[16:55:13] Running Barrnap with 20 threads
[16:55:13] 1 NZ_LGIC01000003.1 74181 16S ribosomal RNA
[16:55:13] 2 NZ_LGIC01000003.1 76283 23S ribosomal RNA
[16:55:13] 3 NZ_LGIC01000003.1 79362 5S ribosomal RNA
[16:55:13] 4 NZ_LGIC01000044.1 2 5S ribosomal RNA (partial)
[16:55:13] 5 NZ_LGIC01000093.1 2343 16S ribosomal RNA
[16:55:13] 6 NZ_LGIC01000093.1 4445 23S ribosomal RNA
[16:55:13] 7 NZ_LGIC01000093.1 7524 5S ribosomal RNA
[16:55:13] Found 7 rRNAs
[16:55:13] Skipping ncRNA search, enable with --rfam if desired.
[16:55:13] Total of 57 tRNA + rRNA features
[16:55:13] Searching for CRISPR repeats
[16:55:14] Found 0 CRISPRs
[16:55:14] Predicting coding sequences
[16:55:14] Contigs total 5079079 bp, so using single mode
[16:55:14] Running: prodigal -i gbk\/PAMC27389\/GCF_001294535\.1\.prokka\.fna -c -m -g 11 -p single -f sco -q
[16:55:18] Excluding CDS which overlaps existing RNA (tRNA) at NZ_LGIC01000031.1:217756..219063 on - strand
[16:55:18] Excluding CDS which overlaps existing RNA (tRNA) at NZ_LGIC01000037.1:7664..7903 on + strand
[16:55:18] Excluding CDS which overlaps existing RNA (tRNA) at NZ_LGIC01000044.1:218..1915 on - strand
[16:55:19] Excluding CDS which overlaps existing RNA (tRNA) at NZ_LGIC01000065.1:1667..1792 on + strand
[16:55:19] Excluding CDS which overlaps existing RNA (tRNA) at NZ_LGIC01000088.1:3040..4518 on - strand
[16:55:20] Excluding CDS which overlaps existing RNA (tRNA) at NZ_LGIC01000091.1:1861..2007 on - strand
[16:55:20] Found 5027 CDS
[16:55:20] Connecting features back to sequences
[16:55:20] Skipping genus-specific proteins as can't see /opt/anaconda3/envs/Prokka_Global/db/Cypionkella
[16:55:20] Annotating CDS, please be patient.
[16:55:20] Will use 20 CPUs for similarity searching.
[16:55:21] There are still 5027 unannotated CDS left (started with 5027)
[16:55:21] Will use blast to search against /opt/anaconda3/envs/Prokka_Global/db/kingdom/Bacteria/IS with 20 CPUs
[16:55:21] Running: cat gbk\/PAMC27389\/GCF_001294535\.1\.prokka\.IS\.tmp\.725970\.faa | parallel --gnu --plain -j 20 --block 38327 --recstart '>' --pipe blastp -query - -db /opt/anaconda3/envs/Prokka_Global/db/kingdom/Bacteria/IS -evalue 1e-30 -qcov_hsp_perc 90 -num_threads 1 -num_descriptions 1 -num_alignments 1 -seg no > gbk\/PAMC27389\/GCF_001294535\.1\.prokka\.IS\.tmp\.725970\.blast 2> /dev/null
[16:55:26] Deleting unwanted file: gbk/PAMC27389/GCF_001294535.1.prokka.IS.tmp.725970.faa
[16:55:26] Deleting unwanted file: gbk/PAMC27389/GCF_001294535.1.prokka.IS.tmp.725970.blast
[16:55:27] There are still 4908 unannotated CDS left (started with 5027)
[16:55:27] Will use blast to search against /opt/anaconda3/envs/Prokka_Global/db/kingdom/Bacteria/AMR with 20 CPUs
[16:55:27] Running: cat gbk\/PAMC27389\/GCF_001294535\.1\.prokka\.AMR\.tmp\.725970\.faa | parallel --gnu --plain -j 20 --block 37789 --recstart '>' --pipe blastp -query - -db /opt/anaconda3/envs/Prokka_Global/db/kingdom/Bacteria/AMR -evalue 1e-300 -qcov_hsp_perc 90 -num_threads 1 -num_descriptions 1 -num_alignments 1 -seg no > gbk\/PAMC27389\/GCF_001294535\.1\.prokka\.AMR\.tmp\.725970\.blast 2> /dev/null
[16:55:30] Deleting unwanted file: gbk/PAMC27389/GCF_001294535.1.prokka.AMR.tmp.725970.faa
[16:55:30] Deleting unwanted file: gbk/PAMC27389/GCF_001294535.1.prokka.AMR.tmp.725970.blast
[16:55:31] There are still 4908 unannotated CDS left (started with 5027)
[16:55:31] Will use blast to search against /opt/anaconda3/envs/Prokka_Global/db/kingdom/Bacteria/sprot with 20 CPUs
[16:55:31] Running: cat gbk\/PAMC27389\/GCF_001294535\.1\.prokka\.sprot\.tmp\.725970\.faa | parallel --gnu --plain -j 20 --block 37789 --recstart '>' --pipe blastp -query - -db /opt/anaconda3/envs/Prokka_Global/db/kingdom/Bacteria/sprot -evalue 1e-09 -qcov_hsp_perc 80 -num_threads 1 -num_descriptions 1 -num_alignments 1 -seg no > gbk\/PAMC27389\/GCF_001294535\.1\.prokka\.sprot\.tmp\.725970\.blast 2> /dev/null
[16:55:48] Modify product: Uncharacterized protein Rv1276c => putative protein
[16:55:48] Modify product: Probable GTP-binding protein EngB => putative GTP-binding protein EngB
[16:55:48] Modify product: Probable nicotinate-nucleotide pyrophosphorylase [carboxylating] => putative nicotinate-nucleotide pyrophosphorylase [carboxylating]
[16:55:48] Modify product: Probable FMNH2-dependent monooxygenase SfnC => putative FMNH2-dependent monooxygenase SfnC
[16:55:48] Modify product: Probable FMNH2-dependent monooxygenase SfnC => putative FMNH2-dependent monooxygenase SfnC
[16:55:48] Modify product: Uncharacterized GST-like protein YibF => putative GST-like protein YibF
[16:55:48] Modify product: Probable D,D-dipeptide transport ATP-binding protein DdpD => putative D,D-dipeptide transport ATP-binding protein DdpD
[16:55:48] Modify product: Probable N-methylproline demethylase => putative N-methylproline demethylase
[16:55:48] Modify product: Probable alginate O-acetylase AlgJ => putative alginate O-acetylase AlgJ
[16:55:48] Modify product: Probable bifunctional transcriptional activator/DNA repair enzyme AlkA => putative bifunctional transcriptional activator/DNA repair enzyme AlkA
[16:55:48] Modify product: UPF0758 protein => hypothetical protein
[16:55:48] Modify product: Uncharacterized ABC transporter ATP-binding protein Rv1281c => putative ABC transporter ATP-binding protein
[16:55:48] Modify product: Probable D,D-dipeptide transport system permease protein DdpC => putative D,D-dipeptide transport system permease protein DdpC
[16:55:48] Modify product: UPF0102 protein RPA0323 => hypothetical protein
[16:55:48] Modify product: Probable lipoprotein YiaD => putative lipoprotein YiaD
[16:55:48] Modify product: Acetyltransferase PA3944 => Acetyltransferase
[16:55:48] Modify product: Uncharacterized sugar kinase YdjH => putative sugar kinase YdjH
[16:55:48] Modify product: Probable protein kinase UbiB => putative protein kinase UbiB
[16:55:48] Modify product: Probable enoyl-CoA hydratase echA8 => putative enoyl-CoA hydratase echA8
[16:55:48] Modify product: Multifunctional alkaline phosphatase superfamily protein pRL90232 => Multifunctional alkaline phosphatase superfamily protein
[16:55:48] Modify product: Nitrilase blr3397 => Nitrilase
[16:55:48] Modify product: Uncharacterized protein YisK => putative protein YisK
[16:55:48] Modify product: Uncharacterized protein Rv2569c => putative protein
[16:55:48] Modify product: Uncharacterized protein Rv2567 => putative protein
[16:55:48] Modify product: Putative esterase Rv1847 => Putative esterase
[16:55:48] Modify product: Probable sugar-binding periplasmic protein => putative sugar-binding periplasmic protein
[16:55:48] Modify product: Probable chromate transport protein => putative chromate transport protein
[16:55:48] Modify product: Probable peptidoglycan glycosyltransferase FtsW => putative peptidoglycan glycosyltransferase FtsW
[16:55:48] Modify product: Cytochrome b561 homolog 2 => Cytochrome b561 
[16:55:48] Modify product: Uncharacterized HTH-type transcriptional regulator YybR => putative HTH-type transcriptional regulator YybR
[16:55:49] Modify product: Cytochrome c oxidase subunit 1 homolog, bacteroid => Cytochrome c oxidase subunit 1 , bacteroid
[16:55:49] Modify product: Uncharacterized N-acetyltransferase YsnE => putative N-acetyltransferase YsnE
[16:55:49] Modify product: Uncharacterized protein Rv1290c => putative protein
[16:55:49] Modify product: Uncharacterized ABC transporter permease Rv0072 => putative ABC transporter permease
[16:55:49] Modify product: UPF0394 membrane protein XF_0766 => hypothetical protein
[16:55:49] Modify product: Probable metallo-hydrolase BURPS1710b_2304 => putative metallo-hydrolase
[16:55:49] Modify product: Probable sulfate transporter Rv1739c => putative sulfate transporter
[16:55:49] Modify product: Probable acetoacetate decarboxylase => putative acetoacetate decarboxylase
[16:55:49] Modify product: Probable lipid II flippase MurJ => putative lipid II flippase MurJ
[16:55:49] Modify product: Putative formate dehydrogenase SA2102 => Putative formate dehydrogenase
[16:55:49] Modify product: UPF0434 protein PFL_1779 => hypothetical protein
[16:55:49] Modify product: Uncharacterized FAD-linked oxidoreductase Rv2280 => putative FAD-linked oxidoreductase
[16:55:49] Modify product: UPF0301 protein VC_0467 => hypothetical protein
[16:55:49] Modify product: Probable copper-transporting ATPase PacS => putative copper-transporting ATPase PacS
[16:55:49] Modify product: Cytochrome c oxidase subunit 1 homolog, bacteroid => Cytochrome c oxidase subunit 1 , bacteroid
[16:55:49] Modify product: GTP-binding protein TypA/BipA homolog => GTP-binding protein TypA/BipA 
[16:55:49] Modify product: Probable ATP-dependent transporter SufC => putative ATP-dependent transporter SufC
[16:55:49] Modify product: Probable soluble pyridine nucleotide transhydrogenase => putative soluble pyridine nucleotide transhydrogenase
[16:55:49] Modify product: Uncharacterized protein Rv2715 => putative protein
[16:55:49] Modify product: Uncharacterized protein HI_0933 => putative protein
[16:55:49] Modify product: Uncharacterized oxidoreductase Rv0484c => putative oxidoreductase
[16:55:49] Modify product: Probable ribonucleotide transport ATP-binding protein mkl => putative ribonucleotide transport ATP-binding protein mkl
[16:55:49] Modify product: Probable xanthine dehydrogenase subunit A => putative xanthine dehydrogenase subunit A
[16:55:49] Modify product: UPF0053 inner membrane protein YtfL => hypothetical protein
[16:55:49] Modify product: Probable enoyl-CoA hydratase echA12 => putative enoyl-CoA hydratase echA12
[16:55:49] Modify product: Uncharacterized protein Rv2569c => putative protein
[16:55:49] Modify product: Uncharacterized protein Rv2411c => putative protein
[16:55:49] Modify product: Uncharacterized protein YedJ => putative protein YedJ
[16:55:49] Modify product: Probable anti-sigma-F factor NrsF => putative anti-sigma-F factor NrsF
[16:55:49] Modify product: UPF0394 membrane protein XF_0766 => hypothetical protein
[16:55:49] Modify product: Probable metallo-hydrolase BURPS1710b_2304 => putative metallo-hydrolase
[16:55:49] Modify product: UPF0335 protein CCNA_03428 => hypothetical protein
[16:55:49] Modify product: Probable enoyl-CoA hydratase echA8 => putative enoyl-CoA hydratase echA8
[16:55:49] Modify product: Leu/Ile/Val-binding protein homolog 3 => Leu/Ile/Val-binding protein 
[16:55:49] Modify product: UPF0701 protein HI_0467 => hypothetical protein
[16:55:49] Modify product: Uncharacterized ABC transporter ATP-binding protein YejF => putative ABC transporter ATP-binding protein YejF
[16:55:49] Modify product: Probable D,D-dipeptide-binding periplasmic protein DdpA => putative D,D-dipeptide-binding periplasmic protein DdpA
[16:55:49] Modify product: Probable parvulin-type peptidyl-prolyl cis-trans isomerase => putative parvulin-type peptidyl-prolyl cis-trans isomerase
[16:55:49] Modify product: UPF0758 protein => hypothetical protein
[16:55:49] Modify product: Probable GTPase Rv1496 => putative GTPase
[16:55:49] Modify product: Probable D,D-dipeptide transport system permease protein DdpC => putative D,D-dipeptide transport system permease protein DdpC
[16:55:49] Modify product: Probable D,D-dipeptide-binding periplasmic protein DdpA => putative D,D-dipeptide-binding periplasmic protein DdpA
[16:55:49] Modify product: Uncharacterized protein YcjX => putative protein YcjX
[16:55:49] Modify product: Phosphorylated carbohydrates phosphatase TM_1254 => Phosphorylated carbohydrates phosphatase
[16:55:49] Modify product: Uncharacterized ABC transporter ATP-binding protein YejF => putative ABC transporter ATP-binding protein YejF
[16:55:49] Modify product: Uncharacterized acyl-CoA thioester hydrolase HI_0827 => putative acyl-CoA thioester hydrolase
[16:55:49] Modify product: Uncharacterized HTH-type transcriptional regulator Rv1985c => putative HTH-type transcriptional regulator
[16:55:49] Modify product: TelA-like protein SA1238 => TelA-like protein
[16:55:49] Modify product: Uncharacterized zinc protease Rv2782c => putative zinc protease
[16:55:49] Modify product: Uncharacterized FAD-linked oxidoreductase Rv2280 => putative FAD-linked oxidoreductase
[16:55:49] Modify product: Uncharacterized protein YbaA => putative protein YbaA
[16:55:49] Modify product: Uncharacterized protein Atu1656 => putative protein
[16:55:49] Modify product: Probable transport protein HsrA => putative transport protein HsrA
[16:55:49] Modify product: Probable amino-acid-binding protein YxeM => putative amino-acid-binding protein YxeM
[16:55:49] Modify product: Probable amino-acid permease protein YxeN => putative amino-acid permease protein YxeN
[16:55:49] Modify product: Probable amino-acid import ATP-binding protein YxeO => putative amino-acid import ATP-binding protein YxeO
[16:55:49] Modify product: Uncharacterized protein YaeQ => putative protein YaeQ
[16:55:49] Modify product: Potassium channel HX13_20290 => Potassium channel
[16:55:49] Modify product: Uncharacterized protein HI_1163 => putative protein
[16:55:49] Modify product: Uncharacterized HTH-type transcriptional regulator Rv1985c => putative HTH-type transcriptional regulator
[16:55:49] Modify product: Probable D,D-dipeptide transport system permease protein DdpC => putative D,D-dipeptide transport system permease protein DdpC
[16:55:49] Modify product: Purine-binding protein BAB2_0673 => Purine-binding protein
[16:55:49] Modify product: Probable xanthine dehydrogenase subunit D => putative xanthine dehydrogenase subunit D
[16:55:49] Modify product: Uncharacterized inner membrane transporter YedA => putative inner membrane transporter YedA
[16:55:49] Modify product: Bifunctional protein FolD => Bifunctional protein FolD protein
[16:55:49] Modify product: Bifunctional protein FolD => Bifunctional protein FolD protein
[16:55:49] Modify product: Probable transcriptional regulatory protein aq_1575 => putative transcriptional regulatory protein
[16:55:49] Modify product: Uncharacterized HTH-type transcriptional regulator Rv1985c => putative HTH-type transcriptional regulator
[16:55:49] Modify product: Segregation and condensation protein B homolog => Segregation and condensation protein B 
[16:55:49] Modify product: Uncharacterized protein YjdJ => putative protein YjdJ
[16:55:49] Modify product: Leu/Ile/Val-binding protein homolog 3 => Leu/Ile/Val-binding protein 
[16:55:49] Modify product: Uncharacterized protein YjdJ => putative protein YjdJ
[16:55:49] Modify product: Probable succinyl-CoA:3-ketoacid coenzyme A transferase subunit B => putative succinyl-CoA:3-ketoacid coenzyme A transferase subunit B
[16:55:49] Modify product: Probable succinyl-CoA:3-ketoacid coenzyme A transferase subunit A => putative succinyl-CoA:3-ketoacid coenzyme A transferase subunit A
[16:55:49] Modify product: Ribonuclease TTHA0252 => Ribonuclease
[16:55:49] Modify product: Probable cation-transporting ATPase F => putative cation-transporting ATPase F
[16:55:49] Modify product: Uncharacterized protein HI_1552 => putative protein
[16:55:49] Modify product: RutC family protein HI_0719 => RutC family protein
[16:55:49] Modify product: Probable amino-acid metabolite efflux pump => putative amino-acid metabolite efflux pump
[16:55:49] Modify product: Probable bifunctional SAT/APS kinase => putative bifunctional SAT/APS kinase
[16:55:49] Modify product: Putative glutamine amidotransferase Rv2859c => Putative glutamine amidotransferase
[16:55:49] Modify product: Segregation and condensation protein B homolog => Segregation and condensation protein B 
[16:55:49] Modify product: UPF0335 protein CCNA_03428 => hypothetical protein
[16:55:49] Modify product: Uncharacterized ABC transporter ATP-binding protein YbiT => putative ABC transporter ATP-binding protein YbiT
[16:55:49] Modify product: Uncharacterized acyl--CoA ligase YhfT => putative acyl--CoA ligase YhfT
[16:55:49] Modify product: Probable deoxycholate-binding periplasmic protein YgiS => putative deoxycholate-binding periplasmic protein YgiS
[16:55:49] Modify product: Uncharacterized protein NMB0459 => putative protein
[16:55:49] Modify product: Probable D-xylose utilization operon transcriptional repressor => putative D-xylose utilization operon transcriptional repressor
[16:55:49] Modify product: Uncharacterized protein YqeY => putative protein YqeY
[16:55:49] Modify product: Uncharacterized metal-dependent hydrolase YcfH => putative metal-dependent hydrolase YcfH
[16:55:49] Modify product: Probable manganese-dependent inorganic pyrophosphatase => putative manganese-dependent inorganic pyrophosphatase
[16:55:49] Modify product: Putative multidrug export ATP-binding/permease protein SAV1866 => Putative multidrug export ATP-binding/permease protein
[16:55:49] Modify product: UPF0758 protein => hypothetical protein
[16:55:49] Modify product: Ribonuclease TTHA0252 => Ribonuclease
[16:55:50] Modify product: Probable ABC transporter-binding protein DR_1438 => putative ABC transporter-binding protein
[16:55:50] Modify product: Uncharacterized HTH-type transcriptional regulator YdjF => putative HTH-type transcriptional regulator YdjF
[16:55:50] Modify product: Probable sugar-binding periplasmic protein => putative sugar-binding periplasmic protein
[16:55:50] Modify product: Uncharacterized aminopeptidase Rv1333 => putative aminopeptidase
[16:55:50] Modify product: Uncharacterized FAD-linked oxidoreductase Rv2280 => putative FAD-linked oxidoreductase
[16:55:50] Modify product: Uncharacterized signaling protein PA1727 => putative signaling protein
[16:55:50] Modify product: Probable peptidoglycan D,D-transpeptidase FtsI => putative peptidoglycan D,D-transpeptidase FtsI
[16:55:50] Modify product: Uncharacterized protein HI_0103 => putative protein
[16:55:50] Modify product: UPF0098 protein YbcL => hypothetical protein
[16:55:50] Modify product: Uncharacterized isomerase YddE => putative isomerase YddE
[16:55:50] Modify product: Acetyltransferase SACOL1063 => Acetyltransferase
[16:55:50] Modify product: Uncharacterized protein Rv1998c => putative protein
[16:55:50] Modify product: Probable aminotransferase Rv3329 => putative aminotransferase
[16:55:50] Modify product: Probable 2-dehydro-3-deoxygalactonokinase DgoK1 => putative 2-dehydro-3-deoxygalactonokinase DgoK1
[16:55:50] Modify product: Probable tautomerase HP_0924 => putative tautomerase
[16:55:50] Modify product: Uncharacterized protein YccU => putative protein YccU
[16:55:50] Modify product: Probable D,D-dipeptide transport ATP-binding protein DdpD => putative D,D-dipeptide transport ATP-binding protein DdpD
[16:55:50] Modify product: Uncharacterized oxidoreductase CzcO => putative oxidoreductase CzcO
[16:55:50] Modify product: Putative 2-hydroxyacid dehydrogenase HI_1556 => Putative 2-hydroxyacid dehydrogenase
[16:55:50] Modify product: Probable acetoacetate decarboxylase => putative acetoacetate decarboxylase
[16:55:50] Modify product: Uncharacterized ABC transporter ATP-binding protein YejF => putative ABC transporter ATP-binding protein YejF
[16:55:50] Modify product: Uncharacterized HIT-like protein HP_0404 => putative HIT-like protein
[16:55:50] Modify product: Putative anti-sigma factor antagonist TM_1442 => Putative anti-sigma factor antagonist
[16:55:50] Modify product: Probable N-methylproline demethylase => putative N-methylproline demethylase
[16:55:50] Modify product: Uncharacterized oxidoreductase SA2266 => putative oxidoreductase
[16:55:50] Modify product: Uncharacterized zinc protease Rv2782c => putative zinc protease
[16:55:50] Modify product: Uncharacterized zinc protease Rv2782c => putative zinc protease
[16:55:50] Modify product: Probable 3-hydroxybutyryl-CoA dehydrogenase => putative 3-hydroxybutyryl-CoA dehydrogenase
[16:55:50] Modify product: Probable CtpA-like serine protease => putative CtpA-like serine protease
[16:55:50] Modify product: UPF0178 protein YaiI => hypothetical protein
[16:55:50] Modify product: Peroxiredoxin sll1621 => Peroxiredoxin
[16:55:50] Modify product: Uncharacterized amino acid permease YhdG => putative amino acid permease YhdG
[16:55:50] Modify product: Uncharacterized ABC transporter ATP-binding protein YejF => putative ABC transporter ATP-binding protein YejF
[16:55:50] Modify product: Uncharacterized MFS-type transporter EfpA => putative MFS-type transporter EfpA
[16:55:50] Modify product: UPF0060 membrane protein YnfA => hypothetical protein
[16:55:50] Modify product: UPF0053 inner membrane protein YoaE => hypothetical protein
[16:55:50] Modify product: Putative 2-hydroxyacid dehydrogenase SA2098 => Putative 2-hydroxyacid dehydrogenase
[16:55:50] Modify product: Probable 2-ketoarginine decarboxylase AruI => putative 2-ketoarginine decarboxylase AruI
[16:55:50] Modify product: Uncharacterized ABC transporter ATP-binding protein YknY => putative ABC transporter ATP-binding protein YknY
[16:55:50] Modify product: Purine-binding protein BAB2_0673 => Purine-binding protein
[16:55:50] Modify product: Probable methylxanthine N7-demethylase NdmC => putative methylxanthine N7-demethylase NdmC
[16:55:50] Modify product: Uncharacterized protein HI_0131 => putative protein
[16:55:50] Modify product: Probable transcriptional regulator PhnF => putative transcriptional regulator PhnF
[16:55:50] Modify product: Uncharacterized protein Rv2004c => putative protein
[16:55:50] Modify product: Uncharacterized ABC transporter ATP-binding protein Rv0986 => putative ABC transporter ATP-binding protein
[16:55:50] Modify product: Probable 2-ketoarginine decarboxylase AruI => putative 2-ketoarginine decarboxylase AruI
[16:55:50] Modify product: Uncharacterized FAD-linked oxidoreductase Rv2280 => putative FAD-linked oxidoreductase
[16:55:50] Modify product: Probable riboflavin import permease protein RfuD => putative riboflavin import permease protein RfuD
[16:55:50] Modify product: Putative acyltransferase Rv0859 => Putative acyltransferase
[16:55:50] Modify product: Probable chaperone CsaA => putative chaperone CsaA
[16:55:50] Modify product: Probable transport protein HsrA => putative transport protein HsrA
[16:55:50] Modify product: Uncharacterized MFS-type transporter YcaD => putative MFS-type transporter YcaD
[16:55:50] Modify product: Probable allantoin permease => putative allantoin permease
[16:55:50] Modify product: Phosphate-specific transport system accessory protein PhoU homolog => Phosphate-specific transport system accessory protein PhoU 
[16:55:50] Modify product: UPF0056 inner membrane protein YhgN => hypothetical protein
[16:55:50] Modify product: Uncharacterized ABC transporter ATP-binding protein YheS => putative ABC transporter ATP-binding protein YheS
[16:55:50] Modify product: Glycogen operon protein GlgX homolog => Glycogen operon protein GlgX 
[16:55:50] Modify product: Probable membrane transporter protein YfcA => putative membrane transporter protein YfcA
[16:55:50] Cleaned 182 /product names
[16:55:50] Deleting unwanted file: gbk/PAMC27389/GCF_001294535.1.prokka.sprot.tmp.725970.faa
[16:55:50] Deleting unwanted file: gbk/PAMC27389/GCF_001294535.1.prokka.sprot.tmp.725970.blast
[16:55:51] There are still 2629 unannotated CDS left (started with 5027)
[16:55:51] Will use hmmer3 to search against /opt/anaconda3/envs/Prokka_Global/db/hmm/HAMAP.hmm with 20 CPUs
[16:55:51] Running: cat gbk\/PAMC27389\/GCF_001294535\.1\.prokka\.HAMAP\.hmm\.tmp\.725970\.faa | parallel --gnu --plain -j 20 --block 17594 --recstart '>' --pipe hmmscan --noali --notextw --acc -E 1e-09 --cpu 1 /opt/anaconda3/envs/Prokka_Global/db/hmm/HAMAP.hmm /dev/stdin > gbk\/PAMC27389\/GCF_001294535\.1\.prokka\.HAMAP\.hmm\.tmp\.725970\.hmmer3 2> /dev/null
[16:56:06] Modify product: Uncharacterized MFS-type transporter YfcJ => putative MFS-type transporter YfcJ
[16:56:06] Modify product: Uncharacterized MFS-type transporter YfcJ => putative MFS-type transporter YfcJ
[16:56:06] Modify product: Uncharacterized Nudix hydrolase NudL => putative Nudix hydrolase NudL
[16:56:06] Modify product: Uncharacterized MFS-type transporter YfcJ => putative MFS-type transporter YfcJ
[16:56:06] Cleaned 4 /product names
[16:56:06] Deleting unwanted file: gbk/PAMC27389/GCF_001294535.1.prokka.HAMAP.hmm.tmp.725970.faa
[16:56:06] Deleting unwanted file: gbk/PAMC27389/GCF_001294535.1.prokka.HAMAP.hmm.tmp.725970.hmmer3
[16:56:06] Labelling remaining 2320 proteins as 'hypothetical protein'
[16:56:06] Possible /pseudo 'Carnitine monooxygenase oxygenase subunit' at NZ_LGIC01000003.1 position 7701
[16:56:06] Possible /pseudo '4-methylaminobutanoate oxidase (formaldehyde-forming)' at NZ_LGIC01000007.1 position 75907
[16:56:06] Possible /pseudo 'Hippurate hydrolase' at NZ_LGIC01000007.1 position 127960
[16:56:06] Possible /pseudo 'IS3 family transposase ISRpa2' at NZ_LGIC01000010.1 position 413
[16:56:06] Possible /pseudo 'Sarcosine oxidase subunit beta' at NZ_LGIC01000011.1 position 18561
[16:56:06] Possible /pseudo 'Copper-transporting P-type ATPase' at NZ_LGIC01000020.1 position 17329
[16:56:06] Possible /pseudo 'IS3 family transposase ISDsh1' at NZ_LGIC01000025.1 position 335
[16:56:06] Possible /pseudo 'IS3 family transposase ISDsh1' at NZ_LGIC01000027.1 position 3313
[16:56:06] Possible /pseudo 'Putative aliphatic sulfonates transport permease protein SsuC' at NZ_LGIC01000031.1 position 206049
[16:56:06] Possible /pseudo 'putative protein' at NZ_LGIC01000031.1 position 225753
[16:56:06] Possible /pseudo 'Bifunctional protein FolD protein' at NZ_LGIC01000033.1 position 202003
[16:56:06] Possible /pseudo 'Nitrate/nitrite binding protein NrtA' at NZ_LGIC01000034.1 position 54534
[16:56:06] Possible /pseudo 'Oxygen-dependent choline dehydrogenase' at NZ_LGIC01000042.1 position 2800
[16:56:06] Possible /pseudo 'IS3 family transposase ISRpa2' at NZ_LGIC01000045.1 position 4373
[16:56:06] Possible /pseudo 'IS5 family transposase ISPak1' at NZ_LGIC01000052.1 position 40899
[16:56:06] Possible /pseudo 'IS5 family transposase ISPak1' at NZ_LGIC01000061.1 position 29958
[16:56:06] Possible /pseudo 'putative FMNH2-dependent monooxygenase SfnC' at NZ_LGIC01000061.1 position 82434
[16:56:06] Possible /pseudo 'IS3 family transposase ISDsh1' at NZ_LGIC01000062.1 position 335
[16:56:06] Possible /pseudo 'Quinoprotein glucose dehydrogenase' at NZ_LGIC01000063.1 position 6927
[16:56:06] Possible /pseudo 'IS110 family transposase ISSpo1' at NZ_LGIC01000065.1 position 30622
[16:56:06] Possible /pseudo 'Copper-transporting P-type ATPase' at NZ_LGIC01000069.1 position 988
[16:56:06] Possible /pseudo 'Glycine betaine methyltransferase' at NZ_LGIC01000073.1 position 3223
[16:56:06] Possible /pseudo 'HTH-type transcriptional regulator PgrR' at NZ_LGIC01000073.1 position 114468
[16:56:06] Possible /pseudo 'IS3 family transposase ISDsh1' at NZ_LGIC01000085.1 position 15373
[16:56:06] Possible /pseudo 'Peptide deformylase 1' at NZ_LGIC01000086.1 position 46659
[16:56:06] Possible /pseudo 'tRNA 5-methylaminomethyl-2-thiouridine biosynthesis bifunctional protein MnmC' at NZ_LGIC01000086.1 position 109973
[16:56:06] Possible /pseudo 'Riboflavin transporter' at NZ_LGIC01000086.1 position 111495
[16:56:06] Possible /pseudo 'putative zinc protease' at NZ_LGIC01000086.1 position 246272
[16:56:06] Possible /pseudo 'sn-glycerol-3-phosphate import ATP-binding protein UgpC' at NZ_LGIC01000086.1 position 470243
[16:56:06] Possible /pseudo 'Peptidyl-prolyl cis-trans isomerase A' at NZ_LGIC01000087.1 position 106620
[16:56:06] Possible /pseudo 'IS3 family transposase ISPbe1' at NZ_LGIC01000087.1 position 126063
[16:56:06] Possible /pseudo 'Alpha-galactosidase' at NZ_LGIC01000088.1 position 100754
[16:56:06] Possible /pseudo 'Oxidoreductase UcpA' at NZ_LGIC01000088.1 position 136811
[16:56:06] Possible /pseudo 'L-cystine transport system permease protein YecS' at NZ_LGIC01000090.1 position 29490
[16:56:06] Possible /pseudo 'Intracellular exo-alpha-(1->5)-L-arabinofuranosidase' at NZ_LGIC01000090.1 position 165945
[16:56:06] Possible /pseudo 'Intracellular exo-alpha-(1->5)-L-arabinofuranosidase' at NZ_LGIC01000090.1 position 166212
[16:56:06] Possible /pseudo 'IS3 family transposase ISDsh1' at NZ_LGIC01000091.1 position 104571
[16:56:06] Found 1737 unique /gene codes.
[16:56:06] Fixed 2 duplicate /gene - sugA_1 sugA_2
[16:56:06] Fixed 2 duplicate /gene - purC_1 purC_2
[16:56:06] Fixed 10 duplicate /gene - sasA_1 sasA_2 sasA_3 sasA_4 sasA_5 sasA_6 sasA_7 sasA_8 sasA_9 sasA_10
[16:56:06] Fixed 4 duplicate /gene - arcA_1 arcA_2 arcA_3 arcA_4
[16:56:06] Fixed 2 duplicate /gene - sucC_1 sucC_2
[16:56:06] Fixed 2 duplicate /gene - fsr_1 fsr_2
[16:56:06] Fixed 2 duplicate /gene - mmgC_1 mmgC_2
[16:56:06] Fixed 2 duplicate /gene - gap_1 gap_2
[16:56:06] Fixed 2 duplicate /gene - gndA_1 gndA_2
[16:56:06] Fixed 2 duplicate /gene - nrtA_1 nrtA_2
[16:56:06] Fixed 4 duplicate /gene - hdfR_1 hdfR_2 hdfR_3 hdfR_4
[16:56:06] Fixed 2 duplicate /gene - dauA_1 dauA_2
[16:56:06] Fixed 2 duplicate /gene - rbsB_1 rbsB_2
[16:56:06] Fixed 4 duplicate /gene - kdpB_1 kdpB_2 kdpB_3 kdpB_4
[16:56:06] Fixed 7 duplicate /gene - malK_1 malK_2 malK_3 malK_4 malK_5 malK_6 malK_7
[16:56:06] Fixed 2 duplicate /gene - arsC_1 arsC_2
[16:56:06] Fixed 2 duplicate /gene - nth_1 nth_2
[16:56:06] Fixed 2 duplicate /gene - nanK_1 nanK_2
[16:56:06] Fixed 2 duplicate /gene - rhlE_1 rhlE_2
[16:56:06] Fixed 2 duplicate /gene - occP_1 occP_2
[16:56:06] Fixed 3 duplicate /gene - argE_1 argE_2 argE_3
[16:56:06] Fixed 2 duplicate /gene - dap_1 dap_2
[16:56:06] Fixed 5 duplicate /gene - abo_1 abo_2 abo_3 abo_4 abo_5
[16:56:06] Fixed 2 duplicate /gene - folD_1 folD_2
[16:56:06] Fixed 2 duplicate /gene - pxpB_1 pxpB_2
[16:56:06] Fixed 2 duplicate /gene - atpB_1 atpB_2
[16:56:06] Fixed 2 duplicate /gene - yieH_1 yieH_2
[16:56:06] Fixed 6 duplicate /gene - cntI_1 cntI_2 cntI_3 cntI_4 cntI_5 cntI_6
[16:56:06] Fixed 2 duplicate /gene - fabI_1 fabI_2
[16:56:06] Fixed 2 duplicate /gene - dppD_1 dppD_2
[16:56:06] Fixed 4 duplicate /gene - fixK_1 fixK_2 fixK_3 fixK_4
[16:56:06] Fixed 2 duplicate /gene - kynU_1 kynU_2
[16:56:06] Fixed 2 duplicate /gene - oxyR_1 oxyR_2
[16:56:06] Fixed 2 duplicate /gene - hbpA_1 hbpA_2
[16:56:06] Fixed 2 duplicate /gene - mro_1 mro_2
[16:56:06] Fixed 2 duplicate /gene - glnB_1 glnB_2
[16:56:06] Fixed 3 duplicate /gene - abfA_1 abfA_2 abfA_3
[16:56:06] Fixed 4 duplicate /gene - dppA_1 dppA_2 dppA_3 dppA_4
[16:56:06] Fixed 2 duplicate /gene - phnM_1 phnM_2
[16:56:06] Fixed 2 duplicate /gene - prmC_1 prmC_2
[16:56:06] Fixed 2 duplicate /gene - dksA_1 dksA_2
[16:56:06] Fixed 5 duplicate /gene - hmrR_1 hmrR_2 hmrR_3 hmrR_4 hmrR_5
[16:56:06] Fixed 2 duplicate /gene - sucD_1 sucD_2
[16:56:06] Fixed 2 duplicate /gene - alsC_1 alsC_2
[16:56:06] Fixed 4 duplicate /gene - ugpC_1 ugpC_2 ugpC_3 ugpC_4
[16:56:06] Fixed 2 duplicate /gene - stcD_1 stcD_2
[16:56:06] Fixed 6 duplicate /gene - mmcO_1 mmcO_2 mmcO_3 mmcO_4 mmcO_5 mmcO_6
[16:56:06] Fixed 2 duplicate /gene - mntH_1 mntH_2
[16:56:06] Fixed 2 duplicate /gene - mglA_1 mglA_2
[16:56:06] Fixed 2 duplicate /gene - entS_1 entS_2
[16:56:06] Fixed 2 duplicate /gene - aruH_1 aruH_2
[16:56:06] Fixed 2 duplicate /gene - yecS_1 yecS_2
[16:56:06] Fixed 3 duplicate /gene - dppC_1 dppC_2 dppC_3
[16:56:06] Fixed 2 duplicate /gene - prsE_1 prsE_2
[16:56:06] Fixed 2 duplicate /gene - rhaS_1 rhaS_2
[16:56:06] Fixed 2 duplicate /gene - glyA2_1 glyA2_2
[16:56:06] Fixed 2 duplicate /gene - pepA_1 pepA_2
[16:56:06] Fixed 2 duplicate /gene - melR_1 melR_2
[16:56:06] Fixed 2 duplicate /gene - cbpA_1 cbpA_2
[16:56:06] Fixed 2 duplicate /gene - potH_1 potH_2
[16:56:06] Fixed 11 duplicate /gene - oppF_1 oppF_2 oppF_3 oppF_4 oppF_5 oppF_6 oppF_7 oppF_8 oppF_9 oppF_10 oppF_11
[16:56:06] Fixed 2 duplicate /gene - occM_1 occM_2
[16:56:06] Fixed 2 duplicate /gene - prmA_1 prmA_2
[16:56:06] Fixed 2 duplicate /gene - tam_1 tam_2
[16:56:06] Fixed 3 duplicate /gene - betB_1 betB_2 betB_3
[16:56:06] Fixed 2 duplicate /gene - gppA_1 gppA_2
[16:56:06] Fixed 2 duplicate /gene - pgsA_1 pgsA_2
[16:56:06] Fixed 2 duplicate /gene - rnhA_1 rnhA_2
[16:56:06] Fixed 2 duplicate /gene - kce_1 kce_2
[16:56:06] Fixed 2 duplicate /gene - pxpA_1 pxpA_2
[16:56:06] Fixed 2 duplicate /gene - arcC1_1 arcC1_2
[16:56:06] Fixed 2 duplicate /gene - mdtG_1 mdtG_2
[16:56:06] Fixed 5 duplicate /gene - pgrR_1 pgrR_2 pgrR_3 pgrR_4 pgrR_5
[16:56:06] Fixed 3 duplicate /gene - ftsH_1 ftsH_2 ftsH_3
[16:56:06] Fixed 2 duplicate /gene - mdtC_1 mdtC_2
[16:56:06] Fixed 2 duplicate /gene - phzF_1 phzF_2
[16:56:06] Fixed 4 duplicate /gene - rbsC_1 rbsC_2 rbsC_3 rbsC_4
[16:56:06] Fixed 10 duplicate /gene - iolG_1 iolG_2 iolG_3 iolG_4 iolG_5 iolG_6 iolG_7 iolG_8 iolG_9 iolG_10
[16:56:06] Fixed 3 duplicate /gene - xylH_1 xylH_2 xylH_3
[16:56:06] Fixed 2 duplicate /gene - atpE_1 atpE_2
[16:56:06] Fixed 2 duplicate /gene - tufA_1 tufA_2
[16:56:06] Fixed 4 duplicate /gene - lptB_1 lptB_2 lptB_3 lptB_4
[16:56:06] Fixed 2 duplicate /gene - tetA_1 tetA_2
[16:56:06] Fixed 4 duplicate /gene - melD_1 melD_2 melD_3 melD_4
[16:56:06] Fixed 2 duplicate /gene - tsaM1_1 tsaM1_2
[16:56:06] Fixed 2 duplicate /gene - atpA_1 atpA_2
[16:56:06] Fixed 2 duplicate /gene - lcfB_1 lcfB_2
[16:56:06] Fixed 2 duplicate /gene - agpA_1 agpA_2
[16:56:06] Fixed 9 duplicate /gene - ribN_1 ribN_2 ribN_3 ribN_4 ribN_5 ribN_6 ribN_7 ribN_8 ribN_9
[16:56:06] Fixed 3 duplicate /gene - mdtA_1 mdtA_2 mdtA_3
[16:56:06] Fixed 2 duplicate /gene - pcm_1 pcm_2
[16:56:06] Fixed 2 duplicate /gene - queF_1 queF_2
[16:56:06] Fixed 2 duplicate /gene - fabF_1 fabF_2
[16:56:06] Fixed 2 duplicate /gene - sigJ_1 sigJ_2
[16:56:06] Fixed 2 duplicate /gene - pxpC_1 pxpC_2
[16:56:06] Fixed 2 duplicate /gene - mpdB_1 mpdB_2
[16:56:06] Fixed 2 duplicate /gene - aruI_1 aruI_2
[16:56:06] Fixed 2 duplicate /gene - def1_1 def1_2
[16:56:06] Fixed 4 duplicate /gene - sugB_1 sugB_2 sugB_3 sugB_4
[16:56:06] Fixed 2 duplicate /gene - ubiL_1 ubiL_2
[16:56:06] Fixed 2 duplicate /gene - kdpE_1 kdpE_2
[16:56:06] Fixed 2 duplicate /gene - atpC_1 atpC_2
[16:56:06] Fixed 2 duplicate /gene - ibpA_1 ibpA_2
[16:56:06] Fixed 2 duplicate /gene - cysK_1 cysK_2
[16:56:06] Fixed 3 duplicate /gene - atpG_1 atpG_2 atpG_3
[16:56:06] Fixed 2 duplicate /gene - purR_1 purR_2
[16:56:06] Fixed 3 duplicate /gene - iolE_1 iolE_2 iolE_3
[16:56:06] Fixed 3 duplicate /gene - rbsA_1 rbsA_2 rbsA_3
[16:56:06] Fixed 2 duplicate /gene - yqjG_1 yqjG_2
[16:56:06] Fixed 2 duplicate /gene - dinB_1 dinB_2
[16:56:06] Fixed 2 duplicate /gene - acpP_1 acpP_2
[16:56:06] Fixed 2 duplicate /gene - xylF_1 xylF_2
[16:56:06] Fixed 2 duplicate /gene - kdpD_1 kdpD_2
[16:56:06] Fixed 3 duplicate /gene - sufS_1 sufS_2 sufS_3
[16:56:06] Fixed 3 duplicate /gene - proC_1 proC_2 proC_3
[16:56:06] Fixed 2 duplicate /gene - rutR_1 rutR_2
[16:56:06] Fixed 2 duplicate /gene - occQ_1 occQ_2
[16:56:06] Fixed 3 duplicate /gene - suhB_1 suhB_2 suhB_3
[16:56:06] Fixed 2 duplicate /gene - iolD_1 iolD_2
[16:56:06] Fixed 2 duplicate /gene - gatA_1 gatA_2
[16:56:06] Fixed 2 duplicate /gene - glmS_1 glmS_2
[16:56:06] Fixed 8 duplicate /gene - rcsC_1 rcsC_2 rcsC_3 rcsC_4 rcsC_5 rcsC_6 rcsC_7 rcsC_8
[16:56:06] Fixed 2 duplicate /gene - efp_1 efp_2
[16:56:06] Fixed 2 duplicate /gene - lsrB_1 lsrB_2
[16:56:06] Fixed 2 duplicate /gene - dmdC_1 dmdC_2
[16:56:06] Fixed 3 duplicate /gene - noc_1 noc_2 noc_3
[16:56:06] Fixed 2 duplicate /gene - fdxE_1 fdxE_2
[16:56:06] Fixed 3 duplicate /gene - betA_1 betA_2 betA_3
[16:56:06] Fixed 2 duplicate /gene - mnmC_1 mnmC_2
[16:56:06] Fixed 2 duplicate /gene - spuE_1 spuE_2
[16:56:06] Fixed 2 duplicate /gene - adhB_1 adhB_2
[16:56:06] Fixed 2 duplicate /gene - fdxA_1 fdxA_2
[16:56:06] Fixed 3 duplicate /gene - pknD_1 pknD_2 pknD_3
[16:56:06] Fixed 2 duplicate /gene - lysN_1 lysN_2
[16:56:06] Fixed 2 duplicate /gene - sgaA_1 sgaA_2
[16:56:06] Fixed 2 duplicate /gene - hcaB_1 hcaB_2
[16:56:06] Fixed 2 duplicate /gene - gyrB_1 gyrB_2
[16:56:06] Fixed 7 duplicate /gene - dppB_1 dppB_2 dppB_3 dppB_4 dppB_5 dppB_6 dppB_7
[16:56:06] Fixed 2 duplicate /gene - msmX_1 msmX_2
[16:56:06] Fixed 2 duplicate /gene - melA_1 melA_2
[16:56:06] Fixed 2 duplicate /gene - rbsK_1 rbsK_2
[16:56:06] Fixed 2 duplicate /gene - atpD_1 atpD_2
[16:56:06] Fixed 6 duplicate /gene - cysA_1 cysA_2 cysA_3 cysA_4 cysA_5 cysA_6
[16:56:06] Fixed 3 duplicate /gene - opuAA_1 opuAA_2 opuAA_3
[16:56:06] Fixed 3 duplicate /gene - nanR_1 nanR_2 nanR_3
[16:56:06] Fixed 3 duplicate /gene - mcbR_1 mcbR_2 mcbR_3
[16:56:06] Fixed 2 duplicate /gene - proA_1 proA_2
[16:56:06] Fixed 6 duplicate /gene - pal_1 pal_2 pal_3 pal_4 pal_5 pal_6
[16:56:06] Fixed 3 duplicate /gene - dxs_1 dxs_2 dxs_3
[16:56:06] Fixed 2 duplicate /gene - apc3_1 apc3_2
[16:56:06] Fixed 3 duplicate /gene - spuC_1 spuC_2 spuC_3
[16:56:06] Fixed 8 duplicate /gene - gcvA_1 gcvA_2 gcvA_3 gcvA_4 gcvA_5 gcvA_6 gcvA_7 gcvA_8
[16:56:06] Fixed 13 duplicate /gene - btuD_1 btuD_2 btuD_3 btuD_4 btuD_5 btuD_6 btuD_7 btuD_8 btuD_9 btuD_10 btuD_11 btuD_12 btuD_13
[16:56:06] Fixed 3 duplicate /gene - rutB_1 rutB_2 rutB_3
[16:56:06] Fixed 2 duplicate /gene - araQ_1 araQ_2
[16:56:06] Fixed 2 duplicate /gene - virB4_1 virB4_2
[16:56:06] Fixed 2 duplicate /gene - rhaR_1 rhaR_2
[16:56:06] Fixed 2 duplicate /gene - yjdJ_1 yjdJ_2
[16:56:06] Fixed 3 duplicate /gene - scpB_1 scpB_2 scpB_3
[16:56:06] Fixed 2 duplicate /gene - hutH_1 hutH_2
[16:56:06] Fixed 2 duplicate /gene - ppiA_1 ppiA_2
[16:56:06] Fixed 2 duplicate /gene - gloB_1 gloB_2
[16:56:06] Fixed 2 duplicate /gene - macA_1 macA_2
[16:56:06] Fixed 3 duplicate /gene - cspA_1 cspA_2 cspA_3
[16:56:06] Fixed 5 duplicate /gene - livH_1 livH_2 livH_3 livH_4 livH_5
[16:56:06] Fixed 5 duplicate /gene - glnQ_1 glnQ_2 glnQ_3 glnQ_4 glnQ_5
[16:56:06] Fixed 2 duplicate /gene - lutR_1 lutR_2
[16:56:06] Fixed 2 duplicate /gene - xylB_1 xylB_2
[16:56:06] Fixed 2 duplicate /gene - mepA_1 mepA_2
[16:56:06] Fixed 2 duplicate /gene - intA_1 intA_2
[16:56:06] Fixed 7 duplicate /gene - gsiB_1 gsiB_2 gsiB_3 gsiB_4 gsiB_5 gsiB_6 gsiB_7
[16:56:06] Fixed 2 duplicate /gene - puuC_1 puuC_2
[16:56:06] Fixed 2 duplicate /gene - rihA_1 rihA_2
[16:56:06] Fixed 2 duplicate /gene - hpcH_1 hpcH_2
[16:56:06] Fixed 2 duplicate /gene - Hnr_1 Hnr_2
[16:56:06] Fixed 3 duplicate /gene - fucU_1 fucU_2 fucU_3
[16:56:06] Fixed 3 duplicate /gene - fadJ_1 fadJ_2 fadJ_3
[16:56:06] Fixed 2 duplicate /gene - oppC_1 oppC_2
[16:56:06] Fixed 4 duplicate /gene - potD_1 potD_2 potD_3 potD_4
[16:56:06] Fixed 2 duplicate /gene - metH_1 metH_2
[16:56:06] Fixed 2 duplicate /gene - acsA_1 acsA_2
[16:56:06] Fixed 2 duplicate /gene - mcl1_1 mcl1_2
[16:56:06] Fixed 2 duplicate /gene - rutF_1 rutF_2
[16:56:06] Fixed 2 duplicate /gene - nadA_1 nadA_2
[16:56:06] Fixed 2 duplicate /gene - gcd_1 gcd_2
[16:56:06] Fixed 3 duplicate /gene - ald_1 ald_2 ald_3
[16:56:06] Fixed 2 duplicate /gene - cobO_1 cobO_2
[16:56:06] Fixed 2 duplicate /gene - acoR_1 acoR_2
[16:56:06] Fixed 2 duplicate /gene - eryD_1 eryD_2
[16:56:06] Fixed 7 duplicate /gene - betI_1 betI_2 betI_3 betI_4 betI_5 betI_6 betI_7
[16:56:06] Fixed 3 duplicate /gene - panB_1 panB_2 panB_3
[16:56:06] Fixed 2 duplicate /gene - glpR_1 glpR_2
[16:56:06] Fixed 2 duplicate /gene - nagR_1 nagR_2
[16:56:06] Fixed 2 duplicate /gene - mtgA_1 mtgA_2
[16:56:06] Fixed 2 duplicate /gene - dat_1 dat_2
[16:56:06] Fixed 4 duplicate /gene - puuA_1 puuA_2 puuA_3 puuA_4
[16:56:06] Fixed 6 duplicate /gene - hisC_1 hisC_2 hisC_3 hisC_4 hisC_5 hisC_6
[16:56:06] Fixed 2 duplicate /gene - ompR_1 ompR_2
[16:56:06] Fixed 2 duplicate /gene - accC_1 accC_2
[16:56:06] Fixed 2 duplicate /gene - tadA_1 tadA_2
[16:56:06] Fixed 2 duplicate /gene - adk_1 adk_2
[16:56:06] Fixed 2 duplicate /gene - lacF_1 lacF_2
[16:56:06] Fixed 2 duplicate /gene - acrA_1 acrA_2
[16:56:06] Fixed 2 duplicate /gene - msbA_1 msbA_2
[16:56:06] Fixed 6 duplicate /gene - livF_1 livF_2 livF_3 livF_4 livF_5 livF_6
[16:56:06] Fixed 3 duplicate /gene - hvrA_1 hvrA_2 hvrA_3
[16:56:06] Fixed 2 duplicate /gene - murJ_1 murJ_2
[16:56:06] Fixed 2 duplicate /gene - gci_1 gci_2
[16:56:06] Fixed 2 duplicate /gene - ssuC_1 ssuC_2
[16:56:06] Fixed 2 duplicate /gene - gph_1 gph_2
[16:56:06] Fixed 3 duplicate /gene - yqaA_1 yqaA_2 yqaA_3
[16:56:06] Fixed 3 duplicate /gene - msrA_1 msrA_2 msrA_3
[16:56:06] Fixed 2 duplicate /gene - alaS_1 alaS_2
[16:56:06] Fixed 2 duplicate /gene - dthadh_1 dthadh_2
[16:56:06] Fixed 3 duplicate /gene - iolS_1 iolS_2 iolS_3
[16:56:06] Fixed 2 duplicate /gene - gbuA_1 gbuA_2
[16:56:06] Fixed 5 duplicate /gene - soxB_1 soxB_2 soxB_3 soxB_4 soxB_5
[16:56:06] Fixed 7 duplicate /gene - xerC_1 xerC_2 xerC_3 xerC_4 xerC_5 xerC_6 xerC_7
[16:56:06] Fixed 3 duplicate /gene - dadA1_1 dadA1_2 dadA1_3
[16:56:06] Fixed 4 duplicate /gene - argF_1 argF_2 argF_3 argF_4
[16:56:06] Fixed 2 duplicate /gene - arnB_1 arnB_2
[16:56:06] Fixed 2 duplicate /gene - yfcG_1 yfcG_2
[16:56:06] Fixed 2 duplicate /gene - purF_1 purF_2
[16:56:06] Fixed 4 duplicate /gene - tlpA_1 tlpA_2 tlpA_3 tlpA_4
[16:56:06] Fixed 2 duplicate /gene - rnd_1 rnd_2
[16:56:06] Fixed 8 duplicate /gene - potA_1 potA_2 potA_3 potA_4 potA_5 potA_6 potA_7 potA_8
[16:56:06] Fixed 2 duplicate /gene - nsrR_1 nsrR_2
[16:56:06] Fixed 2 duplicate /gene - gpr_1 gpr_2
[16:56:06] Fixed 5 duplicate /gene - mshA_1 mshA_2 mshA_3 mshA_4 mshA_5
[16:56:06] Fixed 2 duplicate /gene - corA_1 corA_2
[16:56:06] Fixed 2 duplicate /gene - gltX_1 gltX_2
[16:56:06] Fixed 2 duplicate /gene - deoC_1 deoC_2
[16:56:06] Fixed 2 duplicate /gene - ndhB_1 ndhB_2
[16:56:06] Fixed 2 duplicate /gene - apc4_1 apc4_2
[16:56:06] Fixed 3 duplicate /gene - rssB_1 rssB_2 rssB_3
[16:56:06] Fixed 2 duplicate /gene - amiR_1 amiR_2
[16:56:06] Fixed 6 duplicate /gene - decR_1 decR_2 decR_3 decR_4 decR_5 decR_6
[16:56:06] Fixed 2 duplicate /gene - udh_1 udh_2
[16:56:06] Fixed 3 duplicate /gene - bcr_1 bcr_2 bcr_3
[16:56:06] Fixed 3 duplicate /gene - nfdA_1 nfdA_2 nfdA_3
[16:56:06] Fixed 2 duplicate /gene - kup_1 kup_2
[16:56:06] Fixed 3 duplicate /gene - murG_1 murG_2 murG_3
[16:56:06] Fixed 8 duplicate /gene - oppD_1 oppD_2 oppD_3 oppD_4 oppD_5 oppD_6 oppD_7 oppD_8
[16:56:06] Fixed 2 duplicate /gene - rsmB_1 rsmB_2
[16:56:06] Fixed 2 duplicate /gene - ucpA_1 ucpA_2
[16:56:06] Fixed 5 duplicate /gene - gcvT_1 gcvT_2 gcvT_3 gcvT_4 gcvT_5
[16:56:06] Fixed 2 duplicate /gene - ybjJ_1 ybjJ_2
[16:56:06] Fixed 7 duplicate /gene - lrp_1 lrp_2 lrp_3 lrp_4 lrp_5 lrp_6 lrp_7
[16:56:06] Fixed 4 duplicate /gene - cdhR_1 cdhR_2 cdhR_3 cdhR_4
[16:56:06] Fixed 2 duplicate /gene - zntA_1 zntA_2
[16:56:06] Fixed 2 duplicate /gene - menH_1 menH_2
[16:56:06] Fixed 2 duplicate /gene - dctB_1 dctB_2
[16:56:06] Fixed 3 duplicate /gene - yfcJ_1 yfcJ_2 yfcJ_3
[16:56:06] Fixed 3 duplicate /gene - glaR_1 glaR_2 glaR_3
[16:56:06] Fixed 3 duplicate /gene - ngcG_1 ngcG_2 ngcG_3
[16:56:06] Fixed 3 duplicate /gene - cusA_1 cusA_2 cusA_3
[16:56:06] Fixed 4 duplicate /gene - soxD_1 soxD_2 soxD_3 soxD_4
[16:56:06] Fixed 2 duplicate /gene - glmU_1 glmU_2
[16:56:06] Fixed 6 duplicate /gene - dmlR_1 dmlR_2 dmlR_3 dmlR_4 dmlR_5 dmlR_6
[16:56:06] Fixed 2 duplicate /gene - gntR_1 gntR_2
[16:56:06] Fixed 5 duplicate /gene - puuB_1 puuB_2 puuB_3 puuB_4 puuB_5
[16:56:06] Fixed 12 duplicate /gene - gsiC_1 gsiC_2 gsiC_3 gsiC_4 gsiC_5 gsiC_6 gsiC_7 gsiC_8 gsiC_9 gsiC_10 gsiC_11 gsiC_12
[16:56:06] Fixed 2 duplicate /gene - bdhA_1 bdhA_2
[16:56:06] Fixed 7 duplicate /gene - mtgB_1 mtgB_2 mtgB_3 mtgB_4 mtgB_5 mtgB_6 mtgB_7
[16:56:06] Fixed 2 duplicate /gene - ndvB_1 ndvB_2
[16:56:06] Fixed 2 duplicate /gene - kefC_1 kefC_2
[16:56:06] Fixed 2 duplicate /gene - lolD_1 lolD_2
[16:56:06] Fixed 2 duplicate /gene - xynR_1 xynR_2
[16:56:06] Fixed 4 duplicate /gene - mrdA_1 mrdA_2 mrdA_3 mrdA_4
[16:56:06] Fixed 2 duplicate /gene - xylG_1 xylG_2
[16:56:06] Fixed 2 duplicate /gene - fliY_1 fliY_2
[16:56:06] Fixed 2 duplicate /gene - ddpD_1 ddpD_2
[16:56:06] Fixed 2 duplicate /gene - davD_1 davD_2
[16:56:06] Fixed 2 duplicate /gene - prs_1 prs_2
[16:56:06] Fixed 2 duplicate /gene - hyuA_1 hyuA_2
[16:56:06] Fixed 2 duplicate /gene - macB_1 macB_2
[16:56:06] Fixed 12 duplicate /gene - actP_1 actP_2 actP_3 actP_4 actP_5 actP_6 actP_7 actP_8 actP_9 actP_10 actP_11 actP_12
[16:56:06] Fixed 2 duplicate /gene - sfnG_1 sfnG_2
[16:56:06] Fixed 2 duplicate /gene - pgm_1 pgm_2
[16:56:06] Fixed 3 duplicate /gene - gloA_1 gloA_2 gloA_3
[16:56:06] Fixed 3 duplicate /gene - ilvE_1 ilvE_2 ilvE_3
[16:56:06] Fixed 2 duplicate /gene - sfnC_1 sfnC_2
[16:56:06] Fixed 2 duplicate /gene - ackA_1 ackA_2
[16:56:06] Fixed 2 duplicate /gene - nicR_1 nicR_2
[16:56:06] Fixed 2 duplicate /gene - namA_1 namA_2
[16:56:06] Fixed 2 duplicate /gene - echA8_1 echA8_2
[16:56:06] Fixed 2 duplicate /gene - ipuC_1 ipuC_2
[16:56:06] Fixed 2 duplicate /gene - dctD_1 dctD_2
[16:56:06] Fixed 2 duplicate /gene - thiD_1 thiD_2
[16:56:06] Fixed 3 duplicate /gene - mltF_1 mltF_2 mltF_3
[16:56:06] Fixed 2 duplicate /gene - pip_1 pip_2
[16:56:06] Fixed 3 duplicate /gene - cynR_1 cynR_2 cynR_3
[16:56:06] Fixed 2 duplicate /gene - accA1_1 accA1_2
[16:56:06] Fixed 2 duplicate /gene - fpr_1 fpr_2
[16:56:06] Fixed 2 duplicate /gene - ghrA_1 ghrA_2
[16:56:06] Fixed 2 duplicate /gene - accB_1 accB_2
[16:56:06] Fixed 6 duplicate /gene - gsiA_1 gsiA_2 gsiA_3 gsiA_4 gsiA_5 gsiA_6
[16:56:06] Fixed 6 duplicate /gene - frcA_1 frcA_2 frcA_3 frcA_4 frcA_5 frcA_6
[16:56:06] Fixed 2 duplicate /gene - alkB2_1 alkB2_2
[16:56:06] Fixed 2 duplicate /gene - ribBA_1 ribBA_2
[16:56:06] Fixed 4 duplicate /gene - adh_1 adh_2 adh_3 adh_4
[16:56:06] Fixed 4 duplicate /gene - ssb_1 ssb_2 ssb_3 ssb_4
[16:56:06] Fixed 2 duplicate /gene - nagZ_1 nagZ_2
[16:56:06] Fixed 9 duplicate /gene - gsiD_1 gsiD_2 gsiD_3 gsiD_4 gsiD_5 gsiD_6 gsiD_7 gsiD_8 gsiD_9
[16:56:06] Fixed 4 duplicate /gene - hipO_1 hipO_2 hipO_3 hipO_4
[16:56:06] Fixed 2 duplicate /gene - dgkA_1 dgkA_2
[16:56:06] Fixed 3 duplicate /gene - bepA_1 bepA_2 bepA_3
[16:56:06] Fixed 4 duplicate /gene - yejF_1 yejF_2 yejF_3 yejF_4
[16:56:06] Fixed 2 duplicate /gene - clsC_1 clsC_2
[16:56:06] Fixed 2 duplicate /gene - fixN_1 fixN_2
[16:56:06] Fixed 2 duplicate /gene - yjfF_1 yjfF_2
[16:56:06] Fixed 3 duplicate /gene - ddpC_1 ddpC_2 ddpC_3
[16:56:06] Fixed 2 duplicate /gene - mobA_1 mobA_2
[16:56:06] Fixed 2 duplicate /gene - apsD_1 apsD_2
[16:56:06] Fixed 9 duplicate /gene - ydcV_1 ydcV_2 ydcV_3 ydcV_4 ydcV_5 ydcV_6 ydcV_7 ydcV_8 ydcV_9
[16:56:06] Fixed 2 duplicate /gene - bigR_1 bigR_2
[16:56:06] Fixed 2 duplicate /gene - ilvD_1 ilvD_2
[16:56:06] Fixed 2 duplicate /gene - pccR_1 pccR_2
[16:56:06] Fixed 2 duplicate /gene - xthA_1 xthA_2
[16:56:06] Fixed 3 duplicate /gene - amiC_1 amiC_2 amiC_3
[16:56:06] Fixed 5 duplicate /gene - rspR_1 rspR_2 rspR_3 rspR_4 rspR_5
[16:56:06] Fixed 2 duplicate /gene - rpoH_1 rpoH_2
[16:56:06] Fixed 2 duplicate /gene - aam_1 aam_2
[16:56:06] Fixed 2 duplicate /gene - hsrA_1 hsrA_2
[16:56:06] Fixed 2 duplicate /gene - rppH_1 rppH_2
[16:56:06] Fixed 3 duplicate /gene - thiE_1 thiE_2 thiE_3
[16:56:06] Fixed 2 duplicate /gene - thrB_1 thrB_2
[16:56:06] Fixed 2 duplicate /gene - ddpA_1 ddpA_2
[16:56:06] Fixed 2 duplicate /gene - atpF_1 atpF_2
[16:56:06] Fixed 3 duplicate /gene - dapA_1 dapA_2 dapA_3
[16:56:06] Fixed 2 duplicate /gene - hmp_1 hmp_2
[16:56:06] Fixed 2 duplicate /gene - eryB_1 eryB_2
[16:56:06] Fixed 3 duplicate /gene - msrB_1 msrB_2 msrB_3
[16:56:06] Fixed 2 duplicate /gene - yqjF_1 yqjF_2
[16:56:06] Fixed 2 duplicate /gene - iscR_1 iscR_2
[16:56:06] Fixed 3 duplicate /gene - zntR_1 zntR_2 zntR_3
[16:56:06] Fixed 3 duplicate /gene - cya_1 cya_2 cya_3
[16:56:06] Fixed 2 duplicate /gene - cytR_1 cytR_2
[16:56:06] Fixed 5 duplicate /gene - dapE_1 dapE_2 dapE_3 dapE_4 dapE_5
[16:56:06] Fixed 2 duplicate /gene - dadA_1 dadA_2
[16:56:06] Fixed 7 duplicate /gene - potB_1 potB_2 potB_3 potB_4 potB_5 potB_6 potB_7
[16:56:06] Fixed 2 duplicate /gene - thiG_1 thiG_2
[16:56:06] Fixed 2 duplicate /gene - crt_1 crt_2
[16:56:06] Fixed 2 duplicate /gene - tmd_1 tmd_2
[16:56:06] Fixed 11 duplicate /gene - fabG_1 fabG_2 fabG_3 fabG_4 fabG_5 fabG_6 fabG_7 fabG_8 fabG_9 fabG_10 fabG_11
[16:56:06] Fixed 2 duplicate /gene - bamA_1 bamA_2
[16:56:06] Fixed 3 duplicate /gene - cpnA_1 cpnA_2 cpnA_3
[16:56:06] Fixed 2 duplicate /gene - ppk2_1 ppk2_2
[16:56:06] Fixed 4 duplicate /gene - bacC_1 bacC_2 bacC_3 bacC_4
[16:56:06] Fixed 2 duplicate /gene - thiC_1 thiC_2
[16:56:06] Fixed 2 duplicate /gene - carA_1 carA_2
[16:56:06] Fixed 5 duplicate /gene - soxA_1 soxA_2 soxA_3 soxA_4 soxA_5
[16:56:06] Fixed 2 duplicate /gene - adc_1 adc_2
[16:56:06] Fixed 353 colliding /gene names.
[16:56:06] Adding /locus_tag identifiers
[16:56:06] Assigned 5085 locus_tags to CDS and RNA features.
[16:56:06] Writing outputs to gbk/PAMC27389/
[16:56:08] Generating annotation statistics file
[16:56:08] Generating Genbank and Sequin files
[16:56:08] Running: tbl2asn -V b -a r10k -l paired-ends -M n -N 1 -y 'Annotated using prokka 1.14.6 from https://github.com/tseemann/prokka' -Z gbk\/PAMC27389\/GCF_001294535\.1\.prokka\.err -i gbk\/PAMC27389\/GCF_001294535\.1\.prokka\.fsa 2> /dev/null
[16:56:15] Deleting unwanted file: gbk/PAMC27389/errorsummary.val
[16:56:15] Deleting unwanted file: gbk/PAMC27389/GCF_001294535.1.prokka.dr
[16:56:15] Deleting unwanted file: gbk/PAMC27389/GCF_001294535.1.prokka.fixedproducts
[16:56:15] Deleting unwanted file: gbk/PAMC27389/GCF_001294535.1.prokka.ecn
[16:56:15] Deleting unwanted file: gbk/PAMC27389/GCF_001294535.1.prokka.val
[16:56:15] Repairing broken .GBK output that tbl2asn produces...
[16:56:15] Running: sed 's/COORDINATES: profile/COORDINATES:profile/' < gbk\/PAMC27389\/GCF_001294535\.1\.prokka\.gbf > gbk\/PAMC27389\/GCF_001294535\.1\.prokka\.gbk
[16:56:15] Deleting unwanted file: gbk/PAMC27389/GCF_001294535.1.prokka.gbf
[16:56:15] Output files:
[16:56:15] gbk/PAMC27389/GCF_001294535.1.prokka.err
[16:56:15] gbk/PAMC27389/GCF_001294535.1.prokka.tsv
[16:56:15] gbk/PAMC27389/GCF_001294535.1.prokka.gbk
[16:56:15] gbk/PAMC27389/GCF_001294535.1.prokka.txt
[16:56:15] gbk/PAMC27389/GCF_001294535.1.prokka.log
[16:56:15] gbk/PAMC27389/GCF_001294535.1.prokka.faa
[16:56:15] gbk/PAMC27389/GCF_001294535.1.prokka.fsa
[16:56:15] gbk/PAMC27389/GCF_001294535.1.prokka.sqn
[16:56:15] gbk/PAMC27389/GCF_001294535.1.prokka.gff
[16:56:15] gbk/PAMC27389/GCF_001294535.1.prokka.ffn
[16:56:15] gbk/PAMC27389/GCF_001294535.1.prokka.fna
[16:56:15] gbk/PAMC27389/GCF_001294535.1.prokka.tbl
[16:56:15] Annotation finished successfully.
[16:56:15] Walltime used: 1.07 minutes
[16:56:15] If you use this result please cite the Prokka paper:
[16:56:15] Seemann T (2014) Prokka: rapid prokaryotic genome annotation. Bioinformatics. 30(14):2068-9.
[16:56:15] Type 'prokka --citation' for more details.
[16:56:15] Thank you, come again.
