INFO     20/07 16:12:17   antiSMASH version: 7.0.0
INFO     20/07 16:12:17   diamond using executable: /usr/bin/diamond-aligner (2.0.7)
INFO     20/07 16:12:17   hmmpfam2 using executable: /usr/bin/hmm2pfam (2.3.2)
INFO     20/07 16:12:17   fasttree using executable: /usr/bin/fasttree
INFO     20/07 16:12:17   hmmsearch using executable: /usr/bin/hmmsearch (3.3.2)
INFO     20/07 16:12:17   hmmpress using executable: /usr/bin/hmmpress (3.3.2)
INFO     20/07 16:12:17   hmmscan using executable: /usr/bin/hmmscan (3.3.2)
INFO     20/07 16:12:18   meme using executable: /usr/bin/meme (4.11.2)
INFO     20/07 16:12:18   fimo using executable: /usr/bin/fimo (4.11.2)
INFO     20/07 16:12:18   glimmerhmm using executable: /usr/bin/glimmerhmm
INFO     20/07 16:12:18   prodigal using executable: /usr/bin/prodigal (V2.6.3)
INFO     20/07 16:12:19   blastp using executable: /usr/bin/blastp (2.11.0+)
INFO     20/07 16:12:19   makeblastdb using executable: /usr/bin/makeblastdb (2.11.0+)
DEBUG    20/07 16:12:19   Checking prerequisites for antismash.detection.hmm_detection
DEBUG    20/07 16:12:19   Found file '/usr/local/lib/python3.9/dist-packages/antismash/detection/hmm_detection/data/bgc_seeds.hmm'
DEBUG    20/07 16:12:19   Found file '/usr/local/lib/python3.9/dist-packages/antismash/detection/hmm_detection/data/bgc_seeds.hmm.h3f'
DEBUG    20/07 16:12:19   Found file '/usr/local/lib/python3.9/dist-packages/antismash/detection/hmm_detection/data/bgc_seeds.hmm.h3i'
DEBUG    20/07 16:12:19   Found file '/usr/local/lib/python3.9/dist-packages/antismash/detection/hmm_detection/data/bgc_seeds.hmm.h3m'
DEBUG    20/07 16:12:19   Found file '/usr/local/lib/python3.9/dist-packages/antismash/detection/hmm_detection/data/bgc_seeds.hmm.h3p'
DEBUG    20/07 16:12:19   Checking prerequisites for antismash.detection.cluster_hmmer
DEBUG    20/07 16:12:19   Found file '/databases/pfam/34.0/Pfam-A.hmm'
DEBUG    20/07 16:12:19   Found file '/databases/pfam/34.0/Pfam-A.hmm.h3f'
DEBUG    20/07 16:12:19   Found file '/databases/pfam/34.0/Pfam-A.hmm.h3i'
DEBUG    20/07 16:12:19   Found file '/databases/pfam/34.0/Pfam-A.hmm.h3m'
DEBUG    20/07 16:12:19   Found file '/databases/pfam/34.0/Pfam-A.hmm.h3p'
DEBUG    20/07 16:12:19   Checking prerequisites for antismash.detection.genefunctions
DEBUG    20/07 16:12:19   Found file '/databases/resfam/Resfams.hmm'
DEBUG    20/07 16:12:19   Found file '/usr/local/lib/python3.9/dist-packages/antismash/detection/genefunctions/data/smcogs.hmm.h3f'
DEBUG    20/07 16:12:19   Found file '/usr/local/lib/python3.9/dist-packages/antismash/detection/genefunctions/data/smcogs.hmm.h3i'
DEBUG    20/07 16:12:19   Found file '/usr/local/lib/python3.9/dist-packages/antismash/detection/genefunctions/data/smcogs.hmm.h3m'
DEBUG    20/07 16:12:19   Found file '/usr/local/lib/python3.9/dist-packages/antismash/detection/genefunctions/data/smcogs.hmm.h3p'
DEBUG    20/07 16:12:19   Found file '/databases/resfam/Resfams.hmm.h3f'
DEBUG    20/07 16:12:19   Found file '/databases/resfam/Resfams.hmm.h3i'
DEBUG    20/07 16:12:19   Found file '/databases/resfam/Resfams.hmm.h3m'
DEBUG    20/07 16:12:19   Found file '/databases/resfam/Resfams.hmm.h3p'
DEBUG    20/07 16:12:19   Checking prerequisites for antismash.detection.nrps_pks_domains
DEBUG    20/07 16:12:19   Found file '/usr/local/lib/python3.9/dist-packages/antismash/detection/nrps_pks_domains/data/abmotifs.hmm.h3f'
DEBUG    20/07 16:12:19   Found file '/usr/local/lib/python3.9/dist-packages/antismash/detection/nrps_pks_domains/data/abmotifs.hmm.h3i'
DEBUG    20/07 16:12:19   Found file '/usr/local/lib/python3.9/dist-packages/antismash/detection/nrps_pks_domains/data/abmotifs.hmm.h3m'
DEBUG    20/07 16:12:19   Found file '/usr/local/lib/python3.9/dist-packages/antismash/detection/nrps_pks_domains/data/abmotifs.hmm.h3p'
DEBUG    20/07 16:12:19   Found file '/usr/local/lib/python3.9/dist-packages/antismash/detection/nrps_pks_domains/data/dockingdomains.hmm.h3f'
DEBUG    20/07 16:12:19   Found file '/usr/local/lib/python3.9/dist-packages/antismash/detection/nrps_pks_domains/data/dockingdomains.hmm.h3i'
DEBUG    20/07 16:12:19   Found file '/usr/local/lib/python3.9/dist-packages/antismash/detection/nrps_pks_domains/data/dockingdomains.hmm.h3m'
DEBUG    20/07 16:12:19   Found file '/usr/local/lib/python3.9/dist-packages/antismash/detection/nrps_pks_domains/data/dockingdomains.hmm.h3p'
DEBUG    20/07 16:12:19   Found file '/usr/local/lib/python3.9/dist-packages/antismash/detection/nrps_pks_domains/data/ksdomains.hmm.h3f'
DEBUG    20/07 16:12:19   Found file '/usr/local/lib/python3.9/dist-packages/antismash/detection/nrps_pks_domains/data/ksdomains.hmm.h3i'
DEBUG    20/07 16:12:19   Found file '/usr/local/lib/python3.9/dist-packages/antismash/detection/nrps_pks_domains/data/ksdomains.hmm.h3m'
DEBUG    20/07 16:12:19   Found file '/usr/local/lib/python3.9/dist-packages/antismash/detection/nrps_pks_domains/data/ksdomains.hmm.h3p'
DEBUG    20/07 16:12:19   Found file '/usr/local/lib/python3.9/dist-packages/antismash/detection/nrps_pks_domains/data/nrpspksdomains.hmm.h3f'
DEBUG    20/07 16:12:19   Found file '/usr/local/lib/python3.9/dist-packages/antismash/detection/nrps_pks_domains/data/nrpspksdomains.hmm.h3i'
DEBUG    20/07 16:12:19   Found file '/usr/local/lib/python3.9/dist-packages/antismash/detection/nrps_pks_domains/data/nrpspksdomains.hmm.h3m'
DEBUG    20/07 16:12:19   Found file '/usr/local/lib/python3.9/dist-packages/antismash/detection/nrps_pks_domains/data/nrpspksdomains.hmm.h3p'
DEBUG    20/07 16:12:19   Found file '/databases/nrps_pks/transATor/2023.02.23/transATor.hmm.h3f'
DEBUG    20/07 16:12:19   Found file '/databases/nrps_pks/transATor/2023.02.23/transATor.hmm.h3i'
DEBUG    20/07 16:12:19   Found file '/databases/nrps_pks/transATor/2023.02.23/transATor.hmm.h3m'
DEBUG    20/07 16:12:19   Found file '/databases/nrps_pks/transATor/2023.02.23/transATor.hmm.h3p'
DEBUG    20/07 16:12:19   Checking prerequisites for antismash.detection.tigrfam
DEBUG    20/07 16:12:19   Found file '/databases/tigrfam/TIGRFam.hmm'
DEBUG    20/07 16:12:19   Found file '/databases/tigrfam/TIGRFam.hmm.h3f'
DEBUG    20/07 16:12:19   Found file '/databases/tigrfam/TIGRFam.hmm.h3i'
DEBUG    20/07 16:12:19   Found file '/databases/tigrfam/TIGRFam.hmm.h3m'
DEBUG    20/07 16:12:19   Found file '/databases/tigrfam/TIGRFam.hmm.h3p'
DEBUG    20/07 16:12:19   Checking prerequisites for antismash.modules.active_site_finder
DEBUG    20/07 16:12:19   Found file '/usr/local/lib/python3.9/dist-packages/antismash/modules/active_site_finder/data/PKSI-KR.hmm2'
DEBUG    20/07 16:12:19   Found file '/usr/local/lib/python3.9/dist-packages/antismash/modules/active_site_finder/data/PKSI-KS_N.hmm2'
DEBUG    20/07 16:12:19   Found file '/usr/local/lib/python3.9/dist-packages/antismash/modules/active_site_finder/data/PKSI-KS_C.hmm2'
DEBUG    20/07 16:12:19   Found file '/usr/local/lib/python3.9/dist-packages/antismash/modules/active_site_finder/data/PKSI-AT.hmm2'
DEBUG    20/07 16:12:19   Found file '/usr/local/lib/python3.9/dist-packages/antismash/modules/active_site_finder/data/PKSI-ACP.hmm2'
DEBUG    20/07 16:12:19   Found file '/usr/local/lib/python3.9/dist-packages/antismash/modules/active_site_finder/data/PKSI-DH.hmm2'
DEBUG    20/07 16:12:19   Found file '/usr/local/lib/python3.9/dist-packages/antismash/modules/active_site_finder/data/Thioesterase.hmm2'
DEBUG    20/07 16:12:19   Found file '/usr/local/lib/python3.9/dist-packages/antismash/modules/active_site_finder/data/PKSI-ER.hmm2'
DEBUG    20/07 16:12:19   Found file '/usr/local/lib/python3.9/dist-packages/antismash/modules/active_site_finder/data/p450.hmm2'
DEBUG    20/07 16:12:19   Checking prerequisites for antismash.modules.cluster_compare
DEBUG    20/07 16:12:19   Found file '/databases/clustercompare/mibig/3.1/data.json'
DEBUG    20/07 16:12:19   Found file '/databases/clustercompare/mibig/3.1/proteins.fasta'
DEBUG    20/07 16:12:19   Found file '/databases/clustercompare/mibig/3.1/proteins.dmnd'
DEBUG    20/07 16:12:19   Found file '/databases/clustercompare/mibig/3.1/proteins.dmnd'
DEBUG    20/07 16:12:19   Checking prerequisites for antismash.modules.clusterblast
DEBUG    20/07 16:12:19   Found file '/databases/knownclusterblast/3.1/clusters.txt'
DEBUG    20/07 16:12:19   Found file '/databases/knownclusterblast/3.1/proteins.fasta'
DEBUG    20/07 16:12:19   Found file '/databases/knownclusterblast/3.1/proteins.dmnd'
DEBUG    20/07 16:12:19   Found file '/databases/knownclusterblast/3.1/proteins.dmnd'
DEBUG    20/07 16:12:19   Found file '/databases/clusterblast/clusters.txt'
DEBUG    20/07 16:12:19   Found file '/databases/clusterblast/proteins.fasta'
DEBUG    20/07 16:12:19   Found file '/databases/clusterblast/proteins.dmnd'
DEBUG    20/07 16:12:19   Found file '/databases/clusterblast/proteins.dmnd'
DEBUG    20/07 16:12:19   Found file '/usr/local/lib/python3.9/dist-packages/antismash/modules/clusterblast/data/sub/proteins.fasta'
DEBUG    20/07 16:12:19   Found file '/usr/local/lib/python3.9/dist-packages/antismash/modules/clusterblast/data/sub/proteins.fasta.phr'
DEBUG    20/07 16:12:19   Found file '/usr/local/lib/python3.9/dist-packages/antismash/modules/clusterblast/data/sub/proteins.fasta.pin'
DEBUG    20/07 16:12:19   Found file '/usr/local/lib/python3.9/dist-packages/antismash/modules/clusterblast/data/sub/proteins.fasta.psq'
DEBUG    20/07 16:12:19   Found file '/usr/local/lib/python3.9/dist-packages/antismash/modules/clusterblast/data/sub/clusters.txt'
DEBUG    20/07 16:12:19   Checking prerequisites for antismash.modules.lanthipeptides
DEBUG    20/07 16:12:19   Found file '/databases/comparippson/asdb/3.0/cores.fa.pdb'
DEBUG    20/07 16:12:19   Found file '/databases/comparippson/asdb/3.0/cores.fa.phr'
DEBUG    20/07 16:12:19   Found file '/databases/comparippson/asdb/3.0/cores.fa.pin'
DEBUG    20/07 16:12:19   Found file '/databases/comparippson/asdb/3.0/cores.fa.pot'
DEBUG    20/07 16:12:19   Found file '/databases/comparippson/asdb/3.0/cores.fa.psq'
DEBUG    20/07 16:12:19   Found file '/databases/comparippson/asdb/3.0/cores.fa.ptf'
DEBUG    20/07 16:12:19   Found file '/databases/comparippson/asdb/3.0/cores.fa.pto'
DEBUG    20/07 16:12:19   Found file '/databases/comparippson/mibig/3.1/cores.fa.pdb'
DEBUG    20/07 16:12:19   Found file '/databases/comparippson/mibig/3.1/cores.fa.phr'
DEBUG    20/07 16:12:19   Found file '/databases/comparippson/mibig/3.1/cores.fa.pin'
DEBUG    20/07 16:12:19   Found file '/databases/comparippson/mibig/3.1/cores.fa.pot'
DEBUG    20/07 16:12:19   Found file '/databases/comparippson/mibig/3.1/cores.fa.psq'
DEBUG    20/07 16:12:19   Found file '/databases/comparippson/mibig/3.1/cores.fa.ptf'
DEBUG    20/07 16:12:19   Found file '/databases/comparippson/mibig/3.1/cores.fa.pto'
DEBUG    20/07 16:12:19   Checking prerequisites for antismash.modules.lassopeptides
DEBUG    20/07 16:12:19   Checking prerequisites for antismash.modules.nrps_pks
DEBUG    20/07 16:12:19   Found existing cache for /usr/local/lib/python3.9/dist-packages/antismash/modules/nrps_pks/data/terminals/cterm.fasta
DEBUG    20/07 16:12:19   Found existing cache for /usr/local/lib/python3.9/dist-packages/antismash/modules/nrps_pks/data/terminals/nterm.fasta
DEBUG    20/07 16:12:19   Found existing cache for /usr/local/lib/python3.9/dist-packages/antismash/modules/nrps_pks/at_analysis/data/AT_domains_muscle.fasta
DEBUG    20/07 16:12:19   Found existing cache for /usr/local/lib/python3.9/dist-packages/antismash/modules/nrps_pks/kr_analysis/data/KRdomains_muscle.fasta
DEBUG    20/07 16:12:19   Found existing cache for /usr/local/lib/python3.9/dist-packages/antismash/modules/nrps_pks/minowa/data/AT_domains_muscle.fasta
DEBUG    20/07 16:12:19   Found existing cache for /usr/local/lib/python3.9/dist-packages/antismash/modules/nrps_pks/minowa/data/CAL_domains_muscle.fasta
DEBUG    20/07 16:12:19   Checking prerequisites for antismash.modules.pfam2go
DEBUG    20/07 16:12:19   Found file '/usr/local/lib/python3.9/dist-packages/antismash/modules/pfam2go/data/pfam2go.txt'
DEBUG    20/07 16:12:19   Checking prerequisites for antismash.modules.rrefinder
DEBUG    20/07 16:12:19   Found file '/usr/local/lib/python3.9/dist-packages/antismash/modules/rrefinder/data/RREFam.hmm.h3f'
DEBUG    20/07 16:12:19   Found file '/usr/local/lib/python3.9/dist-packages/antismash/modules/rrefinder/data/RREFam.hmm.h3i'
DEBUG    20/07 16:12:19   Found file '/usr/local/lib/python3.9/dist-packages/antismash/modules/rrefinder/data/RREFam.hmm.h3m'
DEBUG    20/07 16:12:19   Found file '/usr/local/lib/python3.9/dist-packages/antismash/modules/rrefinder/data/RREFam.hmm.h3p'
DEBUG    20/07 16:12:19   Checking prerequisites for antismash.modules.sactipeptides
DEBUG    20/07 16:12:19   Checking prerequisites for antismash.modules.t2pks
DEBUG    20/07 16:12:19   Found file '/usr/local/lib/python3.9/dist-packages/antismash/modules/t2pks/data/KSIII.fasta'
DEBUG    20/07 16:12:19   Found file '/usr/local/lib/python3.9/dist-packages/antismash/modules/t2pks/data/KSIII.phr'
DEBUG    20/07 16:12:19   Found file '/usr/local/lib/python3.9/dist-packages/antismash/modules/t2pks/data/KSIII.pin'
DEBUG    20/07 16:12:19   Found file '/usr/local/lib/python3.9/dist-packages/antismash/modules/t2pks/data/KSIII.psq'
DEBUG    20/07 16:12:19   Found file '/usr/local/lib/python3.9/dist-packages/antismash/modules/t2pks/data/AT.fasta'
DEBUG    20/07 16:12:19   Found file '/usr/local/lib/python3.9/dist-packages/antismash/modules/t2pks/data/AT.phr'
DEBUG    20/07 16:12:19   Found file '/usr/local/lib/python3.9/dist-packages/antismash/modules/t2pks/data/AT.pin'
DEBUG    20/07 16:12:19   Found file '/usr/local/lib/python3.9/dist-packages/antismash/modules/t2pks/data/AT.psq'
DEBUG    20/07 16:12:19   Found file '/usr/local/lib/python3.9/dist-packages/antismash/modules/t2pks/data/LIG.fasta'
DEBUG    20/07 16:12:19   Found file '/usr/local/lib/python3.9/dist-packages/antismash/modules/t2pks/data/LIG.phr'
DEBUG    20/07 16:12:19   Found file '/usr/local/lib/python3.9/dist-packages/antismash/modules/t2pks/data/LIG.pin'
DEBUG    20/07 16:12:19   Found file '/usr/local/lib/python3.9/dist-packages/antismash/modules/t2pks/data/LIG.psq'
DEBUG    20/07 16:12:19   Found file '/usr/local/lib/python3.9/dist-packages/antismash/modules/t2pks/data/t2pks.hmm.h3f'
DEBUG    20/07 16:12:19   Found file '/usr/local/lib/python3.9/dist-packages/antismash/modules/t2pks/data/t2pks.hmm.h3i'
DEBUG    20/07 16:12:19   Found file '/usr/local/lib/python3.9/dist-packages/antismash/modules/t2pks/data/t2pks.hmm.h3m'
DEBUG    20/07 16:12:19   Found file '/usr/local/lib/python3.9/dist-packages/antismash/modules/t2pks/data/t2pks.hmm.h3p'
DEBUG    20/07 16:12:19   Checking prerequisites for antismash.modules.tfbs_finder
DEBUG    20/07 16:12:19   Found file '/usr/local/lib/python3.9/dist-packages/antismash/modules/tfbs_finder/data/PWMs.json'
DEBUG    20/07 16:12:19   Checking prerequisites for antismash.modules.thiopeptides
DEBUG    20/07 16:12:19   Found file '/usr/local/lib/python3.9/dist-packages/antismash/modules/thiopeptides/data/thiopep3.hmm.h3f'
DEBUG    20/07 16:12:19   Found file '/usr/local/lib/python3.9/dist-packages/antismash/modules/thiopeptides/data/thiopep3.hmm.h3i'
DEBUG    20/07 16:12:19   Found file '/usr/local/lib/python3.9/dist-packages/antismash/modules/thiopeptides/data/thiopep3.hmm.h3m'
DEBUG    20/07 16:12:19   Found file '/usr/local/lib/python3.9/dist-packages/antismash/modules/thiopeptides/data/thiopep3.hmm.h3p'
DEBUG    20/07 16:12:19   Checking prerequisites for antismash.modules.tta
DEBUG    20/07 16:12:19   Checking prerequisites for antismash.outputs.html
DEBUG    20/07 16:12:19   Found file '/usr/local/lib/python3.9/dist-packages/antismash/outputs/html/css/bacteria.css'
DEBUG    20/07 16:12:19   Found file '/usr/local/lib/python3.9/dist-packages/antismash/outputs/html/css/fungi.css'
DEBUG    20/07 16:12:19   Found file '/usr/local/lib/python3.9/dist-packages/antismash/outputs/html/css/plants.css'
DEBUG    20/07 16:12:19   Checking prerequisites for antismash.support.genefinding
DEBUG    20/07 16:12:19   Checking options for antismash.detection.hmm_detection
DEBUG    20/07 16:12:19   Checking options for antismash.detection.cluster_hmmer
DEBUG    20/07 16:12:19   Found file '/databases/pfam/34.0/Pfam-A.hmm'
DEBUG    20/07 16:12:19   Found file '/databases/pfam/34.0/Pfam-A.hmm.h3f'
DEBUG    20/07 16:12:19   Found file '/databases/pfam/34.0/Pfam-A.hmm.h3i'
DEBUG    20/07 16:12:19   Found file '/databases/pfam/34.0/Pfam-A.hmm.h3m'
DEBUG    20/07 16:12:19   Found file '/databases/pfam/34.0/Pfam-A.hmm.h3p'
DEBUG    20/07 16:12:19   Checking options for antismash.detection.genefunctions
DEBUG    20/07 16:12:19   Checking options for antismash.detection.nrps_pks_domains
DEBUG    20/07 16:12:19   Checking options for antismash.detection.tigrfam
DEBUG    20/07 16:12:19   Checking options for antismash.modules.active_site_finder
DEBUG    20/07 16:12:19   Checking options for antismash.modules.cluster_compare
DEBUG    20/07 16:12:19   Checking options for antismash.modules.clusterblast
DEBUG    20/07 16:12:19   Checking options for antismash.modules.lanthipeptides
DEBUG    20/07 16:12:19   Checking options for antismash.modules.lassopeptides
DEBUG    20/07 16:12:19   Checking options for antismash.modules.nrps_pks
DEBUG    20/07 16:12:19   Checking options for antismash.modules.pfam2go
DEBUG    20/07 16:12:19   Checking options for antismash.modules.rrefinder
DEBUG    20/07 16:12:19   Checking options for antismash.modules.sactipeptides
DEBUG    20/07 16:12:19   Checking options for antismash.modules.t2pks
DEBUG    20/07 16:12:19   Checking options for antismash.modules.tfbs_finder
DEBUG    20/07 16:12:19   Checking options for antismash.modules.thiopeptides
DEBUG    20/07 16:12:19   Checking options for antismash.modules.tta
DEBUG    20/07 16:12:19   Checking options for antismash.outputs.html
DEBUG    20/07 16:12:19   Checking options for antismash.support.genefinding
INFO     20/07 16:12:19   Parsing input sequence '/input/GCF_003076755.1_Pararhodobacter_oceanensis_AM505.gbk'
DEBUG    20/07 16:12:19   Stripping antiSMASH features and annotations from record: NZ_QDKM01000001.1
DEBUG    20/07 16:12:19   Stripping antiSMASH features and annotations from record: NZ_QDKM01000002.1
DEBUG    20/07 16:12:19   Stripping antiSMASH features and annotations from record: NZ_QDKM01000003.1
DEBUG    20/07 16:12:19   Stripping antiSMASH features and annotations from record: NZ_QDKM01000004.1
DEBUG    20/07 16:12:19   Stripping antiSMASH features and annotations from record: NZ_QDKM01000005.1
DEBUG    20/07 16:12:19   Stripping antiSMASH features and annotations from record: NZ_QDKM01000006.1
DEBUG    20/07 16:12:19   Stripping antiSMASH features and annotations from record: NZ_QDKM01000007.1
DEBUG    20/07 16:12:19   Stripping antiSMASH features and annotations from record: NZ_QDKM01000008.1
DEBUG    20/07 16:12:19   Stripping antiSMASH features and annotations from record: NZ_QDKM01000009.1
DEBUG    20/07 16:12:19   Stripping antiSMASH features and annotations from record: NZ_QDKM01000010.1
DEBUG    20/07 16:12:19   Stripping antiSMASH features and annotations from record: NZ_QDKM01000011.1
DEBUG    20/07 16:12:19   Stripping antiSMASH features and annotations from record: NZ_QDKM01000012.1
DEBUG    20/07 16:12:19   Stripping antiSMASH features and annotations from record: NZ_QDKM01000013.1
DEBUG    20/07 16:12:19   Stripping antiSMASH features and annotations from record: NZ_QDKM01000014.1
DEBUG    20/07 16:12:19   Stripping antiSMASH features and annotations from record: NZ_QDKM01000015.1
DEBUG    20/07 16:12:19   Stripping antiSMASH features and annotations from record: NZ_QDKM01000016.1
DEBUG    20/07 16:12:19   Stripping antiSMASH features and annotations from record: NZ_QDKM01000017.1
DEBUG    20/07 16:12:19   Stripping antiSMASH features and annotations from record: NZ_QDKM01000018.1
DEBUG    20/07 16:12:19   Stripping antiSMASH features and annotations from record: NZ_QDKM01000019.1
DEBUG    20/07 16:12:19   Stripping antiSMASH features and annotations from record: NZ_QDKM01000020.1
DEBUG    20/07 16:12:19   Stripping antiSMASH features and annotations from record: NZ_QDKM01000021.1
DEBUG    20/07 16:12:19   Stripping antiSMASH features and annotations from record: NZ_QDKM01000022.1
DEBUG    20/07 16:12:19   Stripping antiSMASH features and annotations from record: NZ_QDKM01000023.1
DEBUG    20/07 16:12:19   Stripping antiSMASH features and annotations from record: NZ_QDKM01000024.1
DEBUG    20/07 16:12:19   Stripping antiSMASH features and annotations from record: NZ_QDKM01000025.1
DEBUG    20/07 16:12:19   Stripping antiSMASH features and annotations from record: NZ_QDKM01000026.1
DEBUG    20/07 16:12:19   Stripping antiSMASH features and annotations from record: NZ_QDKM01000027.1
DEBUG    20/07 16:12:19   Stripping antiSMASH features and annotations from record: NZ_QDKM01000028.1
DEBUG    20/07 16:12:19   Stripping antiSMASH features and annotations from record: NZ_QDKM01000029.1
DEBUG    20/07 16:12:19   Stripping antiSMASH features and annotations from record: NZ_QDKM01000030.1
DEBUG    20/07 16:12:19   Stripping antiSMASH features and annotations from record: NZ_QDKM01000031.1
DEBUG    20/07 16:12:19   Stripping antiSMASH features and annotations from record: NZ_QDKM01000032.1
DEBUG    20/07 16:12:19   Converting records from biopython to secmet
DEBUG    20/07 16:12:20   Removing existing region genbank files
DEBUG    20/07 16:12:20   Reusing output directory: /data/antismash/upload/bacteria-7bcccc70-adf0-4486-9bbc-b3975d7e5e8c
DEBUG    20/07 16:12:20   Preprocessing 32 sequences
DEBUG    20/07 16:12:20   Sanitising record ids and sequences
DEBUG    20/07 16:12:21   Removing sequences smaller than 1000 bases
DEBUG    20/07 16:12:21   Ensuring records have CDS features with all required information
INFO     20/07 16:12:21   No CDS features found in record 'NZ_QDKM01000022.1', running gene finding.
DEBUG    20/07 16:12:21   Running prodigal based genefinding
INFO     20/07 16:12:21   No CDS features found in record 'NZ_QDKM01000023.1', running gene finding.
DEBUG    20/07 16:12:21   Running prodigal based genefinding
DEBUG    20/07 16:12:21   prodigal found 1 CDS features
DEBUG    20/07 16:12:21   prodigal found 8 CDS features
INFO     20/07 16:12:21   Analysing record: NZ_QDKM01000001.1
INFO     20/07 16:12:21   Detecting secondary metabolite clusters
DEBUG    20/07 16:12:21   Checking if antismash.detection.hmm_detection should be run
INFO     20/07 16:12:21   Running antismash.detection.hmm_detection
INFO     20/07 16:12:21   HMM detection using strictness: relaxed
DEBUG    20/07 16:12:26   1 rule-based cluster(s) found in record
DEBUG    20/07 16:12:26   1 protoclusters found
DEBUG    20/07 16:12:26   0 subregions found
INFO     20/07 16:12:26   1 region(s) detected in record
DEBUG    20/07 16:12:26   Checking if antismash.detection.cluster_hmmer should be run
INFO     20/07 16:12:26   Running antismash.detection.cluster_hmmer
INFO     20/07 16:12:26   Running cluster PFAM search
DEBUG    20/07 16:12:31   Building name mapping for HMMer database Pfam-A.hmm
DEBUG    20/07 16:12:33   Building cutoff mapping for HMMer database /databases/pfam/34.0/Pfam-A.hmm
DEBUG    20/07 16:12:36   Adding detection results from antismash.detection.cluster_hmmer to record
DEBUG    20/07 16:12:36   Checking if antismash.detection.genefunctions should be run
INFO     20/07 16:12:36   Running antismash.detection.genefunctions
DEBUG    20/07 16:12:37   Adding detection results from antismash.detection.genefunctions to record
DEBUG    20/07 16:12:37   annotating CDS features with resist info: 0 CDSes
DEBUG    20/07 16:12:37   annotating CDS features with smcogs info: 5 CDSes
DEBUG    20/07 16:12:37   Checking if antismash.detection.nrps_pks_domains should be run
INFO     20/07 16:12:37   Running antismash.detection.nrps_pks_domains
DEBUG    20/07 16:12:37   Marking NRPS/PKS CDS features and domains in clusters
DEBUG    20/07 16:12:37   Adding detection results from antismash.detection.nrps_pks_domains to record
DEBUG    20/07 16:12:37   Checking if antismash.detection.tigrfam should be run
INFO     20/07 16:12:37   Running antismash.detection.tigrfam
INFO     20/07 16:12:37   Running TIGRFam search
DEBUG    20/07 16:12:39   Building name mapping for HMMer database TIGRFam.hmm
DEBUG    20/07 16:12:40   Adding detection results from antismash.detection.tigrfam to record
DEBUG    20/07 16:12:40   Checking if antismash.modules.active_site_finder should be run
INFO     20/07 16:12:40   Running antismash.modules.active_site_finder
DEBUG    20/07 16:12:40   Checking if antismash.modules.cluster_compare should be run
INFO     20/07 16:12:40   Running antismash.modules.cluster_compare
DEBUG    20/07 16:12:40   Loading comparison database: MIBiG
DEBUG    20/07 16:12:41   Comparison database loaded
INFO     20/07 16:12:41   Comparing regions to reference database
DEBUG    20/07 16:12:42   Checking if antismash.modules.clusterblast should be run
INFO     20/07 16:12:42   Running antismash.modules.clusterblast
INFO     20/07 16:12:42   Finding internal homologs in each gene cluster...
INFO     20/07 16:12:43   Running ClusterBlast
INFO     20/07 16:12:43   ClusterBlast: Loading gene cluster database into memory...
INFO     20/07 16:12:45   ClusterBlast: Loading gene cluster database proteins into memory...
INFO     20/07 16:12:56   Comparing regions to reference database
INFO     20/07 16:13:48   Running subcluster search
INFO     20/07 16:13:48   SubClusterBlast: Loading gene cluster database into memory...
INFO     20/07 16:13:48   SubClusterBlast: Loading gene cluster database proteins into memory...
INFO     20/07 16:13:49   Running known cluster search
INFO     20/07 16:13:49   KnownClusterBlast: Loading gene cluster database into memory...
INFO     20/07 16:13:49   KnownClusterBlast: Loading gene cluster database proteins into memory...
DEBUG    20/07 16:13:49   Running DIAMOND knowncluster searches..
INFO     20/07 16:13:49   Comparing regions to reference database
DEBUG    20/07 16:13:51   Checking if antismash.modules.lanthipeptides should be run
INFO     20/07 16:13:51   Running antismash.modules.lanthipeptides
DEBUG    20/07 16:13:51   Lanthipeptide module marked 0 motifs
DEBUG    20/07 16:13:53   Checking if antismash.modules.lassopeptides should be run
INFO     20/07 16:13:53   Running antismash.modules.lassopeptides
DEBUG    20/07 16:13:57   Lassopeptide module marked 0 motifs
DEBUG    20/07 16:13:57   Checking if antismash.modules.nrps_pks should be run
INFO     20/07 16:13:57   Running antismash.modules.nrps_pks
DEBUG    20/07 16:13:57   No NRPS or PKS genes found, skipping analysis
DEBUG    20/07 16:13:57   Checking if antismash.modules.pfam2go should be run
INFO     20/07 16:13:57   Running antismash.modules.pfam2go
DEBUG    20/07 16:13:57   Checking if antismash.modules.rrefinder should be run
INFO     20/07 16:13:57   Running antismash.modules.rrefinder
DEBUG    20/07 16:13:57   Checking if antismash.modules.sactipeptides should be run
INFO     20/07 16:13:57   Running antismash.modules.sactipeptides
DEBUG    20/07 16:13:57   Found no sactipeptide motifs
DEBUG    20/07 16:13:58   Checking if antismash.modules.t2pks should be run
INFO     20/07 16:13:58   Running antismash.modules.t2pks
DEBUG    20/07 16:13:58   No type II PKS clusters to analyze
DEBUG    20/07 16:13:58   Checking if antismash.modules.tfbs_finder should be run
INFO     20/07 16:13:58   Running antismash.modules.tfbs_finder
DEBUG    20/07 16:13:58   Checking if antismash.modules.thiopeptides should be run
INFO     20/07 16:13:58   Running antismash.modules.thiopeptides
DEBUG    20/07 16:13:58   Thiopeptides marked 0 motifs
DEBUG    20/07 16:13:59   Checking if antismash.modules.tta should be run
INFO     20/07 16:13:59   Running antismash.modules.tta
INFO     20/07 16:13:59   Skipping TTA codon detection, GC content too low: 63%
INFO     20/07 16:13:59   Analysing record: NZ_QDKM01000002.1
INFO     20/07 16:13:59   Detecting secondary metabolite clusters
DEBUG    20/07 16:13:59   Checking if antismash.detection.hmm_detection should be run
INFO     20/07 16:13:59   Running antismash.detection.hmm_detection
INFO     20/07 16:13:59   HMM detection using strictness: relaxed
DEBUG    20/07 16:14:02   1 rule-based cluster(s) found in record
DEBUG    20/07 16:14:02   1 protoclusters found
DEBUG    20/07 16:14:02   0 subregions found
INFO     20/07 16:14:02   1 region(s) detected in record
DEBUG    20/07 16:14:02   Checking if antismash.detection.cluster_hmmer should be run
INFO     20/07 16:14:02   Running antismash.detection.cluster_hmmer
INFO     20/07 16:14:02   Running cluster PFAM search
DEBUG    20/07 16:14:06   Adding detection results from antismash.detection.cluster_hmmer to record
DEBUG    20/07 16:14:06   Checking if antismash.detection.genefunctions should be run
INFO     20/07 16:14:06   Running antismash.detection.genefunctions
DEBUG    20/07 16:14:07   Adding detection results from antismash.detection.genefunctions to record
DEBUG    20/07 16:14:07   annotating CDS features with resist info: 0 CDSes
DEBUG    20/07 16:14:07   annotating CDS features with smcogs info: 2 CDSes
DEBUG    20/07 16:14:07   Checking if antismash.detection.nrps_pks_domains should be run
INFO     20/07 16:14:07   Running antismash.detection.nrps_pks_domains
DEBUG    20/07 16:14:07   Marking NRPS/PKS CDS features and domains in clusters
DEBUG    20/07 16:14:07   Adding detection results from antismash.detection.nrps_pks_domains to record
DEBUG    20/07 16:14:07   Checking if antismash.detection.tigrfam should be run
INFO     20/07 16:14:07   Running antismash.detection.tigrfam
INFO     20/07 16:14:07   Running TIGRFam search
DEBUG    20/07 16:14:08   Adding detection results from antismash.detection.tigrfam to record
DEBUG    20/07 16:14:08   Checking if antismash.modules.active_site_finder should be run
INFO     20/07 16:14:08   Running antismash.modules.active_site_finder
DEBUG    20/07 16:14:08   Checking if antismash.modules.cluster_compare should be run
INFO     20/07 16:14:08   Running antismash.modules.cluster_compare
DEBUG    20/07 16:14:08   Loading comparison database: MIBiG
DEBUG    20/07 16:14:08   Comparison database loaded
INFO     20/07 16:14:08   Comparing regions to reference database
DEBUG    20/07 16:14:09   Checking if antismash.modules.clusterblast should be run
INFO     20/07 16:14:09   Running antismash.modules.clusterblast
INFO     20/07 16:14:09   Finding internal homologs in each gene cluster...
INFO     20/07 16:14:10   Running ClusterBlast
INFO     20/07 16:14:10   ClusterBlast: Loading gene cluster database into memory...
INFO     20/07 16:14:12   ClusterBlast: Loading gene cluster database proteins into memory...
INFO     20/07 16:14:23   Comparing regions to reference database
INFO     20/07 16:15:15   Running subcluster search
INFO     20/07 16:15:15   SubClusterBlast: Loading gene cluster database into memory...
INFO     20/07 16:15:15   SubClusterBlast: Loading gene cluster database proteins into memory...
INFO     20/07 16:15:17   Running known cluster search
INFO     20/07 16:15:17   KnownClusterBlast: Loading gene cluster database into memory...
INFO     20/07 16:15:17   KnownClusterBlast: Loading gene cluster database proteins into memory...
DEBUG    20/07 16:15:17   Running DIAMOND knowncluster searches..
INFO     20/07 16:15:17   Comparing regions to reference database
DEBUG    20/07 16:15:19   Checking if antismash.modules.lanthipeptides should be run
INFO     20/07 16:15:19   Running antismash.modules.lanthipeptides
DEBUG    20/07 16:15:19   Lanthipeptide module marked 0 motifs
DEBUG    20/07 16:15:20   Checking if antismash.modules.lassopeptides should be run
INFO     20/07 16:15:20   Running antismash.modules.lassopeptides
DEBUG    20/07 16:15:21   Lassopeptide module marked 0 motifs
DEBUG    20/07 16:15:21   Checking if antismash.modules.nrps_pks should be run
INFO     20/07 16:15:21   Running antismash.modules.nrps_pks
DEBUG    20/07 16:15:21   Checking if antismash.modules.pfam2go should be run
INFO     20/07 16:15:21   Running antismash.modules.pfam2go
DEBUG    20/07 16:15:21   Checking if antismash.modules.rrefinder should be run
INFO     20/07 16:15:21   Running antismash.modules.rrefinder
DEBUG    20/07 16:15:21   Checking if antismash.modules.sactipeptides should be run
INFO     20/07 16:15:21   Running antismash.modules.sactipeptides
DEBUG    20/07 16:15:21   Found no sactipeptide motifs
DEBUG    20/07 16:15:23   Checking if antismash.modules.t2pks should be run
INFO     20/07 16:15:23   Running antismash.modules.t2pks
DEBUG    20/07 16:15:23   No type II PKS clusters to analyze
DEBUG    20/07 16:15:23   Checking if antismash.modules.tfbs_finder should be run
INFO     20/07 16:15:23   Running antismash.modules.tfbs_finder
DEBUG    20/07 16:15:23   Checking if antismash.modules.thiopeptides should be run
INFO     20/07 16:15:23   Running antismash.modules.thiopeptides
DEBUG    20/07 16:15:23   Thiopeptides marked 0 motifs
DEBUG    20/07 16:15:27   Checking if antismash.modules.tta should be run
INFO     20/07 16:15:27   Running antismash.modules.tta
INFO     20/07 16:15:27   Skipping TTA codon detection, GC content too low: 64%
INFO     20/07 16:15:27   Analysing record: NZ_QDKM01000003.1
INFO     20/07 16:15:27   Detecting secondary metabolite clusters
DEBUG    20/07 16:15:27   Checking if antismash.detection.hmm_detection should be run
INFO     20/07 16:15:27   Running antismash.detection.hmm_detection
INFO     20/07 16:15:27   HMM detection using strictness: relaxed
DEBUG    20/07 16:15:30   0 rule-based cluster(s) found in record
DEBUG    20/07 16:15:30   0 protoclusters found
DEBUG    20/07 16:15:30   0 subregions found
INFO     20/07 16:15:30   No regions detected, skipping record
INFO     20/07 16:15:30   Analysing record: NZ_QDKM01000004.1
INFO     20/07 16:15:30   Detecting secondary metabolite clusters
DEBUG    20/07 16:15:30   Checking if antismash.detection.hmm_detection should be run
INFO     20/07 16:15:30   Running antismash.detection.hmm_detection
INFO     20/07 16:15:30   HMM detection using strictness: relaxed
DEBUG    20/07 16:15:32   0 rule-based cluster(s) found in record
DEBUG    20/07 16:15:32   0 protoclusters found
DEBUG    20/07 16:15:32   0 subregions found
INFO     20/07 16:15:32   No regions detected, skipping record
INFO     20/07 16:15:32   Analysing record: NZ_QDKM01000005.1
INFO     20/07 16:15:32   Detecting secondary metabolite clusters
DEBUG    20/07 16:15:32   Checking if antismash.detection.hmm_detection should be run
INFO     20/07 16:15:32   Running antismash.detection.hmm_detection
INFO     20/07 16:15:32   HMM detection using strictness: relaxed
DEBUG    20/07 16:15:34   2 rule-based cluster(s) found in record
DEBUG    20/07 16:15:34   2 protoclusters found
DEBUG    20/07 16:15:34   0 subregions found
INFO     20/07 16:15:34   1 region(s) detected in record
DEBUG    20/07 16:15:34   Checking if antismash.detection.cluster_hmmer should be run
INFO     20/07 16:15:34   Running antismash.detection.cluster_hmmer
INFO     20/07 16:15:34   Running cluster PFAM search
DEBUG    20/07 16:15:46   Adding detection results from antismash.detection.cluster_hmmer to record
DEBUG    20/07 16:15:46   Checking if antismash.detection.genefunctions should be run
INFO     20/07 16:15:46   Running antismash.detection.genefunctions
DEBUG    20/07 16:15:47   Adding detection results from antismash.detection.genefunctions to record
DEBUG    20/07 16:15:47   annotating CDS features with resist info: 0 CDSes
DEBUG    20/07 16:15:47   annotating CDS features with smcogs info: 12 CDSes
DEBUG    20/07 16:15:47   Checking if antismash.detection.nrps_pks_domains should be run
INFO     20/07 16:15:47   Running antismash.detection.nrps_pks_domains
DEBUG    20/07 16:15:47   Marking NRPS/PKS CDS features and domains in clusters
DEBUG    20/07 16:15:48   Adding detection results from antismash.detection.nrps_pks_domains to record
DEBUG    20/07 16:15:48   Checking if antismash.detection.tigrfam should be run
INFO     20/07 16:15:48   Running antismash.detection.tigrfam
INFO     20/07 16:15:48   Running TIGRFam search
DEBUG    20/07 16:15:53   Adding detection results from antismash.detection.tigrfam to record
DEBUG    20/07 16:15:53   Checking if antismash.modules.active_site_finder should be run
INFO     20/07 16:15:53   Running antismash.modules.active_site_finder
DEBUG    20/07 16:15:53   Checking if antismash.modules.cluster_compare should be run
INFO     20/07 16:15:53   Running antismash.modules.cluster_compare
DEBUG    20/07 16:15:53   Loading comparison database: MIBiG
DEBUG    20/07 16:15:53   Comparison database loaded
INFO     20/07 16:15:53   Comparing regions to reference database
DEBUG    20/07 16:15:56   Checking if antismash.modules.clusterblast should be run
INFO     20/07 16:15:56   Running antismash.modules.clusterblast
INFO     20/07 16:15:56   Finding internal homologs in each gene cluster...
INFO     20/07 16:15:57   Running ClusterBlast
INFO     20/07 16:15:57   ClusterBlast: Loading gene cluster database into memory...
INFO     20/07 16:15:59   ClusterBlast: Loading gene cluster database proteins into memory...
INFO     20/07 16:16:10   Comparing regions to reference database
INFO     20/07 16:17:08   Running subcluster search
INFO     20/07 16:17:08   SubClusterBlast: Loading gene cluster database into memory...
INFO     20/07 16:17:08   SubClusterBlast: Loading gene cluster database proteins into memory...
INFO     20/07 16:17:09   Running known cluster search
INFO     20/07 16:17:09   KnownClusterBlast: Loading gene cluster database into memory...
INFO     20/07 16:17:09   KnownClusterBlast: Loading gene cluster database proteins into memory...
DEBUG    20/07 16:17:09   Running DIAMOND knowncluster searches..
INFO     20/07 16:17:09   Comparing regions to reference database
DEBUG    20/07 16:17:13   Checking if antismash.modules.lanthipeptides should be run
INFO     20/07 16:17:13   Running antismash.modules.lanthipeptides
DEBUG    20/07 16:17:13   Lanthipeptide module marked 0 motifs
DEBUG    20/07 16:17:14   Checking if antismash.modules.lassopeptides should be run
INFO     20/07 16:17:14   Running antismash.modules.lassopeptides
DEBUG    20/07 16:17:15   Lassopeptide module marked 0 motifs
DEBUG    20/07 16:17:15   Checking if antismash.modules.nrps_pks should be run
INFO     20/07 16:17:15   Running antismash.modules.nrps_pks
INFO     20/07 16:17:15   Predicting A domain substrate specificities with nrpys
INFO     20/07 16:17:15   Predicting PKS AT domain substrate specificities by Yadav et al. PKS signature sequences
INFO     20/07 16:17:16   Predicting PKS AT domain substrate specificities by Minowa et al. method
INFO     20/07 16:17:18   Predicting CAL domain substrate specificities by Minowa et al. method
INFO     20/07 16:17:18   Predicting PKS KR activity and stereochemistry using KR fingerprints from Starcevic et al.
DEBUG    20/07 16:17:18   CandidateCluster 1 monomer ordering method: colinear
DEBUG    20/07 16:17:18   CandidateCluster 2 monomer ordering method: colinear
DEBUG    20/07 16:17:18   CandidateCluster 3 monomer ordering method: colinear
DEBUG    20/07 16:17:18   Checking if antismash.modules.pfam2go should be run
INFO     20/07 16:17:18   Running antismash.modules.pfam2go
DEBUG    20/07 16:17:18   Checking if antismash.modules.rrefinder should be run
INFO     20/07 16:17:18   Running antismash.modules.rrefinder
DEBUG    20/07 16:17:18   Checking if antismash.modules.sactipeptides should be run
INFO     20/07 16:17:18   Running antismash.modules.sactipeptides
DEBUG    20/07 16:17:18   Found no sactipeptide motifs
DEBUG    20/07 16:17:19   Checking if antismash.modules.t2pks should be run
INFO     20/07 16:17:19   Running antismash.modules.t2pks
DEBUG    20/07 16:17:19   No type II PKS clusters to analyze
DEBUG    20/07 16:17:19   Checking if antismash.modules.tfbs_finder should be run
INFO     20/07 16:17:19   Running antismash.modules.tfbs_finder
DEBUG    20/07 16:17:19   Checking if antismash.modules.thiopeptides should be run
INFO     20/07 16:17:19   Running antismash.modules.thiopeptides
DEBUG    20/07 16:17:19   Thiopeptides marked 0 motifs
DEBUG    20/07 16:17:21   Checking if antismash.modules.tta should be run
INFO     20/07 16:17:21   Running antismash.modules.tta
INFO     20/07 16:17:21   Skipping TTA codon detection, GC content too low: 63%
INFO     20/07 16:17:21   Analysing record: NZ_QDKM01000006.1
INFO     20/07 16:17:21   Detecting secondary metabolite clusters
DEBUG    20/07 16:17:21   Checking if antismash.detection.hmm_detection should be run
INFO     20/07 16:17:21   Running antismash.detection.hmm_detection
INFO     20/07 16:17:21   HMM detection using strictness: relaxed
DEBUG    20/07 16:17:22   0 rule-based cluster(s) found in record
DEBUG    20/07 16:17:22   0 protoclusters found
DEBUG    20/07 16:17:22   0 subregions found
INFO     20/07 16:17:22   No regions detected, skipping record
INFO     20/07 16:17:22   Analysing record: NZ_QDKM01000007.1
INFO     20/07 16:17:22   Detecting secondary metabolite clusters
DEBUG    20/07 16:17:22   Checking if antismash.detection.hmm_detection should be run
INFO     20/07 16:17:22   Running antismash.detection.hmm_detection
INFO     20/07 16:17:22   HMM detection using strictness: relaxed
DEBUG    20/07 16:17:23   0 rule-based cluster(s) found in record
DEBUG    20/07 16:17:23   0 protoclusters found
DEBUG    20/07 16:17:23   0 subregions found
INFO     20/07 16:17:23   No regions detected, skipping record
INFO     20/07 16:17:23   Analysing record: NZ_QDKM01000008.1
INFO     20/07 16:17:23   Detecting secondary metabolite clusters
DEBUG    20/07 16:17:23   Checking if antismash.detection.hmm_detection should be run
INFO     20/07 16:17:23   Running antismash.detection.hmm_detection
INFO     20/07 16:17:23   HMM detection using strictness: relaxed
DEBUG    20/07 16:17:24   0 rule-based cluster(s) found in record
DEBUG    20/07 16:17:24   0 protoclusters found
DEBUG    20/07 16:17:24   0 subregions found
INFO     20/07 16:17:24   No regions detected, skipping record
INFO     20/07 16:17:24   Analysing record: NZ_QDKM01000009.1
INFO     20/07 16:17:24   Detecting secondary metabolite clusters
DEBUG    20/07 16:17:24   Checking if antismash.detection.hmm_detection should be run
INFO     20/07 16:17:24   Running antismash.detection.hmm_detection
INFO     20/07 16:17:24   HMM detection using strictness: relaxed
DEBUG    20/07 16:17:25   0 rule-based cluster(s) found in record
DEBUG    20/07 16:17:25   0 protoclusters found
DEBUG    20/07 16:17:25   0 subregions found
INFO     20/07 16:17:25   No regions detected, skipping record
INFO     20/07 16:17:25   Analysing record: NZ_QDKM01000010.1
INFO     20/07 16:17:25   Detecting secondary metabolite clusters
DEBUG    20/07 16:17:25   Checking if antismash.detection.hmm_detection should be run
INFO     20/07 16:17:25   Running antismash.detection.hmm_detection
INFO     20/07 16:17:25   HMM detection using strictness: relaxed
DEBUG    20/07 16:17:26   1 rule-based cluster(s) found in record
DEBUG    20/07 16:17:26   1 protoclusters found
DEBUG    20/07 16:17:26   0 subregions found
INFO     20/07 16:17:26   1 region(s) detected in record
DEBUG    20/07 16:17:26   Checking if antismash.detection.cluster_hmmer should be run
INFO     20/07 16:17:26   Running antismash.detection.cluster_hmmer
INFO     20/07 16:17:26   Running cluster PFAM search
DEBUG    20/07 16:17:32   Adding detection results from antismash.detection.cluster_hmmer to record
DEBUG    20/07 16:17:32   Checking if antismash.detection.genefunctions should be run
INFO     20/07 16:17:32   Running antismash.detection.genefunctions
DEBUG    20/07 16:17:33   Adding detection results from antismash.detection.genefunctions to record
DEBUG    20/07 16:17:33   annotating CDS features with resist info: 0 CDSes
DEBUG    20/07 16:17:33   annotating CDS features with smcogs info: 7 CDSes
DEBUG    20/07 16:17:33   Checking if antismash.detection.nrps_pks_domains should be run
INFO     20/07 16:17:33   Running antismash.detection.nrps_pks_domains
DEBUG    20/07 16:17:33   Marking NRPS/PKS CDS features and domains in clusters
DEBUG    20/07 16:17:34   Adding detection results from antismash.detection.nrps_pks_domains to record
DEBUG    20/07 16:17:34   Checking if antismash.detection.tigrfam should be run
INFO     20/07 16:17:34   Running antismash.detection.tigrfam
INFO     20/07 16:17:34   Running TIGRFam search
DEBUG    20/07 16:17:36   Adding detection results from antismash.detection.tigrfam to record
DEBUG    20/07 16:17:36   Checking if antismash.modules.active_site_finder should be run
INFO     20/07 16:17:36   Running antismash.modules.active_site_finder
DEBUG    20/07 16:17:36   Checking if antismash.modules.cluster_compare should be run
INFO     20/07 16:17:36   Running antismash.modules.cluster_compare
DEBUG    20/07 16:17:36   Loading comparison database: MIBiG
DEBUG    20/07 16:17:36   Comparison database loaded
INFO     20/07 16:17:36   Comparing regions to reference database
DEBUG    20/07 16:17:37   Checking if antismash.modules.clusterblast should be run
INFO     20/07 16:17:37   Running antismash.modules.clusterblast
INFO     20/07 16:17:37   Finding internal homologs in each gene cluster...
INFO     20/07 16:17:38   Running ClusterBlast
INFO     20/07 16:17:38   ClusterBlast: Loading gene cluster database into memory...
INFO     20/07 16:17:40   ClusterBlast: Loading gene cluster database proteins into memory...
INFO     20/07 16:17:52   Comparing regions to reference database
INFO     20/07 16:18:45   Running subcluster search
INFO     20/07 16:18:45   SubClusterBlast: Loading gene cluster database into memory...
INFO     20/07 16:18:45   SubClusterBlast: Loading gene cluster database proteins into memory...
INFO     20/07 16:18:46   Running known cluster search
INFO     20/07 16:18:46   KnownClusterBlast: Loading gene cluster database into memory...
INFO     20/07 16:18:46   KnownClusterBlast: Loading gene cluster database proteins into memory...
DEBUG    20/07 16:18:46   Running DIAMOND knowncluster searches..
INFO     20/07 16:18:46   Comparing regions to reference database
DEBUG    20/07 16:18:48   Checking if antismash.modules.lanthipeptides should be run
INFO     20/07 16:18:48   Running antismash.modules.lanthipeptides
DEBUG    20/07 16:18:48   Lanthipeptide module marked 0 motifs
DEBUG    20/07 16:18:51   Checking if antismash.modules.lassopeptides should be run
INFO     20/07 16:18:51   Running antismash.modules.lassopeptides
DEBUG    20/07 16:18:52   Lassopeptide module marked 0 motifs
DEBUG    20/07 16:18:52   Checking if antismash.modules.nrps_pks should be run
INFO     20/07 16:18:52   Running antismash.modules.nrps_pks
INFO     20/07 16:18:52   Predicting A domain substrate specificities with nrpys
DEBUG    20/07 16:18:52   Checking if antismash.modules.pfam2go should be run
INFO     20/07 16:18:52   Running antismash.modules.pfam2go
DEBUG    20/07 16:18:52   Checking if antismash.modules.rrefinder should be run
INFO     20/07 16:18:52   Running antismash.modules.rrefinder
DEBUG    20/07 16:18:52   Checking if antismash.modules.sactipeptides should be run
INFO     20/07 16:18:52   Running antismash.modules.sactipeptides
DEBUG    20/07 16:18:52   Found no sactipeptide motifs
DEBUG    20/07 16:18:53   Checking if antismash.modules.t2pks should be run
INFO     20/07 16:18:53   Running antismash.modules.t2pks
DEBUG    20/07 16:18:53   No type II PKS clusters to analyze
DEBUG    20/07 16:18:53   Checking if antismash.modules.tfbs_finder should be run
INFO     20/07 16:18:53   Running antismash.modules.tfbs_finder
DEBUG    20/07 16:18:53   Checking if antismash.modules.thiopeptides should be run
INFO     20/07 16:18:53   Running antismash.modules.thiopeptides
DEBUG    20/07 16:18:53   Thiopeptides marked 0 motifs
DEBUG    20/07 16:18:54   Checking if antismash.modules.tta should be run
INFO     20/07 16:18:54   Running antismash.modules.tta
INFO     20/07 16:18:54   Skipping TTA codon detection, GC content too low: 63%
INFO     20/07 16:18:54   Analysing record: NZ_QDKM01000011.1
INFO     20/07 16:18:54   Detecting secondary metabolite clusters
DEBUG    20/07 16:18:54   Checking if antismash.detection.hmm_detection should be run
INFO     20/07 16:18:54   Running antismash.detection.hmm_detection
INFO     20/07 16:18:54   HMM detection using strictness: relaxed
DEBUG    20/07 16:18:55   0 rule-based cluster(s) found in record
DEBUG    20/07 16:18:55   0 protoclusters found
DEBUG    20/07 16:18:55   0 subregions found
INFO     20/07 16:18:55   No regions detected, skipping record
INFO     20/07 16:18:55   Analysing record: NZ_QDKM01000012.1
INFO     20/07 16:18:55   Detecting secondary metabolite clusters
DEBUG    20/07 16:18:55   Checking if antismash.detection.hmm_detection should be run
INFO     20/07 16:18:55   Running antismash.detection.hmm_detection
INFO     20/07 16:18:55   HMM detection using strictness: relaxed
DEBUG    20/07 16:18:56   0 rule-based cluster(s) found in record
DEBUG    20/07 16:18:56   0 protoclusters found
DEBUG    20/07 16:18:56   0 subregions found
INFO     20/07 16:18:56   No regions detected, skipping record
INFO     20/07 16:18:56   Analysing record: NZ_QDKM01000013.1
INFO     20/07 16:18:56   Detecting secondary metabolite clusters
DEBUG    20/07 16:18:56   Checking if antismash.detection.hmm_detection should be run
INFO     20/07 16:18:56   Running antismash.detection.hmm_detection
INFO     20/07 16:18:56   HMM detection using strictness: relaxed
DEBUG    20/07 16:18:56   0 rule-based cluster(s) found in record
DEBUG    20/07 16:18:56   0 protoclusters found
DEBUG    20/07 16:18:56   0 subregions found
INFO     20/07 16:18:56   No regions detected, skipping record
INFO     20/07 16:18:56   Analysing record: NZ_QDKM01000014.1
INFO     20/07 16:18:56   Detecting secondary metabolite clusters
DEBUG    20/07 16:18:56   Checking if antismash.detection.hmm_detection should be run
INFO     20/07 16:18:56   Running antismash.detection.hmm_detection
INFO     20/07 16:18:56   HMM detection using strictness: relaxed
DEBUG    20/07 16:18:57   0 rule-based cluster(s) found in record
DEBUG    20/07 16:18:57   0 protoclusters found
DEBUG    20/07 16:18:57   0 subregions found
INFO     20/07 16:18:57   No regions detected, skipping record
INFO     20/07 16:18:57   Analysing record: NZ_QDKM01000015.1
INFO     20/07 16:18:57   Detecting secondary metabolite clusters
DEBUG    20/07 16:18:57   Checking if antismash.detection.hmm_detection should be run
INFO     20/07 16:18:57   Running antismash.detection.hmm_detection
INFO     20/07 16:18:57   HMM detection using strictness: relaxed
DEBUG    20/07 16:18:57   0 rule-based cluster(s) found in record
DEBUG    20/07 16:18:57   0 protoclusters found
DEBUG    20/07 16:18:57   0 subregions found
INFO     20/07 16:18:57   No regions detected, skipping record
INFO     20/07 16:18:57   Analysing record: NZ_QDKM01000016.1
INFO     20/07 16:18:57   Detecting secondary metabolite clusters
DEBUG    20/07 16:18:57   Checking if antismash.detection.hmm_detection should be run
INFO     20/07 16:18:57   Running antismash.detection.hmm_detection
INFO     20/07 16:18:57   HMM detection using strictness: relaxed
DEBUG    20/07 16:18:58   0 rule-based cluster(s) found in record
DEBUG    20/07 16:18:58   0 protoclusters found
DEBUG    20/07 16:18:58   0 subregions found
INFO     20/07 16:18:58   No regions detected, skipping record
INFO     20/07 16:18:58   Analysing record: NZ_QDKM01000017.1
INFO     20/07 16:18:58   Detecting secondary metabolite clusters
DEBUG    20/07 16:18:58   Checking if antismash.detection.hmm_detection should be run
INFO     20/07 16:18:58   Running antismash.detection.hmm_detection
INFO     20/07 16:18:58   HMM detection using strictness: relaxed
DEBUG    20/07 16:18:58   0 rule-based cluster(s) found in record
DEBUG    20/07 16:18:58   0 protoclusters found
DEBUG    20/07 16:18:58   0 subregions found
INFO     20/07 16:18:58   No regions detected, skipping record
INFO     20/07 16:18:58   Analysing record: NZ_QDKM01000018.1
INFO     20/07 16:18:58   Detecting secondary metabolite clusters
DEBUG    20/07 16:18:58   Checking if antismash.detection.hmm_detection should be run
INFO     20/07 16:18:58   Running antismash.detection.hmm_detection
INFO     20/07 16:18:58   HMM detection using strictness: relaxed
DEBUG    20/07 16:18:59   0 rule-based cluster(s) found in record
DEBUG    20/07 16:18:59   0 protoclusters found
DEBUG    20/07 16:18:59   0 subregions found
INFO     20/07 16:18:59   No regions detected, skipping record
INFO     20/07 16:18:59   Analysing record: NZ_QDKM01000019.1
INFO     20/07 16:18:59   Detecting secondary metabolite clusters
DEBUG    20/07 16:18:59   Checking if antismash.detection.hmm_detection should be run
INFO     20/07 16:18:59   Running antismash.detection.hmm_detection
INFO     20/07 16:18:59   HMM detection using strictness: relaxed
DEBUG    20/07 16:18:59   0 rule-based cluster(s) found in record
DEBUG    20/07 16:18:59   0 protoclusters found
DEBUG    20/07 16:18:59   0 subregions found
INFO     20/07 16:18:59   No regions detected, skipping record
INFO     20/07 16:18:59   Analysing record: NZ_QDKM01000020.1
INFO     20/07 16:18:59   Detecting secondary metabolite clusters
DEBUG    20/07 16:18:59   Checking if antismash.detection.hmm_detection should be run
INFO     20/07 16:18:59   Running antismash.detection.hmm_detection
INFO     20/07 16:18:59   HMM detection using strictness: relaxed
DEBUG    20/07 16:19:00   0 rule-based cluster(s) found in record
DEBUG    20/07 16:19:00   0 protoclusters found
DEBUG    20/07 16:19:00   0 subregions found
INFO     20/07 16:19:00   No regions detected, skipping record
INFO     20/07 16:19:00   Analysing record: NZ_QDKM01000021.1
INFO     20/07 16:19:00   Detecting secondary metabolite clusters
DEBUG    20/07 16:19:00   Checking if antismash.detection.hmm_detection should be run
INFO     20/07 16:19:00   Running antismash.detection.hmm_detection
INFO     20/07 16:19:00   HMM detection using strictness: relaxed
DEBUG    20/07 16:19:00   0 rule-based cluster(s) found in record
DEBUG    20/07 16:19:00   0 protoclusters found
DEBUG    20/07 16:19:00   0 subregions found
INFO     20/07 16:19:00   No regions detected, skipping record
INFO     20/07 16:19:00   Analysing record: NZ_QDKM01000022.1
INFO     20/07 16:19:00   Detecting secondary metabolite clusters
DEBUG    20/07 16:19:00   Checking if antismash.detection.hmm_detection should be run
INFO     20/07 16:19:00   Running antismash.detection.hmm_detection
INFO     20/07 16:19:00   HMM detection using strictness: relaxed
DEBUG    20/07 16:19:01   0 rule-based cluster(s) found in record
DEBUG    20/07 16:19:01   0 protoclusters found
DEBUG    20/07 16:19:01   0 subregions found
INFO     20/07 16:19:01   No regions detected, skipping record
INFO     20/07 16:19:01   Analysing record: NZ_QDKM01000023.1
INFO     20/07 16:19:01   Detecting secondary metabolite clusters
DEBUG    20/07 16:19:01   Checking if antismash.detection.hmm_detection should be run
INFO     20/07 16:19:01   Running antismash.detection.hmm_detection
INFO     20/07 16:19:01   HMM detection using strictness: relaxed
DEBUG    20/07 16:19:01   0 rule-based cluster(s) found in record
DEBUG    20/07 16:19:01   0 protoclusters found
DEBUG    20/07 16:19:01   0 subregions found
INFO     20/07 16:19:01   No regions detected, skipping record
INFO     20/07 16:19:01   Analysing record: NZ_QDKM01000024.1
INFO     20/07 16:19:01   Detecting secondary metabolite clusters
DEBUG    20/07 16:19:01   Checking if antismash.detection.hmm_detection should be run
INFO     20/07 16:19:01   Running antismash.detection.hmm_detection
INFO     20/07 16:19:01   HMM detection using strictness: relaxed
DEBUG    20/07 16:19:02   0 rule-based cluster(s) found in record
DEBUG    20/07 16:19:02   0 protoclusters found
DEBUG    20/07 16:19:02   0 subregions found
INFO     20/07 16:19:02   No regions detected, skipping record
INFO     20/07 16:19:02   Analysing record: NZ_QDKM01000025.1
INFO     20/07 16:19:02   Detecting secondary metabolite clusters
DEBUG    20/07 16:19:02   Checking if antismash.detection.hmm_detection should be run
INFO     20/07 16:19:02   Running antismash.detection.hmm_detection
INFO     20/07 16:19:02   HMM detection using strictness: relaxed
DEBUG    20/07 16:19:02   0 rule-based cluster(s) found in record
DEBUG    20/07 16:19:02   0 protoclusters found
DEBUG    20/07 16:19:02   0 subregions found
INFO     20/07 16:19:02   No regions detected, skipping record
INFO     20/07 16:19:02   Analysing record: NZ_QDKM01000026.1
INFO     20/07 16:19:02   Detecting secondary metabolite clusters
DEBUG    20/07 16:19:02   Checking if antismash.detection.hmm_detection should be run
INFO     20/07 16:19:02   Running antismash.detection.hmm_detection
INFO     20/07 16:19:02   HMM detection using strictness: relaxed
DEBUG    20/07 16:19:03   0 rule-based cluster(s) found in record
DEBUG    20/07 16:19:03   0 protoclusters found
DEBUG    20/07 16:19:03   0 subregions found
INFO     20/07 16:19:03   No regions detected, skipping record
INFO     20/07 16:19:03   Analysing record: NZ_QDKM01000027.1
INFO     20/07 16:19:03   Detecting secondary metabolite clusters
DEBUG    20/07 16:19:03   Checking if antismash.detection.hmm_detection should be run
INFO     20/07 16:19:03   Running antismash.detection.hmm_detection
INFO     20/07 16:19:03   HMM detection using strictness: relaxed
DEBUG    20/07 16:19:03   0 rule-based cluster(s) found in record
DEBUG    20/07 16:19:03   0 protoclusters found
DEBUG    20/07 16:19:03   0 subregions found
INFO     20/07 16:19:03   No regions detected, skipping record
INFO     20/07 16:19:03   Analysing record: NZ_QDKM01000028.1
INFO     20/07 16:19:03   Detecting secondary metabolite clusters
DEBUG    20/07 16:19:03   Checking if antismash.detection.hmm_detection should be run
INFO     20/07 16:19:03   Running antismash.detection.hmm_detection
INFO     20/07 16:19:03   HMM detection using strictness: relaxed
DEBUG    20/07 16:19:03   0 rule-based cluster(s) found in record
DEBUG    20/07 16:19:03   0 protoclusters found
DEBUG    20/07 16:19:03   0 subregions found
INFO     20/07 16:19:03   No regions detected, skipping record
INFO     20/07 16:19:03   Analysing record: NZ_QDKM01000029.1
INFO     20/07 16:19:03   Detecting secondary metabolite clusters
DEBUG    20/07 16:19:03   Checking if antismash.detection.hmm_detection should be run
INFO     20/07 16:19:03   Running antismash.detection.hmm_detection
INFO     20/07 16:19:03   HMM detection using strictness: relaxed
DEBUG    20/07 16:19:04   0 rule-based cluster(s) found in record
DEBUG    20/07 16:19:04   0 protoclusters found
DEBUG    20/07 16:19:04   0 subregions found
INFO     20/07 16:19:04   No regions detected, skipping record
INFO     20/07 16:19:04   Analysing record: NZ_QDKM01000030.1
INFO     20/07 16:19:04   Detecting secondary metabolite clusters
DEBUG    20/07 16:19:04   Checking if antismash.detection.hmm_detection should be run
INFO     20/07 16:19:04   Running antismash.detection.hmm_detection
INFO     20/07 16:19:04   HMM detection using strictness: relaxed
DEBUG    20/07 16:19:04   0 rule-based cluster(s) found in record
DEBUG    20/07 16:19:04   0 protoclusters found
DEBUG    20/07 16:19:04   0 subregions found
INFO     20/07 16:19:04   No regions detected, skipping record
INFO     20/07 16:19:04   Analysing record: NZ_QDKM01000031.1
INFO     20/07 16:19:04   Detecting secondary metabolite clusters
DEBUG    20/07 16:19:04   Checking if antismash.detection.hmm_detection should be run
INFO     20/07 16:19:04   Running antismash.detection.hmm_detection
INFO     20/07 16:19:04   HMM detection using strictness: relaxed
DEBUG    20/07 16:19:05   0 rule-based cluster(s) found in record
DEBUG    20/07 16:19:05   0 protoclusters found
DEBUG    20/07 16:19:05   0 subregions found
INFO     20/07 16:19:05   No regions detected, skipping record
INFO     20/07 16:19:05   Analysing record: NZ_QDKM01000032.1
INFO     20/07 16:19:05   Detecting secondary metabolite clusters
DEBUG    20/07 16:19:05   Checking if antismash.detection.hmm_detection should be run
INFO     20/07 16:19:05   Running antismash.detection.hmm_detection
INFO     20/07 16:19:05   HMM detection using strictness: relaxed
DEBUG    20/07 16:19:05   0 rule-based cluster(s) found in record
DEBUG    20/07 16:19:05   0 protoclusters found
DEBUG    20/07 16:19:05   0 subregions found
INFO     20/07 16:19:05   No regions detected, skipping record
DEBUG    20/07 16:19:05   Writing json results to '/data/antismash/upload/bacteria-7bcccc70-adf0-4486-9bbc-b3975d7e5e8c/GCF_003076755.1_Pararhodobacter_oceanensis_AM505.json'
DEBUG    20/07 16:19:05   Record NZ_QDKM01000001.1 has results for modules: hmm_detection, cluster_hmmer, genefunctions, nrps_pks_domains, tigrfam, active_site_finder, cluster_compare, clusterblast, lanthipeptides, lassopeptides, nrps_pks, pfam2go, rrefinder, sactipeptides, t2pks, tfbs_finder, thiopeptides
DEBUG    20/07 16:19:05   Converting antismash.detection.hmm_detection results to json
DEBUG    20/07 16:19:05   Converting antismash.detection.cluster_hmmer results to json
DEBUG    20/07 16:19:05   Converting antismash.detection.genefunctions results to json
DEBUG    20/07 16:19:05   Converting antismash.detection.nrps_pks_domains results to json
DEBUG    20/07 16:19:05   Converting antismash.detection.tigrfam results to json
DEBUG    20/07 16:19:05   Converting antismash.modules.active_site_finder results to json
DEBUG    20/07 16:19:05   Converting antismash.modules.cluster_compare results to json
DEBUG    20/07 16:19:05   Converting antismash.modules.clusterblast results to json
DEBUG    20/07 16:19:05   Converting antismash.modules.lanthipeptides results to json
DEBUG    20/07 16:19:05   Converting antismash.modules.lassopeptides results to json
DEBUG    20/07 16:19:05   Converting antismash.modules.nrps_pks results to json
DEBUG    20/07 16:19:05   Converting antismash.modules.pfam2go results to json
DEBUG    20/07 16:19:05   Converting antismash.modules.rrefinder results to json
DEBUG    20/07 16:19:05   Converting antismash.modules.sactipeptides results to json
DEBUG    20/07 16:19:05   Converting antismash.modules.t2pks results to json
DEBUG    20/07 16:19:05   Converting antismash.modules.tfbs_finder results to json
DEBUG    20/07 16:19:05   Converting antismash.modules.thiopeptides results to json
DEBUG    20/07 16:19:05   Converting antismash.modules.tta results to json
DEBUG    20/07 16:19:05   Record NZ_QDKM01000002.1 has results for modules: hmm_detection, cluster_hmmer, genefunctions, nrps_pks_domains, tigrfam, active_site_finder, cluster_compare, clusterblast, lanthipeptides, lassopeptides, nrps_pks, pfam2go, rrefinder, sactipeptides, t2pks, tfbs_finder, thiopeptides
DEBUG    20/07 16:19:05   Converting antismash.detection.hmm_detection results to json
DEBUG    20/07 16:19:05   Converting antismash.detection.cluster_hmmer results to json
DEBUG    20/07 16:19:05   Converting antismash.detection.genefunctions results to json
DEBUG    20/07 16:19:05   Converting antismash.detection.nrps_pks_domains results to json
DEBUG    20/07 16:19:05   Converting antismash.detection.tigrfam results to json
DEBUG    20/07 16:19:05   Converting antismash.modules.active_site_finder results to json
DEBUG    20/07 16:19:05   Converting antismash.modules.cluster_compare results to json
DEBUG    20/07 16:19:05   Converting antismash.modules.clusterblast results to json
DEBUG    20/07 16:19:05   Converting antismash.modules.lanthipeptides results to json
DEBUG    20/07 16:19:05   Converting antismash.modules.lassopeptides results to json
DEBUG    20/07 16:19:05   Converting antismash.modules.nrps_pks results to json
DEBUG    20/07 16:19:05   Converting antismash.modules.pfam2go results to json
DEBUG    20/07 16:19:05   Converting antismash.modules.rrefinder results to json
DEBUG    20/07 16:19:05   Converting antismash.modules.sactipeptides results to json
DEBUG    20/07 16:19:05   Converting antismash.modules.t2pks results to json
DEBUG    20/07 16:19:05   Converting antismash.modules.tfbs_finder results to json
DEBUG    20/07 16:19:05   Converting antismash.modules.thiopeptides results to json
DEBUG    20/07 16:19:05   Converting antismash.modules.tta results to json
DEBUG    20/07 16:19:05   Record NZ_QDKM01000003.1 has results for modules: hmm_detection
DEBUG    20/07 16:19:05   Converting antismash.detection.hmm_detection results to json
DEBUG    20/07 16:19:05   Record NZ_QDKM01000004.1 has results for modules: hmm_detection
DEBUG    20/07 16:19:05   Converting antismash.detection.hmm_detection results to json
DEBUG    20/07 16:19:05   Record NZ_QDKM01000005.1 has results for modules: hmm_detection, cluster_hmmer, genefunctions, nrps_pks_domains, tigrfam, active_site_finder, cluster_compare, clusterblast, lanthipeptides, lassopeptides, nrps_pks, pfam2go, rrefinder, sactipeptides, t2pks, tfbs_finder, thiopeptides
DEBUG    20/07 16:19:05   Converting antismash.detection.hmm_detection results to json
DEBUG    20/07 16:19:05   Converting antismash.detection.cluster_hmmer results to json
DEBUG    20/07 16:19:05   Converting antismash.detection.genefunctions results to json
DEBUG    20/07 16:19:05   Converting antismash.detection.nrps_pks_domains results to json
DEBUG    20/07 16:19:05   Converting antismash.detection.tigrfam results to json
DEBUG    20/07 16:19:05   Converting antismash.modules.active_site_finder results to json
DEBUG    20/07 16:19:05   Converting antismash.modules.cluster_compare results to json
DEBUG    20/07 16:19:05   Converting antismash.modules.clusterblast results to json
DEBUG    20/07 16:19:05   Converting antismash.modules.lanthipeptides results to json
DEBUG    20/07 16:19:05   Converting antismash.modules.lassopeptides results to json
DEBUG    20/07 16:19:05   Converting antismash.modules.nrps_pks results to json
DEBUG    20/07 16:19:05   Converting antismash.modules.pfam2go results to json
DEBUG    20/07 16:19:05   Converting antismash.modules.rrefinder results to json
DEBUG    20/07 16:19:05   Converting antismash.modules.sactipeptides results to json
DEBUG    20/07 16:19:05   Converting antismash.modules.t2pks results to json
DEBUG    20/07 16:19:05   Converting antismash.modules.tfbs_finder results to json
DEBUG    20/07 16:19:05   Converting antismash.modules.thiopeptides results to json
DEBUG    20/07 16:19:05   Converting antismash.modules.tta results to json
DEBUG    20/07 16:19:05   Record NZ_QDKM01000006.1 has results for modules: hmm_detection
DEBUG    20/07 16:19:05   Converting antismash.detection.hmm_detection results to json
DEBUG    20/07 16:19:05   Record NZ_QDKM01000007.1 has results for modules: hmm_detection
DEBUG    20/07 16:19:05   Converting antismash.detection.hmm_detection results to json
DEBUG    20/07 16:19:05   Record NZ_QDKM01000008.1 has results for modules: hmm_detection
DEBUG    20/07 16:19:05   Converting antismash.detection.hmm_detection results to json
DEBUG    20/07 16:19:05   Record NZ_QDKM01000009.1 has results for modules: hmm_detection
DEBUG    20/07 16:19:05   Converting antismash.detection.hmm_detection results to json
DEBUG    20/07 16:19:05   Record NZ_QDKM01000010.1 has results for modules: hmm_detection, cluster_hmmer, genefunctions, nrps_pks_domains, tigrfam, active_site_finder, cluster_compare, clusterblast, lanthipeptides, lassopeptides, nrps_pks, pfam2go, rrefinder, sactipeptides, t2pks, tfbs_finder, thiopeptides
DEBUG    20/07 16:19:05   Converting antismash.detection.hmm_detection results to json
DEBUG    20/07 16:19:05   Converting antismash.detection.cluster_hmmer results to json
DEBUG    20/07 16:19:05   Converting antismash.detection.genefunctions results to json
DEBUG    20/07 16:19:05   Converting antismash.detection.nrps_pks_domains results to json
DEBUG    20/07 16:19:05   Converting antismash.detection.tigrfam results to json
DEBUG    20/07 16:19:05   Converting antismash.modules.active_site_finder results to json
DEBUG    20/07 16:19:05   Converting antismash.modules.cluster_compare results to json
DEBUG    20/07 16:19:05   Converting antismash.modules.clusterblast results to json
DEBUG    20/07 16:19:05   Converting antismash.modules.lanthipeptides results to json
DEBUG    20/07 16:19:05   Converting antismash.modules.lassopeptides results to json
DEBUG    20/07 16:19:05   Converting antismash.modules.nrps_pks results to json
DEBUG    20/07 16:19:05   Converting antismash.modules.pfam2go results to json
DEBUG    20/07 16:19:05   Converting antismash.modules.rrefinder results to json
DEBUG    20/07 16:19:05   Converting antismash.modules.sactipeptides results to json
DEBUG    20/07 16:19:05   Converting antismash.modules.t2pks results to json
DEBUG    20/07 16:19:05   Converting antismash.modules.tfbs_finder results to json
DEBUG    20/07 16:19:05   Converting antismash.modules.thiopeptides results to json
DEBUG    20/07 16:19:05   Converting antismash.modules.tta results to json
DEBUG    20/07 16:19:05   Record NZ_QDKM01000011.1 has results for modules: hmm_detection
DEBUG    20/07 16:19:05   Converting antismash.detection.hmm_detection results to json
DEBUG    20/07 16:19:05   Record NZ_QDKM01000012.1 has results for modules: hmm_detection
DEBUG    20/07 16:19:05   Converting antismash.detection.hmm_detection results to json
DEBUG    20/07 16:19:05   Record NZ_QDKM01000013.1 has results for modules: hmm_detection
DEBUG    20/07 16:19:05   Converting antismash.detection.hmm_detection results to json
DEBUG    20/07 16:19:05   Record NZ_QDKM01000014.1 has results for modules: hmm_detection
DEBUG    20/07 16:19:05   Converting antismash.detection.hmm_detection results to json
DEBUG    20/07 16:19:05   Record NZ_QDKM01000015.1 has results for modules: hmm_detection
DEBUG    20/07 16:19:05   Converting antismash.detection.hmm_detection results to json
DEBUG    20/07 16:19:05   Record NZ_QDKM01000016.1 has results for modules: hmm_detection
DEBUG    20/07 16:19:05   Converting antismash.detection.hmm_detection results to json
DEBUG    20/07 16:19:05   Record NZ_QDKM01000017.1 has results for modules: hmm_detection
DEBUG    20/07 16:19:05   Converting antismash.detection.hmm_detection results to json
DEBUG    20/07 16:19:05   Record NZ_QDKM01000018.1 has results for modules: hmm_detection
DEBUG    20/07 16:19:05   Converting antismash.detection.hmm_detection results to json
DEBUG    20/07 16:19:05   Record NZ_QDKM01000019.1 has results for modules: hmm_detection
DEBUG    20/07 16:19:05   Converting antismash.detection.hmm_detection results to json
DEBUG    20/07 16:19:05   Record NZ_QDKM01000020.1 has results for modules: hmm_detection
DEBUG    20/07 16:19:05   Converting antismash.detection.hmm_detection results to json
DEBUG    20/07 16:19:05   Record NZ_QDKM01000021.1 has results for modules: hmm_detection
DEBUG    20/07 16:19:05   Converting antismash.detection.hmm_detection results to json
DEBUG    20/07 16:19:05   Record NZ_QDKM01000022.1 has results for modules: hmm_detection
DEBUG    20/07 16:19:05   Converting antismash.detection.hmm_detection results to json
DEBUG    20/07 16:19:05   Record NZ_QDKM01000023.1 has results for modules: hmm_detection
DEBUG    20/07 16:19:05   Converting antismash.detection.hmm_detection results to json
DEBUG    20/07 16:19:05   Record NZ_QDKM01000024.1 has results for modules: hmm_detection
DEBUG    20/07 16:19:05   Converting antismash.detection.hmm_detection results to json
DEBUG    20/07 16:19:05   Record NZ_QDKM01000025.1 has results for modules: hmm_detection
DEBUG    20/07 16:19:05   Converting antismash.detection.hmm_detection results to json
DEBUG    20/07 16:19:05   Record NZ_QDKM01000026.1 has results for modules: hmm_detection
DEBUG    20/07 16:19:05   Converting antismash.detection.hmm_detection results to json
DEBUG    20/07 16:19:05   Record NZ_QDKM01000027.1 has results for modules: hmm_detection
DEBUG    20/07 16:19:05   Converting antismash.detection.hmm_detection results to json
DEBUG    20/07 16:19:05   Record NZ_QDKM01000028.1 has results for modules: hmm_detection
DEBUG    20/07 16:19:05   Converting antismash.detection.hmm_detection results to json
DEBUG    20/07 16:19:05   Record NZ_QDKM01000029.1 has results for modules: hmm_detection
DEBUG    20/07 16:19:05   Converting antismash.detection.hmm_detection results to json
DEBUG    20/07 16:19:05   Record NZ_QDKM01000030.1 has results for modules: hmm_detection
DEBUG    20/07 16:19:05   Converting antismash.detection.hmm_detection results to json
DEBUG    20/07 16:19:05   Record NZ_QDKM01000031.1 has results for modules: hmm_detection
DEBUG    20/07 16:19:05   Converting antismash.detection.hmm_detection results to json
DEBUG    20/07 16:19:05   Record NZ_QDKM01000032.1 has results for modules: hmm_detection
DEBUG    20/07 16:19:05   Converting antismash.detection.hmm_detection results to json
DEBUG    20/07 16:19:05   Annotating record NZ_QDKM01000001.1 with results from: hmm_detection, cluster_hmmer, genefunctions, nrps_pks_domains, tigrfam, active_site_finder, cluster_compare, clusterblast, lanthipeptides, lassopeptides, nrps_pks, pfam2go, rrefinder, sactipeptides, t2pks, tfbs_finder, thiopeptides, tta
DEBUG    20/07 16:19:05    Adding results from antismash.modules.active_site_finder
DEBUG    20/07 16:19:05    Adding results from antismash.modules.cluster_compare
DEBUG    20/07 16:19:05    Adding results from antismash.modules.clusterblast
DEBUG    20/07 16:19:05    Adding results from antismash.modules.lanthipeptides
DEBUG    20/07 16:19:05    Adding results from antismash.modules.lassopeptides
DEBUG    20/07 16:19:05    Adding results from antismash.modules.nrps_pks
DEBUG    20/07 16:19:05    Adding results from antismash.modules.pfam2go
DEBUG    20/07 16:19:05    Adding results from antismash.modules.rrefinder
DEBUG    20/07 16:19:05    Adding results from antismash.modules.sactipeptides
DEBUG    20/07 16:19:05    Adding results from antismash.modules.t2pks
DEBUG    20/07 16:19:05    Adding results from antismash.modules.tfbs_finder
DEBUG    20/07 16:19:05    Adding results from antismash.modules.thiopeptides
DEBUG    20/07 16:19:05    Adding results from antismash.modules.tta
DEBUG    20/07 16:19:05   Annotating record NZ_QDKM01000002.1 with results from: hmm_detection, cluster_hmmer, genefunctions, nrps_pks_domains, tigrfam, active_site_finder, cluster_compare, clusterblast, lanthipeptides, lassopeptides, nrps_pks, pfam2go, rrefinder, sactipeptides, t2pks, tfbs_finder, thiopeptides, tta
DEBUG    20/07 16:19:05    Adding results from antismash.modules.active_site_finder
DEBUG    20/07 16:19:05    Adding results from antismash.modules.cluster_compare
DEBUG    20/07 16:19:05    Adding results from antismash.modules.clusterblast
DEBUG    20/07 16:19:05    Adding results from antismash.modules.lanthipeptides
DEBUG    20/07 16:19:05    Adding results from antismash.modules.lassopeptides
DEBUG    20/07 16:19:05    Adding results from antismash.modules.nrps_pks
DEBUG    20/07 16:19:05    Adding results from antismash.modules.pfam2go
DEBUG    20/07 16:19:05    Adding results from antismash.modules.rrefinder
DEBUG    20/07 16:19:05    Adding results from antismash.modules.sactipeptides
DEBUG    20/07 16:19:05    Adding results from antismash.modules.t2pks
DEBUG    20/07 16:19:05    Adding results from antismash.modules.tfbs_finder
DEBUG    20/07 16:19:05    Adding results from antismash.modules.thiopeptides
DEBUG    20/07 16:19:05    Adding results from antismash.modules.tta
DEBUG    20/07 16:19:05   Not annotating skipped record NZ_QDKM01000003.1: No regions detected
DEBUG    20/07 16:19:05   Not annotating skipped record NZ_QDKM01000004.1: No regions detected
DEBUG    20/07 16:19:05   Annotating record NZ_QDKM01000005.1 with results from: hmm_detection, cluster_hmmer, genefunctions, nrps_pks_domains, tigrfam, active_site_finder, cluster_compare, clusterblast, lanthipeptides, lassopeptides, nrps_pks, pfam2go, rrefinder, sactipeptides, t2pks, tfbs_finder, thiopeptides, tta
DEBUG    20/07 16:19:05    Adding results from antismash.modules.active_site_finder
DEBUG    20/07 16:19:05    Adding results from antismash.modules.cluster_compare
DEBUG    20/07 16:19:05    Adding results from antismash.modules.clusterblast
DEBUG    20/07 16:19:05    Adding results from antismash.modules.lanthipeptides
DEBUG    20/07 16:19:05    Adding results from antismash.modules.lassopeptides
DEBUG    20/07 16:19:05    Adding results from antismash.modules.nrps_pks
DEBUG    20/07 16:19:05    Adding results from antismash.modules.pfam2go
DEBUG    20/07 16:19:05    Adding results from antismash.modules.rrefinder
DEBUG    20/07 16:19:05    Adding results from antismash.modules.sactipeptides
DEBUG    20/07 16:19:05    Adding results from antismash.modules.t2pks
DEBUG    20/07 16:19:05    Adding results from antismash.modules.tfbs_finder
DEBUG    20/07 16:19:05    Adding results from antismash.modules.thiopeptides
DEBUG    20/07 16:19:05    Adding results from antismash.modules.tta
DEBUG    20/07 16:19:05   Not annotating skipped record NZ_QDKM01000006.1: No regions detected
DEBUG    20/07 16:19:05   Not annotating skipped record NZ_QDKM01000007.1: No regions detected
DEBUG    20/07 16:19:05   Not annotating skipped record NZ_QDKM01000008.1: No regions detected
DEBUG    20/07 16:19:05   Not annotating skipped record NZ_QDKM01000009.1: No regions detected
DEBUG    20/07 16:19:05   Annotating record NZ_QDKM01000010.1 with results from: hmm_detection, cluster_hmmer, genefunctions, nrps_pks_domains, tigrfam, active_site_finder, cluster_compare, clusterblast, lanthipeptides, lassopeptides, nrps_pks, pfam2go, rrefinder, sactipeptides, t2pks, tfbs_finder, thiopeptides, tta
DEBUG    20/07 16:19:05    Adding results from antismash.modules.active_site_finder
DEBUG    20/07 16:19:05    Adding results from antismash.modules.cluster_compare
DEBUG    20/07 16:19:05    Adding results from antismash.modules.clusterblast
DEBUG    20/07 16:19:05    Adding results from antismash.modules.lanthipeptides
DEBUG    20/07 16:19:05    Adding results from antismash.modules.lassopeptides
DEBUG    20/07 16:19:05    Adding results from antismash.modules.nrps_pks
DEBUG    20/07 16:19:05    Adding results from antismash.modules.pfam2go
DEBUG    20/07 16:19:05    Adding results from antismash.modules.rrefinder
DEBUG    20/07 16:19:05    Adding results from antismash.modules.sactipeptides
DEBUG    20/07 16:19:05    Adding results from antismash.modules.t2pks
DEBUG    20/07 16:19:05    Adding results from antismash.modules.tfbs_finder
DEBUG    20/07 16:19:05    Adding results from antismash.modules.thiopeptides
DEBUG    20/07 16:19:05    Adding results from antismash.modules.tta
DEBUG    20/07 16:19:05   Not annotating skipped record NZ_QDKM01000011.1: No regions detected
DEBUG    20/07 16:19:05   Not annotating skipped record NZ_QDKM01000012.1: No regions detected
DEBUG    20/07 16:19:05   Not annotating skipped record NZ_QDKM01000013.1: No regions detected
DEBUG    20/07 16:19:05   Not annotating skipped record NZ_QDKM01000014.1: No regions detected
DEBUG    20/07 16:19:05   Not annotating skipped record NZ_QDKM01000015.1: No regions detected
DEBUG    20/07 16:19:05   Not annotating skipped record NZ_QDKM01000016.1: No regions detected
DEBUG    20/07 16:19:05   Not annotating skipped record NZ_QDKM01000017.1: No regions detected
DEBUG    20/07 16:19:05   Not annotating skipped record NZ_QDKM01000018.1: No regions detected
DEBUG    20/07 16:19:05   Not annotating skipped record NZ_QDKM01000019.1: No regions detected
DEBUG    20/07 16:19:05   Not annotating skipped record NZ_QDKM01000020.1: No regions detected
DEBUG    20/07 16:19:05   Not annotating skipped record NZ_QDKM01000021.1: No regions detected
DEBUG    20/07 16:19:05   Not annotating skipped record NZ_QDKM01000022.1: No regions detected
DEBUG    20/07 16:19:05   Not annotating skipped record NZ_QDKM01000023.1: No regions detected
DEBUG    20/07 16:19:05   Not annotating skipped record NZ_QDKM01000024.1: No regions detected
DEBUG    20/07 16:19:05   Not annotating skipped record NZ_QDKM01000025.1: No regions detected
DEBUG    20/07 16:19:05   Not annotating skipped record NZ_QDKM01000026.1: No regions detected
DEBUG    20/07 16:19:05   Not annotating skipped record NZ_QDKM01000027.1: No regions detected
DEBUG    20/07 16:19:05   Not annotating skipped record NZ_QDKM01000028.1: No regions detected
DEBUG    20/07 16:19:05   Not annotating skipped record NZ_QDKM01000029.1: No regions detected
DEBUG    20/07 16:19:05   Not annotating skipped record NZ_QDKM01000030.1: No regions detected
DEBUG    20/07 16:19:05   Not annotating skipped record NZ_QDKM01000031.1: No regions detected
DEBUG    20/07 16:19:05   Not annotating skipped record NZ_QDKM01000032.1: No regions detected
DEBUG    20/07 16:19:05   Creating results page
DEBUG    20/07 16:19:05   Results page using antismash.js from local copy: /databases/as-js/0.13/antismash.js
DEBUG    20/07 16:19:07   Creating results SVGs
DEBUG    20/07 16:19:07   Writing seq_records SVGs to '/data/antismash/upload/bacteria-7bcccc70-adf0-4486-9bbc-b3975d7e5e8c/svg'
DEBUG    20/07 16:19:08   Writing cluster-specific genbank files
DEBUG    20/07 16:19:08   Writing final genbank file to '/data/antismash/upload/bacteria-7bcccc70-adf0-4486-9bbc-b3975d7e5e8c/GCF_003076755.1_Pararhodobacter_oceanensis_AM505.gbk'
DEBUG    20/07 16:19:08   Zipping output to '/data/antismash/upload/bacteria-7bcccc70-adf0-4486-9bbc-b3975d7e5e8c/GCF_003076755.1_Pararhodobacter_oceanensis_AM505.zip'
