INFO     20/07 16:27:25   antiSMASH version: 7.0.0
INFO     20/07 16:27:25   diamond using executable: /usr/bin/diamond-aligner (2.0.7)
INFO     20/07 16:27:25   hmmpfam2 using executable: /usr/bin/hmm2pfam (2.3.2)
INFO     20/07 16:27:25   fasttree using executable: /usr/bin/fasttree
INFO     20/07 16:27:25   hmmsearch using executable: /usr/bin/hmmsearch (3.3.2)
INFO     20/07 16:27:25   hmmpress using executable: /usr/bin/hmmpress (3.3.2)
INFO     20/07 16:27:26   hmmscan using executable: /usr/bin/hmmscan (3.3.2)
INFO     20/07 16:27:27   meme using executable: /usr/bin/meme (4.11.2)
INFO     20/07 16:27:27   fimo using executable: /usr/bin/fimo (4.11.2)
INFO     20/07 16:27:27   glimmerhmm using executable: /usr/bin/glimmerhmm
INFO     20/07 16:27:27   prodigal using executable: /usr/bin/prodigal (V2.6.3)
INFO     20/07 16:27:27   blastp using executable: /usr/bin/blastp (2.11.0+)
INFO     20/07 16:27:28   makeblastdb using executable: /usr/bin/makeblastdb (2.11.0+)
DEBUG    20/07 16:27:28   Checking prerequisites for antismash.detection.hmm_detection
DEBUG    20/07 16:27:28   Found file '/usr/local/lib/python3.9/dist-packages/antismash/detection/hmm_detection/data/bgc_seeds.hmm'
DEBUG    20/07 16:27:28   Found file '/usr/local/lib/python3.9/dist-packages/antismash/detection/hmm_detection/data/bgc_seeds.hmm.h3f'
DEBUG    20/07 16:27:28   Found file '/usr/local/lib/python3.9/dist-packages/antismash/detection/hmm_detection/data/bgc_seeds.hmm.h3i'
DEBUG    20/07 16:27:28   Found file '/usr/local/lib/python3.9/dist-packages/antismash/detection/hmm_detection/data/bgc_seeds.hmm.h3m'
DEBUG    20/07 16:27:28   Found file '/usr/local/lib/python3.9/dist-packages/antismash/detection/hmm_detection/data/bgc_seeds.hmm.h3p'
DEBUG    20/07 16:27:28   Checking prerequisites for antismash.detection.cluster_hmmer
DEBUG    20/07 16:27:28   Found file '/databases/pfam/34.0/Pfam-A.hmm'
DEBUG    20/07 16:27:28   Found file '/databases/pfam/34.0/Pfam-A.hmm.h3f'
DEBUG    20/07 16:27:28   Found file '/databases/pfam/34.0/Pfam-A.hmm.h3i'
DEBUG    20/07 16:27:28   Found file '/databases/pfam/34.0/Pfam-A.hmm.h3m'
DEBUG    20/07 16:27:28   Found file '/databases/pfam/34.0/Pfam-A.hmm.h3p'
DEBUG    20/07 16:27:28   Checking prerequisites for antismash.detection.genefunctions
DEBUG    20/07 16:27:28   Found file '/databases/resfam/Resfams.hmm'
DEBUG    20/07 16:27:28   Found file '/usr/local/lib/python3.9/dist-packages/antismash/detection/genefunctions/data/smcogs.hmm.h3f'
DEBUG    20/07 16:27:28   Found file '/usr/local/lib/python3.9/dist-packages/antismash/detection/genefunctions/data/smcogs.hmm.h3i'
DEBUG    20/07 16:27:28   Found file '/usr/local/lib/python3.9/dist-packages/antismash/detection/genefunctions/data/smcogs.hmm.h3m'
DEBUG    20/07 16:27:28   Found file '/usr/local/lib/python3.9/dist-packages/antismash/detection/genefunctions/data/smcogs.hmm.h3p'
DEBUG    20/07 16:27:28   Found file '/databases/resfam/Resfams.hmm.h3f'
DEBUG    20/07 16:27:28   Found file '/databases/resfam/Resfams.hmm.h3i'
DEBUG    20/07 16:27:28   Found file '/databases/resfam/Resfams.hmm.h3m'
DEBUG    20/07 16:27:28   Found file '/databases/resfam/Resfams.hmm.h3p'
DEBUG    20/07 16:27:28   Checking prerequisites for antismash.detection.nrps_pks_domains
DEBUG    20/07 16:27:28   Found file '/usr/local/lib/python3.9/dist-packages/antismash/detection/nrps_pks_domains/data/abmotifs.hmm.h3f'
DEBUG    20/07 16:27:28   Found file '/usr/local/lib/python3.9/dist-packages/antismash/detection/nrps_pks_domains/data/abmotifs.hmm.h3i'
DEBUG    20/07 16:27:28   Found file '/usr/local/lib/python3.9/dist-packages/antismash/detection/nrps_pks_domains/data/abmotifs.hmm.h3m'
DEBUG    20/07 16:27:28   Found file '/usr/local/lib/python3.9/dist-packages/antismash/detection/nrps_pks_domains/data/abmotifs.hmm.h3p'
DEBUG    20/07 16:27:28   Found file '/usr/local/lib/python3.9/dist-packages/antismash/detection/nrps_pks_domains/data/dockingdomains.hmm.h3f'
DEBUG    20/07 16:27:28   Found file '/usr/local/lib/python3.9/dist-packages/antismash/detection/nrps_pks_domains/data/dockingdomains.hmm.h3i'
DEBUG    20/07 16:27:28   Found file '/usr/local/lib/python3.9/dist-packages/antismash/detection/nrps_pks_domains/data/dockingdomains.hmm.h3m'
DEBUG    20/07 16:27:28   Found file '/usr/local/lib/python3.9/dist-packages/antismash/detection/nrps_pks_domains/data/dockingdomains.hmm.h3p'
DEBUG    20/07 16:27:28   Found file '/usr/local/lib/python3.9/dist-packages/antismash/detection/nrps_pks_domains/data/ksdomains.hmm.h3f'
DEBUG    20/07 16:27:28   Found file '/usr/local/lib/python3.9/dist-packages/antismash/detection/nrps_pks_domains/data/ksdomains.hmm.h3i'
DEBUG    20/07 16:27:28   Found file '/usr/local/lib/python3.9/dist-packages/antismash/detection/nrps_pks_domains/data/ksdomains.hmm.h3m'
DEBUG    20/07 16:27:28   Found file '/usr/local/lib/python3.9/dist-packages/antismash/detection/nrps_pks_domains/data/ksdomains.hmm.h3p'
DEBUG    20/07 16:27:28   Found file '/usr/local/lib/python3.9/dist-packages/antismash/detection/nrps_pks_domains/data/nrpspksdomains.hmm.h3f'
DEBUG    20/07 16:27:28   Found file '/usr/local/lib/python3.9/dist-packages/antismash/detection/nrps_pks_domains/data/nrpspksdomains.hmm.h3i'
DEBUG    20/07 16:27:28   Found file '/usr/local/lib/python3.9/dist-packages/antismash/detection/nrps_pks_domains/data/nrpspksdomains.hmm.h3m'
DEBUG    20/07 16:27:28   Found file '/usr/local/lib/python3.9/dist-packages/antismash/detection/nrps_pks_domains/data/nrpspksdomains.hmm.h3p'
DEBUG    20/07 16:27:28   Found file '/databases/nrps_pks/transATor/2023.02.23/transATor.hmm.h3f'
DEBUG    20/07 16:27:28   Found file '/databases/nrps_pks/transATor/2023.02.23/transATor.hmm.h3i'
DEBUG    20/07 16:27:28   Found file '/databases/nrps_pks/transATor/2023.02.23/transATor.hmm.h3m'
DEBUG    20/07 16:27:28   Found file '/databases/nrps_pks/transATor/2023.02.23/transATor.hmm.h3p'
DEBUG    20/07 16:27:28   Checking prerequisites for antismash.detection.tigrfam
DEBUG    20/07 16:27:28   Found file '/databases/tigrfam/TIGRFam.hmm'
DEBUG    20/07 16:27:28   Found file '/databases/tigrfam/TIGRFam.hmm.h3f'
DEBUG    20/07 16:27:28   Found file '/databases/tigrfam/TIGRFam.hmm.h3i'
DEBUG    20/07 16:27:28   Found file '/databases/tigrfam/TIGRFam.hmm.h3m'
DEBUG    20/07 16:27:28   Found file '/databases/tigrfam/TIGRFam.hmm.h3p'
DEBUG    20/07 16:27:28   Checking prerequisites for antismash.modules.active_site_finder
DEBUG    20/07 16:27:28   Found file '/usr/local/lib/python3.9/dist-packages/antismash/modules/active_site_finder/data/PKSI-KR.hmm2'
DEBUG    20/07 16:27:28   Found file '/usr/local/lib/python3.9/dist-packages/antismash/modules/active_site_finder/data/PKSI-KS_N.hmm2'
DEBUG    20/07 16:27:28   Found file '/usr/local/lib/python3.9/dist-packages/antismash/modules/active_site_finder/data/PKSI-KS_C.hmm2'
DEBUG    20/07 16:27:28   Found file '/usr/local/lib/python3.9/dist-packages/antismash/modules/active_site_finder/data/PKSI-AT.hmm2'
DEBUG    20/07 16:27:28   Found file '/usr/local/lib/python3.9/dist-packages/antismash/modules/active_site_finder/data/PKSI-ACP.hmm2'
DEBUG    20/07 16:27:28   Found file '/usr/local/lib/python3.9/dist-packages/antismash/modules/active_site_finder/data/PKSI-DH.hmm2'
DEBUG    20/07 16:27:28   Found file '/usr/local/lib/python3.9/dist-packages/antismash/modules/active_site_finder/data/Thioesterase.hmm2'
DEBUG    20/07 16:27:28   Found file '/usr/local/lib/python3.9/dist-packages/antismash/modules/active_site_finder/data/PKSI-ER.hmm2'
DEBUG    20/07 16:27:28   Found file '/usr/local/lib/python3.9/dist-packages/antismash/modules/active_site_finder/data/p450.hmm2'
DEBUG    20/07 16:27:28   Checking prerequisites for antismash.modules.cluster_compare
DEBUG    20/07 16:27:28   Found file '/databases/clustercompare/mibig/3.1/data.json'
DEBUG    20/07 16:27:28   Found file '/databases/clustercompare/mibig/3.1/proteins.fasta'
DEBUG    20/07 16:27:28   Found file '/databases/clustercompare/mibig/3.1/proteins.dmnd'
DEBUG    20/07 16:27:28   Found file '/databases/clustercompare/mibig/3.1/proteins.dmnd'
DEBUG    20/07 16:27:28   Checking prerequisites for antismash.modules.clusterblast
DEBUG    20/07 16:27:28   Found file '/databases/knownclusterblast/3.1/clusters.txt'
DEBUG    20/07 16:27:28   Found file '/databases/knownclusterblast/3.1/proteins.fasta'
DEBUG    20/07 16:27:28   Found file '/databases/knownclusterblast/3.1/proteins.dmnd'
DEBUG    20/07 16:27:28   Found file '/databases/knownclusterblast/3.1/proteins.dmnd'
DEBUG    20/07 16:27:28   Found file '/databases/clusterblast/clusters.txt'
DEBUG    20/07 16:27:28   Found file '/databases/clusterblast/proteins.fasta'
DEBUG    20/07 16:27:28   Found file '/databases/clusterblast/proteins.dmnd'
DEBUG    20/07 16:27:28   Found file '/databases/clusterblast/proteins.dmnd'
DEBUG    20/07 16:27:28   Found file '/usr/local/lib/python3.9/dist-packages/antismash/modules/clusterblast/data/sub/proteins.fasta'
DEBUG    20/07 16:27:28   Found file '/usr/local/lib/python3.9/dist-packages/antismash/modules/clusterblast/data/sub/proteins.fasta.phr'
DEBUG    20/07 16:27:28   Found file '/usr/local/lib/python3.9/dist-packages/antismash/modules/clusterblast/data/sub/proteins.fasta.pin'
DEBUG    20/07 16:27:28   Found file '/usr/local/lib/python3.9/dist-packages/antismash/modules/clusterblast/data/sub/proteins.fasta.psq'
DEBUG    20/07 16:27:28   Found file '/usr/local/lib/python3.9/dist-packages/antismash/modules/clusterblast/data/sub/clusters.txt'
DEBUG    20/07 16:27:28   Checking prerequisites for antismash.modules.lanthipeptides
DEBUG    20/07 16:27:28   Found file '/databases/comparippson/asdb/3.0/cores.fa.pdb'
DEBUG    20/07 16:27:28   Found file '/databases/comparippson/asdb/3.0/cores.fa.phr'
DEBUG    20/07 16:27:28   Found file '/databases/comparippson/asdb/3.0/cores.fa.pin'
DEBUG    20/07 16:27:28   Found file '/databases/comparippson/asdb/3.0/cores.fa.pot'
DEBUG    20/07 16:27:28   Found file '/databases/comparippson/asdb/3.0/cores.fa.psq'
DEBUG    20/07 16:27:28   Found file '/databases/comparippson/asdb/3.0/cores.fa.ptf'
DEBUG    20/07 16:27:28   Found file '/databases/comparippson/asdb/3.0/cores.fa.pto'
DEBUG    20/07 16:27:28   Found file '/databases/comparippson/mibig/3.1/cores.fa.pdb'
DEBUG    20/07 16:27:28   Found file '/databases/comparippson/mibig/3.1/cores.fa.phr'
DEBUG    20/07 16:27:28   Found file '/databases/comparippson/mibig/3.1/cores.fa.pin'
DEBUG    20/07 16:27:28   Found file '/databases/comparippson/mibig/3.1/cores.fa.pot'
DEBUG    20/07 16:27:28   Found file '/databases/comparippson/mibig/3.1/cores.fa.psq'
DEBUG    20/07 16:27:28   Found file '/databases/comparippson/mibig/3.1/cores.fa.ptf'
DEBUG    20/07 16:27:28   Found file '/databases/comparippson/mibig/3.1/cores.fa.pto'
DEBUG    20/07 16:27:28   Checking prerequisites for antismash.modules.lassopeptides
DEBUG    20/07 16:27:28   Checking prerequisites for antismash.modules.nrps_pks
DEBUG    20/07 16:27:28   Found existing cache for /usr/local/lib/python3.9/dist-packages/antismash/modules/nrps_pks/data/terminals/cterm.fasta
DEBUG    20/07 16:27:28   Found existing cache for /usr/local/lib/python3.9/dist-packages/antismash/modules/nrps_pks/data/terminals/nterm.fasta
DEBUG    20/07 16:27:28   Found existing cache for /usr/local/lib/python3.9/dist-packages/antismash/modules/nrps_pks/at_analysis/data/AT_domains_muscle.fasta
DEBUG    20/07 16:27:28   Found existing cache for /usr/local/lib/python3.9/dist-packages/antismash/modules/nrps_pks/kr_analysis/data/KRdomains_muscle.fasta
DEBUG    20/07 16:27:28   Found existing cache for /usr/local/lib/python3.9/dist-packages/antismash/modules/nrps_pks/minowa/data/AT_domains_muscle.fasta
DEBUG    20/07 16:27:28   Found existing cache for /usr/local/lib/python3.9/dist-packages/antismash/modules/nrps_pks/minowa/data/CAL_domains_muscle.fasta
DEBUG    20/07 16:27:28   Checking prerequisites for antismash.modules.pfam2go
DEBUG    20/07 16:27:28   Found file '/usr/local/lib/python3.9/dist-packages/antismash/modules/pfam2go/data/pfam2go.txt'
DEBUG    20/07 16:27:28   Checking prerequisites for antismash.modules.rrefinder
DEBUG    20/07 16:27:28   Found file '/usr/local/lib/python3.9/dist-packages/antismash/modules/rrefinder/data/RREFam.hmm.h3f'
DEBUG    20/07 16:27:28   Found file '/usr/local/lib/python3.9/dist-packages/antismash/modules/rrefinder/data/RREFam.hmm.h3i'
DEBUG    20/07 16:27:28   Found file '/usr/local/lib/python3.9/dist-packages/antismash/modules/rrefinder/data/RREFam.hmm.h3m'
DEBUG    20/07 16:27:28   Found file '/usr/local/lib/python3.9/dist-packages/antismash/modules/rrefinder/data/RREFam.hmm.h3p'
DEBUG    20/07 16:27:28   Checking prerequisites for antismash.modules.sactipeptides
DEBUG    20/07 16:27:28   Checking prerequisites for antismash.modules.t2pks
DEBUG    20/07 16:27:28   Found file '/usr/local/lib/python3.9/dist-packages/antismash/modules/t2pks/data/KSIII.fasta'
DEBUG    20/07 16:27:28   Found file '/usr/local/lib/python3.9/dist-packages/antismash/modules/t2pks/data/KSIII.phr'
DEBUG    20/07 16:27:28   Found file '/usr/local/lib/python3.9/dist-packages/antismash/modules/t2pks/data/KSIII.pin'
DEBUG    20/07 16:27:28   Found file '/usr/local/lib/python3.9/dist-packages/antismash/modules/t2pks/data/KSIII.psq'
DEBUG    20/07 16:27:28   Found file '/usr/local/lib/python3.9/dist-packages/antismash/modules/t2pks/data/AT.fasta'
DEBUG    20/07 16:27:28   Found file '/usr/local/lib/python3.9/dist-packages/antismash/modules/t2pks/data/AT.phr'
DEBUG    20/07 16:27:28   Found file '/usr/local/lib/python3.9/dist-packages/antismash/modules/t2pks/data/AT.pin'
DEBUG    20/07 16:27:28   Found file '/usr/local/lib/python3.9/dist-packages/antismash/modules/t2pks/data/AT.psq'
DEBUG    20/07 16:27:28   Found file '/usr/local/lib/python3.9/dist-packages/antismash/modules/t2pks/data/LIG.fasta'
DEBUG    20/07 16:27:28   Found file '/usr/local/lib/python3.9/dist-packages/antismash/modules/t2pks/data/LIG.phr'
DEBUG    20/07 16:27:28   Found file '/usr/local/lib/python3.9/dist-packages/antismash/modules/t2pks/data/LIG.pin'
DEBUG    20/07 16:27:28   Found file '/usr/local/lib/python3.9/dist-packages/antismash/modules/t2pks/data/LIG.psq'
DEBUG    20/07 16:27:28   Found file '/usr/local/lib/python3.9/dist-packages/antismash/modules/t2pks/data/t2pks.hmm.h3f'
DEBUG    20/07 16:27:28   Found file '/usr/local/lib/python3.9/dist-packages/antismash/modules/t2pks/data/t2pks.hmm.h3i'
DEBUG    20/07 16:27:28   Found file '/usr/local/lib/python3.9/dist-packages/antismash/modules/t2pks/data/t2pks.hmm.h3m'
DEBUG    20/07 16:27:28   Found file '/usr/local/lib/python3.9/dist-packages/antismash/modules/t2pks/data/t2pks.hmm.h3p'
DEBUG    20/07 16:27:28   Checking prerequisites for antismash.modules.tfbs_finder
DEBUG    20/07 16:27:28   Found file '/usr/local/lib/python3.9/dist-packages/antismash/modules/tfbs_finder/data/PWMs.json'
DEBUG    20/07 16:27:28   Checking prerequisites for antismash.modules.thiopeptides
DEBUG    20/07 16:27:28   Found file '/usr/local/lib/python3.9/dist-packages/antismash/modules/thiopeptides/data/thiopep3.hmm.h3f'
DEBUG    20/07 16:27:28   Found file '/usr/local/lib/python3.9/dist-packages/antismash/modules/thiopeptides/data/thiopep3.hmm.h3i'
DEBUG    20/07 16:27:28   Found file '/usr/local/lib/python3.9/dist-packages/antismash/modules/thiopeptides/data/thiopep3.hmm.h3m'
DEBUG    20/07 16:27:28   Found file '/usr/local/lib/python3.9/dist-packages/antismash/modules/thiopeptides/data/thiopep3.hmm.h3p'
DEBUG    20/07 16:27:28   Checking prerequisites for antismash.modules.tta
DEBUG    20/07 16:27:28   Checking prerequisites for antismash.outputs.html
DEBUG    20/07 16:27:28   Found file '/usr/local/lib/python3.9/dist-packages/antismash/outputs/html/css/bacteria.css'
DEBUG    20/07 16:27:28   Found file '/usr/local/lib/python3.9/dist-packages/antismash/outputs/html/css/fungi.css'
DEBUG    20/07 16:27:28   Found file '/usr/local/lib/python3.9/dist-packages/antismash/outputs/html/css/plants.css'
DEBUG    20/07 16:27:28   Checking prerequisites for antismash.support.genefinding
DEBUG    20/07 16:27:28   Checking options for antismash.detection.hmm_detection
DEBUG    20/07 16:27:28   Checking options for antismash.detection.cluster_hmmer
DEBUG    20/07 16:27:28   Found file '/databases/pfam/34.0/Pfam-A.hmm'
DEBUG    20/07 16:27:28   Found file '/databases/pfam/34.0/Pfam-A.hmm.h3f'
DEBUG    20/07 16:27:28   Found file '/databases/pfam/34.0/Pfam-A.hmm.h3i'
DEBUG    20/07 16:27:28   Found file '/databases/pfam/34.0/Pfam-A.hmm.h3m'
DEBUG    20/07 16:27:28   Found file '/databases/pfam/34.0/Pfam-A.hmm.h3p'
DEBUG    20/07 16:27:28   Checking options for antismash.detection.genefunctions
DEBUG    20/07 16:27:28   Checking options for antismash.detection.nrps_pks_domains
DEBUG    20/07 16:27:28   Checking options for antismash.detection.tigrfam
DEBUG    20/07 16:27:28   Checking options for antismash.modules.active_site_finder
DEBUG    20/07 16:27:28   Checking options for antismash.modules.cluster_compare
DEBUG    20/07 16:27:28   Checking options for antismash.modules.clusterblast
DEBUG    20/07 16:27:28   Checking options for antismash.modules.lanthipeptides
DEBUG    20/07 16:27:28   Checking options for antismash.modules.lassopeptides
DEBUG    20/07 16:27:28   Checking options for antismash.modules.nrps_pks
DEBUG    20/07 16:27:28   Checking options for antismash.modules.pfam2go
DEBUG    20/07 16:27:28   Checking options for antismash.modules.rrefinder
DEBUG    20/07 16:27:28   Checking options for antismash.modules.sactipeptides
DEBUG    20/07 16:27:28   Checking options for antismash.modules.t2pks
DEBUG    20/07 16:27:28   Checking options for antismash.modules.tfbs_finder
DEBUG    20/07 16:27:28   Checking options for antismash.modules.thiopeptides
DEBUG    20/07 16:27:28   Checking options for antismash.modules.tta
DEBUG    20/07 16:27:28   Checking options for antismash.outputs.html
DEBUG    20/07 16:27:28   Checking options for antismash.support.genefinding
INFO     20/07 16:27:28   Parsing input sequence '/input/GCF_004015795.1_Falsirhodobacter_deserti_W402.gbk'
DEBUG    20/07 16:27:28   Stripping antiSMASH features and annotations from record: NZ_ML137218.1
DEBUG    20/07 16:27:29   Stripping antiSMASH features and annotations from record: NZ_ML137219.1
DEBUG    20/07 16:27:29   Stripping antiSMASH features and annotations from record: NZ_ML137220.1
DEBUG    20/07 16:27:29   Stripping antiSMASH features and annotations from record: NZ_ML137221.1
DEBUG    20/07 16:27:29   Stripping antiSMASH features and annotations from record: NZ_ML137222.1
DEBUG    20/07 16:27:29   Converting records from biopython to secmet
DEBUG    20/07 16:27:29   Removing existing region genbank files
DEBUG    20/07 16:27:29   Reusing output directory: /data/antismash/upload/bacteria-33d92ef6-10fe-465c-943e-c269486d32d5
DEBUG    20/07 16:27:29   Preprocessing 5 sequences
DEBUG    20/07 16:27:29   Sanitising record ids and sequences
DEBUG    20/07 16:27:30   Removing sequences smaller than 1000 bases
DEBUG    20/07 16:27:30   Ensuring records have CDS features with all required information
INFO     20/07 16:27:31   Analysing record: NZ_ML137218.1
INFO     20/07 16:27:31   Detecting secondary metabolite clusters
DEBUG    20/07 16:27:31   Checking if antismash.detection.hmm_detection should be run
INFO     20/07 16:27:31   Running antismash.detection.hmm_detection
INFO     20/07 16:27:31   HMM detection using strictness: relaxed
DEBUG    20/07 16:27:40   4 rule-based cluster(s) found in record
DEBUG    20/07 16:27:40   4 protoclusters found
DEBUG    20/07 16:27:40   0 subregions found
INFO     20/07 16:27:40   4 region(s) detected in record
DEBUG    20/07 16:27:40   Checking if antismash.detection.cluster_hmmer should be run
INFO     20/07 16:27:40   Running antismash.detection.cluster_hmmer
INFO     20/07 16:27:40   Running cluster PFAM search
DEBUG    20/07 16:28:16   Building name mapping for HMMer database Pfam-A.hmm
DEBUG    20/07 16:28:21   Building cutoff mapping for HMMer database /databases/pfam/34.0/Pfam-A.hmm
DEBUG    20/07 16:28:25   Adding detection results from antismash.detection.cluster_hmmer to record
DEBUG    20/07 16:28:25   Checking if antismash.detection.genefunctions should be run
INFO     20/07 16:28:25   Running antismash.detection.genefunctions
DEBUG    20/07 16:28:29   Adding detection results from antismash.detection.genefunctions to record
DEBUG    20/07 16:28:29   annotating CDS features with resist info: 0 CDSes
DEBUG    20/07 16:28:29   annotating CDS features with smcogs info: 33 CDSes
DEBUG    20/07 16:28:29   Checking if antismash.detection.nrps_pks_domains should be run
INFO     20/07 16:28:29   Running antismash.detection.nrps_pks_domains
DEBUG    20/07 16:28:29   Marking NRPS/PKS CDS features and domains in clusters
DEBUG    20/07 16:28:30   Adding detection results from antismash.detection.nrps_pks_domains to record
DEBUG    20/07 16:28:30   Checking if antismash.detection.tigrfam should be run
INFO     20/07 16:28:30   Running antismash.detection.tigrfam
INFO     20/07 16:28:30   Running TIGRFam search
DEBUG    20/07 16:28:41   Building name mapping for HMMer database TIGRFam.hmm
DEBUG    20/07 16:28:43   Adding detection results from antismash.detection.tigrfam to record
DEBUG    20/07 16:28:43   Checking if antismash.modules.active_site_finder should be run
INFO     20/07 16:28:43   Running antismash.modules.active_site_finder
DEBUG    20/07 16:28:44   Checking if antismash.modules.cluster_compare should be run
INFO     20/07 16:28:44   Running antismash.modules.cluster_compare
DEBUG    20/07 16:28:44   Loading comparison database: MIBiG
DEBUG    20/07 16:28:45   Comparison database loaded
INFO     20/07 16:28:45   Comparing regions to reference database
DEBUG    20/07 16:28:48   Checking if antismash.modules.clusterblast should be run
INFO     20/07 16:28:48   Running antismash.modules.clusterblast
INFO     20/07 16:28:48   Finding internal homologs in each gene cluster...
INFO     20/07 16:28:51   Running ClusterBlast
INFO     20/07 16:28:51   ClusterBlast: Loading gene cluster database into memory...
INFO     20/07 16:28:53   ClusterBlast: Loading gene cluster database proteins into memory...
INFO     20/07 16:29:09   Comparing regions to reference database
INFO     20/07 16:30:23   Running subcluster search
INFO     20/07 16:30:23   SubClusterBlast: Loading gene cluster database into memory...
INFO     20/07 16:30:23   SubClusterBlast: Loading gene cluster database proteins into memory...
INFO     20/07 16:30:28   Running known cluster search
INFO     20/07 16:30:28   KnownClusterBlast: Loading gene cluster database into memory...
INFO     20/07 16:30:28   KnownClusterBlast: Loading gene cluster database proteins into memory...
DEBUG    20/07 16:30:28   Running DIAMOND knowncluster searches..
INFO     20/07 16:30:28   Comparing regions to reference database
DEBUG    20/07 16:30:32   Checking if antismash.modules.lanthipeptides should be run
INFO     20/07 16:30:32   Running antismash.modules.lanthipeptides
DEBUG    20/07 16:30:32   Lanthipeptide module marked 0 motifs
DEBUG    20/07 16:30:33   Checking if antismash.modules.lassopeptides should be run
INFO     20/07 16:30:33   Running antismash.modules.lassopeptides
DEBUG    20/07 16:30:35   Lassopeptide module marked 0 motifs
DEBUG    20/07 16:30:35   Checking if antismash.modules.nrps_pks should be run
INFO     20/07 16:30:35   Running antismash.modules.nrps_pks
DEBUG    20/07 16:30:35   Checking if antismash.modules.pfam2go should be run
INFO     20/07 16:30:35   Running antismash.modules.pfam2go
DEBUG    20/07 16:30:35   Checking if antismash.modules.rrefinder should be run
INFO     20/07 16:30:35   Running antismash.modules.rrefinder
DEBUG    20/07 16:30:35   Building name mapping for HMMer database RREFam.hmm
DEBUG    20/07 16:30:35   Checking if antismash.modules.sactipeptides should be run
INFO     20/07 16:30:35   Running antismash.modules.sactipeptides
DEBUG    20/07 16:30:35   Found no sactipeptide motifs
DEBUG    20/07 16:30:37   Checking if antismash.modules.t2pks should be run
INFO     20/07 16:30:37   Running antismash.modules.t2pks
DEBUG    20/07 16:30:37   No type II PKS clusters to analyze
DEBUG    20/07 16:30:37   Checking if antismash.modules.tfbs_finder should be run
INFO     20/07 16:30:37   Running antismash.modules.tfbs_finder
DEBUG    20/07 16:30:37   Checking if antismash.modules.thiopeptides should be run
INFO     20/07 16:30:37   Running antismash.modules.thiopeptides
DEBUG    20/07 16:30:37   Thiopeptides marked 0 motifs
DEBUG    20/07 16:30:39   Checking if antismash.modules.tta should be run
INFO     20/07 16:30:39   Running antismash.modules.tta
INFO     20/07 16:30:39   Skipping TTA codon detection, GC content too low: 64%
INFO     20/07 16:30:39   Analysing record: NZ_ML137219.1
INFO     20/07 16:30:39   Detecting secondary metabolite clusters
DEBUG    20/07 16:30:39   Checking if antismash.detection.hmm_detection should be run
INFO     20/07 16:30:39   Running antismash.detection.hmm_detection
INFO     20/07 16:30:39   HMM detection using strictness: relaxed
DEBUG    20/07 16:30:41   0 rule-based cluster(s) found in record
DEBUG    20/07 16:30:41   0 protoclusters found
DEBUG    20/07 16:30:41   0 subregions found
INFO     20/07 16:30:41   No regions detected, skipping record
INFO     20/07 16:30:41   Analysing record: NZ_ML137220.1
INFO     20/07 16:30:41   Detecting secondary metabolite clusters
DEBUG    20/07 16:30:41   Checking if antismash.detection.hmm_detection should be run
INFO     20/07 16:30:41   Running antismash.detection.hmm_detection
INFO     20/07 16:30:41   HMM detection using strictness: relaxed
DEBUG    20/07 16:30:42   0 rule-based cluster(s) found in record
DEBUG    20/07 16:30:42   0 protoclusters found
DEBUG    20/07 16:30:42   0 subregions found
INFO     20/07 16:30:42   No regions detected, skipping record
INFO     20/07 16:30:42   Analysing record: NZ_ML137221.1
INFO     20/07 16:30:42   Detecting secondary metabolite clusters
DEBUG    20/07 16:30:42   Checking if antismash.detection.hmm_detection should be run
INFO     20/07 16:30:42   Running antismash.detection.hmm_detection
INFO     20/07 16:30:42   HMM detection using strictness: relaxed
DEBUG    20/07 16:30:44   0 rule-based cluster(s) found in record
DEBUG    20/07 16:30:44   0 protoclusters found
DEBUG    20/07 16:30:44   0 subregions found
INFO     20/07 16:30:44   No regions detected, skipping record
INFO     20/07 16:30:44   Analysing record: NZ_ML137222.1
INFO     20/07 16:30:44   Detecting secondary metabolite clusters
DEBUG    20/07 16:30:44   Checking if antismash.detection.hmm_detection should be run
INFO     20/07 16:30:44   Running antismash.detection.hmm_detection
INFO     20/07 16:30:44   HMM detection using strictness: relaxed
DEBUG    20/07 16:30:45   0 rule-based cluster(s) found in record
DEBUG    20/07 16:30:45   0 protoclusters found
DEBUG    20/07 16:30:45   0 subregions found
INFO     20/07 16:30:45   No regions detected, skipping record
DEBUG    20/07 16:30:45   Writing json results to '/data/antismash/upload/bacteria-33d92ef6-10fe-465c-943e-c269486d32d5/GCF_004015795.1_Falsirhodobacter_deserti_W402.json'
DEBUG    20/07 16:30:45   Record NZ_ML137218.1 has results for modules: hmm_detection, cluster_hmmer, genefunctions, nrps_pks_domains, tigrfam, active_site_finder, cluster_compare, clusterblast, lanthipeptides, lassopeptides, nrps_pks, pfam2go, rrefinder, sactipeptides, t2pks, tfbs_finder, thiopeptides
DEBUG    20/07 16:30:45   Converting antismash.detection.hmm_detection results to json
DEBUG    20/07 16:30:45   Converting antismash.detection.cluster_hmmer results to json
DEBUG    20/07 16:30:45   Converting antismash.detection.genefunctions results to json
DEBUG    20/07 16:30:45   Converting antismash.detection.nrps_pks_domains results to json
DEBUG    20/07 16:30:45   Converting antismash.detection.tigrfam results to json
DEBUG    20/07 16:30:45   Converting antismash.modules.active_site_finder results to json
DEBUG    20/07 16:30:45   Converting antismash.modules.cluster_compare results to json
DEBUG    20/07 16:30:45   Converting antismash.modules.clusterblast results to json
DEBUG    20/07 16:30:45   Converting antismash.modules.lanthipeptides results to json
DEBUG    20/07 16:30:45   Converting antismash.modules.lassopeptides results to json
DEBUG    20/07 16:30:45   Converting antismash.modules.nrps_pks results to json
DEBUG    20/07 16:30:45   Converting antismash.modules.pfam2go results to json
DEBUG    20/07 16:30:45   Converting antismash.modules.rrefinder results to json
DEBUG    20/07 16:30:45   Converting antismash.modules.sactipeptides results to json
DEBUG    20/07 16:30:45   Converting antismash.modules.t2pks results to json
DEBUG    20/07 16:30:45   Converting antismash.modules.tfbs_finder results to json
DEBUG    20/07 16:30:45   Converting antismash.modules.thiopeptides results to json
DEBUG    20/07 16:30:45   Converting antismash.modules.tta results to json
DEBUG    20/07 16:30:45   Record NZ_ML137219.1 has results for modules: hmm_detection
DEBUG    20/07 16:30:45   Converting antismash.detection.hmm_detection results to json
DEBUG    20/07 16:30:45   Record NZ_ML137220.1 has results for modules: hmm_detection
DEBUG    20/07 16:30:45   Converting antismash.detection.hmm_detection results to json
DEBUG    20/07 16:30:45   Record NZ_ML137221.1 has results for modules: hmm_detection
DEBUG    20/07 16:30:45   Converting antismash.detection.hmm_detection results to json
DEBUG    20/07 16:30:45   Record NZ_ML137222.1 has results for modules: hmm_detection
DEBUG    20/07 16:30:45   Converting antismash.detection.hmm_detection results to json
DEBUG    20/07 16:30:45   Annotating record NZ_ML137218.1 with results from: hmm_detection, cluster_hmmer, genefunctions, nrps_pks_domains, tigrfam, active_site_finder, cluster_compare, clusterblast, lanthipeptides, lassopeptides, nrps_pks, pfam2go, rrefinder, sactipeptides, t2pks, tfbs_finder, thiopeptides, tta
DEBUG    20/07 16:30:45    Adding results from antismash.modules.active_site_finder
DEBUG    20/07 16:30:45    Adding results from antismash.modules.cluster_compare
DEBUG    20/07 16:30:45    Adding results from antismash.modules.clusterblast
DEBUG    20/07 16:30:45    Adding results from antismash.modules.lanthipeptides
DEBUG    20/07 16:30:45    Adding results from antismash.modules.lassopeptides
DEBUG    20/07 16:30:45    Adding results from antismash.modules.nrps_pks
DEBUG    20/07 16:30:45    Adding results from antismash.modules.pfam2go
DEBUG    20/07 16:30:45    Adding results from antismash.modules.rrefinder
DEBUG    20/07 16:30:45    Adding results from antismash.modules.sactipeptides
DEBUG    20/07 16:30:45    Adding results from antismash.modules.t2pks
DEBUG    20/07 16:30:45    Adding results from antismash.modules.tfbs_finder
DEBUG    20/07 16:30:45    Adding results from antismash.modules.thiopeptides
DEBUG    20/07 16:30:45    Adding results from antismash.modules.tta
DEBUG    20/07 16:30:45   Not annotating skipped record NZ_ML137219.1: No regions detected
DEBUG    20/07 16:30:45   Not annotating skipped record NZ_ML137220.1: No regions detected
DEBUG    20/07 16:30:45   Not annotating skipped record NZ_ML137221.1: No regions detected
DEBUG    20/07 16:30:45   Not annotating skipped record NZ_ML137222.1: No regions detected
DEBUG    20/07 16:30:45   Creating results page
DEBUG    20/07 16:30:45   Results page using antismash.js from local copy: /databases/as-js/0.13/antismash.js
DEBUG    20/07 16:30:48   Creating results SVGs
DEBUG    20/07 16:30:48   Writing seq_records SVGs to '/data/antismash/upload/bacteria-33d92ef6-10fe-465c-943e-c269486d32d5/svg'
DEBUG    20/07 16:30:49   Writing cluster-specific genbank files
DEBUG    20/07 16:30:49   Writing final genbank file to '/data/antismash/upload/bacteria-33d92ef6-10fe-465c-943e-c269486d32d5/GCF_004015795.1_Falsirhodobacter_deserti_W402.gbk'
DEBUG    20/07 16:30:49   Zipping output to '/data/antismash/upload/bacteria-33d92ef6-10fe-465c-943e-c269486d32d5/GCF_004015795.1_Falsirhodobacter_deserti_W402.zip'
