INFO     21/07 20:02:36   antiSMASH version: 7.0.0
INFO     21/07 20:02:36   diamond using executable: /usr/bin/diamond-aligner (2.0.7)
INFO     21/07 20:02:36   hmmpfam2 using executable: /usr/bin/hmm2pfam (2.3.2)
INFO     21/07 20:02:36   fasttree using executable: /usr/bin/fasttree
INFO     21/07 20:02:36   hmmsearch using executable: /usr/bin/hmmsearch (3.3.2)
INFO     21/07 20:02:36   hmmpress using executable: /usr/bin/hmmpress (3.3.2)
INFO     21/07 20:02:36   hmmscan using executable: /usr/bin/hmmscan (3.3.2)
INFO     21/07 20:02:37   meme using executable: /usr/bin/meme (4.11.2)
INFO     21/07 20:02:37   fimo using executable: /usr/bin/fimo (4.11.2)
INFO     21/07 20:02:37   glimmerhmm using executable: /usr/bin/glimmerhmm
INFO     21/07 20:02:37   prodigal using executable: /usr/bin/prodigal (V2.6.3)
INFO     21/07 20:02:37   blastp using executable: /usr/bin/blastp (2.11.0+)
INFO     21/07 20:02:38   makeblastdb using executable: /usr/bin/makeblastdb (2.11.0+)
DEBUG    21/07 20:02:38   Checking prerequisites for antismash.detection.hmm_detection
DEBUG    21/07 20:02:38   Found file '/usr/local/lib/python3.9/dist-packages/antismash/detection/hmm_detection/data/bgc_seeds.hmm'
DEBUG    21/07 20:02:38   Found file '/usr/local/lib/python3.9/dist-packages/antismash/detection/hmm_detection/data/bgc_seeds.hmm.h3f'
DEBUG    21/07 20:02:38   Found file '/usr/local/lib/python3.9/dist-packages/antismash/detection/hmm_detection/data/bgc_seeds.hmm.h3i'
DEBUG    21/07 20:02:38   Found file '/usr/local/lib/python3.9/dist-packages/antismash/detection/hmm_detection/data/bgc_seeds.hmm.h3m'
DEBUG    21/07 20:02:38   Found file '/usr/local/lib/python3.9/dist-packages/antismash/detection/hmm_detection/data/bgc_seeds.hmm.h3p'
DEBUG    21/07 20:02:38   Checking prerequisites for antismash.detection.cluster_hmmer
DEBUG    21/07 20:02:38   Found file '/databases/pfam/34.0/Pfam-A.hmm'
DEBUG    21/07 20:02:38   Found file '/databases/pfam/34.0/Pfam-A.hmm.h3f'
DEBUG    21/07 20:02:38   Found file '/databases/pfam/34.0/Pfam-A.hmm.h3i'
DEBUG    21/07 20:02:38   Found file '/databases/pfam/34.0/Pfam-A.hmm.h3m'
DEBUG    21/07 20:02:38   Found file '/databases/pfam/34.0/Pfam-A.hmm.h3p'
DEBUG    21/07 20:02:38   Checking prerequisites for antismash.detection.genefunctions
DEBUG    21/07 20:02:38   Found file '/databases/resfam/Resfams.hmm'
DEBUG    21/07 20:02:38   Found file '/usr/local/lib/python3.9/dist-packages/antismash/detection/genefunctions/data/smcogs.hmm.h3f'
DEBUG    21/07 20:02:38   Found file '/usr/local/lib/python3.9/dist-packages/antismash/detection/genefunctions/data/smcogs.hmm.h3i'
DEBUG    21/07 20:02:38   Found file '/usr/local/lib/python3.9/dist-packages/antismash/detection/genefunctions/data/smcogs.hmm.h3m'
DEBUG    21/07 20:02:38   Found file '/usr/local/lib/python3.9/dist-packages/antismash/detection/genefunctions/data/smcogs.hmm.h3p'
DEBUG    21/07 20:02:38   Found file '/databases/resfam/Resfams.hmm.h3f'
DEBUG    21/07 20:02:38   Found file '/databases/resfam/Resfams.hmm.h3i'
DEBUG    21/07 20:02:38   Found file '/databases/resfam/Resfams.hmm.h3m'
DEBUG    21/07 20:02:38   Found file '/databases/resfam/Resfams.hmm.h3p'
DEBUG    21/07 20:02:38   Checking prerequisites for antismash.detection.nrps_pks_domains
DEBUG    21/07 20:02:38   Found file '/usr/local/lib/python3.9/dist-packages/antismash/detection/nrps_pks_domains/data/abmotifs.hmm.h3f'
DEBUG    21/07 20:02:38   Found file '/usr/local/lib/python3.9/dist-packages/antismash/detection/nrps_pks_domains/data/abmotifs.hmm.h3i'
DEBUG    21/07 20:02:38   Found file '/usr/local/lib/python3.9/dist-packages/antismash/detection/nrps_pks_domains/data/abmotifs.hmm.h3m'
DEBUG    21/07 20:02:38   Found file '/usr/local/lib/python3.9/dist-packages/antismash/detection/nrps_pks_domains/data/abmotifs.hmm.h3p'
DEBUG    21/07 20:02:38   Found file '/usr/local/lib/python3.9/dist-packages/antismash/detection/nrps_pks_domains/data/dockingdomains.hmm.h3f'
DEBUG    21/07 20:02:38   Found file '/usr/local/lib/python3.9/dist-packages/antismash/detection/nrps_pks_domains/data/dockingdomains.hmm.h3i'
DEBUG    21/07 20:02:38   Found file '/usr/local/lib/python3.9/dist-packages/antismash/detection/nrps_pks_domains/data/dockingdomains.hmm.h3m'
DEBUG    21/07 20:02:38   Found file '/usr/local/lib/python3.9/dist-packages/antismash/detection/nrps_pks_domains/data/dockingdomains.hmm.h3p'
DEBUG    21/07 20:02:38   Found file '/usr/local/lib/python3.9/dist-packages/antismash/detection/nrps_pks_domains/data/ksdomains.hmm.h3f'
DEBUG    21/07 20:02:38   Found file '/usr/local/lib/python3.9/dist-packages/antismash/detection/nrps_pks_domains/data/ksdomains.hmm.h3i'
DEBUG    21/07 20:02:38   Found file '/usr/local/lib/python3.9/dist-packages/antismash/detection/nrps_pks_domains/data/ksdomains.hmm.h3m'
DEBUG    21/07 20:02:38   Found file '/usr/local/lib/python3.9/dist-packages/antismash/detection/nrps_pks_domains/data/ksdomains.hmm.h3p'
DEBUG    21/07 20:02:38   Found file '/usr/local/lib/python3.9/dist-packages/antismash/detection/nrps_pks_domains/data/nrpspksdomains.hmm.h3f'
DEBUG    21/07 20:02:38   Found file '/usr/local/lib/python3.9/dist-packages/antismash/detection/nrps_pks_domains/data/nrpspksdomains.hmm.h3i'
DEBUG    21/07 20:02:38   Found file '/usr/local/lib/python3.9/dist-packages/antismash/detection/nrps_pks_domains/data/nrpspksdomains.hmm.h3m'
DEBUG    21/07 20:02:38   Found file '/usr/local/lib/python3.9/dist-packages/antismash/detection/nrps_pks_domains/data/nrpspksdomains.hmm.h3p'
DEBUG    21/07 20:02:38   Found file '/databases/nrps_pks/transATor/2023.02.23/transATor.hmm.h3f'
DEBUG    21/07 20:02:38   Found file '/databases/nrps_pks/transATor/2023.02.23/transATor.hmm.h3i'
DEBUG    21/07 20:02:38   Found file '/databases/nrps_pks/transATor/2023.02.23/transATor.hmm.h3m'
DEBUG    21/07 20:02:38   Found file '/databases/nrps_pks/transATor/2023.02.23/transATor.hmm.h3p'
DEBUG    21/07 20:02:38   Checking prerequisites for antismash.detection.tigrfam
DEBUG    21/07 20:02:38   Found file '/databases/tigrfam/TIGRFam.hmm'
DEBUG    21/07 20:02:38   Found file '/databases/tigrfam/TIGRFam.hmm.h3f'
DEBUG    21/07 20:02:38   Found file '/databases/tigrfam/TIGRFam.hmm.h3i'
DEBUG    21/07 20:02:38   Found file '/databases/tigrfam/TIGRFam.hmm.h3m'
DEBUG    21/07 20:02:38   Found file '/databases/tigrfam/TIGRFam.hmm.h3p'
DEBUG    21/07 20:02:38   Checking prerequisites for antismash.modules.active_site_finder
DEBUG    21/07 20:02:38   Found file '/usr/local/lib/python3.9/dist-packages/antismash/modules/active_site_finder/data/PKSI-KR.hmm2'
DEBUG    21/07 20:02:38   Found file '/usr/local/lib/python3.9/dist-packages/antismash/modules/active_site_finder/data/PKSI-KS_N.hmm2'
DEBUG    21/07 20:02:38   Found file '/usr/local/lib/python3.9/dist-packages/antismash/modules/active_site_finder/data/PKSI-KS_C.hmm2'
DEBUG    21/07 20:02:38   Found file '/usr/local/lib/python3.9/dist-packages/antismash/modules/active_site_finder/data/PKSI-AT.hmm2'
DEBUG    21/07 20:02:38   Found file '/usr/local/lib/python3.9/dist-packages/antismash/modules/active_site_finder/data/PKSI-ACP.hmm2'
DEBUG    21/07 20:02:38   Found file '/usr/local/lib/python3.9/dist-packages/antismash/modules/active_site_finder/data/PKSI-DH.hmm2'
DEBUG    21/07 20:02:38   Found file '/usr/local/lib/python3.9/dist-packages/antismash/modules/active_site_finder/data/Thioesterase.hmm2'
DEBUG    21/07 20:02:38   Found file '/usr/local/lib/python3.9/dist-packages/antismash/modules/active_site_finder/data/PKSI-ER.hmm2'
DEBUG    21/07 20:02:38   Found file '/usr/local/lib/python3.9/dist-packages/antismash/modules/active_site_finder/data/p450.hmm2'
DEBUG    21/07 20:02:38   Checking prerequisites for antismash.modules.cluster_compare
DEBUG    21/07 20:02:38   Found file '/databases/clustercompare/mibig/3.1/data.json'
DEBUG    21/07 20:02:38   Found file '/databases/clustercompare/mibig/3.1/proteins.fasta'
DEBUG    21/07 20:02:38   Found file '/databases/clustercompare/mibig/3.1/proteins.dmnd'
DEBUG    21/07 20:02:38   Found file '/databases/clustercompare/mibig/3.1/proteins.dmnd'
DEBUG    21/07 20:02:38   Checking prerequisites for antismash.modules.clusterblast
DEBUG    21/07 20:02:38   Found file '/databases/knownclusterblast/3.1/clusters.txt'
DEBUG    21/07 20:02:38   Found file '/databases/knownclusterblast/3.1/proteins.fasta'
DEBUG    21/07 20:02:38   Found file '/databases/knownclusterblast/3.1/proteins.dmnd'
DEBUG    21/07 20:02:38   Found file '/databases/knownclusterblast/3.1/proteins.dmnd'
DEBUG    21/07 20:02:38   Found file '/databases/clusterblast/clusters.txt'
DEBUG    21/07 20:02:38   Found file '/databases/clusterblast/proteins.fasta'
DEBUG    21/07 20:02:38   Found file '/databases/clusterblast/proteins.dmnd'
DEBUG    21/07 20:02:38   Found file '/databases/clusterblast/proteins.dmnd'
DEBUG    21/07 20:02:38   Found file '/usr/local/lib/python3.9/dist-packages/antismash/modules/clusterblast/data/sub/proteins.fasta'
DEBUG    21/07 20:02:38   Found file '/usr/local/lib/python3.9/dist-packages/antismash/modules/clusterblast/data/sub/proteins.fasta.phr'
DEBUG    21/07 20:02:38   Found file '/usr/local/lib/python3.9/dist-packages/antismash/modules/clusterblast/data/sub/proteins.fasta.pin'
DEBUG    21/07 20:02:38   Found file '/usr/local/lib/python3.9/dist-packages/antismash/modules/clusterblast/data/sub/proteins.fasta.psq'
DEBUG    21/07 20:02:38   Found file '/usr/local/lib/python3.9/dist-packages/antismash/modules/clusterblast/data/sub/clusters.txt'
DEBUG    21/07 20:02:38   Checking prerequisites for antismash.modules.lanthipeptides
DEBUG    21/07 20:02:38   Found file '/databases/comparippson/asdb/3.0/cores.fa.pdb'
DEBUG    21/07 20:02:38   Found file '/databases/comparippson/asdb/3.0/cores.fa.phr'
DEBUG    21/07 20:02:38   Found file '/databases/comparippson/asdb/3.0/cores.fa.pin'
DEBUG    21/07 20:02:38   Found file '/databases/comparippson/asdb/3.0/cores.fa.pot'
DEBUG    21/07 20:02:38   Found file '/databases/comparippson/asdb/3.0/cores.fa.psq'
DEBUG    21/07 20:02:38   Found file '/databases/comparippson/asdb/3.0/cores.fa.ptf'
DEBUG    21/07 20:02:38   Found file '/databases/comparippson/asdb/3.0/cores.fa.pto'
DEBUG    21/07 20:02:38   Found file '/databases/comparippson/mibig/3.1/cores.fa.pdb'
DEBUG    21/07 20:02:38   Found file '/databases/comparippson/mibig/3.1/cores.fa.phr'
DEBUG    21/07 20:02:38   Found file '/databases/comparippson/mibig/3.1/cores.fa.pin'
DEBUG    21/07 20:02:38   Found file '/databases/comparippson/mibig/3.1/cores.fa.pot'
DEBUG    21/07 20:02:38   Found file '/databases/comparippson/mibig/3.1/cores.fa.psq'
DEBUG    21/07 20:02:38   Found file '/databases/comparippson/mibig/3.1/cores.fa.ptf'
DEBUG    21/07 20:02:38   Found file '/databases/comparippson/mibig/3.1/cores.fa.pto'
DEBUG    21/07 20:02:38   Checking prerequisites for antismash.modules.lassopeptides
DEBUG    21/07 20:02:38   Checking prerequisites for antismash.modules.nrps_pks
DEBUG    21/07 20:02:38   Found existing cache for /usr/local/lib/python3.9/dist-packages/antismash/modules/nrps_pks/data/terminals/cterm.fasta
DEBUG    21/07 20:02:38   Found existing cache for /usr/local/lib/python3.9/dist-packages/antismash/modules/nrps_pks/data/terminals/nterm.fasta
DEBUG    21/07 20:02:38   Found existing cache for /usr/local/lib/python3.9/dist-packages/antismash/modules/nrps_pks/at_analysis/data/AT_domains_muscle.fasta
DEBUG    21/07 20:02:38   Found existing cache for /usr/local/lib/python3.9/dist-packages/antismash/modules/nrps_pks/kr_analysis/data/KRdomains_muscle.fasta
DEBUG    21/07 20:02:38   Found existing cache for /usr/local/lib/python3.9/dist-packages/antismash/modules/nrps_pks/minowa/data/AT_domains_muscle.fasta
DEBUG    21/07 20:02:38   Found existing cache for /usr/local/lib/python3.9/dist-packages/antismash/modules/nrps_pks/minowa/data/CAL_domains_muscle.fasta
DEBUG    21/07 20:02:38   Checking prerequisites for antismash.modules.pfam2go
DEBUG    21/07 20:02:38   Found file '/usr/local/lib/python3.9/dist-packages/antismash/modules/pfam2go/data/pfam2go.txt'
DEBUG    21/07 20:02:38   Checking prerequisites for antismash.modules.rrefinder
DEBUG    21/07 20:02:38   Found file '/usr/local/lib/python3.9/dist-packages/antismash/modules/rrefinder/data/RREFam.hmm.h3f'
DEBUG    21/07 20:02:38   Found file '/usr/local/lib/python3.9/dist-packages/antismash/modules/rrefinder/data/RREFam.hmm.h3i'
DEBUG    21/07 20:02:38   Found file '/usr/local/lib/python3.9/dist-packages/antismash/modules/rrefinder/data/RREFam.hmm.h3m'
DEBUG    21/07 20:02:38   Found file '/usr/local/lib/python3.9/dist-packages/antismash/modules/rrefinder/data/RREFam.hmm.h3p'
DEBUG    21/07 20:02:38   Checking prerequisites for antismash.modules.sactipeptides
DEBUG    21/07 20:02:38   Checking prerequisites for antismash.modules.t2pks
DEBUG    21/07 20:02:38   Found file '/usr/local/lib/python3.9/dist-packages/antismash/modules/t2pks/data/KSIII.fasta'
DEBUG    21/07 20:02:38   Found file '/usr/local/lib/python3.9/dist-packages/antismash/modules/t2pks/data/KSIII.phr'
DEBUG    21/07 20:02:38   Found file '/usr/local/lib/python3.9/dist-packages/antismash/modules/t2pks/data/KSIII.pin'
DEBUG    21/07 20:02:38   Found file '/usr/local/lib/python3.9/dist-packages/antismash/modules/t2pks/data/KSIII.psq'
DEBUG    21/07 20:02:38   Found file '/usr/local/lib/python3.9/dist-packages/antismash/modules/t2pks/data/AT.fasta'
DEBUG    21/07 20:02:38   Found file '/usr/local/lib/python3.9/dist-packages/antismash/modules/t2pks/data/AT.phr'
DEBUG    21/07 20:02:38   Found file '/usr/local/lib/python3.9/dist-packages/antismash/modules/t2pks/data/AT.pin'
DEBUG    21/07 20:02:38   Found file '/usr/local/lib/python3.9/dist-packages/antismash/modules/t2pks/data/AT.psq'
DEBUG    21/07 20:02:38   Found file '/usr/local/lib/python3.9/dist-packages/antismash/modules/t2pks/data/LIG.fasta'
DEBUG    21/07 20:02:38   Found file '/usr/local/lib/python3.9/dist-packages/antismash/modules/t2pks/data/LIG.phr'
DEBUG    21/07 20:02:38   Found file '/usr/local/lib/python3.9/dist-packages/antismash/modules/t2pks/data/LIG.pin'
DEBUG    21/07 20:02:38   Found file '/usr/local/lib/python3.9/dist-packages/antismash/modules/t2pks/data/LIG.psq'
DEBUG    21/07 20:02:38   Found file '/usr/local/lib/python3.9/dist-packages/antismash/modules/t2pks/data/t2pks.hmm.h3f'
DEBUG    21/07 20:02:38   Found file '/usr/local/lib/python3.9/dist-packages/antismash/modules/t2pks/data/t2pks.hmm.h3i'
DEBUG    21/07 20:02:38   Found file '/usr/local/lib/python3.9/dist-packages/antismash/modules/t2pks/data/t2pks.hmm.h3m'
DEBUG    21/07 20:02:38   Found file '/usr/local/lib/python3.9/dist-packages/antismash/modules/t2pks/data/t2pks.hmm.h3p'
DEBUG    21/07 20:02:38   Checking prerequisites for antismash.modules.tfbs_finder
DEBUG    21/07 20:02:38   Found file '/usr/local/lib/python3.9/dist-packages/antismash/modules/tfbs_finder/data/PWMs.json'
DEBUG    21/07 20:02:38   Checking prerequisites for antismash.modules.thiopeptides
DEBUG    21/07 20:02:38   Found file '/usr/local/lib/python3.9/dist-packages/antismash/modules/thiopeptides/data/thiopep3.hmm.h3f'
DEBUG    21/07 20:02:38   Found file '/usr/local/lib/python3.9/dist-packages/antismash/modules/thiopeptides/data/thiopep3.hmm.h3i'
DEBUG    21/07 20:02:38   Found file '/usr/local/lib/python3.9/dist-packages/antismash/modules/thiopeptides/data/thiopep3.hmm.h3m'
DEBUG    21/07 20:02:38   Found file '/usr/local/lib/python3.9/dist-packages/antismash/modules/thiopeptides/data/thiopep3.hmm.h3p'
DEBUG    21/07 20:02:38   Checking prerequisites for antismash.modules.tta
DEBUG    21/07 20:02:38   Checking prerequisites for antismash.outputs.html
DEBUG    21/07 20:02:38   Found file '/usr/local/lib/python3.9/dist-packages/antismash/outputs/html/css/bacteria.css'
DEBUG    21/07 20:02:38   Found file '/usr/local/lib/python3.9/dist-packages/antismash/outputs/html/css/fungi.css'
DEBUG    21/07 20:02:38   Found file '/usr/local/lib/python3.9/dist-packages/antismash/outputs/html/css/plants.css'
DEBUG    21/07 20:02:38   Checking prerequisites for antismash.support.genefinding
DEBUG    21/07 20:02:38   Checking options for antismash.detection.hmm_detection
DEBUG    21/07 20:02:38   Checking options for antismash.detection.cluster_hmmer
DEBUG    21/07 20:02:38   Found file '/databases/pfam/34.0/Pfam-A.hmm'
DEBUG    21/07 20:02:38   Found file '/databases/pfam/34.0/Pfam-A.hmm.h3f'
DEBUG    21/07 20:02:38   Found file '/databases/pfam/34.0/Pfam-A.hmm.h3i'
DEBUG    21/07 20:02:38   Found file '/databases/pfam/34.0/Pfam-A.hmm.h3m'
DEBUG    21/07 20:02:38   Found file '/databases/pfam/34.0/Pfam-A.hmm.h3p'
DEBUG    21/07 20:02:38   Checking options for antismash.detection.genefunctions
DEBUG    21/07 20:02:38   Checking options for antismash.detection.nrps_pks_domains
DEBUG    21/07 20:02:38   Checking options for antismash.detection.tigrfam
DEBUG    21/07 20:02:38   Checking options for antismash.modules.active_site_finder
DEBUG    21/07 20:02:38   Checking options for antismash.modules.cluster_compare
DEBUG    21/07 20:02:38   Checking options for antismash.modules.clusterblast
DEBUG    21/07 20:02:38   Checking options for antismash.modules.lanthipeptides
DEBUG    21/07 20:02:38   Checking options for antismash.modules.lassopeptides
DEBUG    21/07 20:02:38   Checking options for antismash.modules.nrps_pks
DEBUG    21/07 20:02:38   Checking options for antismash.modules.pfam2go
DEBUG    21/07 20:02:38   Checking options for antismash.modules.rrefinder
DEBUG    21/07 20:02:38   Checking options for antismash.modules.sactipeptides
DEBUG    21/07 20:02:38   Checking options for antismash.modules.t2pks
DEBUG    21/07 20:02:38   Checking options for antismash.modules.tfbs_finder
DEBUG    21/07 20:02:38   Checking options for antismash.modules.thiopeptides
DEBUG    21/07 20:02:38   Checking options for antismash.modules.tta
DEBUG    21/07 20:02:38   Checking options for antismash.outputs.html
DEBUG    21/07 20:02:38   Checking options for antismash.support.genefinding
INFO     21/07 20:02:38   Parsing input sequence '/input/GCF_020667835.1_Roseibaca_sp.Y0-43_Y0-43.gbk'
DEBUG    21/07 20:02:38   Stripping antiSMASH features and annotations from record: NZ_JAFMPR010000010.1
DEBUG    21/07 20:02:38   Stripping antiSMASH features and annotations from record: NZ_JAFMPR010000011.1
DEBUG    21/07 20:02:38   Stripping antiSMASH features and annotations from record: NZ_JAFMPR010000012.1
DEBUG    21/07 20:02:38   Stripping antiSMASH features and annotations from record: NZ_JAFMPR010000013.1
DEBUG    21/07 20:02:38   Stripping antiSMASH features and annotations from record: NZ_JAFMPR010000014.1
DEBUG    21/07 20:02:38   Stripping antiSMASH features and annotations from record: NZ_JAFMPR010000015.1
DEBUG    21/07 20:02:38   Stripping antiSMASH features and annotations from record: NZ_JAFMPR010000016.1
DEBUG    21/07 20:02:38   Stripping antiSMASH features and annotations from record: NZ_JAFMPR010000017.1
DEBUG    21/07 20:02:38   Stripping antiSMASH features and annotations from record: NZ_JAFMPR010000018.1
DEBUG    21/07 20:02:38   Stripping antiSMASH features and annotations from record: NZ_JAFMPR010000019.1
DEBUG    21/07 20:02:38   Stripping antiSMASH features and annotations from record: NZ_JAFMPR010000001.1
DEBUG    21/07 20:02:38   Stripping antiSMASH features and annotations from record: NZ_JAFMPR010000020.1
DEBUG    21/07 20:02:38   Stripping antiSMASH features and annotations from record: NZ_JAFMPR010000021.1
DEBUG    21/07 20:02:38   Stripping antiSMASH features and annotations from record: NZ_JAFMPR010000022.1
DEBUG    21/07 20:02:38   Stripping antiSMASH features and annotations from record: NZ_JAFMPR010000023.1
DEBUG    21/07 20:02:38   Stripping antiSMASH features and annotations from record: NZ_JAFMPR010000024.1
DEBUG    21/07 20:02:38   Stripping antiSMASH features and annotations from record: NZ_JAFMPR010000025.1
DEBUG    21/07 20:02:38   Stripping antiSMASH features and annotations from record: NZ_JAFMPR010000026.1
DEBUG    21/07 20:02:38   Stripping antiSMASH features and annotations from record: NZ_JAFMPR010000027.1
DEBUG    21/07 20:02:38   Stripping antiSMASH features and annotations from record: NZ_JAFMPR010000028.1
DEBUG    21/07 20:02:38   Stripping antiSMASH features and annotations from record: NZ_JAFMPR010000029.1
DEBUG    21/07 20:02:38   Stripping antiSMASH features and annotations from record: NZ_JAFMPR010000002.1
DEBUG    21/07 20:02:38   Stripping antiSMASH features and annotations from record: NZ_JAFMPR010000030.1
DEBUG    21/07 20:02:38   Stripping antiSMASH features and annotations from record: NZ_JAFMPR010000031.1
DEBUG    21/07 20:02:38   Stripping antiSMASH features and annotations from record: NZ_JAFMPR010000032.1
DEBUG    21/07 20:02:38   Stripping antiSMASH features and annotations from record: NZ_JAFMPR010000033.1
DEBUG    21/07 20:02:38   Stripping antiSMASH features and annotations from record: NZ_JAFMPR010000034.1
DEBUG    21/07 20:02:38   Stripping antiSMASH features and annotations from record: NZ_JAFMPR010000035.1
DEBUG    21/07 20:02:38   Stripping antiSMASH features and annotations from record: NZ_JAFMPR010000036.1
DEBUG    21/07 20:02:38   Stripping antiSMASH features and annotations from record: NZ_JAFMPR010000037.1
DEBUG    21/07 20:02:38   Stripping antiSMASH features and annotations from record: NZ_JAFMPR010000038.1
DEBUG    21/07 20:02:38   Stripping antiSMASH features and annotations from record: NZ_JAFMPR010000039.1
DEBUG    21/07 20:02:38   Stripping antiSMASH features and annotations from record: NZ_JAFMPR010000003.1
DEBUG    21/07 20:02:38   Stripping antiSMASH features and annotations from record: NZ_JAFMPR010000040.1
DEBUG    21/07 20:02:38   Stripping antiSMASH features and annotations from record: NZ_JAFMPR010000041.1
DEBUG    21/07 20:02:38   Stripping antiSMASH features and annotations from record: NZ_JAFMPR010000004.1
DEBUG    21/07 20:02:38   Stripping antiSMASH features and annotations from record: NZ_JAFMPR010000005.1
DEBUG    21/07 20:02:38   Stripping antiSMASH features and annotations from record: NZ_JAFMPR010000006.1
DEBUG    21/07 20:02:38   Stripping antiSMASH features and annotations from record: NZ_JAFMPR010000007.1
DEBUG    21/07 20:02:38   Stripping antiSMASH features and annotations from record: NZ_JAFMPR010000008.1
DEBUG    21/07 20:02:38   Stripping antiSMASH features and annotations from record: NZ_JAFMPR010000009.1
DEBUG    21/07 20:02:38   Converting records from biopython to secmet
DEBUG    21/07 20:02:39   Removing existing region genbank files
DEBUG    21/07 20:02:39   Reusing output directory: /data/antismash/upload/bacteria-d2822e18-e6cf-4c23-8896-dda0c47131a2
DEBUG    21/07 20:02:39   Preprocessing 41 sequences
DEBUG    21/07 20:02:39   Sanitising record ids and sequences
DEBUG    21/07 20:02:39   Removing sequences smaller than 1000 bases
DEBUG    21/07 20:02:39   Ensuring records have CDS features with all required information
INFO     21/07 20:02:39   No CDS features found in record 'NZ_JAFMPR010000026.1', running gene finding.
DEBUG    21/07 20:02:39   Running prodigal based genefinding
INFO     21/07 20:02:39   No CDS features found in record 'NZ_JAFMPR010000035.1', running gene finding.
DEBUG    21/07 20:02:39   Running prodigal based genefinding
DEBUG    21/07 20:02:39   prodigal found 2 CDS features
DEBUG    21/07 20:02:39   prodigal found 4 CDS features
INFO     21/07 20:02:39   No CDS features found in record 'NZ_JAFMPR010000040.1', running gene finding.
DEBUG    21/07 20:02:39   Running prodigal based genefinding
DEBUG    21/07 20:02:39   prodigal found 1 CDS features
INFO     21/07 20:02:40   Analysing record: NZ_JAFMPR010000010.1
INFO     21/07 20:02:40   Detecting secondary metabolite clusters
DEBUG    21/07 20:02:40   Checking if antismash.detection.hmm_detection should be run
INFO     21/07 20:02:40   Running antismash.detection.hmm_detection
INFO     21/07 20:02:40   HMM detection using strictness: relaxed
DEBUG    21/07 20:02:40   0 rule-based cluster(s) found in record
DEBUG    21/07 20:02:40   0 protoclusters found
DEBUG    21/07 20:02:40   0 subregions found
INFO     21/07 20:02:40   No regions detected, skipping record
INFO     21/07 20:02:40   Analysing record: NZ_JAFMPR010000011.1
INFO     21/07 20:02:40   Detecting secondary metabolite clusters
DEBUG    21/07 20:02:40   Checking if antismash.detection.hmm_detection should be run
INFO     21/07 20:02:40   Running antismash.detection.hmm_detection
INFO     21/07 20:02:40   HMM detection using strictness: relaxed
DEBUG    21/07 20:02:41   0 rule-based cluster(s) found in record
DEBUG    21/07 20:02:41   0 protoclusters found
DEBUG    21/07 20:02:41   0 subregions found
INFO     21/07 20:02:41   No regions detected, skipping record
INFO     21/07 20:02:41   Analysing record: NZ_JAFMPR010000012.1
INFO     21/07 20:02:41   Detecting secondary metabolite clusters
DEBUG    21/07 20:02:41   Checking if antismash.detection.hmm_detection should be run
INFO     21/07 20:02:41   Running antismash.detection.hmm_detection
INFO     21/07 20:02:41   HMM detection using strictness: relaxed
DEBUG    21/07 20:02:42   2 rule-based cluster(s) found in record
DEBUG    21/07 20:02:42   2 protoclusters found
DEBUG    21/07 20:02:42   0 subregions found
INFO     21/07 20:02:42   1 region(s) detected in record
DEBUG    21/07 20:02:42   Checking if antismash.detection.cluster_hmmer should be run
INFO     21/07 20:02:42   Running antismash.detection.cluster_hmmer
INFO     21/07 20:02:42   Running cluster PFAM search
DEBUG    21/07 20:02:56   Building name mapping for HMMer database Pfam-A.hmm
DEBUG    21/07 20:02:58   Building cutoff mapping for HMMer database /databases/pfam/34.0/Pfam-A.hmm
DEBUG    21/07 20:03:01   Adding detection results from antismash.detection.cluster_hmmer to record
DEBUG    21/07 20:03:01   Checking if antismash.detection.genefunctions should be run
INFO     21/07 20:03:01   Running antismash.detection.genefunctions
DEBUG    21/07 20:03:03   Adding detection results from antismash.detection.genefunctions to record
DEBUG    21/07 20:03:03   annotating CDS features with resist info: 0 CDSes
DEBUG    21/07 20:03:03   annotating CDS features with smcogs info: 11 CDSes
DEBUG    21/07 20:03:03   Checking if antismash.detection.nrps_pks_domains should be run
INFO     21/07 20:03:03   Running antismash.detection.nrps_pks_domains
DEBUG    21/07 20:03:03   Marking NRPS/PKS CDS features and domains in clusters
DEBUG    21/07 20:03:03   Adding detection results from antismash.detection.nrps_pks_domains to record
DEBUG    21/07 20:03:03   Checking if antismash.detection.tigrfam should be run
INFO     21/07 20:03:03   Running antismash.detection.tigrfam
INFO     21/07 20:03:03   Running TIGRFam search
DEBUG    21/07 20:03:07   Building name mapping for HMMer database TIGRFam.hmm
DEBUG    21/07 20:03:08   Adding detection results from antismash.detection.tigrfam to record
DEBUG    21/07 20:03:08   Checking if antismash.modules.active_site_finder should be run
INFO     21/07 20:03:08   Running antismash.modules.active_site_finder
DEBUG    21/07 20:03:09   Checking if antismash.modules.cluster_compare should be run
INFO     21/07 20:03:09   Running antismash.modules.cluster_compare
DEBUG    21/07 20:03:09   Loading comparison database: MIBiG
DEBUG    21/07 20:03:10   Comparison database loaded
INFO     21/07 20:03:10   Comparing regions to reference database
DEBUG    21/07 20:03:14   Checking if antismash.modules.clusterblast should be run
INFO     21/07 20:03:14   Running antismash.modules.clusterblast
INFO     21/07 20:03:14   Finding internal homologs in each gene cluster...
INFO     21/07 20:03:14   Running ClusterBlast
INFO     21/07 20:03:14   ClusterBlast: Loading gene cluster database into memory...
INFO     21/07 20:03:16   ClusterBlast: Loading gene cluster database proteins into memory...
INFO     21/07 20:03:29   Comparing regions to reference database
INFO     21/07 20:04:27   Running subcluster search
INFO     21/07 20:04:27   SubClusterBlast: Loading gene cluster database into memory...
INFO     21/07 20:04:27   SubClusterBlast: Loading gene cluster database proteins into memory...
INFO     21/07 20:04:28   Running known cluster search
INFO     21/07 20:04:28   KnownClusterBlast: Loading gene cluster database into memory...
INFO     21/07 20:04:28   KnownClusterBlast: Loading gene cluster database proteins into memory...
DEBUG    21/07 20:04:28   Running DIAMOND knowncluster searches..
INFO     21/07 20:04:28   Comparing regions to reference database
DEBUG    21/07 20:04:32   Checking if antismash.modules.lanthipeptides should be run
INFO     21/07 20:04:32   Running antismash.modules.lanthipeptides
DEBUG    21/07 20:04:32   Lanthipeptide module marked 0 motifs
DEBUG    21/07 20:04:33   Checking if antismash.modules.lassopeptides should be run
INFO     21/07 20:04:33   Running antismash.modules.lassopeptides
DEBUG    21/07 20:04:34   Lassopeptide module marked 0 motifs
DEBUG    21/07 20:04:34   Checking if antismash.modules.nrps_pks should be run
INFO     21/07 20:04:34   Running antismash.modules.nrps_pks
INFO     21/07 20:04:34   Predicting PKS AT domain substrate specificities by Yadav et al. PKS signature sequences
INFO     21/07 20:04:35   Predicting PKS AT domain substrate specificities by Minowa et al. method
INFO     21/07 20:04:37   Predicting CAL domain substrate specificities by Minowa et al. method
INFO     21/07 20:04:37   Predicting PKS KR activity and stereochemistry using KR fingerprints from Starcevic et al.
DEBUG    21/07 20:04:37   CandidateCluster 1 monomer ordering method: colinear
DEBUG    21/07 20:04:37   CandidateCluster 2 monomer ordering method: colinear
DEBUG    21/07 20:04:37   CandidateCluster 3 monomer ordering method: colinear
DEBUG    21/07 20:04:37   Checking if antismash.modules.pfam2go should be run
INFO     21/07 20:04:37   Running antismash.modules.pfam2go
DEBUG    21/07 20:04:37   Checking if antismash.modules.rrefinder should be run
INFO     21/07 20:04:37   Running antismash.modules.rrefinder
DEBUG    21/07 20:04:37   Checking if antismash.modules.sactipeptides should be run
INFO     21/07 20:04:37   Running antismash.modules.sactipeptides
DEBUG    21/07 20:04:37   Found no sactipeptide motifs
DEBUG    21/07 20:04:38   Checking if antismash.modules.t2pks should be run
INFO     21/07 20:04:38   Running antismash.modules.t2pks
DEBUG    21/07 20:04:38   No type II PKS clusters to analyze
DEBUG    21/07 20:04:38   Checking if antismash.modules.tfbs_finder should be run
INFO     21/07 20:04:38   Running antismash.modules.tfbs_finder
DEBUG    21/07 20:04:38   Checking if antismash.modules.thiopeptides should be run
INFO     21/07 20:04:38   Running antismash.modules.thiopeptides
DEBUG    21/07 20:04:38   Thiopeptides marked 0 motifs
DEBUG    21/07 20:04:39   Checking if antismash.modules.tta should be run
INFO     21/07 20:04:39   Running antismash.modules.tta
INFO     21/07 20:04:39   Detecting TTA codons
DEBUG    21/07 20:04:39   GC content: 65%
DEBUG    21/07 20:04:40   Detected 4 TTA codons
INFO     21/07 20:04:40   Analysing record: NZ_JAFMPR010000013.1
INFO     21/07 20:04:40   Detecting secondary metabolite clusters
DEBUG    21/07 20:04:40   Checking if antismash.detection.hmm_detection should be run
INFO     21/07 20:04:40   Running antismash.detection.hmm_detection
INFO     21/07 20:04:40   HMM detection using strictness: relaxed
DEBUG    21/07 20:04:40   0 rule-based cluster(s) found in record
DEBUG    21/07 20:04:40   0 protoclusters found
DEBUG    21/07 20:04:40   0 subregions found
INFO     21/07 20:04:40   No regions detected, skipping record
INFO     21/07 20:04:40   Analysing record: NZ_JAFMPR010000014.1
INFO     21/07 20:04:40   Detecting secondary metabolite clusters
DEBUG    21/07 20:04:40   Checking if antismash.detection.hmm_detection should be run
INFO     21/07 20:04:40   Running antismash.detection.hmm_detection
INFO     21/07 20:04:40   HMM detection using strictness: relaxed
DEBUG    21/07 20:04:41   0 rule-based cluster(s) found in record
DEBUG    21/07 20:04:41   0 protoclusters found
DEBUG    21/07 20:04:41   0 subregions found
INFO     21/07 20:04:41   No regions detected, skipping record
INFO     21/07 20:04:41   Analysing record: NZ_JAFMPR010000015.1
INFO     21/07 20:04:41   Detecting secondary metabolite clusters
DEBUG    21/07 20:04:41   Checking if antismash.detection.hmm_detection should be run
INFO     21/07 20:04:41   Running antismash.detection.hmm_detection
INFO     21/07 20:04:41   HMM detection using strictness: relaxed
DEBUG    21/07 20:04:41   0 rule-based cluster(s) found in record
DEBUG    21/07 20:04:41   0 protoclusters found
DEBUG    21/07 20:04:41   0 subregions found
INFO     21/07 20:04:41   No regions detected, skipping record
INFO     21/07 20:04:41   Analysing record: NZ_JAFMPR010000016.1
INFO     21/07 20:04:41   Detecting secondary metabolite clusters
DEBUG    21/07 20:04:41   Checking if antismash.detection.hmm_detection should be run
INFO     21/07 20:04:41   Running antismash.detection.hmm_detection
INFO     21/07 20:04:41   HMM detection using strictness: relaxed
DEBUG    21/07 20:04:42   0 rule-based cluster(s) found in record
DEBUG    21/07 20:04:42   0 protoclusters found
DEBUG    21/07 20:04:42   0 subregions found
INFO     21/07 20:04:42   No regions detected, skipping record
INFO     21/07 20:04:42   Analysing record: NZ_JAFMPR010000017.1
INFO     21/07 20:04:42   Detecting secondary metabolite clusters
DEBUG    21/07 20:04:42   Checking if antismash.detection.hmm_detection should be run
INFO     21/07 20:04:42   Running antismash.detection.hmm_detection
INFO     21/07 20:04:42   HMM detection using strictness: relaxed
DEBUG    21/07 20:04:42   0 rule-based cluster(s) found in record
DEBUG    21/07 20:04:42   0 protoclusters found
DEBUG    21/07 20:04:42   0 subregions found
INFO     21/07 20:04:42   No regions detected, skipping record
INFO     21/07 20:04:42   Analysing record: NZ_JAFMPR010000018.1
INFO     21/07 20:04:42   Detecting secondary metabolite clusters
DEBUG    21/07 20:04:42   Checking if antismash.detection.hmm_detection should be run
INFO     21/07 20:04:42   Running antismash.detection.hmm_detection
INFO     21/07 20:04:42   HMM detection using strictness: relaxed
DEBUG    21/07 20:04:43   0 rule-based cluster(s) found in record
DEBUG    21/07 20:04:43   0 protoclusters found
DEBUG    21/07 20:04:43   0 subregions found
INFO     21/07 20:04:43   No regions detected, skipping record
INFO     21/07 20:04:43   Analysing record: NZ_JAFMPR010000019.1
INFO     21/07 20:04:43   Detecting secondary metabolite clusters
DEBUG    21/07 20:04:43   Checking if antismash.detection.hmm_detection should be run
INFO     21/07 20:04:43   Running antismash.detection.hmm_detection
INFO     21/07 20:04:43   HMM detection using strictness: relaxed
DEBUG    21/07 20:04:43   0 rule-based cluster(s) found in record
DEBUG    21/07 20:04:43   0 protoclusters found
DEBUG    21/07 20:04:43   0 subregions found
INFO     21/07 20:04:43   No regions detected, skipping record
INFO     21/07 20:04:43   Analysing record: NZ_JAFMPR010000001.1
INFO     21/07 20:04:43   Detecting secondary metabolite clusters
DEBUG    21/07 20:04:43   Checking if antismash.detection.hmm_detection should be run
INFO     21/07 20:04:43   Running antismash.detection.hmm_detection
INFO     21/07 20:04:43   HMM detection using strictness: relaxed
DEBUG    21/07 20:04:45   1 rule-based cluster(s) found in record
DEBUG    21/07 20:04:45   1 protoclusters found
DEBUG    21/07 20:04:45   0 subregions found
INFO     21/07 20:04:45   1 region(s) detected in record
DEBUG    21/07 20:04:45   Checking if antismash.detection.cluster_hmmer should be run
INFO     21/07 20:04:45   Running antismash.detection.cluster_hmmer
INFO     21/07 20:04:45   Running cluster PFAM search
DEBUG    21/07 20:04:50   Adding detection results from antismash.detection.cluster_hmmer to record
DEBUG    21/07 20:04:50   Checking if antismash.detection.genefunctions should be run
INFO     21/07 20:04:50   Running antismash.detection.genefunctions
DEBUG    21/07 20:04:50   Adding detection results from antismash.detection.genefunctions to record
DEBUG    21/07 20:04:50   annotating CDS features with resist info: 0 CDSes
DEBUG    21/07 20:04:50   annotating CDS features with smcogs info: 2 CDSes
DEBUG    21/07 20:04:50   Checking if antismash.detection.nrps_pks_domains should be run
INFO     21/07 20:04:50   Running antismash.detection.nrps_pks_domains
DEBUG    21/07 20:04:50   Marking NRPS/PKS CDS features and domains in clusters
DEBUG    21/07 20:04:51   Adding detection results from antismash.detection.nrps_pks_domains to record
DEBUG    21/07 20:04:51   Checking if antismash.detection.tigrfam should be run
INFO     21/07 20:04:51   Running antismash.detection.tigrfam
INFO     21/07 20:04:51   Running TIGRFam search
DEBUG    21/07 20:04:52   Adding detection results from antismash.detection.tigrfam to record
DEBUG    21/07 20:04:52   Checking if antismash.modules.active_site_finder should be run
INFO     21/07 20:04:52   Running antismash.modules.active_site_finder
DEBUG    21/07 20:04:52   Checking if antismash.modules.cluster_compare should be run
INFO     21/07 20:04:52   Running antismash.modules.cluster_compare
DEBUG    21/07 20:04:52   Loading comparison database: MIBiG
DEBUG    21/07 20:04:52   Comparison database loaded
INFO     21/07 20:04:52   Comparing regions to reference database
DEBUG    21/07 20:04:53   Checking if antismash.modules.clusterblast should be run
INFO     21/07 20:04:53   Running antismash.modules.clusterblast
INFO     21/07 20:04:53   Finding internal homologs in each gene cluster...
INFO     21/07 20:04:54   Running ClusterBlast
INFO     21/07 20:04:54   ClusterBlast: Loading gene cluster database into memory...
INFO     21/07 20:04:55   ClusterBlast: Loading gene cluster database proteins into memory...
INFO     21/07 20:05:06   Comparing regions to reference database
INFO     21/07 20:06:00   Running subcluster search
INFO     21/07 20:06:00   SubClusterBlast: Loading gene cluster database into memory...
INFO     21/07 20:06:00   SubClusterBlast: Loading gene cluster database proteins into memory...
INFO     21/07 20:06:01   Running known cluster search
INFO     21/07 20:06:01   KnownClusterBlast: Loading gene cluster database into memory...
INFO     21/07 20:06:01   KnownClusterBlast: Loading gene cluster database proteins into memory...
DEBUG    21/07 20:06:01   Running DIAMOND knowncluster searches..
INFO     21/07 20:06:01   Comparing regions to reference database
DEBUG    21/07 20:06:03   Checking if antismash.modules.lanthipeptides should be run
INFO     21/07 20:06:03   Running antismash.modules.lanthipeptides
DEBUG    21/07 20:06:03   Lanthipeptide module marked 0 motifs
DEBUG    21/07 20:06:04   Checking if antismash.modules.lassopeptides should be run
INFO     21/07 20:06:04   Running antismash.modules.lassopeptides
DEBUG    21/07 20:06:05   Lassopeptide module marked 0 motifs
DEBUG    21/07 20:06:05   Checking if antismash.modules.nrps_pks should be run
INFO     21/07 20:06:05   Running antismash.modules.nrps_pks
DEBUG    21/07 20:06:05   Checking if antismash.modules.pfam2go should be run
INFO     21/07 20:06:05   Running antismash.modules.pfam2go
DEBUG    21/07 20:06:05   Checking if antismash.modules.rrefinder should be run
INFO     21/07 20:06:05   Running antismash.modules.rrefinder
DEBUG    21/07 20:06:05   Checking if antismash.modules.sactipeptides should be run
INFO     21/07 20:06:05   Running antismash.modules.sactipeptides
DEBUG    21/07 20:06:05   Found no sactipeptide motifs
DEBUG    21/07 20:06:06   Checking if antismash.modules.t2pks should be run
INFO     21/07 20:06:06   Running antismash.modules.t2pks
DEBUG    21/07 20:06:06   No type II PKS clusters to analyze
DEBUG    21/07 20:06:06   Checking if antismash.modules.tfbs_finder should be run
INFO     21/07 20:06:06   Running antismash.modules.tfbs_finder
DEBUG    21/07 20:06:06   Checking if antismash.modules.thiopeptides should be run
INFO     21/07 20:06:06   Running antismash.modules.thiopeptides
DEBUG    21/07 20:06:06   Thiopeptides marked 0 motifs
DEBUG    21/07 20:06:08   Checking if antismash.modules.tta should be run
INFO     21/07 20:06:08   Running antismash.modules.tta
INFO     21/07 20:06:08   Skipping TTA codon detection, GC content too low: 64%
INFO     21/07 20:06:08   Analysing record: NZ_JAFMPR010000020.1
INFO     21/07 20:06:08   Detecting secondary metabolite clusters
DEBUG    21/07 20:06:08   Checking if antismash.detection.hmm_detection should be run
INFO     21/07 20:06:08   Running antismash.detection.hmm_detection
INFO     21/07 20:06:08   HMM detection using strictness: relaxed
DEBUG    21/07 20:06:08   0 rule-based cluster(s) found in record
DEBUG    21/07 20:06:08   0 protoclusters found
DEBUG    21/07 20:06:08   0 subregions found
INFO     21/07 20:06:08   No regions detected, skipping record
INFO     21/07 20:06:08   Analysing record: NZ_JAFMPR010000021.1
INFO     21/07 20:06:08   Detecting secondary metabolite clusters
DEBUG    21/07 20:06:08   Checking if antismash.detection.hmm_detection should be run
INFO     21/07 20:06:08   Running antismash.detection.hmm_detection
INFO     21/07 20:06:08   HMM detection using strictness: relaxed
DEBUG    21/07 20:06:09   0 rule-based cluster(s) found in record
DEBUG    21/07 20:06:09   0 protoclusters found
DEBUG    21/07 20:06:09   0 subregions found
INFO     21/07 20:06:09   No regions detected, skipping record
INFO     21/07 20:06:09   Analysing record: NZ_JAFMPR010000022.1
INFO     21/07 20:06:09   Detecting secondary metabolite clusters
DEBUG    21/07 20:06:09   Checking if antismash.detection.hmm_detection should be run
INFO     21/07 20:06:09   Running antismash.detection.hmm_detection
INFO     21/07 20:06:09   HMM detection using strictness: relaxed
DEBUG    21/07 20:06:09   0 rule-based cluster(s) found in record
DEBUG    21/07 20:06:09   0 protoclusters found
DEBUG    21/07 20:06:09   0 subregions found
INFO     21/07 20:06:09   No regions detected, skipping record
INFO     21/07 20:06:09   Analysing record: NZ_JAFMPR010000023.1
INFO     21/07 20:06:09   Detecting secondary metabolite clusters
DEBUG    21/07 20:06:09   Checking if antismash.detection.hmm_detection should be run
INFO     21/07 20:06:09   Running antismash.detection.hmm_detection
INFO     21/07 20:06:09   HMM detection using strictness: relaxed
DEBUG    21/07 20:06:10   0 rule-based cluster(s) found in record
DEBUG    21/07 20:06:10   0 protoclusters found
DEBUG    21/07 20:06:10   0 subregions found
INFO     21/07 20:06:10   No regions detected, skipping record
INFO     21/07 20:06:10   Analysing record: NZ_JAFMPR010000024.1
INFO     21/07 20:06:10   Detecting secondary metabolite clusters
DEBUG    21/07 20:06:10   Checking if antismash.detection.hmm_detection should be run
INFO     21/07 20:06:10   Running antismash.detection.hmm_detection
INFO     21/07 20:06:10   HMM detection using strictness: relaxed
DEBUG    21/07 20:06:10   0 rule-based cluster(s) found in record
DEBUG    21/07 20:06:10   0 protoclusters found
DEBUG    21/07 20:06:10   0 subregions found
INFO     21/07 20:06:10   No regions detected, skipping record
INFO     21/07 20:06:10   Analysing record: NZ_JAFMPR010000025.1
INFO     21/07 20:06:10   Detecting secondary metabolite clusters
DEBUG    21/07 20:06:10   Checking if antismash.detection.hmm_detection should be run
INFO     21/07 20:06:10   Running antismash.detection.hmm_detection
INFO     21/07 20:06:10   HMM detection using strictness: relaxed
DEBUG    21/07 20:06:10   0 rule-based cluster(s) found in record
DEBUG    21/07 20:06:10   0 protoclusters found
DEBUG    21/07 20:06:10   0 subregions found
INFO     21/07 20:06:10   No regions detected, skipping record
INFO     21/07 20:06:10   Analysing record: NZ_JAFMPR010000026.1
INFO     21/07 20:06:10   Detecting secondary metabolite clusters
DEBUG    21/07 20:06:10   Checking if antismash.detection.hmm_detection should be run
INFO     21/07 20:06:10   Running antismash.detection.hmm_detection
INFO     21/07 20:06:10   HMM detection using strictness: relaxed
DEBUG    21/07 20:06:11   0 rule-based cluster(s) found in record
DEBUG    21/07 20:06:11   0 protoclusters found
DEBUG    21/07 20:06:11   0 subregions found
INFO     21/07 20:06:11   No regions detected, skipping record
INFO     21/07 20:06:11   Analysing record: NZ_JAFMPR010000027.1
INFO     21/07 20:06:11   Detecting secondary metabolite clusters
DEBUG    21/07 20:06:11   Checking if antismash.detection.hmm_detection should be run
INFO     21/07 20:06:11   Running antismash.detection.hmm_detection
INFO     21/07 20:06:11   HMM detection using strictness: relaxed
DEBUG    21/07 20:06:11   0 rule-based cluster(s) found in record
DEBUG    21/07 20:06:11   0 protoclusters found
DEBUG    21/07 20:06:11   0 subregions found
INFO     21/07 20:06:11   No regions detected, skipping record
INFO     21/07 20:06:11   Analysing record: NZ_JAFMPR010000028.1
INFO     21/07 20:06:11   Detecting secondary metabolite clusters
DEBUG    21/07 20:06:11   Checking if antismash.detection.hmm_detection should be run
INFO     21/07 20:06:11   Running antismash.detection.hmm_detection
INFO     21/07 20:06:11   HMM detection using strictness: relaxed
DEBUG    21/07 20:06:12   0 rule-based cluster(s) found in record
DEBUG    21/07 20:06:12   0 protoclusters found
DEBUG    21/07 20:06:12   0 subregions found
INFO     21/07 20:06:12   No regions detected, skipping record
INFO     21/07 20:06:12   Analysing record: NZ_JAFMPR010000029.1
INFO     21/07 20:06:12   Detecting secondary metabolite clusters
DEBUG    21/07 20:06:12   Checking if antismash.detection.hmm_detection should be run
INFO     21/07 20:06:12   Running antismash.detection.hmm_detection
INFO     21/07 20:06:12   HMM detection using strictness: relaxed
DEBUG    21/07 20:06:12   0 rule-based cluster(s) found in record
DEBUG    21/07 20:06:12   0 protoclusters found
DEBUG    21/07 20:06:12   0 subregions found
INFO     21/07 20:06:12   No regions detected, skipping record
INFO     21/07 20:06:12   Analysing record: NZ_JAFMPR010000002.1
INFO     21/07 20:06:12   Detecting secondary metabolite clusters
DEBUG    21/07 20:06:12   Checking if antismash.detection.hmm_detection should be run
INFO     21/07 20:06:12   Running antismash.detection.hmm_detection
INFO     21/07 20:06:12   HMM detection using strictness: relaxed
DEBUG    21/07 20:06:14   0 rule-based cluster(s) found in record
DEBUG    21/07 20:06:14   0 protoclusters found
DEBUG    21/07 20:06:14   0 subregions found
INFO     21/07 20:06:14   No regions detected, skipping record
INFO     21/07 20:06:14   Analysing record: NZ_JAFMPR010000030.1
INFO     21/07 20:06:14   Detecting secondary metabolite clusters
DEBUG    21/07 20:06:14   Checking if antismash.detection.hmm_detection should be run
INFO     21/07 20:06:14   Running antismash.detection.hmm_detection
INFO     21/07 20:06:14   HMM detection using strictness: relaxed
DEBUG    21/07 20:06:15   0 rule-based cluster(s) found in record
DEBUG    21/07 20:06:15   0 protoclusters found
DEBUG    21/07 20:06:15   0 subregions found
INFO     21/07 20:06:15   No regions detected, skipping record
INFO     21/07 20:06:15   Analysing record: NZ_JAFMPR010000031.1
INFO     21/07 20:06:15   Detecting secondary metabolite clusters
DEBUG    21/07 20:06:15   Checking if antismash.detection.hmm_detection should be run
INFO     21/07 20:06:15   Running antismash.detection.hmm_detection
INFO     21/07 20:06:15   HMM detection using strictness: relaxed
DEBUG    21/07 20:06:15   0 rule-based cluster(s) found in record
DEBUG    21/07 20:06:15   0 protoclusters found
DEBUG    21/07 20:06:15   0 subregions found
INFO     21/07 20:06:15   No regions detected, skipping record
INFO     21/07 20:06:15   Analysing record: NZ_JAFMPR010000032.1
INFO     21/07 20:06:15   Detecting secondary metabolite clusters
DEBUG    21/07 20:06:15   Checking if antismash.detection.hmm_detection should be run
INFO     21/07 20:06:15   Running antismash.detection.hmm_detection
INFO     21/07 20:06:15   HMM detection using strictness: relaxed
DEBUG    21/07 20:06:16   0 rule-based cluster(s) found in record
DEBUG    21/07 20:06:16   0 protoclusters found
DEBUG    21/07 20:06:16   0 subregions found
INFO     21/07 20:06:16   No regions detected, skipping record
INFO     21/07 20:06:16   Analysing record: NZ_JAFMPR010000033.1
INFO     21/07 20:06:16   Detecting secondary metabolite clusters
DEBUG    21/07 20:06:16   Checking if antismash.detection.hmm_detection should be run
INFO     21/07 20:06:16   Running antismash.detection.hmm_detection
INFO     21/07 20:06:16   HMM detection using strictness: relaxed
DEBUG    21/07 20:06:16   0 rule-based cluster(s) found in record
DEBUG    21/07 20:06:16   0 protoclusters found
DEBUG    21/07 20:06:16   0 subregions found
INFO     21/07 20:06:16   No regions detected, skipping record
INFO     21/07 20:06:16   Analysing record: NZ_JAFMPR010000034.1
INFO     21/07 20:06:16   Detecting secondary metabolite clusters
DEBUG    21/07 20:06:16   Checking if antismash.detection.hmm_detection should be run
INFO     21/07 20:06:16   Running antismash.detection.hmm_detection
INFO     21/07 20:06:16   HMM detection using strictness: relaxed
DEBUG    21/07 20:06:17   0 rule-based cluster(s) found in record
DEBUG    21/07 20:06:17   0 protoclusters found
DEBUG    21/07 20:06:17   0 subregions found
INFO     21/07 20:06:17   No regions detected, skipping record
INFO     21/07 20:06:17   Analysing record: NZ_JAFMPR010000035.1
INFO     21/07 20:06:17   Detecting secondary metabolite clusters
DEBUG    21/07 20:06:17   Checking if antismash.detection.hmm_detection should be run
INFO     21/07 20:06:17   Running antismash.detection.hmm_detection
INFO     21/07 20:06:17   HMM detection using strictness: relaxed
DEBUG    21/07 20:06:17   0 rule-based cluster(s) found in record
DEBUG    21/07 20:06:17   0 protoclusters found
DEBUG    21/07 20:06:17   0 subregions found
INFO     21/07 20:06:17   No regions detected, skipping record
INFO     21/07 20:06:17   Analysing record: NZ_JAFMPR010000036.1
INFO     21/07 20:06:17   Detecting secondary metabolite clusters
DEBUG    21/07 20:06:17   Checking if antismash.detection.hmm_detection should be run
INFO     21/07 20:06:17   Running antismash.detection.hmm_detection
INFO     21/07 20:06:17   HMM detection using strictness: relaxed
DEBUG    21/07 20:06:17   0 rule-based cluster(s) found in record
DEBUG    21/07 20:06:17   0 protoclusters found
DEBUG    21/07 20:06:17   0 subregions found
INFO     21/07 20:06:17   No regions detected, skipping record
INFO     21/07 20:06:17   Analysing record: NZ_JAFMPR010000037.1
INFO     21/07 20:06:17   Detecting secondary metabolite clusters
DEBUG    21/07 20:06:17   Checking if antismash.detection.hmm_detection should be run
INFO     21/07 20:06:17   Running antismash.detection.hmm_detection
INFO     21/07 20:06:17   HMM detection using strictness: relaxed
DEBUG    21/07 20:06:18   0 rule-based cluster(s) found in record
DEBUG    21/07 20:06:18   0 protoclusters found
DEBUG    21/07 20:06:18   0 subregions found
INFO     21/07 20:06:18   No regions detected, skipping record
INFO     21/07 20:06:18   Analysing record: NZ_JAFMPR010000038.1
INFO     21/07 20:06:18   Detecting secondary metabolite clusters
DEBUG    21/07 20:06:18   Checking if antismash.detection.hmm_detection should be run
INFO     21/07 20:06:18   Running antismash.detection.hmm_detection
INFO     21/07 20:06:18   HMM detection using strictness: relaxed
DEBUG    21/07 20:06:18   0 rule-based cluster(s) found in record
DEBUG    21/07 20:06:18   0 protoclusters found
DEBUG    21/07 20:06:18   0 subregions found
INFO     21/07 20:06:18   No regions detected, skipping record
INFO     21/07 20:06:18   Analysing record: NZ_JAFMPR010000039.1
INFO     21/07 20:06:18   Detecting secondary metabolite clusters
DEBUG    21/07 20:06:18   Checking if antismash.detection.hmm_detection should be run
INFO     21/07 20:06:18   Running antismash.detection.hmm_detection
INFO     21/07 20:06:18   HMM detection using strictness: relaxed
DEBUG    21/07 20:06:19   0 rule-based cluster(s) found in record
DEBUG    21/07 20:06:19   0 protoclusters found
DEBUG    21/07 20:06:19   0 subregions found
INFO     21/07 20:06:19   No regions detected, skipping record
INFO     21/07 20:06:19   Analysing record: NZ_JAFMPR010000003.1
INFO     21/07 20:06:19   Detecting secondary metabolite clusters
DEBUG    21/07 20:06:19   Checking if antismash.detection.hmm_detection should be run
INFO     21/07 20:06:19   Running antismash.detection.hmm_detection
INFO     21/07 20:06:19   HMM detection using strictness: relaxed
DEBUG    21/07 20:06:20   1 rule-based cluster(s) found in record
DEBUG    21/07 20:06:20   1 protoclusters found
DEBUG    21/07 20:06:20   0 subregions found
INFO     21/07 20:06:20   1 region(s) detected in record
DEBUG    21/07 20:06:20   Checking if antismash.detection.cluster_hmmer should be run
INFO     21/07 20:06:20   Running antismash.detection.cluster_hmmer
INFO     21/07 20:06:20   Running cluster PFAM search
DEBUG    21/07 20:06:34   Adding detection results from antismash.detection.cluster_hmmer to record
DEBUG    21/07 20:06:34   Checking if antismash.detection.genefunctions should be run
INFO     21/07 20:06:34   Running antismash.detection.genefunctions
DEBUG    21/07 20:06:35   Adding detection results from antismash.detection.genefunctions to record
DEBUG    21/07 20:06:35   annotating CDS features with resist info: 0 CDSes
DEBUG    21/07 20:06:35   annotating CDS features with smcogs info: 11 CDSes
DEBUG    21/07 20:06:35   Checking if antismash.detection.nrps_pks_domains should be run
INFO     21/07 20:06:35   Running antismash.detection.nrps_pks_domains
DEBUG    21/07 20:06:35   Marking NRPS/PKS CDS features and domains in clusters
DEBUG    21/07 20:06:35   Adding detection results from antismash.detection.nrps_pks_domains to record
DEBUG    21/07 20:06:35   Checking if antismash.detection.tigrfam should be run
INFO     21/07 20:06:35   Running antismash.detection.tigrfam
INFO     21/07 20:06:35   Running TIGRFam search
DEBUG    21/07 20:06:39   Adding detection results from antismash.detection.tigrfam to record
DEBUG    21/07 20:06:39   Checking if antismash.modules.active_site_finder should be run
INFO     21/07 20:06:39   Running antismash.modules.active_site_finder
DEBUG    21/07 20:06:39   Checking if antismash.modules.cluster_compare should be run
INFO     21/07 20:06:39   Running antismash.modules.cluster_compare
DEBUG    21/07 20:06:39   Loading comparison database: MIBiG
DEBUG    21/07 20:06:39   Comparison database loaded
INFO     21/07 20:06:39   Comparing regions to reference database
DEBUG    21/07 20:06:41   Checking if antismash.modules.clusterblast should be run
INFO     21/07 20:06:41   Running antismash.modules.clusterblast
INFO     21/07 20:06:41   Finding internal homologs in each gene cluster...
INFO     21/07 20:06:41   Running ClusterBlast
INFO     21/07 20:06:41   ClusterBlast: Loading gene cluster database into memory...
INFO     21/07 20:06:42   ClusterBlast: Loading gene cluster database proteins into memory...
INFO     21/07 20:06:54   Comparing regions to reference database
INFO     21/07 20:07:47   Running subcluster search
INFO     21/07 20:07:47   SubClusterBlast: Loading gene cluster database into memory...
INFO     21/07 20:07:47   SubClusterBlast: Loading gene cluster database proteins into memory...
INFO     21/07 20:07:49   Running known cluster search
INFO     21/07 20:07:49   KnownClusterBlast: Loading gene cluster database into memory...
INFO     21/07 20:07:49   KnownClusterBlast: Loading gene cluster database proteins into memory...
DEBUG    21/07 20:07:49   Running DIAMOND knowncluster searches..
INFO     21/07 20:07:49   Comparing regions to reference database
DEBUG    21/07 20:07:51   Checking if antismash.modules.lanthipeptides should be run
INFO     21/07 20:07:51   Running antismash.modules.lanthipeptides
DEBUG    21/07 20:07:51   Lanthipeptide module marked 0 motifs
DEBUG    21/07 20:07:52   Checking if antismash.modules.lassopeptides should be run
INFO     21/07 20:07:52   Running antismash.modules.lassopeptides
DEBUG    21/07 20:07:53   Lassopeptide module marked 0 motifs
DEBUG    21/07 20:07:53   Checking if antismash.modules.nrps_pks should be run
INFO     21/07 20:07:53   Running antismash.modules.nrps_pks
DEBUG    21/07 20:07:53   CandidateCluster 1 monomer ordering method: colinear
DEBUG    21/07 20:07:53   Checking if antismash.modules.pfam2go should be run
INFO     21/07 20:07:53   Running antismash.modules.pfam2go
DEBUG    21/07 20:07:53   Checking if antismash.modules.rrefinder should be run
INFO     21/07 20:07:53   Running antismash.modules.rrefinder
DEBUG    21/07 20:07:53   Checking if antismash.modules.sactipeptides should be run
INFO     21/07 20:07:53   Running antismash.modules.sactipeptides
DEBUG    21/07 20:07:53   Found no sactipeptide motifs
DEBUG    21/07 20:07:54   Checking if antismash.modules.t2pks should be run
INFO     21/07 20:07:54   Running antismash.modules.t2pks
DEBUG    21/07 20:07:54   No type II PKS clusters to analyze
DEBUG    21/07 20:07:54   Checking if antismash.modules.tfbs_finder should be run
INFO     21/07 20:07:54   Running antismash.modules.tfbs_finder
DEBUG    21/07 20:07:55   Checking if antismash.modules.thiopeptides should be run
INFO     21/07 20:07:55   Running antismash.modules.thiopeptides
DEBUG    21/07 20:07:55   Thiopeptides marked 0 motifs
DEBUG    21/07 20:07:56   Checking if antismash.modules.tta should be run
INFO     21/07 20:07:56   Running antismash.modules.tta
INFO     21/07 20:07:56   Skipping TTA codon detection, GC content too low: 64%
INFO     21/07 20:07:56   Analysing record: NZ_JAFMPR010000040.1
INFO     21/07 20:07:56   Detecting secondary metabolite clusters
DEBUG    21/07 20:07:56   Checking if antismash.detection.hmm_detection should be run
INFO     21/07 20:07:56   Running antismash.detection.hmm_detection
INFO     21/07 20:07:56   HMM detection using strictness: relaxed
DEBUG    21/07 20:07:56   0 rule-based cluster(s) found in record
DEBUG    21/07 20:07:56   0 protoclusters found
DEBUG    21/07 20:07:56   0 subregions found
INFO     21/07 20:07:56   No regions detected, skipping record
INFO     21/07 20:07:56   Analysing record: NZ_JAFMPR010000041.1
INFO     21/07 20:07:56   Detecting secondary metabolite clusters
DEBUG    21/07 20:07:56   Checking if antismash.detection.hmm_detection should be run
INFO     21/07 20:07:56   Running antismash.detection.hmm_detection
INFO     21/07 20:07:56   HMM detection using strictness: relaxed
DEBUG    21/07 20:07:57   0 rule-based cluster(s) found in record
DEBUG    21/07 20:07:57   0 protoclusters found
DEBUG    21/07 20:07:57   0 subregions found
INFO     21/07 20:07:57   No regions detected, skipping record
INFO     21/07 20:07:57   Analysing record: NZ_JAFMPR010000004.1
INFO     21/07 20:07:57   Detecting secondary metabolite clusters
DEBUG    21/07 20:07:57   Checking if antismash.detection.hmm_detection should be run
INFO     21/07 20:07:57   Running antismash.detection.hmm_detection
INFO     21/07 20:07:57   HMM detection using strictness: relaxed
DEBUG    21/07 20:07:58   0 rule-based cluster(s) found in record
DEBUG    21/07 20:07:58   0 protoclusters found
DEBUG    21/07 20:07:58   0 subregions found
INFO     21/07 20:07:58   No regions detected, skipping record
INFO     21/07 20:07:58   Analysing record: NZ_JAFMPR010000005.1
INFO     21/07 20:07:58   Detecting secondary metabolite clusters
DEBUG    21/07 20:07:58   Checking if antismash.detection.hmm_detection should be run
INFO     21/07 20:07:58   Running antismash.detection.hmm_detection
INFO     21/07 20:07:58   HMM detection using strictness: relaxed
DEBUG    21/07 20:08:00   0 rule-based cluster(s) found in record
DEBUG    21/07 20:08:00   0 protoclusters found
DEBUG    21/07 20:08:00   0 subregions found
INFO     21/07 20:08:00   No regions detected, skipping record
INFO     21/07 20:08:00   Analysing record: NZ_JAFMPR010000006.1
INFO     21/07 20:08:00   Detecting secondary metabolite clusters
DEBUG    21/07 20:08:00   Checking if antismash.detection.hmm_detection should be run
INFO     21/07 20:08:00   Running antismash.detection.hmm_detection
INFO     21/07 20:08:00   HMM detection using strictness: relaxed
DEBUG    21/07 20:08:01   0 rule-based cluster(s) found in record
DEBUG    21/07 20:08:01   0 protoclusters found
DEBUG    21/07 20:08:01   0 subregions found
INFO     21/07 20:08:01   No regions detected, skipping record
INFO     21/07 20:08:01   Analysing record: NZ_JAFMPR010000007.1
INFO     21/07 20:08:01   Detecting secondary metabolite clusters
DEBUG    21/07 20:08:01   Checking if antismash.detection.hmm_detection should be run
INFO     21/07 20:08:01   Running antismash.detection.hmm_detection
INFO     21/07 20:08:01   HMM detection using strictness: relaxed
DEBUG    21/07 20:08:02   0 rule-based cluster(s) found in record
DEBUG    21/07 20:08:02   0 protoclusters found
DEBUG    21/07 20:08:02   0 subregions found
INFO     21/07 20:08:02   No regions detected, skipping record
INFO     21/07 20:08:02   Analysing record: NZ_JAFMPR010000008.1
INFO     21/07 20:08:02   Detecting secondary metabolite clusters
DEBUG    21/07 20:08:02   Checking if antismash.detection.hmm_detection should be run
INFO     21/07 20:08:02   Running antismash.detection.hmm_detection
INFO     21/07 20:08:02   HMM detection using strictness: relaxed
DEBUG    21/07 20:08:03   1 rule-based cluster(s) found in record
DEBUG    21/07 20:08:03   1 protoclusters found
DEBUG    21/07 20:08:03   0 subregions found
INFO     21/07 20:08:03   1 region(s) detected in record
DEBUG    21/07 20:08:03   Checking if antismash.detection.cluster_hmmer should be run
INFO     21/07 20:08:03   Running antismash.detection.cluster_hmmer
INFO     21/07 20:08:03   Running cluster PFAM search
DEBUG    21/07 20:08:11   Adding detection results from antismash.detection.cluster_hmmer to record
DEBUG    21/07 20:08:11   Checking if antismash.detection.genefunctions should be run
INFO     21/07 20:08:11   Running antismash.detection.genefunctions
DEBUG    21/07 20:08:12   Adding detection results from antismash.detection.genefunctions to record
DEBUG    21/07 20:08:12   annotating CDS features with resist info: 0 CDSes
DEBUG    21/07 20:08:12   annotating CDS features with smcogs info: 4 CDSes
DEBUG    21/07 20:08:12   Checking if antismash.detection.nrps_pks_domains should be run
INFO     21/07 20:08:12   Running antismash.detection.nrps_pks_domains
DEBUG    21/07 20:08:12   Marking NRPS/PKS CDS features and domains in clusters
DEBUG    21/07 20:08:12   Adding detection results from antismash.detection.nrps_pks_domains to record
DEBUG    21/07 20:08:12   Checking if antismash.detection.tigrfam should be run
INFO     21/07 20:08:12   Running antismash.detection.tigrfam
INFO     21/07 20:08:12   Running TIGRFam search
DEBUG    21/07 20:08:14   Adding detection results from antismash.detection.tigrfam to record
DEBUG    21/07 20:08:14   Checking if antismash.modules.active_site_finder should be run
INFO     21/07 20:08:14   Running antismash.modules.active_site_finder
DEBUG    21/07 20:08:14   Checking if antismash.modules.cluster_compare should be run
INFO     21/07 20:08:14   Running antismash.modules.cluster_compare
DEBUG    21/07 20:08:14   Loading comparison database: MIBiG
DEBUG    21/07 20:08:14   Comparison database loaded
INFO     21/07 20:08:14   Comparing regions to reference database
DEBUG    21/07 20:08:15   Checking if antismash.modules.clusterblast should be run
INFO     21/07 20:08:15   Running antismash.modules.clusterblast
INFO     21/07 20:08:15   Finding internal homologs in each gene cluster...
INFO     21/07 20:08:16   Running ClusterBlast
INFO     21/07 20:08:16   ClusterBlast: Loading gene cluster database into memory...
INFO     21/07 20:08:17   ClusterBlast: Loading gene cluster database proteins into memory...
INFO     21/07 20:08:29   Comparing regions to reference database
INFO     21/07 20:09:22   Running subcluster search
INFO     21/07 20:09:22   SubClusterBlast: Loading gene cluster database into memory...
INFO     21/07 20:09:22   SubClusterBlast: Loading gene cluster database proteins into memory...
INFO     21/07 20:09:23   Running known cluster search
INFO     21/07 20:09:23   KnownClusterBlast: Loading gene cluster database into memory...
INFO     21/07 20:09:23   KnownClusterBlast: Loading gene cluster database proteins into memory...
DEBUG    21/07 20:09:24   Running DIAMOND knowncluster searches..
INFO     21/07 20:09:24   Comparing regions to reference database
DEBUG    21/07 20:09:26   Checking if antismash.modules.lanthipeptides should be run
INFO     21/07 20:09:26   Running antismash.modules.lanthipeptides
DEBUG    21/07 20:09:26   Lanthipeptide module marked 0 motifs
DEBUG    21/07 20:09:27   Checking if antismash.modules.lassopeptides should be run
INFO     21/07 20:09:27   Running antismash.modules.lassopeptides
DEBUG    21/07 20:09:28   Lassopeptide module marked 0 motifs
DEBUG    21/07 20:09:28   Checking if antismash.modules.nrps_pks should be run
INFO     21/07 20:09:28   Running antismash.modules.nrps_pks
DEBUG    21/07 20:09:28   Checking if antismash.modules.pfam2go should be run
INFO     21/07 20:09:28   Running antismash.modules.pfam2go
DEBUG    21/07 20:09:28   Checking if antismash.modules.rrefinder should be run
INFO     21/07 20:09:28   Running antismash.modules.rrefinder
DEBUG    21/07 20:09:28   Checking if antismash.modules.sactipeptides should be run
INFO     21/07 20:09:28   Running antismash.modules.sactipeptides
DEBUG    21/07 20:09:28   Found no sactipeptide motifs
DEBUG    21/07 20:09:29   Checking if antismash.modules.t2pks should be run
INFO     21/07 20:09:29   Running antismash.modules.t2pks
DEBUG    21/07 20:09:29   No type II PKS clusters to analyze
DEBUG    21/07 20:09:29   Checking if antismash.modules.tfbs_finder should be run
INFO     21/07 20:09:29   Running antismash.modules.tfbs_finder
DEBUG    21/07 20:09:29   Checking if antismash.modules.thiopeptides should be run
INFO     21/07 20:09:29   Running antismash.modules.thiopeptides
DEBUG    21/07 20:09:29   Thiopeptides marked 0 motifs
DEBUG    21/07 20:09:31   Checking if antismash.modules.tta should be run
INFO     21/07 20:09:31   Running antismash.modules.tta
INFO     21/07 20:09:31   Skipping TTA codon detection, GC content too low: 64%
INFO     21/07 20:09:31   Analysing record: NZ_JAFMPR010000009.1
INFO     21/07 20:09:31   Detecting secondary metabolite clusters
DEBUG    21/07 20:09:31   Checking if antismash.detection.hmm_detection should be run
INFO     21/07 20:09:31   Running antismash.detection.hmm_detection
INFO     21/07 20:09:31   HMM detection using strictness: relaxed
DEBUG    21/07 20:09:32   0 rule-based cluster(s) found in record
DEBUG    21/07 20:09:32   0 protoclusters found
DEBUG    21/07 20:09:32   0 subregions found
INFO     21/07 20:09:32   No regions detected, skipping record
DEBUG    21/07 20:09:32   Writing json results to '/data/antismash/upload/bacteria-d2822e18-e6cf-4c23-8896-dda0c47131a2/GCF_020667835.1_Roseibaca_sp.Y0-43_Y0-43.json'
DEBUG    21/07 20:09:32   Record NZ_JAFMPR010000010.1 has results for modules: hmm_detection
DEBUG    21/07 20:09:32   Converting antismash.detection.hmm_detection results to json
DEBUG    21/07 20:09:32   Record NZ_JAFMPR010000011.1 has results for modules: hmm_detection
DEBUG    21/07 20:09:32   Converting antismash.detection.hmm_detection results to json
DEBUG    21/07 20:09:32   Record NZ_JAFMPR010000012.1 has results for modules: hmm_detection, cluster_hmmer, genefunctions, nrps_pks_domains, tigrfam, active_site_finder, cluster_compare, clusterblast, lanthipeptides, lassopeptides, nrps_pks, pfam2go, rrefinder, sactipeptides, t2pks, tfbs_finder, thiopeptides, tta
DEBUG    21/07 20:09:32   Converting antismash.detection.hmm_detection results to json
DEBUG    21/07 20:09:32   Converting antismash.detection.cluster_hmmer results to json
DEBUG    21/07 20:09:32   Converting antismash.detection.genefunctions results to json
DEBUG    21/07 20:09:32   Converting antismash.detection.nrps_pks_domains results to json
DEBUG    21/07 20:09:32   Converting antismash.detection.tigrfam results to json
DEBUG    21/07 20:09:32   Converting antismash.modules.active_site_finder results to json
DEBUG    21/07 20:09:32   Converting antismash.modules.cluster_compare results to json
DEBUG    21/07 20:09:32   Converting antismash.modules.clusterblast results to json
DEBUG    21/07 20:09:32   Converting antismash.modules.lanthipeptides results to json
DEBUG    21/07 20:09:32   Converting antismash.modules.lassopeptides results to json
DEBUG    21/07 20:09:32   Converting antismash.modules.nrps_pks results to json
DEBUG    21/07 20:09:32   Converting antismash.modules.pfam2go results to json
DEBUG    21/07 20:09:32   Converting antismash.modules.rrefinder results to json
DEBUG    21/07 20:09:32   Converting antismash.modules.sactipeptides results to json
DEBUG    21/07 20:09:32   Converting antismash.modules.t2pks results to json
DEBUG    21/07 20:09:32   Converting antismash.modules.tfbs_finder results to json
DEBUG    21/07 20:09:32   Converting antismash.modules.thiopeptides results to json
DEBUG    21/07 20:09:32   Converting antismash.modules.tta results to json
DEBUG    21/07 20:09:32   Record NZ_JAFMPR010000013.1 has results for modules: hmm_detection
DEBUG    21/07 20:09:32   Converting antismash.detection.hmm_detection results to json
DEBUG    21/07 20:09:32   Record NZ_JAFMPR010000014.1 has results for modules: hmm_detection
DEBUG    21/07 20:09:32   Converting antismash.detection.hmm_detection results to json
DEBUG    21/07 20:09:32   Record NZ_JAFMPR010000015.1 has results for modules: hmm_detection
DEBUG    21/07 20:09:32   Converting antismash.detection.hmm_detection results to json
DEBUG    21/07 20:09:32   Record NZ_JAFMPR010000016.1 has results for modules: hmm_detection
DEBUG    21/07 20:09:32   Converting antismash.detection.hmm_detection results to json
DEBUG    21/07 20:09:32   Record NZ_JAFMPR010000017.1 has results for modules: hmm_detection
DEBUG    21/07 20:09:32   Converting antismash.detection.hmm_detection results to json
DEBUG    21/07 20:09:32   Record NZ_JAFMPR010000018.1 has results for modules: hmm_detection
DEBUG    21/07 20:09:32   Converting antismash.detection.hmm_detection results to json
DEBUG    21/07 20:09:32   Record NZ_JAFMPR010000019.1 has results for modules: hmm_detection
DEBUG    21/07 20:09:32   Converting antismash.detection.hmm_detection results to json
DEBUG    21/07 20:09:32   Record NZ_JAFMPR010000001.1 has results for modules: hmm_detection, cluster_hmmer, genefunctions, nrps_pks_domains, tigrfam, active_site_finder, cluster_compare, clusterblast, lanthipeptides, lassopeptides, nrps_pks, pfam2go, rrefinder, sactipeptides, t2pks, tfbs_finder, thiopeptides
DEBUG    21/07 20:09:32   Converting antismash.detection.hmm_detection results to json
DEBUG    21/07 20:09:32   Converting antismash.detection.cluster_hmmer results to json
DEBUG    21/07 20:09:32   Converting antismash.detection.genefunctions results to json
DEBUG    21/07 20:09:32   Converting antismash.detection.nrps_pks_domains results to json
DEBUG    21/07 20:09:32   Converting antismash.detection.tigrfam results to json
DEBUG    21/07 20:09:32   Converting antismash.modules.active_site_finder results to json
DEBUG    21/07 20:09:32   Converting antismash.modules.cluster_compare results to json
DEBUG    21/07 20:09:32   Converting antismash.modules.clusterblast results to json
DEBUG    21/07 20:09:32   Converting antismash.modules.lanthipeptides results to json
DEBUG    21/07 20:09:32   Converting antismash.modules.lassopeptides results to json
DEBUG    21/07 20:09:32   Converting antismash.modules.nrps_pks results to json
DEBUG    21/07 20:09:32   Converting antismash.modules.pfam2go results to json
DEBUG    21/07 20:09:32   Converting antismash.modules.rrefinder results to json
DEBUG    21/07 20:09:32   Converting antismash.modules.sactipeptides results to json
DEBUG    21/07 20:09:32   Converting antismash.modules.t2pks results to json
DEBUG    21/07 20:09:32   Converting antismash.modules.tfbs_finder results to json
DEBUG    21/07 20:09:32   Converting antismash.modules.thiopeptides results to json
DEBUG    21/07 20:09:32   Converting antismash.modules.tta results to json
DEBUG    21/07 20:09:32   Record NZ_JAFMPR010000020.1 has results for modules: hmm_detection
DEBUG    21/07 20:09:32   Converting antismash.detection.hmm_detection results to json
DEBUG    21/07 20:09:32   Record NZ_JAFMPR010000021.1 has results for modules: hmm_detection
DEBUG    21/07 20:09:32   Converting antismash.detection.hmm_detection results to json
DEBUG    21/07 20:09:32   Record NZ_JAFMPR010000022.1 has results for modules: hmm_detection
DEBUG    21/07 20:09:32   Converting antismash.detection.hmm_detection results to json
DEBUG    21/07 20:09:32   Record NZ_JAFMPR010000023.1 has results for modules: hmm_detection
DEBUG    21/07 20:09:32   Converting antismash.detection.hmm_detection results to json
DEBUG    21/07 20:09:32   Record NZ_JAFMPR010000024.1 has results for modules: hmm_detection
DEBUG    21/07 20:09:32   Converting antismash.detection.hmm_detection results to json
DEBUG    21/07 20:09:32   Record NZ_JAFMPR010000025.1 has results for modules: hmm_detection
DEBUG    21/07 20:09:32   Converting antismash.detection.hmm_detection results to json
DEBUG    21/07 20:09:32   Record NZ_JAFMPR010000026.1 has results for modules: hmm_detection
DEBUG    21/07 20:09:32   Converting antismash.detection.hmm_detection results to json
DEBUG    21/07 20:09:32   Record NZ_JAFMPR010000027.1 has results for modules: hmm_detection
DEBUG    21/07 20:09:32   Converting antismash.detection.hmm_detection results to json
DEBUG    21/07 20:09:32   Record NZ_JAFMPR010000028.1 has results for modules: hmm_detection
DEBUG    21/07 20:09:32   Converting antismash.detection.hmm_detection results to json
DEBUG    21/07 20:09:32   Record NZ_JAFMPR010000029.1 has results for modules: hmm_detection
DEBUG    21/07 20:09:32   Converting antismash.detection.hmm_detection results to json
DEBUG    21/07 20:09:32   Record NZ_JAFMPR010000002.1 has results for modules: hmm_detection
DEBUG    21/07 20:09:32   Converting antismash.detection.hmm_detection results to json
DEBUG    21/07 20:09:32   Record NZ_JAFMPR010000030.1 has results for modules: hmm_detection
DEBUG    21/07 20:09:32   Converting antismash.detection.hmm_detection results to json
DEBUG    21/07 20:09:32   Record NZ_JAFMPR010000031.1 has results for modules: hmm_detection
DEBUG    21/07 20:09:32   Converting antismash.detection.hmm_detection results to json
DEBUG    21/07 20:09:32   Record NZ_JAFMPR010000032.1 has results for modules: hmm_detection
DEBUG    21/07 20:09:32   Converting antismash.detection.hmm_detection results to json
DEBUG    21/07 20:09:32   Record NZ_JAFMPR010000033.1 has results for modules: hmm_detection
DEBUG    21/07 20:09:32   Converting antismash.detection.hmm_detection results to json
DEBUG    21/07 20:09:32   Record NZ_JAFMPR010000034.1 has results for modules: hmm_detection
DEBUG    21/07 20:09:32   Converting antismash.detection.hmm_detection results to json
DEBUG    21/07 20:09:32   Record NZ_JAFMPR010000035.1 has results for modules: hmm_detection
DEBUG    21/07 20:09:32   Converting antismash.detection.hmm_detection results to json
DEBUG    21/07 20:09:32   Record NZ_JAFMPR010000036.1 has results for modules: hmm_detection
DEBUG    21/07 20:09:32   Converting antismash.detection.hmm_detection results to json
DEBUG    21/07 20:09:32   Record NZ_JAFMPR010000037.1 has results for modules: hmm_detection
DEBUG    21/07 20:09:32   Converting antismash.detection.hmm_detection results to json
DEBUG    21/07 20:09:32   Record NZ_JAFMPR010000038.1 has results for modules: hmm_detection
DEBUG    21/07 20:09:32   Converting antismash.detection.hmm_detection results to json
DEBUG    21/07 20:09:32   Record NZ_JAFMPR010000039.1 has results for modules: hmm_detection
DEBUG    21/07 20:09:32   Converting antismash.detection.hmm_detection results to json
DEBUG    21/07 20:09:32   Record NZ_JAFMPR010000003.1 has results for modules: hmm_detection, cluster_hmmer, genefunctions, nrps_pks_domains, tigrfam, active_site_finder, cluster_compare, clusterblast, lanthipeptides, lassopeptides, nrps_pks, pfam2go, rrefinder, sactipeptides, t2pks, tfbs_finder, thiopeptides
DEBUG    21/07 20:09:32   Converting antismash.detection.hmm_detection results to json
DEBUG    21/07 20:09:32   Converting antismash.detection.cluster_hmmer results to json
DEBUG    21/07 20:09:32   Converting antismash.detection.genefunctions results to json
DEBUG    21/07 20:09:32   Converting antismash.detection.nrps_pks_domains results to json
DEBUG    21/07 20:09:32   Converting antismash.detection.tigrfam results to json
DEBUG    21/07 20:09:32   Converting antismash.modules.active_site_finder results to json
DEBUG    21/07 20:09:32   Converting antismash.modules.cluster_compare results to json
DEBUG    21/07 20:09:32   Converting antismash.modules.clusterblast results to json
DEBUG    21/07 20:09:32   Converting antismash.modules.lanthipeptides results to json
DEBUG    21/07 20:09:32   Converting antismash.modules.lassopeptides results to json
DEBUG    21/07 20:09:32   Converting antismash.modules.nrps_pks results to json
DEBUG    21/07 20:09:32   Converting antismash.modules.pfam2go results to json
DEBUG    21/07 20:09:32   Converting antismash.modules.rrefinder results to json
DEBUG    21/07 20:09:32   Converting antismash.modules.sactipeptides results to json
DEBUG    21/07 20:09:32   Converting antismash.modules.t2pks results to json
DEBUG    21/07 20:09:32   Converting antismash.modules.tfbs_finder results to json
DEBUG    21/07 20:09:32   Converting antismash.modules.thiopeptides results to json
DEBUG    21/07 20:09:32   Converting antismash.modules.tta results to json
DEBUG    21/07 20:09:32   Record NZ_JAFMPR010000040.1 has results for modules: hmm_detection
DEBUG    21/07 20:09:32   Converting antismash.detection.hmm_detection results to json
DEBUG    21/07 20:09:32   Record NZ_JAFMPR010000041.1 has results for modules: hmm_detection
DEBUG    21/07 20:09:32   Converting antismash.detection.hmm_detection results to json
DEBUG    21/07 20:09:32   Record NZ_JAFMPR010000004.1 has results for modules: hmm_detection
DEBUG    21/07 20:09:32   Converting antismash.detection.hmm_detection results to json
DEBUG    21/07 20:09:32   Record NZ_JAFMPR010000005.1 has results for modules: hmm_detection
DEBUG    21/07 20:09:32   Converting antismash.detection.hmm_detection results to json
DEBUG    21/07 20:09:32   Record NZ_JAFMPR010000006.1 has results for modules: hmm_detection
DEBUG    21/07 20:09:32   Converting antismash.detection.hmm_detection results to json
DEBUG    21/07 20:09:32   Record NZ_JAFMPR010000007.1 has results for modules: hmm_detection
DEBUG    21/07 20:09:32   Converting antismash.detection.hmm_detection results to json
DEBUG    21/07 20:09:32   Record NZ_JAFMPR010000008.1 has results for modules: hmm_detection, cluster_hmmer, genefunctions, nrps_pks_domains, tigrfam, active_site_finder, cluster_compare, clusterblast, lanthipeptides, lassopeptides, nrps_pks, pfam2go, rrefinder, sactipeptides, t2pks, tfbs_finder, thiopeptides
DEBUG    21/07 20:09:32   Converting antismash.detection.hmm_detection results to json
DEBUG    21/07 20:09:32   Converting antismash.detection.cluster_hmmer results to json
DEBUG    21/07 20:09:32   Converting antismash.detection.genefunctions results to json
DEBUG    21/07 20:09:32   Converting antismash.detection.nrps_pks_domains results to json
DEBUG    21/07 20:09:32   Converting antismash.detection.tigrfam results to json
DEBUG    21/07 20:09:32   Converting antismash.modules.active_site_finder results to json
DEBUG    21/07 20:09:32   Converting antismash.modules.cluster_compare results to json
DEBUG    21/07 20:09:32   Converting antismash.modules.clusterblast results to json
DEBUG    21/07 20:09:32   Converting antismash.modules.lanthipeptides results to json
DEBUG    21/07 20:09:32   Converting antismash.modules.lassopeptides results to json
DEBUG    21/07 20:09:32   Converting antismash.modules.nrps_pks results to json
DEBUG    21/07 20:09:32   Converting antismash.modules.pfam2go results to json
DEBUG    21/07 20:09:32   Converting antismash.modules.rrefinder results to json
DEBUG    21/07 20:09:32   Converting antismash.modules.sactipeptides results to json
DEBUG    21/07 20:09:32   Converting antismash.modules.t2pks results to json
DEBUG    21/07 20:09:32   Converting antismash.modules.tfbs_finder results to json
DEBUG    21/07 20:09:32   Converting antismash.modules.thiopeptides results to json
DEBUG    21/07 20:09:32   Converting antismash.modules.tta results to json
DEBUG    21/07 20:09:32   Record NZ_JAFMPR010000009.1 has results for modules: hmm_detection
DEBUG    21/07 20:09:32   Converting antismash.detection.hmm_detection results to json
DEBUG    21/07 20:09:32   Not annotating skipped record NZ_JAFMPR010000010.1: No regions detected
DEBUG    21/07 20:09:32   Not annotating skipped record NZ_JAFMPR010000011.1: No regions detected
DEBUG    21/07 20:09:32   Annotating record NZ_JAFMPR010000012.1 with results from: hmm_detection, cluster_hmmer, genefunctions, nrps_pks_domains, tigrfam, active_site_finder, cluster_compare, clusterblast, lanthipeptides, lassopeptides, nrps_pks, pfam2go, rrefinder, sactipeptides, t2pks, tfbs_finder, thiopeptides, tta
DEBUG    21/07 20:09:32    Adding results from antismash.modules.active_site_finder
DEBUG    21/07 20:09:32    Adding results from antismash.modules.cluster_compare
DEBUG    21/07 20:09:32    Adding results from antismash.modules.clusterblast
DEBUG    21/07 20:09:32    Adding results from antismash.modules.lanthipeptides
DEBUG    21/07 20:09:32    Adding results from antismash.modules.lassopeptides
DEBUG    21/07 20:09:32    Adding results from antismash.modules.nrps_pks
DEBUG    21/07 20:09:32    Adding results from antismash.modules.pfam2go
DEBUG    21/07 20:09:32    Adding results from antismash.modules.rrefinder
DEBUG    21/07 20:09:32    Adding results from antismash.modules.sactipeptides
DEBUG    21/07 20:09:32    Adding results from antismash.modules.t2pks
DEBUG    21/07 20:09:32    Adding results from antismash.modules.tfbs_finder
DEBUG    21/07 20:09:32    Adding results from antismash.modules.thiopeptides
DEBUG    21/07 20:09:32    Adding results from antismash.modules.tta
DEBUG    21/07 20:09:32   Not annotating skipped record NZ_JAFMPR010000013.1: No regions detected
DEBUG    21/07 20:09:32   Not annotating skipped record NZ_JAFMPR010000014.1: No regions detected
DEBUG    21/07 20:09:32   Not annotating skipped record NZ_JAFMPR010000015.1: No regions detected
DEBUG    21/07 20:09:32   Not annotating skipped record NZ_JAFMPR010000016.1: No regions detected
DEBUG    21/07 20:09:32   Not annotating skipped record NZ_JAFMPR010000017.1: No regions detected
DEBUG    21/07 20:09:32   Not annotating skipped record NZ_JAFMPR010000018.1: No regions detected
DEBUG    21/07 20:09:32   Not annotating skipped record NZ_JAFMPR010000019.1: No regions detected
DEBUG    21/07 20:09:32   Annotating record NZ_JAFMPR010000001.1 with results from: hmm_detection, cluster_hmmer, genefunctions, nrps_pks_domains, tigrfam, active_site_finder, cluster_compare, clusterblast, lanthipeptides, lassopeptides, nrps_pks, pfam2go, rrefinder, sactipeptides, t2pks, tfbs_finder, thiopeptides, tta
DEBUG    21/07 20:09:32    Adding results from antismash.modules.active_site_finder
DEBUG    21/07 20:09:32    Adding results from antismash.modules.cluster_compare
DEBUG    21/07 20:09:32    Adding results from antismash.modules.clusterblast
DEBUG    21/07 20:09:32    Adding results from antismash.modules.lanthipeptides
DEBUG    21/07 20:09:32    Adding results from antismash.modules.lassopeptides
DEBUG    21/07 20:09:32    Adding results from antismash.modules.nrps_pks
DEBUG    21/07 20:09:32    Adding results from antismash.modules.pfam2go
DEBUG    21/07 20:09:32    Adding results from antismash.modules.rrefinder
DEBUG    21/07 20:09:32    Adding results from antismash.modules.sactipeptides
DEBUG    21/07 20:09:32    Adding results from antismash.modules.t2pks
DEBUG    21/07 20:09:32    Adding results from antismash.modules.tfbs_finder
DEBUG    21/07 20:09:32    Adding results from antismash.modules.thiopeptides
DEBUG    21/07 20:09:32    Adding results from antismash.modules.tta
DEBUG    21/07 20:09:32   Not annotating skipped record NZ_JAFMPR010000020.1: No regions detected
DEBUG    21/07 20:09:32   Not annotating skipped record NZ_JAFMPR010000021.1: No regions detected
DEBUG    21/07 20:09:32   Not annotating skipped record NZ_JAFMPR010000022.1: No regions detected
DEBUG    21/07 20:09:32   Not annotating skipped record NZ_JAFMPR010000023.1: No regions detected
DEBUG    21/07 20:09:32   Not annotating skipped record NZ_JAFMPR010000024.1: No regions detected
DEBUG    21/07 20:09:32   Not annotating skipped record NZ_JAFMPR010000025.1: No regions detected
DEBUG    21/07 20:09:32   Not annotating skipped record NZ_JAFMPR010000026.1: No regions detected
DEBUG    21/07 20:09:32   Not annotating skipped record NZ_JAFMPR010000027.1: No regions detected
DEBUG    21/07 20:09:32   Not annotating skipped record NZ_JAFMPR010000028.1: No regions detected
DEBUG    21/07 20:09:32   Not annotating skipped record NZ_JAFMPR010000029.1: No regions detected
DEBUG    21/07 20:09:32   Not annotating skipped record NZ_JAFMPR010000002.1: No regions detected
DEBUG    21/07 20:09:32   Not annotating skipped record NZ_JAFMPR010000030.1: No regions detected
DEBUG    21/07 20:09:32   Not annotating skipped record NZ_JAFMPR010000031.1: No regions detected
DEBUG    21/07 20:09:32   Not annotating skipped record NZ_JAFMPR010000032.1: No regions detected
DEBUG    21/07 20:09:32   Not annotating skipped record NZ_JAFMPR010000033.1: No regions detected
DEBUG    21/07 20:09:32   Not annotating skipped record NZ_JAFMPR010000034.1: No regions detected
DEBUG    21/07 20:09:32   Not annotating skipped record NZ_JAFMPR010000035.1: No regions detected
DEBUG    21/07 20:09:32   Not annotating skipped record NZ_JAFMPR010000036.1: No regions detected
DEBUG    21/07 20:09:32   Not annotating skipped record NZ_JAFMPR010000037.1: No regions detected
DEBUG    21/07 20:09:32   Not annotating skipped record NZ_JAFMPR010000038.1: No regions detected
DEBUG    21/07 20:09:32   Not annotating skipped record NZ_JAFMPR010000039.1: No regions detected
DEBUG    21/07 20:09:32   Annotating record NZ_JAFMPR010000003.1 with results from: hmm_detection, cluster_hmmer, genefunctions, nrps_pks_domains, tigrfam, active_site_finder, cluster_compare, clusterblast, lanthipeptides, lassopeptides, nrps_pks, pfam2go, rrefinder, sactipeptides, t2pks, tfbs_finder, thiopeptides, tta
DEBUG    21/07 20:09:32    Adding results from antismash.modules.active_site_finder
DEBUG    21/07 20:09:32    Adding results from antismash.modules.cluster_compare
DEBUG    21/07 20:09:32    Adding results from antismash.modules.clusterblast
DEBUG    21/07 20:09:32    Adding results from antismash.modules.lanthipeptides
DEBUG    21/07 20:09:32    Adding results from antismash.modules.lassopeptides
DEBUG    21/07 20:09:32    Adding results from antismash.modules.nrps_pks
DEBUG    21/07 20:09:32    Adding results from antismash.modules.pfam2go
DEBUG    21/07 20:09:32    Adding results from antismash.modules.rrefinder
DEBUG    21/07 20:09:32    Adding results from antismash.modules.sactipeptides
DEBUG    21/07 20:09:32    Adding results from antismash.modules.t2pks
DEBUG    21/07 20:09:32    Adding results from antismash.modules.tfbs_finder
DEBUG    21/07 20:09:32    Adding results from antismash.modules.thiopeptides
DEBUG    21/07 20:09:32    Adding results from antismash.modules.tta
DEBUG    21/07 20:09:32   Not annotating skipped record NZ_JAFMPR010000040.1: No regions detected
DEBUG    21/07 20:09:32   Not annotating skipped record NZ_JAFMPR010000041.1: No regions detected
DEBUG    21/07 20:09:32   Not annotating skipped record NZ_JAFMPR010000004.1: No regions detected
DEBUG    21/07 20:09:32   Not annotating skipped record NZ_JAFMPR010000005.1: No regions detected
DEBUG    21/07 20:09:32   Not annotating skipped record NZ_JAFMPR010000006.1: No regions detected
DEBUG    21/07 20:09:32   Not annotating skipped record NZ_JAFMPR010000007.1: No regions detected
DEBUG    21/07 20:09:32   Annotating record NZ_JAFMPR010000008.1 with results from: hmm_detection, cluster_hmmer, genefunctions, nrps_pks_domains, tigrfam, active_site_finder, cluster_compare, clusterblast, lanthipeptides, lassopeptides, nrps_pks, pfam2go, rrefinder, sactipeptides, t2pks, tfbs_finder, thiopeptides, tta
DEBUG    21/07 20:09:32    Adding results from antismash.modules.active_site_finder
DEBUG    21/07 20:09:32    Adding results from antismash.modules.cluster_compare
DEBUG    21/07 20:09:32    Adding results from antismash.modules.clusterblast
DEBUG    21/07 20:09:32    Adding results from antismash.modules.lanthipeptides
DEBUG    21/07 20:09:32    Adding results from antismash.modules.lassopeptides
DEBUG    21/07 20:09:32    Adding results from antismash.modules.nrps_pks
DEBUG    21/07 20:09:32    Adding results from antismash.modules.pfam2go
DEBUG    21/07 20:09:32    Adding results from antismash.modules.rrefinder
DEBUG    21/07 20:09:32    Adding results from antismash.modules.sactipeptides
DEBUG    21/07 20:09:32    Adding results from antismash.modules.t2pks
DEBUG    21/07 20:09:32    Adding results from antismash.modules.tfbs_finder
DEBUG    21/07 20:09:32    Adding results from antismash.modules.thiopeptides
DEBUG    21/07 20:09:32    Adding results from antismash.modules.tta
DEBUG    21/07 20:09:32   Not annotating skipped record NZ_JAFMPR010000009.1: No regions detected
DEBUG    21/07 20:09:32   Creating results page
DEBUG    21/07 20:09:32   Results page using antismash.js from local copy: /databases/as-js/0.13/antismash.js
DEBUG    21/07 20:09:34   Creating results SVGs
DEBUG    21/07 20:09:34   Writing seq_records SVGs to '/data/antismash/upload/bacteria-d2822e18-e6cf-4c23-8896-dda0c47131a2/svg'
DEBUG    21/07 20:09:34   Writing cluster-specific genbank files
DEBUG    21/07 20:09:35   Writing final genbank file to '/data/antismash/upload/bacteria-d2822e18-e6cf-4c23-8896-dda0c47131a2/GCF_020667835.1_Roseibaca_sp.Y0-43_Y0-43.gbk'
DEBUG    21/07 20:09:35   Zipping output to '/data/antismash/upload/bacteria-d2822e18-e6cf-4c23-8896-dda0c47131a2/GCF_020667835.1_Roseibaca_sp.Y0-43_Y0-43.zip'
