INFO     20/07 15:42:49   antiSMASH version: 7.0.0
INFO     20/07 15:42:49   diamond using executable: /usr/bin/diamond-aligner (2.0.7)
INFO     20/07 15:42:49   hmmpfam2 using executable: /usr/bin/hmm2pfam (2.3.2)
INFO     20/07 15:42:49   fasttree using executable: /usr/bin/fasttree
INFO     20/07 15:42:49   hmmsearch using executable: /usr/bin/hmmsearch (3.3.2)
INFO     20/07 15:42:49   hmmpress using executable: /usr/bin/hmmpress (3.3.2)
INFO     20/07 15:42:49   hmmscan using executable: /usr/bin/hmmscan (3.3.2)
INFO     20/07 15:42:50   meme using executable: /usr/bin/meme (4.11.2)
INFO     20/07 15:42:50   fimo using executable: /usr/bin/fimo (4.11.2)
INFO     20/07 15:42:50   glimmerhmm using executable: /usr/bin/glimmerhmm
INFO     20/07 15:42:50   prodigal using executable: /usr/bin/prodigal (V2.6.3)
INFO     20/07 15:42:50   blastp using executable: /usr/bin/blastp (2.11.0+)
INFO     20/07 15:42:50   makeblastdb using executable: /usr/bin/makeblastdb (2.11.0+)
DEBUG    20/07 15:42:50   Checking prerequisites for antismash.detection.hmm_detection
DEBUG    20/07 15:42:50   Found file '/usr/local/lib/python3.9/dist-packages/antismash/detection/hmm_detection/data/bgc_seeds.hmm'
DEBUG    20/07 15:42:50   Found file '/usr/local/lib/python3.9/dist-packages/antismash/detection/hmm_detection/data/bgc_seeds.hmm.h3f'
DEBUG    20/07 15:42:50   Found file '/usr/local/lib/python3.9/dist-packages/antismash/detection/hmm_detection/data/bgc_seeds.hmm.h3i'
DEBUG    20/07 15:42:50   Found file '/usr/local/lib/python3.9/dist-packages/antismash/detection/hmm_detection/data/bgc_seeds.hmm.h3m'
DEBUG    20/07 15:42:50   Found file '/usr/local/lib/python3.9/dist-packages/antismash/detection/hmm_detection/data/bgc_seeds.hmm.h3p'
DEBUG    20/07 15:42:50   Checking prerequisites for antismash.detection.cluster_hmmer
DEBUG    20/07 15:42:50   Found file '/databases/pfam/34.0/Pfam-A.hmm'
DEBUG    20/07 15:42:50   Found file '/databases/pfam/34.0/Pfam-A.hmm.h3f'
DEBUG    20/07 15:42:50   Found file '/databases/pfam/34.0/Pfam-A.hmm.h3i'
DEBUG    20/07 15:42:50   Found file '/databases/pfam/34.0/Pfam-A.hmm.h3m'
DEBUG    20/07 15:42:50   Found file '/databases/pfam/34.0/Pfam-A.hmm.h3p'
DEBUG    20/07 15:42:50   Checking prerequisites for antismash.detection.genefunctions
DEBUG    20/07 15:42:50   Found file '/databases/resfam/Resfams.hmm'
DEBUG    20/07 15:42:50   Found file '/usr/local/lib/python3.9/dist-packages/antismash/detection/genefunctions/data/smcogs.hmm.h3f'
DEBUG    20/07 15:42:50   Found file '/usr/local/lib/python3.9/dist-packages/antismash/detection/genefunctions/data/smcogs.hmm.h3i'
DEBUG    20/07 15:42:50   Found file '/usr/local/lib/python3.9/dist-packages/antismash/detection/genefunctions/data/smcogs.hmm.h3m'
DEBUG    20/07 15:42:50   Found file '/usr/local/lib/python3.9/dist-packages/antismash/detection/genefunctions/data/smcogs.hmm.h3p'
DEBUG    20/07 15:42:50   Found file '/databases/resfam/Resfams.hmm.h3f'
DEBUG    20/07 15:42:50   Found file '/databases/resfam/Resfams.hmm.h3i'
DEBUG    20/07 15:42:50   Found file '/databases/resfam/Resfams.hmm.h3m'
DEBUG    20/07 15:42:50   Found file '/databases/resfam/Resfams.hmm.h3p'
DEBUG    20/07 15:42:50   Checking prerequisites for antismash.detection.nrps_pks_domains
DEBUG    20/07 15:42:50   Found file '/usr/local/lib/python3.9/dist-packages/antismash/detection/nrps_pks_domains/data/abmotifs.hmm.h3f'
DEBUG    20/07 15:42:50   Found file '/usr/local/lib/python3.9/dist-packages/antismash/detection/nrps_pks_domains/data/abmotifs.hmm.h3i'
DEBUG    20/07 15:42:50   Found file '/usr/local/lib/python3.9/dist-packages/antismash/detection/nrps_pks_domains/data/abmotifs.hmm.h3m'
DEBUG    20/07 15:42:50   Found file '/usr/local/lib/python3.9/dist-packages/antismash/detection/nrps_pks_domains/data/abmotifs.hmm.h3p'
DEBUG    20/07 15:42:50   Found file '/usr/local/lib/python3.9/dist-packages/antismash/detection/nrps_pks_domains/data/dockingdomains.hmm.h3f'
DEBUG    20/07 15:42:50   Found file '/usr/local/lib/python3.9/dist-packages/antismash/detection/nrps_pks_domains/data/dockingdomains.hmm.h3i'
DEBUG    20/07 15:42:50   Found file '/usr/local/lib/python3.9/dist-packages/antismash/detection/nrps_pks_domains/data/dockingdomains.hmm.h3m'
DEBUG    20/07 15:42:50   Found file '/usr/local/lib/python3.9/dist-packages/antismash/detection/nrps_pks_domains/data/dockingdomains.hmm.h3p'
DEBUG    20/07 15:42:50   Found file '/usr/local/lib/python3.9/dist-packages/antismash/detection/nrps_pks_domains/data/ksdomains.hmm.h3f'
DEBUG    20/07 15:42:50   Found file '/usr/local/lib/python3.9/dist-packages/antismash/detection/nrps_pks_domains/data/ksdomains.hmm.h3i'
DEBUG    20/07 15:42:50   Found file '/usr/local/lib/python3.9/dist-packages/antismash/detection/nrps_pks_domains/data/ksdomains.hmm.h3m'
DEBUG    20/07 15:42:50   Found file '/usr/local/lib/python3.9/dist-packages/antismash/detection/nrps_pks_domains/data/ksdomains.hmm.h3p'
DEBUG    20/07 15:42:50   Found file '/usr/local/lib/python3.9/dist-packages/antismash/detection/nrps_pks_domains/data/nrpspksdomains.hmm.h3f'
DEBUG    20/07 15:42:50   Found file '/usr/local/lib/python3.9/dist-packages/antismash/detection/nrps_pks_domains/data/nrpspksdomains.hmm.h3i'
DEBUG    20/07 15:42:50   Found file '/usr/local/lib/python3.9/dist-packages/antismash/detection/nrps_pks_domains/data/nrpspksdomains.hmm.h3m'
DEBUG    20/07 15:42:50   Found file '/usr/local/lib/python3.9/dist-packages/antismash/detection/nrps_pks_domains/data/nrpspksdomains.hmm.h3p'
DEBUG    20/07 15:42:50   Found file '/databases/nrps_pks/transATor/2023.02.23/transATor.hmm.h3f'
DEBUG    20/07 15:42:50   Found file '/databases/nrps_pks/transATor/2023.02.23/transATor.hmm.h3i'
DEBUG    20/07 15:42:50   Found file '/databases/nrps_pks/transATor/2023.02.23/transATor.hmm.h3m'
DEBUG    20/07 15:42:50   Found file '/databases/nrps_pks/transATor/2023.02.23/transATor.hmm.h3p'
DEBUG    20/07 15:42:50   Checking prerequisites for antismash.detection.tigrfam
DEBUG    20/07 15:42:50   Found file '/databases/tigrfam/TIGRFam.hmm'
DEBUG    20/07 15:42:50   Found file '/databases/tigrfam/TIGRFam.hmm.h3f'
DEBUG    20/07 15:42:50   Found file '/databases/tigrfam/TIGRFam.hmm.h3i'
DEBUG    20/07 15:42:50   Found file '/databases/tigrfam/TIGRFam.hmm.h3m'
DEBUG    20/07 15:42:50   Found file '/databases/tigrfam/TIGRFam.hmm.h3p'
DEBUG    20/07 15:42:50   Checking prerequisites for antismash.modules.active_site_finder
DEBUG    20/07 15:42:50   Found file '/usr/local/lib/python3.9/dist-packages/antismash/modules/active_site_finder/data/PKSI-KR.hmm2'
DEBUG    20/07 15:42:50   Found file '/usr/local/lib/python3.9/dist-packages/antismash/modules/active_site_finder/data/PKSI-KS_N.hmm2'
DEBUG    20/07 15:42:50   Found file '/usr/local/lib/python3.9/dist-packages/antismash/modules/active_site_finder/data/PKSI-KS_C.hmm2'
DEBUG    20/07 15:42:50   Found file '/usr/local/lib/python3.9/dist-packages/antismash/modules/active_site_finder/data/PKSI-AT.hmm2'
DEBUG    20/07 15:42:50   Found file '/usr/local/lib/python3.9/dist-packages/antismash/modules/active_site_finder/data/PKSI-ACP.hmm2'
DEBUG    20/07 15:42:50   Found file '/usr/local/lib/python3.9/dist-packages/antismash/modules/active_site_finder/data/PKSI-DH.hmm2'
DEBUG    20/07 15:42:50   Found file '/usr/local/lib/python3.9/dist-packages/antismash/modules/active_site_finder/data/Thioesterase.hmm2'
DEBUG    20/07 15:42:50   Found file '/usr/local/lib/python3.9/dist-packages/antismash/modules/active_site_finder/data/PKSI-ER.hmm2'
DEBUG    20/07 15:42:50   Found file '/usr/local/lib/python3.9/dist-packages/antismash/modules/active_site_finder/data/p450.hmm2'
DEBUG    20/07 15:42:50   Checking prerequisites for antismash.modules.cluster_compare
DEBUG    20/07 15:42:50   Found file '/databases/clustercompare/mibig/3.1/data.json'
DEBUG    20/07 15:42:50   Found file '/databases/clustercompare/mibig/3.1/proteins.fasta'
DEBUG    20/07 15:42:50   Found file '/databases/clustercompare/mibig/3.1/proteins.dmnd'
DEBUG    20/07 15:42:50   Found file '/databases/clustercompare/mibig/3.1/proteins.dmnd'
DEBUG    20/07 15:42:50   Checking prerequisites for antismash.modules.clusterblast
DEBUG    20/07 15:42:50   Found file '/databases/knownclusterblast/3.1/clusters.txt'
DEBUG    20/07 15:42:50   Found file '/databases/knownclusterblast/3.1/proteins.fasta'
DEBUG    20/07 15:42:50   Found file '/databases/knownclusterblast/3.1/proteins.dmnd'
DEBUG    20/07 15:42:50   Found file '/databases/knownclusterblast/3.1/proteins.dmnd'
DEBUG    20/07 15:42:50   Found file '/databases/clusterblast/clusters.txt'
DEBUG    20/07 15:42:50   Found file '/databases/clusterblast/proteins.fasta'
DEBUG    20/07 15:42:50   Found file '/databases/clusterblast/proteins.dmnd'
DEBUG    20/07 15:42:50   Found file '/databases/clusterblast/proteins.dmnd'
DEBUG    20/07 15:42:50   Found file '/usr/local/lib/python3.9/dist-packages/antismash/modules/clusterblast/data/sub/proteins.fasta'
DEBUG    20/07 15:42:50   Found file '/usr/local/lib/python3.9/dist-packages/antismash/modules/clusterblast/data/sub/proteins.fasta.phr'
DEBUG    20/07 15:42:50   Found file '/usr/local/lib/python3.9/dist-packages/antismash/modules/clusterblast/data/sub/proteins.fasta.pin'
DEBUG    20/07 15:42:50   Found file '/usr/local/lib/python3.9/dist-packages/antismash/modules/clusterblast/data/sub/proteins.fasta.psq'
DEBUG    20/07 15:42:50   Found file '/usr/local/lib/python3.9/dist-packages/antismash/modules/clusterblast/data/sub/clusters.txt'
DEBUG    20/07 15:42:50   Checking prerequisites for antismash.modules.lanthipeptides
DEBUG    20/07 15:42:50   Found file '/databases/comparippson/asdb/3.0/cores.fa.pdb'
DEBUG    20/07 15:42:50   Found file '/databases/comparippson/asdb/3.0/cores.fa.phr'
DEBUG    20/07 15:42:50   Found file '/databases/comparippson/asdb/3.0/cores.fa.pin'
DEBUG    20/07 15:42:50   Found file '/databases/comparippson/asdb/3.0/cores.fa.pot'
DEBUG    20/07 15:42:50   Found file '/databases/comparippson/asdb/3.0/cores.fa.psq'
DEBUG    20/07 15:42:50   Found file '/databases/comparippson/asdb/3.0/cores.fa.ptf'
DEBUG    20/07 15:42:50   Found file '/databases/comparippson/asdb/3.0/cores.fa.pto'
DEBUG    20/07 15:42:50   Found file '/databases/comparippson/mibig/3.1/cores.fa.pdb'
DEBUG    20/07 15:42:50   Found file '/databases/comparippson/mibig/3.1/cores.fa.phr'
DEBUG    20/07 15:42:50   Found file '/databases/comparippson/mibig/3.1/cores.fa.pin'
DEBUG    20/07 15:42:50   Found file '/databases/comparippson/mibig/3.1/cores.fa.pot'
DEBUG    20/07 15:42:50   Found file '/databases/comparippson/mibig/3.1/cores.fa.psq'
DEBUG    20/07 15:42:50   Found file '/databases/comparippson/mibig/3.1/cores.fa.ptf'
DEBUG    20/07 15:42:50   Found file '/databases/comparippson/mibig/3.1/cores.fa.pto'
DEBUG    20/07 15:42:50   Checking prerequisites for antismash.modules.lassopeptides
DEBUG    20/07 15:42:50   Checking prerequisites for antismash.modules.nrps_pks
DEBUG    20/07 15:42:50   Found existing cache for /usr/local/lib/python3.9/dist-packages/antismash/modules/nrps_pks/data/terminals/cterm.fasta
DEBUG    20/07 15:42:50   Found existing cache for /usr/local/lib/python3.9/dist-packages/antismash/modules/nrps_pks/data/terminals/nterm.fasta
DEBUG    20/07 15:42:50   Found existing cache for /usr/local/lib/python3.9/dist-packages/antismash/modules/nrps_pks/at_analysis/data/AT_domains_muscle.fasta
DEBUG    20/07 15:42:50   Found existing cache for /usr/local/lib/python3.9/dist-packages/antismash/modules/nrps_pks/kr_analysis/data/KRdomains_muscle.fasta
DEBUG    20/07 15:42:50   Found existing cache for /usr/local/lib/python3.9/dist-packages/antismash/modules/nrps_pks/minowa/data/AT_domains_muscle.fasta
DEBUG    20/07 15:42:50   Found existing cache for /usr/local/lib/python3.9/dist-packages/antismash/modules/nrps_pks/minowa/data/CAL_domains_muscle.fasta
DEBUG    20/07 15:42:50   Checking prerequisites for antismash.modules.pfam2go
DEBUG    20/07 15:42:50   Found file '/usr/local/lib/python3.9/dist-packages/antismash/modules/pfam2go/data/pfam2go.txt'
DEBUG    20/07 15:42:50   Checking prerequisites for antismash.modules.rrefinder
DEBUG    20/07 15:42:50   Found file '/usr/local/lib/python3.9/dist-packages/antismash/modules/rrefinder/data/RREFam.hmm.h3f'
DEBUG    20/07 15:42:50   Found file '/usr/local/lib/python3.9/dist-packages/antismash/modules/rrefinder/data/RREFam.hmm.h3i'
DEBUG    20/07 15:42:50   Found file '/usr/local/lib/python3.9/dist-packages/antismash/modules/rrefinder/data/RREFam.hmm.h3m'
DEBUG    20/07 15:42:50   Found file '/usr/local/lib/python3.9/dist-packages/antismash/modules/rrefinder/data/RREFam.hmm.h3p'
DEBUG    20/07 15:42:50   Checking prerequisites for antismash.modules.sactipeptides
DEBUG    20/07 15:42:50   Checking prerequisites for antismash.modules.t2pks
DEBUG    20/07 15:42:50   Found file '/usr/local/lib/python3.9/dist-packages/antismash/modules/t2pks/data/KSIII.fasta'
DEBUG    20/07 15:42:50   Found file '/usr/local/lib/python3.9/dist-packages/antismash/modules/t2pks/data/KSIII.phr'
DEBUG    20/07 15:42:50   Found file '/usr/local/lib/python3.9/dist-packages/antismash/modules/t2pks/data/KSIII.pin'
DEBUG    20/07 15:42:50   Found file '/usr/local/lib/python3.9/dist-packages/antismash/modules/t2pks/data/KSIII.psq'
DEBUG    20/07 15:42:50   Found file '/usr/local/lib/python3.9/dist-packages/antismash/modules/t2pks/data/AT.fasta'
DEBUG    20/07 15:42:50   Found file '/usr/local/lib/python3.9/dist-packages/antismash/modules/t2pks/data/AT.phr'
DEBUG    20/07 15:42:50   Found file '/usr/local/lib/python3.9/dist-packages/antismash/modules/t2pks/data/AT.pin'
DEBUG    20/07 15:42:50   Found file '/usr/local/lib/python3.9/dist-packages/antismash/modules/t2pks/data/AT.psq'
DEBUG    20/07 15:42:50   Found file '/usr/local/lib/python3.9/dist-packages/antismash/modules/t2pks/data/LIG.fasta'
DEBUG    20/07 15:42:50   Found file '/usr/local/lib/python3.9/dist-packages/antismash/modules/t2pks/data/LIG.phr'
DEBUG    20/07 15:42:50   Found file '/usr/local/lib/python3.9/dist-packages/antismash/modules/t2pks/data/LIG.pin'
DEBUG    20/07 15:42:50   Found file '/usr/local/lib/python3.9/dist-packages/antismash/modules/t2pks/data/LIG.psq'
DEBUG    20/07 15:42:50   Found file '/usr/local/lib/python3.9/dist-packages/antismash/modules/t2pks/data/t2pks.hmm.h3f'
DEBUG    20/07 15:42:50   Found file '/usr/local/lib/python3.9/dist-packages/antismash/modules/t2pks/data/t2pks.hmm.h3i'
DEBUG    20/07 15:42:50   Found file '/usr/local/lib/python3.9/dist-packages/antismash/modules/t2pks/data/t2pks.hmm.h3m'
DEBUG    20/07 15:42:50   Found file '/usr/local/lib/python3.9/dist-packages/antismash/modules/t2pks/data/t2pks.hmm.h3p'
DEBUG    20/07 15:42:50   Checking prerequisites for antismash.modules.tfbs_finder
DEBUG    20/07 15:42:50   Found file '/usr/local/lib/python3.9/dist-packages/antismash/modules/tfbs_finder/data/PWMs.json'
DEBUG    20/07 15:42:50   Checking prerequisites for antismash.modules.thiopeptides
DEBUG    20/07 15:42:50   Found file '/usr/local/lib/python3.9/dist-packages/antismash/modules/thiopeptides/data/thiopep3.hmm.h3f'
DEBUG    20/07 15:42:50   Found file '/usr/local/lib/python3.9/dist-packages/antismash/modules/thiopeptides/data/thiopep3.hmm.h3i'
DEBUG    20/07 15:42:50   Found file '/usr/local/lib/python3.9/dist-packages/antismash/modules/thiopeptides/data/thiopep3.hmm.h3m'
DEBUG    20/07 15:42:50   Found file '/usr/local/lib/python3.9/dist-packages/antismash/modules/thiopeptides/data/thiopep3.hmm.h3p'
DEBUG    20/07 15:42:50   Checking prerequisites for antismash.modules.tta
DEBUG    20/07 15:42:50   Checking prerequisites for antismash.outputs.html
DEBUG    20/07 15:42:50   Found file '/usr/local/lib/python3.9/dist-packages/antismash/outputs/html/css/bacteria.css'
DEBUG    20/07 15:42:50   Found file '/usr/local/lib/python3.9/dist-packages/antismash/outputs/html/css/fungi.css'
DEBUG    20/07 15:42:50   Found file '/usr/local/lib/python3.9/dist-packages/antismash/outputs/html/css/plants.css'
DEBUG    20/07 15:42:50   Checking prerequisites for antismash.support.genefinding
DEBUG    20/07 15:42:50   Checking options for antismash.detection.hmm_detection
DEBUG    20/07 15:42:50   Checking options for antismash.detection.cluster_hmmer
DEBUG    20/07 15:42:50   Found file '/databases/pfam/34.0/Pfam-A.hmm'
DEBUG    20/07 15:42:50   Found file '/databases/pfam/34.0/Pfam-A.hmm.h3f'
DEBUG    20/07 15:42:50   Found file '/databases/pfam/34.0/Pfam-A.hmm.h3i'
DEBUG    20/07 15:42:50   Found file '/databases/pfam/34.0/Pfam-A.hmm.h3m'
DEBUG    20/07 15:42:50   Found file '/databases/pfam/34.0/Pfam-A.hmm.h3p'
DEBUG    20/07 15:42:50   Checking options for antismash.detection.genefunctions
DEBUG    20/07 15:42:50   Checking options for antismash.detection.nrps_pks_domains
DEBUG    20/07 15:42:50   Checking options for antismash.detection.tigrfam
DEBUG    20/07 15:42:50   Checking options for antismash.modules.active_site_finder
DEBUG    20/07 15:42:50   Checking options for antismash.modules.cluster_compare
DEBUG    20/07 15:42:50   Checking options for antismash.modules.clusterblast
DEBUG    20/07 15:42:50   Checking options for antismash.modules.lanthipeptides
DEBUG    20/07 15:42:50   Checking options for antismash.modules.lassopeptides
DEBUG    20/07 15:42:50   Checking options for antismash.modules.nrps_pks
DEBUG    20/07 15:42:50   Checking options for antismash.modules.pfam2go
DEBUG    20/07 15:42:50   Checking options for antismash.modules.rrefinder
DEBUG    20/07 15:42:50   Checking options for antismash.modules.sactipeptides
DEBUG    20/07 15:42:50   Checking options for antismash.modules.t2pks
DEBUG    20/07 15:42:50   Checking options for antismash.modules.tfbs_finder
DEBUG    20/07 15:42:50   Checking options for antismash.modules.thiopeptides
DEBUG    20/07 15:42:50   Checking options for antismash.modules.tta
DEBUG    20/07 15:42:50   Checking options for antismash.outputs.html
DEBUG    20/07 15:42:50   Checking options for antismash.support.genefinding
INFO     20/07 15:42:50   Parsing input sequence '/input/GCF_001517585.1_Roseibaca_calidilacus_HL-91.gbk'
DEBUG    20/07 15:42:51   Stripping antiSMASH features and annotations from record: NZ_FBYC01000001.1
DEBUG    20/07 15:42:51   Stripping antiSMASH features and annotations from record: NZ_FBYC01000002.1
DEBUG    20/07 15:42:51   Stripping antiSMASH features and annotations from record: NZ_FBYC01000003.1
DEBUG    20/07 15:42:51   Stripping antiSMASH features and annotations from record: NZ_FBYC01000004.1
DEBUG    20/07 15:42:51   Converting records from biopython to secmet
DEBUG    20/07 15:42:51   Removing existing region genbank files
DEBUG    20/07 15:42:51   Reusing output directory: /data/antismash/upload/bacteria-6fbce3a2-0961-42be-b017-7d2e12d8abbc
DEBUG    20/07 15:42:51   Preprocessing 4 sequences
DEBUG    20/07 15:42:51   Sanitising record ids and sequences
DEBUG    20/07 15:42:53   Removing sequences smaller than 1000 bases
DEBUG    20/07 15:42:53   Ensuring records have CDS features with all required information
INFO     20/07 15:42:54   Analysing record: NZ_FBYC01000001.1
INFO     20/07 15:42:54   Detecting secondary metabolite clusters
DEBUG    20/07 15:42:54   Checking if antismash.detection.hmm_detection should be run
INFO     20/07 15:42:54   Running antismash.detection.hmm_detection
INFO     20/07 15:42:54   HMM detection using strictness: relaxed
DEBUG    20/07 15:42:57   0 rule-based cluster(s) found in record
DEBUG    20/07 15:42:57   0 protoclusters found
DEBUG    20/07 15:42:57   0 subregions found
INFO     20/07 15:42:57   No regions detected, skipping record
INFO     20/07 15:42:57   Analysing record: NZ_FBYC01000002.1
INFO     20/07 15:42:57   Detecting secondary metabolite clusters
DEBUG    20/07 15:42:57   Checking if antismash.detection.hmm_detection should be run
INFO     20/07 15:42:57   Running antismash.detection.hmm_detection
INFO     20/07 15:42:57   HMM detection using strictness: relaxed
DEBUG    20/07 15:42:58   0 rule-based cluster(s) found in record
DEBUG    20/07 15:42:58   0 protoclusters found
DEBUG    20/07 15:42:58   0 subregions found
INFO     20/07 15:42:58   No regions detected, skipping record
INFO     20/07 15:42:58   Analysing record: NZ_FBYC01000003.1
INFO     20/07 15:42:58   Detecting secondary metabolite clusters
DEBUG    20/07 15:42:58   Checking if antismash.detection.hmm_detection should be run
INFO     20/07 15:42:58   Running antismash.detection.hmm_detection
INFO     20/07 15:42:58   HMM detection using strictness: relaxed
DEBUG    20/07 15:42:59   0 rule-based cluster(s) found in record
DEBUG    20/07 15:42:59   0 protoclusters found
DEBUG    20/07 15:42:59   0 subregions found
INFO     20/07 15:42:59   No regions detected, skipping record
INFO     20/07 15:42:59   Analysing record: NZ_FBYC01000004.1
INFO     20/07 15:42:59   Detecting secondary metabolite clusters
DEBUG    20/07 15:42:59   Checking if antismash.detection.hmm_detection should be run
INFO     20/07 15:42:59   Running antismash.detection.hmm_detection
INFO     20/07 15:42:59   HMM detection using strictness: relaxed
DEBUG    20/07 15:43:08   4 rule-based cluster(s) found in record
DEBUG    20/07 15:43:08   4 protoclusters found
DEBUG    20/07 15:43:08   0 subregions found
INFO     20/07 15:43:08   3 region(s) detected in record
DEBUG    20/07 15:43:08   Checking if antismash.detection.cluster_hmmer should be run
INFO     20/07 15:43:08   Running antismash.detection.cluster_hmmer
INFO     20/07 15:43:08   Running cluster PFAM search
DEBUG    20/07 15:43:36   Building name mapping for HMMer database Pfam-A.hmm
DEBUG    20/07 15:43:40   Building cutoff mapping for HMMer database /databases/pfam/34.0/Pfam-A.hmm
DEBUG    20/07 15:43:45   Adding detection results from antismash.detection.cluster_hmmer to record
DEBUG    20/07 15:43:45   Checking if antismash.detection.genefunctions should be run
INFO     20/07 15:43:45   Running antismash.detection.genefunctions
DEBUG    20/07 15:43:48   Adding detection results from antismash.detection.genefunctions to record
DEBUG    20/07 15:43:48   annotating CDS features with resist info: 1 CDSes
DEBUG    20/07 15:43:48   annotating CDS features with smcogs info: 15 CDSes
DEBUG    20/07 15:43:48   Checking if antismash.detection.nrps_pks_domains should be run
INFO     20/07 15:43:48   Running antismash.detection.nrps_pks_domains
DEBUG    20/07 15:43:48   Marking NRPS/PKS CDS features and domains in clusters
DEBUG    20/07 15:43:49   Adding detection results from antismash.detection.nrps_pks_domains to record
DEBUG    20/07 15:43:49   Checking if antismash.detection.tigrfam should be run
INFO     20/07 15:43:49   Running antismash.detection.tigrfam
INFO     20/07 15:43:49   Running TIGRFam search
DEBUG    20/07 15:43:58   Building name mapping for HMMer database TIGRFam.hmm
DEBUG    20/07 15:44:00   Adding detection results from antismash.detection.tigrfam to record
DEBUG    20/07 15:44:00   Checking if antismash.modules.active_site_finder should be run
INFO     20/07 15:44:00   Running antismash.modules.active_site_finder
DEBUG    20/07 15:44:01   Checking if antismash.modules.cluster_compare should be run
INFO     20/07 15:44:01   Running antismash.modules.cluster_compare
DEBUG    20/07 15:44:01   Loading comparison database: MIBiG
DEBUG    20/07 15:44:02   Comparison database loaded
INFO     20/07 15:44:02   Comparing regions to reference database
DEBUG    20/07 15:44:06   Checking if antismash.modules.clusterblast should be run
INFO     20/07 15:44:06   Running antismash.modules.clusterblast
INFO     20/07 15:44:06   Finding internal homologs in each gene cluster...
INFO     20/07 15:44:08   Running ClusterBlast
INFO     20/07 15:44:08   ClusterBlast: Loading gene cluster database into memory...
INFO     20/07 15:44:11   ClusterBlast: Loading gene cluster database proteins into memory...
INFO     20/07 15:44:25   Comparing regions to reference database
INFO     20/07 15:45:43   Running subcluster search
INFO     20/07 15:45:43   SubClusterBlast: Loading gene cluster database into memory...
INFO     20/07 15:45:43   SubClusterBlast: Loading gene cluster database proteins into memory...
INFO     20/07 15:45:48   Running known cluster search
INFO     20/07 15:45:48   KnownClusterBlast: Loading gene cluster database into memory...
INFO     20/07 15:45:48   KnownClusterBlast: Loading gene cluster database proteins into memory...
DEBUG    20/07 15:45:48   Running DIAMOND knowncluster searches..
INFO     20/07 15:45:48   Comparing regions to reference database
DEBUG    20/07 15:45:53   Checking if antismash.modules.lanthipeptides should be run
INFO     20/07 15:45:53   Running antismash.modules.lanthipeptides
DEBUG    20/07 15:45:53   Lanthipeptide module marked 0 motifs
DEBUG    20/07 15:45:55   Checking if antismash.modules.lassopeptides should be run
INFO     20/07 15:45:55   Running antismash.modules.lassopeptides
DEBUG    20/07 15:45:56   Lassopeptide module marked 0 motifs
DEBUG    20/07 15:45:56   Checking if antismash.modules.nrps_pks should be run
INFO     20/07 15:45:56   Running antismash.modules.nrps_pks
INFO     20/07 15:45:56   Predicting PKS AT domain substrate specificities by Yadav et al. PKS signature sequences
INFO     20/07 15:45:57   Predicting PKS AT domain substrate specificities by Minowa et al. method
INFO     20/07 15:45:59   Predicting CAL domain substrate specificities by Minowa et al. method
INFO     20/07 15:45:59   Predicting PKS KR activity and stereochemistry using KR fingerprints from Starcevic et al.
DEBUG    20/07 15:45:59   CandidateCluster 3 monomer ordering method: colinear
DEBUG    20/07 15:45:59   CandidateCluster 4 monomer ordering method: colinear
DEBUG    20/07 15:45:59   CandidateCluster 5 monomer ordering method: colinear
DEBUG    20/07 15:45:59   Checking if antismash.modules.pfam2go should be run
INFO     20/07 15:45:59   Running antismash.modules.pfam2go
DEBUG    20/07 15:45:59   Checking if antismash.modules.rrefinder should be run
INFO     20/07 15:45:59   Running antismash.modules.rrefinder
DEBUG    20/07 15:45:59   Checking if antismash.modules.sactipeptides should be run
INFO     20/07 15:45:59   Running antismash.modules.sactipeptides
DEBUG    20/07 15:45:59   Found no sactipeptide motifs
DEBUG    20/07 15:46:00   Checking if antismash.modules.t2pks should be run
INFO     20/07 15:46:00   Running antismash.modules.t2pks
DEBUG    20/07 15:46:00   No type II PKS clusters to analyze
DEBUG    20/07 15:46:00   Checking if antismash.modules.tfbs_finder should be run
INFO     20/07 15:46:00   Running antismash.modules.tfbs_finder
DEBUG    20/07 15:46:01   Checking if antismash.modules.thiopeptides should be run
INFO     20/07 15:46:01   Running antismash.modules.thiopeptides
DEBUG    20/07 15:46:01   Thiopeptides marked 0 motifs
DEBUG    20/07 15:46:02   Checking if antismash.modules.tta should be run
INFO     20/07 15:46:02   Running antismash.modules.tta
INFO     20/07 15:46:03   Skipping TTA codon detection, GC content too low: 62%
DEBUG    20/07 15:46:03   Writing json results to '/data/antismash/upload/bacteria-6fbce3a2-0961-42be-b017-7d2e12d8abbc/GCF_001517585.1_Roseibaca_calidilacus_HL-91.json'
DEBUG    20/07 15:46:03   Record NZ_FBYC01000001.1 has results for modules: hmm_detection
DEBUG    20/07 15:46:03   Converting antismash.detection.hmm_detection results to json
DEBUG    20/07 15:46:03   Record NZ_FBYC01000002.1 has results for modules: hmm_detection
DEBUG    20/07 15:46:03   Converting antismash.detection.hmm_detection results to json
DEBUG    20/07 15:46:03   Record NZ_FBYC01000003.1 has results for modules: hmm_detection
DEBUG    20/07 15:46:03   Converting antismash.detection.hmm_detection results to json
DEBUG    20/07 15:46:03   Record NZ_FBYC01000004.1 has results for modules: hmm_detection, cluster_hmmer, genefunctions, nrps_pks_domains, tigrfam, active_site_finder, cluster_compare, clusterblast, lanthipeptides, lassopeptides, nrps_pks, pfam2go, rrefinder, sactipeptides, t2pks, tfbs_finder, thiopeptides
DEBUG    20/07 15:46:03   Converting antismash.detection.hmm_detection results to json
DEBUG    20/07 15:46:03   Converting antismash.detection.cluster_hmmer results to json
DEBUG    20/07 15:46:03   Converting antismash.detection.genefunctions results to json
DEBUG    20/07 15:46:03   Converting antismash.detection.nrps_pks_domains results to json
DEBUG    20/07 15:46:03   Converting antismash.detection.tigrfam results to json
DEBUG    20/07 15:46:03   Converting antismash.modules.active_site_finder results to json
DEBUG    20/07 15:46:03   Converting antismash.modules.cluster_compare results to json
DEBUG    20/07 15:46:03   Converting antismash.modules.clusterblast results to json
DEBUG    20/07 15:46:03   Converting antismash.modules.lanthipeptides results to json
DEBUG    20/07 15:46:03   Converting antismash.modules.lassopeptides results to json
DEBUG    20/07 15:46:03   Converting antismash.modules.nrps_pks results to json
DEBUG    20/07 15:46:03   Converting antismash.modules.pfam2go results to json
DEBUG    20/07 15:46:03   Converting antismash.modules.rrefinder results to json
DEBUG    20/07 15:46:03   Converting antismash.modules.sactipeptides results to json
DEBUG    20/07 15:46:03   Converting antismash.modules.t2pks results to json
DEBUG    20/07 15:46:03   Converting antismash.modules.tfbs_finder results to json
DEBUG    20/07 15:46:03   Converting antismash.modules.thiopeptides results to json
DEBUG    20/07 15:46:03   Converting antismash.modules.tta results to json
DEBUG    20/07 15:46:03   Not annotating skipped record NZ_FBYC01000001.1: No regions detected
DEBUG    20/07 15:46:03   Not annotating skipped record NZ_FBYC01000002.1: No regions detected
DEBUG    20/07 15:46:03   Not annotating skipped record NZ_FBYC01000003.1: No regions detected
DEBUG    20/07 15:46:03   Annotating record NZ_FBYC01000004.1 with results from: hmm_detection, cluster_hmmer, genefunctions, nrps_pks_domains, tigrfam, active_site_finder, cluster_compare, clusterblast, lanthipeptides, lassopeptides, nrps_pks, pfam2go, rrefinder, sactipeptides, t2pks, tfbs_finder, thiopeptides, tta
DEBUG    20/07 15:46:03    Adding results from antismash.modules.active_site_finder
DEBUG    20/07 15:46:03    Adding results from antismash.modules.cluster_compare
DEBUG    20/07 15:46:03    Adding results from antismash.modules.clusterblast
DEBUG    20/07 15:46:03    Adding results from antismash.modules.lanthipeptides
DEBUG    20/07 15:46:03    Adding results from antismash.modules.lassopeptides
DEBUG    20/07 15:46:03    Adding results from antismash.modules.nrps_pks
DEBUG    20/07 15:46:03    Adding results from antismash.modules.pfam2go
DEBUG    20/07 15:46:03    Adding results from antismash.modules.rrefinder
DEBUG    20/07 15:46:03    Adding results from antismash.modules.sactipeptides
DEBUG    20/07 15:46:03    Adding results from antismash.modules.t2pks
DEBUG    20/07 15:46:03    Adding results from antismash.modules.tfbs_finder
DEBUG    20/07 15:46:03    Adding results from antismash.modules.thiopeptides
DEBUG    20/07 15:46:03    Adding results from antismash.modules.tta
DEBUG    20/07 15:46:03   Creating results page
DEBUG    20/07 15:46:03   Results page using antismash.js from local copy: /databases/as-js/0.13/antismash.js
DEBUG    20/07 15:46:05   Creating results SVGs
DEBUG    20/07 15:46:05   Writing seq_records SVGs to '/data/antismash/upload/bacteria-6fbce3a2-0961-42be-b017-7d2e12d8abbc/svg'
DEBUG    20/07 15:46:06   Writing cluster-specific genbank files
DEBUG    20/07 15:46:06   Writing final genbank file to '/data/antismash/upload/bacteria-6fbce3a2-0961-42be-b017-7d2e12d8abbc/GCF_001517585.1_Roseibaca_calidilacus_HL-91.gbk'
DEBUG    20/07 15:46:06   Zipping output to '/data/antismash/upload/bacteria-6fbce3a2-0961-42be-b017-7d2e12d8abbc/GCF_001517585.1_Roseibaca_calidilacus_HL-91.zip'
