[16:53:06] This is prokka 1.14.6
[16:53:06] Written by Torsten Seemann <torsten.seemann@gmail.com>
[16:53:06] Homepage is https://github.com/tseemann/prokka
[16:53:06] Local time is Mon Dec  5 16:53:06 2022
[16:53:06] You are shaday
[16:53:06] Operating system is linux
[16:53:06] You have BioPerl 1.7.8
[16:53:06] System has 32 cores.
[16:53:06] Will use maximum of 20 cores.
[16:53:06] Annotating as >>> Bacteria <<<
[16:53:06] Generating locus_tag from 'Rhodobacteraceae/GCF_003290025.1_ASM329002v1_genomic.fna' contents.
[16:53:06] Setting --locustag MKLBNFHE from MD5 645b7f1e3f039224bc26eb6c5fe5a2ca
[16:53:06] Creating new output folder: gbk/Cd-10
[16:53:06] Running: mkdir -p gbk\/Cd\-10
[16:53:06] Using filename prefix: GCF_003290025.1.prokka.XXX
[16:53:06] Setting HMMER_NCPU=1
[16:53:06] Writing log to: gbk/Cd-10/GCF_003290025.1.prokka.log
[16:53:06] Command: /opt/anaconda3/envs/Prokka_Global/bin/prokka --prefix GCF_003290025.1.prokka --outdir gbk/Cd-10 --kingdom Bacteria --genus Pseudogemmobacter --species bohemicus --strain Cd-10 --usegenus --addgenes Rhodobacteraceae/GCF_003290025.1_ASM329002v1_genomic.fna --cpus 20
[16:53:06] Appending to PATH: /opt/anaconda3/envs/Prokka_Global/bin
[16:53:06] Looking for 'aragorn' - found /opt/anaconda3/envs/Prokka_Global/bin/aragorn
[16:53:06] Determined aragorn version is 001002 from 'ARAGORN v1.2.41 Dean Laslett'
[16:53:06] Looking for 'barrnap' - found /opt/anaconda3/envs/Prokka_Global/bin/barrnap
[16:53:06] Determined barrnap version is 000009 from 'barrnap 0.9'
[16:53:06] Looking for 'blastp' - found /opt/anaconda3/envs/Prokka_Global/bin/blastp
[16:53:06] Determined blastp version is 002012 from 'blastp: 2.12.0+'
[16:53:06] Looking for 'cmpress' - found /opt/anaconda3/envs/Prokka_Global/bin/cmpress
[16:53:06] Determined cmpress version is 001001 from '# INFERNAL 1.1.4 (Dec 2020)'
[16:53:06] Looking for 'cmscan' - found /opt/anaconda3/envs/Prokka_Global/bin/cmscan
[16:53:06] Determined cmscan version is 001001 from '# INFERNAL 1.1.4 (Dec 2020)'
[16:53:06] Looking for 'egrep' - found /usr/bin/egrep
[16:53:06] Looking for 'find' - found /usr/bin/find
[16:53:06] Looking for 'grep' - found /usr/bin/grep
[16:53:06] Looking for 'hmmpress' - found /opt/anaconda3/envs/Prokka_Global/bin/hmmpress
[16:53:06] Determined hmmpress version is 003003 from '# HMMER 3.3.2 (Nov 2020); http://hmmer.org/'
[16:53:06] Looking for 'hmmscan' - found /opt/anaconda3/envs/Prokka_Global/bin/hmmscan
[16:53:06] Determined hmmscan version is 003003 from '# HMMER 3.3.2 (Nov 2020); http://hmmer.org/'
[16:53:06] Looking for 'java' - found /opt/anaconda3/envs/Prokka_Global/bin/java
[16:53:06] Looking for 'makeblastdb' - found /opt/anaconda3/envs/Prokka_Global/bin/makeblastdb
[16:53:06] Determined makeblastdb version is 002012 from 'makeblastdb: 2.12.0+'
[16:53:06] Looking for 'minced' - found /opt/anaconda3/envs/Prokka_Global/bin/minced
[16:53:06] Determined minced version is 004002 from 'minced 0.4.2'
[16:53:06] Looking for 'parallel' - found /opt/anaconda3/envs/Prokka_Global/bin/parallel
[16:53:06] Determined parallel version is 20220222 from 'GNU parallel 20220222'
[16:53:06] Looking for 'prodigal' - found /opt/anaconda3/envs/Prokka_Global/bin/prodigal
[16:53:06] Determined prodigal version is 002006 from 'Prodigal V2.6.3: February, 2016'
[16:53:06] Looking for 'prokka-genbank_to_fasta_db' - found /opt/anaconda3/envs/Prokka_Global/bin/prokka-genbank_to_fasta_db
[16:53:06] Looking for 'sed' - found /usr/bin/sed
[16:53:06] Looking for 'tbl2asn' - found /opt/anaconda3/envs/Prokka_Global/bin/tbl2asn
[16:53:06] Determined tbl2asn version is 025007 from 'tbl2asn 25.7   arguments:'
[16:53:06] Using genetic code table 11.
[16:53:06] Loading and checking input file: Rhodobacteraceae/GCF_003290025.1_ASM329002v1_genomic.fna
[16:53:06] Wrote 16 contigs totalling 5607742 bp.
[16:53:06] Predicting tRNAs and tmRNAs
[16:53:06] Running: aragorn -l -gc11  -w gbk\/Cd\-10\/GCF_003290025\.1\.prokka\.fna
[16:53:08] 1 tRNA-Tyr c[62382,62465] 33 (gta)
[16:53:08] 2 tRNA-Gly [75877,75950] 33 (tcc)
[16:53:08] 3 tRNA-Glu c[169924,169998] 34 (ttc)
[16:53:08] 4 tRNA-Ala c[253086,253161] 34 (cgc)
[16:53:08] 5 tRNA-Cys c[461710,461783] 33 (gca)
[16:53:08] 6 tRNA-Pro c[508397,508474] 36 (ggg)
[16:53:08] 7 tRNA-Leu [520871,520954] 34 (caa)
[16:53:08] 8 tRNA-Leu c[557830,557914] 35 (tag)
[16:53:08] 9 tRNA-Arg [682599,682675] 35 (ccg)
[16:53:08] 10 tRNA-Thr c[690702,690776] 33 (ggt)
[16:53:08] 11 tRNA-Met [699115,699190] 34 (cat)
[16:53:08] 12 tRNA-Gly [760373,760447] 33 (gcc)
[16:53:08] 13 tRNA-Asn c[781884,781958] 33 (gtt)
[16:53:08] 14 tRNA-Thr [868319,868393] 33 (tgt)
[16:53:08] 15 tRNA-Ser [895861,895948] 35 (tga)
[16:53:08] 16 tRNA-Ser c[980486,980575] 35 (cga)
[16:53:08] 17 tRNA-Ile c[1025399,1025479] 40 (gat)
[16:53:08] 18 tRNA-Gly c[1073471,1073544] 33 (ccc)
[16:53:08] 19 tRNA-Leu c[1217060,1217146] 35 (gag)
[16:53:08] 20 tRNA-Asp c[1388596,1388672] 35 (gtc)
[16:53:08] 21 tRNA-Asp c[1388705,1388781] 35 (gtc)
[16:53:08] 22 tRNA-Val [1392166,1392241] 34 (tac)
[16:53:08] 23 tRNA-Val c[1441205,1441279] 33 (cac)
[16:53:08] 24 tRNA-Pro c[1488136,1488212] 35 (tgg)
[16:53:08] 1 tRNA-Pro c[134210,134286] 35 (cgg)
[16:53:08] 2 tRNA-Thr [321927,322002] 34 (cgt)
[16:53:08] 3 tRNA-Leu c[956654,956738] 35 (cag)
[16:53:08] 4 tRNA-Gln c[1194272,1194346] 33 (ttg)
[16:53:08] 1 tRNA-Ser c[101231,101320] 35 (gct)
[16:53:08] 2 tRNA-Val [128313,128387] 33 (gac)
[16:53:08] 3 tRNA-Arg c[268167,268243] 35 (tct)
[16:53:08] 4 tRNA-Met [291327,291403] 35 (cat)
[16:53:08] 5 tRNA-Ala [583926,584001] 34 (ggc)
[16:53:08] 1 tRNA-Phe c[84391,84466] 34 (gaa)
[16:53:08] 2 tRNA-Pro [179049,179125] 33 (cgg)
[16:53:08] 3 tmRNA* c[212177,212509] 204,242 ANDNRAPVAMAA*
[16:53:08] 4 tRNA-Gly [274387,274461] 33 (gcc)
[16:53:08] 5 tRNA-Gly c[329935,330008] 33 (tcc)
[16:53:08] 6 tRNA-SeC c[333213,333309] 36 (tca)
[16:53:08] 7 tRNA-Lys [406478,406553] 34 (ttt)
[16:53:08] 8 tRNA-Arg c[449801,449877] 35 (acg)
[16:53:08] 9 tRNA-Trp c[482045,482120] 34 (cca)
[16:53:08] 10 tRNA-Arg c[496255,496330] 34 (cct)
[16:53:08] 11 tRNA-Ala [511945,512040] 38 (cgc)
[16:53:08] 1 tRNA-Arg [90586,90662] 32 (acg)
[16:53:08] 2 tRNA-Arg [185825,185901] 32 (acg)
[16:53:08] 3 tRNA-Arg [306919,306995] 32 (acg)
[16:53:08] 1 tRNA-Ser [138123,138212] 35 (gga)
[16:53:08] 1 tRNA-His c[48102,48178] 35 (gtg)
[16:53:08] 1 tRNA-Ile [2075,2151] 35 (gat)
[16:53:08] 2 tRNA-Ala [2165,2240] 34 (tgc)
[16:53:08] Found 51 tRNAs
[16:53:08] Predicting Ribosomal RNAs
[16:53:08] Running Barrnap with 20 threads
[16:53:09] 1 NZ_QNHG01000012.1 467 16S ribosomal RNA
[16:53:09] 2 NZ_QNHG01000012.1 2628 23S ribosomal RNA (partial)
[16:53:09] Found 2 rRNAs
[16:53:09] Skipping ncRNA search, enable with --rfam if desired.
[16:53:09] Total of 52 tRNA + rRNA features
[16:53:09] Searching for CRISPR repeats
[16:53:09] CRISPR1 NZ_QNHG01000004.1 658213 with 19 spacers
[16:53:09] CRISPR2 NZ_QNHG01000004.1 659682 with 16 spacers
[16:53:09] CRISPR3 NZ_QNHG01000004.1 662481 with 16 spacers
[16:53:09] Found 3 CRISPRs
[16:53:09] Predicting coding sequences
[16:53:09] Contigs total 5607742 bp, so using single mode
[16:53:09] Running: prodigal -i gbk\/Cd\-10\/GCF_003290025\.1\.prokka\.fna -c -m -g 11 -p single -f sco -q
[16:53:14] Excluding CDS which overlaps existing RNA (tRNA) at NZ_QNHG01000001.1:62333..62542 on - strand
[16:53:14] Excluding CDS which overlaps existing RNA (tRNA) at NZ_QNHG01000001.1:461625..461765 on + strand
[16:53:14] Excluding CDS which overlaps existing RNA (tRNA) at NZ_QNHG01000001.1:895880..897583 on - strand
[16:53:14] Excluding CDS which overlaps existing RNA (tRNA) at NZ_QNHG01000001.1:1025125..1026048 on - strand
[16:53:15] Excluding CDS which overlaps existing RNA (tRNA) at NZ_QNHG01000004.1:178924..179181 on + strand
[16:53:15] Excluding CDS which overlaps existing RNA (tRNA) at NZ_QNHG01000004.1:510483..512192 on + strand
[16:53:15] Excluding CDS which overlaps existing RNA (repeat_region) at NZ_QNHG01000004.1:659134..659388 on + strand
[16:53:15] Excluding CDS which overlaps existing RNA (repeat_region) at NZ_QNHG01000004.1:659851..660585 on + strand
[16:53:15] Excluding CDS which overlaps existing RNA (tRNA) at NZ_QNHG01000005.1:89992..91350 on - strand
[16:53:15] Excluding CDS which overlaps existing RNA (tRNA) at NZ_QNHG01000005.1:185231..186589 on - strand
[16:53:15] Excluding CDS which overlaps existing RNA (tRNA) at NZ_QNHG01000005.1:306325..307683 on - strand
[16:53:16] Excluding CDS which overlaps existing RNA (rRNA) at NZ_QNHG01000012.1:3517..3639 on + strand
[16:53:16] Found 5390 CDS
[16:53:16] Connecting features back to sequences
[16:53:16] Skipping genus-specific proteins as can't see /opt/anaconda3/envs/Prokka_Global/db/Pseudogemmobacter
[16:53:16] Annotating CDS, please be patient.
[16:53:16] Will use 20 CPUs for similarity searching.
[16:53:17] There are still 5390 unannotated CDS left (started with 5390)
[16:53:17] Will use blast to search against /opt/anaconda3/envs/Prokka_Global/db/kingdom/Bacteria/IS with 20 CPUs
[16:53:17] Running: cat gbk\/Cd\-10\/GCF_003290025\.1\.prokka\.IS\.tmp\.718363\.faa | parallel --gnu --plain -j 20 --block 40901 --recstart '>' --pipe blastp -query - -db /opt/anaconda3/envs/Prokka_Global/db/kingdom/Bacteria/IS -evalue 1e-30 -qcov_hsp_perc 90 -num_threads 1 -num_descriptions 1 -num_alignments 1 -seg no > gbk\/Cd\-10\/GCF_003290025\.1\.prokka\.IS\.tmp\.718363\.blast 2> /dev/null
[16:53:22] Deleting unwanted file: gbk/Cd-10/GCF_003290025.1.prokka.IS.tmp.718363.faa
[16:53:22] Deleting unwanted file: gbk/Cd-10/GCF_003290025.1.prokka.IS.tmp.718363.blast
[16:53:24] There are still 5328 unannotated CDS left (started with 5390)
[16:53:24] Will use blast to search against /opt/anaconda3/envs/Prokka_Global/db/kingdom/Bacteria/AMR with 20 CPUs
[16:53:24] Running: cat gbk\/Cd\-10\/GCF_003290025\.1\.prokka\.AMR\.tmp\.718363\.faa | parallel --gnu --plain -j 20 --block 40512 --recstart '>' --pipe blastp -query - -db /opt/anaconda3/envs/Prokka_Global/db/kingdom/Bacteria/AMR -evalue 1e-300 -qcov_hsp_perc 90 -num_threads 1 -num_descriptions 1 -num_alignments 1 -seg no > gbk\/Cd\-10\/GCF_003290025\.1\.prokka\.AMR\.tmp\.718363\.blast 2> /dev/null
[16:53:28] Deleting unwanted file: gbk/Cd-10/GCF_003290025.1.prokka.AMR.tmp.718363.faa
[16:53:28] Deleting unwanted file: gbk/Cd-10/GCF_003290025.1.prokka.AMR.tmp.718363.blast
[16:53:29] There are still 5328 unannotated CDS left (started with 5390)
[16:53:29] Will use blast to search against /opt/anaconda3/envs/Prokka_Global/db/kingdom/Bacteria/sprot with 20 CPUs
[16:53:29] Running: cat gbk\/Cd\-10\/GCF_003290025\.1\.prokka\.sprot\.tmp\.718363\.faa | parallel --gnu --plain -j 20 --block 40512 --recstart '>' --pipe blastp -query - -db /opt/anaconda3/envs/Prokka_Global/db/kingdom/Bacteria/sprot -evalue 1e-09 -qcov_hsp_perc 80 -num_threads 1 -num_descriptions 1 -num_alignments 1 -seg no > gbk\/Cd\-10\/GCF_003290025\.1\.prokka\.sprot\.tmp\.718363\.blast 2> /dev/null
[16:53:48] Modify product: Uncharacterized protein YqeY => putative protein YqeY
[16:53:48] Modify product: Probable cadmium-transporting ATPase => putative cadmium-transporting ATPase
[16:53:48] Modify product: Putative thiamine biosynthesis protein HI_0357 => Putative thiamine biosynthesis protein
[16:53:48] Modify product: Uncharacterized protein Atu1656 => putative protein
[16:53:48] Modify product: Uncharacterized protein Rv0897c => putative protein
[16:53:48] Modify product: Uncharacterized oxidoreductase YgfF => putative oxidoreductase YgfF
[16:53:48] Modify product: Probable N-methylproline demethylase => putative N-methylproline demethylase
[16:53:48] Modify product: Uncharacterized protein YcjX => putative protein YcjX
[16:53:48] Modify product: Uncharacterized HTH-type transcriptional regulator HI_1476 => putative HTH-type transcriptional regulator
[16:53:48] Modify product: UPF0053 inner membrane protein YoaE => hypothetical protein
[16:53:48] Modify product: Probable enoyl-CoA hydratase echA8 => putative enoyl-CoA hydratase echA8
[16:53:48] Modify product: Probable intracellular septation protein A => putative intracellular septation protein A
[16:53:48] Modify product: Probable lipoprotein YiaD => putative lipoprotein YiaD
[16:53:48] Modify product: Uncharacterized protein RP812 => putative protein RP812
[16:53:48] Modify product: Uncharacterized protein Rv1998c => putative protein
[16:53:48] Modify product: Probable cardiolipin synthase YwiE => putative cardiolipin synthase YwiE
[16:53:48] Modify product: Lactate-binding periplasmic protein TTHA0766 => Lactate-binding periplasmic protein
[16:53:48] Modify product: Uncharacterized protein HI_0103 => putative protein
[16:53:48] Modify product: Uncharacterized zinc protease Rv2782c => putative zinc protease
[16:53:48] Modify product: Uncharacterized protein HI_0131 => putative protein
[16:53:48] Modify product: Uncharacterized ABC transporter ATP-binding protein YejF => putative ABC transporter ATP-binding protein YejF
[16:53:48] Modify product: Probable ABC transporter ATP-binding/permease protein HI_0664 => putative ABC transporter ATP-binding/permease protein
[16:53:48] Modify product: Probable ABC transporter phosphonate/phosphite binding protein PhnD2 => putative ABC transporter phosphonate/phosphite binding protein PhnD2
[16:53:48] Modify product: UPF0098 protein YbcL => hypothetical protein
[16:53:48] Modify product: Uncharacterized aminopeptidase Rv1333 => putative aminopeptidase
[16:53:48] Modify product: Uncharacterized protein Rv2008c => putative protein
[16:53:48] Modify product: Uncharacterized periplasmic iron-binding protein HI_0362 => putative periplasmic iron-binding protein
[16:53:48] Modify product: UPF0335 protein CCNA_03428 => hypothetical protein
[16:53:48] Modify product: Putative thiamine biosynthesis protein HI_0357 => Putative thiamine biosynthesis protein
[16:53:49] Modify product: Uncharacterized protein Rv2569c => putative protein
[16:53:49] Modify product: Uncharacterized protein Rv2411c => putative protein
[16:53:49] Modify product: Putative formate dehydrogenase SA2102 => Putative formate dehydrogenase
[16:53:49] Modify product: Probable peptidoglycan D,D-transpeptidase FtsI => putative peptidoglycan D,D-transpeptidase FtsI
[16:53:49] Modify product: Uncharacterized zinc protease Rv2782c => putative zinc protease
[16:53:49] Modify product: Uncharacterized FAD-linked oxidoreductase Rv2280 => putative FAD-linked oxidoreductase
[16:53:49] Modify product: UPF0053 inner membrane protein YtfL => hypothetical protein
[16:53:49] Modify product: TelA-like protein SA1238 => TelA-like protein
[16:53:49] Modify product: UPF0173 metal-dependent hydrolase TM_1162 => hypothetical protein
[16:53:49] Modify product: Uncharacterized metal-dependent hydrolase YcfH => putative metal-dependent hydrolase YcfH
[16:53:49] Modify product: Probable multidrug ABC transporter permease YbhR => putative multidrug ABC transporter permease YbhR
[16:53:49] Modify product: Probable multidrug ABC transporter permease YbhS => putative multidrug ABC transporter permease YbhS
[16:53:49] Modify product: Probable multidrug ABC transporter ATP-binding protein YbhF => putative multidrug ABC transporter ATP-binding protein YbhF
[16:53:49] Modify product: UPF0194 membrane protein YbhG => hypothetical protein
[16:53:49] Modify product: UPF0701 protein HI_0467 => hypothetical protein
[16:53:49] Modify product: Probable FMNH2-dependent monooxygenase SfnC => putative FMNH2-dependent monooxygenase SfnC
[16:53:49] Modify product: Uncharacterized oxidoreductase YohF => putative oxidoreductase YohF
[16:53:49] Modify product: Uncharacterized protein Rv2569c => putative protein
[16:53:49] Modify product: Uncharacterized protein Rv2567 => putative protein
[16:53:49] Modify product: Probable dipeptidase PepE => putative dipeptidase PepE
[16:53:49] Modify product: Phosphorylated carbohydrates phosphatase TM_1254 => Phosphorylated carbohydrates phosphatase
[16:53:49] Modify product: Uncharacterized ABC transporter ATP-binding protein YejF => putative ABC transporter ATP-binding protein YejF
[16:53:49] Modify product: Cytochrome c oxidase subunit 1 homolog, bacteroid => Cytochrome c oxidase subunit 1 , bacteroid
[16:53:49] Modify product: Probable FMNH2-dependent monooxygenase SfnC => putative FMNH2-dependent monooxygenase SfnC
[16:53:49] Modify product: Probable chaperone CsaA => putative chaperone CsaA
[16:53:49] Modify product: Probable lipid II flippase MurJ => putative lipid II flippase MurJ
[16:53:49] Modify product: UPF0056 inner membrane protein YhgN => hypothetical protein
[16:53:49] Modify product: Uncharacterized ABC transporter ATP-binding protein YheS => putative ABC transporter ATP-binding protein YheS
[16:53:49] Modify product: Glycogen operon protein GlgX homolog => Glycogen operon protein GlgX 
[16:53:49] Modify product: Protein aq_1857 => Protein
[16:53:49] Modify product: Uncharacterized protein Rv2575 => putative protein
[16:53:49] Modify product: Phosphate-specific transport system accessory protein PhoU homolog => Phosphate-specific transport system accessory protein PhoU 
[16:53:49] Modify product: Probable ATP-dependent transporter SufC => putative ATP-dependent transporter SufC
[16:53:49] Modify product: UPF0102 protein RPA0323 => hypothetical protein
[16:53:49] Modify product: Probable cation-transporting ATPase F => putative cation-transporting ATPase F
[16:53:49] Modify product: UPF0758 protein => hypothetical protein
[16:53:49] Modify product: Probable parvulin-type peptidyl-prolyl cis-trans isomerase => putative parvulin-type peptidyl-prolyl cis-trans isomerase
[16:53:49] Modify product: Uncharacterized HTH-type transcriptional regulator Rv1985c => putative HTH-type transcriptional regulator
[16:53:49] Modify product: Uncharacterized MFS-type transporter YfcJ => putative MFS-type transporter YfcJ
[16:53:49] Modify product: Probable low molecular weight protein-tyrosine-phosphatase AmsI => putative low molecular weight protein-tyrosine-phosphatase AmsI
[16:53:49] Modify product: Probable copper-transporting ATPase PacS => putative copper-transporting ATPase PacS
[16:53:49] Modify product: Probable amino-acid permease protein YxeN => putative amino-acid permease protein YxeN
[16:53:49] Modify product: Protease HtpX homolog => Protease HtpX 
[16:53:49] Modify product: Probable GTPase Rv1496 => putative GTPase
[16:53:49] Modify product: Uncharacterized sugar transferase EpsL => putative sugar transferase EpsL
[16:53:49] Modify product: Probable glutaredoxin ssr2061 => putative glutaredoxin
[16:53:49] Modify product: Putative multidrug export ATP-binding/permease protein SAV1866 => Putative multidrug export ATP-binding/permease protein
[16:53:49] Modify product: UPF0178 protein YaiI => hypothetical protein
[16:53:49] Modify product: Probable multidrug ABC transporter permease YbhS => putative multidrug ABC transporter permease YbhS
[16:53:49] Modify product: Probable multidrug ABC transporter permease YbhR => putative multidrug ABC transporter permease YbhR
[16:53:49] Modify product: Uncharacterized ABC transporter permease Rv0072 => putative ABC transporter permease
[16:53:49] Modify product: Uncharacterized GST-like protein YibF => putative GST-like protein YibF
[16:53:49] Modify product: Acetyltransferase SACOL1063 => Acetyltransferase
[16:53:49] Modify product: Uncharacterized protein YncE => putative protein YncE
[16:53:49] Modify product: Uncharacterized HTH-type transcriptional regulator YdjF => putative HTH-type transcriptional regulator YdjF
[16:53:49] Modify product: Probable N-methylproline demethylase => putative N-methylproline demethylase
[16:53:49] Modify product: Uncharacterized protein HI_0933 => putative protein
[16:53:49] Modify product: Probable hydrolase YcaC => putative hydrolase YcaC
[16:53:49] Modify product: UPF0758 protein => hypothetical protein
[16:53:49] Modify product: Uncharacterized cysteine-rich protein YhjQ => putative cysteine-rich protein YhjQ
[16:53:49] Modify product: Bifunctional protein FolD => Bifunctional protein FolD protein
[16:53:49] Modify product: Bifunctional protein FolD => Bifunctional protein FolD protein
[16:53:49] Modify product: UPF0394 membrane protein XF_0766 => hypothetical protein
[16:53:49] Modify product: UPF0394 membrane protein XF_0765 => hypothetical protein
[16:53:49] Modify product: Probable sulfate transporter Rv1739c => putative sulfate transporter
[16:53:49] Modify product: Uncharacterized protein YjiK => putative protein YjiK
[16:53:49] Modify product: Probable transcriptional regulator PhnF => putative transcriptional regulator PhnF
[16:53:49] Modify product: Uncharacterized FAD-linked oxidoreductase Rv2280 => putative FAD-linked oxidoreductase
[16:53:49] Modify product: Uncharacterized protein YcgM => putative protein YcgM
[16:53:49] Modify product: UPF0126 inner membrane protein YadS => hypothetical protein
[16:53:49] Modify product: Probable membrane transporter protein YfcA => putative membrane transporter protein YfcA
[16:53:49] Modify product: Uncharacterized cysteine-rich protein YhjQ => putative cysteine-rich protein YhjQ
[16:53:49] Modify product: UPF0758 protein => hypothetical protein
[16:53:49] Modify product: Probable FMNH2-dependent monooxygenase SfnC => putative FMNH2-dependent monooxygenase SfnC
[16:53:49] Modify product: Probable 2-dehydro-3-deoxygalactonokinase DgoK1 => putative 2-dehydro-3-deoxygalactonokinase DgoK1
[16:53:49] Modify product: Uncharacterized protein YphB => putative protein YphB
[16:53:49] Modify product: Probable FMNH2-dependent monooxygenase SfnC => putative FMNH2-dependent monooxygenase SfnC
[16:53:49] Modify product: Probable sugar-binding periplasmic protein => putative sugar-binding periplasmic protein
[16:53:49] Modify product: Putative acyltransferase Rv0859 => Putative acyltransferase
[16:53:49] Modify product: PKHD-type hydroxylase Sbal_3634 => PKHD-type hydroxylase
[16:53:50] Modify product: Probable TonB-dependent receptor BfrD => putative TonB-dependent receptor BfrD
[16:53:50] Modify product: Uncharacterized cysteine-rich protein YhjQ => putative cysteine-rich protein YhjQ
[16:53:50] Modify product: Probable chromate transport protein => putative chromate transport protein
[16:53:50] Modify product: Putative anti-sigma factor antagonist TM_1442 => Putative anti-sigma factor antagonist
[16:53:50] Modify product: NAD(P)H-dependent FMN reductase PA1204 => NAD(P)H-dependent FMN reductase
[16:53:50] Modify product: UPF0301 protein VC_0467 => hypothetical protein
[16:53:50] Modify product: Probable manganese-dependent inorganic pyrophosphatase => putative manganese-dependent inorganic pyrophosphatase
[16:53:50] Modify product: Probable bifunctional SAT/APS kinase => putative bifunctional SAT/APS kinase
[16:53:50] Modify product: Probable manganese efflux pump MntP => putative manganese efflux pump MntP
[16:53:50] Modify product: 60 kDa SS-A/Ro ribonucleoprotein homolog => 60 kDa SS-A/Ro ribonucleoprotein 
[16:53:50] Modify product: UPF0335 protein CCNA_03428 => hypothetical protein
[16:53:50] Modify product: Purine-binding protein BAB2_0673 => Purine-binding protein
[16:53:50] Modify product: Uncharacterized zinc-type alcohol dehydrogenase-like protein YjmD => putative zinc-type alcohol dehydrogenase-like protein YjmD
[16:53:50] Modify product: Probable RNA polymerase sigma factor FecI => putative RNA polymerase sigma factor FecI
[16:53:50] Modify product: Purine-binding protein BAB2_0673 => Purine-binding protein
[16:53:50] Modify product: Uncharacterized HIT-like protein HP_0404 => putative HIT-like protein
[16:53:50] Modify product: Probable glycerol-3-phosphate acyltransferase => putative glycerol-3-phosphate acyltransferase
[16:53:50] Modify product: Probable 2-ketoarginine decarboxylase AruI => putative 2-ketoarginine decarboxylase AruI
[16:53:50] Modify product: Nucleotide-binding protein SA0720 => Nucleotide-binding protein
[16:53:50] Modify product: Probable 3-hydroxybutyryl-CoA dehydrogenase => putative 3-hydroxybutyryl-CoA dehydrogenase
[16:53:50] Modify product: Probable GTP-binding protein EngB => putative GTP-binding protein EngB
[16:53:50] Modify product: Uncharacterized protein Rv1276c => putative protein
[16:53:50] Modify product: Probable siderophore transport system ATP-binding protein YusV => putative siderophore transport system ATP-binding protein YusV
[16:53:50] Modify product: Probable siderophore transport system permease protein YfiZ => putative siderophore transport system permease protein YfiZ
[16:53:50] Modify product: Probable siderophore transport system permease protein YfhA => putative siderophore transport system permease protein YfhA
[16:53:50] Modify product: Uncharacterized protein YbaA => putative protein YbaA
[16:53:50] Modify product: Probable ribonucleotide transport ATP-binding protein mkl => putative ribonucleotide transport ATP-binding protein mkl
[16:53:50] Modify product: Uncharacterized oxidoreductase SA2266 => putative oxidoreductase
[16:53:50] Modify product: Putative multidrug export ATP-binding/permease protein SAV1866 => Putative multidrug export ATP-binding/permease protein
[16:53:50] Modify product: Probable peptidoglycan glycosyltransferase FtsW => putative peptidoglycan glycosyltransferase FtsW
[16:53:50] Modify product: Cytochrome b561 homolog 2 => Cytochrome b561 
[16:53:50] Modify product: Solute-binding protein SPO1773 => Solute-binding protein
[16:53:50] Modify product: Probable multidrug ABC transporter permease YbhR => putative multidrug ABC transporter permease YbhR
[16:53:50] Modify product: Probable cation-transporting ATPase F => putative cation-transporting ATPase F
[16:53:50] Modify product: Probable efflux pump periplasmic linker TtgA => putative efflux pump periplasmic linker TtgA
[16:53:50] Modify product: UPF0194 membrane protein YbhG => hypothetical protein
[16:53:50] Modify product: Leu/Ile/Val-binding protein homolog 3 => Leu/Ile/Val-binding protein 
[16:53:50] Modify product: Solute-binding protein Veis_3954 => Solute-binding protein
[16:53:50] Modify product: Uncharacterized oxidoreductase YjmC => putative oxidoreductase YjmC
[16:53:50] Modify product: Probable 2-dehydro-3-deoxygalactonokinase DgoK1 => putative 2-dehydro-3-deoxygalactonokinase DgoK1
[16:53:50] Modify product: Uncharacterized HTH-type transcriptional regulator RhmR => putative HTH-type transcriptional regulator RhmR
[16:53:50] Modify product: Probable succinyl-CoA:3-ketoacid coenzyme A transferase subunit B => putative succinyl-CoA:3-ketoacid coenzyme A transferase subunit B
[16:53:50] Modify product: Probable succinyl-CoA:3-ketoacid coenzyme A transferase subunit A => putative succinyl-CoA:3-ketoacid coenzyme A transferase subunit A
[16:53:50] Modify product: Putative multidrug export ATP-binding/permease protein SAV1866 => Putative multidrug export ATP-binding/permease protein
[16:53:50] Modify product: Probable 4-hydroxyproline 2-epimerase => putative 4-hydroxyproline 2-epimerase
[16:53:50] Modify product: Probable siderophore transport system permease protein YfhA => putative siderophore transport system permease protein YfhA
[16:53:50] Cleaned 155 /product names
[16:53:50] Deleting unwanted file: gbk/Cd-10/GCF_003290025.1.prokka.sprot.tmp.718363.faa
[16:53:50] Deleting unwanted file: gbk/Cd-10/GCF_003290025.1.prokka.sprot.tmp.718363.blast
[16:53:51] There are still 3070 unannotated CDS left (started with 5390)
[16:53:51] Will use hmmer3 to search against /opt/anaconda3/envs/Prokka_Global/db/hmm/HAMAP.hmm with 20 CPUs
[16:53:51] Running: cat gbk\/Cd\-10\/GCF_003290025\.1\.prokka\.HAMAP\.hmm\.tmp\.718363\.faa | parallel --gnu --plain -j 20 --block 20267 --recstart '>' --pipe hmmscan --noali --notextw --acc -E 1e-09 --cpu 1 /opt/anaconda3/envs/Prokka_Global/db/hmm/HAMAP.hmm /dev/stdin > gbk\/Cd\-10\/GCF_003290025\.1\.prokka\.HAMAP\.hmm\.tmp\.718363\.hmmer3 2> /dev/null
[16:54:08] Modify product: Uncharacterized MFS-type transporter YcaD => putative MFS-type transporter YcaD
[16:54:08] Modify product: Uncharacterized Nudix hydrolase NudL => putative Nudix hydrolase NudL
[16:54:08] Cleaned 2 /product names
[16:54:08] Deleting unwanted file: gbk/Cd-10/GCF_003290025.1.prokka.HAMAP.hmm.tmp.718363.faa
[16:54:08] Deleting unwanted file: gbk/Cd-10/GCF_003290025.1.prokka.HAMAP.hmm.tmp.718363.hmmer3
[16:54:08] Labelling remaining 2724 proteins as 'hypothetical protein'
[16:54:08] Possible /pseudo 'Protein YceI' at NZ_QNHG01000001.1 position 565716
[16:54:08] Possible /pseudo 'Nopaline-binding periplasmic protein' at NZ_QNHG01000001.1 position 645114
[16:54:08] Possible /pseudo '4-methylaminobutanoate oxidase (formaldehyde-forming)' at NZ_QNHG01000001.1 position 854495
[16:54:08] Possible /pseudo 'Copper-transporting P-type ATPase' at NZ_QNHG01000001.1 position 1035475
[16:54:08] Possible /pseudo 'Manganese transport system membrane protein MntB' at NZ_QNHG01000001.1 position 1311649
[16:54:08] Possible /pseudo 'Tyrosine recombinase XerC' at NZ_QNHG01000001.1 position 1560989
[16:54:08] Possible /pseudo 'Carnitine monooxygenase oxygenase subunit' at NZ_QNHG01000002.1 position 15453
[16:54:08] Possible /pseudo 'IS1182 family transposase ISPye55' at NZ_QNHG01000002.1 position 53327
[16:54:08] Possible /pseudo 'Methionine synthase' at NZ_QNHG01000002.1 position 276616
[16:54:08] Possible /pseudo 'HTH-type transcriptional regulator ZntR' at NZ_QNHG01000002.1 position 434389
[16:54:08] Possible /pseudo 'Flagellar basal-body rod protein FlgG' at NZ_QNHG01000002.1 position 639278
[16:54:08] Possible /pseudo '4-methylaminobutanoate oxidase (formaldehyde-forming)' at NZ_QNHG01000002.1 position 650259
[16:54:08] Possible /pseudo 'putative protein' at NZ_QNHG01000002.1 position 683852
[16:54:08] Possible /pseudo 'UDP-glucose 4-epimerase' at NZ_QNHG01000002.1 position 693678
[16:54:08] Possible /pseudo 'GTPase Der' at NZ_QNHG01000002.1 position 749713
[16:54:08] Possible /pseudo 'L-arabinose transport system permease protein AraH' at NZ_QNHG01000002.1 position 798930
[16:54:08] Possible /pseudo 'Putative aliphatic sulfonates transport permease protein SsuC' at NZ_QNHG01000002.1 position 860080
[16:54:08] Possible /pseudo 'Ribose import permease protein RbsC' at NZ_QNHG01000002.1 position 916878
[16:54:08] Possible /pseudo 'IS1182 family transposase ISPye55' at NZ_QNHG01000003.1 position 108779
[16:54:08] Possible /pseudo '3-deoxy-D-manno-octulosonic acid transferase' at NZ_QNHG01000003.1 position 848868
[16:54:08] Possible /pseudo 'Vitamin B12 transporter BtuB' at NZ_QNHG01000004.1 position 32817
[16:54:08] Possible /pseudo 'Uracil-DNA glycosylase' at NZ_QNHG01000004.1 position 150773
[16:54:08] Possible /pseudo 'IS1182 family transposase ISPye55' at NZ_QNHG01000004.1 position 213610
[16:54:08] Possible /pseudo 'Formate dehydrogenase-O major subunit' at NZ_QNHG01000004.1 position 319514
[16:54:08] Possible /pseudo 'Bifunctional protein FolD protein' at NZ_QNHG01000004.1 position 354462
[16:54:08] Possible /pseudo 'Tyrosine recombinase XerC' at NZ_QNHG01000005.1 position 222635
[16:54:08] Possible /pseudo 'Tyrosine recombinase XerC' at NZ_QNHG01000008.1 position 40735
[16:54:08] Possible /pseudo 'IS3 family transposase ISPye42' at NZ_QNHG01000008.1 position 125642
[16:54:08] Possible /pseudo 'Protein ImuB' at NZ_QNHG01000008.1 position 139845
[16:54:08] Found 1712 unique /gene codes.
[16:54:08] Fixed 5 duplicate /gene - oxyR_1 oxyR_2 oxyR_3 oxyR_4 oxyR_5
[16:54:08] Fixed 3 duplicate /gene - fabF_1 fabF_2 fabF_3
[16:54:08] Fixed 2 duplicate /gene - spuC_1 spuC_2
[16:54:08] Fixed 2 duplicate /gene - degP_1 degP_2
[16:54:08] Fixed 9 duplicate /gene - actP_1 actP_2 actP_3 actP_4 actP_5 actP_6 actP_7 actP_8 actP_9
[16:54:08] Fixed 2 duplicate /gene - ucpA_1 ucpA_2
[16:54:08] Fixed 3 duplicate /gene - soxD_1 soxD_2 soxD_3
[16:54:08] Fixed 2 duplicate /gene - murJ_1 murJ_2
[16:54:08] Fixed 2 duplicate /gene - mdtA_1 mdtA_2
[16:54:08] Fixed 4 duplicate /gene - fabI_1 fabI_2 fabI_3 fabI_4
[16:54:08] Fixed 2 duplicate /gene - regB_1 regB_2
[16:54:08] Fixed 3 duplicate /gene - iolE_1 iolE_2 iolE_3
[16:54:08] Fixed 4 duplicate /gene - cysA_1 cysA_2 cysA_3 cysA_4
[16:54:08] Fixed 2 duplicate /gene - cpoB_1 cpoB_2
[16:54:08] Fixed 9 duplicate /gene - abo_1 abo_2 abo_3 abo_4 abo_5 abo_6 abo_7 abo_8 abo_9
[16:54:08] Fixed 5 duplicate /gene - der_1 der_2 der_3 der_4 der_5
[16:54:08] Fixed 2 duplicate /gene - hmuU_1 hmuU_2
[16:54:08] Fixed 2 duplicate /gene - xthA_1 xthA_2
[16:54:08] Fixed 5 duplicate /gene - menH_1 menH_2 menH_3 menH_4 menH_5
[16:54:08] Fixed 2 duplicate /gene - phoP_1 phoP_2
[16:54:08] Fixed 5 duplicate /gene - rhaR_1 rhaR_2 rhaR_3 rhaR_4 rhaR_5
[16:54:08] Fixed 3 duplicate /gene - deoR_1 deoR_2 deoR_3
[16:54:08] Fixed 4 duplicate /gene - mtgB_1 mtgB_2 mtgB_3 mtgB_4
[16:54:08] Fixed 2 duplicate /gene - metQ_1 metQ_2
[16:54:08] Fixed 3 duplicate /gene - hisC_1 hisC_2 hisC_3
[16:54:08] Fixed 3 duplicate /gene - ngcG_1 ngcG_2 ngcG_3
[16:54:08] Fixed 2 duplicate /gene - COQ5_1 COQ5_2
[16:54:08] Fixed 2 duplicate /gene - trkA_1 trkA_2
[16:54:08] Fixed 8 duplicate /gene - rbsA_1 rbsA_2 rbsA_3 rbsA_4 rbsA_5 rbsA_6 rbsA_7 rbsA_8
[16:54:08] Fixed 2 duplicate /gene - nrtD_1 nrtD_2
[16:54:08] Fixed 2 duplicate /gene - oleD_1 oleD_2
[16:54:08] Fixed 3 duplicate /gene - hexR_1 hexR_2 hexR_3
[16:54:08] Fixed 2 duplicate /gene - hbpA_1 hbpA_2
[16:54:08] Fixed 2 duplicate /gene - mrpB_1 mrpB_2
[16:54:08] Fixed 2 duplicate /gene - eda_1 eda_2
[16:54:08] Fixed 2 duplicate /gene - gap3_1 gap3_2
[16:54:08] Fixed 2 duplicate /gene - dpnM_1 dpnM_2
[16:54:08] Fixed 2 duplicate /gene - cheB_1 cheB_2
[16:54:08] Fixed 2 duplicate /gene - ndhC_1 ndhC_2
[16:54:08] Fixed 2 duplicate /gene - phnV_1 phnV_2
[16:54:08] Fixed 2 duplicate /gene - atpG_1 atpG_2
[16:54:08] Fixed 2 duplicate /gene - arnB_1 arnB_2
[16:54:08] Fixed 2 duplicate /gene - gloB_1 gloB_2
[16:54:08] Fixed 2 duplicate /gene - garL_1 garL_2
[16:54:08] Fixed 2 duplicate /gene - fumC_1 fumC_2
[16:54:08] Fixed 2 duplicate /gene - ttgB_1 ttgB_2
[16:54:08] Fixed 4 duplicate /gene - tlpA_1 tlpA_2 tlpA_3 tlpA_4
[16:54:08] Fixed 2 duplicate /gene - ackA_1 ackA_2
[16:54:08] Fixed 2 duplicate /gene - malT_1 malT_2
[16:54:08] Fixed 4 duplicate /gene - pgrR_1 pgrR_2 pgrR_3 pgrR_4
[16:54:08] Fixed 6 duplicate /gene - gdh_1 gdh_2 gdh_3 gdh_4 gdh_5 gdh_6
[16:54:08] Fixed 2 duplicate /gene - mpdB_1 mpdB_2
[16:54:08] Fixed 5 duplicate /gene - xylB_1 xylB_2 xylB_3 xylB_4 xylB_5
[16:54:08] Fixed 2 duplicate /gene - hpsN_1 hpsN_2
[16:54:08] Fixed 2 duplicate /gene - traG_1 traG_2
[16:54:08] Fixed 2 duplicate /gene - suyB_1 suyB_2
[16:54:08] Fixed 2 duplicate /gene - flgG_1 flgG_2
[16:54:08] Fixed 3 duplicate /gene - gcvA_1 gcvA_2 gcvA_3
[16:54:08] Fixed 2 duplicate /gene - rutC_1 rutC_2
[16:54:08] Fixed 2 duplicate /gene - dgdA_1 dgdA_2
[16:54:08] Fixed 4 duplicate /gene - arcC1_1 arcC1_2 arcC1_3 arcC1_4
[16:54:08] Fixed 3 duplicate /gene - purF_1 purF_2 purF_3
[16:54:08] Fixed 2 duplicate /gene - quiA_1 quiA_2
[16:54:08] Fixed 2 duplicate /gene - pleD_1 pleD_2
[16:54:08] Fixed 2 duplicate /gene - tufA_1 tufA_2
[16:54:08] Fixed 6 duplicate /gene - ugpC_1 ugpC_2 ugpC_3 ugpC_4 ugpC_5 ugpC_6
[16:54:08] Fixed 2 duplicate /gene - yceI_1 yceI_2
[16:54:08] Fixed 2 duplicate /gene - dppB_1 dppB_2
[16:54:08] Fixed 2 duplicate /gene - malK_1 malK_2
[16:54:08] Fixed 4 duplicate /gene - vapC_1 vapC_2 vapC_3 vapC_4
[16:54:08] Fixed 4 duplicate /gene - sfnC_1 sfnC_2 sfnC_3 sfnC_4
[16:54:08] Fixed 3 duplicate /gene - xylH_1 xylH_2 xylH_3
[16:54:08] Fixed 2 duplicate /gene - cbbZC_1 cbbZC_2
[16:54:08] Fixed 2 duplicate /gene - dnaK_1 dnaK_2
[16:54:08] Fixed 4 duplicate /gene - araB_1 araB_2 araB_3 araB_4
[16:54:08] Fixed 6 duplicate /gene - gsiA_1 gsiA_2 gsiA_3 gsiA_4 gsiA_5 gsiA_6
[16:54:08] Fixed 2 duplicate /gene - comC_1 comC_2
[16:54:08] Fixed 2 duplicate /gene - priA_1 priA_2
[16:54:08] Fixed 2 duplicate /gene - sucD_1 sucD_2
[16:54:08] Fixed 2 duplicate /gene - katG_1 katG_2
[16:54:08] Fixed 4 duplicate /gene - mmcO_1 mmcO_2 mmcO_3 mmcO_4
[16:54:08] Fixed 2 duplicate /gene - recF_1 recF_2
[16:54:08] Fixed 2 duplicate /gene - fdhE_1 fdhE_2
[16:54:08] Fixed 9 duplicate /gene - potB_1 potB_2 potB_3 potB_4 potB_5 potB_6 potB_7 potB_8 potB_9
[16:54:08] Fixed 6 duplicate /gene - livF_1 livF_2 livF_3 livF_4 livF_5 livF_6
[16:54:08] Fixed 2 duplicate /gene - purR_1 purR_2
[16:54:08] Fixed 3 duplicate /gene - betB_1 betB_2 betB_3
[16:54:08] Fixed 2 duplicate /gene - hisM_1 hisM_2
[16:54:08] Fixed 4 duplicate /gene - xerD_1 xerD_2 xerD_3 xerD_4
[16:54:08] Fixed 4 duplicate /gene - aptB_1 aptB_2 aptB_3 aptB_4
[16:54:08] Fixed 3 duplicate /gene - arsC_1 arsC_2 arsC_3
[16:54:08] Fixed 2 duplicate /gene - mshA_1 mshA_2
[16:54:08] Fixed 2 duplicate /gene - potH_1 potH_2
[16:54:08] Fixed 2 duplicate /gene - mntB_1 mntB_2
[16:54:08] Fixed 2 duplicate /gene - thpA_1 thpA_2
[16:54:08] Fixed 2 duplicate /gene - bepA_1 bepA_2
[16:54:08] Fixed 2 duplicate /gene - qseC_1 qseC_2
[16:54:08] Fixed 4 duplicate /gene - mepM_1 mepM_2 mepM_3 mepM_4
[16:54:08] Fixed 5 duplicate /gene - araH_1 araH_2 araH_3 araH_4 araH_5
[16:54:08] Fixed 8 duplicate /gene - macA_1 macA_2 macA_3 macA_4 macA_5 macA_6 macA_7 macA_8
[16:54:08] Fixed 2 duplicate /gene - hisN_1 hisN_2
[16:54:08] Fixed 2 duplicate /gene - fdxA_1 fdxA_2
[16:54:08] Fixed 2 duplicate /gene - mrpE_1 mrpE_2
[16:54:08] Fixed 2 duplicate /gene - ybjJ_1 ybjJ_2
[16:54:08] Fixed 2 duplicate /gene - crt_1 crt_2
[16:54:08] Fixed 2 duplicate /gene - frcA_1 frcA_2
[16:54:08] Fixed 3 duplicate /gene - fecE_1 fecE_2 fecE_3
[16:54:08] Fixed 2 duplicate /gene - sugA_1 sugA_2
[16:54:08] Fixed 2 duplicate /gene - nuoK_1 nuoK_2
[16:54:08] Fixed 3 duplicate /gene - soxB_1 soxB_2 soxB_3
[16:54:08] Fixed 3 duplicate /gene - yhjQ_1 yhjQ_2 yhjQ_3
[16:54:08] Fixed 2 duplicate /gene - blh_1 blh_2
[16:54:08] Fixed 3 duplicate /gene - ybhR_1 ybhR_2 ybhR_3
[16:54:08] Fixed 2 duplicate /gene - lsrA_1 lsrA_2
[16:54:08] Fixed 3 duplicate /gene - metH_1 metH_2 metH_3
[16:54:08] Fixed 5 duplicate /gene - msmX_1 msmX_2 msmX_3 msmX_4 msmX_5
[16:54:08] Fixed 5 duplicate /gene - argF_1 argF_2 argF_3 argF_4 argF_5
[16:54:08] Fixed 4 duplicate /gene - puuB_1 puuB_2 puuB_3 puuB_4
[16:54:08] Fixed 2 duplicate /gene - mdtC_1 mdtC_2
[16:54:08] Fixed 2 duplicate /gene - braC_1 braC_2
[16:54:08] Fixed 2 duplicate /gene - prsE_1 prsE_2
[16:54:08] Fixed 10 duplicate /gene - fabG_1 fabG_2 fabG_3 fabG_4 fabG_5 fabG_6 fabG_7 fabG_8 fabG_9 fabG_10
[16:54:08] Fixed 2 duplicate /gene - lsrF_1 lsrF_2
[16:54:08] Fixed 2 duplicate /gene - ftsH_1 ftsH_2
[16:54:08] Fixed 2 duplicate /gene - fucU_1 fucU_2
[16:54:08] Fixed 2 duplicate /gene - alkB2_1 alkB2_2
[16:54:08] Fixed 3 duplicate /gene - cspA_1 cspA_2 cspA_3
[16:54:08] Fixed 2 duplicate /gene - pxpB_1 pxpB_2
[16:54:08] Fixed 2 duplicate /gene - dacC_1 dacC_2
[16:54:08] Fixed 2 duplicate /gene - rssB_1 rssB_2
[16:54:08] Fixed 4 duplicate /gene - mrpD_1 mrpD_2 mrpD_3 mrpD_4
[16:54:08] Fixed 2 duplicate /gene - menE_1 menE_2
[16:54:08] Fixed 2 duplicate /gene - yajO_1 yajO_2
[16:54:08] Fixed 2 duplicate /gene - dgoK1_1 dgoK1_2
[16:54:08] Fixed 2 duplicate /gene - acuI_1 acuI_2
[16:54:08] Fixed 2 duplicate /gene - zntR_1 zntR_2
[16:54:08] Fixed 4 duplicate /gene - nfdA_1 nfdA_2 nfdA_3 nfdA_4
[16:54:08] Fixed 6 duplicate /gene - mglA_1 mglA_2 mglA_3 mglA_4 mglA_5 mglA_6
[16:54:08] Fixed 3 duplicate /gene - pgl_1 pgl_2 pgl_3
[16:54:08] Fixed 2 duplicate /gene - ibpA_1 ibpA_2
[16:54:08] Fixed 17 duplicate /gene - rbsC_1 rbsC_2 rbsC_3 rbsC_4 rbsC_5 rbsC_6 rbsC_7 rbsC_8 rbsC_9 rbsC_10 rbsC_11 rbsC_12 rbsC_13 rbsC_14 rbsC_15 rbsC_16 rbsC_17
[16:54:08] Fixed 2 duplicate /gene - rhlE_1 rhlE_2
[16:54:08] Fixed 2 duplicate /gene - yhjE_1 yhjE_2
[16:54:08] Fixed 2 duplicate /gene - cysW_1 cysW_2
[16:54:08] Fixed 4 duplicate /gene - hmrR_1 hmrR_2 hmrR_3 hmrR_4
[16:54:08] Fixed 2 duplicate /gene - pcm_1 pcm_2
[16:54:08] Fixed 10 duplicate /gene - ydcV_1 ydcV_2 ydcV_3 ydcV_4 ydcV_5 ydcV_6 ydcV_7 ydcV_8 ydcV_9 ydcV_10
[16:54:08] Fixed 2 duplicate /gene - gbsA_1 gbsA_2
[16:54:08] Fixed 6 duplicate /gene - noc_1 noc_2 noc_3 noc_4 noc_5 noc_6
[16:54:08] Fixed 2 duplicate /gene - groL_1 groL_2
[16:54:08] Fixed 3 duplicate /gene - glnP_1 glnP_2 glnP_3
[16:54:08] Fixed 6 duplicate /gene - alkJ_1 alkJ_2 alkJ_3 alkJ_4 alkJ_5 alkJ_6
[16:54:08] Fixed 2 duplicate /gene - accC_1 accC_2
[16:54:08] Fixed 2 duplicate /gene - nth_1 nth_2
[16:54:08] Fixed 2 duplicate /gene - rfnT_1 rfnT_2
[16:54:08] Fixed 3 duplicate /gene - pepA_1 pepA_2 pepA_3
[16:54:08] Fixed 2 duplicate /gene - waaA_1 waaA_2
[16:54:08] Fixed 2 duplicate /gene - gltX_1 gltX_2
[16:54:08] Fixed 2 duplicate /gene - dauA_1 dauA_2
[16:54:08] Fixed 2 duplicate /gene - purC_1 purC_2
[16:54:08] Fixed 2 duplicate /gene - surA_1 surA_2
[16:54:08] Fixed 2 duplicate /gene - proV_1 proV_2
[16:54:08] Fixed 2 duplicate /gene - dapE_1 dapE_2
[16:54:08] Fixed 3 duplicate /gene - thiE_1 thiE_2 thiE_3
[16:54:08] Fixed 3 duplicate /gene - imuB_1 imuB_2 imuB_3
[16:54:08] Fixed 2 duplicate /gene - flhA_1 flhA_2
[16:54:08] Fixed 7 duplicate /gene - hdfR_1 hdfR_2 hdfR_3 hdfR_4 hdfR_5 hdfR_6 hdfR_7
[16:54:08] Fixed 2 duplicate /gene - uhpA_1 uhpA_2
[16:54:08] Fixed 2 duplicate /gene - rsmB_1 rsmB_2
[16:54:08] Fixed 2 duplicate /gene - gppA_1 gppA_2
[16:54:08] Fixed 2 duplicate /gene - kpsT_1 kpsT_2
[16:54:08] Fixed 2 duplicate /gene - adh_1 adh_2
[16:54:08] Fixed 3 duplicate /gene - dadA1_1 dadA1_2 dadA1_3
[16:54:08] Fixed 2 duplicate /gene - kdsD_1 kdsD_2
[16:54:08] Fixed 2 duplicate /gene - apc4_1 apc4_2
[16:54:08] Fixed 2 duplicate /gene - nuoH_1 nuoH_2
[16:54:08] Fixed 2 duplicate /gene - clpA_1 clpA_2
[16:54:08] Fixed 4 duplicate /gene - recD2_1 recD2_2 recD2_3 recD2_4
[16:54:08] Fixed 3 duplicate /gene - lspA_1 lspA_2 lspA_3
[16:54:08] Fixed 2 duplicate /gene - dgoA_1 dgoA_2
[16:54:08] Fixed 3 duplicate /gene - yieH_1 yieH_2 yieH_3
[16:54:08] Fixed 2 duplicate /gene - ubiL_1 ubiL_2
[16:54:08] Fixed 3 duplicate /gene - bacC_1 bacC_2 bacC_3
[16:54:08] Fixed 2 duplicate /gene - gyrB_1 gyrB_2
[16:54:08] Fixed 2 duplicate /gene - thiD_1 thiD_2
[16:54:08] Fixed 5 duplicate /gene - gsiC_1 gsiC_2 gsiC_3 gsiC_4 gsiC_5
[16:54:08] Fixed 2 duplicate /gene - hipO_1 hipO_2
[16:54:08] Fixed 3 duplicate /gene - cfa_1 cfa_2 cfa_3
[16:54:08] Fixed 2 duplicate /gene - yfhA_1 yfhA_2
[16:54:08] Fixed 2 duplicate /gene - uctC_1 uctC_2
[16:54:08] Fixed 2 duplicate /gene - rfbC_1 rfbC_2
[16:54:08] Fixed 3 duplicate /gene - Hgd_1 Hgd_2 Hgd_3
[16:54:08] Fixed 3 duplicate /gene - puuA_1 puuA_2 puuA_3
[16:54:08] Fixed 2 duplicate /gene - nsrR_1 nsrR_2
[16:54:08] Fixed 2 duplicate /gene - fadJ_1 fadJ_2
[16:54:08] Fixed 5 duplicate /gene - mcbR_1 mcbR_2 mcbR_3 mcbR_4 mcbR_5
[16:54:08] Fixed 2 duplicate /gene - suhB_1 suhB_2
[16:54:08] Fixed 2 duplicate /gene - fadA_1 fadA_2
[16:54:08] Fixed 2 duplicate /gene - lldD_1 lldD_2
[16:54:08] Fixed 2 duplicate /gene - mltC_1 mltC_2
[16:54:08] Fixed 2 duplicate /gene - pld1_1 pld1_2
[16:54:08] Fixed 2 duplicate /gene - metI_1 metI_2
[16:54:08] Fixed 3 duplicate /gene - gldA_1 gldA_2 gldA_3
[16:54:08] Fixed 3 duplicate /gene - soxA_1 soxA_2 soxA_3
[16:54:08] Fixed 5 duplicate /gene - sugB_1 sugB_2 sugB_3 sugB_4 sugB_5
[16:54:08] Fixed 2 duplicate /gene - nocT_1 nocT_2
[16:54:08] Fixed 2 duplicate /gene - dmdC_1 dmdC_2
[16:54:08] Fixed 2 duplicate /gene - hisB_1 hisB_2
[16:54:08] Fixed 2 duplicate /gene - cntA_1 cntA_2
[16:54:08] Fixed 2 duplicate /gene - dhaL-2_1 dhaL-2_2
[16:54:08] Fixed 4 duplicate /gene - mrdA_1 mrdA_2 mrdA_3 mrdA_4
[16:54:08] Fixed 2 duplicate /gene - metN_1 metN_2
[16:54:08] Fixed 2 duplicate /gene - cntI_1 cntI_2
[16:54:08] Fixed 6 duplicate /gene - macB_1 macB_2 macB_3 macB_4 macB_5 macB_6
[16:54:08] Fixed 2 duplicate /gene - mrpG_1 mrpG_2
[16:54:08] Fixed 2 duplicate /gene - dnaE2_1 dnaE2_2
[16:54:08] Fixed 5 duplicate /gene - ssuC_1 ssuC_2 ssuC_3 ssuC_4 ssuC_5
[16:54:08] Fixed 2 duplicate /gene - mrpC_1 mrpC_2
[16:54:08] Fixed 3 duplicate /gene - caiD_1 caiD_2 caiD_3
[16:54:08] Fixed 2 duplicate /gene - ctaE_1 ctaE_2
[16:54:08] Fixed 2 duplicate /gene - rbn_1 rbn_2
[16:54:08] Fixed 2 duplicate /gene - glnB_1 glnB_2
[16:54:08] Fixed 3 duplicate /gene - hcaB_1 hcaB_2 hcaB_3
[16:54:08] Fixed 2 duplicate /gene - ipuC_1 ipuC_2
[16:54:08] Fixed 2 duplicate /gene - moeA_1 moeA_2
[16:54:08] Fixed 2 duplicate /gene - cirA_1 cirA_2
[16:54:08] Fixed 3 duplicate /gene - puuR_1 puuR_2 puuR_3
[16:54:08] Fixed 4 duplicate /gene - ribN_1 ribN_2 ribN_3 ribN_4
[16:54:08] Fixed 3 duplicate /gene - dmoA_1 dmoA_2 dmoA_3
[16:54:08] Fixed 3 duplicate /gene - ndhB_1 ndhB_2 ndhB_3
[16:54:08] Fixed 2 duplicate /gene - pxpA_1 pxpA_2
[16:54:08] Fixed 2 duplicate /gene - folD_1 folD_2
[16:54:08] Fixed 2 duplicate /gene - cobO_1 cobO_2
[16:54:08] Fixed 2 duplicate /gene - prmC_1 prmC_2
[16:54:08] Fixed 3 duplicate /gene - virD4_1 virD4_2 virD4_3
[16:54:08] Fixed 2 duplicate /gene - apnO_1 apnO_2
[16:54:08] Fixed 2 duplicate /gene - ybhS_1 ybhS_2
[16:54:08] Fixed 3 duplicate /gene - fixK_1 fixK_2 fixK_3
[16:54:08] Fixed 3 duplicate /gene - bdhA_1 bdhA_2 bdhA_3
[16:54:08] Fixed 3 duplicate /gene - petJ_1 petJ_2 petJ_3
[16:54:08] Fixed 3 duplicate /gene - xylG_1 xylG_2 xylG_3
[16:54:08] Fixed 3 duplicate /gene - dctM_1 dctM_2 dctM_3
[16:54:08] Fixed 2 duplicate /gene - fni_1 fni_2
[16:54:08] Fixed 2 duplicate /gene - dppC_1 dppC_2
[16:54:08] Fixed 3 duplicate /gene - fitB_1 fitB_2 fitB_3
[16:54:08] Fixed 2 duplicate /gene - nylA_1 nylA_2
[16:54:08] Fixed 2 duplicate /gene - adh1_1 adh1_2
[16:54:08] Fixed 5 duplicate /gene - lrp_1 lrp_2 lrp_3 lrp_4 lrp_5
[16:54:08] Fixed 2 duplicate /gene - ctpF_1 ctpF_2
[16:54:08] Fixed 2 duplicate /gene - rspR_1 rspR_2
[16:54:08] Fixed 3 duplicate /gene - sufS_1 sufS_2 sufS_3
[16:54:08] Fixed 2 duplicate /gene - yejF_1 yejF_2
[16:54:08] Fixed 2 duplicate /gene - glyA2_1 glyA2_2
[16:54:08] Fixed 2 duplicate /gene - glnT_1 glnT_2
[16:54:08] Fixed 2 duplicate /gene - aspA_1 aspA_2
[16:54:08] Fixed 2 duplicate /gene - mnhC1_1 mnhC1_2
[16:54:08] Fixed 2 duplicate /gene - glmM_1 glmM_2
[16:54:08] Fixed 2 duplicate /gene - nanR_1 nanR_2
[16:54:08] Fixed 3 duplicate /gene - sigR_1 sigR_2 sigR_3
[16:54:08] Fixed 6 duplicate /gene - arcA_1 arcA_2 arcA_3 arcA_4 arcA_5 arcA_6
[16:54:08] Fixed 2 duplicate /gene - rhtB_1 rhtB_2
[16:54:08] Fixed 5 duplicate /gene - araG_1 araG_2 araG_3 araG_4 araG_5
[16:54:08] Fixed 2 duplicate /gene - nuoN_1 nuoN_2
[16:54:08] Fixed 2 duplicate /gene - livQ_1 livQ_2
[16:54:08] Fixed 14 duplicate /gene - btuD_1 btuD_2 btuD_3 btuD_4 btuD_5 btuD_6 btuD_7 btuD_8 btuD_9 btuD_10 btuD_11 btuD_12 btuD_13 btuD_14
[16:54:08] Fixed 7 duplicate /gene - hvrA_1 hvrA_2 hvrA_3 hvrA_4 hvrA_5 hvrA_6 hvrA_7
[16:54:08] Fixed 2 duplicate /gene - araC_1 araC_2
[16:54:08] Fixed 7 duplicate /gene - melD_1 melD_2 melD_3 melD_4 melD_5 melD_6 melD_7
[16:54:08] Fixed 4 duplicate /gene - ssb_1 ssb_2 ssb_3 ssb_4
[16:54:08] Fixed 5 duplicate /gene - gsiD_1 gsiD_2 gsiD_3 gsiD_4 gsiD_5
[16:54:08] Fixed 2 duplicate /gene - hemL_1 hemL_2
[16:54:08] Fixed 2 duplicate /gene - thiG_1 thiG_2
[16:54:08] Fixed 4 duplicate /gene - cdhR_1 cdhR_2 cdhR_3 cdhR_4
[16:54:08] Fixed 5 duplicate /gene - rcsC_1 rcsC_2 rcsC_3 rcsC_4 rcsC_5
[16:54:08] Fixed 2 duplicate /gene - qseB_1 qseB_2
[16:54:08] Fixed 3 duplicate /gene - occP_1 occP_2 occP_3
[16:54:08] Fixed 2 duplicate /gene - apc3_1 apc3_2
[16:54:08] Fixed 2 duplicate /gene - adk_1 adk_2
[16:54:08] Fixed 4 duplicate /gene - eryD_1 eryD_2 eryD_3 eryD_4
[16:54:08] Fixed 2 duplicate /gene - wecA_1 wecA_2
[16:54:08] Fixed 2 duplicate /gene - mcl1_1 mcl1_2
[16:54:08] Fixed 2 duplicate /gene - icd_1 icd_2
[16:54:08] Fixed 4 duplicate /gene - ohrB_1 ohrB_2 ohrB_3 ohrB_4
[16:54:08] Fixed 2 duplicate /gene - ghrA_1 ghrA_2
[16:54:08] Fixed 2 duplicate /gene - envZ_1 envZ_2
[16:54:08] Fixed 2 duplicate /gene - hisQ_1 hisQ_2
[16:54:08] Fixed 2 duplicate /gene - mtgA_1 mtgA_2
[16:54:08] Fixed 2 duplicate /gene - fabH_1 fabH_2
[16:54:08] Fixed 2 duplicate /gene - dnaA_1 dnaA_2
[16:54:08] Fixed 2 duplicate /gene - bamA_1 bamA_2
[16:54:08] Fixed 5 duplicate /gene - mltF_1 mltF_2 mltF_3 mltF_4 mltF_5
[16:54:08] Fixed 3 duplicate /gene - glpR_1 glpR_2 glpR_3
[16:54:08] Fixed 2 duplicate /gene - phnC_1 phnC_2
[16:54:08] Fixed 3 duplicate /gene - fhuA_1 fhuA_2 fhuA_3
[16:54:08] Fixed 2 duplicate /gene - acoA_1 acoA_2
[16:54:08] Fixed 2 duplicate /gene - davD_1 davD_2
[16:54:08] Fixed 2 duplicate /gene - mdtB_1 mdtB_2
[16:54:08] Fixed 2 duplicate /gene - gno_1 gno_2
[16:54:08] Fixed 2 duplicate /gene - yfcG_1 yfcG_2
[16:54:08] Fixed 2 duplicate /gene - hisD_1 hisD_2
[16:54:08] Fixed 2 duplicate /gene - nuoM_1 nuoM_2
[16:54:08] Fixed 2 duplicate /gene - puuC_1 puuC_2
[16:54:08] Fixed 2 duplicate /gene - aroE_1 aroE_2
[16:54:08] Fixed 2 duplicate /gene - panB_1 panB_2
[16:54:08] Fixed 2 duplicate /gene - hin_1 hin_2
[16:54:08] Fixed 7 duplicate /gene - ompR_1 ompR_2 ompR_3 ompR_4 ompR_5 ompR_6 ompR_7
[16:54:08] Fixed 2 duplicate /gene - thrB_1 thrB_2
[16:54:08] Fixed 4 duplicate /gene - amiC_1 amiC_2 amiC_3 amiC_4
[16:54:08] Fixed 4 duplicate /gene - glnQ_1 glnQ_2 glnQ_3 glnQ_4
[16:54:08] Fixed 2 duplicate /gene - stcD_1 stcD_2
[16:54:08] Fixed 3 duplicate /gene - yhhJ_1 yhhJ_2 yhhJ_3
[16:54:08] Fixed 2 duplicate /gene - spuE_1 spuE_2
[16:54:08] Fixed 2 duplicate /gene - lepB_1 lepB_2
[16:54:08] Fixed 3 duplicate /gene - acoR_1 acoR_2 acoR_3
[16:54:08] Fixed 5 duplicate /gene - iolG_1 iolG_2 iolG_3 iolG_4 iolG_5
[16:54:08] Fixed 2 duplicate /gene - gloA_1 gloA_2
[16:54:08] Fixed 2 duplicate /gene - pxpC_1 pxpC_2
[16:54:08] Fixed 8 duplicate /gene - pal_1 pal_2 pal_3 pal_4 pal_5 pal_6 pal_7 pal_8
[16:54:08] Fixed 2 duplicate /gene - opuAA_1 opuAA_2
[16:54:08] Fixed 3 duplicate /gene - pazS_1 pazS_2 pazS_3
[16:54:08] Fixed 3 duplicate /gene - mrpA_1 mrpA_2 mrpA_3
[16:54:08] Fixed 2 duplicate /gene - alaS_1 alaS_2
[16:54:08] Fixed 2 duplicate /gene - ogt_1 ogt_2
[16:54:08] Fixed 2 duplicate /gene - yclP_1 yclP_2
[16:54:08] Fixed 3 duplicate /gene - aldA_1 aldA_2 aldA_3
[16:54:08] Fixed 2 duplicate /gene - dctP_1 dctP_2
[16:54:08] Fixed 4 duplicate /gene - rbsB_1 rbsB_2 rbsB_3 rbsB_4
[16:54:08] Fixed 2 duplicate /gene - lyx_1 lyx_2
[16:54:08] Fixed 4 duplicate /gene - gcvT_1 gcvT_2 gcvT_3 gcvT_4
[16:54:08] Fixed 2 duplicate /gene - rnd_1 rnd_2
[16:54:08] Fixed 2 duplicate /gene - tenA_1 tenA_2
[16:54:08] Fixed 2 duplicate /gene - gutB_1 gutB_2
[16:54:08] Fixed 5 duplicate /gene - tdh_1 tdh_2 tdh_3 tdh_4 tdh_5
[16:54:08] Fixed 2 duplicate /gene - thiO_1 thiO_2
[16:54:08] Fixed 2 duplicate /gene - yjiA_1 yjiA_2
[16:54:08] Fixed 6 duplicate /gene - lptB_1 lptB_2 lptB_3 lptB_4 lptB_5 lptB_6
[16:54:08] Fixed 3 duplicate /gene - dppA_1 dppA_2 dppA_3
[16:54:08] Fixed 17 duplicate /gene - sasA_1 sasA_2 sasA_3 sasA_4 sasA_5 sasA_6 sasA_7 sasA_8 sasA_9 sasA_10 sasA_11 sasA_12 sasA_13 sasA_14 sasA_15 sasA_16 sasA_17
[16:54:08] Fixed 2 duplicate /gene - phaC_1 phaC_2
[16:54:08] Fixed 3 duplicate /gene - virB4_1 virB4_2 virB4_3
[16:54:08] Fixed 2 duplicate /gene - gbuA_1 gbuA_2
[16:54:08] Fixed 2 duplicate /gene - rbbA_1 rbbA_2
[16:54:08] Fixed 2 duplicate /gene - rbsK_1 rbsK_2
[16:54:08] Fixed 3 duplicate /gene - dxs_1 dxs_2 dxs_3
[16:54:08] Fixed 2 duplicate /gene - accB_1 accB_2
[16:54:08] Fixed 2 duplicate /gene - pduE_1 pduE_2
[16:54:08] Fixed 2 duplicate /gene - rutD_1 rutD_2
[16:54:08] Fixed 3 duplicate /gene - decR_1 decR_2 decR_3
[16:54:08] Fixed 3 duplicate /gene - lon_1 lon_2 lon_3
[16:54:08] Fixed 5 duplicate /gene - scpB_1 scpB_2 scpB_3 scpB_4 scpB_5
[16:54:08] Fixed 3 duplicate /gene - carA_1 carA_2 carA_3
[16:54:08] Fixed 3 duplicate /gene - acsA_1 acsA_2 acsA_3
[16:54:08] Fixed 2 duplicate /gene - dapA_1 dapA_2
[16:54:08] Fixed 2 duplicate /gene - tolQ_1 tolQ_2
[16:54:08] Fixed 4 duplicate /gene - btuB_1 btuB_2 btuB_3 btuB_4
[16:54:08] Fixed 5 duplicate /gene - livH_1 livH_2 livH_3 livH_4 livH_5
[16:54:08] Fixed 2 duplicate /gene - sucC_1 sucC_2
[16:54:08] Fixed 7 duplicate /gene - betI_1 betI_2 betI_3 betI_4 betI_5 betI_6 betI_7
[16:54:08] Fixed 3 duplicate /gene - aptA_1 aptA_2 aptA_3
[16:54:08] Fixed 2 duplicate /gene - vsr_1 vsr_2
[16:54:08] Fixed 2 duplicate /gene - ald_1 ald_2
[16:54:08] Fixed 2 duplicate /gene - betA_1 betA_2
[16:54:08] Fixed 6 duplicate /gene - rep_1 rep_2 rep_3 rep_4 rep_5 rep_6
[16:54:08] Fixed 3 duplicate /gene - mdh_1 mdh_2 mdh_3
[16:54:08] Fixed 3 duplicate /gene - eryB_1 eryB_2 eryB_3
[16:54:08] Fixed 9 duplicate /gene - potA_1 potA_2 potA_3 potA_4 potA_5 potA_6 potA_7 potA_8 potA_9
[16:54:08] Fixed 2 duplicate /gene - gpuA_1 gpuA_2
[16:54:08] Fixed 16 duplicate /gene - xerC_1 xerC_2 xerC_3 xerC_4 xerC_5 xerC_6 xerC_7 xerC_8 xerC_9 xerC_10 xerC_11 xerC_12 xerC_13 xerC_14 xerC_15 xerC_16
[16:54:08] Fixed 4 duplicate /gene - prs_1 prs_2 prs_3 prs_4
[16:54:08] Fixed 2 duplicate /gene - trxB_1 trxB_2
[16:54:08] Fixed 2 duplicate /gene - recB_1 recB_2
[16:54:08] Fixed 2 duplicate /gene - ntaA_1 ntaA_2
[16:54:08] Fixed 3 duplicate /gene - dgoD_1 dgoD_2 dgoD_3
[16:54:08] Fixed 6 duplicate /gene - dmlR_1 dmlR_2 dmlR_3 dmlR_4 dmlR_5 dmlR_6
[16:54:08] Fixed 2 duplicate /gene - kce_1 kce_2
[16:54:08] Fixed 4 duplicate /gene - potF_1 potF_2 potF_3 potF_4
[16:54:08] Fixed 2 duplicate /gene - cysT_1 cysT_2
[16:54:08] Fixed 2 duplicate /gene - fdoG_1 fdoG_2
[16:54:08] Fixed 378 colliding /gene names.
[16:54:08] Adding /locus_tag identifiers
[16:54:08] Assigned 5443 locus_tags to CDS and RNA features.
[16:54:08] Writing outputs to gbk/Cd-10/
[16:54:11] Generating annotation statistics file
[16:54:11] Generating Genbank and Sequin files
[16:54:11] Running: tbl2asn -V b -a r10k -l paired-ends -M n -N 1 -y 'Annotated using prokka 1.14.6 from https://github.com/tseemann/prokka' -Z gbk\/Cd\-10\/GCF_003290025\.1\.prokka\.err -i gbk\/Cd\-10\/GCF_003290025\.1\.prokka\.fsa 2> /dev/null
[16:54:19] Deleting unwanted file: gbk/Cd-10/errorsummary.val
[16:54:19] Deleting unwanted file: gbk/Cd-10/GCF_003290025.1.prokka.dr
[16:54:19] Deleting unwanted file: gbk/Cd-10/GCF_003290025.1.prokka.fixedproducts
[16:54:19] Deleting unwanted file: gbk/Cd-10/GCF_003290025.1.prokka.ecn
[16:54:19] Deleting unwanted file: gbk/Cd-10/GCF_003290025.1.prokka.val
[16:54:19] Repairing broken .GBK output that tbl2asn produces...
[16:54:19] Running: sed 's/COORDINATES: profile/COORDINATES:profile/' < gbk\/Cd\-10\/GCF_003290025\.1\.prokka\.gbf > gbk\/Cd\-10\/GCF_003290025\.1\.prokka\.gbk
[16:54:19] Deleting unwanted file: gbk/Cd-10/GCF_003290025.1.prokka.gbf
[16:54:19] Output files:
[16:54:19] gbk/Cd-10/GCF_003290025.1.prokka.tsv
[16:54:19] gbk/Cd-10/GCF_003290025.1.prokka.txt
[16:54:19] gbk/Cd-10/GCF_003290025.1.prokka.faa
[16:54:19] gbk/Cd-10/GCF_003290025.1.prokka.fsa
[16:54:19] gbk/Cd-10/GCF_003290025.1.prokka.sqn
[16:54:19] gbk/Cd-10/GCF_003290025.1.prokka.gff
[16:54:19] gbk/Cd-10/GCF_003290025.1.prokka.gbk
[16:54:19] gbk/Cd-10/GCF_003290025.1.prokka.err
[16:54:19] gbk/Cd-10/GCF_003290025.1.prokka.ffn
[16:54:19] gbk/Cd-10/GCF_003290025.1.prokka.fna
[16:54:19] gbk/Cd-10/GCF_003290025.1.prokka.tbl
[16:54:19] gbk/Cd-10/GCF_003290025.1.prokka.log
[16:54:19] Annotation finished successfully.
[16:54:19] Walltime used: 1.22 minutes
[16:54:19] If you use this result please cite the Prokka paper:
[16:54:19] Seemann T (2014) Prokka: rapid prokaryotic genome annotation. Bioinformatics. 30(14):2068-9.
[16:54:19] Type 'prokka --citation' for more details.
[16:54:19] Share and enjoy!
