INFO     20/07 16:12:57   antiSMASH version: 7.0.0
INFO     20/07 16:12:57   diamond using executable: /usr/bin/diamond-aligner (2.0.7)
INFO     20/07 16:12:57   hmmpfam2 using executable: /usr/bin/hmm2pfam (2.3.2)
INFO     20/07 16:12:57   fasttree using executable: /usr/bin/fasttree
INFO     20/07 16:12:57   hmmsearch using executable: /usr/bin/hmmsearch (3.3.2)
INFO     20/07 16:12:57   hmmpress using executable: /usr/bin/hmmpress (3.3.2)
INFO     20/07 16:12:57   hmmscan using executable: /usr/bin/hmmscan (3.3.2)
INFO     20/07 16:12:58   meme using executable: /usr/bin/meme (4.11.2)
INFO     20/07 16:12:58   fimo using executable: /usr/bin/fimo (4.11.2)
INFO     20/07 16:12:58   glimmerhmm using executable: /usr/bin/glimmerhmm
INFO     20/07 16:12:58   prodigal using executable: /usr/bin/prodigal (V2.6.3)
INFO     20/07 16:12:58   blastp using executable: /usr/bin/blastp (2.11.0+)
INFO     20/07 16:12:58   makeblastdb using executable: /usr/bin/makeblastdb (2.11.0+)
DEBUG    20/07 16:12:58   Checking prerequisites for antismash.detection.hmm_detection
DEBUG    20/07 16:12:58   Found file '/usr/local/lib/python3.9/dist-packages/antismash/detection/hmm_detection/data/bgc_seeds.hmm'
DEBUG    20/07 16:12:58   Found file '/usr/local/lib/python3.9/dist-packages/antismash/detection/hmm_detection/data/bgc_seeds.hmm.h3f'
DEBUG    20/07 16:12:58   Found file '/usr/local/lib/python3.9/dist-packages/antismash/detection/hmm_detection/data/bgc_seeds.hmm.h3i'
DEBUG    20/07 16:12:58   Found file '/usr/local/lib/python3.9/dist-packages/antismash/detection/hmm_detection/data/bgc_seeds.hmm.h3m'
DEBUG    20/07 16:12:58   Found file '/usr/local/lib/python3.9/dist-packages/antismash/detection/hmm_detection/data/bgc_seeds.hmm.h3p'
DEBUG    20/07 16:12:58   Checking prerequisites for antismash.detection.cluster_hmmer
DEBUG    20/07 16:12:58   Found file '/databases/pfam/34.0/Pfam-A.hmm'
DEBUG    20/07 16:12:58   Found file '/databases/pfam/34.0/Pfam-A.hmm.h3f'
DEBUG    20/07 16:12:58   Found file '/databases/pfam/34.0/Pfam-A.hmm.h3i'
DEBUG    20/07 16:12:58   Found file '/databases/pfam/34.0/Pfam-A.hmm.h3m'
DEBUG    20/07 16:12:58   Found file '/databases/pfam/34.0/Pfam-A.hmm.h3p'
DEBUG    20/07 16:12:58   Checking prerequisites for antismash.detection.genefunctions
DEBUG    20/07 16:12:58   Found file '/databases/resfam/Resfams.hmm'
DEBUG    20/07 16:12:58   Found file '/usr/local/lib/python3.9/dist-packages/antismash/detection/genefunctions/data/smcogs.hmm.h3f'
DEBUG    20/07 16:12:58   Found file '/usr/local/lib/python3.9/dist-packages/antismash/detection/genefunctions/data/smcogs.hmm.h3i'
DEBUG    20/07 16:12:58   Found file '/usr/local/lib/python3.9/dist-packages/antismash/detection/genefunctions/data/smcogs.hmm.h3m'
DEBUG    20/07 16:12:58   Found file '/usr/local/lib/python3.9/dist-packages/antismash/detection/genefunctions/data/smcogs.hmm.h3p'
DEBUG    20/07 16:12:58   Found file '/databases/resfam/Resfams.hmm.h3f'
DEBUG    20/07 16:12:58   Found file '/databases/resfam/Resfams.hmm.h3i'
DEBUG    20/07 16:12:58   Found file '/databases/resfam/Resfams.hmm.h3m'
DEBUG    20/07 16:12:58   Found file '/databases/resfam/Resfams.hmm.h3p'
DEBUG    20/07 16:12:58   Checking prerequisites for antismash.detection.nrps_pks_domains
DEBUG    20/07 16:12:58   Found file '/usr/local/lib/python3.9/dist-packages/antismash/detection/nrps_pks_domains/data/abmotifs.hmm.h3f'
DEBUG    20/07 16:12:58   Found file '/usr/local/lib/python3.9/dist-packages/antismash/detection/nrps_pks_domains/data/abmotifs.hmm.h3i'
DEBUG    20/07 16:12:58   Found file '/usr/local/lib/python3.9/dist-packages/antismash/detection/nrps_pks_domains/data/abmotifs.hmm.h3m'
DEBUG    20/07 16:12:58   Found file '/usr/local/lib/python3.9/dist-packages/antismash/detection/nrps_pks_domains/data/abmotifs.hmm.h3p'
DEBUG    20/07 16:12:58   Found file '/usr/local/lib/python3.9/dist-packages/antismash/detection/nrps_pks_domains/data/dockingdomains.hmm.h3f'
DEBUG    20/07 16:12:58   Found file '/usr/local/lib/python3.9/dist-packages/antismash/detection/nrps_pks_domains/data/dockingdomains.hmm.h3i'
DEBUG    20/07 16:12:58   Found file '/usr/local/lib/python3.9/dist-packages/antismash/detection/nrps_pks_domains/data/dockingdomains.hmm.h3m'
DEBUG    20/07 16:12:58   Found file '/usr/local/lib/python3.9/dist-packages/antismash/detection/nrps_pks_domains/data/dockingdomains.hmm.h3p'
DEBUG    20/07 16:12:58   Found file '/usr/local/lib/python3.9/dist-packages/antismash/detection/nrps_pks_domains/data/ksdomains.hmm.h3f'
DEBUG    20/07 16:12:58   Found file '/usr/local/lib/python3.9/dist-packages/antismash/detection/nrps_pks_domains/data/ksdomains.hmm.h3i'
DEBUG    20/07 16:12:58   Found file '/usr/local/lib/python3.9/dist-packages/antismash/detection/nrps_pks_domains/data/ksdomains.hmm.h3m'
DEBUG    20/07 16:12:58   Found file '/usr/local/lib/python3.9/dist-packages/antismash/detection/nrps_pks_domains/data/ksdomains.hmm.h3p'
DEBUG    20/07 16:12:58   Found file '/usr/local/lib/python3.9/dist-packages/antismash/detection/nrps_pks_domains/data/nrpspksdomains.hmm.h3f'
DEBUG    20/07 16:12:58   Found file '/usr/local/lib/python3.9/dist-packages/antismash/detection/nrps_pks_domains/data/nrpspksdomains.hmm.h3i'
DEBUG    20/07 16:12:58   Found file '/usr/local/lib/python3.9/dist-packages/antismash/detection/nrps_pks_domains/data/nrpspksdomains.hmm.h3m'
DEBUG    20/07 16:12:58   Found file '/usr/local/lib/python3.9/dist-packages/antismash/detection/nrps_pks_domains/data/nrpspksdomains.hmm.h3p'
DEBUG    20/07 16:12:58   Found file '/databases/nrps_pks/transATor/2023.02.23/transATor.hmm.h3f'
DEBUG    20/07 16:12:58   Found file '/databases/nrps_pks/transATor/2023.02.23/transATor.hmm.h3i'
DEBUG    20/07 16:12:58   Found file '/databases/nrps_pks/transATor/2023.02.23/transATor.hmm.h3m'
DEBUG    20/07 16:12:58   Found file '/databases/nrps_pks/transATor/2023.02.23/transATor.hmm.h3p'
DEBUG    20/07 16:12:58   Checking prerequisites for antismash.detection.tigrfam
DEBUG    20/07 16:12:58   Found file '/databases/tigrfam/TIGRFam.hmm'
DEBUG    20/07 16:12:58   Found file '/databases/tigrfam/TIGRFam.hmm.h3f'
DEBUG    20/07 16:12:58   Found file '/databases/tigrfam/TIGRFam.hmm.h3i'
DEBUG    20/07 16:12:58   Found file '/databases/tigrfam/TIGRFam.hmm.h3m'
DEBUG    20/07 16:12:58   Found file '/databases/tigrfam/TIGRFam.hmm.h3p'
DEBUG    20/07 16:12:58   Checking prerequisites for antismash.modules.active_site_finder
DEBUG    20/07 16:12:58   Found file '/usr/local/lib/python3.9/dist-packages/antismash/modules/active_site_finder/data/PKSI-KR.hmm2'
DEBUG    20/07 16:12:58   Found file '/usr/local/lib/python3.9/dist-packages/antismash/modules/active_site_finder/data/PKSI-KS_N.hmm2'
DEBUG    20/07 16:12:58   Found file '/usr/local/lib/python3.9/dist-packages/antismash/modules/active_site_finder/data/PKSI-KS_C.hmm2'
DEBUG    20/07 16:12:58   Found file '/usr/local/lib/python3.9/dist-packages/antismash/modules/active_site_finder/data/PKSI-AT.hmm2'
DEBUG    20/07 16:12:58   Found file '/usr/local/lib/python3.9/dist-packages/antismash/modules/active_site_finder/data/PKSI-ACP.hmm2'
DEBUG    20/07 16:12:58   Found file '/usr/local/lib/python3.9/dist-packages/antismash/modules/active_site_finder/data/PKSI-DH.hmm2'
DEBUG    20/07 16:12:58   Found file '/usr/local/lib/python3.9/dist-packages/antismash/modules/active_site_finder/data/Thioesterase.hmm2'
DEBUG    20/07 16:12:58   Found file '/usr/local/lib/python3.9/dist-packages/antismash/modules/active_site_finder/data/PKSI-ER.hmm2'
DEBUG    20/07 16:12:58   Found file '/usr/local/lib/python3.9/dist-packages/antismash/modules/active_site_finder/data/p450.hmm2'
DEBUG    20/07 16:12:58   Checking prerequisites for antismash.modules.cluster_compare
DEBUG    20/07 16:12:58   Found file '/databases/clustercompare/mibig/3.1/data.json'
DEBUG    20/07 16:12:58   Found file '/databases/clustercompare/mibig/3.1/proteins.fasta'
DEBUG    20/07 16:12:58   Found file '/databases/clustercompare/mibig/3.1/proteins.dmnd'
DEBUG    20/07 16:12:58   Found file '/databases/clustercompare/mibig/3.1/proteins.dmnd'
DEBUG    20/07 16:12:58   Checking prerequisites for antismash.modules.clusterblast
DEBUG    20/07 16:12:58   Found file '/databases/knownclusterblast/3.1/clusters.txt'
DEBUG    20/07 16:12:58   Found file '/databases/knownclusterblast/3.1/proteins.fasta'
DEBUG    20/07 16:12:58   Found file '/databases/knownclusterblast/3.1/proteins.dmnd'
DEBUG    20/07 16:12:58   Found file '/databases/knownclusterblast/3.1/proteins.dmnd'
DEBUG    20/07 16:12:58   Found file '/databases/clusterblast/clusters.txt'
DEBUG    20/07 16:12:58   Found file '/databases/clusterblast/proteins.fasta'
DEBUG    20/07 16:12:58   Found file '/databases/clusterblast/proteins.dmnd'
DEBUG    20/07 16:12:58   Found file '/databases/clusterblast/proteins.dmnd'
DEBUG    20/07 16:12:58   Found file '/usr/local/lib/python3.9/dist-packages/antismash/modules/clusterblast/data/sub/proteins.fasta'
DEBUG    20/07 16:12:58   Found file '/usr/local/lib/python3.9/dist-packages/antismash/modules/clusterblast/data/sub/proteins.fasta.phr'
DEBUG    20/07 16:12:58   Found file '/usr/local/lib/python3.9/dist-packages/antismash/modules/clusterblast/data/sub/proteins.fasta.pin'
DEBUG    20/07 16:12:58   Found file '/usr/local/lib/python3.9/dist-packages/antismash/modules/clusterblast/data/sub/proteins.fasta.psq'
DEBUG    20/07 16:12:58   Found file '/usr/local/lib/python3.9/dist-packages/antismash/modules/clusterblast/data/sub/clusters.txt'
DEBUG    20/07 16:12:58   Checking prerequisites for antismash.modules.lanthipeptides
DEBUG    20/07 16:12:58   Found file '/databases/comparippson/asdb/3.0/cores.fa.pdb'
DEBUG    20/07 16:12:58   Found file '/databases/comparippson/asdb/3.0/cores.fa.phr'
DEBUG    20/07 16:12:58   Found file '/databases/comparippson/asdb/3.0/cores.fa.pin'
DEBUG    20/07 16:12:58   Found file '/databases/comparippson/asdb/3.0/cores.fa.pot'
DEBUG    20/07 16:12:58   Found file '/databases/comparippson/asdb/3.0/cores.fa.psq'
DEBUG    20/07 16:12:58   Found file '/databases/comparippson/asdb/3.0/cores.fa.ptf'
DEBUG    20/07 16:12:58   Found file '/databases/comparippson/asdb/3.0/cores.fa.pto'
DEBUG    20/07 16:12:58   Found file '/databases/comparippson/mibig/3.1/cores.fa.pdb'
DEBUG    20/07 16:12:58   Found file '/databases/comparippson/mibig/3.1/cores.fa.phr'
DEBUG    20/07 16:12:58   Found file '/databases/comparippson/mibig/3.1/cores.fa.pin'
DEBUG    20/07 16:12:58   Found file '/databases/comparippson/mibig/3.1/cores.fa.pot'
DEBUG    20/07 16:12:58   Found file '/databases/comparippson/mibig/3.1/cores.fa.psq'
DEBUG    20/07 16:12:58   Found file '/databases/comparippson/mibig/3.1/cores.fa.ptf'
DEBUG    20/07 16:12:58   Found file '/databases/comparippson/mibig/3.1/cores.fa.pto'
DEBUG    20/07 16:12:58   Checking prerequisites for antismash.modules.lassopeptides
DEBUG    20/07 16:12:58   Checking prerequisites for antismash.modules.nrps_pks
DEBUG    20/07 16:12:58   Found existing cache for /usr/local/lib/python3.9/dist-packages/antismash/modules/nrps_pks/data/terminals/cterm.fasta
DEBUG    20/07 16:12:58   Found existing cache for /usr/local/lib/python3.9/dist-packages/antismash/modules/nrps_pks/data/terminals/nterm.fasta
DEBUG    20/07 16:12:58   Found existing cache for /usr/local/lib/python3.9/dist-packages/antismash/modules/nrps_pks/at_analysis/data/AT_domains_muscle.fasta
DEBUG    20/07 16:12:58   Found existing cache for /usr/local/lib/python3.9/dist-packages/antismash/modules/nrps_pks/kr_analysis/data/KRdomains_muscle.fasta
DEBUG    20/07 16:12:59   Found existing cache for /usr/local/lib/python3.9/dist-packages/antismash/modules/nrps_pks/minowa/data/AT_domains_muscle.fasta
DEBUG    20/07 16:12:59   Found existing cache for /usr/local/lib/python3.9/dist-packages/antismash/modules/nrps_pks/minowa/data/CAL_domains_muscle.fasta
DEBUG    20/07 16:12:59   Checking prerequisites for antismash.modules.pfam2go
DEBUG    20/07 16:12:59   Found file '/usr/local/lib/python3.9/dist-packages/antismash/modules/pfam2go/data/pfam2go.txt'
DEBUG    20/07 16:12:59   Checking prerequisites for antismash.modules.rrefinder
DEBUG    20/07 16:12:59   Found file '/usr/local/lib/python3.9/dist-packages/antismash/modules/rrefinder/data/RREFam.hmm.h3f'
DEBUG    20/07 16:12:59   Found file '/usr/local/lib/python3.9/dist-packages/antismash/modules/rrefinder/data/RREFam.hmm.h3i'
DEBUG    20/07 16:12:59   Found file '/usr/local/lib/python3.9/dist-packages/antismash/modules/rrefinder/data/RREFam.hmm.h3m'
DEBUG    20/07 16:12:59   Found file '/usr/local/lib/python3.9/dist-packages/antismash/modules/rrefinder/data/RREFam.hmm.h3p'
DEBUG    20/07 16:12:59   Checking prerequisites for antismash.modules.sactipeptides
DEBUG    20/07 16:12:59   Checking prerequisites for antismash.modules.t2pks
DEBUG    20/07 16:12:59   Found file '/usr/local/lib/python3.9/dist-packages/antismash/modules/t2pks/data/KSIII.fasta'
DEBUG    20/07 16:12:59   Found file '/usr/local/lib/python3.9/dist-packages/antismash/modules/t2pks/data/KSIII.phr'
DEBUG    20/07 16:12:59   Found file '/usr/local/lib/python3.9/dist-packages/antismash/modules/t2pks/data/KSIII.pin'
DEBUG    20/07 16:12:59   Found file '/usr/local/lib/python3.9/dist-packages/antismash/modules/t2pks/data/KSIII.psq'
DEBUG    20/07 16:12:59   Found file '/usr/local/lib/python3.9/dist-packages/antismash/modules/t2pks/data/AT.fasta'
DEBUG    20/07 16:12:59   Found file '/usr/local/lib/python3.9/dist-packages/antismash/modules/t2pks/data/AT.phr'
DEBUG    20/07 16:12:59   Found file '/usr/local/lib/python3.9/dist-packages/antismash/modules/t2pks/data/AT.pin'
DEBUG    20/07 16:12:59   Found file '/usr/local/lib/python3.9/dist-packages/antismash/modules/t2pks/data/AT.psq'
DEBUG    20/07 16:12:59   Found file '/usr/local/lib/python3.9/dist-packages/antismash/modules/t2pks/data/LIG.fasta'
DEBUG    20/07 16:12:59   Found file '/usr/local/lib/python3.9/dist-packages/antismash/modules/t2pks/data/LIG.phr'
DEBUG    20/07 16:12:59   Found file '/usr/local/lib/python3.9/dist-packages/antismash/modules/t2pks/data/LIG.pin'
DEBUG    20/07 16:12:59   Found file '/usr/local/lib/python3.9/dist-packages/antismash/modules/t2pks/data/LIG.psq'
DEBUG    20/07 16:12:59   Found file '/usr/local/lib/python3.9/dist-packages/antismash/modules/t2pks/data/t2pks.hmm.h3f'
DEBUG    20/07 16:12:59   Found file '/usr/local/lib/python3.9/dist-packages/antismash/modules/t2pks/data/t2pks.hmm.h3i'
DEBUG    20/07 16:12:59   Found file '/usr/local/lib/python3.9/dist-packages/antismash/modules/t2pks/data/t2pks.hmm.h3m'
DEBUG    20/07 16:12:59   Found file '/usr/local/lib/python3.9/dist-packages/antismash/modules/t2pks/data/t2pks.hmm.h3p'
DEBUG    20/07 16:12:59   Checking prerequisites for antismash.modules.tfbs_finder
DEBUG    20/07 16:12:59   Found file '/usr/local/lib/python3.9/dist-packages/antismash/modules/tfbs_finder/data/PWMs.json'
DEBUG    20/07 16:12:59   Checking prerequisites for antismash.modules.thiopeptides
DEBUG    20/07 16:12:59   Found file '/usr/local/lib/python3.9/dist-packages/antismash/modules/thiopeptides/data/thiopep3.hmm.h3f'
DEBUG    20/07 16:12:59   Found file '/usr/local/lib/python3.9/dist-packages/antismash/modules/thiopeptides/data/thiopep3.hmm.h3i'
DEBUG    20/07 16:12:59   Found file '/usr/local/lib/python3.9/dist-packages/antismash/modules/thiopeptides/data/thiopep3.hmm.h3m'
DEBUG    20/07 16:12:59   Found file '/usr/local/lib/python3.9/dist-packages/antismash/modules/thiopeptides/data/thiopep3.hmm.h3p'
DEBUG    20/07 16:12:59   Checking prerequisites for antismash.modules.tta
DEBUG    20/07 16:12:59   Checking prerequisites for antismash.outputs.html
DEBUG    20/07 16:12:59   Found file '/usr/local/lib/python3.9/dist-packages/antismash/outputs/html/css/bacteria.css'
DEBUG    20/07 16:12:59   Found file '/usr/local/lib/python3.9/dist-packages/antismash/outputs/html/css/fungi.css'
DEBUG    20/07 16:12:59   Found file '/usr/local/lib/python3.9/dist-packages/antismash/outputs/html/css/plants.css'
DEBUG    20/07 16:12:59   Checking prerequisites for antismash.support.genefinding
DEBUG    20/07 16:12:59   Checking options for antismash.detection.hmm_detection
DEBUG    20/07 16:12:59   Checking options for antismash.detection.cluster_hmmer
DEBUG    20/07 16:12:59   Found file '/databases/pfam/34.0/Pfam-A.hmm'
DEBUG    20/07 16:12:59   Found file '/databases/pfam/34.0/Pfam-A.hmm.h3f'
DEBUG    20/07 16:12:59   Found file '/databases/pfam/34.0/Pfam-A.hmm.h3i'
DEBUG    20/07 16:12:59   Found file '/databases/pfam/34.0/Pfam-A.hmm.h3m'
DEBUG    20/07 16:12:59   Found file '/databases/pfam/34.0/Pfam-A.hmm.h3p'
DEBUG    20/07 16:12:59   Checking options for antismash.detection.genefunctions
DEBUG    20/07 16:12:59   Checking options for antismash.detection.nrps_pks_domains
DEBUG    20/07 16:12:59   Checking options for antismash.detection.tigrfam
DEBUG    20/07 16:12:59   Checking options for antismash.modules.active_site_finder
DEBUG    20/07 16:12:59   Checking options for antismash.modules.cluster_compare
DEBUG    20/07 16:12:59   Checking options for antismash.modules.clusterblast
DEBUG    20/07 16:12:59   Checking options for antismash.modules.lanthipeptides
DEBUG    20/07 16:12:59   Checking options for antismash.modules.lassopeptides
DEBUG    20/07 16:12:59   Checking options for antismash.modules.nrps_pks
DEBUG    20/07 16:12:59   Checking options for antismash.modules.pfam2go
DEBUG    20/07 16:12:59   Checking options for antismash.modules.rrefinder
DEBUG    20/07 16:12:59   Checking options for antismash.modules.sactipeptides
DEBUG    20/07 16:12:59   Checking options for antismash.modules.t2pks
DEBUG    20/07 16:12:59   Checking options for antismash.modules.tfbs_finder
DEBUG    20/07 16:12:59   Checking options for antismash.modules.thiopeptides
DEBUG    20/07 16:12:59   Checking options for antismash.modules.tta
DEBUG    20/07 16:12:59   Checking options for antismash.outputs.html
DEBUG    20/07 16:12:59   Checking options for antismash.support.genefinding
INFO     20/07 16:12:59   Parsing input sequence '/input/GCF_003254295.1_Rhodobacter_capsulatus_DSM_1710.gbk'
DEBUG    20/07 16:12:59   Stripping antiSMASH features and annotations from record: NZ_QKZO01000001.1
DEBUG    20/07 16:12:59   Stripping antiSMASH features and annotations from record: NZ_QKZO01000002.1
DEBUG    20/07 16:12:59   Stripping antiSMASH features and annotations from record: NZ_QKZO01000003.1
DEBUG    20/07 16:12:59   Stripping antiSMASH features and annotations from record: NZ_QKZO01000004.1
DEBUG    20/07 16:12:59   Stripping antiSMASH features and annotations from record: NZ_QKZO01000005.1
DEBUG    20/07 16:12:59   Stripping antiSMASH features and annotations from record: NZ_QKZO01000006.1
DEBUG    20/07 16:12:59   Stripping antiSMASH features and annotations from record: NZ_QKZO01000007.1
DEBUG    20/07 16:12:59   Stripping antiSMASH features and annotations from record: NZ_QKZO01000008.1
DEBUG    20/07 16:12:59   Stripping antiSMASH features and annotations from record: NZ_QKZO01000009.1
DEBUG    20/07 16:12:59   Stripping antiSMASH features and annotations from record: NZ_QKZO01000010.1
DEBUG    20/07 16:12:59   Stripping antiSMASH features and annotations from record: NZ_QKZO01000011.1
DEBUG    20/07 16:12:59   Stripping antiSMASH features and annotations from record: NZ_QKZO01000012.1
DEBUG    20/07 16:12:59   Stripping antiSMASH features and annotations from record: NZ_QKZO01000013.1
DEBUG    20/07 16:12:59   Stripping antiSMASH features and annotations from record: NZ_QKZO01000014.1
DEBUG    20/07 16:12:59   Stripping antiSMASH features and annotations from record: NZ_QKZO01000015.1
DEBUG    20/07 16:12:59   Stripping antiSMASH features and annotations from record: NZ_QKZO01000016.1
DEBUG    20/07 16:12:59   Stripping antiSMASH features and annotations from record: NZ_QKZO01000017.1
DEBUG    20/07 16:12:59   Stripping antiSMASH features and annotations from record: NZ_QKZO01000018.1
DEBUG    20/07 16:12:59   Stripping antiSMASH features and annotations from record: NZ_QKZO01000019.1
DEBUG    20/07 16:12:59   Stripping antiSMASH features and annotations from record: NZ_QKZO01000020.1
DEBUG    20/07 16:12:59   Stripping antiSMASH features and annotations from record: NZ_QKZO01000021.1
DEBUG    20/07 16:12:59   Stripping antiSMASH features and annotations from record: NZ_QKZO01000022.1
DEBUG    20/07 16:12:59   Stripping antiSMASH features and annotations from record: NZ_QKZO01000023.1
DEBUG    20/07 16:12:59   Stripping antiSMASH features and annotations from record: NZ_QKZO01000024.1
DEBUG    20/07 16:12:59   Converting records from biopython to secmet
DEBUG    20/07 16:12:59   Removing existing region genbank files
DEBUG    20/07 16:12:59   Reusing output directory: /data/antismash/upload/bacteria-914e68e8-d6fa-41d9-be72-66218940a0a5
DEBUG    20/07 16:12:59   Preprocessing 24 sequences
DEBUG    20/07 16:12:59   Sanitising record ids and sequences
DEBUG    20/07 16:13:00   Removing sequences smaller than 1000 bases
DEBUG    20/07 16:13:00   Ensuring records have CDS features with all required information
INFO     20/07 16:13:01   Analysing record: NZ_QKZO01000001.1
INFO     20/07 16:13:01   Detecting secondary metabolite clusters
DEBUG    20/07 16:13:01   Checking if antismash.detection.hmm_detection should be run
INFO     20/07 16:13:01   Running antismash.detection.hmm_detection
INFO     20/07 16:13:01   HMM detection using strictness: relaxed
DEBUG    20/07 16:13:03   0 rule-based cluster(s) found in record
DEBUG    20/07 16:13:03   0 protoclusters found
DEBUG    20/07 16:13:03   0 subregions found
INFO     20/07 16:13:03   No regions detected, skipping record
INFO     20/07 16:13:03   Analysing record: NZ_QKZO01000002.1
INFO     20/07 16:13:03   Detecting secondary metabolite clusters
DEBUG    20/07 16:13:03   Checking if antismash.detection.hmm_detection should be run
INFO     20/07 16:13:03   Running antismash.detection.hmm_detection
INFO     20/07 16:13:03   HMM detection using strictness: relaxed
DEBUG    20/07 16:13:05   1 rule-based cluster(s) found in record
DEBUG    20/07 16:13:05   1 protoclusters found
DEBUG    20/07 16:13:05   0 subregions found
INFO     20/07 16:13:05   1 region(s) detected in record
DEBUG    20/07 16:13:05   Checking if antismash.detection.cluster_hmmer should be run
INFO     20/07 16:13:05   Running antismash.detection.cluster_hmmer
INFO     20/07 16:13:05   Running cluster PFAM search
DEBUG    20/07 16:13:11   Building name mapping for HMMer database Pfam-A.hmm
DEBUG    20/07 16:13:14   Building cutoff mapping for HMMer database /databases/pfam/34.0/Pfam-A.hmm
DEBUG    20/07 16:13:16   Adding detection results from antismash.detection.cluster_hmmer to record
DEBUG    20/07 16:13:16   Checking if antismash.detection.genefunctions should be run
INFO     20/07 16:13:16   Running antismash.detection.genefunctions
DEBUG    20/07 16:13:17   Adding detection results from antismash.detection.genefunctions to record
DEBUG    20/07 16:13:17   annotating CDS features with resist info: 0 CDSes
DEBUG    20/07 16:13:17   annotating CDS features with smcogs info: 5 CDSes
DEBUG    20/07 16:13:17   Checking if antismash.detection.nrps_pks_domains should be run
INFO     20/07 16:13:17   Running antismash.detection.nrps_pks_domains
DEBUG    20/07 16:13:17   Marking NRPS/PKS CDS features and domains in clusters
DEBUG    20/07 16:13:17   Adding detection results from antismash.detection.nrps_pks_domains to record
DEBUG    20/07 16:13:17   Checking if antismash.detection.tigrfam should be run
INFO     20/07 16:13:17   Running antismash.detection.tigrfam
INFO     20/07 16:13:17   Running TIGRFam search
DEBUG    20/07 16:13:19   Building name mapping for HMMer database TIGRFam.hmm
DEBUG    20/07 16:13:20   Adding detection results from antismash.detection.tigrfam to record
DEBUG    20/07 16:13:20   Checking if antismash.modules.active_site_finder should be run
INFO     20/07 16:13:20   Running antismash.modules.active_site_finder
DEBUG    20/07 16:13:20   Checking if antismash.modules.cluster_compare should be run
INFO     20/07 16:13:20   Running antismash.modules.cluster_compare
DEBUG    20/07 16:13:20   Loading comparison database: MIBiG
DEBUG    20/07 16:13:21   Comparison database loaded
INFO     20/07 16:13:21   Comparing regions to reference database
DEBUG    20/07 16:13:23   Checking if antismash.modules.clusterblast should be run
INFO     20/07 16:13:23   Running antismash.modules.clusterblast
INFO     20/07 16:13:23   Finding internal homologs in each gene cluster...
INFO     20/07 16:13:23   Running ClusterBlast
INFO     20/07 16:13:23   ClusterBlast: Loading gene cluster database into memory...
INFO     20/07 16:13:25   ClusterBlast: Loading gene cluster database proteins into memory...
INFO     20/07 16:13:37   Comparing regions to reference database
INFO     20/07 16:14:30   Running subcluster search
INFO     20/07 16:14:30   SubClusterBlast: Loading gene cluster database into memory...
INFO     20/07 16:14:30   SubClusterBlast: Loading gene cluster database proteins into memory...
INFO     20/07 16:14:31   Running known cluster search
INFO     20/07 16:14:31   KnownClusterBlast: Loading gene cluster database into memory...
INFO     20/07 16:14:31   KnownClusterBlast: Loading gene cluster database proteins into memory...
DEBUG    20/07 16:14:31   Running DIAMOND knowncluster searches..
INFO     20/07 16:14:31   Comparing regions to reference database
DEBUG    20/07 16:14:33   Checking if antismash.modules.lanthipeptides should be run
INFO     20/07 16:14:33   Running antismash.modules.lanthipeptides
DEBUG    20/07 16:14:33   Lanthipeptide module marked 0 motifs
DEBUG    20/07 16:14:40   Checking if antismash.modules.lassopeptides should be run
INFO     20/07 16:14:40   Running antismash.modules.lassopeptides
DEBUG    20/07 16:14:42   Lassopeptide module marked 0 motifs
DEBUG    20/07 16:14:42   Checking if antismash.modules.nrps_pks should be run
INFO     20/07 16:14:42   Running antismash.modules.nrps_pks
DEBUG    20/07 16:14:42   Checking if antismash.modules.pfam2go should be run
INFO     20/07 16:14:42   Running antismash.modules.pfam2go
DEBUG    20/07 16:14:42   Checking if antismash.modules.rrefinder should be run
INFO     20/07 16:14:42   Running antismash.modules.rrefinder
DEBUG    20/07 16:14:42   Checking if antismash.modules.sactipeptides should be run
INFO     20/07 16:14:42   Running antismash.modules.sactipeptides
DEBUG    20/07 16:14:42   Found no sactipeptide motifs
DEBUG    20/07 16:14:44   Checking if antismash.modules.t2pks should be run
INFO     20/07 16:14:44   Running antismash.modules.t2pks
DEBUG    20/07 16:14:44   No type II PKS clusters to analyze
DEBUG    20/07 16:14:44   Checking if antismash.modules.tfbs_finder should be run
INFO     20/07 16:14:44   Running antismash.modules.tfbs_finder
DEBUG    20/07 16:14:44   Checking if antismash.modules.thiopeptides should be run
INFO     20/07 16:14:44   Running antismash.modules.thiopeptides
DEBUG    20/07 16:14:44   Thiopeptides marked 0 motifs
DEBUG    20/07 16:14:45   Checking if antismash.modules.tta should be run
INFO     20/07 16:14:45   Running antismash.modules.tta
INFO     20/07 16:14:45   Detecting TTA codons
DEBUG    20/07 16:14:45   GC content: 66%
DEBUG    20/07 16:14:45   Detected 0 TTA codons
INFO     20/07 16:14:45   Analysing record: NZ_QKZO01000003.1
INFO     20/07 16:14:45   Detecting secondary metabolite clusters
DEBUG    20/07 16:14:45   Checking if antismash.detection.hmm_detection should be run
INFO     20/07 16:14:45   Running antismash.detection.hmm_detection
INFO     20/07 16:14:45   HMM detection using strictness: relaxed
DEBUG    20/07 16:14:46   0 rule-based cluster(s) found in record
DEBUG    20/07 16:14:46   0 protoclusters found
DEBUG    20/07 16:14:46   0 subregions found
INFO     20/07 16:14:46   No regions detected, skipping record
INFO     20/07 16:14:46   Analysing record: NZ_QKZO01000004.1
INFO     20/07 16:14:46   Detecting secondary metabolite clusters
DEBUG    20/07 16:14:46   Checking if antismash.detection.hmm_detection should be run
INFO     20/07 16:14:46   Running antismash.detection.hmm_detection
INFO     20/07 16:14:46   HMM detection using strictness: relaxed
DEBUG    20/07 16:14:48   1 rule-based cluster(s) found in record
DEBUG    20/07 16:14:48   1 protoclusters found
DEBUG    20/07 16:14:48   0 subregions found
INFO     20/07 16:14:48   1 region(s) detected in record
DEBUG    20/07 16:14:48   Checking if antismash.detection.cluster_hmmer should be run
INFO     20/07 16:14:48   Running antismash.detection.cluster_hmmer
INFO     20/07 16:14:48   Running cluster PFAM search
DEBUG    20/07 16:14:54   Adding detection results from antismash.detection.cluster_hmmer to record
DEBUG    20/07 16:14:54   Checking if antismash.detection.genefunctions should be run
INFO     20/07 16:14:54   Running antismash.detection.genefunctions
DEBUG    20/07 16:14:55   Adding detection results from antismash.detection.genefunctions to record
DEBUG    20/07 16:14:55   annotating CDS features with resist info: 0 CDSes
DEBUG    20/07 16:14:55   annotating CDS features with smcogs info: 8 CDSes
DEBUG    20/07 16:14:55   Checking if antismash.detection.nrps_pks_domains should be run
INFO     20/07 16:14:55   Running antismash.detection.nrps_pks_domains
DEBUG    20/07 16:14:55   Marking NRPS/PKS CDS features and domains in clusters
DEBUG    20/07 16:14:55   Adding detection results from antismash.detection.nrps_pks_domains to record
DEBUG    20/07 16:14:55   Checking if antismash.detection.tigrfam should be run
INFO     20/07 16:14:55   Running antismash.detection.tigrfam
INFO     20/07 16:14:55   Running TIGRFam search
DEBUG    20/07 16:14:57   Adding detection results from antismash.detection.tigrfam to record
DEBUG    20/07 16:14:57   Checking if antismash.modules.active_site_finder should be run
INFO     20/07 16:14:57   Running antismash.modules.active_site_finder
DEBUG    20/07 16:14:57   Checking if antismash.modules.cluster_compare should be run
INFO     20/07 16:14:57   Running antismash.modules.cluster_compare
DEBUG    20/07 16:14:57   Loading comparison database: MIBiG
DEBUG    20/07 16:14:57   Comparison database loaded
INFO     20/07 16:14:57   Comparing regions to reference database
DEBUG    20/07 16:14:58   Checking if antismash.modules.clusterblast should be run
INFO     20/07 16:14:58   Running antismash.modules.clusterblast
INFO     20/07 16:14:58   Finding internal homologs in each gene cluster...
INFO     20/07 16:14:59   Running ClusterBlast
INFO     20/07 16:14:59   ClusterBlast: Loading gene cluster database into memory...
INFO     20/07 16:15:00   ClusterBlast: Loading gene cluster database proteins into memory...
INFO     20/07 16:15:10   Comparing regions to reference database
INFO     20/07 16:16:03   Running subcluster search
INFO     20/07 16:16:03   SubClusterBlast: Loading gene cluster database into memory...
INFO     20/07 16:16:03   SubClusterBlast: Loading gene cluster database proteins into memory...
INFO     20/07 16:16:04   Running known cluster search
INFO     20/07 16:16:04   KnownClusterBlast: Loading gene cluster database into memory...
INFO     20/07 16:16:04   KnownClusterBlast: Loading gene cluster database proteins into memory...
DEBUG    20/07 16:16:05   Running DIAMOND knowncluster searches..
INFO     20/07 16:16:05   Comparing regions to reference database
DEBUG    20/07 16:16:07   Checking if antismash.modules.lanthipeptides should be run
INFO     20/07 16:16:07   Running antismash.modules.lanthipeptides
DEBUG    20/07 16:16:07   Lanthipeptide module marked 0 motifs
DEBUG    20/07 16:16:08   Checking if antismash.modules.lassopeptides should be run
INFO     20/07 16:16:08   Running antismash.modules.lassopeptides
DEBUG    20/07 16:16:09   Lassopeptide module marked 0 motifs
DEBUG    20/07 16:16:09   Checking if antismash.modules.nrps_pks should be run
INFO     20/07 16:16:09   Running antismash.modules.nrps_pks
DEBUG    20/07 16:16:09   No NRPS or PKS genes found, skipping analysis
DEBUG    20/07 16:16:09   Checking if antismash.modules.pfam2go should be run
INFO     20/07 16:16:09   Running antismash.modules.pfam2go
DEBUG    20/07 16:16:09   Checking if antismash.modules.rrefinder should be run
INFO     20/07 16:16:09   Running antismash.modules.rrefinder
DEBUG    20/07 16:16:09   Checking if antismash.modules.sactipeptides should be run
INFO     20/07 16:16:09   Running antismash.modules.sactipeptides
DEBUG    20/07 16:16:09   Found no sactipeptide motifs
DEBUG    20/07 16:16:11   Checking if antismash.modules.t2pks should be run
INFO     20/07 16:16:11   Running antismash.modules.t2pks
DEBUG    20/07 16:16:11   No type II PKS clusters to analyze
DEBUG    20/07 16:16:11   Checking if antismash.modules.tfbs_finder should be run
INFO     20/07 16:16:11   Running antismash.modules.tfbs_finder
DEBUG    20/07 16:16:11   Checking if antismash.modules.thiopeptides should be run
INFO     20/07 16:16:11   Running antismash.modules.thiopeptides
DEBUG    20/07 16:16:11   Thiopeptides marked 0 motifs
DEBUG    20/07 16:16:12   Checking if antismash.modules.tta should be run
INFO     20/07 16:16:12   Running antismash.modules.tta
INFO     20/07 16:16:12   Detecting TTA codons
DEBUG    20/07 16:16:12   GC content: 66%
DEBUG    20/07 16:16:12   Detected 1 TTA codons
INFO     20/07 16:16:12   Analysing record: NZ_QKZO01000005.1
INFO     20/07 16:16:12   Detecting secondary metabolite clusters
DEBUG    20/07 16:16:12   Checking if antismash.detection.hmm_detection should be run
INFO     20/07 16:16:12   Running antismash.detection.hmm_detection
INFO     20/07 16:16:12   HMM detection using strictness: relaxed
DEBUG    20/07 16:16:13   0 rule-based cluster(s) found in record
DEBUG    20/07 16:16:13   0 protoclusters found
DEBUG    20/07 16:16:13   0 subregions found
INFO     20/07 16:16:13   No regions detected, skipping record
INFO     20/07 16:16:13   Analysing record: NZ_QKZO01000006.1
INFO     20/07 16:16:13   Detecting secondary metabolite clusters
DEBUG    20/07 16:16:13   Checking if antismash.detection.hmm_detection should be run
INFO     20/07 16:16:13   Running antismash.detection.hmm_detection
INFO     20/07 16:16:13   HMM detection using strictness: relaxed
DEBUG    20/07 16:16:15   1 rule-based cluster(s) found in record
DEBUG    20/07 16:16:15   1 protoclusters found
DEBUG    20/07 16:16:15   0 subregions found
INFO     20/07 16:16:15   1 region(s) detected in record
DEBUG    20/07 16:16:15   Checking if antismash.detection.cluster_hmmer should be run
INFO     20/07 16:16:15   Running antismash.detection.cluster_hmmer
INFO     20/07 16:16:15   Running cluster PFAM search
DEBUG    20/07 16:16:24   Adding detection results from antismash.detection.cluster_hmmer to record
DEBUG    20/07 16:16:24   Checking if antismash.detection.genefunctions should be run
INFO     20/07 16:16:24   Running antismash.detection.genefunctions
DEBUG    20/07 16:16:25   Adding detection results from antismash.detection.genefunctions to record
DEBUG    20/07 16:16:25   annotating CDS features with resist info: 0 CDSes
DEBUG    20/07 16:16:25   annotating CDS features with smcogs info: 7 CDSes
DEBUG    20/07 16:16:25   Checking if antismash.detection.nrps_pks_domains should be run
INFO     20/07 16:16:25   Running antismash.detection.nrps_pks_domains
DEBUG    20/07 16:16:25   Marking NRPS/PKS CDS features and domains in clusters
DEBUG    20/07 16:16:26   Adding detection results from antismash.detection.nrps_pks_domains to record
DEBUG    20/07 16:16:26   Checking if antismash.detection.tigrfam should be run
INFO     20/07 16:16:26   Running antismash.detection.tigrfam
INFO     20/07 16:16:26   Running TIGRFam search
DEBUG    20/07 16:16:28   Adding detection results from antismash.detection.tigrfam to record
DEBUG    20/07 16:16:28   Checking if antismash.modules.active_site_finder should be run
INFO     20/07 16:16:28   Running antismash.modules.active_site_finder
DEBUG    20/07 16:16:28   Checking if antismash.modules.cluster_compare should be run
INFO     20/07 16:16:28   Running antismash.modules.cluster_compare
DEBUG    20/07 16:16:28   Loading comparison database: MIBiG
DEBUG    20/07 16:16:28   Comparison database loaded
INFO     20/07 16:16:28   Comparing regions to reference database
DEBUG    20/07 16:16:29   Checking if antismash.modules.clusterblast should be run
INFO     20/07 16:16:29   Running antismash.modules.clusterblast
INFO     20/07 16:16:29   Finding internal homologs in each gene cluster...
INFO     20/07 16:16:30   Running ClusterBlast
INFO     20/07 16:16:30   ClusterBlast: Loading gene cluster database into memory...
INFO     20/07 16:16:31   ClusterBlast: Loading gene cluster database proteins into memory...
INFO     20/07 16:16:42   Comparing regions to reference database
INFO     20/07 16:17:35   Running subcluster search
INFO     20/07 16:17:35   SubClusterBlast: Loading gene cluster database into memory...
INFO     20/07 16:17:35   SubClusterBlast: Loading gene cluster database proteins into memory...
INFO     20/07 16:17:36   Running known cluster search
INFO     20/07 16:17:36   KnownClusterBlast: Loading gene cluster database into memory...
INFO     20/07 16:17:36   KnownClusterBlast: Loading gene cluster database proteins into memory...
DEBUG    20/07 16:17:36   Running DIAMOND knowncluster searches..
INFO     20/07 16:17:36   Comparing regions to reference database
DEBUG    20/07 16:17:38   Checking if antismash.modules.lanthipeptides should be run
INFO     20/07 16:17:38   Running antismash.modules.lanthipeptides
DEBUG    20/07 16:17:38   Lanthipeptide module marked 0 motifs
DEBUG    20/07 16:17:40   Checking if antismash.modules.lassopeptides should be run
INFO     20/07 16:17:40   Running antismash.modules.lassopeptides
DEBUG    20/07 16:17:41   Lassopeptide module marked 0 motifs
DEBUG    20/07 16:17:41   Checking if antismash.modules.nrps_pks should be run
INFO     20/07 16:17:41   Running antismash.modules.nrps_pks
DEBUG    20/07 16:17:41   No NRPS or PKS genes found, skipping analysis
DEBUG    20/07 16:17:41   Checking if antismash.modules.pfam2go should be run
INFO     20/07 16:17:41   Running antismash.modules.pfam2go
DEBUG    20/07 16:17:41   Checking if antismash.modules.rrefinder should be run
INFO     20/07 16:17:41   Running antismash.modules.rrefinder
DEBUG    20/07 16:17:41   Checking if antismash.modules.sactipeptides should be run
INFO     20/07 16:17:41   Running antismash.modules.sactipeptides
DEBUG    20/07 16:17:41   Found no sactipeptide motifs
DEBUG    20/07 16:17:42   Checking if antismash.modules.t2pks should be run
INFO     20/07 16:17:42   Running antismash.modules.t2pks
DEBUG    20/07 16:17:42   No type II PKS clusters to analyze
DEBUG    20/07 16:17:42   Checking if antismash.modules.tfbs_finder should be run
INFO     20/07 16:17:42   Running antismash.modules.tfbs_finder
DEBUG    20/07 16:17:42   Checking if antismash.modules.thiopeptides should be run
INFO     20/07 16:17:42   Running antismash.modules.thiopeptides
DEBUG    20/07 16:17:42   Thiopeptides marked 0 motifs
DEBUG    20/07 16:17:43   Checking if antismash.modules.tta should be run
INFO     20/07 16:17:43   Running antismash.modules.tta
INFO     20/07 16:17:43   Detecting TTA codons
DEBUG    20/07 16:17:43   GC content: 66%
DEBUG    20/07 16:17:43   Detected 3 TTA codons
INFO     20/07 16:17:43   Analysing record: NZ_QKZO01000007.1
INFO     20/07 16:17:43   Detecting secondary metabolite clusters
DEBUG    20/07 16:17:43   Checking if antismash.detection.hmm_detection should be run
INFO     20/07 16:17:43   Running antismash.detection.hmm_detection
INFO     20/07 16:17:43   HMM detection using strictness: relaxed
DEBUG    20/07 16:17:44   0 rule-based cluster(s) found in record
DEBUG    20/07 16:17:44   0 protoclusters found
DEBUG    20/07 16:17:44   0 subregions found
INFO     20/07 16:17:44   No regions detected, skipping record
INFO     20/07 16:17:44   Analysing record: NZ_QKZO01000008.1
INFO     20/07 16:17:44   Detecting secondary metabolite clusters
DEBUG    20/07 16:17:44   Checking if antismash.detection.hmm_detection should be run
INFO     20/07 16:17:44   Running antismash.detection.hmm_detection
INFO     20/07 16:17:44   HMM detection using strictness: relaxed
DEBUG    20/07 16:17:45   0 rule-based cluster(s) found in record
DEBUG    20/07 16:17:45   0 protoclusters found
DEBUG    20/07 16:17:45   0 subregions found
INFO     20/07 16:17:45   No regions detected, skipping record
INFO     20/07 16:17:45   Analysing record: NZ_QKZO01000009.1
INFO     20/07 16:17:45   Detecting secondary metabolite clusters
DEBUG    20/07 16:17:45   Checking if antismash.detection.hmm_detection should be run
INFO     20/07 16:17:45   Running antismash.detection.hmm_detection
INFO     20/07 16:17:45   HMM detection using strictness: relaxed
DEBUG    20/07 16:17:46   0 rule-based cluster(s) found in record
DEBUG    20/07 16:17:46   0 protoclusters found
DEBUG    20/07 16:17:46   0 subregions found
INFO     20/07 16:17:46   No regions detected, skipping record
INFO     20/07 16:17:46   Analysing record: NZ_QKZO01000010.1
INFO     20/07 16:17:46   Detecting secondary metabolite clusters
DEBUG    20/07 16:17:46   Checking if antismash.detection.hmm_detection should be run
INFO     20/07 16:17:46   Running antismash.detection.hmm_detection
INFO     20/07 16:17:46   HMM detection using strictness: relaxed
DEBUG    20/07 16:17:47   0 rule-based cluster(s) found in record
DEBUG    20/07 16:17:47   0 protoclusters found
DEBUG    20/07 16:17:47   0 subregions found
INFO     20/07 16:17:47   No regions detected, skipping record
INFO     20/07 16:17:47   Analysing record: NZ_QKZO01000011.1
INFO     20/07 16:17:47   Detecting secondary metabolite clusters
DEBUG    20/07 16:17:47   Checking if antismash.detection.hmm_detection should be run
INFO     20/07 16:17:47   Running antismash.detection.hmm_detection
INFO     20/07 16:17:47   HMM detection using strictness: relaxed
DEBUG    20/07 16:17:48   0 rule-based cluster(s) found in record
DEBUG    20/07 16:17:48   0 protoclusters found
DEBUG    20/07 16:17:48   0 subregions found
INFO     20/07 16:17:48   No regions detected, skipping record
INFO     20/07 16:17:48   Analysing record: NZ_QKZO01000012.1
INFO     20/07 16:17:48   Detecting secondary metabolite clusters
DEBUG    20/07 16:17:48   Checking if antismash.detection.hmm_detection should be run
INFO     20/07 16:17:48   Running antismash.detection.hmm_detection
INFO     20/07 16:17:48   HMM detection using strictness: relaxed
DEBUG    20/07 16:17:49   1 rule-based cluster(s) found in record
DEBUG    20/07 16:17:49   1 protoclusters found
DEBUG    20/07 16:17:49   0 subregions found
INFO     20/07 16:17:49   1 region(s) detected in record
DEBUG    20/07 16:17:49   Checking if antismash.detection.cluster_hmmer should be run
INFO     20/07 16:17:49   Running antismash.detection.cluster_hmmer
INFO     20/07 16:17:49   Running cluster PFAM search
DEBUG    20/07 16:17:57   Adding detection results from antismash.detection.cluster_hmmer to record
DEBUG    20/07 16:17:57   Checking if antismash.detection.genefunctions should be run
INFO     20/07 16:17:57   Running antismash.detection.genefunctions
DEBUG    20/07 16:17:58   Adding detection results from antismash.detection.genefunctions to record
DEBUG    20/07 16:17:58   annotating CDS features with resist info: 0 CDSes
DEBUG    20/07 16:17:58   annotating CDS features with smcogs info: 12 CDSes
DEBUG    20/07 16:17:58   Checking if antismash.detection.nrps_pks_domains should be run
INFO     20/07 16:17:58   Running antismash.detection.nrps_pks_domains
DEBUG    20/07 16:17:58   Marking NRPS/PKS CDS features and domains in clusters
DEBUG    20/07 16:17:59   Adding detection results from antismash.detection.nrps_pks_domains to record
DEBUG    20/07 16:17:59   Checking if antismash.detection.tigrfam should be run
INFO     20/07 16:17:59   Running antismash.detection.tigrfam
INFO     20/07 16:17:59   Running TIGRFam search
DEBUG    20/07 16:18:01   Adding detection results from antismash.detection.tigrfam to record
DEBUG    20/07 16:18:01   Checking if antismash.modules.active_site_finder should be run
INFO     20/07 16:18:01   Running antismash.modules.active_site_finder
DEBUG    20/07 16:18:01   Checking if antismash.modules.cluster_compare should be run
INFO     20/07 16:18:01   Running antismash.modules.cluster_compare
DEBUG    20/07 16:18:01   Loading comparison database: MIBiG
DEBUG    20/07 16:18:01   Comparison database loaded
INFO     20/07 16:18:01   Comparing regions to reference database
DEBUG    20/07 16:18:02   Checking if antismash.modules.clusterblast should be run
INFO     20/07 16:18:02   Running antismash.modules.clusterblast
INFO     20/07 16:18:02   Finding internal homologs in each gene cluster...
INFO     20/07 16:18:03   Running ClusterBlast
INFO     20/07 16:18:03   ClusterBlast: Loading gene cluster database into memory...
INFO     20/07 16:18:04   ClusterBlast: Loading gene cluster database proteins into memory...
INFO     20/07 16:18:15   Comparing regions to reference database
INFO     20/07 16:19:10   Running subcluster search
INFO     20/07 16:19:10   SubClusterBlast: Loading gene cluster database into memory...
INFO     20/07 16:19:10   SubClusterBlast: Loading gene cluster database proteins into memory...
INFO     20/07 16:19:11   Running known cluster search
INFO     20/07 16:19:11   KnownClusterBlast: Loading gene cluster database into memory...
INFO     20/07 16:19:11   KnownClusterBlast: Loading gene cluster database proteins into memory...
DEBUG    20/07 16:19:11   Running DIAMOND knowncluster searches..
INFO     20/07 16:19:11   Comparing regions to reference database
DEBUG    20/07 16:19:13   Checking if antismash.modules.lanthipeptides should be run
INFO     20/07 16:19:13   Running antismash.modules.lanthipeptides
DEBUG    20/07 16:19:13   Lanthipeptide module marked 0 motifs
DEBUG    20/07 16:19:14   Checking if antismash.modules.lassopeptides should be run
INFO     20/07 16:19:14   Running antismash.modules.lassopeptides
DEBUG    20/07 16:19:16   Lassopeptide module marked 0 motifs
DEBUG    20/07 16:19:16   Checking if antismash.modules.nrps_pks should be run
INFO     20/07 16:19:16   Running antismash.modules.nrps_pks
INFO     20/07 16:19:16   Predicting A domain substrate specificities with nrpys
DEBUG    20/07 16:19:16   CandidateCluster 1 monomer ordering method: colinear
DEBUG    20/07 16:19:16   Checking if antismash.modules.pfam2go should be run
INFO     20/07 16:19:16   Running antismash.modules.pfam2go
DEBUG    20/07 16:19:16   Checking if antismash.modules.rrefinder should be run
INFO     20/07 16:19:16   Running antismash.modules.rrefinder
DEBUG    20/07 16:19:16   Checking if antismash.modules.sactipeptides should be run
INFO     20/07 16:19:16   Running antismash.modules.sactipeptides
DEBUG    20/07 16:19:16   Found no sactipeptide motifs
DEBUG    20/07 16:19:17   Checking if antismash.modules.t2pks should be run
INFO     20/07 16:19:17   Running antismash.modules.t2pks
DEBUG    20/07 16:19:17   No type II PKS clusters to analyze
DEBUG    20/07 16:19:17   Checking if antismash.modules.tfbs_finder should be run
INFO     20/07 16:19:17   Running antismash.modules.tfbs_finder
DEBUG    20/07 16:19:17   Checking if antismash.modules.thiopeptides should be run
INFO     20/07 16:19:17   Running antismash.modules.thiopeptides
DEBUG    20/07 16:19:17   Thiopeptides marked 0 motifs
DEBUG    20/07 16:19:19   Checking if antismash.modules.tta should be run
INFO     20/07 16:19:19   Running antismash.modules.tta
INFO     20/07 16:19:19   Detecting TTA codons
DEBUG    20/07 16:19:19   GC content: 67%
DEBUG    20/07 16:19:19   Detected 1 TTA codons
INFO     20/07 16:19:19   Analysing record: NZ_QKZO01000013.1
INFO     20/07 16:19:19   Detecting secondary metabolite clusters
DEBUG    20/07 16:19:19   Checking if antismash.detection.hmm_detection should be run
INFO     20/07 16:19:19   Running antismash.detection.hmm_detection
INFO     20/07 16:19:19   HMM detection using strictness: relaxed
DEBUG    20/07 16:19:19   0 rule-based cluster(s) found in record
DEBUG    20/07 16:19:19   0 protoclusters found
DEBUG    20/07 16:19:19   0 subregions found
INFO     20/07 16:19:19   No regions detected, skipping record
INFO     20/07 16:19:19   Analysing record: NZ_QKZO01000014.1
INFO     20/07 16:19:19   Detecting secondary metabolite clusters
DEBUG    20/07 16:19:19   Checking if antismash.detection.hmm_detection should be run
INFO     20/07 16:19:19   Running antismash.detection.hmm_detection
INFO     20/07 16:19:19   HMM detection using strictness: relaxed
DEBUG    20/07 16:19:20   0 rule-based cluster(s) found in record
DEBUG    20/07 16:19:20   0 protoclusters found
DEBUG    20/07 16:19:20   0 subregions found
INFO     20/07 16:19:20   No regions detected, skipping record
INFO     20/07 16:19:20   Analysing record: NZ_QKZO01000015.1
INFO     20/07 16:19:20   Detecting secondary metabolite clusters
DEBUG    20/07 16:19:20   Checking if antismash.detection.hmm_detection should be run
INFO     20/07 16:19:20   Running antismash.detection.hmm_detection
INFO     20/07 16:19:20   HMM detection using strictness: relaxed
DEBUG    20/07 16:19:21   2 rule-based cluster(s) found in record
DEBUG    20/07 16:19:21   2 protoclusters found
DEBUG    20/07 16:19:21   0 subregions found
INFO     20/07 16:19:21   1 region(s) detected in record
DEBUG    20/07 16:19:21   Checking if antismash.detection.cluster_hmmer should be run
INFO     20/07 16:19:21   Running antismash.detection.cluster_hmmer
INFO     20/07 16:19:21   Running cluster PFAM search
DEBUG    20/07 16:19:36   Adding detection results from antismash.detection.cluster_hmmer to record
DEBUG    20/07 16:19:36   Checking if antismash.detection.genefunctions should be run
INFO     20/07 16:19:36   Running antismash.detection.genefunctions
DEBUG    20/07 16:19:38   Adding detection results from antismash.detection.genefunctions to record
DEBUG    20/07 16:19:38   annotating CDS features with resist info: 0 CDSes
DEBUG    20/07 16:19:38   annotating CDS features with smcogs info: 21 CDSes
DEBUG    20/07 16:19:38   Checking if antismash.detection.nrps_pks_domains should be run
INFO     20/07 16:19:38   Running antismash.detection.nrps_pks_domains
DEBUG    20/07 16:19:38   Marking NRPS/PKS CDS features and domains in clusters
DEBUG    20/07 16:19:39   Adding detection results from antismash.detection.nrps_pks_domains to record
DEBUG    20/07 16:19:39   Checking if antismash.detection.tigrfam should be run
INFO     20/07 16:19:39   Running antismash.detection.tigrfam
INFO     20/07 16:19:39   Running TIGRFam search
DEBUG    20/07 16:19:44   Adding detection results from antismash.detection.tigrfam to record
DEBUG    20/07 16:19:44   Checking if antismash.modules.active_site_finder should be run
INFO     20/07 16:19:44   Running antismash.modules.active_site_finder
DEBUG    20/07 16:19:44   Checking if antismash.modules.cluster_compare should be run
INFO     20/07 16:19:44   Running antismash.modules.cluster_compare
DEBUG    20/07 16:19:44   Loading comparison database: MIBiG
DEBUG    20/07 16:19:44   Comparison database loaded
INFO     20/07 16:19:44   Comparing regions to reference database
DEBUG    20/07 16:19:46   Checking if antismash.modules.clusterblast should be run
INFO     20/07 16:19:46   Running antismash.modules.clusterblast
INFO     20/07 16:19:46   Finding internal homologs in each gene cluster...
INFO     20/07 16:19:47   Running ClusterBlast
INFO     20/07 16:19:47   ClusterBlast: Loading gene cluster database into memory...
INFO     20/07 16:19:49   ClusterBlast: Loading gene cluster database proteins into memory...
INFO     20/07 16:20:01   Comparing regions to reference database
INFO     20/07 16:20:58   Running subcluster search
INFO     20/07 16:20:58   SubClusterBlast: Loading gene cluster database into memory...
INFO     20/07 16:20:58   SubClusterBlast: Loading gene cluster database proteins into memory...
INFO     20/07 16:21:00   Running known cluster search
INFO     20/07 16:21:00   KnownClusterBlast: Loading gene cluster database into memory...
INFO     20/07 16:21:00   KnownClusterBlast: Loading gene cluster database proteins into memory...
DEBUG    20/07 16:21:00   Running DIAMOND knowncluster searches..
INFO     20/07 16:21:00   Comparing regions to reference database
DEBUG    20/07 16:21:03   Checking if antismash.modules.lanthipeptides should be run
INFO     20/07 16:21:03   Running antismash.modules.lanthipeptides
DEBUG    20/07 16:21:03   Lanthipeptide module marked 0 motifs
DEBUG    20/07 16:21:05   Checking if antismash.modules.lassopeptides should be run
INFO     20/07 16:21:05   Running antismash.modules.lassopeptides
DEBUG    20/07 16:21:07   Lassopeptide module marked 0 motifs
DEBUG    20/07 16:21:07   Checking if antismash.modules.nrps_pks should be run
INFO     20/07 16:21:07   Running antismash.modules.nrps_pks
INFO     20/07 16:21:07   Predicting A domain substrate specificities with nrpys
INFO     20/07 16:21:07   Predicting CAL domain substrate specificities by Minowa et al. method
INFO     20/07 16:21:07   Predicting PKS KR activity and stereochemistry using KR fingerprints from Starcevic et al.
DEBUG    20/07 16:21:07   CandidateCluster 1 monomer ordering method: colinear
DEBUG    20/07 16:21:07   Checking if antismash.modules.pfam2go should be run
INFO     20/07 16:21:07   Running antismash.modules.pfam2go
DEBUG    20/07 16:21:07   Checking if antismash.modules.rrefinder should be run
INFO     20/07 16:21:07   Running antismash.modules.rrefinder
DEBUG    20/07 16:21:07   Checking if antismash.modules.sactipeptides should be run
INFO     20/07 16:21:07   Running antismash.modules.sactipeptides
DEBUG    20/07 16:21:07   Found no sactipeptide motifs
DEBUG    20/07 16:21:08   Checking if antismash.modules.t2pks should be run
INFO     20/07 16:21:08   Running antismash.modules.t2pks
DEBUG    20/07 16:21:08   No type II PKS clusters to analyze
DEBUG    20/07 16:21:08   Checking if antismash.modules.tfbs_finder should be run
INFO     20/07 16:21:08   Running antismash.modules.tfbs_finder
DEBUG    20/07 16:21:08   Checking if antismash.modules.thiopeptides should be run
INFO     20/07 16:21:08   Running antismash.modules.thiopeptides
DEBUG    20/07 16:21:08   Thiopeptides marked 0 motifs
DEBUG    20/07 16:21:10   Checking if antismash.modules.tta should be run
INFO     20/07 16:21:10   Running antismash.modules.tta
INFO     20/07 16:21:10   Detecting TTA codons
DEBUG    20/07 16:21:10   GC content: 68%
DEBUG    20/07 16:21:10   Detected 0 TTA codons
INFO     20/07 16:21:10   Analysing record: NZ_QKZO01000016.1
INFO     20/07 16:21:10   Detecting secondary metabolite clusters
DEBUG    20/07 16:21:10   Checking if antismash.detection.hmm_detection should be run
INFO     20/07 16:21:10   Running antismash.detection.hmm_detection
INFO     20/07 16:21:10   HMM detection using strictness: relaxed
DEBUG    20/07 16:21:10   0 rule-based cluster(s) found in record
DEBUG    20/07 16:21:10   0 protoclusters found
DEBUG    20/07 16:21:10   0 subregions found
INFO     20/07 16:21:10   No regions detected, skipping record
INFO     20/07 16:21:10   Analysing record: NZ_QKZO01000017.1
INFO     20/07 16:21:10   Detecting secondary metabolite clusters
DEBUG    20/07 16:21:10   Checking if antismash.detection.hmm_detection should be run
INFO     20/07 16:21:10   Running antismash.detection.hmm_detection
INFO     20/07 16:21:10   HMM detection using strictness: relaxed
DEBUG    20/07 16:21:10   0 rule-based cluster(s) found in record
DEBUG    20/07 16:21:11   0 protoclusters found
DEBUG    20/07 16:21:11   0 subregions found
INFO     20/07 16:21:11   No regions detected, skipping record
INFO     20/07 16:21:11   Analysing record: NZ_QKZO01000018.1
INFO     20/07 16:21:11   Detecting secondary metabolite clusters
DEBUG    20/07 16:21:11   Checking if antismash.detection.hmm_detection should be run
INFO     20/07 16:21:11   Running antismash.detection.hmm_detection
INFO     20/07 16:21:11   HMM detection using strictness: relaxed
DEBUG    20/07 16:21:11   0 rule-based cluster(s) found in record
DEBUG    20/07 16:21:11   0 protoclusters found
DEBUG    20/07 16:21:11   0 subregions found
INFO     20/07 16:21:11   No regions detected, skipping record
INFO     20/07 16:21:11   Analysing record: NZ_QKZO01000019.1
INFO     20/07 16:21:11   Detecting secondary metabolite clusters
DEBUG    20/07 16:21:11   Checking if antismash.detection.hmm_detection should be run
INFO     20/07 16:21:11   Running antismash.detection.hmm_detection
INFO     20/07 16:21:11   HMM detection using strictness: relaxed
DEBUG    20/07 16:21:11   0 rule-based cluster(s) found in record
DEBUG    20/07 16:21:11   0 protoclusters found
DEBUG    20/07 16:21:11   0 subregions found
INFO     20/07 16:21:11   No regions detected, skipping record
INFO     20/07 16:21:11   Analysing record: NZ_QKZO01000020.1
INFO     20/07 16:21:11   Detecting secondary metabolite clusters
DEBUG    20/07 16:21:11   Checking if antismash.detection.hmm_detection should be run
INFO     20/07 16:21:11   Running antismash.detection.hmm_detection
INFO     20/07 16:21:11   HMM detection using strictness: relaxed
DEBUG    20/07 16:21:12   0 rule-based cluster(s) found in record
DEBUG    20/07 16:21:12   0 protoclusters found
DEBUG    20/07 16:21:12   0 subregions found
INFO     20/07 16:21:12   No regions detected, skipping record
INFO     20/07 16:21:12   Analysing record: NZ_QKZO01000021.1
INFO     20/07 16:21:12   Detecting secondary metabolite clusters
DEBUG    20/07 16:21:12   Checking if antismash.detection.hmm_detection should be run
INFO     20/07 16:21:12   Running antismash.detection.hmm_detection
INFO     20/07 16:21:12   HMM detection using strictness: relaxed
DEBUG    20/07 16:21:12   0 rule-based cluster(s) found in record
DEBUG    20/07 16:21:12   0 protoclusters found
DEBUG    20/07 16:21:12   0 subregions found
INFO     20/07 16:21:12   No regions detected, skipping record
INFO     20/07 16:21:12   Analysing record: NZ_QKZO01000022.1
INFO     20/07 16:21:12   Detecting secondary metabolite clusters
DEBUG    20/07 16:21:12   Checking if antismash.detection.hmm_detection should be run
INFO     20/07 16:21:12   Running antismash.detection.hmm_detection
INFO     20/07 16:21:12   HMM detection using strictness: relaxed
DEBUG    20/07 16:21:13   0 rule-based cluster(s) found in record
DEBUG    20/07 16:21:13   0 protoclusters found
DEBUG    20/07 16:21:13   0 subregions found
INFO     20/07 16:21:13   No regions detected, skipping record
INFO     20/07 16:21:13   Analysing record: NZ_QKZO01000023.1
INFO     20/07 16:21:13   Detecting secondary metabolite clusters
DEBUG    20/07 16:21:13   Checking if antismash.detection.hmm_detection should be run
INFO     20/07 16:21:13   Running antismash.detection.hmm_detection
INFO     20/07 16:21:13   HMM detection using strictness: relaxed
DEBUG    20/07 16:21:13   0 rule-based cluster(s) found in record
DEBUG    20/07 16:21:13   0 protoclusters found
DEBUG    20/07 16:21:13   0 subregions found
INFO     20/07 16:21:13   No regions detected, skipping record
INFO     20/07 16:21:13   Analysing record: NZ_QKZO01000024.1
INFO     20/07 16:21:13   Detecting secondary metabolite clusters
DEBUG    20/07 16:21:13   Checking if antismash.detection.hmm_detection should be run
INFO     20/07 16:21:13   Running antismash.detection.hmm_detection
INFO     20/07 16:21:13   HMM detection using strictness: relaxed
DEBUG    20/07 16:21:14   0 rule-based cluster(s) found in record
DEBUG    20/07 16:21:14   0 protoclusters found
DEBUG    20/07 16:21:14   0 subregions found
INFO     20/07 16:21:14   No regions detected, skipping record
DEBUG    20/07 16:21:14   Writing json results to '/data/antismash/upload/bacteria-914e68e8-d6fa-41d9-be72-66218940a0a5/GCF_003254295.1_Rhodobacter_capsulatus_DSM_1710.json'
DEBUG    20/07 16:21:14   Record NZ_QKZO01000001.1 has results for modules: hmm_detection
DEBUG    20/07 16:21:14   Converting antismash.detection.hmm_detection results to json
DEBUG    20/07 16:21:14   Record NZ_QKZO01000002.1 has results for modules: hmm_detection, cluster_hmmer, genefunctions, nrps_pks_domains, tigrfam, active_site_finder, cluster_compare, clusterblast, lanthipeptides, lassopeptides, nrps_pks, pfam2go, rrefinder, sactipeptides, t2pks, tfbs_finder, thiopeptides
DEBUG    20/07 16:21:14   Converting antismash.detection.hmm_detection results to json
DEBUG    20/07 16:21:14   Converting antismash.detection.cluster_hmmer results to json
DEBUG    20/07 16:21:14   Converting antismash.detection.genefunctions results to json
DEBUG    20/07 16:21:14   Converting antismash.detection.nrps_pks_domains results to json
DEBUG    20/07 16:21:14   Converting antismash.detection.tigrfam results to json
DEBUG    20/07 16:21:14   Converting antismash.modules.active_site_finder results to json
DEBUG    20/07 16:21:14   Converting antismash.modules.cluster_compare results to json
DEBUG    20/07 16:21:14   Converting antismash.modules.clusterblast results to json
DEBUG    20/07 16:21:14   Converting antismash.modules.lanthipeptides results to json
DEBUG    20/07 16:21:14   Converting antismash.modules.lassopeptides results to json
DEBUG    20/07 16:21:14   Converting antismash.modules.nrps_pks results to json
DEBUG    20/07 16:21:14   Converting antismash.modules.pfam2go results to json
DEBUG    20/07 16:21:14   Converting antismash.modules.rrefinder results to json
DEBUG    20/07 16:21:14   Converting antismash.modules.sactipeptides results to json
DEBUG    20/07 16:21:14   Converting antismash.modules.t2pks results to json
DEBUG    20/07 16:21:14   Converting antismash.modules.tfbs_finder results to json
DEBUG    20/07 16:21:14   Converting antismash.modules.thiopeptides results to json
DEBUG    20/07 16:21:14   Converting antismash.modules.tta results to json
DEBUG    20/07 16:21:14   Record NZ_QKZO01000003.1 has results for modules: hmm_detection
DEBUG    20/07 16:21:14   Converting antismash.detection.hmm_detection results to json
DEBUG    20/07 16:21:14   Record NZ_QKZO01000004.1 has results for modules: hmm_detection, cluster_hmmer, genefunctions, nrps_pks_domains, tigrfam, active_site_finder, cluster_compare, clusterblast, lanthipeptides, lassopeptides, nrps_pks, pfam2go, rrefinder, sactipeptides, t2pks, tfbs_finder, thiopeptides, tta
DEBUG    20/07 16:21:14   Converting antismash.detection.hmm_detection results to json
DEBUG    20/07 16:21:14   Converting antismash.detection.cluster_hmmer results to json
DEBUG    20/07 16:21:14   Converting antismash.detection.genefunctions results to json
DEBUG    20/07 16:21:14   Converting antismash.detection.nrps_pks_domains results to json
DEBUG    20/07 16:21:14   Converting antismash.detection.tigrfam results to json
DEBUG    20/07 16:21:14   Converting antismash.modules.active_site_finder results to json
DEBUG    20/07 16:21:14   Converting antismash.modules.cluster_compare results to json
DEBUG    20/07 16:21:14   Converting antismash.modules.clusterblast results to json
DEBUG    20/07 16:21:14   Converting antismash.modules.lanthipeptides results to json
DEBUG    20/07 16:21:14   Converting antismash.modules.lassopeptides results to json
DEBUG    20/07 16:21:14   Converting antismash.modules.nrps_pks results to json
DEBUG    20/07 16:21:14   Converting antismash.modules.pfam2go results to json
DEBUG    20/07 16:21:14   Converting antismash.modules.rrefinder results to json
DEBUG    20/07 16:21:14   Converting antismash.modules.sactipeptides results to json
DEBUG    20/07 16:21:14   Converting antismash.modules.t2pks results to json
DEBUG    20/07 16:21:14   Converting antismash.modules.tfbs_finder results to json
DEBUG    20/07 16:21:14   Converting antismash.modules.thiopeptides results to json
DEBUG    20/07 16:21:14   Converting antismash.modules.tta results to json
DEBUG    20/07 16:21:14   Record NZ_QKZO01000005.1 has results for modules: hmm_detection
DEBUG    20/07 16:21:14   Converting antismash.detection.hmm_detection results to json
DEBUG    20/07 16:21:14   Record NZ_QKZO01000006.1 has results for modules: hmm_detection, cluster_hmmer, genefunctions, nrps_pks_domains, tigrfam, active_site_finder, cluster_compare, clusterblast, lanthipeptides, lassopeptides, nrps_pks, pfam2go, rrefinder, sactipeptides, t2pks, tfbs_finder, thiopeptides, tta
DEBUG    20/07 16:21:14   Converting antismash.detection.hmm_detection results to json
DEBUG    20/07 16:21:14   Converting antismash.detection.cluster_hmmer results to json
DEBUG    20/07 16:21:14   Converting antismash.detection.genefunctions results to json
DEBUG    20/07 16:21:14   Converting antismash.detection.nrps_pks_domains results to json
DEBUG    20/07 16:21:14   Converting antismash.detection.tigrfam results to json
DEBUG    20/07 16:21:14   Converting antismash.modules.active_site_finder results to json
DEBUG    20/07 16:21:14   Converting antismash.modules.cluster_compare results to json
DEBUG    20/07 16:21:14   Converting antismash.modules.clusterblast results to json
DEBUG    20/07 16:21:14   Converting antismash.modules.lanthipeptides results to json
DEBUG    20/07 16:21:14   Converting antismash.modules.lassopeptides results to json
DEBUG    20/07 16:21:14   Converting antismash.modules.nrps_pks results to json
DEBUG    20/07 16:21:14   Converting antismash.modules.pfam2go results to json
DEBUG    20/07 16:21:14   Converting antismash.modules.rrefinder results to json
DEBUG    20/07 16:21:14   Converting antismash.modules.sactipeptides results to json
DEBUG    20/07 16:21:14   Converting antismash.modules.t2pks results to json
DEBUG    20/07 16:21:14   Converting antismash.modules.tfbs_finder results to json
DEBUG    20/07 16:21:14   Converting antismash.modules.thiopeptides results to json
DEBUG    20/07 16:21:14   Converting antismash.modules.tta results to json
DEBUG    20/07 16:21:14   Record NZ_QKZO01000007.1 has results for modules: hmm_detection
DEBUG    20/07 16:21:14   Converting antismash.detection.hmm_detection results to json
DEBUG    20/07 16:21:14   Record NZ_QKZO01000008.1 has results for modules: hmm_detection
DEBUG    20/07 16:21:14   Converting antismash.detection.hmm_detection results to json
DEBUG    20/07 16:21:14   Record NZ_QKZO01000009.1 has results for modules: hmm_detection
DEBUG    20/07 16:21:14   Converting antismash.detection.hmm_detection results to json
DEBUG    20/07 16:21:14   Record NZ_QKZO01000010.1 has results for modules: hmm_detection
DEBUG    20/07 16:21:14   Converting antismash.detection.hmm_detection results to json
DEBUG    20/07 16:21:14   Record NZ_QKZO01000011.1 has results for modules: hmm_detection
DEBUG    20/07 16:21:14   Converting antismash.detection.hmm_detection results to json
DEBUG    20/07 16:21:14   Record NZ_QKZO01000012.1 has results for modules: hmm_detection, cluster_hmmer, genefunctions, nrps_pks_domains, tigrfam, active_site_finder, cluster_compare, clusterblast, lanthipeptides, lassopeptides, nrps_pks, pfam2go, rrefinder, sactipeptides, t2pks, tfbs_finder, thiopeptides, tta
DEBUG    20/07 16:21:14   Converting antismash.detection.hmm_detection results to json
DEBUG    20/07 16:21:14   Converting antismash.detection.cluster_hmmer results to json
DEBUG    20/07 16:21:14   Converting antismash.detection.genefunctions results to json
DEBUG    20/07 16:21:14   Converting antismash.detection.nrps_pks_domains results to json
DEBUG    20/07 16:21:14   Converting antismash.detection.tigrfam results to json
DEBUG    20/07 16:21:14   Converting antismash.modules.active_site_finder results to json
DEBUG    20/07 16:21:14   Converting antismash.modules.cluster_compare results to json
DEBUG    20/07 16:21:14   Converting antismash.modules.clusterblast results to json
DEBUG    20/07 16:21:14   Converting antismash.modules.lanthipeptides results to json
DEBUG    20/07 16:21:14   Converting antismash.modules.lassopeptides results to json
DEBUG    20/07 16:21:14   Converting antismash.modules.nrps_pks results to json
DEBUG    20/07 16:21:14   Converting antismash.modules.pfam2go results to json
DEBUG    20/07 16:21:14   Converting antismash.modules.rrefinder results to json
DEBUG    20/07 16:21:14   Converting antismash.modules.sactipeptides results to json
DEBUG    20/07 16:21:14   Converting antismash.modules.t2pks results to json
DEBUG    20/07 16:21:14   Converting antismash.modules.tfbs_finder results to json
DEBUG    20/07 16:21:14   Converting antismash.modules.thiopeptides results to json
DEBUG    20/07 16:21:14   Converting antismash.modules.tta results to json
DEBUG    20/07 16:21:14   Record NZ_QKZO01000013.1 has results for modules: hmm_detection
DEBUG    20/07 16:21:14   Converting antismash.detection.hmm_detection results to json
DEBUG    20/07 16:21:14   Record NZ_QKZO01000014.1 has results for modules: hmm_detection
DEBUG    20/07 16:21:14   Converting antismash.detection.hmm_detection results to json
DEBUG    20/07 16:21:14   Record NZ_QKZO01000015.1 has results for modules: hmm_detection, cluster_hmmer, genefunctions, nrps_pks_domains, tigrfam, active_site_finder, cluster_compare, clusterblast, lanthipeptides, lassopeptides, nrps_pks, pfam2go, rrefinder, sactipeptides, t2pks, tfbs_finder, thiopeptides
DEBUG    20/07 16:21:14   Converting antismash.detection.hmm_detection results to json
DEBUG    20/07 16:21:14   Converting antismash.detection.cluster_hmmer results to json
DEBUG    20/07 16:21:14   Converting antismash.detection.genefunctions results to json
DEBUG    20/07 16:21:14   Converting antismash.detection.nrps_pks_domains results to json
DEBUG    20/07 16:21:14   Converting antismash.detection.tigrfam results to json
DEBUG    20/07 16:21:14   Converting antismash.modules.active_site_finder results to json
DEBUG    20/07 16:21:14   Converting antismash.modules.cluster_compare results to json
DEBUG    20/07 16:21:14   Converting antismash.modules.clusterblast results to json
DEBUG    20/07 16:21:14   Converting antismash.modules.lanthipeptides results to json
DEBUG    20/07 16:21:14   Converting antismash.modules.lassopeptides results to json
DEBUG    20/07 16:21:14   Converting antismash.modules.nrps_pks results to json
DEBUG    20/07 16:21:14   Converting antismash.modules.pfam2go results to json
DEBUG    20/07 16:21:14   Converting antismash.modules.rrefinder results to json
DEBUG    20/07 16:21:14   Converting antismash.modules.sactipeptides results to json
DEBUG    20/07 16:21:14   Converting antismash.modules.t2pks results to json
DEBUG    20/07 16:21:14   Converting antismash.modules.tfbs_finder results to json
DEBUG    20/07 16:21:14   Converting antismash.modules.thiopeptides results to json
DEBUG    20/07 16:21:14   Converting antismash.modules.tta results to json
DEBUG    20/07 16:21:14   Record NZ_QKZO01000016.1 has results for modules: hmm_detection
DEBUG    20/07 16:21:14   Converting antismash.detection.hmm_detection results to json
DEBUG    20/07 16:21:14   Record NZ_QKZO01000017.1 has results for modules: hmm_detection
DEBUG    20/07 16:21:14   Converting antismash.detection.hmm_detection results to json
DEBUG    20/07 16:21:14   Record NZ_QKZO01000018.1 has results for modules: hmm_detection
DEBUG    20/07 16:21:14   Converting antismash.detection.hmm_detection results to json
DEBUG    20/07 16:21:14   Record NZ_QKZO01000019.1 has results for modules: hmm_detection
DEBUG    20/07 16:21:14   Converting antismash.detection.hmm_detection results to json
DEBUG    20/07 16:21:14   Record NZ_QKZO01000020.1 has results for modules: hmm_detection
DEBUG    20/07 16:21:14   Converting antismash.detection.hmm_detection results to json
DEBUG    20/07 16:21:14   Record NZ_QKZO01000021.1 has results for modules: hmm_detection
DEBUG    20/07 16:21:14   Converting antismash.detection.hmm_detection results to json
DEBUG    20/07 16:21:14   Record NZ_QKZO01000022.1 has results for modules: hmm_detection
DEBUG    20/07 16:21:14   Converting antismash.detection.hmm_detection results to json
DEBUG    20/07 16:21:14   Record NZ_QKZO01000023.1 has results for modules: hmm_detection
DEBUG    20/07 16:21:14   Converting antismash.detection.hmm_detection results to json
DEBUG    20/07 16:21:14   Record NZ_QKZO01000024.1 has results for modules: hmm_detection
DEBUG    20/07 16:21:14   Converting antismash.detection.hmm_detection results to json
DEBUG    20/07 16:21:14   Not annotating skipped record NZ_QKZO01000001.1: No regions detected
DEBUG    20/07 16:21:14   Annotating record NZ_QKZO01000002.1 with results from: hmm_detection, cluster_hmmer, genefunctions, nrps_pks_domains, tigrfam, active_site_finder, cluster_compare, clusterblast, lanthipeptides, lassopeptides, nrps_pks, pfam2go, rrefinder, sactipeptides, t2pks, tfbs_finder, thiopeptides, tta
DEBUG    20/07 16:21:14    Adding results from antismash.modules.active_site_finder
DEBUG    20/07 16:21:14    Adding results from antismash.modules.cluster_compare
DEBUG    20/07 16:21:14    Adding results from antismash.modules.clusterblast
DEBUG    20/07 16:21:14    Adding results from antismash.modules.lanthipeptides
DEBUG    20/07 16:21:14    Adding results from antismash.modules.lassopeptides
DEBUG    20/07 16:21:14    Adding results from antismash.modules.nrps_pks
DEBUG    20/07 16:21:14    Adding results from antismash.modules.pfam2go
DEBUG    20/07 16:21:14    Adding results from antismash.modules.rrefinder
DEBUG    20/07 16:21:14    Adding results from antismash.modules.sactipeptides
DEBUG    20/07 16:21:14    Adding results from antismash.modules.t2pks
DEBUG    20/07 16:21:14    Adding results from antismash.modules.tfbs_finder
DEBUG    20/07 16:21:14    Adding results from antismash.modules.thiopeptides
DEBUG    20/07 16:21:14    Adding results from antismash.modules.tta
DEBUG    20/07 16:21:14   Not annotating skipped record NZ_QKZO01000003.1: No regions detected
DEBUG    20/07 16:21:14   Annotating record NZ_QKZO01000004.1 with results from: hmm_detection, cluster_hmmer, genefunctions, nrps_pks_domains, tigrfam, active_site_finder, cluster_compare, clusterblast, lanthipeptides, lassopeptides, nrps_pks, pfam2go, rrefinder, sactipeptides, t2pks, tfbs_finder, thiopeptides, tta
DEBUG    20/07 16:21:14    Adding results from antismash.modules.active_site_finder
DEBUG    20/07 16:21:14    Adding results from antismash.modules.cluster_compare
DEBUG    20/07 16:21:14    Adding results from antismash.modules.clusterblast
DEBUG    20/07 16:21:14    Adding results from antismash.modules.lanthipeptides
DEBUG    20/07 16:21:14    Adding results from antismash.modules.lassopeptides
DEBUG    20/07 16:21:14    Adding results from antismash.modules.nrps_pks
DEBUG    20/07 16:21:14    Adding results from antismash.modules.pfam2go
DEBUG    20/07 16:21:14    Adding results from antismash.modules.rrefinder
DEBUG    20/07 16:21:14    Adding results from antismash.modules.sactipeptides
DEBUG    20/07 16:21:14    Adding results from antismash.modules.t2pks
DEBUG    20/07 16:21:14    Adding results from antismash.modules.tfbs_finder
DEBUG    20/07 16:21:14    Adding results from antismash.modules.thiopeptides
DEBUG    20/07 16:21:14    Adding results from antismash.modules.tta
DEBUG    20/07 16:21:14   Not annotating skipped record NZ_QKZO01000005.1: No regions detected
DEBUG    20/07 16:21:14   Annotating record NZ_QKZO01000006.1 with results from: hmm_detection, cluster_hmmer, genefunctions, nrps_pks_domains, tigrfam, active_site_finder, cluster_compare, clusterblast, lanthipeptides, lassopeptides, nrps_pks, pfam2go, rrefinder, sactipeptides, t2pks, tfbs_finder, thiopeptides, tta
DEBUG    20/07 16:21:14    Adding results from antismash.modules.active_site_finder
DEBUG    20/07 16:21:14    Adding results from antismash.modules.cluster_compare
DEBUG    20/07 16:21:14    Adding results from antismash.modules.clusterblast
DEBUG    20/07 16:21:14    Adding results from antismash.modules.lanthipeptides
DEBUG    20/07 16:21:14    Adding results from antismash.modules.lassopeptides
DEBUG    20/07 16:21:14    Adding results from antismash.modules.nrps_pks
DEBUG    20/07 16:21:14    Adding results from antismash.modules.pfam2go
DEBUG    20/07 16:21:14    Adding results from antismash.modules.rrefinder
DEBUG    20/07 16:21:14    Adding results from antismash.modules.sactipeptides
DEBUG    20/07 16:21:14    Adding results from antismash.modules.t2pks
DEBUG    20/07 16:21:14    Adding results from antismash.modules.tfbs_finder
DEBUG    20/07 16:21:14    Adding results from antismash.modules.thiopeptides
DEBUG    20/07 16:21:14    Adding results from antismash.modules.tta
DEBUG    20/07 16:21:14   Not annotating skipped record NZ_QKZO01000007.1: No regions detected
DEBUG    20/07 16:21:14   Not annotating skipped record NZ_QKZO01000008.1: No regions detected
DEBUG    20/07 16:21:14   Not annotating skipped record NZ_QKZO01000009.1: No regions detected
DEBUG    20/07 16:21:14   Not annotating skipped record NZ_QKZO01000010.1: No regions detected
DEBUG    20/07 16:21:14   Not annotating skipped record NZ_QKZO01000011.1: No regions detected
DEBUG    20/07 16:21:14   Annotating record NZ_QKZO01000012.1 with results from: hmm_detection, cluster_hmmer, genefunctions, nrps_pks_domains, tigrfam, active_site_finder, cluster_compare, clusterblast, lanthipeptides, lassopeptides, nrps_pks, pfam2go, rrefinder, sactipeptides, t2pks, tfbs_finder, thiopeptides, tta
DEBUG    20/07 16:21:14    Adding results from antismash.modules.active_site_finder
DEBUG    20/07 16:21:14    Adding results from antismash.modules.cluster_compare
DEBUG    20/07 16:21:14    Adding results from antismash.modules.clusterblast
DEBUG    20/07 16:21:14    Adding results from antismash.modules.lanthipeptides
DEBUG    20/07 16:21:14    Adding results from antismash.modules.lassopeptides
DEBUG    20/07 16:21:14    Adding results from antismash.modules.nrps_pks
DEBUG    20/07 16:21:14    Adding results from antismash.modules.pfam2go
DEBUG    20/07 16:21:14    Adding results from antismash.modules.rrefinder
DEBUG    20/07 16:21:14    Adding results from antismash.modules.sactipeptides
DEBUG    20/07 16:21:14    Adding results from antismash.modules.t2pks
DEBUG    20/07 16:21:14    Adding results from antismash.modules.tfbs_finder
DEBUG    20/07 16:21:14    Adding results from antismash.modules.thiopeptides
DEBUG    20/07 16:21:14    Adding results from antismash.modules.tta
DEBUG    20/07 16:21:14   Not annotating skipped record NZ_QKZO01000013.1: No regions detected
DEBUG    20/07 16:21:14   Not annotating skipped record NZ_QKZO01000014.1: No regions detected
DEBUG    20/07 16:21:14   Annotating record NZ_QKZO01000015.1 with results from: hmm_detection, cluster_hmmer, genefunctions, nrps_pks_domains, tigrfam, active_site_finder, cluster_compare, clusterblast, lanthipeptides, lassopeptides, nrps_pks, pfam2go, rrefinder, sactipeptides, t2pks, tfbs_finder, thiopeptides, tta
DEBUG    20/07 16:21:14    Adding results from antismash.modules.active_site_finder
DEBUG    20/07 16:21:14    Adding results from antismash.modules.cluster_compare
DEBUG    20/07 16:21:14    Adding results from antismash.modules.clusterblast
DEBUG    20/07 16:21:14    Adding results from antismash.modules.lanthipeptides
DEBUG    20/07 16:21:14    Adding results from antismash.modules.lassopeptides
DEBUG    20/07 16:21:14    Adding results from antismash.modules.nrps_pks
DEBUG    20/07 16:21:14    Adding results from antismash.modules.pfam2go
DEBUG    20/07 16:21:14    Adding results from antismash.modules.rrefinder
DEBUG    20/07 16:21:14    Adding results from antismash.modules.sactipeptides
DEBUG    20/07 16:21:14    Adding results from antismash.modules.t2pks
DEBUG    20/07 16:21:14    Adding results from antismash.modules.tfbs_finder
DEBUG    20/07 16:21:14    Adding results from antismash.modules.thiopeptides
DEBUG    20/07 16:21:14    Adding results from antismash.modules.tta
DEBUG    20/07 16:21:14   Not annotating skipped record NZ_QKZO01000016.1: No regions detected
DEBUG    20/07 16:21:14   Not annotating skipped record NZ_QKZO01000017.1: No regions detected
DEBUG    20/07 16:21:14   Not annotating skipped record NZ_QKZO01000018.1: No regions detected
DEBUG    20/07 16:21:14   Not annotating skipped record NZ_QKZO01000019.1: No regions detected
DEBUG    20/07 16:21:14   Not annotating skipped record NZ_QKZO01000020.1: No regions detected
DEBUG    20/07 16:21:14   Not annotating skipped record NZ_QKZO01000021.1: No regions detected
DEBUG    20/07 16:21:14   Not annotating skipped record NZ_QKZO01000022.1: No regions detected
DEBUG    20/07 16:21:14   Not annotating skipped record NZ_QKZO01000023.1: No regions detected
DEBUG    20/07 16:21:14   Not annotating skipped record NZ_QKZO01000024.1: No regions detected
DEBUG    20/07 16:21:14   Creating results page
DEBUG    20/07 16:21:14   Results page using antismash.js from local copy: /databases/as-js/0.13/antismash.js
DEBUG    20/07 16:21:17   Creating results SVGs
DEBUG    20/07 16:21:17   Writing seq_records SVGs to '/data/antismash/upload/bacteria-914e68e8-d6fa-41d9-be72-66218940a0a5/svg'
DEBUG    20/07 16:21:17   Writing cluster-specific genbank files
DEBUG    20/07 16:21:17   Writing final genbank file to '/data/antismash/upload/bacteria-914e68e8-d6fa-41d9-be72-66218940a0a5/GCF_003254295.1_Rhodobacter_capsulatus_DSM_1710.gbk'
DEBUG    20/07 16:21:17   Zipping output to '/data/antismash/upload/bacteria-914e68e8-d6fa-41d9-be72-66218940a0a5/GCF_003254295.1_Rhodobacter_capsulatus_DSM_1710.zip'
