INFO     20/07 16:27:56   antiSMASH version: 7.0.0
INFO     20/07 16:27:56   diamond using executable: /usr/bin/diamond-aligner (2.0.7)
INFO     20/07 16:27:56   hmmpfam2 using executable: /usr/bin/hmm2pfam (2.3.2)
INFO     20/07 16:27:56   fasttree using executable: /usr/bin/fasttree
INFO     20/07 16:27:56   hmmsearch using executable: /usr/bin/hmmsearch (3.3.2)
INFO     20/07 16:27:56   hmmpress using executable: /usr/bin/hmmpress (3.3.2)
INFO     20/07 16:27:56   hmmscan using executable: /usr/bin/hmmscan (3.3.2)
INFO     20/07 16:27:57   meme using executable: /usr/bin/meme (4.11.2)
INFO     20/07 16:27:57   fimo using executable: /usr/bin/fimo (4.11.2)
INFO     20/07 16:27:57   glimmerhmm using executable: /usr/bin/glimmerhmm
INFO     20/07 16:27:57   prodigal using executable: /usr/bin/prodigal (V2.6.3)
INFO     20/07 16:27:57   blastp using executable: /usr/bin/blastp (2.11.0+)
INFO     20/07 16:27:57   makeblastdb using executable: /usr/bin/makeblastdb (2.11.0+)
DEBUG    20/07 16:27:57   Checking prerequisites for antismash.detection.hmm_detection
DEBUG    20/07 16:27:57   Found file '/usr/local/lib/python3.9/dist-packages/antismash/detection/hmm_detection/data/bgc_seeds.hmm'
DEBUG    20/07 16:27:57   Found file '/usr/local/lib/python3.9/dist-packages/antismash/detection/hmm_detection/data/bgc_seeds.hmm.h3f'
DEBUG    20/07 16:27:57   Found file '/usr/local/lib/python3.9/dist-packages/antismash/detection/hmm_detection/data/bgc_seeds.hmm.h3i'
DEBUG    20/07 16:27:57   Found file '/usr/local/lib/python3.9/dist-packages/antismash/detection/hmm_detection/data/bgc_seeds.hmm.h3m'
DEBUG    20/07 16:27:57   Found file '/usr/local/lib/python3.9/dist-packages/antismash/detection/hmm_detection/data/bgc_seeds.hmm.h3p'
DEBUG    20/07 16:27:57   Checking prerequisites for antismash.detection.cluster_hmmer
DEBUG    20/07 16:27:57   Found file '/databases/pfam/34.0/Pfam-A.hmm'
DEBUG    20/07 16:27:57   Found file '/databases/pfam/34.0/Pfam-A.hmm.h3f'
DEBUG    20/07 16:27:57   Found file '/databases/pfam/34.0/Pfam-A.hmm.h3i'
DEBUG    20/07 16:27:57   Found file '/databases/pfam/34.0/Pfam-A.hmm.h3m'
DEBUG    20/07 16:27:57   Found file '/databases/pfam/34.0/Pfam-A.hmm.h3p'
DEBUG    20/07 16:27:57   Checking prerequisites for antismash.detection.genefunctions
DEBUG    20/07 16:27:57   Found file '/databases/resfam/Resfams.hmm'
DEBUG    20/07 16:27:57   Found file '/usr/local/lib/python3.9/dist-packages/antismash/detection/genefunctions/data/smcogs.hmm.h3f'
DEBUG    20/07 16:27:57   Found file '/usr/local/lib/python3.9/dist-packages/antismash/detection/genefunctions/data/smcogs.hmm.h3i'
DEBUG    20/07 16:27:57   Found file '/usr/local/lib/python3.9/dist-packages/antismash/detection/genefunctions/data/smcogs.hmm.h3m'
DEBUG    20/07 16:27:57   Found file '/usr/local/lib/python3.9/dist-packages/antismash/detection/genefunctions/data/smcogs.hmm.h3p'
DEBUG    20/07 16:27:57   Found file '/databases/resfam/Resfams.hmm.h3f'
DEBUG    20/07 16:27:57   Found file '/databases/resfam/Resfams.hmm.h3i'
DEBUG    20/07 16:27:57   Found file '/databases/resfam/Resfams.hmm.h3m'
DEBUG    20/07 16:27:57   Found file '/databases/resfam/Resfams.hmm.h3p'
DEBUG    20/07 16:27:57   Checking prerequisites for antismash.detection.nrps_pks_domains
DEBUG    20/07 16:27:57   Found file '/usr/local/lib/python3.9/dist-packages/antismash/detection/nrps_pks_domains/data/abmotifs.hmm.h3f'
DEBUG    20/07 16:27:57   Found file '/usr/local/lib/python3.9/dist-packages/antismash/detection/nrps_pks_domains/data/abmotifs.hmm.h3i'
DEBUG    20/07 16:27:57   Found file '/usr/local/lib/python3.9/dist-packages/antismash/detection/nrps_pks_domains/data/abmotifs.hmm.h3m'
DEBUG    20/07 16:27:57   Found file '/usr/local/lib/python3.9/dist-packages/antismash/detection/nrps_pks_domains/data/abmotifs.hmm.h3p'
DEBUG    20/07 16:27:57   Found file '/usr/local/lib/python3.9/dist-packages/antismash/detection/nrps_pks_domains/data/dockingdomains.hmm.h3f'
DEBUG    20/07 16:27:57   Found file '/usr/local/lib/python3.9/dist-packages/antismash/detection/nrps_pks_domains/data/dockingdomains.hmm.h3i'
DEBUG    20/07 16:27:57   Found file '/usr/local/lib/python3.9/dist-packages/antismash/detection/nrps_pks_domains/data/dockingdomains.hmm.h3m'
DEBUG    20/07 16:27:57   Found file '/usr/local/lib/python3.9/dist-packages/antismash/detection/nrps_pks_domains/data/dockingdomains.hmm.h3p'
DEBUG    20/07 16:27:57   Found file '/usr/local/lib/python3.9/dist-packages/antismash/detection/nrps_pks_domains/data/ksdomains.hmm.h3f'
DEBUG    20/07 16:27:57   Found file '/usr/local/lib/python3.9/dist-packages/antismash/detection/nrps_pks_domains/data/ksdomains.hmm.h3i'
DEBUG    20/07 16:27:57   Found file '/usr/local/lib/python3.9/dist-packages/antismash/detection/nrps_pks_domains/data/ksdomains.hmm.h3m'
DEBUG    20/07 16:27:57   Found file '/usr/local/lib/python3.9/dist-packages/antismash/detection/nrps_pks_domains/data/ksdomains.hmm.h3p'
DEBUG    20/07 16:27:57   Found file '/usr/local/lib/python3.9/dist-packages/antismash/detection/nrps_pks_domains/data/nrpspksdomains.hmm.h3f'
DEBUG    20/07 16:27:57   Found file '/usr/local/lib/python3.9/dist-packages/antismash/detection/nrps_pks_domains/data/nrpspksdomains.hmm.h3i'
DEBUG    20/07 16:27:57   Found file '/usr/local/lib/python3.9/dist-packages/antismash/detection/nrps_pks_domains/data/nrpspksdomains.hmm.h3m'
DEBUG    20/07 16:27:57   Found file '/usr/local/lib/python3.9/dist-packages/antismash/detection/nrps_pks_domains/data/nrpspksdomains.hmm.h3p'
DEBUG    20/07 16:27:57   Found file '/databases/nrps_pks/transATor/2023.02.23/transATor.hmm.h3f'
DEBUG    20/07 16:27:57   Found file '/databases/nrps_pks/transATor/2023.02.23/transATor.hmm.h3i'
DEBUG    20/07 16:27:57   Found file '/databases/nrps_pks/transATor/2023.02.23/transATor.hmm.h3m'
DEBUG    20/07 16:27:57   Found file '/databases/nrps_pks/transATor/2023.02.23/transATor.hmm.h3p'
DEBUG    20/07 16:27:57   Checking prerequisites for antismash.detection.tigrfam
DEBUG    20/07 16:27:57   Found file '/databases/tigrfam/TIGRFam.hmm'
DEBUG    20/07 16:27:57   Found file '/databases/tigrfam/TIGRFam.hmm.h3f'
DEBUG    20/07 16:27:57   Found file '/databases/tigrfam/TIGRFam.hmm.h3i'
DEBUG    20/07 16:27:57   Found file '/databases/tigrfam/TIGRFam.hmm.h3m'
DEBUG    20/07 16:27:57   Found file '/databases/tigrfam/TIGRFam.hmm.h3p'
DEBUG    20/07 16:27:57   Checking prerequisites for antismash.modules.active_site_finder
DEBUG    20/07 16:27:57   Found file '/usr/local/lib/python3.9/dist-packages/antismash/modules/active_site_finder/data/PKSI-KR.hmm2'
DEBUG    20/07 16:27:57   Found file '/usr/local/lib/python3.9/dist-packages/antismash/modules/active_site_finder/data/PKSI-KS_N.hmm2'
DEBUG    20/07 16:27:57   Found file '/usr/local/lib/python3.9/dist-packages/antismash/modules/active_site_finder/data/PKSI-KS_C.hmm2'
DEBUG    20/07 16:27:57   Found file '/usr/local/lib/python3.9/dist-packages/antismash/modules/active_site_finder/data/PKSI-AT.hmm2'
DEBUG    20/07 16:27:57   Found file '/usr/local/lib/python3.9/dist-packages/antismash/modules/active_site_finder/data/PKSI-ACP.hmm2'
DEBUG    20/07 16:27:57   Found file '/usr/local/lib/python3.9/dist-packages/antismash/modules/active_site_finder/data/PKSI-DH.hmm2'
DEBUG    20/07 16:27:57   Found file '/usr/local/lib/python3.9/dist-packages/antismash/modules/active_site_finder/data/Thioesterase.hmm2'
DEBUG    20/07 16:27:57   Found file '/usr/local/lib/python3.9/dist-packages/antismash/modules/active_site_finder/data/PKSI-ER.hmm2'
DEBUG    20/07 16:27:57   Found file '/usr/local/lib/python3.9/dist-packages/antismash/modules/active_site_finder/data/p450.hmm2'
DEBUG    20/07 16:27:57   Checking prerequisites for antismash.modules.cluster_compare
DEBUG    20/07 16:27:57   Found file '/databases/clustercompare/mibig/3.1/data.json'
DEBUG    20/07 16:27:57   Found file '/databases/clustercompare/mibig/3.1/proteins.fasta'
DEBUG    20/07 16:27:57   Found file '/databases/clustercompare/mibig/3.1/proteins.dmnd'
DEBUG    20/07 16:27:57   Found file '/databases/clustercompare/mibig/3.1/proteins.dmnd'
DEBUG    20/07 16:27:57   Checking prerequisites for antismash.modules.clusterblast
DEBUG    20/07 16:27:57   Found file '/databases/knownclusterblast/3.1/clusters.txt'
DEBUG    20/07 16:27:57   Found file '/databases/knownclusterblast/3.1/proteins.fasta'
DEBUG    20/07 16:27:57   Found file '/databases/knownclusterblast/3.1/proteins.dmnd'
DEBUG    20/07 16:27:57   Found file '/databases/knownclusterblast/3.1/proteins.dmnd'
DEBUG    20/07 16:27:57   Found file '/databases/clusterblast/clusters.txt'
DEBUG    20/07 16:27:57   Found file '/databases/clusterblast/proteins.fasta'
DEBUG    20/07 16:27:57   Found file '/databases/clusterblast/proteins.dmnd'
DEBUG    20/07 16:27:57   Found file '/databases/clusterblast/proteins.dmnd'
DEBUG    20/07 16:27:57   Found file '/usr/local/lib/python3.9/dist-packages/antismash/modules/clusterblast/data/sub/proteins.fasta'
DEBUG    20/07 16:27:57   Found file '/usr/local/lib/python3.9/dist-packages/antismash/modules/clusterblast/data/sub/proteins.fasta.phr'
DEBUG    20/07 16:27:57   Found file '/usr/local/lib/python3.9/dist-packages/antismash/modules/clusterblast/data/sub/proteins.fasta.pin'
DEBUG    20/07 16:27:57   Found file '/usr/local/lib/python3.9/dist-packages/antismash/modules/clusterblast/data/sub/proteins.fasta.psq'
DEBUG    20/07 16:27:57   Found file '/usr/local/lib/python3.9/dist-packages/antismash/modules/clusterblast/data/sub/clusters.txt'
DEBUG    20/07 16:27:57   Checking prerequisites for antismash.modules.lanthipeptides
DEBUG    20/07 16:27:57   Found file '/databases/comparippson/asdb/3.0/cores.fa.pdb'
DEBUG    20/07 16:27:57   Found file '/databases/comparippson/asdb/3.0/cores.fa.phr'
DEBUG    20/07 16:27:57   Found file '/databases/comparippson/asdb/3.0/cores.fa.pin'
DEBUG    20/07 16:27:57   Found file '/databases/comparippson/asdb/3.0/cores.fa.pot'
DEBUG    20/07 16:27:57   Found file '/databases/comparippson/asdb/3.0/cores.fa.psq'
DEBUG    20/07 16:27:57   Found file '/databases/comparippson/asdb/3.0/cores.fa.ptf'
DEBUG    20/07 16:27:57   Found file '/databases/comparippson/asdb/3.0/cores.fa.pto'
DEBUG    20/07 16:27:57   Found file '/databases/comparippson/mibig/3.1/cores.fa.pdb'
DEBUG    20/07 16:27:57   Found file '/databases/comparippson/mibig/3.1/cores.fa.phr'
DEBUG    20/07 16:27:57   Found file '/databases/comparippson/mibig/3.1/cores.fa.pin'
DEBUG    20/07 16:27:57   Found file '/databases/comparippson/mibig/3.1/cores.fa.pot'
DEBUG    20/07 16:27:57   Found file '/databases/comparippson/mibig/3.1/cores.fa.psq'
DEBUG    20/07 16:27:57   Found file '/databases/comparippson/mibig/3.1/cores.fa.ptf'
DEBUG    20/07 16:27:57   Found file '/databases/comparippson/mibig/3.1/cores.fa.pto'
DEBUG    20/07 16:27:57   Checking prerequisites for antismash.modules.lassopeptides
DEBUG    20/07 16:27:57   Checking prerequisites for antismash.modules.nrps_pks
DEBUG    20/07 16:27:57   Found existing cache for /usr/local/lib/python3.9/dist-packages/antismash/modules/nrps_pks/data/terminals/cterm.fasta
DEBUG    20/07 16:27:57   Found existing cache for /usr/local/lib/python3.9/dist-packages/antismash/modules/nrps_pks/data/terminals/nterm.fasta
DEBUG    20/07 16:27:58   Found existing cache for /usr/local/lib/python3.9/dist-packages/antismash/modules/nrps_pks/at_analysis/data/AT_domains_muscle.fasta
DEBUG    20/07 16:27:58   Found existing cache for /usr/local/lib/python3.9/dist-packages/antismash/modules/nrps_pks/kr_analysis/data/KRdomains_muscle.fasta
DEBUG    20/07 16:27:58   Found existing cache for /usr/local/lib/python3.9/dist-packages/antismash/modules/nrps_pks/minowa/data/AT_domains_muscle.fasta
DEBUG    20/07 16:27:58   Found existing cache for /usr/local/lib/python3.9/dist-packages/antismash/modules/nrps_pks/minowa/data/CAL_domains_muscle.fasta
DEBUG    20/07 16:27:58   Checking prerequisites for antismash.modules.pfam2go
DEBUG    20/07 16:27:58   Found file '/usr/local/lib/python3.9/dist-packages/antismash/modules/pfam2go/data/pfam2go.txt'
DEBUG    20/07 16:27:58   Checking prerequisites for antismash.modules.rrefinder
DEBUG    20/07 16:27:58   Found file '/usr/local/lib/python3.9/dist-packages/antismash/modules/rrefinder/data/RREFam.hmm.h3f'
DEBUG    20/07 16:27:58   Found file '/usr/local/lib/python3.9/dist-packages/antismash/modules/rrefinder/data/RREFam.hmm.h3i'
DEBUG    20/07 16:27:58   Found file '/usr/local/lib/python3.9/dist-packages/antismash/modules/rrefinder/data/RREFam.hmm.h3m'
DEBUG    20/07 16:27:58   Found file '/usr/local/lib/python3.9/dist-packages/antismash/modules/rrefinder/data/RREFam.hmm.h3p'
DEBUG    20/07 16:27:58   Checking prerequisites for antismash.modules.sactipeptides
DEBUG    20/07 16:27:58   Checking prerequisites for antismash.modules.t2pks
DEBUG    20/07 16:27:58   Found file '/usr/local/lib/python3.9/dist-packages/antismash/modules/t2pks/data/KSIII.fasta'
DEBUG    20/07 16:27:58   Found file '/usr/local/lib/python3.9/dist-packages/antismash/modules/t2pks/data/KSIII.phr'
DEBUG    20/07 16:27:58   Found file '/usr/local/lib/python3.9/dist-packages/antismash/modules/t2pks/data/KSIII.pin'
DEBUG    20/07 16:27:58   Found file '/usr/local/lib/python3.9/dist-packages/antismash/modules/t2pks/data/KSIII.psq'
DEBUG    20/07 16:27:58   Found file '/usr/local/lib/python3.9/dist-packages/antismash/modules/t2pks/data/AT.fasta'
DEBUG    20/07 16:27:58   Found file '/usr/local/lib/python3.9/dist-packages/antismash/modules/t2pks/data/AT.phr'
DEBUG    20/07 16:27:58   Found file '/usr/local/lib/python3.9/dist-packages/antismash/modules/t2pks/data/AT.pin'
DEBUG    20/07 16:27:58   Found file '/usr/local/lib/python3.9/dist-packages/antismash/modules/t2pks/data/AT.psq'
DEBUG    20/07 16:27:58   Found file '/usr/local/lib/python3.9/dist-packages/antismash/modules/t2pks/data/LIG.fasta'
DEBUG    20/07 16:27:58   Found file '/usr/local/lib/python3.9/dist-packages/antismash/modules/t2pks/data/LIG.phr'
DEBUG    20/07 16:27:58   Found file '/usr/local/lib/python3.9/dist-packages/antismash/modules/t2pks/data/LIG.pin'
DEBUG    20/07 16:27:58   Found file '/usr/local/lib/python3.9/dist-packages/antismash/modules/t2pks/data/LIG.psq'
DEBUG    20/07 16:27:58   Found file '/usr/local/lib/python3.9/dist-packages/antismash/modules/t2pks/data/t2pks.hmm.h3f'
DEBUG    20/07 16:27:58   Found file '/usr/local/lib/python3.9/dist-packages/antismash/modules/t2pks/data/t2pks.hmm.h3i'
DEBUG    20/07 16:27:58   Found file '/usr/local/lib/python3.9/dist-packages/antismash/modules/t2pks/data/t2pks.hmm.h3m'
DEBUG    20/07 16:27:58   Found file '/usr/local/lib/python3.9/dist-packages/antismash/modules/t2pks/data/t2pks.hmm.h3p'
DEBUG    20/07 16:27:58   Checking prerequisites for antismash.modules.tfbs_finder
DEBUG    20/07 16:27:58   Found file '/usr/local/lib/python3.9/dist-packages/antismash/modules/tfbs_finder/data/PWMs.json'
DEBUG    20/07 16:27:58   Checking prerequisites for antismash.modules.thiopeptides
DEBUG    20/07 16:27:58   Found file '/usr/local/lib/python3.9/dist-packages/antismash/modules/thiopeptides/data/thiopep3.hmm.h3f'
DEBUG    20/07 16:27:58   Found file '/usr/local/lib/python3.9/dist-packages/antismash/modules/thiopeptides/data/thiopep3.hmm.h3i'
DEBUG    20/07 16:27:58   Found file '/usr/local/lib/python3.9/dist-packages/antismash/modules/thiopeptides/data/thiopep3.hmm.h3m'
DEBUG    20/07 16:27:58   Found file '/usr/local/lib/python3.9/dist-packages/antismash/modules/thiopeptides/data/thiopep3.hmm.h3p'
DEBUG    20/07 16:27:58   Checking prerequisites for antismash.modules.tta
DEBUG    20/07 16:27:58   Checking prerequisites for antismash.outputs.html
DEBUG    20/07 16:27:58   Found file '/usr/local/lib/python3.9/dist-packages/antismash/outputs/html/css/bacteria.css'
DEBUG    20/07 16:27:58   Found file '/usr/local/lib/python3.9/dist-packages/antismash/outputs/html/css/fungi.css'
DEBUG    20/07 16:27:58   Found file '/usr/local/lib/python3.9/dist-packages/antismash/outputs/html/css/plants.css'
DEBUG    20/07 16:27:58   Checking prerequisites for antismash.support.genefinding
DEBUG    20/07 16:27:58   Checking options for antismash.detection.hmm_detection
DEBUG    20/07 16:27:58   Checking options for antismash.detection.cluster_hmmer
DEBUG    20/07 16:27:58   Found file '/databases/pfam/34.0/Pfam-A.hmm'
DEBUG    20/07 16:27:58   Found file '/databases/pfam/34.0/Pfam-A.hmm.h3f'
DEBUG    20/07 16:27:58   Found file '/databases/pfam/34.0/Pfam-A.hmm.h3i'
DEBUG    20/07 16:27:58   Found file '/databases/pfam/34.0/Pfam-A.hmm.h3m'
DEBUG    20/07 16:27:58   Found file '/databases/pfam/34.0/Pfam-A.hmm.h3p'
DEBUG    20/07 16:27:58   Checking options for antismash.detection.genefunctions
DEBUG    20/07 16:27:58   Checking options for antismash.detection.nrps_pks_domains
DEBUG    20/07 16:27:58   Checking options for antismash.detection.tigrfam
DEBUG    20/07 16:27:58   Checking options for antismash.modules.active_site_finder
DEBUG    20/07 16:27:58   Checking options for antismash.modules.cluster_compare
DEBUG    20/07 16:27:58   Checking options for antismash.modules.clusterblast
DEBUG    20/07 16:27:58   Checking options for antismash.modules.lanthipeptides
DEBUG    20/07 16:27:58   Checking options for antismash.modules.lassopeptides
DEBUG    20/07 16:27:58   Checking options for antismash.modules.nrps_pks
DEBUG    20/07 16:27:58   Checking options for antismash.modules.pfam2go
DEBUG    20/07 16:27:58   Checking options for antismash.modules.rrefinder
DEBUG    20/07 16:27:58   Checking options for antismash.modules.sactipeptides
DEBUG    20/07 16:27:58   Checking options for antismash.modules.t2pks
DEBUG    20/07 16:27:58   Checking options for antismash.modules.tfbs_finder
DEBUG    20/07 16:27:58   Checking options for antismash.modules.thiopeptides
DEBUG    20/07 16:27:58   Checking options for antismash.modules.tta
DEBUG    20/07 16:27:58   Checking options for antismash.outputs.html
DEBUG    20/07 16:27:58   Checking options for antismash.support.genefinding
INFO     20/07 16:27:58   Parsing input sequence '/input/GCF_004366635.1_Rhodobaca_bogoriensis_DSM_18756.gbk'
DEBUG    20/07 16:27:58   Stripping antiSMASH features and annotations from record: NZ_SORN01000001.1
DEBUG    20/07 16:27:58   Stripping antiSMASH features and annotations from record: NZ_SORN01000002.1
DEBUG    20/07 16:27:58   Stripping antiSMASH features and annotations from record: NZ_SORN01000003.1
DEBUG    20/07 16:27:58   Stripping antiSMASH features and annotations from record: NZ_SORN01000004.1
DEBUG    20/07 16:27:58   Stripping antiSMASH features and annotations from record: NZ_SORN01000005.1
DEBUG    20/07 16:27:58   Stripping antiSMASH features and annotations from record: NZ_SORN01000006.1
DEBUG    20/07 16:27:58   Stripping antiSMASH features and annotations from record: NZ_SORN01000007.1
DEBUG    20/07 16:27:58   Stripping antiSMASH features and annotations from record: NZ_SORN01000008.1
DEBUG    20/07 16:27:58   Stripping antiSMASH features and annotations from record: NZ_SORN01000009.1
DEBUG    20/07 16:27:58   Stripping antiSMASH features and annotations from record: NZ_SORN01000010.1
DEBUG    20/07 16:27:58   Stripping antiSMASH features and annotations from record: NZ_SORN01000011.1
DEBUG    20/07 16:27:58   Stripping antiSMASH features and annotations from record: NZ_SORN01000012.1
DEBUG    20/07 16:27:58   Stripping antiSMASH features and annotations from record: NZ_SORN01000013.1
DEBUG    20/07 16:27:58   Stripping antiSMASH features and annotations from record: NZ_SORN01000014.1
DEBUG    20/07 16:27:58   Stripping antiSMASH features and annotations from record: NZ_SORN01000015.1
DEBUG    20/07 16:27:58   Stripping antiSMASH features and annotations from record: NZ_SORN01000016.1
DEBUG    20/07 16:27:58   Stripping antiSMASH features and annotations from record: NZ_SORN01000017.1
DEBUG    20/07 16:27:58   Stripping antiSMASH features and annotations from record: NZ_SORN01000018.1
DEBUG    20/07 16:27:58   Stripping antiSMASH features and annotations from record: NZ_SORN01000019.1
DEBUG    20/07 16:27:58   Stripping antiSMASH features and annotations from record: NZ_SORN01000020.1
DEBUG    20/07 16:27:58   Stripping antiSMASH features and annotations from record: NZ_SORN01000021.1
DEBUG    20/07 16:27:58   Stripping antiSMASH features and annotations from record: NZ_SORN01000022.1
DEBUG    20/07 16:27:58   Stripping antiSMASH features and annotations from record: NZ_SORN01000023.1
DEBUG    20/07 16:27:58   Stripping antiSMASH features and annotations from record: NZ_SORN01000024.1
DEBUG    20/07 16:27:58   Converting records from biopython to secmet
DEBUG    20/07 16:27:59   Removing existing region genbank files
DEBUG    20/07 16:27:59   Reusing output directory: /data/antismash/upload/bacteria-977b1966-2de5-49cf-ba81-fe1cfa43a8b7
DEBUG    20/07 16:27:59   Preprocessing 24 sequences
DEBUG    20/07 16:27:59   Sanitising record ids and sequences
DEBUG    20/07 16:28:00   Removing sequences smaller than 1000 bases
DEBUG    20/07 16:28:00   Ensuring records have CDS features with all required information
INFO     20/07 16:28:01   Analysing record: NZ_SORN01000001.1
INFO     20/07 16:28:01   Detecting secondary metabolite clusters
DEBUG    20/07 16:28:01   Checking if antismash.detection.hmm_detection should be run
INFO     20/07 16:28:01   Running antismash.detection.hmm_detection
INFO     20/07 16:28:01   HMM detection using strictness: relaxed
DEBUG    20/07 16:28:07   0 rule-based cluster(s) found in record
DEBUG    20/07 16:28:07   0 protoclusters found
DEBUG    20/07 16:28:07   0 subregions found
INFO     20/07 16:28:07   No regions detected, skipping record
INFO     20/07 16:28:07   Analysing record: NZ_SORN01000002.1
INFO     20/07 16:28:07   Detecting secondary metabolite clusters
DEBUG    20/07 16:28:07   Checking if antismash.detection.hmm_detection should be run
INFO     20/07 16:28:07   Running antismash.detection.hmm_detection
INFO     20/07 16:28:07   HMM detection using strictness: relaxed
DEBUG    20/07 16:28:12   2 rule-based cluster(s) found in record
DEBUG    20/07 16:28:12   2 protoclusters found
DEBUG    20/07 16:28:12   0 subregions found
INFO     20/07 16:28:12   2 region(s) detected in record
DEBUG    20/07 16:28:12   Checking if antismash.detection.cluster_hmmer should be run
INFO     20/07 16:28:12   Running antismash.detection.cluster_hmmer
INFO     20/07 16:28:12   Running cluster PFAM search
DEBUG    20/07 16:28:23   Building name mapping for HMMer database Pfam-A.hmm
DEBUG    20/07 16:28:28   Building cutoff mapping for HMMer database /databases/pfam/34.0/Pfam-A.hmm
DEBUG    20/07 16:28:32   Adding detection results from antismash.detection.cluster_hmmer to record
DEBUG    20/07 16:28:32   Checking if antismash.detection.genefunctions should be run
INFO     20/07 16:28:32   Running antismash.detection.genefunctions
DEBUG    20/07 16:28:34   Adding detection results from antismash.detection.genefunctions to record
DEBUG    20/07 16:28:34   annotating CDS features with resist info: 0 CDSes
DEBUG    20/07 16:28:34   annotating CDS features with smcogs info: 9 CDSes
DEBUG    20/07 16:28:34   Checking if antismash.detection.nrps_pks_domains should be run
INFO     20/07 16:28:34   Running antismash.detection.nrps_pks_domains
DEBUG    20/07 16:28:34   Marking NRPS/PKS CDS features and domains in clusters
DEBUG    20/07 16:28:34   Adding detection results from antismash.detection.nrps_pks_domains to record
DEBUG    20/07 16:28:34   Checking if antismash.detection.tigrfam should be run
INFO     20/07 16:28:34   Running antismash.detection.tigrfam
INFO     20/07 16:28:34   Running TIGRFam search
DEBUG    20/07 16:28:38   Building name mapping for HMMer database TIGRFam.hmm
DEBUG    20/07 16:28:40   Adding detection results from antismash.detection.tigrfam to record
DEBUG    20/07 16:28:40   Checking if antismash.modules.active_site_finder should be run
INFO     20/07 16:28:40   Running antismash.modules.active_site_finder
DEBUG    20/07 16:28:40   Checking if antismash.modules.cluster_compare should be run
INFO     20/07 16:28:40   Running antismash.modules.cluster_compare
DEBUG    20/07 16:28:40   Loading comparison database: MIBiG
DEBUG    20/07 16:28:41   Comparison database loaded
INFO     20/07 16:28:41   Comparing regions to reference database
DEBUG    20/07 16:28:42   Checking if antismash.modules.clusterblast should be run
INFO     20/07 16:28:42   Running antismash.modules.clusterblast
INFO     20/07 16:28:42   Finding internal homologs in each gene cluster...
INFO     20/07 16:28:44   Running ClusterBlast
INFO     20/07 16:28:44   ClusterBlast: Loading gene cluster database into memory...
INFO     20/07 16:28:46   ClusterBlast: Loading gene cluster database proteins into memory...
INFO     20/07 16:29:00   Comparing regions to reference database
INFO     20/07 16:30:13   Running subcluster search
INFO     20/07 16:30:13   SubClusterBlast: Loading gene cluster database into memory...
INFO     20/07 16:30:13   SubClusterBlast: Loading gene cluster database proteins into memory...
INFO     20/07 16:30:15   Running known cluster search
INFO     20/07 16:30:15   KnownClusterBlast: Loading gene cluster database into memory...
INFO     20/07 16:30:15   KnownClusterBlast: Loading gene cluster database proteins into memory...
DEBUG    20/07 16:30:15   Running DIAMOND knowncluster searches..
INFO     20/07 16:30:15   Comparing regions to reference database
DEBUG    20/07 16:30:18   Checking if antismash.modules.lanthipeptides should be run
INFO     20/07 16:30:19   Running antismash.modules.lanthipeptides
DEBUG    20/07 16:30:19   Lanthipeptide module marked 0 motifs
DEBUG    20/07 16:30:20   Checking if antismash.modules.lassopeptides should be run
INFO     20/07 16:30:20   Running antismash.modules.lassopeptides
DEBUG    20/07 16:30:21   Lassopeptide module marked 0 motifs
DEBUG    20/07 16:30:21   Checking if antismash.modules.nrps_pks should be run
INFO     20/07 16:30:21   Running antismash.modules.nrps_pks
DEBUG    20/07 16:30:21   Checking if antismash.modules.pfam2go should be run
INFO     20/07 16:30:21   Running antismash.modules.pfam2go
DEBUG    20/07 16:30:21   Checking if antismash.modules.rrefinder should be run
INFO     20/07 16:30:21   Running antismash.modules.rrefinder
DEBUG    20/07 16:30:21   Checking if antismash.modules.sactipeptides should be run
INFO     20/07 16:30:21   Running antismash.modules.sactipeptides
DEBUG    20/07 16:30:21   Found no sactipeptide motifs
DEBUG    20/07 16:30:22   Checking if antismash.modules.t2pks should be run
INFO     20/07 16:30:22   Running antismash.modules.t2pks
DEBUG    20/07 16:30:22   No type II PKS clusters to analyze
DEBUG    20/07 16:30:22   Checking if antismash.modules.tfbs_finder should be run
INFO     20/07 16:30:22   Running antismash.modules.tfbs_finder
DEBUG    20/07 16:30:23   Checking if antismash.modules.thiopeptides should be run
INFO     20/07 16:30:23   Running antismash.modules.thiopeptides
DEBUG    20/07 16:30:23   Thiopeptides marked 0 motifs
DEBUG    20/07 16:30:24   Checking if antismash.modules.tta should be run
INFO     20/07 16:30:24   Running antismash.modules.tta
INFO     20/07 16:30:24   Skipping TTA codon detection, GC content too low: 58%
INFO     20/07 16:30:24   Analysing record: NZ_SORN01000003.1
INFO     20/07 16:30:24   Detecting secondary metabolite clusters
DEBUG    20/07 16:30:24   Checking if antismash.detection.hmm_detection should be run
INFO     20/07 16:30:24   Running antismash.detection.hmm_detection
INFO     20/07 16:30:24   HMM detection using strictness: relaxed
DEBUG    20/07 16:30:26   1 rule-based cluster(s) found in record
DEBUG    20/07 16:30:26   1 protoclusters found
DEBUG    20/07 16:30:26   0 subregions found
INFO     20/07 16:30:26   1 region(s) detected in record
DEBUG    20/07 16:30:26   Checking if antismash.detection.cluster_hmmer should be run
INFO     20/07 16:30:26   Running antismash.detection.cluster_hmmer
INFO     20/07 16:30:26   Running cluster PFAM search
DEBUG    20/07 16:30:34   Adding detection results from antismash.detection.cluster_hmmer to record
DEBUG    20/07 16:30:34   Checking if antismash.detection.genefunctions should be run
INFO     20/07 16:30:34   Running antismash.detection.genefunctions
DEBUG    20/07 16:30:36   Adding detection results from antismash.detection.genefunctions to record
DEBUG    20/07 16:30:36   annotating CDS features with resist info: 0 CDSes
DEBUG    20/07 16:30:36   annotating CDS features with smcogs info: 6 CDSes
DEBUG    20/07 16:30:36   Checking if antismash.detection.nrps_pks_domains should be run
INFO     20/07 16:30:36   Running antismash.detection.nrps_pks_domains
DEBUG    20/07 16:30:36   Marking NRPS/PKS CDS features and domains in clusters
DEBUG    20/07 16:30:36   Adding detection results from antismash.detection.nrps_pks_domains to record
DEBUG    20/07 16:30:36   Checking if antismash.detection.tigrfam should be run
INFO     20/07 16:30:36   Running antismash.detection.tigrfam
INFO     20/07 16:30:36   Running TIGRFam search
DEBUG    20/07 16:30:39   Adding detection results from antismash.detection.tigrfam to record
DEBUG    20/07 16:30:39   Checking if antismash.modules.active_site_finder should be run
INFO     20/07 16:30:39   Running antismash.modules.active_site_finder
DEBUG    20/07 16:30:39   Checking if antismash.modules.cluster_compare should be run
INFO     20/07 16:30:39   Running antismash.modules.cluster_compare
DEBUG    20/07 16:30:39   Loading comparison database: MIBiG
DEBUG    20/07 16:30:39   Comparison database loaded
INFO     20/07 16:30:39   Comparing regions to reference database
DEBUG    20/07 16:30:40   Checking if antismash.modules.clusterblast should be run
INFO     20/07 16:30:40   Running antismash.modules.clusterblast
INFO     20/07 16:30:40   Finding internal homologs in each gene cluster...
INFO     20/07 16:30:41   Running ClusterBlast
INFO     20/07 16:30:41   ClusterBlast: Loading gene cluster database into memory...
INFO     20/07 16:30:43   ClusterBlast: Loading gene cluster database proteins into memory...
INFO     20/07 16:30:58   Comparing regions to reference database
INFO     20/07 16:32:05   Running subcluster search
INFO     20/07 16:32:05   SubClusterBlast: Loading gene cluster database into memory...
INFO     20/07 16:32:05   SubClusterBlast: Loading gene cluster database proteins into memory...
INFO     20/07 16:32:08   Running known cluster search
INFO     20/07 16:32:08   KnownClusterBlast: Loading gene cluster database into memory...
INFO     20/07 16:32:08   KnownClusterBlast: Loading gene cluster database proteins into memory...
DEBUG    20/07 16:32:08   Running DIAMOND knowncluster searches..
INFO     20/07 16:32:08   Comparing regions to reference database
DEBUG    20/07 16:32:10   Checking if antismash.modules.lanthipeptides should be run
INFO     20/07 16:32:10   Running antismash.modules.lanthipeptides
DEBUG    20/07 16:32:10   Lanthipeptide module marked 0 motifs
DEBUG    20/07 16:32:12   Checking if antismash.modules.lassopeptides should be run
INFO     20/07 16:32:12   Running antismash.modules.lassopeptides
DEBUG    20/07 16:32:13   Lassopeptide module marked 0 motifs
DEBUG    20/07 16:32:13   Checking if antismash.modules.nrps_pks should be run
INFO     20/07 16:32:13   Running antismash.modules.nrps_pks
DEBUG    20/07 16:32:13   Checking if antismash.modules.pfam2go should be run
INFO     20/07 16:32:13   Running antismash.modules.pfam2go
DEBUG    20/07 16:32:13   Checking if antismash.modules.rrefinder should be run
INFO     20/07 16:32:13   Running antismash.modules.rrefinder
DEBUG    20/07 16:32:13   Checking if antismash.modules.sactipeptides should be run
INFO     20/07 16:32:13   Running antismash.modules.sactipeptides
DEBUG    20/07 16:32:13   Found no sactipeptide motifs
DEBUG    20/07 16:32:15   Checking if antismash.modules.t2pks should be run
INFO     20/07 16:32:15   Running antismash.modules.t2pks
DEBUG    20/07 16:32:15   No type II PKS clusters to analyze
DEBUG    20/07 16:32:15   Checking if antismash.modules.tfbs_finder should be run
INFO     20/07 16:32:15   Running antismash.modules.tfbs_finder
DEBUG    20/07 16:32:15   Checking if antismash.modules.thiopeptides should be run
INFO     20/07 16:32:15   Running antismash.modules.thiopeptides
DEBUG    20/07 16:32:15   Thiopeptides marked 0 motifs
DEBUG    20/07 16:32:18   Checking if antismash.modules.tta should be run
INFO     20/07 16:32:18   Running antismash.modules.tta
INFO     20/07 16:32:18   Skipping TTA codon detection, GC content too low: 59%
INFO     20/07 16:32:18   Analysing record: NZ_SORN01000004.1
INFO     20/07 16:32:18   Detecting secondary metabolite clusters
DEBUG    20/07 16:32:18   Checking if antismash.detection.hmm_detection should be run
INFO     20/07 16:32:18   Running antismash.detection.hmm_detection
INFO     20/07 16:32:18   HMM detection using strictness: relaxed
DEBUG    20/07 16:32:20   0 rule-based cluster(s) found in record
DEBUG    20/07 16:32:20   0 protoclusters found
DEBUG    20/07 16:32:20   0 subregions found
INFO     20/07 16:32:20   No regions detected, skipping record
INFO     20/07 16:32:20   Analysing record: NZ_SORN01000005.1
INFO     20/07 16:32:20   Detecting secondary metabolite clusters
DEBUG    20/07 16:32:20   Checking if antismash.detection.hmm_detection should be run
INFO     20/07 16:32:20   Running antismash.detection.hmm_detection
INFO     20/07 16:32:20   HMM detection using strictness: relaxed
DEBUG    20/07 16:32:22   0 rule-based cluster(s) found in record
DEBUG    20/07 16:32:22   0 protoclusters found
DEBUG    20/07 16:32:22   0 subregions found
INFO     20/07 16:32:22   No regions detected, skipping record
INFO     20/07 16:32:22   Analysing record: NZ_SORN01000006.1
INFO     20/07 16:32:22   Detecting secondary metabolite clusters
DEBUG    20/07 16:32:22   Checking if antismash.detection.hmm_detection should be run
INFO     20/07 16:32:22   Running antismash.detection.hmm_detection
INFO     20/07 16:32:22   HMM detection using strictness: relaxed
DEBUG    20/07 16:32:23   0 rule-based cluster(s) found in record
DEBUG    20/07 16:32:23   0 protoclusters found
DEBUG    20/07 16:32:23   0 subregions found
INFO     20/07 16:32:23   No regions detected, skipping record
INFO     20/07 16:32:23   Analysing record: NZ_SORN01000007.1
INFO     20/07 16:32:23   Detecting secondary metabolite clusters
DEBUG    20/07 16:32:23   Checking if antismash.detection.hmm_detection should be run
INFO     20/07 16:32:23   Running antismash.detection.hmm_detection
INFO     20/07 16:32:23   HMM detection using strictness: relaxed
DEBUG    20/07 16:32:24   0 rule-based cluster(s) found in record
DEBUG    20/07 16:32:24   0 protoclusters found
DEBUG    20/07 16:32:24   0 subregions found
INFO     20/07 16:32:24   No regions detected, skipping record
INFO     20/07 16:32:24   Analysing record: NZ_SORN01000008.1
INFO     20/07 16:32:24   Detecting secondary metabolite clusters
DEBUG    20/07 16:32:24   Checking if antismash.detection.hmm_detection should be run
INFO     20/07 16:32:24   Running antismash.detection.hmm_detection
INFO     20/07 16:32:24   HMM detection using strictness: relaxed
DEBUG    20/07 16:32:26   0 rule-based cluster(s) found in record
DEBUG    20/07 16:32:26   0 protoclusters found
DEBUG    20/07 16:32:26   0 subregions found
INFO     20/07 16:32:26   No regions detected, skipping record
INFO     20/07 16:32:26   Analysing record: NZ_SORN01000009.1
INFO     20/07 16:32:26   Detecting secondary metabolite clusters
DEBUG    20/07 16:32:26   Checking if antismash.detection.hmm_detection should be run
INFO     20/07 16:32:26   Running antismash.detection.hmm_detection
INFO     20/07 16:32:26   HMM detection using strictness: relaxed
DEBUG    20/07 16:32:27   0 rule-based cluster(s) found in record
DEBUG    20/07 16:32:27   0 protoclusters found
DEBUG    20/07 16:32:27   0 subregions found
INFO     20/07 16:32:27   No regions detected, skipping record
INFO     20/07 16:32:27   Analysing record: NZ_SORN01000010.1
INFO     20/07 16:32:27   Detecting secondary metabolite clusters
DEBUG    20/07 16:32:27   Checking if antismash.detection.hmm_detection should be run
INFO     20/07 16:32:27   Running antismash.detection.hmm_detection
INFO     20/07 16:32:27   HMM detection using strictness: relaxed
DEBUG    20/07 16:32:28   0 rule-based cluster(s) found in record
DEBUG    20/07 16:32:28   0 protoclusters found
DEBUG    20/07 16:32:28   0 subregions found
INFO     20/07 16:32:28   No regions detected, skipping record
INFO     20/07 16:32:28   Analysing record: NZ_SORN01000011.1
INFO     20/07 16:32:28   Detecting secondary metabolite clusters
DEBUG    20/07 16:32:28   Checking if antismash.detection.hmm_detection should be run
INFO     20/07 16:32:28   Running antismash.detection.hmm_detection
INFO     20/07 16:32:28   HMM detection using strictness: relaxed
DEBUG    20/07 16:32:29   0 rule-based cluster(s) found in record
DEBUG    20/07 16:32:29   0 protoclusters found
DEBUG    20/07 16:32:29   0 subregions found
INFO     20/07 16:32:29   No regions detected, skipping record
INFO     20/07 16:32:29   Analysing record: NZ_SORN01000012.1
INFO     20/07 16:32:29   Detecting secondary metabolite clusters
DEBUG    20/07 16:32:29   Checking if antismash.detection.hmm_detection should be run
INFO     20/07 16:32:29   Running antismash.detection.hmm_detection
INFO     20/07 16:32:29   HMM detection using strictness: relaxed
DEBUG    20/07 16:32:30   0 rule-based cluster(s) found in record
DEBUG    20/07 16:32:30   0 protoclusters found
DEBUG    20/07 16:32:30   0 subregions found
INFO     20/07 16:32:30   No regions detected, skipping record
INFO     20/07 16:32:30   Analysing record: NZ_SORN01000013.1
INFO     20/07 16:32:30   Detecting secondary metabolite clusters
DEBUG    20/07 16:32:30   Checking if antismash.detection.hmm_detection should be run
INFO     20/07 16:32:30   Running antismash.detection.hmm_detection
INFO     20/07 16:32:30   HMM detection using strictness: relaxed
DEBUG    20/07 16:32:30   0 rule-based cluster(s) found in record
DEBUG    20/07 16:32:30   0 protoclusters found
DEBUG    20/07 16:32:30   0 subregions found
INFO     20/07 16:32:30   No regions detected, skipping record
INFO     20/07 16:32:30   Analysing record: NZ_SORN01000014.1
INFO     20/07 16:32:30   Detecting secondary metabolite clusters
DEBUG    20/07 16:32:30   Checking if antismash.detection.hmm_detection should be run
INFO     20/07 16:32:30   Running antismash.detection.hmm_detection
INFO     20/07 16:32:30   HMM detection using strictness: relaxed
DEBUG    20/07 16:32:31   0 rule-based cluster(s) found in record
DEBUG    20/07 16:32:31   0 protoclusters found
DEBUG    20/07 16:32:31   0 subregions found
INFO     20/07 16:32:31   No regions detected, skipping record
INFO     20/07 16:32:31   Analysing record: NZ_SORN01000015.1
INFO     20/07 16:32:31   Detecting secondary metabolite clusters
DEBUG    20/07 16:32:31   Checking if antismash.detection.hmm_detection should be run
INFO     20/07 16:32:31   Running antismash.detection.hmm_detection
INFO     20/07 16:32:31   HMM detection using strictness: relaxed
DEBUG    20/07 16:32:32   0 rule-based cluster(s) found in record
DEBUG    20/07 16:32:32   0 protoclusters found
DEBUG    20/07 16:32:32   0 subregions found
INFO     20/07 16:32:32   No regions detected, skipping record
INFO     20/07 16:32:32   Analysing record: NZ_SORN01000016.1
INFO     20/07 16:32:32   Detecting secondary metabolite clusters
DEBUG    20/07 16:32:32   Checking if antismash.detection.hmm_detection should be run
INFO     20/07 16:32:32   Running antismash.detection.hmm_detection
INFO     20/07 16:32:32   HMM detection using strictness: relaxed
DEBUG    20/07 16:32:32   0 rule-based cluster(s) found in record
DEBUG    20/07 16:32:33   0 protoclusters found
DEBUG    20/07 16:32:33   0 subregions found
INFO     20/07 16:32:33   No regions detected, skipping record
INFO     20/07 16:32:33   Analysing record: NZ_SORN01000017.1
INFO     20/07 16:32:33   Detecting secondary metabolite clusters
DEBUG    20/07 16:32:33   Checking if antismash.detection.hmm_detection should be run
INFO     20/07 16:32:33   Running antismash.detection.hmm_detection
INFO     20/07 16:32:33   HMM detection using strictness: relaxed
DEBUG    20/07 16:32:33   0 rule-based cluster(s) found in record
DEBUG    20/07 16:32:33   0 protoclusters found
DEBUG    20/07 16:32:33   0 subregions found
INFO     20/07 16:32:33   No regions detected, skipping record
INFO     20/07 16:32:33   Analysing record: NZ_SORN01000018.1
INFO     20/07 16:32:33   Detecting secondary metabolite clusters
DEBUG    20/07 16:32:33   Checking if antismash.detection.hmm_detection should be run
INFO     20/07 16:32:33   Running antismash.detection.hmm_detection
INFO     20/07 16:32:33   HMM detection using strictness: relaxed
DEBUG    20/07 16:32:34   0 rule-based cluster(s) found in record
DEBUG    20/07 16:32:34   0 protoclusters found
DEBUG    20/07 16:32:34   0 subregions found
INFO     20/07 16:32:34   No regions detected, skipping record
INFO     20/07 16:32:34   Analysing record: NZ_SORN01000019.1
INFO     20/07 16:32:34   Detecting secondary metabolite clusters
DEBUG    20/07 16:32:34   Checking if antismash.detection.hmm_detection should be run
INFO     20/07 16:32:34   Running antismash.detection.hmm_detection
INFO     20/07 16:32:34   HMM detection using strictness: relaxed
DEBUG    20/07 16:32:35   0 rule-based cluster(s) found in record
DEBUG    20/07 16:32:35   0 protoclusters found
DEBUG    20/07 16:32:35   0 subregions found
INFO     20/07 16:32:35   No regions detected, skipping record
INFO     20/07 16:32:35   Analysing record: NZ_SORN01000020.1
INFO     20/07 16:32:35   Detecting secondary metabolite clusters
DEBUG    20/07 16:32:35   Checking if antismash.detection.hmm_detection should be run
INFO     20/07 16:32:35   Running antismash.detection.hmm_detection
INFO     20/07 16:32:35   HMM detection using strictness: relaxed
DEBUG    20/07 16:32:35   0 rule-based cluster(s) found in record
DEBUG    20/07 16:32:36   0 protoclusters found
DEBUG    20/07 16:32:36   0 subregions found
INFO     20/07 16:32:36   No regions detected, skipping record
INFO     20/07 16:32:36   Analysing record: NZ_SORN01000021.1
INFO     20/07 16:32:36   Detecting secondary metabolite clusters
DEBUG    20/07 16:32:36   Checking if antismash.detection.hmm_detection should be run
INFO     20/07 16:32:36   Running antismash.detection.hmm_detection
INFO     20/07 16:32:36   HMM detection using strictness: relaxed
DEBUG    20/07 16:32:36   0 rule-based cluster(s) found in record
DEBUG    20/07 16:32:36   0 protoclusters found
DEBUG    20/07 16:32:36   0 subregions found
INFO     20/07 16:32:36   No regions detected, skipping record
INFO     20/07 16:32:36   Analysing record: NZ_SORN01000022.1
INFO     20/07 16:32:36   Detecting secondary metabolite clusters
DEBUG    20/07 16:32:36   Checking if antismash.detection.hmm_detection should be run
INFO     20/07 16:32:36   Running antismash.detection.hmm_detection
INFO     20/07 16:32:36   HMM detection using strictness: relaxed
DEBUG    20/07 16:32:37   0 rule-based cluster(s) found in record
DEBUG    20/07 16:32:37   0 protoclusters found
DEBUG    20/07 16:32:37   0 subregions found
INFO     20/07 16:32:37   No regions detected, skipping record
INFO     20/07 16:32:37   Analysing record: NZ_SORN01000023.1
INFO     20/07 16:32:37   Detecting secondary metabolite clusters
DEBUG    20/07 16:32:37   Checking if antismash.detection.hmm_detection should be run
INFO     20/07 16:32:37   Running antismash.detection.hmm_detection
INFO     20/07 16:32:37   HMM detection using strictness: relaxed
DEBUG    20/07 16:32:37   0 rule-based cluster(s) found in record
DEBUG    20/07 16:32:37   0 protoclusters found
DEBUG    20/07 16:32:37   0 subregions found
INFO     20/07 16:32:37   No regions detected, skipping record
INFO     20/07 16:32:37   Analysing record: NZ_SORN01000024.1
INFO     20/07 16:32:37   Detecting secondary metabolite clusters
DEBUG    20/07 16:32:37   Checking if antismash.detection.hmm_detection should be run
INFO     20/07 16:32:37   Running antismash.detection.hmm_detection
INFO     20/07 16:32:37   HMM detection using strictness: relaxed
DEBUG    20/07 16:32:38   0 rule-based cluster(s) found in record
DEBUG    20/07 16:32:38   0 protoclusters found
DEBUG    20/07 16:32:38   0 subregions found
INFO     20/07 16:32:38   No regions detected, skipping record
DEBUG    20/07 16:32:38   Writing json results to '/data/antismash/upload/bacteria-977b1966-2de5-49cf-ba81-fe1cfa43a8b7/GCF_004366635.1_Rhodobaca_bogoriensis_DSM_18756.json'
DEBUG    20/07 16:32:38   Record NZ_SORN01000001.1 has results for modules: hmm_detection
DEBUG    20/07 16:32:38   Converting antismash.detection.hmm_detection results to json
DEBUG    20/07 16:32:38   Record NZ_SORN01000002.1 has results for modules: hmm_detection, cluster_hmmer, genefunctions, nrps_pks_domains, tigrfam, active_site_finder, cluster_compare, clusterblast, lanthipeptides, lassopeptides, nrps_pks, pfam2go, rrefinder, sactipeptides, t2pks, tfbs_finder, thiopeptides
DEBUG    20/07 16:32:38   Converting antismash.detection.hmm_detection results to json
DEBUG    20/07 16:32:38   Converting antismash.detection.cluster_hmmer results to json
DEBUG    20/07 16:32:38   Converting antismash.detection.genefunctions results to json
DEBUG    20/07 16:32:38   Converting antismash.detection.nrps_pks_domains results to json
DEBUG    20/07 16:32:38   Converting antismash.detection.tigrfam results to json
DEBUG    20/07 16:32:38   Converting antismash.modules.active_site_finder results to json
DEBUG    20/07 16:32:38   Converting antismash.modules.cluster_compare results to json
DEBUG    20/07 16:32:38   Converting antismash.modules.clusterblast results to json
DEBUG    20/07 16:32:38   Converting antismash.modules.lanthipeptides results to json
DEBUG    20/07 16:32:38   Converting antismash.modules.lassopeptides results to json
DEBUG    20/07 16:32:38   Converting antismash.modules.nrps_pks results to json
DEBUG    20/07 16:32:38   Converting antismash.modules.pfam2go results to json
DEBUG    20/07 16:32:38   Converting antismash.modules.rrefinder results to json
DEBUG    20/07 16:32:38   Converting antismash.modules.sactipeptides results to json
DEBUG    20/07 16:32:38   Converting antismash.modules.t2pks results to json
DEBUG    20/07 16:32:38   Converting antismash.modules.tfbs_finder results to json
DEBUG    20/07 16:32:38   Converting antismash.modules.thiopeptides results to json
DEBUG    20/07 16:32:38   Converting antismash.modules.tta results to json
DEBUG    20/07 16:32:38   Record NZ_SORN01000003.1 has results for modules: hmm_detection, cluster_hmmer, genefunctions, nrps_pks_domains, tigrfam, active_site_finder, cluster_compare, clusterblast, lanthipeptides, lassopeptides, nrps_pks, pfam2go, rrefinder, sactipeptides, t2pks, tfbs_finder, thiopeptides
DEBUG    20/07 16:32:38   Converting antismash.detection.hmm_detection results to json
DEBUG    20/07 16:32:38   Converting antismash.detection.cluster_hmmer results to json
DEBUG    20/07 16:32:38   Converting antismash.detection.genefunctions results to json
DEBUG    20/07 16:32:38   Converting antismash.detection.nrps_pks_domains results to json
DEBUG    20/07 16:32:38   Converting antismash.detection.tigrfam results to json
DEBUG    20/07 16:32:38   Converting antismash.modules.active_site_finder results to json
DEBUG    20/07 16:32:38   Converting antismash.modules.cluster_compare results to json
DEBUG    20/07 16:32:38   Converting antismash.modules.clusterblast results to json
DEBUG    20/07 16:32:38   Converting antismash.modules.lanthipeptides results to json
DEBUG    20/07 16:32:38   Converting antismash.modules.lassopeptides results to json
DEBUG    20/07 16:32:38   Converting antismash.modules.nrps_pks results to json
DEBUG    20/07 16:32:38   Converting antismash.modules.pfam2go results to json
DEBUG    20/07 16:32:38   Converting antismash.modules.rrefinder results to json
DEBUG    20/07 16:32:38   Converting antismash.modules.sactipeptides results to json
DEBUG    20/07 16:32:38   Converting antismash.modules.t2pks results to json
DEBUG    20/07 16:32:38   Converting antismash.modules.tfbs_finder results to json
DEBUG    20/07 16:32:38   Converting antismash.modules.thiopeptides results to json
DEBUG    20/07 16:32:38   Converting antismash.modules.tta results to json
DEBUG    20/07 16:32:38   Record NZ_SORN01000004.1 has results for modules: hmm_detection
DEBUG    20/07 16:32:38   Converting antismash.detection.hmm_detection results to json
DEBUG    20/07 16:32:38   Record NZ_SORN01000005.1 has results for modules: hmm_detection
DEBUG    20/07 16:32:38   Converting antismash.detection.hmm_detection results to json
DEBUG    20/07 16:32:38   Record NZ_SORN01000006.1 has results for modules: hmm_detection
DEBUG    20/07 16:32:38   Converting antismash.detection.hmm_detection results to json
DEBUG    20/07 16:32:38   Record NZ_SORN01000007.1 has results for modules: hmm_detection
DEBUG    20/07 16:32:38   Converting antismash.detection.hmm_detection results to json
DEBUG    20/07 16:32:38   Record NZ_SORN01000008.1 has results for modules: hmm_detection
DEBUG    20/07 16:32:38   Converting antismash.detection.hmm_detection results to json
DEBUG    20/07 16:32:38   Record NZ_SORN01000009.1 has results for modules: hmm_detection
DEBUG    20/07 16:32:38   Converting antismash.detection.hmm_detection results to json
DEBUG    20/07 16:32:38   Record NZ_SORN01000010.1 has results for modules: hmm_detection
DEBUG    20/07 16:32:38   Converting antismash.detection.hmm_detection results to json
DEBUG    20/07 16:32:38   Record NZ_SORN01000011.1 has results for modules: hmm_detection
DEBUG    20/07 16:32:38   Converting antismash.detection.hmm_detection results to json
DEBUG    20/07 16:32:38   Record NZ_SORN01000012.1 has results for modules: hmm_detection
DEBUG    20/07 16:32:38   Converting antismash.detection.hmm_detection results to json
DEBUG    20/07 16:32:38   Record NZ_SORN01000013.1 has results for modules: hmm_detection
DEBUG    20/07 16:32:38   Converting antismash.detection.hmm_detection results to json
DEBUG    20/07 16:32:38   Record NZ_SORN01000014.1 has results for modules: hmm_detection
DEBUG    20/07 16:32:38   Converting antismash.detection.hmm_detection results to json
DEBUG    20/07 16:32:38   Record NZ_SORN01000015.1 has results for modules: hmm_detection
DEBUG    20/07 16:32:38   Converting antismash.detection.hmm_detection results to json
DEBUG    20/07 16:32:38   Record NZ_SORN01000016.1 has results for modules: hmm_detection
DEBUG    20/07 16:32:38   Converting antismash.detection.hmm_detection results to json
DEBUG    20/07 16:32:38   Record NZ_SORN01000017.1 has results for modules: hmm_detection
DEBUG    20/07 16:32:38   Converting antismash.detection.hmm_detection results to json
DEBUG    20/07 16:32:38   Record NZ_SORN01000018.1 has results for modules: hmm_detection
DEBUG    20/07 16:32:38   Converting antismash.detection.hmm_detection results to json
DEBUG    20/07 16:32:38   Record NZ_SORN01000019.1 has results for modules: hmm_detection
DEBUG    20/07 16:32:38   Converting antismash.detection.hmm_detection results to json
DEBUG    20/07 16:32:38   Record NZ_SORN01000020.1 has results for modules: hmm_detection
DEBUG    20/07 16:32:38   Converting antismash.detection.hmm_detection results to json
DEBUG    20/07 16:32:38   Record NZ_SORN01000021.1 has results for modules: hmm_detection
DEBUG    20/07 16:32:38   Converting antismash.detection.hmm_detection results to json
DEBUG    20/07 16:32:38   Record NZ_SORN01000022.1 has results for modules: hmm_detection
DEBUG    20/07 16:32:38   Converting antismash.detection.hmm_detection results to json
DEBUG    20/07 16:32:38   Record NZ_SORN01000023.1 has results for modules: hmm_detection
DEBUG    20/07 16:32:38   Converting antismash.detection.hmm_detection results to json
DEBUG    20/07 16:32:38   Record NZ_SORN01000024.1 has results for modules: hmm_detection
DEBUG    20/07 16:32:38   Converting antismash.detection.hmm_detection results to json
DEBUG    20/07 16:32:38   Not annotating skipped record NZ_SORN01000001.1: No regions detected
DEBUG    20/07 16:32:38   Annotating record NZ_SORN01000002.1 with results from: hmm_detection, cluster_hmmer, genefunctions, nrps_pks_domains, tigrfam, active_site_finder, cluster_compare, clusterblast, lanthipeptides, lassopeptides, nrps_pks, pfam2go, rrefinder, sactipeptides, t2pks, tfbs_finder, thiopeptides, tta
DEBUG    20/07 16:32:38    Adding results from antismash.modules.active_site_finder
DEBUG    20/07 16:32:38    Adding results from antismash.modules.cluster_compare
DEBUG    20/07 16:32:38    Adding results from antismash.modules.clusterblast
DEBUG    20/07 16:32:38    Adding results from antismash.modules.lanthipeptides
DEBUG    20/07 16:32:38    Adding results from antismash.modules.lassopeptides
DEBUG    20/07 16:32:38    Adding results from antismash.modules.nrps_pks
DEBUG    20/07 16:32:38    Adding results from antismash.modules.pfam2go
DEBUG    20/07 16:32:38    Adding results from antismash.modules.rrefinder
DEBUG    20/07 16:32:38    Adding results from antismash.modules.sactipeptides
DEBUG    20/07 16:32:38    Adding results from antismash.modules.t2pks
DEBUG    20/07 16:32:38    Adding results from antismash.modules.tfbs_finder
DEBUG    20/07 16:32:38    Adding results from antismash.modules.thiopeptides
DEBUG    20/07 16:32:38    Adding results from antismash.modules.tta
DEBUG    20/07 16:32:38   Annotating record NZ_SORN01000003.1 with results from: hmm_detection, cluster_hmmer, genefunctions, nrps_pks_domains, tigrfam, active_site_finder, cluster_compare, clusterblast, lanthipeptides, lassopeptides, nrps_pks, pfam2go, rrefinder, sactipeptides, t2pks, tfbs_finder, thiopeptides, tta
DEBUG    20/07 16:32:38    Adding results from antismash.modules.active_site_finder
DEBUG    20/07 16:32:38    Adding results from antismash.modules.cluster_compare
DEBUG    20/07 16:32:38    Adding results from antismash.modules.clusterblast
DEBUG    20/07 16:32:38    Adding results from antismash.modules.lanthipeptides
DEBUG    20/07 16:32:38    Adding results from antismash.modules.lassopeptides
DEBUG    20/07 16:32:38    Adding results from antismash.modules.nrps_pks
DEBUG    20/07 16:32:38    Adding results from antismash.modules.pfam2go
DEBUG    20/07 16:32:38    Adding results from antismash.modules.rrefinder
DEBUG    20/07 16:32:38    Adding results from antismash.modules.sactipeptides
DEBUG    20/07 16:32:38    Adding results from antismash.modules.t2pks
DEBUG    20/07 16:32:38    Adding results from antismash.modules.tfbs_finder
DEBUG    20/07 16:32:38    Adding results from antismash.modules.thiopeptides
DEBUG    20/07 16:32:38    Adding results from antismash.modules.tta
DEBUG    20/07 16:32:38   Not annotating skipped record NZ_SORN01000004.1: No regions detected
DEBUG    20/07 16:32:38   Not annotating skipped record NZ_SORN01000005.1: No regions detected
DEBUG    20/07 16:32:38   Not annotating skipped record NZ_SORN01000006.1: No regions detected
DEBUG    20/07 16:32:38   Not annotating skipped record NZ_SORN01000007.1: No regions detected
DEBUG    20/07 16:32:38   Not annotating skipped record NZ_SORN01000008.1: No regions detected
DEBUG    20/07 16:32:38   Not annotating skipped record NZ_SORN01000009.1: No regions detected
DEBUG    20/07 16:32:38   Not annotating skipped record NZ_SORN01000010.1: No regions detected
DEBUG    20/07 16:32:38   Not annotating skipped record NZ_SORN01000011.1: No regions detected
DEBUG    20/07 16:32:38   Not annotating skipped record NZ_SORN01000012.1: No regions detected
DEBUG    20/07 16:32:38   Not annotating skipped record NZ_SORN01000013.1: No regions detected
DEBUG    20/07 16:32:38   Not annotating skipped record NZ_SORN01000014.1: No regions detected
DEBUG    20/07 16:32:38   Not annotating skipped record NZ_SORN01000015.1: No regions detected
DEBUG    20/07 16:32:38   Not annotating skipped record NZ_SORN01000016.1: No regions detected
DEBUG    20/07 16:32:38   Not annotating skipped record NZ_SORN01000017.1: No regions detected
DEBUG    20/07 16:32:38   Not annotating skipped record NZ_SORN01000018.1: No regions detected
DEBUG    20/07 16:32:38   Not annotating skipped record NZ_SORN01000019.1: No regions detected
DEBUG    20/07 16:32:38   Not annotating skipped record NZ_SORN01000020.1: No regions detected
DEBUG    20/07 16:32:38   Not annotating skipped record NZ_SORN01000021.1: No regions detected
DEBUG    20/07 16:32:38   Not annotating skipped record NZ_SORN01000022.1: No regions detected
DEBUG    20/07 16:32:38   Not annotating skipped record NZ_SORN01000023.1: No regions detected
DEBUG    20/07 16:32:38   Not annotating skipped record NZ_SORN01000024.1: No regions detected
DEBUG    20/07 16:32:38   Creating results page
DEBUG    20/07 16:32:38   Results page using antismash.js from local copy: /databases/as-js/0.13/antismash.js
DEBUG    20/07 16:32:40   Creating results SVGs
DEBUG    20/07 16:32:40   Writing seq_records SVGs to '/data/antismash/upload/bacteria-977b1966-2de5-49cf-ba81-fe1cfa43a8b7/svg'
DEBUG    20/07 16:32:41   Writing cluster-specific genbank files
DEBUG    20/07 16:32:41   Writing final genbank file to '/data/antismash/upload/bacteria-977b1966-2de5-49cf-ba81-fe1cfa43a8b7/GCF_004366635.1_Rhodobaca_bogoriensis_DSM_18756.gbk'
DEBUG    20/07 16:32:41   Zipping output to '/data/antismash/upload/bacteria-977b1966-2de5-49cf-ba81-fe1cfa43a8b7/GCF_004366635.1_Rhodobaca_bogoriensis_DSM_18756.zip'
