INFO     20/07 16:42:27   antiSMASH version: 7.0.0
INFO     20/07 16:42:27   diamond using executable: /usr/bin/diamond-aligner (2.0.7)
INFO     20/07 16:42:27   hmmpfam2 using executable: /usr/bin/hmm2pfam (2.3.2)
INFO     20/07 16:42:27   fasttree using executable: /usr/bin/fasttree
INFO     20/07 16:42:27   hmmsearch using executable: /usr/bin/hmmsearch (3.3.2)
INFO     20/07 16:42:27   hmmpress using executable: /usr/bin/hmmpress (3.3.2)
INFO     20/07 16:42:27   hmmscan using executable: /usr/bin/hmmscan (3.3.2)
INFO     20/07 16:42:29   meme using executable: /usr/bin/meme (4.11.2)
INFO     20/07 16:42:29   fimo using executable: /usr/bin/fimo (4.11.2)
INFO     20/07 16:42:29   glimmerhmm using executable: /usr/bin/glimmerhmm
INFO     20/07 16:42:29   prodigal using executable: /usr/bin/prodigal (V2.6.3)
INFO     20/07 16:42:29   blastp using executable: /usr/bin/blastp (2.11.0+)
INFO     20/07 16:42:29   makeblastdb using executable: /usr/bin/makeblastdb (2.11.0+)
DEBUG    20/07 16:42:29   Checking prerequisites for antismash.detection.hmm_detection
DEBUG    20/07 16:42:29   Found file '/usr/local/lib/python3.9/dist-packages/antismash/detection/hmm_detection/data/bgc_seeds.hmm'
DEBUG    20/07 16:42:29   Found file '/usr/local/lib/python3.9/dist-packages/antismash/detection/hmm_detection/data/bgc_seeds.hmm.h3f'
DEBUG    20/07 16:42:29   Found file '/usr/local/lib/python3.9/dist-packages/antismash/detection/hmm_detection/data/bgc_seeds.hmm.h3i'
DEBUG    20/07 16:42:29   Found file '/usr/local/lib/python3.9/dist-packages/antismash/detection/hmm_detection/data/bgc_seeds.hmm.h3m'
DEBUG    20/07 16:42:29   Found file '/usr/local/lib/python3.9/dist-packages/antismash/detection/hmm_detection/data/bgc_seeds.hmm.h3p'
DEBUG    20/07 16:42:29   Checking prerequisites for antismash.detection.cluster_hmmer
DEBUG    20/07 16:42:29   Found file '/databases/pfam/34.0/Pfam-A.hmm'
DEBUG    20/07 16:42:29   Found file '/databases/pfam/34.0/Pfam-A.hmm.h3f'
DEBUG    20/07 16:42:29   Found file '/databases/pfam/34.0/Pfam-A.hmm.h3i'
DEBUG    20/07 16:42:29   Found file '/databases/pfam/34.0/Pfam-A.hmm.h3m'
DEBUG    20/07 16:42:29   Found file '/databases/pfam/34.0/Pfam-A.hmm.h3p'
DEBUG    20/07 16:42:29   Checking prerequisites for antismash.detection.genefunctions
DEBUG    20/07 16:42:29   Found file '/databases/resfam/Resfams.hmm'
DEBUG    20/07 16:42:29   Found file '/usr/local/lib/python3.9/dist-packages/antismash/detection/genefunctions/data/smcogs.hmm.h3f'
DEBUG    20/07 16:42:29   Found file '/usr/local/lib/python3.9/dist-packages/antismash/detection/genefunctions/data/smcogs.hmm.h3i'
DEBUG    20/07 16:42:29   Found file '/usr/local/lib/python3.9/dist-packages/antismash/detection/genefunctions/data/smcogs.hmm.h3m'
DEBUG    20/07 16:42:29   Found file '/usr/local/lib/python3.9/dist-packages/antismash/detection/genefunctions/data/smcogs.hmm.h3p'
DEBUG    20/07 16:42:29   Found file '/databases/resfam/Resfams.hmm.h3f'
DEBUG    20/07 16:42:29   Found file '/databases/resfam/Resfams.hmm.h3i'
DEBUG    20/07 16:42:29   Found file '/databases/resfam/Resfams.hmm.h3m'
DEBUG    20/07 16:42:29   Found file '/databases/resfam/Resfams.hmm.h3p'
DEBUG    20/07 16:42:29   Checking prerequisites for antismash.detection.nrps_pks_domains
DEBUG    20/07 16:42:29   Found file '/usr/local/lib/python3.9/dist-packages/antismash/detection/nrps_pks_domains/data/abmotifs.hmm.h3f'
DEBUG    20/07 16:42:29   Found file '/usr/local/lib/python3.9/dist-packages/antismash/detection/nrps_pks_domains/data/abmotifs.hmm.h3i'
DEBUG    20/07 16:42:29   Found file '/usr/local/lib/python3.9/dist-packages/antismash/detection/nrps_pks_domains/data/abmotifs.hmm.h3m'
DEBUG    20/07 16:42:29   Found file '/usr/local/lib/python3.9/dist-packages/antismash/detection/nrps_pks_domains/data/abmotifs.hmm.h3p'
DEBUG    20/07 16:42:29   Found file '/usr/local/lib/python3.9/dist-packages/antismash/detection/nrps_pks_domains/data/dockingdomains.hmm.h3f'
DEBUG    20/07 16:42:29   Found file '/usr/local/lib/python3.9/dist-packages/antismash/detection/nrps_pks_domains/data/dockingdomains.hmm.h3i'
DEBUG    20/07 16:42:29   Found file '/usr/local/lib/python3.9/dist-packages/antismash/detection/nrps_pks_domains/data/dockingdomains.hmm.h3m'
DEBUG    20/07 16:42:29   Found file '/usr/local/lib/python3.9/dist-packages/antismash/detection/nrps_pks_domains/data/dockingdomains.hmm.h3p'
DEBUG    20/07 16:42:29   Found file '/usr/local/lib/python3.9/dist-packages/antismash/detection/nrps_pks_domains/data/ksdomains.hmm.h3f'
DEBUG    20/07 16:42:29   Found file '/usr/local/lib/python3.9/dist-packages/antismash/detection/nrps_pks_domains/data/ksdomains.hmm.h3i'
DEBUG    20/07 16:42:29   Found file '/usr/local/lib/python3.9/dist-packages/antismash/detection/nrps_pks_domains/data/ksdomains.hmm.h3m'
DEBUG    20/07 16:42:29   Found file '/usr/local/lib/python3.9/dist-packages/antismash/detection/nrps_pks_domains/data/ksdomains.hmm.h3p'
DEBUG    20/07 16:42:29   Found file '/usr/local/lib/python3.9/dist-packages/antismash/detection/nrps_pks_domains/data/nrpspksdomains.hmm.h3f'
DEBUG    20/07 16:42:29   Found file '/usr/local/lib/python3.9/dist-packages/antismash/detection/nrps_pks_domains/data/nrpspksdomains.hmm.h3i'
DEBUG    20/07 16:42:29   Found file '/usr/local/lib/python3.9/dist-packages/antismash/detection/nrps_pks_domains/data/nrpspksdomains.hmm.h3m'
DEBUG    20/07 16:42:29   Found file '/usr/local/lib/python3.9/dist-packages/antismash/detection/nrps_pks_domains/data/nrpspksdomains.hmm.h3p'
DEBUG    20/07 16:42:29   Found file '/databases/nrps_pks/transATor/2023.02.23/transATor.hmm.h3f'
DEBUG    20/07 16:42:29   Found file '/databases/nrps_pks/transATor/2023.02.23/transATor.hmm.h3i'
DEBUG    20/07 16:42:29   Found file '/databases/nrps_pks/transATor/2023.02.23/transATor.hmm.h3m'
DEBUG    20/07 16:42:29   Found file '/databases/nrps_pks/transATor/2023.02.23/transATor.hmm.h3p'
DEBUG    20/07 16:42:29   Checking prerequisites for antismash.detection.tigrfam
DEBUG    20/07 16:42:29   Found file '/databases/tigrfam/TIGRFam.hmm'
DEBUG    20/07 16:42:29   Found file '/databases/tigrfam/TIGRFam.hmm.h3f'
DEBUG    20/07 16:42:29   Found file '/databases/tigrfam/TIGRFam.hmm.h3i'
DEBUG    20/07 16:42:29   Found file '/databases/tigrfam/TIGRFam.hmm.h3m'
DEBUG    20/07 16:42:29   Found file '/databases/tigrfam/TIGRFam.hmm.h3p'
DEBUG    20/07 16:42:29   Checking prerequisites for antismash.modules.active_site_finder
DEBUG    20/07 16:42:29   Found file '/usr/local/lib/python3.9/dist-packages/antismash/modules/active_site_finder/data/PKSI-KR.hmm2'
DEBUG    20/07 16:42:29   Found file '/usr/local/lib/python3.9/dist-packages/antismash/modules/active_site_finder/data/PKSI-KS_N.hmm2'
DEBUG    20/07 16:42:29   Found file '/usr/local/lib/python3.9/dist-packages/antismash/modules/active_site_finder/data/PKSI-KS_C.hmm2'
DEBUG    20/07 16:42:29   Found file '/usr/local/lib/python3.9/dist-packages/antismash/modules/active_site_finder/data/PKSI-AT.hmm2'
DEBUG    20/07 16:42:29   Found file '/usr/local/lib/python3.9/dist-packages/antismash/modules/active_site_finder/data/PKSI-ACP.hmm2'
DEBUG    20/07 16:42:29   Found file '/usr/local/lib/python3.9/dist-packages/antismash/modules/active_site_finder/data/PKSI-DH.hmm2'
DEBUG    20/07 16:42:29   Found file '/usr/local/lib/python3.9/dist-packages/antismash/modules/active_site_finder/data/Thioesterase.hmm2'
DEBUG    20/07 16:42:29   Found file '/usr/local/lib/python3.9/dist-packages/antismash/modules/active_site_finder/data/PKSI-ER.hmm2'
DEBUG    20/07 16:42:29   Found file '/usr/local/lib/python3.9/dist-packages/antismash/modules/active_site_finder/data/p450.hmm2'
DEBUG    20/07 16:42:29   Checking prerequisites for antismash.modules.cluster_compare
DEBUG    20/07 16:42:29   Found file '/databases/clustercompare/mibig/3.1/data.json'
DEBUG    20/07 16:42:29   Found file '/databases/clustercompare/mibig/3.1/proteins.fasta'
DEBUG    20/07 16:42:29   Found file '/databases/clustercompare/mibig/3.1/proteins.dmnd'
DEBUG    20/07 16:42:29   Found file '/databases/clustercompare/mibig/3.1/proteins.dmnd'
DEBUG    20/07 16:42:29   Checking prerequisites for antismash.modules.clusterblast
DEBUG    20/07 16:42:29   Found file '/databases/knownclusterblast/3.1/clusters.txt'
DEBUG    20/07 16:42:29   Found file '/databases/knownclusterblast/3.1/proteins.fasta'
DEBUG    20/07 16:42:29   Found file '/databases/knownclusterblast/3.1/proteins.dmnd'
DEBUG    20/07 16:42:29   Found file '/databases/knownclusterblast/3.1/proteins.dmnd'
DEBUG    20/07 16:42:29   Found file '/databases/clusterblast/clusters.txt'
DEBUG    20/07 16:42:29   Found file '/databases/clusterblast/proteins.fasta'
DEBUG    20/07 16:42:29   Found file '/databases/clusterblast/proteins.dmnd'
DEBUG    20/07 16:42:29   Found file '/databases/clusterblast/proteins.dmnd'
DEBUG    20/07 16:42:29   Found file '/usr/local/lib/python3.9/dist-packages/antismash/modules/clusterblast/data/sub/proteins.fasta'
DEBUG    20/07 16:42:29   Found file '/usr/local/lib/python3.9/dist-packages/antismash/modules/clusterblast/data/sub/proteins.fasta.phr'
DEBUG    20/07 16:42:29   Found file '/usr/local/lib/python3.9/dist-packages/antismash/modules/clusterblast/data/sub/proteins.fasta.pin'
DEBUG    20/07 16:42:29   Found file '/usr/local/lib/python3.9/dist-packages/antismash/modules/clusterblast/data/sub/proteins.fasta.psq'
DEBUG    20/07 16:42:29   Found file '/usr/local/lib/python3.9/dist-packages/antismash/modules/clusterblast/data/sub/clusters.txt'
DEBUG    20/07 16:42:29   Checking prerequisites for antismash.modules.lanthipeptides
DEBUG    20/07 16:42:29   Found file '/databases/comparippson/asdb/3.0/cores.fa.pdb'
DEBUG    20/07 16:42:29   Found file '/databases/comparippson/asdb/3.0/cores.fa.phr'
DEBUG    20/07 16:42:29   Found file '/databases/comparippson/asdb/3.0/cores.fa.pin'
DEBUG    20/07 16:42:29   Found file '/databases/comparippson/asdb/3.0/cores.fa.pot'
DEBUG    20/07 16:42:29   Found file '/databases/comparippson/asdb/3.0/cores.fa.psq'
DEBUG    20/07 16:42:29   Found file '/databases/comparippson/asdb/3.0/cores.fa.ptf'
DEBUG    20/07 16:42:29   Found file '/databases/comparippson/asdb/3.0/cores.fa.pto'
DEBUG    20/07 16:42:29   Found file '/databases/comparippson/mibig/3.1/cores.fa.pdb'
DEBUG    20/07 16:42:29   Found file '/databases/comparippson/mibig/3.1/cores.fa.phr'
DEBUG    20/07 16:42:29   Found file '/databases/comparippson/mibig/3.1/cores.fa.pin'
DEBUG    20/07 16:42:29   Found file '/databases/comparippson/mibig/3.1/cores.fa.pot'
DEBUG    20/07 16:42:29   Found file '/databases/comparippson/mibig/3.1/cores.fa.psq'
DEBUG    20/07 16:42:29   Found file '/databases/comparippson/mibig/3.1/cores.fa.ptf'
DEBUG    20/07 16:42:29   Found file '/databases/comparippson/mibig/3.1/cores.fa.pto'
DEBUG    20/07 16:42:29   Checking prerequisites for antismash.modules.lassopeptides
DEBUG    20/07 16:42:29   Checking prerequisites for antismash.modules.nrps_pks
DEBUG    20/07 16:42:29   Found existing cache for /usr/local/lib/python3.9/dist-packages/antismash/modules/nrps_pks/data/terminals/cterm.fasta
DEBUG    20/07 16:42:29   Found existing cache for /usr/local/lib/python3.9/dist-packages/antismash/modules/nrps_pks/data/terminals/nterm.fasta
DEBUG    20/07 16:42:29   Found existing cache for /usr/local/lib/python3.9/dist-packages/antismash/modules/nrps_pks/at_analysis/data/AT_domains_muscle.fasta
DEBUG    20/07 16:42:29   Found existing cache for /usr/local/lib/python3.9/dist-packages/antismash/modules/nrps_pks/kr_analysis/data/KRdomains_muscle.fasta
DEBUG    20/07 16:42:29   Found existing cache for /usr/local/lib/python3.9/dist-packages/antismash/modules/nrps_pks/minowa/data/AT_domains_muscle.fasta
DEBUG    20/07 16:42:29   Found existing cache for /usr/local/lib/python3.9/dist-packages/antismash/modules/nrps_pks/minowa/data/CAL_domains_muscle.fasta
DEBUG    20/07 16:42:29   Checking prerequisites for antismash.modules.pfam2go
DEBUG    20/07 16:42:29   Found file '/usr/local/lib/python3.9/dist-packages/antismash/modules/pfam2go/data/pfam2go.txt'
DEBUG    20/07 16:42:29   Checking prerequisites for antismash.modules.rrefinder
DEBUG    20/07 16:42:29   Found file '/usr/local/lib/python3.9/dist-packages/antismash/modules/rrefinder/data/RREFam.hmm.h3f'
DEBUG    20/07 16:42:29   Found file '/usr/local/lib/python3.9/dist-packages/antismash/modules/rrefinder/data/RREFam.hmm.h3i'
DEBUG    20/07 16:42:29   Found file '/usr/local/lib/python3.9/dist-packages/antismash/modules/rrefinder/data/RREFam.hmm.h3m'
DEBUG    20/07 16:42:29   Found file '/usr/local/lib/python3.9/dist-packages/antismash/modules/rrefinder/data/RREFam.hmm.h3p'
DEBUG    20/07 16:42:29   Checking prerequisites for antismash.modules.sactipeptides
DEBUG    20/07 16:42:29   Checking prerequisites for antismash.modules.t2pks
DEBUG    20/07 16:42:29   Found file '/usr/local/lib/python3.9/dist-packages/antismash/modules/t2pks/data/KSIII.fasta'
DEBUG    20/07 16:42:29   Found file '/usr/local/lib/python3.9/dist-packages/antismash/modules/t2pks/data/KSIII.phr'
DEBUG    20/07 16:42:29   Found file '/usr/local/lib/python3.9/dist-packages/antismash/modules/t2pks/data/KSIII.pin'
DEBUG    20/07 16:42:29   Found file '/usr/local/lib/python3.9/dist-packages/antismash/modules/t2pks/data/KSIII.psq'
DEBUG    20/07 16:42:29   Found file '/usr/local/lib/python3.9/dist-packages/antismash/modules/t2pks/data/AT.fasta'
DEBUG    20/07 16:42:29   Found file '/usr/local/lib/python3.9/dist-packages/antismash/modules/t2pks/data/AT.phr'
DEBUG    20/07 16:42:29   Found file '/usr/local/lib/python3.9/dist-packages/antismash/modules/t2pks/data/AT.pin'
DEBUG    20/07 16:42:29   Found file '/usr/local/lib/python3.9/dist-packages/antismash/modules/t2pks/data/AT.psq'
DEBUG    20/07 16:42:29   Found file '/usr/local/lib/python3.9/dist-packages/antismash/modules/t2pks/data/LIG.fasta'
DEBUG    20/07 16:42:29   Found file '/usr/local/lib/python3.9/dist-packages/antismash/modules/t2pks/data/LIG.phr'
DEBUG    20/07 16:42:29   Found file '/usr/local/lib/python3.9/dist-packages/antismash/modules/t2pks/data/LIG.pin'
DEBUG    20/07 16:42:29   Found file '/usr/local/lib/python3.9/dist-packages/antismash/modules/t2pks/data/LIG.psq'
DEBUG    20/07 16:42:29   Found file '/usr/local/lib/python3.9/dist-packages/antismash/modules/t2pks/data/t2pks.hmm.h3f'
DEBUG    20/07 16:42:29   Found file '/usr/local/lib/python3.9/dist-packages/antismash/modules/t2pks/data/t2pks.hmm.h3i'
DEBUG    20/07 16:42:29   Found file '/usr/local/lib/python3.9/dist-packages/antismash/modules/t2pks/data/t2pks.hmm.h3m'
DEBUG    20/07 16:42:29   Found file '/usr/local/lib/python3.9/dist-packages/antismash/modules/t2pks/data/t2pks.hmm.h3p'
DEBUG    20/07 16:42:29   Checking prerequisites for antismash.modules.tfbs_finder
DEBUG    20/07 16:42:29   Found file '/usr/local/lib/python3.9/dist-packages/antismash/modules/tfbs_finder/data/PWMs.json'
DEBUG    20/07 16:42:29   Checking prerequisites for antismash.modules.thiopeptides
DEBUG    20/07 16:42:29   Found file '/usr/local/lib/python3.9/dist-packages/antismash/modules/thiopeptides/data/thiopep3.hmm.h3f'
DEBUG    20/07 16:42:29   Found file '/usr/local/lib/python3.9/dist-packages/antismash/modules/thiopeptides/data/thiopep3.hmm.h3i'
DEBUG    20/07 16:42:29   Found file '/usr/local/lib/python3.9/dist-packages/antismash/modules/thiopeptides/data/thiopep3.hmm.h3m'
DEBUG    20/07 16:42:29   Found file '/usr/local/lib/python3.9/dist-packages/antismash/modules/thiopeptides/data/thiopep3.hmm.h3p'
DEBUG    20/07 16:42:29   Checking prerequisites for antismash.modules.tta
DEBUG    20/07 16:42:29   Checking prerequisites for antismash.outputs.html
DEBUG    20/07 16:42:29   Found file '/usr/local/lib/python3.9/dist-packages/antismash/outputs/html/css/bacteria.css'
DEBUG    20/07 16:42:29   Found file '/usr/local/lib/python3.9/dist-packages/antismash/outputs/html/css/fungi.css'
DEBUG    20/07 16:42:29   Found file '/usr/local/lib/python3.9/dist-packages/antismash/outputs/html/css/plants.css'
DEBUG    20/07 16:42:29   Checking prerequisites for antismash.support.genefinding
DEBUG    20/07 16:42:29   Checking options for antismash.detection.hmm_detection
DEBUG    20/07 16:42:29   Checking options for antismash.detection.cluster_hmmer
DEBUG    20/07 16:42:29   Found file '/databases/pfam/34.0/Pfam-A.hmm'
DEBUG    20/07 16:42:29   Found file '/databases/pfam/34.0/Pfam-A.hmm.h3f'
DEBUG    20/07 16:42:29   Found file '/databases/pfam/34.0/Pfam-A.hmm.h3i'
DEBUG    20/07 16:42:29   Found file '/databases/pfam/34.0/Pfam-A.hmm.h3m'
DEBUG    20/07 16:42:29   Found file '/databases/pfam/34.0/Pfam-A.hmm.h3p'
DEBUG    20/07 16:42:29   Checking options for antismash.detection.genefunctions
DEBUG    20/07 16:42:29   Checking options for antismash.detection.nrps_pks_domains
DEBUG    20/07 16:42:29   Checking options for antismash.detection.tigrfam
DEBUG    20/07 16:42:29   Checking options for antismash.modules.active_site_finder
DEBUG    20/07 16:42:29   Checking options for antismash.modules.cluster_compare
DEBUG    20/07 16:42:29   Checking options for antismash.modules.clusterblast
DEBUG    20/07 16:42:29   Checking options for antismash.modules.lanthipeptides
DEBUG    20/07 16:42:29   Checking options for antismash.modules.lassopeptides
DEBUG    20/07 16:42:29   Checking options for antismash.modules.nrps_pks
DEBUG    20/07 16:42:29   Checking options for antismash.modules.pfam2go
DEBUG    20/07 16:42:29   Checking options for antismash.modules.rrefinder
DEBUG    20/07 16:42:29   Checking options for antismash.modules.sactipeptides
DEBUG    20/07 16:42:29   Checking options for antismash.modules.t2pks
DEBUG    20/07 16:42:29   Checking options for antismash.modules.tfbs_finder
DEBUG    20/07 16:42:29   Checking options for antismash.modules.thiopeptides
DEBUG    20/07 16:42:29   Checking options for antismash.modules.tta
DEBUG    20/07 16:42:29   Checking options for antismash.outputs.html
DEBUG    20/07 16:42:29   Checking options for antismash.support.genefinding
INFO     20/07 16:42:29   Parsing input sequence '/input/GCF_009908165.1_Frigidibacter_albus_SP32.gbk'
DEBUG    20/07 16:42:30   Stripping antiSMASH features and annotations from record: NZ_JAAAUC010000010.1
DEBUG    20/07 16:42:30   Stripping antiSMASH features and annotations from record: NZ_JAAAUC010000011.1
DEBUG    20/07 16:42:30   Stripping antiSMASH features and annotations from record: NZ_JAAAUC010000012.1
DEBUG    20/07 16:42:30   Stripping antiSMASH features and annotations from record: NZ_JAAAUC010000013.1
DEBUG    20/07 16:42:30   Stripping antiSMASH features and annotations from record: NZ_JAAAUC010000014.1
DEBUG    20/07 16:42:30   Stripping antiSMASH features and annotations from record: NZ_JAAAUC010000015.1
DEBUG    20/07 16:42:30   Stripping antiSMASH features and annotations from record: NZ_JAAAUC010000016.1
DEBUG    20/07 16:42:30   Stripping antiSMASH features and annotations from record: NZ_JAAAUC010000017.1
DEBUG    20/07 16:42:30   Stripping antiSMASH features and annotations from record: NZ_JAAAUC010000018.1
DEBUG    20/07 16:42:30   Stripping antiSMASH features and annotations from record: NZ_JAAAUC010000019.1
DEBUG    20/07 16:42:30   Stripping antiSMASH features and annotations from record: NZ_JAAAUC010000001.1
DEBUG    20/07 16:42:30   Stripping antiSMASH features and annotations from record: NZ_JAAAUC010000020.1
DEBUG    20/07 16:42:30   Stripping antiSMASH features and annotations from record: NZ_JAAAUC010000021.1
DEBUG    20/07 16:42:30   Stripping antiSMASH features and annotations from record: NZ_JAAAUC010000022.1
DEBUG    20/07 16:42:30   Stripping antiSMASH features and annotations from record: NZ_JAAAUC010000023.1
DEBUG    20/07 16:42:30   Stripping antiSMASH features and annotations from record: NZ_JAAAUC010000024.1
DEBUG    20/07 16:42:30   Stripping antiSMASH features and annotations from record: NZ_JAAAUC010000025.1
DEBUG    20/07 16:42:30   Stripping antiSMASH features and annotations from record: NZ_JAAAUC010000026.1
DEBUG    20/07 16:42:30   Stripping antiSMASH features and annotations from record: NZ_JAAAUC010000027.1
DEBUG    20/07 16:42:30   Stripping antiSMASH features and annotations from record: NZ_JAAAUC010000028.1
DEBUG    20/07 16:42:30   Stripping antiSMASH features and annotations from record: NZ_JAAAUC010000029.1
DEBUG    20/07 16:42:30   Stripping antiSMASH features and annotations from record: NZ_JAAAUC010000002.1
DEBUG    20/07 16:42:30   Stripping antiSMASH features and annotations from record: NZ_JAAAUC010000030.1
DEBUG    20/07 16:42:30   Stripping antiSMASH features and annotations from record: NZ_JAAAUC010000031.1
DEBUG    20/07 16:42:30   Stripping antiSMASH features and annotations from record: NZ_JAAAUC010000032.1
DEBUG    20/07 16:42:30   Stripping antiSMASH features and annotations from record: NZ_JAAAUC010000033.1
DEBUG    20/07 16:42:30   Stripping antiSMASH features and annotations from record: NZ_JAAAUC010000034.1
DEBUG    20/07 16:42:30   Stripping antiSMASH features and annotations from record: NZ_JAAAUC010000035.1
DEBUG    20/07 16:42:30   Stripping antiSMASH features and annotations from record: NZ_JAAAUC010000036.1
DEBUG    20/07 16:42:30   Stripping antiSMASH features and annotations from record: NZ_JAAAUC010000037.1
DEBUG    20/07 16:42:30   Stripping antiSMASH features and annotations from record: NZ_JAAAUC010000038.1
DEBUG    20/07 16:42:30   Stripping antiSMASH features and annotations from record: NZ_JAAAUC010000039.1
DEBUG    20/07 16:42:30   Stripping antiSMASH features and annotations from record: NZ_JAAAUC010000003.1
DEBUG    20/07 16:42:30   Stripping antiSMASH features and annotations from record: NZ_JAAAUC010000040.1
DEBUG    20/07 16:42:30   Stripping antiSMASH features and annotations from record: NZ_JAAAUC010000004.1
DEBUG    20/07 16:42:30   Stripping antiSMASH features and annotations from record: NZ_JAAAUC010000005.1
DEBUG    20/07 16:42:30   Stripping antiSMASH features and annotations from record: NZ_JAAAUC010000006.1
DEBUG    20/07 16:42:30   Stripping antiSMASH features and annotations from record: NZ_JAAAUC010000007.1
DEBUG    20/07 16:42:30   Stripping antiSMASH features and annotations from record: NZ_JAAAUC010000008.1
DEBUG    20/07 16:42:30   Stripping antiSMASH features and annotations from record: NZ_JAAAUC010000009.1
DEBUG    20/07 16:42:30   Converting records from biopython to secmet
DEBUG    20/07 16:42:31   Removing existing region genbank files
DEBUG    20/07 16:42:31   Reusing output directory: /data/antismash/upload/bacteria-8a924a22-0b55-4103-a7be-cce634a77cf9
DEBUG    20/07 16:42:31   Preprocessing 40 sequences
DEBUG    20/07 16:42:31   Sanitising record ids and sequences
DEBUG    20/07 16:42:32   Removing sequences smaller than 1000 bases
DEBUG    20/07 16:42:32   Ensuring records have CDS features with all required information
INFO     20/07 16:42:32   No CDS features found in record 'NZ_JAAAUC010000031.1', running gene finding.
DEBUG    20/07 16:42:32   Running prodigal based genefinding
DEBUG    20/07 16:42:32   prodigal found 4 CDS features
INFO     20/07 16:42:32   Analysing record: NZ_JAAAUC010000010.1
INFO     20/07 16:42:32   Detecting secondary metabolite clusters
DEBUG    20/07 16:42:32   Checking if antismash.detection.hmm_detection should be run
INFO     20/07 16:42:32   Running antismash.detection.hmm_detection
INFO     20/07 16:42:32   HMM detection using strictness: relaxed
DEBUG    20/07 16:42:34   0 rule-based cluster(s) found in record
DEBUG    20/07 16:42:34   0 protoclusters found
DEBUG    20/07 16:42:34   0 subregions found
INFO     20/07 16:42:34   No regions detected, skipping record
INFO     20/07 16:42:34   Analysing record: NZ_JAAAUC010000011.1
INFO     20/07 16:42:34   Detecting secondary metabolite clusters
DEBUG    20/07 16:42:34   Checking if antismash.detection.hmm_detection should be run
INFO     20/07 16:42:34   Running antismash.detection.hmm_detection
INFO     20/07 16:42:34   HMM detection using strictness: relaxed
DEBUG    20/07 16:42:35   0 rule-based cluster(s) found in record
DEBUG    20/07 16:42:35   0 protoclusters found
DEBUG    20/07 16:42:35   0 subregions found
INFO     20/07 16:42:35   No regions detected, skipping record
INFO     20/07 16:42:35   Analysing record: NZ_JAAAUC010000012.1
INFO     20/07 16:42:35   Detecting secondary metabolite clusters
DEBUG    20/07 16:42:35   Checking if antismash.detection.hmm_detection should be run
INFO     20/07 16:42:35   Running antismash.detection.hmm_detection
INFO     20/07 16:42:35   HMM detection using strictness: relaxed
DEBUG    20/07 16:42:36   0 rule-based cluster(s) found in record
DEBUG    20/07 16:42:36   0 protoclusters found
DEBUG    20/07 16:42:36   0 subregions found
INFO     20/07 16:42:36   No regions detected, skipping record
INFO     20/07 16:42:36   Analysing record: NZ_JAAAUC010000013.1
INFO     20/07 16:42:36   Detecting secondary metabolite clusters
DEBUG    20/07 16:42:36   Checking if antismash.detection.hmm_detection should be run
INFO     20/07 16:42:36   Running antismash.detection.hmm_detection
INFO     20/07 16:42:36   HMM detection using strictness: relaxed
DEBUG    20/07 16:42:37   0 rule-based cluster(s) found in record
DEBUG    20/07 16:42:37   0 protoclusters found
DEBUG    20/07 16:42:37   0 subregions found
INFO     20/07 16:42:37   No regions detected, skipping record
INFO     20/07 16:42:37   Analysing record: NZ_JAAAUC010000014.1
INFO     20/07 16:42:37   Detecting secondary metabolite clusters
DEBUG    20/07 16:42:37   Checking if antismash.detection.hmm_detection should be run
INFO     20/07 16:42:37   Running antismash.detection.hmm_detection
INFO     20/07 16:42:37   HMM detection using strictness: relaxed
DEBUG    20/07 16:42:38   0 rule-based cluster(s) found in record
DEBUG    20/07 16:42:38   0 protoclusters found
DEBUG    20/07 16:42:38   0 subregions found
INFO     20/07 16:42:38   No regions detected, skipping record
INFO     20/07 16:42:38   Analysing record: NZ_JAAAUC010000015.1
INFO     20/07 16:42:38   Detecting secondary metabolite clusters
DEBUG    20/07 16:42:38   Checking if antismash.detection.hmm_detection should be run
INFO     20/07 16:42:38   Running antismash.detection.hmm_detection
INFO     20/07 16:42:38   HMM detection using strictness: relaxed
DEBUG    20/07 16:42:39   0 rule-based cluster(s) found in record
DEBUG    20/07 16:42:39   0 protoclusters found
DEBUG    20/07 16:42:39   0 subregions found
INFO     20/07 16:42:39   No regions detected, skipping record
INFO     20/07 16:42:39   Analysing record: NZ_JAAAUC010000016.1
INFO     20/07 16:42:39   Detecting secondary metabolite clusters
DEBUG    20/07 16:42:39   Checking if antismash.detection.hmm_detection should be run
INFO     20/07 16:42:39   Running antismash.detection.hmm_detection
INFO     20/07 16:42:39   HMM detection using strictness: relaxed
DEBUG    20/07 16:42:40   0 rule-based cluster(s) found in record
DEBUG    20/07 16:42:40   0 protoclusters found
DEBUG    20/07 16:42:40   0 subregions found
INFO     20/07 16:42:40   No regions detected, skipping record
INFO     20/07 16:42:40   Analysing record: NZ_JAAAUC010000017.1
INFO     20/07 16:42:40   Detecting secondary metabolite clusters
DEBUG    20/07 16:42:40   Checking if antismash.detection.hmm_detection should be run
INFO     20/07 16:42:40   Running antismash.detection.hmm_detection
INFO     20/07 16:42:40   HMM detection using strictness: relaxed
DEBUG    20/07 16:42:40   0 rule-based cluster(s) found in record
DEBUG    20/07 16:42:41   0 protoclusters found
DEBUG    20/07 16:42:41   0 subregions found
INFO     20/07 16:42:41   No regions detected, skipping record
INFO     20/07 16:42:41   Analysing record: NZ_JAAAUC010000018.1
INFO     20/07 16:42:41   Detecting secondary metabolite clusters
DEBUG    20/07 16:42:41   Checking if antismash.detection.hmm_detection should be run
INFO     20/07 16:42:41   Running antismash.detection.hmm_detection
INFO     20/07 16:42:41   HMM detection using strictness: relaxed
DEBUG    20/07 16:42:41   0 rule-based cluster(s) found in record
DEBUG    20/07 16:42:41   0 protoclusters found
DEBUG    20/07 16:42:41   0 subregions found
INFO     20/07 16:42:41   No regions detected, skipping record
INFO     20/07 16:42:41   Analysing record: NZ_JAAAUC010000019.1
INFO     20/07 16:42:41   Detecting secondary metabolite clusters
DEBUG    20/07 16:42:41   Checking if antismash.detection.hmm_detection should be run
INFO     20/07 16:42:41   Running antismash.detection.hmm_detection
INFO     20/07 16:42:41   HMM detection using strictness: relaxed
DEBUG    20/07 16:42:42   0 rule-based cluster(s) found in record
DEBUG    20/07 16:42:42   0 protoclusters found
DEBUG    20/07 16:42:42   0 subregions found
INFO     20/07 16:42:42   No regions detected, skipping record
INFO     20/07 16:42:42   Analysing record: NZ_JAAAUC010000001.1
INFO     20/07 16:42:42   Detecting secondary metabolite clusters
DEBUG    20/07 16:42:42   Checking if antismash.detection.hmm_detection should be run
INFO     20/07 16:42:42   Running antismash.detection.hmm_detection
INFO     20/07 16:42:42   HMM detection using strictness: relaxed
DEBUG    20/07 16:42:45   0 rule-based cluster(s) found in record
DEBUG    20/07 16:42:45   0 protoclusters found
DEBUG    20/07 16:42:45   0 subregions found
INFO     20/07 16:42:45   No regions detected, skipping record
INFO     20/07 16:42:45   Analysing record: NZ_JAAAUC010000020.1
INFO     20/07 16:42:45   Detecting secondary metabolite clusters
DEBUG    20/07 16:42:45   Checking if antismash.detection.hmm_detection should be run
INFO     20/07 16:42:45   Running antismash.detection.hmm_detection
INFO     20/07 16:42:45   HMM detection using strictness: relaxed
DEBUG    20/07 16:42:45   0 rule-based cluster(s) found in record
DEBUG    20/07 16:42:46   0 protoclusters found
DEBUG    20/07 16:42:46   0 subregions found
INFO     20/07 16:42:46   No regions detected, skipping record
INFO     20/07 16:42:46   Analysing record: NZ_JAAAUC010000021.1
INFO     20/07 16:42:46   Detecting secondary metabolite clusters
DEBUG    20/07 16:42:46   Checking if antismash.detection.hmm_detection should be run
INFO     20/07 16:42:46   Running antismash.detection.hmm_detection
INFO     20/07 16:42:46   HMM detection using strictness: relaxed
DEBUG    20/07 16:42:46   0 rule-based cluster(s) found in record
DEBUG    20/07 16:42:46   0 protoclusters found
DEBUG    20/07 16:42:46   0 subregions found
INFO     20/07 16:42:46   No regions detected, skipping record
INFO     20/07 16:42:46   Analysing record: NZ_JAAAUC010000022.1
INFO     20/07 16:42:46   Detecting secondary metabolite clusters
DEBUG    20/07 16:42:46   Checking if antismash.detection.hmm_detection should be run
INFO     20/07 16:42:46   Running antismash.detection.hmm_detection
INFO     20/07 16:42:46   HMM detection using strictness: relaxed
DEBUG    20/07 16:42:47   0 rule-based cluster(s) found in record
DEBUG    20/07 16:42:47   0 protoclusters found
DEBUG    20/07 16:42:47   0 subregions found
INFO     20/07 16:42:47   No regions detected, skipping record
INFO     20/07 16:42:47   Analysing record: NZ_JAAAUC010000023.1
INFO     20/07 16:42:47   Detecting secondary metabolite clusters
DEBUG    20/07 16:42:47   Checking if antismash.detection.hmm_detection should be run
INFO     20/07 16:42:47   Running antismash.detection.hmm_detection
INFO     20/07 16:42:47   HMM detection using strictness: relaxed
DEBUG    20/07 16:42:47   0 rule-based cluster(s) found in record
DEBUG    20/07 16:42:47   0 protoclusters found
DEBUG    20/07 16:42:47   0 subregions found
INFO     20/07 16:42:47   No regions detected, skipping record
INFO     20/07 16:42:47   Analysing record: NZ_JAAAUC010000024.1
INFO     20/07 16:42:47   Detecting secondary metabolite clusters
DEBUG    20/07 16:42:47   Checking if antismash.detection.hmm_detection should be run
INFO     20/07 16:42:47   Running antismash.detection.hmm_detection
INFO     20/07 16:42:47   HMM detection using strictness: relaxed
DEBUG    20/07 16:42:48   0 rule-based cluster(s) found in record
DEBUG    20/07 16:42:48   0 protoclusters found
DEBUG    20/07 16:42:48   0 subregions found
INFO     20/07 16:42:48   No regions detected, skipping record
INFO     20/07 16:42:48   Analysing record: NZ_JAAAUC010000025.1
INFO     20/07 16:42:48   Detecting secondary metabolite clusters
DEBUG    20/07 16:42:48   Checking if antismash.detection.hmm_detection should be run
INFO     20/07 16:42:48   Running antismash.detection.hmm_detection
INFO     20/07 16:42:48   HMM detection using strictness: relaxed
DEBUG    20/07 16:42:48   0 rule-based cluster(s) found in record
DEBUG    20/07 16:42:48   0 protoclusters found
DEBUG    20/07 16:42:48   0 subregions found
INFO     20/07 16:42:48   No regions detected, skipping record
INFO     20/07 16:42:48   Analysing record: NZ_JAAAUC010000026.1
INFO     20/07 16:42:48   Detecting secondary metabolite clusters
DEBUG    20/07 16:42:48   Checking if antismash.detection.hmm_detection should be run
INFO     20/07 16:42:48   Running antismash.detection.hmm_detection
INFO     20/07 16:42:48   HMM detection using strictness: relaxed
DEBUG    20/07 16:42:49   0 rule-based cluster(s) found in record
DEBUG    20/07 16:42:49   0 protoclusters found
DEBUG    20/07 16:42:49   0 subregions found
INFO     20/07 16:42:49   No regions detected, skipping record
INFO     20/07 16:42:49   Analysing record: NZ_JAAAUC010000027.1
INFO     20/07 16:42:49   Detecting secondary metabolite clusters
DEBUG    20/07 16:42:49   Checking if antismash.detection.hmm_detection should be run
INFO     20/07 16:42:49   Running antismash.detection.hmm_detection
INFO     20/07 16:42:49   HMM detection using strictness: relaxed
DEBUG    20/07 16:42:49   0 rule-based cluster(s) found in record
DEBUG    20/07 16:42:49   0 protoclusters found
DEBUG    20/07 16:42:49   0 subregions found
INFO     20/07 16:42:49   No regions detected, skipping record
INFO     20/07 16:42:49   Analysing record: NZ_JAAAUC010000028.1
INFO     20/07 16:42:49   Detecting secondary metabolite clusters
DEBUG    20/07 16:42:49   Checking if antismash.detection.hmm_detection should be run
INFO     20/07 16:42:49   Running antismash.detection.hmm_detection
INFO     20/07 16:42:49   HMM detection using strictness: relaxed
DEBUG    20/07 16:42:49   0 rule-based cluster(s) found in record
DEBUG    20/07 16:42:49   0 protoclusters found
DEBUG    20/07 16:42:49   0 subregions found
INFO     20/07 16:42:49   No regions detected, skipping record
INFO     20/07 16:42:49   Analysing record: NZ_JAAAUC010000029.1
INFO     20/07 16:42:49   Detecting secondary metabolite clusters
DEBUG    20/07 16:42:49   Checking if antismash.detection.hmm_detection should be run
INFO     20/07 16:42:49   Running antismash.detection.hmm_detection
INFO     20/07 16:42:49   HMM detection using strictness: relaxed
DEBUG    20/07 16:42:50   0 rule-based cluster(s) found in record
DEBUG    20/07 16:42:50   0 protoclusters found
DEBUG    20/07 16:42:50   0 subregions found
INFO     20/07 16:42:50   No regions detected, skipping record
INFO     20/07 16:42:50   Analysing record: NZ_JAAAUC010000002.1
INFO     20/07 16:42:50   Detecting secondary metabolite clusters
DEBUG    20/07 16:42:50   Checking if antismash.detection.hmm_detection should be run
INFO     20/07 16:42:50   Running antismash.detection.hmm_detection
INFO     20/07 16:42:50   HMM detection using strictness: relaxed
DEBUG    20/07 16:42:53   1 rule-based cluster(s) found in record
DEBUG    20/07 16:42:53   1 protoclusters found
DEBUG    20/07 16:42:53   0 subregions found
INFO     20/07 16:42:53   1 region(s) detected in record
DEBUG    20/07 16:42:53   Checking if antismash.detection.cluster_hmmer should be run
INFO     20/07 16:42:53   Running antismash.detection.cluster_hmmer
INFO     20/07 16:42:53   Running cluster PFAM search
DEBUG    20/07 16:43:01   Building name mapping for HMMer database Pfam-A.hmm
DEBUG    20/07 16:43:06   Building cutoff mapping for HMMer database /databases/pfam/34.0/Pfam-A.hmm
DEBUG    20/07 16:43:10   Adding detection results from antismash.detection.cluster_hmmer to record
DEBUG    20/07 16:43:10   Checking if antismash.detection.genefunctions should be run
INFO     20/07 16:43:10   Running antismash.detection.genefunctions
DEBUG    20/07 16:43:11   Adding detection results from antismash.detection.genefunctions to record
DEBUG    20/07 16:43:11   annotating CDS features with resist info: 0 CDSes
DEBUG    20/07 16:43:11   annotating CDS features with smcogs info: 5 CDSes
DEBUG    20/07 16:43:11   Checking if antismash.detection.nrps_pks_domains should be run
INFO     20/07 16:43:11   Running antismash.detection.nrps_pks_domains
DEBUG    20/07 16:43:11   Marking NRPS/PKS CDS features and domains in clusters
DEBUG    20/07 16:43:12   Adding detection results from antismash.detection.nrps_pks_domains to record
DEBUG    20/07 16:43:12   Checking if antismash.detection.tigrfam should be run
INFO     20/07 16:43:12   Running antismash.detection.tigrfam
INFO     20/07 16:43:12   Running TIGRFam search
DEBUG    20/07 16:43:14   Building name mapping for HMMer database TIGRFam.hmm
DEBUG    20/07 16:43:16   Adding detection results from antismash.detection.tigrfam to record
DEBUG    20/07 16:43:16   Checking if antismash.modules.active_site_finder should be run
INFO     20/07 16:43:16   Running antismash.modules.active_site_finder
DEBUG    20/07 16:43:16   Checking if antismash.modules.cluster_compare should be run
INFO     20/07 16:43:16   Running antismash.modules.cluster_compare
DEBUG    20/07 16:43:16   Loading comparison database: MIBiG
DEBUG    20/07 16:43:17   Comparison database loaded
INFO     20/07 16:43:17   Comparing regions to reference database
DEBUG    20/07 16:43:19   Checking if antismash.modules.clusterblast should be run
INFO     20/07 16:43:19   Running antismash.modules.clusterblast
INFO     20/07 16:43:19   Finding internal homologs in each gene cluster...
INFO     20/07 16:43:20   Running ClusterBlast
INFO     20/07 16:43:20   ClusterBlast: Loading gene cluster database into memory...
INFO     20/07 16:43:22   ClusterBlast: Loading gene cluster database proteins into memory...
INFO     20/07 16:43:37   Comparing regions to reference database
INFO     20/07 16:44:43   Running subcluster search
INFO     20/07 16:44:43   SubClusterBlast: Loading gene cluster database into memory...
INFO     20/07 16:44:43   SubClusterBlast: Loading gene cluster database proteins into memory...
INFO     20/07 16:44:44   Running known cluster search
INFO     20/07 16:44:44   KnownClusterBlast: Loading gene cluster database into memory...
INFO     20/07 16:44:44   KnownClusterBlast: Loading gene cluster database proteins into memory...
DEBUG    20/07 16:44:44   Running DIAMOND knowncluster searches..
INFO     20/07 16:44:44   Comparing regions to reference database
DEBUG    20/07 16:44:47   Checking if antismash.modules.lanthipeptides should be run
INFO     20/07 16:44:47   Running antismash.modules.lanthipeptides
DEBUG    20/07 16:44:47   Lanthipeptide module marked 0 motifs
DEBUG    20/07 16:44:49   Checking if antismash.modules.lassopeptides should be run
INFO     20/07 16:44:49   Running antismash.modules.lassopeptides
DEBUG    20/07 16:44:50   Lassopeptide module marked 0 motifs
DEBUG    20/07 16:44:50   Checking if antismash.modules.nrps_pks should be run
INFO     20/07 16:44:50   Running antismash.modules.nrps_pks
DEBUG    20/07 16:44:50   Checking if antismash.modules.pfam2go should be run
INFO     20/07 16:44:50   Running antismash.modules.pfam2go
DEBUG    20/07 16:44:50   Checking if antismash.modules.rrefinder should be run
INFO     20/07 16:44:50   Running antismash.modules.rrefinder
DEBUG    20/07 16:44:50   Checking if antismash.modules.sactipeptides should be run
INFO     20/07 16:44:50   Running antismash.modules.sactipeptides
DEBUG    20/07 16:44:50   Found no sactipeptide motifs
DEBUG    20/07 16:44:53   Checking if antismash.modules.t2pks should be run
INFO     20/07 16:44:53   Running antismash.modules.t2pks
DEBUG    20/07 16:44:53   No type II PKS clusters to analyze
DEBUG    20/07 16:44:53   Checking if antismash.modules.tfbs_finder should be run
INFO     20/07 16:44:53   Running antismash.modules.tfbs_finder
DEBUG    20/07 16:44:53   Checking if antismash.modules.thiopeptides should be run
INFO     20/07 16:44:53   Running antismash.modules.thiopeptides
DEBUG    20/07 16:44:53   Thiopeptides marked 0 motifs
DEBUG    20/07 16:44:54   Checking if antismash.modules.tta should be run
INFO     20/07 16:44:54   Running antismash.modules.tta
INFO     20/07 16:44:54   Detecting TTA codons
DEBUG    20/07 16:44:54   GC content: 68%
DEBUG    20/07 16:44:54   Detected 2 TTA codons
INFO     20/07 16:44:54   Analysing record: NZ_JAAAUC010000030.1
INFO     20/07 16:44:54   Detecting secondary metabolite clusters
DEBUG    20/07 16:44:54   Checking if antismash.detection.hmm_detection should be run
INFO     20/07 16:44:54   Running antismash.detection.hmm_detection
INFO     20/07 16:44:54   HMM detection using strictness: relaxed
DEBUG    20/07 16:44:55   0 rule-based cluster(s) found in record
DEBUG    20/07 16:44:55   0 protoclusters found
DEBUG    20/07 16:44:55   0 subregions found
INFO     20/07 16:44:55   No regions detected, skipping record
INFO     20/07 16:44:55   Analysing record: NZ_JAAAUC010000031.1
INFO     20/07 16:44:55   Detecting secondary metabolite clusters
DEBUG    20/07 16:44:55   Checking if antismash.detection.hmm_detection should be run
INFO     20/07 16:44:55   Running antismash.detection.hmm_detection
INFO     20/07 16:44:55   HMM detection using strictness: relaxed
DEBUG    20/07 16:44:55   0 rule-based cluster(s) found in record
DEBUG    20/07 16:44:55   0 protoclusters found
DEBUG    20/07 16:44:55   0 subregions found
INFO     20/07 16:44:55   No regions detected, skipping record
INFO     20/07 16:44:55   Analysing record: NZ_JAAAUC010000032.1
INFO     20/07 16:44:55   Detecting secondary metabolite clusters
DEBUG    20/07 16:44:55   Checking if antismash.detection.hmm_detection should be run
INFO     20/07 16:44:55   Running antismash.detection.hmm_detection
INFO     20/07 16:44:55   HMM detection using strictness: relaxed
DEBUG    20/07 16:44:56   0 rule-based cluster(s) found in record
DEBUG    20/07 16:44:56   0 protoclusters found
DEBUG    20/07 16:44:56   0 subregions found
INFO     20/07 16:44:56   No regions detected, skipping record
INFO     20/07 16:44:56   Analysing record: NZ_JAAAUC010000033.1
INFO     20/07 16:44:56   Detecting secondary metabolite clusters
DEBUG    20/07 16:44:56   Checking if antismash.detection.hmm_detection should be run
INFO     20/07 16:44:56   Running antismash.detection.hmm_detection
INFO     20/07 16:44:56   HMM detection using strictness: relaxed
DEBUG    20/07 16:44:56   0 rule-based cluster(s) found in record
DEBUG    20/07 16:44:56   0 protoclusters found
DEBUG    20/07 16:44:56   0 subregions found
INFO     20/07 16:44:56   No regions detected, skipping record
INFO     20/07 16:44:56   Analysing record: NZ_JAAAUC010000034.1
INFO     20/07 16:44:56   Detecting secondary metabolite clusters
DEBUG    20/07 16:44:56   Checking if antismash.detection.hmm_detection should be run
INFO     20/07 16:44:56   Running antismash.detection.hmm_detection
INFO     20/07 16:44:56   HMM detection using strictness: relaxed
DEBUG    20/07 16:44:57   0 rule-based cluster(s) found in record
DEBUG    20/07 16:44:57   0 protoclusters found
DEBUG    20/07 16:44:57   0 subregions found
INFO     20/07 16:44:57   No regions detected, skipping record
INFO     20/07 16:44:57   Analysing record: NZ_JAAAUC010000035.1
INFO     20/07 16:44:57   Detecting secondary metabolite clusters
DEBUG    20/07 16:44:57   Checking if antismash.detection.hmm_detection should be run
INFO     20/07 16:44:57   Running antismash.detection.hmm_detection
INFO     20/07 16:44:57   HMM detection using strictness: relaxed
DEBUG    20/07 16:44:57   0 rule-based cluster(s) found in record
DEBUG    20/07 16:44:57   0 protoclusters found
DEBUG    20/07 16:44:57   0 subregions found
INFO     20/07 16:44:57   No regions detected, skipping record
INFO     20/07 16:44:57   Analysing record: NZ_JAAAUC010000036.1
INFO     20/07 16:44:57   Detecting secondary metabolite clusters
DEBUG    20/07 16:44:57   Checking if antismash.detection.hmm_detection should be run
INFO     20/07 16:44:57   Running antismash.detection.hmm_detection
INFO     20/07 16:44:57   HMM detection using strictness: relaxed
DEBUG    20/07 16:44:58   0 rule-based cluster(s) found in record
DEBUG    20/07 16:44:58   0 protoclusters found
DEBUG    20/07 16:44:58   0 subregions found
INFO     20/07 16:44:58   No regions detected, skipping record
INFO     20/07 16:44:58   Analysing record: NZ_JAAAUC010000037.1
INFO     20/07 16:44:58   Detecting secondary metabolite clusters
DEBUG    20/07 16:44:58   Checking if antismash.detection.hmm_detection should be run
INFO     20/07 16:44:58   Running antismash.detection.hmm_detection
INFO     20/07 16:44:58   HMM detection using strictness: relaxed
DEBUG    20/07 16:44:58   0 rule-based cluster(s) found in record
DEBUG    20/07 16:44:58   0 protoclusters found
DEBUG    20/07 16:44:58   0 subregions found
INFO     20/07 16:44:58   No regions detected, skipping record
INFO     20/07 16:44:58   Analysing record: NZ_JAAAUC010000038.1
INFO     20/07 16:44:58   Detecting secondary metabolite clusters
DEBUG    20/07 16:44:58   Checking if antismash.detection.hmm_detection should be run
INFO     20/07 16:44:58   Running antismash.detection.hmm_detection
INFO     20/07 16:44:58   HMM detection using strictness: relaxed
DEBUG    20/07 16:44:59   0 rule-based cluster(s) found in record
DEBUG    20/07 16:44:59   0 protoclusters found
DEBUG    20/07 16:44:59   0 subregions found
INFO     20/07 16:44:59   No regions detected, skipping record
INFO     20/07 16:44:59   Analysing record: NZ_JAAAUC010000039.1
INFO     20/07 16:44:59   Detecting secondary metabolite clusters
DEBUG    20/07 16:44:59   Checking if antismash.detection.hmm_detection should be run
INFO     20/07 16:44:59   Running antismash.detection.hmm_detection
INFO     20/07 16:44:59   HMM detection using strictness: relaxed
DEBUG    20/07 16:44:59   0 rule-based cluster(s) found in record
DEBUG    20/07 16:44:59   0 protoclusters found
DEBUG    20/07 16:44:59   0 subregions found
INFO     20/07 16:44:59   No regions detected, skipping record
INFO     20/07 16:44:59   Analysing record: NZ_JAAAUC010000003.1
INFO     20/07 16:44:59   Detecting secondary metabolite clusters
DEBUG    20/07 16:44:59   Checking if antismash.detection.hmm_detection should be run
INFO     20/07 16:44:59   Running antismash.detection.hmm_detection
INFO     20/07 16:44:59   HMM detection using strictness: relaxed
DEBUG    20/07 16:45:02   0 rule-based cluster(s) found in record
DEBUG    20/07 16:45:02   0 protoclusters found
DEBUG    20/07 16:45:02   0 subregions found
INFO     20/07 16:45:02   No regions detected, skipping record
INFO     20/07 16:45:02   Analysing record: NZ_JAAAUC010000040.1
INFO     20/07 16:45:02   Detecting secondary metabolite clusters
DEBUG    20/07 16:45:02   Checking if antismash.detection.hmm_detection should be run
INFO     20/07 16:45:02   Running antismash.detection.hmm_detection
INFO     20/07 16:45:02   HMM detection using strictness: relaxed
DEBUG    20/07 16:45:02   0 rule-based cluster(s) found in record
DEBUG    20/07 16:45:02   0 protoclusters found
DEBUG    20/07 16:45:02   0 subregions found
INFO     20/07 16:45:02   No regions detected, skipping record
INFO     20/07 16:45:02   Analysing record: NZ_JAAAUC010000004.1
INFO     20/07 16:45:02   Detecting secondary metabolite clusters
DEBUG    20/07 16:45:02   Checking if antismash.detection.hmm_detection should be run
INFO     20/07 16:45:02   Running antismash.detection.hmm_detection
INFO     20/07 16:45:02   HMM detection using strictness: relaxed
DEBUG    20/07 16:45:05   0 rule-based cluster(s) found in record
DEBUG    20/07 16:45:05   0 protoclusters found
DEBUG    20/07 16:45:05   0 subregions found
INFO     20/07 16:45:05   No regions detected, skipping record
INFO     20/07 16:45:05   Analysing record: NZ_JAAAUC010000005.1
INFO     20/07 16:45:05   Detecting secondary metabolite clusters
DEBUG    20/07 16:45:05   Checking if antismash.detection.hmm_detection should be run
INFO     20/07 16:45:05   Running antismash.detection.hmm_detection
INFO     20/07 16:45:05   HMM detection using strictness: relaxed
DEBUG    20/07 16:45:07   0 rule-based cluster(s) found in record
DEBUG    20/07 16:45:07   0 protoclusters found
DEBUG    20/07 16:45:07   0 subregions found
INFO     20/07 16:45:07   No regions detected, skipping record
INFO     20/07 16:45:07   Analysing record: NZ_JAAAUC010000006.1
INFO     20/07 16:45:07   Detecting secondary metabolite clusters
DEBUG    20/07 16:45:07   Checking if antismash.detection.hmm_detection should be run
INFO     20/07 16:45:07   Running antismash.detection.hmm_detection
INFO     20/07 16:45:07   HMM detection using strictness: relaxed
DEBUG    20/07 16:45:08   0 rule-based cluster(s) found in record
DEBUG    20/07 16:45:08   0 protoclusters found
DEBUG    20/07 16:45:08   0 subregions found
INFO     20/07 16:45:08   No regions detected, skipping record
INFO     20/07 16:45:08   Analysing record: NZ_JAAAUC010000007.1
INFO     20/07 16:45:08   Detecting secondary metabolite clusters
DEBUG    20/07 16:45:08   Checking if antismash.detection.hmm_detection should be run
INFO     20/07 16:45:08   Running antismash.detection.hmm_detection
INFO     20/07 16:45:08   HMM detection using strictness: relaxed
DEBUG    20/07 16:45:10   0 rule-based cluster(s) found in record
DEBUG    20/07 16:45:10   0 protoclusters found
DEBUG    20/07 16:45:10   0 subregions found
INFO     20/07 16:45:10   No regions detected, skipping record
INFO     20/07 16:45:10   Analysing record: NZ_JAAAUC010000008.1
INFO     20/07 16:45:10   Detecting secondary metabolite clusters
DEBUG    20/07 16:45:10   Checking if antismash.detection.hmm_detection should be run
INFO     20/07 16:45:10   Running antismash.detection.hmm_detection
INFO     20/07 16:45:10   HMM detection using strictness: relaxed
DEBUG    20/07 16:45:12   2 rule-based cluster(s) found in record
DEBUG    20/07 16:45:12   2 protoclusters found
DEBUG    20/07 16:45:12   0 subregions found
INFO     20/07 16:45:12   1 region(s) detected in record
DEBUG    20/07 16:45:12   Checking if antismash.detection.cluster_hmmer should be run
INFO     20/07 16:45:12   Running antismash.detection.cluster_hmmer
INFO     20/07 16:45:12   Running cluster PFAM search
DEBUG    20/07 16:45:28   Adding detection results from antismash.detection.cluster_hmmer to record
DEBUG    20/07 16:45:28   Checking if antismash.detection.genefunctions should be run
INFO     20/07 16:45:28   Running antismash.detection.genefunctions
DEBUG    20/07 16:45:31   Adding detection results from antismash.detection.genefunctions to record
DEBUG    20/07 16:45:31   annotating CDS features with resist info: 0 CDSes
DEBUG    20/07 16:45:31   annotating CDS features with smcogs info: 13 CDSes
DEBUG    20/07 16:45:31   Checking if antismash.detection.nrps_pks_domains should be run
INFO     20/07 16:45:31   Running antismash.detection.nrps_pks_domains
DEBUG    20/07 16:45:31   Marking NRPS/PKS CDS features and domains in clusters
DEBUG    20/07 16:45:33   Adding detection results from antismash.detection.nrps_pks_domains to record
DEBUG    20/07 16:45:33   Checking if antismash.detection.tigrfam should be run
INFO     20/07 16:45:33   Running antismash.detection.tigrfam
INFO     20/07 16:45:33   Running TIGRFam search
DEBUG    20/07 16:45:38   Adding detection results from antismash.detection.tigrfam to record
DEBUG    20/07 16:45:38   Checking if antismash.modules.active_site_finder should be run
INFO     20/07 16:45:38   Running antismash.modules.active_site_finder
DEBUG    20/07 16:45:39   Checking if antismash.modules.cluster_compare should be run
INFO     20/07 16:45:39   Running antismash.modules.cluster_compare
DEBUG    20/07 16:45:39   Loading comparison database: MIBiG
DEBUG    20/07 16:45:39   Comparison database loaded
INFO     20/07 16:45:39   Comparing regions to reference database
DEBUG    20/07 16:45:43   Checking if antismash.modules.clusterblast should be run
INFO     20/07 16:45:43   Running antismash.modules.clusterblast
INFO     20/07 16:45:43   Finding internal homologs in each gene cluster...
INFO     20/07 16:45:44   Running ClusterBlast
INFO     20/07 16:45:44   ClusterBlast: Loading gene cluster database into memory...
INFO     20/07 16:45:45   ClusterBlast: Loading gene cluster database proteins into memory...
INFO     20/07 16:46:00   Comparing regions to reference database
INFO     20/07 16:47:12   Running subcluster search
INFO     20/07 16:47:12   SubClusterBlast: Loading gene cluster database into memory...
INFO     20/07 16:47:12   SubClusterBlast: Loading gene cluster database proteins into memory...
INFO     20/07 16:47:13   Running known cluster search
INFO     20/07 16:47:13   KnownClusterBlast: Loading gene cluster database into memory...
INFO     20/07 16:47:13   KnownClusterBlast: Loading gene cluster database proteins into memory...
DEBUG    20/07 16:47:13   Running DIAMOND knowncluster searches..
INFO     20/07 16:47:13   Comparing regions to reference database
DEBUG    20/07 16:47:18   Checking if antismash.modules.lanthipeptides should be run
INFO     20/07 16:47:18   Running antismash.modules.lanthipeptides
DEBUG    20/07 16:47:18   Lanthipeptide module marked 0 motifs
DEBUG    20/07 16:47:19   Checking if antismash.modules.lassopeptides should be run
INFO     20/07 16:47:19   Running antismash.modules.lassopeptides
DEBUG    20/07 16:47:21   Lassopeptide module marked 0 motifs
DEBUG    20/07 16:47:21   Checking if antismash.modules.nrps_pks should be run
INFO     20/07 16:47:21   Running antismash.modules.nrps_pks
INFO     20/07 16:47:21   Predicting PKS AT domain substrate specificities by Yadav et al. PKS signature sequences
INFO     20/07 16:47:22   Predicting PKS AT domain substrate specificities by Minowa et al. method
INFO     20/07 16:47:25   Predicting CAL domain substrate specificities by Minowa et al. method
INFO     20/07 16:47:25   Predicting PKS KR activity and stereochemistry using KR fingerprints from Starcevic et al.
DEBUG    20/07 16:47:26   CandidateCluster 1 monomer ordering method: colinear
DEBUG    20/07 16:47:26   Checking if antismash.modules.pfam2go should be run
INFO     20/07 16:47:26   Running antismash.modules.pfam2go
DEBUG    20/07 16:47:26   Checking if antismash.modules.rrefinder should be run
INFO     20/07 16:47:26   Running antismash.modules.rrefinder
DEBUG    20/07 16:47:26   Checking if antismash.modules.sactipeptides should be run
INFO     20/07 16:47:26   Running antismash.modules.sactipeptides
DEBUG    20/07 16:47:26   Found no sactipeptide motifs
DEBUG    20/07 16:47:27   Checking if antismash.modules.t2pks should be run
INFO     20/07 16:47:27   Running antismash.modules.t2pks
DEBUG    20/07 16:47:27   No type II PKS clusters to analyze
DEBUG    20/07 16:47:27   Checking if antismash.modules.tfbs_finder should be run
INFO     20/07 16:47:27   Running antismash.modules.tfbs_finder
DEBUG    20/07 16:47:27   Checking if antismash.modules.thiopeptides should be run
INFO     20/07 16:47:27   Running antismash.modules.thiopeptides
DEBUG    20/07 16:47:27   Thiopeptides marked 0 motifs
DEBUG    20/07 16:47:29   Checking if antismash.modules.tta should be run
INFO     20/07 16:47:29   Running antismash.modules.tta
INFO     20/07 16:47:29   Detecting TTA codons
DEBUG    20/07 16:47:29   GC content: 68%
DEBUG    20/07 16:47:29   Detected 1 TTA codons
INFO     20/07 16:47:29   Analysing record: NZ_JAAAUC010000009.1
INFO     20/07 16:47:29   Detecting secondary metabolite clusters
DEBUG    20/07 16:47:29   Checking if antismash.detection.hmm_detection should be run
INFO     20/07 16:47:29   Running antismash.detection.hmm_detection
INFO     20/07 16:47:29   HMM detection using strictness: relaxed
DEBUG    20/07 16:47:31   1 rule-based cluster(s) found in record
DEBUG    20/07 16:47:31   1 protoclusters found
DEBUG    20/07 16:47:31   0 subregions found
INFO     20/07 16:47:31   1 region(s) detected in record
DEBUG    20/07 16:47:31   Checking if antismash.detection.cluster_hmmer should be run
INFO     20/07 16:47:31   Running antismash.detection.cluster_hmmer
INFO     20/07 16:47:31   Running cluster PFAM search
DEBUG    20/07 16:47:41   Adding detection results from antismash.detection.cluster_hmmer to record
DEBUG    20/07 16:47:41   Checking if antismash.detection.genefunctions should be run
INFO     20/07 16:47:41   Running antismash.detection.genefunctions
DEBUG    20/07 16:47:43   Adding detection results from antismash.detection.genefunctions to record
DEBUG    20/07 16:47:43   annotating CDS features with resist info: 0 CDSes
DEBUG    20/07 16:47:43   annotating CDS features with smcogs info: 7 CDSes
DEBUG    20/07 16:47:43   Checking if antismash.detection.nrps_pks_domains should be run
INFO     20/07 16:47:43   Running antismash.detection.nrps_pks_domains
DEBUG    20/07 16:47:43   Marking NRPS/PKS CDS features and domains in clusters
DEBUG    20/07 16:47:43   Adding detection results from antismash.detection.nrps_pks_domains to record
DEBUG    20/07 16:47:43   Checking if antismash.detection.tigrfam should be run
INFO     20/07 16:47:43   Running antismash.detection.tigrfam
INFO     20/07 16:47:43   Running TIGRFam search
DEBUG    20/07 16:47:47   Adding detection results from antismash.detection.tigrfam to record
DEBUG    20/07 16:47:47   Checking if antismash.modules.active_site_finder should be run
INFO     20/07 16:47:47   Running antismash.modules.active_site_finder
DEBUG    20/07 16:47:47   Checking if antismash.modules.cluster_compare should be run
INFO     20/07 16:47:47   Running antismash.modules.cluster_compare
DEBUG    20/07 16:47:47   Loading comparison database: MIBiG
DEBUG    20/07 16:47:47   Comparison database loaded
INFO     20/07 16:47:47   Comparing regions to reference database
DEBUG    20/07 16:47:48   Checking if antismash.modules.clusterblast should be run
INFO     20/07 16:47:48   Running antismash.modules.clusterblast
INFO     20/07 16:47:48   Finding internal homologs in each gene cluster...
INFO     20/07 16:47:49   Running ClusterBlast
INFO     20/07 16:47:49   ClusterBlast: Loading gene cluster database into memory...
INFO     20/07 16:47:50   ClusterBlast: Loading gene cluster database proteins into memory...
INFO     20/07 16:48:05   Comparing regions to reference database
INFO     20/07 16:49:11   Running subcluster search
INFO     20/07 16:49:11   SubClusterBlast: Loading gene cluster database into memory...
INFO     20/07 16:49:11   SubClusterBlast: Loading gene cluster database proteins into memory...
INFO     20/07 16:49:13   Running known cluster search
INFO     20/07 16:49:13   KnownClusterBlast: Loading gene cluster database into memory...
INFO     20/07 16:49:13   KnownClusterBlast: Loading gene cluster database proteins into memory...
DEBUG    20/07 16:49:13   Running DIAMOND knowncluster searches..
INFO     20/07 16:49:13   Comparing regions to reference database
DEBUG    20/07 16:49:16   Checking if antismash.modules.lanthipeptides should be run
INFO     20/07 16:49:16   Running antismash.modules.lanthipeptides
DEBUG    20/07 16:49:16   Lanthipeptide module marked 0 motifs
DEBUG    20/07 16:49:17   Checking if antismash.modules.lassopeptides should be run
INFO     20/07 16:49:17   Running antismash.modules.lassopeptides
DEBUG    20/07 16:49:18   Lassopeptide module marked 0 motifs
DEBUG    20/07 16:49:18   Checking if antismash.modules.nrps_pks should be run
INFO     20/07 16:49:18   Running antismash.modules.nrps_pks
DEBUG    20/07 16:49:18   No NRPS or PKS genes found, skipping analysis
DEBUG    20/07 16:49:18   Checking if antismash.modules.pfam2go should be run
INFO     20/07 16:49:18   Running antismash.modules.pfam2go
DEBUG    20/07 16:49:18   Checking if antismash.modules.rrefinder should be run
INFO     20/07 16:49:18   Running antismash.modules.rrefinder
DEBUG    20/07 16:49:18   Checking if antismash.modules.sactipeptides should be run
INFO     20/07 16:49:18   Running antismash.modules.sactipeptides
DEBUG    20/07 16:49:18   Found no sactipeptide motifs
DEBUG    20/07 16:49:20   Checking if antismash.modules.t2pks should be run
INFO     20/07 16:49:20   Running antismash.modules.t2pks
DEBUG    20/07 16:49:20   No type II PKS clusters to analyze
DEBUG    20/07 16:49:20   Checking if antismash.modules.tfbs_finder should be run
INFO     20/07 16:49:20   Running antismash.modules.tfbs_finder
DEBUG    20/07 16:49:20   Checking if antismash.modules.thiopeptides should be run
INFO     20/07 16:49:20   Running antismash.modules.thiopeptides
DEBUG    20/07 16:49:20   Thiopeptides marked 0 motifs
DEBUG    20/07 16:49:22   Checking if antismash.modules.tta should be run
INFO     20/07 16:49:22   Running antismash.modules.tta
INFO     20/07 16:49:22   Detecting TTA codons
DEBUG    20/07 16:49:22   GC content: 68%
DEBUG    20/07 16:49:22   Detected 1 TTA codons
DEBUG    20/07 16:49:22   Writing json results to '/data/antismash/upload/bacteria-8a924a22-0b55-4103-a7be-cce634a77cf9/GCF_009908165.1_Frigidibacter_albus_SP32.json'
DEBUG    20/07 16:49:22   Record NZ_JAAAUC010000010.1 has results for modules: hmm_detection
DEBUG    20/07 16:49:22   Converting antismash.detection.hmm_detection results to json
DEBUG    20/07 16:49:22   Record NZ_JAAAUC010000011.1 has results for modules: hmm_detection
DEBUG    20/07 16:49:22   Converting antismash.detection.hmm_detection results to json
DEBUG    20/07 16:49:22   Record NZ_JAAAUC010000012.1 has results for modules: hmm_detection
DEBUG    20/07 16:49:22   Converting antismash.detection.hmm_detection results to json
DEBUG    20/07 16:49:22   Record NZ_JAAAUC010000013.1 has results for modules: hmm_detection
DEBUG    20/07 16:49:22   Converting antismash.detection.hmm_detection results to json
DEBUG    20/07 16:49:22   Record NZ_JAAAUC010000014.1 has results for modules: hmm_detection
DEBUG    20/07 16:49:22   Converting antismash.detection.hmm_detection results to json
DEBUG    20/07 16:49:22   Record NZ_JAAAUC010000015.1 has results for modules: hmm_detection
DEBUG    20/07 16:49:22   Converting antismash.detection.hmm_detection results to json
DEBUG    20/07 16:49:22   Record NZ_JAAAUC010000016.1 has results for modules: hmm_detection
DEBUG    20/07 16:49:22   Converting antismash.detection.hmm_detection results to json
DEBUG    20/07 16:49:22   Record NZ_JAAAUC010000017.1 has results for modules: hmm_detection
DEBUG    20/07 16:49:22   Converting antismash.detection.hmm_detection results to json
DEBUG    20/07 16:49:22   Record NZ_JAAAUC010000018.1 has results for modules: hmm_detection
DEBUG    20/07 16:49:22   Converting antismash.detection.hmm_detection results to json
DEBUG    20/07 16:49:22   Record NZ_JAAAUC010000019.1 has results for modules: hmm_detection
DEBUG    20/07 16:49:22   Converting antismash.detection.hmm_detection results to json
DEBUG    20/07 16:49:22   Record NZ_JAAAUC010000001.1 has results for modules: hmm_detection
DEBUG    20/07 16:49:22   Converting antismash.detection.hmm_detection results to json
DEBUG    20/07 16:49:22   Record NZ_JAAAUC010000020.1 has results for modules: hmm_detection
DEBUG    20/07 16:49:22   Converting antismash.detection.hmm_detection results to json
DEBUG    20/07 16:49:22   Record NZ_JAAAUC010000021.1 has results for modules: hmm_detection
DEBUG    20/07 16:49:22   Converting antismash.detection.hmm_detection results to json
DEBUG    20/07 16:49:22   Record NZ_JAAAUC010000022.1 has results for modules: hmm_detection
DEBUG    20/07 16:49:22   Converting antismash.detection.hmm_detection results to json
DEBUG    20/07 16:49:22   Record NZ_JAAAUC010000023.1 has results for modules: hmm_detection
DEBUG    20/07 16:49:22   Converting antismash.detection.hmm_detection results to json
DEBUG    20/07 16:49:22   Record NZ_JAAAUC010000024.1 has results for modules: hmm_detection
DEBUG    20/07 16:49:22   Converting antismash.detection.hmm_detection results to json
DEBUG    20/07 16:49:22   Record NZ_JAAAUC010000025.1 has results for modules: hmm_detection
DEBUG    20/07 16:49:22   Converting antismash.detection.hmm_detection results to json
DEBUG    20/07 16:49:22   Record NZ_JAAAUC010000026.1 has results for modules: hmm_detection
DEBUG    20/07 16:49:22   Converting antismash.detection.hmm_detection results to json
DEBUG    20/07 16:49:22   Record NZ_JAAAUC010000027.1 has results for modules: hmm_detection
DEBUG    20/07 16:49:22   Converting antismash.detection.hmm_detection results to json
DEBUG    20/07 16:49:22   Record NZ_JAAAUC010000028.1 has results for modules: hmm_detection
DEBUG    20/07 16:49:22   Converting antismash.detection.hmm_detection results to json
DEBUG    20/07 16:49:22   Record NZ_JAAAUC010000029.1 has results for modules: hmm_detection
DEBUG    20/07 16:49:22   Converting antismash.detection.hmm_detection results to json
DEBUG    20/07 16:49:22   Record NZ_JAAAUC010000002.1 has results for modules: hmm_detection, cluster_hmmer, genefunctions, nrps_pks_domains, tigrfam, active_site_finder, cluster_compare, clusterblast, lanthipeptides, lassopeptides, nrps_pks, pfam2go, rrefinder, sactipeptides, t2pks, tfbs_finder, thiopeptides, tta
DEBUG    20/07 16:49:22   Converting antismash.detection.hmm_detection results to json
DEBUG    20/07 16:49:22   Converting antismash.detection.cluster_hmmer results to json
DEBUG    20/07 16:49:22   Converting antismash.detection.genefunctions results to json
DEBUG    20/07 16:49:22   Converting antismash.detection.nrps_pks_domains results to json
DEBUG    20/07 16:49:22   Converting antismash.detection.tigrfam results to json
DEBUG    20/07 16:49:22   Converting antismash.modules.active_site_finder results to json
DEBUG    20/07 16:49:22   Converting antismash.modules.cluster_compare results to json
DEBUG    20/07 16:49:22   Converting antismash.modules.clusterblast results to json
DEBUG    20/07 16:49:22   Converting antismash.modules.lanthipeptides results to json
DEBUG    20/07 16:49:22   Converting antismash.modules.lassopeptides results to json
DEBUG    20/07 16:49:22   Converting antismash.modules.nrps_pks results to json
DEBUG    20/07 16:49:22   Converting antismash.modules.pfam2go results to json
DEBUG    20/07 16:49:22   Converting antismash.modules.rrefinder results to json
DEBUG    20/07 16:49:22   Converting antismash.modules.sactipeptides results to json
DEBUG    20/07 16:49:22   Converting antismash.modules.t2pks results to json
DEBUG    20/07 16:49:22   Converting antismash.modules.tfbs_finder results to json
DEBUG    20/07 16:49:22   Converting antismash.modules.thiopeptides results to json
DEBUG    20/07 16:49:22   Converting antismash.modules.tta results to json
DEBUG    20/07 16:49:22   Record NZ_JAAAUC010000030.1 has results for modules: hmm_detection
DEBUG    20/07 16:49:22   Converting antismash.detection.hmm_detection results to json
DEBUG    20/07 16:49:22   Record NZ_JAAAUC010000031.1 has results for modules: hmm_detection
DEBUG    20/07 16:49:22   Converting antismash.detection.hmm_detection results to json
DEBUG    20/07 16:49:22   Record NZ_JAAAUC010000032.1 has results for modules: hmm_detection
DEBUG    20/07 16:49:22   Converting antismash.detection.hmm_detection results to json
DEBUG    20/07 16:49:22   Record NZ_JAAAUC010000033.1 has results for modules: hmm_detection
DEBUG    20/07 16:49:22   Converting antismash.detection.hmm_detection results to json
DEBUG    20/07 16:49:22   Record NZ_JAAAUC010000034.1 has results for modules: hmm_detection
DEBUG    20/07 16:49:22   Converting antismash.detection.hmm_detection results to json
DEBUG    20/07 16:49:22   Record NZ_JAAAUC010000035.1 has results for modules: hmm_detection
DEBUG    20/07 16:49:22   Converting antismash.detection.hmm_detection results to json
DEBUG    20/07 16:49:22   Record NZ_JAAAUC010000036.1 has results for modules: hmm_detection
DEBUG    20/07 16:49:22   Converting antismash.detection.hmm_detection results to json
DEBUG    20/07 16:49:22   Record NZ_JAAAUC010000037.1 has results for modules: hmm_detection
DEBUG    20/07 16:49:22   Converting antismash.detection.hmm_detection results to json
DEBUG    20/07 16:49:22   Record NZ_JAAAUC010000038.1 has results for modules: hmm_detection
DEBUG    20/07 16:49:22   Converting antismash.detection.hmm_detection results to json
DEBUG    20/07 16:49:22   Record NZ_JAAAUC010000039.1 has results for modules: hmm_detection
DEBUG    20/07 16:49:22   Converting antismash.detection.hmm_detection results to json
DEBUG    20/07 16:49:22   Record NZ_JAAAUC010000003.1 has results for modules: hmm_detection
DEBUG    20/07 16:49:22   Converting antismash.detection.hmm_detection results to json
DEBUG    20/07 16:49:22   Record NZ_JAAAUC010000040.1 has results for modules: hmm_detection
DEBUG    20/07 16:49:22   Converting antismash.detection.hmm_detection results to json
DEBUG    20/07 16:49:22   Record NZ_JAAAUC010000004.1 has results for modules: hmm_detection
DEBUG    20/07 16:49:22   Converting antismash.detection.hmm_detection results to json
DEBUG    20/07 16:49:22   Record NZ_JAAAUC010000005.1 has results for modules: hmm_detection
DEBUG    20/07 16:49:22   Converting antismash.detection.hmm_detection results to json
DEBUG    20/07 16:49:22   Record NZ_JAAAUC010000006.1 has results for modules: hmm_detection
DEBUG    20/07 16:49:22   Converting antismash.detection.hmm_detection results to json
DEBUG    20/07 16:49:22   Record NZ_JAAAUC010000007.1 has results for modules: hmm_detection
DEBUG    20/07 16:49:22   Converting antismash.detection.hmm_detection results to json
DEBUG    20/07 16:49:22   Record NZ_JAAAUC010000008.1 has results for modules: hmm_detection, cluster_hmmer, genefunctions, nrps_pks_domains, tigrfam, active_site_finder, cluster_compare, clusterblast, lanthipeptides, lassopeptides, nrps_pks, pfam2go, rrefinder, sactipeptides, t2pks, tfbs_finder, thiopeptides, tta
DEBUG    20/07 16:49:22   Converting antismash.detection.hmm_detection results to json
DEBUG    20/07 16:49:22   Converting antismash.detection.cluster_hmmer results to json
DEBUG    20/07 16:49:22   Converting antismash.detection.genefunctions results to json
DEBUG    20/07 16:49:22   Converting antismash.detection.nrps_pks_domains results to json
DEBUG    20/07 16:49:22   Converting antismash.detection.tigrfam results to json
DEBUG    20/07 16:49:22   Converting antismash.modules.active_site_finder results to json
DEBUG    20/07 16:49:22   Converting antismash.modules.cluster_compare results to json
DEBUG    20/07 16:49:22   Converting antismash.modules.clusterblast results to json
DEBUG    20/07 16:49:22   Converting antismash.modules.lanthipeptides results to json
DEBUG    20/07 16:49:22   Converting antismash.modules.lassopeptides results to json
DEBUG    20/07 16:49:22   Converting antismash.modules.nrps_pks results to json
DEBUG    20/07 16:49:22   Converting antismash.modules.pfam2go results to json
DEBUG    20/07 16:49:22   Converting antismash.modules.rrefinder results to json
DEBUG    20/07 16:49:22   Converting antismash.modules.sactipeptides results to json
DEBUG    20/07 16:49:22   Converting antismash.modules.t2pks results to json
DEBUG    20/07 16:49:22   Converting antismash.modules.tfbs_finder results to json
DEBUG    20/07 16:49:22   Converting antismash.modules.thiopeptides results to json
DEBUG    20/07 16:49:22   Converting antismash.modules.tta results to json
DEBUG    20/07 16:49:22   Record NZ_JAAAUC010000009.1 has results for modules: hmm_detection, cluster_hmmer, genefunctions, nrps_pks_domains, tigrfam, active_site_finder, cluster_compare, clusterblast, lanthipeptides, lassopeptides, nrps_pks, pfam2go, rrefinder, sactipeptides, t2pks, tfbs_finder, thiopeptides, tta
DEBUG    20/07 16:49:22   Converting antismash.detection.hmm_detection results to json
DEBUG    20/07 16:49:22   Converting antismash.detection.cluster_hmmer results to json
DEBUG    20/07 16:49:22   Converting antismash.detection.genefunctions results to json
DEBUG    20/07 16:49:22   Converting antismash.detection.nrps_pks_domains results to json
DEBUG    20/07 16:49:22   Converting antismash.detection.tigrfam results to json
DEBUG    20/07 16:49:22   Converting antismash.modules.active_site_finder results to json
DEBUG    20/07 16:49:22   Converting antismash.modules.cluster_compare results to json
DEBUG    20/07 16:49:22   Converting antismash.modules.clusterblast results to json
DEBUG    20/07 16:49:22   Converting antismash.modules.lanthipeptides results to json
DEBUG    20/07 16:49:22   Converting antismash.modules.lassopeptides results to json
DEBUG    20/07 16:49:22   Converting antismash.modules.nrps_pks results to json
DEBUG    20/07 16:49:22   Converting antismash.modules.pfam2go results to json
DEBUG    20/07 16:49:22   Converting antismash.modules.rrefinder results to json
DEBUG    20/07 16:49:22   Converting antismash.modules.sactipeptides results to json
DEBUG    20/07 16:49:22   Converting antismash.modules.t2pks results to json
DEBUG    20/07 16:49:22   Converting antismash.modules.tfbs_finder results to json
DEBUG    20/07 16:49:22   Converting antismash.modules.thiopeptides results to json
DEBUG    20/07 16:49:22   Converting antismash.modules.tta results to json
DEBUG    20/07 16:49:22   Not annotating skipped record NZ_JAAAUC010000010.1: No regions detected
DEBUG    20/07 16:49:22   Not annotating skipped record NZ_JAAAUC010000011.1: No regions detected
DEBUG    20/07 16:49:22   Not annotating skipped record NZ_JAAAUC010000012.1: No regions detected
DEBUG    20/07 16:49:22   Not annotating skipped record NZ_JAAAUC010000013.1: No regions detected
DEBUG    20/07 16:49:22   Not annotating skipped record NZ_JAAAUC010000014.1: No regions detected
DEBUG    20/07 16:49:22   Not annotating skipped record NZ_JAAAUC010000015.1: No regions detected
DEBUG    20/07 16:49:22   Not annotating skipped record NZ_JAAAUC010000016.1: No regions detected
DEBUG    20/07 16:49:22   Not annotating skipped record NZ_JAAAUC010000017.1: No regions detected
DEBUG    20/07 16:49:22   Not annotating skipped record NZ_JAAAUC010000018.1: No regions detected
DEBUG    20/07 16:49:22   Not annotating skipped record NZ_JAAAUC010000019.1: No regions detected
DEBUG    20/07 16:49:22   Not annotating skipped record NZ_JAAAUC010000001.1: No regions detected
DEBUG    20/07 16:49:22   Not annotating skipped record NZ_JAAAUC010000020.1: No regions detected
DEBUG    20/07 16:49:22   Not annotating skipped record NZ_JAAAUC010000021.1: No regions detected
DEBUG    20/07 16:49:22   Not annotating skipped record NZ_JAAAUC010000022.1: No regions detected
DEBUG    20/07 16:49:22   Not annotating skipped record NZ_JAAAUC010000023.1: No regions detected
DEBUG    20/07 16:49:22   Not annotating skipped record NZ_JAAAUC010000024.1: No regions detected
DEBUG    20/07 16:49:22   Not annotating skipped record NZ_JAAAUC010000025.1: No regions detected
DEBUG    20/07 16:49:22   Not annotating skipped record NZ_JAAAUC010000026.1: No regions detected
DEBUG    20/07 16:49:22   Not annotating skipped record NZ_JAAAUC010000027.1: No regions detected
DEBUG    20/07 16:49:22   Not annotating skipped record NZ_JAAAUC010000028.1: No regions detected
DEBUG    20/07 16:49:22   Not annotating skipped record NZ_JAAAUC010000029.1: No regions detected
DEBUG    20/07 16:49:22   Annotating record NZ_JAAAUC010000002.1 with results from: hmm_detection, cluster_hmmer, genefunctions, nrps_pks_domains, tigrfam, active_site_finder, cluster_compare, clusterblast, lanthipeptides, lassopeptides, nrps_pks, pfam2go, rrefinder, sactipeptides, t2pks, tfbs_finder, thiopeptides, tta
DEBUG    20/07 16:49:22    Adding results from antismash.modules.active_site_finder
DEBUG    20/07 16:49:22    Adding results from antismash.modules.cluster_compare
DEBUG    20/07 16:49:22    Adding results from antismash.modules.clusterblast
DEBUG    20/07 16:49:22    Adding results from antismash.modules.lanthipeptides
DEBUG    20/07 16:49:22    Adding results from antismash.modules.lassopeptides
DEBUG    20/07 16:49:22    Adding results from antismash.modules.nrps_pks
DEBUG    20/07 16:49:22    Adding results from antismash.modules.pfam2go
DEBUG    20/07 16:49:22    Adding results from antismash.modules.rrefinder
DEBUG    20/07 16:49:22    Adding results from antismash.modules.sactipeptides
DEBUG    20/07 16:49:22    Adding results from antismash.modules.t2pks
DEBUG    20/07 16:49:22    Adding results from antismash.modules.tfbs_finder
DEBUG    20/07 16:49:22    Adding results from antismash.modules.thiopeptides
DEBUG    20/07 16:49:22    Adding results from antismash.modules.tta
DEBUG    20/07 16:49:22   Not annotating skipped record NZ_JAAAUC010000030.1: No regions detected
DEBUG    20/07 16:49:22   Not annotating skipped record NZ_JAAAUC010000031.1: No regions detected
DEBUG    20/07 16:49:22   Not annotating skipped record NZ_JAAAUC010000032.1: No regions detected
DEBUG    20/07 16:49:22   Not annotating skipped record NZ_JAAAUC010000033.1: No regions detected
DEBUG    20/07 16:49:22   Not annotating skipped record NZ_JAAAUC010000034.1: No regions detected
DEBUG    20/07 16:49:22   Not annotating skipped record NZ_JAAAUC010000035.1: No regions detected
DEBUG    20/07 16:49:22   Not annotating skipped record NZ_JAAAUC010000036.1: No regions detected
DEBUG    20/07 16:49:22   Not annotating skipped record NZ_JAAAUC010000037.1: No regions detected
DEBUG    20/07 16:49:22   Not annotating skipped record NZ_JAAAUC010000038.1: No regions detected
DEBUG    20/07 16:49:22   Not annotating skipped record NZ_JAAAUC010000039.1: No regions detected
DEBUG    20/07 16:49:22   Not annotating skipped record NZ_JAAAUC010000003.1: No regions detected
DEBUG    20/07 16:49:22   Not annotating skipped record NZ_JAAAUC010000040.1: No regions detected
DEBUG    20/07 16:49:22   Not annotating skipped record NZ_JAAAUC010000004.1: No regions detected
DEBUG    20/07 16:49:22   Not annotating skipped record NZ_JAAAUC010000005.1: No regions detected
DEBUG    20/07 16:49:22   Not annotating skipped record NZ_JAAAUC010000006.1: No regions detected
DEBUG    20/07 16:49:22   Not annotating skipped record NZ_JAAAUC010000007.1: No regions detected
DEBUG    20/07 16:49:22   Annotating record NZ_JAAAUC010000008.1 with results from: hmm_detection, cluster_hmmer, genefunctions, nrps_pks_domains, tigrfam, active_site_finder, cluster_compare, clusterblast, lanthipeptides, lassopeptides, nrps_pks, pfam2go, rrefinder, sactipeptides, t2pks, tfbs_finder, thiopeptides, tta
DEBUG    20/07 16:49:22    Adding results from antismash.modules.active_site_finder
DEBUG    20/07 16:49:22    Adding results from antismash.modules.cluster_compare
DEBUG    20/07 16:49:22    Adding results from antismash.modules.clusterblast
DEBUG    20/07 16:49:22    Adding results from antismash.modules.lanthipeptides
DEBUG    20/07 16:49:22    Adding results from antismash.modules.lassopeptides
DEBUG    20/07 16:49:22    Adding results from antismash.modules.nrps_pks
DEBUG    20/07 16:49:22    Adding results from antismash.modules.pfam2go
DEBUG    20/07 16:49:22    Adding results from antismash.modules.rrefinder
DEBUG    20/07 16:49:22    Adding results from antismash.modules.sactipeptides
DEBUG    20/07 16:49:22    Adding results from antismash.modules.t2pks
DEBUG    20/07 16:49:22    Adding results from antismash.modules.tfbs_finder
DEBUG    20/07 16:49:22    Adding results from antismash.modules.thiopeptides
DEBUG    20/07 16:49:22    Adding results from antismash.modules.tta
DEBUG    20/07 16:49:22   Annotating record NZ_JAAAUC010000009.1 with results from: hmm_detection, cluster_hmmer, genefunctions, nrps_pks_domains, tigrfam, active_site_finder, cluster_compare, clusterblast, lanthipeptides, lassopeptides, nrps_pks, pfam2go, rrefinder, sactipeptides, t2pks, tfbs_finder, thiopeptides, tta
DEBUG    20/07 16:49:22    Adding results from antismash.modules.active_site_finder
DEBUG    20/07 16:49:22    Adding results from antismash.modules.cluster_compare
DEBUG    20/07 16:49:22    Adding results from antismash.modules.clusterblast
DEBUG    20/07 16:49:22    Adding results from antismash.modules.lanthipeptides
DEBUG    20/07 16:49:22    Adding results from antismash.modules.lassopeptides
DEBUG    20/07 16:49:22    Adding results from antismash.modules.nrps_pks
DEBUG    20/07 16:49:22    Adding results from antismash.modules.pfam2go
DEBUG    20/07 16:49:22    Adding results from antismash.modules.rrefinder
DEBUG    20/07 16:49:22    Adding results from antismash.modules.sactipeptides
DEBUG    20/07 16:49:22    Adding results from antismash.modules.t2pks
DEBUG    20/07 16:49:22    Adding results from antismash.modules.tfbs_finder
DEBUG    20/07 16:49:22    Adding results from antismash.modules.thiopeptides
DEBUG    20/07 16:49:22    Adding results from antismash.modules.tta
DEBUG    20/07 16:49:22   Creating results page
DEBUG    20/07 16:49:22   Results page using antismash.js from local copy: /databases/as-js/0.13/antismash.js
DEBUG    20/07 16:49:25   Creating results SVGs
DEBUG    20/07 16:49:25   Writing seq_records SVGs to '/data/antismash/upload/bacteria-8a924a22-0b55-4103-a7be-cce634a77cf9/svg'
DEBUG    20/07 16:49:25   Writing cluster-specific genbank files
DEBUG    20/07 16:49:25   Writing final genbank file to '/data/antismash/upload/bacteria-8a924a22-0b55-4103-a7be-cce634a77cf9/GCF_009908165.1_Frigidibacter_albus_SP32.gbk'
DEBUG    20/07 16:49:25   Zipping output to '/data/antismash/upload/bacteria-8a924a22-0b55-4103-a7be-cce634a77cf9/GCF_009908165.1_Frigidibacter_albus_SP32.zip'
