INFO     20/07 15:43:26   antiSMASH version: 7.0.0
INFO     20/07 15:43:26   diamond using executable: /usr/bin/diamond-aligner (2.0.7)
INFO     20/07 15:43:26   hmmpfam2 using executable: /usr/bin/hmm2pfam (2.3.2)
INFO     20/07 15:43:26   fasttree using executable: /usr/bin/fasttree
INFO     20/07 15:43:26   hmmsearch using executable: /usr/bin/hmmsearch (3.3.2)
INFO     20/07 15:43:26   hmmpress using executable: /usr/bin/hmmpress (3.3.2)
INFO     20/07 15:43:26   hmmscan using executable: /usr/bin/hmmscan (3.3.2)
INFO     20/07 15:43:28   meme using executable: /usr/bin/meme (4.11.2)
INFO     20/07 15:43:28   fimo using executable: /usr/bin/fimo (4.11.2)
INFO     20/07 15:43:28   glimmerhmm using executable: /usr/bin/glimmerhmm
INFO     20/07 15:43:28   prodigal using executable: /usr/bin/prodigal (V2.6.3)
INFO     20/07 15:43:28   blastp using executable: /usr/bin/blastp (2.11.0+)
INFO     20/07 15:43:28   makeblastdb using executable: /usr/bin/makeblastdb (2.11.0+)
DEBUG    20/07 15:43:28   Checking prerequisites for antismash.detection.hmm_detection
DEBUG    20/07 15:43:28   Found file '/usr/local/lib/python3.9/dist-packages/antismash/detection/hmm_detection/data/bgc_seeds.hmm'
DEBUG    20/07 15:43:28   Found file '/usr/local/lib/python3.9/dist-packages/antismash/detection/hmm_detection/data/bgc_seeds.hmm.h3f'
DEBUG    20/07 15:43:28   Found file '/usr/local/lib/python3.9/dist-packages/antismash/detection/hmm_detection/data/bgc_seeds.hmm.h3i'
DEBUG    20/07 15:43:28   Found file '/usr/local/lib/python3.9/dist-packages/antismash/detection/hmm_detection/data/bgc_seeds.hmm.h3m'
DEBUG    20/07 15:43:28   Found file '/usr/local/lib/python3.9/dist-packages/antismash/detection/hmm_detection/data/bgc_seeds.hmm.h3p'
DEBUG    20/07 15:43:28   Checking prerequisites for antismash.detection.cluster_hmmer
DEBUG    20/07 15:43:28   Found file '/databases/pfam/34.0/Pfam-A.hmm'
DEBUG    20/07 15:43:28   Found file '/databases/pfam/34.0/Pfam-A.hmm.h3f'
DEBUG    20/07 15:43:28   Found file '/databases/pfam/34.0/Pfam-A.hmm.h3i'
DEBUG    20/07 15:43:28   Found file '/databases/pfam/34.0/Pfam-A.hmm.h3m'
DEBUG    20/07 15:43:28   Found file '/databases/pfam/34.0/Pfam-A.hmm.h3p'
DEBUG    20/07 15:43:28   Checking prerequisites for antismash.detection.genefunctions
DEBUG    20/07 15:43:28   Found file '/databases/resfam/Resfams.hmm'
DEBUG    20/07 15:43:28   Found file '/usr/local/lib/python3.9/dist-packages/antismash/detection/genefunctions/data/smcogs.hmm.h3f'
DEBUG    20/07 15:43:28   Found file '/usr/local/lib/python3.9/dist-packages/antismash/detection/genefunctions/data/smcogs.hmm.h3i'
DEBUG    20/07 15:43:28   Found file '/usr/local/lib/python3.9/dist-packages/antismash/detection/genefunctions/data/smcogs.hmm.h3m'
DEBUG    20/07 15:43:28   Found file '/usr/local/lib/python3.9/dist-packages/antismash/detection/genefunctions/data/smcogs.hmm.h3p'
DEBUG    20/07 15:43:28   Found file '/databases/resfam/Resfams.hmm.h3f'
DEBUG    20/07 15:43:28   Found file '/databases/resfam/Resfams.hmm.h3i'
DEBUG    20/07 15:43:28   Found file '/databases/resfam/Resfams.hmm.h3m'
DEBUG    20/07 15:43:28   Found file '/databases/resfam/Resfams.hmm.h3p'
DEBUG    20/07 15:43:28   Checking prerequisites for antismash.detection.nrps_pks_domains
DEBUG    20/07 15:43:28   Found file '/usr/local/lib/python3.9/dist-packages/antismash/detection/nrps_pks_domains/data/abmotifs.hmm.h3f'
DEBUG    20/07 15:43:28   Found file '/usr/local/lib/python3.9/dist-packages/antismash/detection/nrps_pks_domains/data/abmotifs.hmm.h3i'
DEBUG    20/07 15:43:28   Found file '/usr/local/lib/python3.9/dist-packages/antismash/detection/nrps_pks_domains/data/abmotifs.hmm.h3m'
DEBUG    20/07 15:43:28   Found file '/usr/local/lib/python3.9/dist-packages/antismash/detection/nrps_pks_domains/data/abmotifs.hmm.h3p'
DEBUG    20/07 15:43:28   Found file '/usr/local/lib/python3.9/dist-packages/antismash/detection/nrps_pks_domains/data/dockingdomains.hmm.h3f'
DEBUG    20/07 15:43:28   Found file '/usr/local/lib/python3.9/dist-packages/antismash/detection/nrps_pks_domains/data/dockingdomains.hmm.h3i'
DEBUG    20/07 15:43:28   Found file '/usr/local/lib/python3.9/dist-packages/antismash/detection/nrps_pks_domains/data/dockingdomains.hmm.h3m'
DEBUG    20/07 15:43:28   Found file '/usr/local/lib/python3.9/dist-packages/antismash/detection/nrps_pks_domains/data/dockingdomains.hmm.h3p'
DEBUG    20/07 15:43:28   Found file '/usr/local/lib/python3.9/dist-packages/antismash/detection/nrps_pks_domains/data/ksdomains.hmm.h3f'
DEBUG    20/07 15:43:28   Found file '/usr/local/lib/python3.9/dist-packages/antismash/detection/nrps_pks_domains/data/ksdomains.hmm.h3i'
DEBUG    20/07 15:43:28   Found file '/usr/local/lib/python3.9/dist-packages/antismash/detection/nrps_pks_domains/data/ksdomains.hmm.h3m'
DEBUG    20/07 15:43:28   Found file '/usr/local/lib/python3.9/dist-packages/antismash/detection/nrps_pks_domains/data/ksdomains.hmm.h3p'
DEBUG    20/07 15:43:28   Found file '/usr/local/lib/python3.9/dist-packages/antismash/detection/nrps_pks_domains/data/nrpspksdomains.hmm.h3f'
DEBUG    20/07 15:43:28   Found file '/usr/local/lib/python3.9/dist-packages/antismash/detection/nrps_pks_domains/data/nrpspksdomains.hmm.h3i'
DEBUG    20/07 15:43:28   Found file '/usr/local/lib/python3.9/dist-packages/antismash/detection/nrps_pks_domains/data/nrpspksdomains.hmm.h3m'
DEBUG    20/07 15:43:28   Found file '/usr/local/lib/python3.9/dist-packages/antismash/detection/nrps_pks_domains/data/nrpspksdomains.hmm.h3p'
DEBUG    20/07 15:43:28   Found file '/databases/nrps_pks/transATor/2023.02.23/transATor.hmm.h3f'
DEBUG    20/07 15:43:28   Found file '/databases/nrps_pks/transATor/2023.02.23/transATor.hmm.h3i'
DEBUG    20/07 15:43:28   Found file '/databases/nrps_pks/transATor/2023.02.23/transATor.hmm.h3m'
DEBUG    20/07 15:43:28   Found file '/databases/nrps_pks/transATor/2023.02.23/transATor.hmm.h3p'
DEBUG    20/07 15:43:28   Checking prerequisites for antismash.detection.tigrfam
DEBUG    20/07 15:43:28   Found file '/databases/tigrfam/TIGRFam.hmm'
DEBUG    20/07 15:43:28   Found file '/databases/tigrfam/TIGRFam.hmm.h3f'
DEBUG    20/07 15:43:28   Found file '/databases/tigrfam/TIGRFam.hmm.h3i'
DEBUG    20/07 15:43:28   Found file '/databases/tigrfam/TIGRFam.hmm.h3m'
DEBUG    20/07 15:43:28   Found file '/databases/tigrfam/TIGRFam.hmm.h3p'
DEBUG    20/07 15:43:28   Checking prerequisites for antismash.modules.active_site_finder
DEBUG    20/07 15:43:28   Found file '/usr/local/lib/python3.9/dist-packages/antismash/modules/active_site_finder/data/PKSI-KR.hmm2'
DEBUG    20/07 15:43:28   Found file '/usr/local/lib/python3.9/dist-packages/antismash/modules/active_site_finder/data/PKSI-KS_N.hmm2'
DEBUG    20/07 15:43:28   Found file '/usr/local/lib/python3.9/dist-packages/antismash/modules/active_site_finder/data/PKSI-KS_C.hmm2'
DEBUG    20/07 15:43:28   Found file '/usr/local/lib/python3.9/dist-packages/antismash/modules/active_site_finder/data/PKSI-AT.hmm2'
DEBUG    20/07 15:43:28   Found file '/usr/local/lib/python3.9/dist-packages/antismash/modules/active_site_finder/data/PKSI-ACP.hmm2'
DEBUG    20/07 15:43:28   Found file '/usr/local/lib/python3.9/dist-packages/antismash/modules/active_site_finder/data/PKSI-DH.hmm2'
DEBUG    20/07 15:43:28   Found file '/usr/local/lib/python3.9/dist-packages/antismash/modules/active_site_finder/data/Thioesterase.hmm2'
DEBUG    20/07 15:43:28   Found file '/usr/local/lib/python3.9/dist-packages/antismash/modules/active_site_finder/data/PKSI-ER.hmm2'
DEBUG    20/07 15:43:28   Found file '/usr/local/lib/python3.9/dist-packages/antismash/modules/active_site_finder/data/p450.hmm2'
DEBUG    20/07 15:43:28   Checking prerequisites for antismash.modules.cluster_compare
DEBUG    20/07 15:43:28   Found file '/databases/clustercompare/mibig/3.1/data.json'
DEBUG    20/07 15:43:28   Found file '/databases/clustercompare/mibig/3.1/proteins.fasta'
DEBUG    20/07 15:43:28   Found file '/databases/clustercompare/mibig/3.1/proteins.dmnd'
DEBUG    20/07 15:43:28   Found file '/databases/clustercompare/mibig/3.1/proteins.dmnd'
DEBUG    20/07 15:43:28   Checking prerequisites for antismash.modules.clusterblast
DEBUG    20/07 15:43:28   Found file '/databases/knownclusterblast/3.1/clusters.txt'
DEBUG    20/07 15:43:28   Found file '/databases/knownclusterblast/3.1/proteins.fasta'
DEBUG    20/07 15:43:28   Found file '/databases/knownclusterblast/3.1/proteins.dmnd'
DEBUG    20/07 15:43:28   Found file '/databases/knownclusterblast/3.1/proteins.dmnd'
DEBUG    20/07 15:43:28   Found file '/databases/clusterblast/clusters.txt'
DEBUG    20/07 15:43:28   Found file '/databases/clusterblast/proteins.fasta'
DEBUG    20/07 15:43:28   Found file '/databases/clusterblast/proteins.dmnd'
DEBUG    20/07 15:43:28   Found file '/databases/clusterblast/proteins.dmnd'
DEBUG    20/07 15:43:28   Found file '/usr/local/lib/python3.9/dist-packages/antismash/modules/clusterblast/data/sub/proteins.fasta'
DEBUG    20/07 15:43:28   Found file '/usr/local/lib/python3.9/dist-packages/antismash/modules/clusterblast/data/sub/proteins.fasta.phr'
DEBUG    20/07 15:43:28   Found file '/usr/local/lib/python3.9/dist-packages/antismash/modules/clusterblast/data/sub/proteins.fasta.pin'
DEBUG    20/07 15:43:28   Found file '/usr/local/lib/python3.9/dist-packages/antismash/modules/clusterblast/data/sub/proteins.fasta.psq'
DEBUG    20/07 15:43:28   Found file '/usr/local/lib/python3.9/dist-packages/antismash/modules/clusterblast/data/sub/clusters.txt'
DEBUG    20/07 15:43:28   Checking prerequisites for antismash.modules.lanthipeptides
DEBUG    20/07 15:43:28   Found file '/databases/comparippson/asdb/3.0/cores.fa.pdb'
DEBUG    20/07 15:43:28   Found file '/databases/comparippson/asdb/3.0/cores.fa.phr'
DEBUG    20/07 15:43:28   Found file '/databases/comparippson/asdb/3.0/cores.fa.pin'
DEBUG    20/07 15:43:28   Found file '/databases/comparippson/asdb/3.0/cores.fa.pot'
DEBUG    20/07 15:43:28   Found file '/databases/comparippson/asdb/3.0/cores.fa.psq'
DEBUG    20/07 15:43:28   Found file '/databases/comparippson/asdb/3.0/cores.fa.ptf'
DEBUG    20/07 15:43:28   Found file '/databases/comparippson/asdb/3.0/cores.fa.pto'
DEBUG    20/07 15:43:28   Found file '/databases/comparippson/mibig/3.1/cores.fa.pdb'
DEBUG    20/07 15:43:28   Found file '/databases/comparippson/mibig/3.1/cores.fa.phr'
DEBUG    20/07 15:43:28   Found file '/databases/comparippson/mibig/3.1/cores.fa.pin'
DEBUG    20/07 15:43:28   Found file '/databases/comparippson/mibig/3.1/cores.fa.pot'
DEBUG    20/07 15:43:28   Found file '/databases/comparippson/mibig/3.1/cores.fa.psq'
DEBUG    20/07 15:43:28   Found file '/databases/comparippson/mibig/3.1/cores.fa.ptf'
DEBUG    20/07 15:43:28   Found file '/databases/comparippson/mibig/3.1/cores.fa.pto'
DEBUG    20/07 15:43:28   Checking prerequisites for antismash.modules.lassopeptides
DEBUG    20/07 15:43:28   Checking prerequisites for antismash.modules.nrps_pks
DEBUG    20/07 15:43:28   Found existing cache for /usr/local/lib/python3.9/dist-packages/antismash/modules/nrps_pks/data/terminals/cterm.fasta
DEBUG    20/07 15:43:28   Found existing cache for /usr/local/lib/python3.9/dist-packages/antismash/modules/nrps_pks/data/terminals/nterm.fasta
DEBUG    20/07 15:43:28   Found existing cache for /usr/local/lib/python3.9/dist-packages/antismash/modules/nrps_pks/at_analysis/data/AT_domains_muscle.fasta
DEBUG    20/07 15:43:28   Found existing cache for /usr/local/lib/python3.9/dist-packages/antismash/modules/nrps_pks/kr_analysis/data/KRdomains_muscle.fasta
DEBUG    20/07 15:43:29   Found existing cache for /usr/local/lib/python3.9/dist-packages/antismash/modules/nrps_pks/minowa/data/AT_domains_muscle.fasta
DEBUG    20/07 15:43:29   Found existing cache for /usr/local/lib/python3.9/dist-packages/antismash/modules/nrps_pks/minowa/data/CAL_domains_muscle.fasta
DEBUG    20/07 15:43:29   Checking prerequisites for antismash.modules.pfam2go
DEBUG    20/07 15:43:29   Found file '/usr/local/lib/python3.9/dist-packages/antismash/modules/pfam2go/data/pfam2go.txt'
DEBUG    20/07 15:43:29   Checking prerequisites for antismash.modules.rrefinder
DEBUG    20/07 15:43:29   Found file '/usr/local/lib/python3.9/dist-packages/antismash/modules/rrefinder/data/RREFam.hmm.h3f'
DEBUG    20/07 15:43:29   Found file '/usr/local/lib/python3.9/dist-packages/antismash/modules/rrefinder/data/RREFam.hmm.h3i'
DEBUG    20/07 15:43:29   Found file '/usr/local/lib/python3.9/dist-packages/antismash/modules/rrefinder/data/RREFam.hmm.h3m'
DEBUG    20/07 15:43:29   Found file '/usr/local/lib/python3.9/dist-packages/antismash/modules/rrefinder/data/RREFam.hmm.h3p'
DEBUG    20/07 15:43:29   Checking prerequisites for antismash.modules.sactipeptides
DEBUG    20/07 15:43:29   Checking prerequisites for antismash.modules.t2pks
DEBUG    20/07 15:43:29   Found file '/usr/local/lib/python3.9/dist-packages/antismash/modules/t2pks/data/KSIII.fasta'
DEBUG    20/07 15:43:29   Found file '/usr/local/lib/python3.9/dist-packages/antismash/modules/t2pks/data/KSIII.phr'
DEBUG    20/07 15:43:29   Found file '/usr/local/lib/python3.9/dist-packages/antismash/modules/t2pks/data/KSIII.pin'
DEBUG    20/07 15:43:29   Found file '/usr/local/lib/python3.9/dist-packages/antismash/modules/t2pks/data/KSIII.psq'
DEBUG    20/07 15:43:29   Found file '/usr/local/lib/python3.9/dist-packages/antismash/modules/t2pks/data/AT.fasta'
DEBUG    20/07 15:43:29   Found file '/usr/local/lib/python3.9/dist-packages/antismash/modules/t2pks/data/AT.phr'
DEBUG    20/07 15:43:29   Found file '/usr/local/lib/python3.9/dist-packages/antismash/modules/t2pks/data/AT.pin'
DEBUG    20/07 15:43:29   Found file '/usr/local/lib/python3.9/dist-packages/antismash/modules/t2pks/data/AT.psq'
DEBUG    20/07 15:43:29   Found file '/usr/local/lib/python3.9/dist-packages/antismash/modules/t2pks/data/LIG.fasta'
DEBUG    20/07 15:43:29   Found file '/usr/local/lib/python3.9/dist-packages/antismash/modules/t2pks/data/LIG.phr'
DEBUG    20/07 15:43:29   Found file '/usr/local/lib/python3.9/dist-packages/antismash/modules/t2pks/data/LIG.pin'
DEBUG    20/07 15:43:29   Found file '/usr/local/lib/python3.9/dist-packages/antismash/modules/t2pks/data/LIG.psq'
DEBUG    20/07 15:43:29   Found file '/usr/local/lib/python3.9/dist-packages/antismash/modules/t2pks/data/t2pks.hmm.h3f'
DEBUG    20/07 15:43:29   Found file '/usr/local/lib/python3.9/dist-packages/antismash/modules/t2pks/data/t2pks.hmm.h3i'
DEBUG    20/07 15:43:29   Found file '/usr/local/lib/python3.9/dist-packages/antismash/modules/t2pks/data/t2pks.hmm.h3m'
DEBUG    20/07 15:43:29   Found file '/usr/local/lib/python3.9/dist-packages/antismash/modules/t2pks/data/t2pks.hmm.h3p'
DEBUG    20/07 15:43:29   Checking prerequisites for antismash.modules.tfbs_finder
DEBUG    20/07 15:43:29   Found file '/usr/local/lib/python3.9/dist-packages/antismash/modules/tfbs_finder/data/PWMs.json'
DEBUG    20/07 15:43:29   Checking prerequisites for antismash.modules.thiopeptides
DEBUG    20/07 15:43:29   Found file '/usr/local/lib/python3.9/dist-packages/antismash/modules/thiopeptides/data/thiopep3.hmm.h3f'
DEBUG    20/07 15:43:29   Found file '/usr/local/lib/python3.9/dist-packages/antismash/modules/thiopeptides/data/thiopep3.hmm.h3i'
DEBUG    20/07 15:43:29   Found file '/usr/local/lib/python3.9/dist-packages/antismash/modules/thiopeptides/data/thiopep3.hmm.h3m'
DEBUG    20/07 15:43:29   Found file '/usr/local/lib/python3.9/dist-packages/antismash/modules/thiopeptides/data/thiopep3.hmm.h3p'
DEBUG    20/07 15:43:29   Checking prerequisites for antismash.modules.tta
DEBUG    20/07 15:43:29   Checking prerequisites for antismash.outputs.html
DEBUG    20/07 15:43:29   Found file '/usr/local/lib/python3.9/dist-packages/antismash/outputs/html/css/bacteria.css'
DEBUG    20/07 15:43:29   Found file '/usr/local/lib/python3.9/dist-packages/antismash/outputs/html/css/fungi.css'
DEBUG    20/07 15:43:29   Found file '/usr/local/lib/python3.9/dist-packages/antismash/outputs/html/css/plants.css'
DEBUG    20/07 15:43:29   Checking prerequisites for antismash.support.genefinding
DEBUG    20/07 15:43:29   Checking options for antismash.detection.hmm_detection
DEBUG    20/07 15:43:29   Checking options for antismash.detection.cluster_hmmer
DEBUG    20/07 15:43:29   Found file '/databases/pfam/34.0/Pfam-A.hmm'
DEBUG    20/07 15:43:29   Found file '/databases/pfam/34.0/Pfam-A.hmm.h3f'
DEBUG    20/07 15:43:29   Found file '/databases/pfam/34.0/Pfam-A.hmm.h3i'
DEBUG    20/07 15:43:29   Found file '/databases/pfam/34.0/Pfam-A.hmm.h3m'
DEBUG    20/07 15:43:29   Found file '/databases/pfam/34.0/Pfam-A.hmm.h3p'
DEBUG    20/07 15:43:29   Checking options for antismash.detection.genefunctions
DEBUG    20/07 15:43:29   Checking options for antismash.detection.nrps_pks_domains
DEBUG    20/07 15:43:29   Checking options for antismash.detection.tigrfam
DEBUG    20/07 15:43:29   Checking options for antismash.modules.active_site_finder
DEBUG    20/07 15:43:29   Checking options for antismash.modules.cluster_compare
DEBUG    20/07 15:43:29   Checking options for antismash.modules.clusterblast
DEBUG    20/07 15:43:29   Checking options for antismash.modules.lanthipeptides
DEBUG    20/07 15:43:29   Checking options for antismash.modules.lassopeptides
DEBUG    20/07 15:43:29   Checking options for antismash.modules.nrps_pks
DEBUG    20/07 15:43:29   Checking options for antismash.modules.pfam2go
DEBUG    20/07 15:43:29   Checking options for antismash.modules.rrefinder
DEBUG    20/07 15:43:29   Checking options for antismash.modules.sactipeptides
DEBUG    20/07 15:43:29   Checking options for antismash.modules.t2pks
DEBUG    20/07 15:43:29   Checking options for antismash.modules.tfbs_finder
DEBUG    20/07 15:43:29   Checking options for antismash.modules.thiopeptides
DEBUG    20/07 15:43:29   Checking options for antismash.modules.tta
DEBUG    20/07 15:43:29   Checking options for antismash.outputs.html
DEBUG    20/07 15:43:29   Checking options for antismash.support.genefinding
INFO     20/07 15:43:29   Parsing input sequence '/input/GCF_001870675.1_Roseinatronobacter_thiooxidans_ALG1.gbk'
DEBUG    20/07 15:43:29   Stripping antiSMASH features and annotations from record: NZ_MEHT01000001.1
DEBUG    20/07 15:43:29   Stripping antiSMASH features and annotations from record: NZ_MEHT01000010.1
DEBUG    20/07 15:43:29   Stripping antiSMASH features and annotations from record: NZ_MEHT01000011.1
DEBUG    20/07 15:43:29   Stripping antiSMASH features and annotations from record: NZ_MEHT01000012.1
DEBUG    20/07 15:43:29   Stripping antiSMASH features and annotations from record: NZ_MEHT01000013.1
DEBUG    20/07 15:43:29   Stripping antiSMASH features and annotations from record: NZ_MEHT01000014.1
DEBUG    20/07 15:43:29   Stripping antiSMASH features and annotations from record: NZ_MEHT01000015.1
DEBUG    20/07 15:43:29   Stripping antiSMASH features and annotations from record: NZ_MEHT01000002.1
DEBUG    20/07 15:43:29   Stripping antiSMASH features and annotations from record: NZ_MEHT01000016.1
DEBUG    20/07 15:43:29   Stripping antiSMASH features and annotations from record: NZ_MEHT01000017.1
DEBUG    20/07 15:43:29   Stripping antiSMASH features and annotations from record: NZ_MEHT01000018.1
DEBUG    20/07 15:43:29   Stripping antiSMASH features and annotations from record: NZ_MEHT01000019.1
DEBUG    20/07 15:43:29   Stripping antiSMASH features and annotations from record: NZ_MEHT01000020.1
DEBUG    20/07 15:43:29   Stripping antiSMASH features and annotations from record: NZ_MEHT01000021.1
DEBUG    20/07 15:43:29   Stripping antiSMASH features and annotations from record: NZ_MEHT01000022.1
DEBUG    20/07 15:43:29   Stripping antiSMASH features and annotations from record: NZ_MEHT01000003.1
DEBUG    20/07 15:43:29   Stripping antiSMASH features and annotations from record: NZ_MEHT01000023.1
DEBUG    20/07 15:43:29   Stripping antiSMASH features and annotations from record: NZ_MEHT01000024.1
DEBUG    20/07 15:43:29   Stripping antiSMASH features and annotations from record: NZ_MEHT01000025.1
DEBUG    20/07 15:43:29   Stripping antiSMASH features and annotations from record: NZ_MEHT01000026.1
DEBUG    20/07 15:43:29   Stripping antiSMASH features and annotations from record: NZ_MEHT01000027.1
DEBUG    20/07 15:43:29   Stripping antiSMASH features and annotations from record: NZ_MEHT01000028.1
DEBUG    20/07 15:43:29   Stripping antiSMASH features and annotations from record: NZ_MEHT01000029.1
DEBUG    20/07 15:43:29   Stripping antiSMASH features and annotations from record: NZ_MEHT01000030.1
DEBUG    20/07 15:43:29   Stripping antiSMASH features and annotations from record: NZ_MEHT01000004.1
DEBUG    20/07 15:43:29   Stripping antiSMASH features and annotations from record: NZ_MEHT01000031.1
DEBUG    20/07 15:43:29   Stripping antiSMASH features and annotations from record: NZ_MEHT01000032.1
DEBUG    20/07 15:43:29   Stripping antiSMASH features and annotations from record: NZ_MEHT01000033.1
DEBUG    20/07 15:43:29   Stripping antiSMASH features and annotations from record: NZ_MEHT01000034.1
DEBUG    20/07 15:43:29   Stripping antiSMASH features and annotations from record: NZ_MEHT01000035.1
DEBUG    20/07 15:43:29   Stripping antiSMASH features and annotations from record: NZ_MEHT01000036.1
DEBUG    20/07 15:43:29   Stripping antiSMASH features and annotations from record: NZ_MEHT01000037.1
DEBUG    20/07 15:43:29   Stripping antiSMASH features and annotations from record: NZ_MEHT01000038.1
DEBUG    20/07 15:43:29   Stripping antiSMASH features and annotations from record: NZ_MEHT01000005.1
DEBUG    20/07 15:43:29   Stripping antiSMASH features and annotations from record: NZ_MEHT01000039.1
DEBUG    20/07 15:43:29   Stripping antiSMASH features and annotations from record: NZ_MEHT01000040.1
DEBUG    20/07 15:43:29   Stripping antiSMASH features and annotations from record: NZ_MEHT01000041.1
DEBUG    20/07 15:43:29   Stripping antiSMASH features and annotations from record: NZ_MEHT01000042.1
DEBUG    20/07 15:43:29   Stripping antiSMASH features and annotations from record: NZ_MEHT01000043.1
DEBUG    20/07 15:43:29   Stripping antiSMASH features and annotations from record: NZ_MEHT01000006.1
DEBUG    20/07 15:43:29   Stripping antiSMASH features and annotations from record: NZ_MEHT01000007.1
DEBUG    20/07 15:43:29   Stripping antiSMASH features and annotations from record: NZ_MEHT01000008.1
DEBUG    20/07 15:43:29   Stripping antiSMASH features and annotations from record: NZ_MEHT01000009.1
DEBUG    20/07 15:43:29   Stripping antiSMASH features and annotations from record: NZ_MEHT01000044.1
DEBUG    20/07 15:43:29   Stripping antiSMASH features and annotations from record: NZ_MEHT01000045.1
DEBUG    20/07 15:43:29   Stripping antiSMASH features and annotations from record: NZ_MEHT01000046.1
DEBUG    20/07 15:43:29   Stripping antiSMASH features and annotations from record: NZ_MEHT01000047.1
DEBUG    20/07 15:43:29   Stripping antiSMASH features and annotations from record: NZ_MEHT01000048.1
DEBUG    20/07 15:43:29   Stripping antiSMASH features and annotations from record: NZ_MEHT01000049.1
DEBUG    20/07 15:43:29   Stripping antiSMASH features and annotations from record: NZ_MEHT01000050.1
DEBUG    20/07 15:43:29   Converting records from biopython to secmet
DEBUG    20/07 15:43:30   Removing existing region genbank files
DEBUG    20/07 15:43:30   Reusing output directory: /data/antismash/upload/bacteria-9b3c2af9-690d-4389-ab0b-c773c1b65573
DEBUG    20/07 15:43:30   Preprocessing 50 sequences
DEBUG    20/07 15:43:30   Sanitising record ids and sequences
DEBUG    20/07 15:43:31   Removing sequences smaller than 1000 bases
DEBUG    20/07 15:43:31   Ensuring records have CDS features with all required information
INFO     20/07 15:43:32   Analysing record: NZ_MEHT01000001.1
INFO     20/07 15:43:32   Detecting secondary metabolite clusters
DEBUG    20/07 15:43:32   Checking if antismash.detection.hmm_detection should be run
INFO     20/07 15:43:32   Running antismash.detection.hmm_detection
INFO     20/07 15:43:32   HMM detection using strictness: relaxed
DEBUG    20/07 15:43:34   0 rule-based cluster(s) found in record
DEBUG    20/07 15:43:34   0 protoclusters found
DEBUG    20/07 15:43:34   0 subregions found
INFO     20/07 15:43:34   No regions detected, skipping record
INFO     20/07 15:43:34   Analysing record: NZ_MEHT01000010.1
INFO     20/07 15:43:34   Detecting secondary metabolite clusters
DEBUG    20/07 15:43:34   Checking if antismash.detection.hmm_detection should be run
INFO     20/07 15:43:34   Running antismash.detection.hmm_detection
INFO     20/07 15:43:34   HMM detection using strictness: relaxed
DEBUG    20/07 15:43:35   0 rule-based cluster(s) found in record
DEBUG    20/07 15:43:35   0 protoclusters found
DEBUG    20/07 15:43:35   0 subregions found
INFO     20/07 15:43:35   No regions detected, skipping record
INFO     20/07 15:43:35   Analysing record: NZ_MEHT01000011.1
INFO     20/07 15:43:35   Detecting secondary metabolite clusters
DEBUG    20/07 15:43:35   Checking if antismash.detection.hmm_detection should be run
INFO     20/07 15:43:35   Running antismash.detection.hmm_detection
INFO     20/07 15:43:35   HMM detection using strictness: relaxed
DEBUG    20/07 15:43:36   0 rule-based cluster(s) found in record
DEBUG    20/07 15:43:36   0 protoclusters found
DEBUG    20/07 15:43:36   0 subregions found
INFO     20/07 15:43:36   No regions detected, skipping record
INFO     20/07 15:43:36   Analysing record: NZ_MEHT01000012.1
INFO     20/07 15:43:36   Detecting secondary metabolite clusters
DEBUG    20/07 15:43:36   Checking if antismash.detection.hmm_detection should be run
INFO     20/07 15:43:36   Running antismash.detection.hmm_detection
INFO     20/07 15:43:36   HMM detection using strictness: relaxed
DEBUG    20/07 15:43:37   0 rule-based cluster(s) found in record
DEBUG    20/07 15:43:37   0 protoclusters found
DEBUG    20/07 15:43:37   0 subregions found
INFO     20/07 15:43:37   No regions detected, skipping record
INFO     20/07 15:43:37   Analysing record: NZ_MEHT01000013.1
INFO     20/07 15:43:37   Detecting secondary metabolite clusters
DEBUG    20/07 15:43:37   Checking if antismash.detection.hmm_detection should be run
INFO     20/07 15:43:37   Running antismash.detection.hmm_detection
INFO     20/07 15:43:37   HMM detection using strictness: relaxed
DEBUG    20/07 15:43:38   0 rule-based cluster(s) found in record
DEBUG    20/07 15:43:38   0 protoclusters found
DEBUG    20/07 15:43:38   0 subregions found
INFO     20/07 15:43:38   No regions detected, skipping record
INFO     20/07 15:43:38   Analysing record: NZ_MEHT01000014.1
INFO     20/07 15:43:38   Detecting secondary metabolite clusters
DEBUG    20/07 15:43:38   Checking if antismash.detection.hmm_detection should be run
INFO     20/07 15:43:38   Running antismash.detection.hmm_detection
INFO     20/07 15:43:38   HMM detection using strictness: relaxed
DEBUG    20/07 15:43:38   0 rule-based cluster(s) found in record
DEBUG    20/07 15:43:38   0 protoclusters found
DEBUG    20/07 15:43:38   0 subregions found
INFO     20/07 15:43:38   No regions detected, skipping record
INFO     20/07 15:43:38   Analysing record: NZ_MEHT01000015.1
INFO     20/07 15:43:38   Detecting secondary metabolite clusters
DEBUG    20/07 15:43:38   Checking if antismash.detection.hmm_detection should be run
INFO     20/07 15:43:38   Running antismash.detection.hmm_detection
INFO     20/07 15:43:38   HMM detection using strictness: relaxed
DEBUG    20/07 15:43:39   0 rule-based cluster(s) found in record
DEBUG    20/07 15:43:39   0 protoclusters found
DEBUG    20/07 15:43:39   0 subregions found
INFO     20/07 15:43:39   No regions detected, skipping record
INFO     20/07 15:43:39   Analysing record: NZ_MEHT01000002.1
INFO     20/07 15:43:39   Detecting secondary metabolite clusters
DEBUG    20/07 15:43:39   Checking if antismash.detection.hmm_detection should be run
INFO     20/07 15:43:39   Running antismash.detection.hmm_detection
INFO     20/07 15:43:39   HMM detection using strictness: relaxed
DEBUG    20/07 15:43:40   0 rule-based cluster(s) found in record
DEBUG    20/07 15:43:40   0 protoclusters found
DEBUG    20/07 15:43:40   0 subregions found
INFO     20/07 15:43:40   No regions detected, skipping record
INFO     20/07 15:43:40   Analysing record: NZ_MEHT01000016.1
INFO     20/07 15:43:40   Detecting secondary metabolite clusters
DEBUG    20/07 15:43:40   Checking if antismash.detection.hmm_detection should be run
INFO     20/07 15:43:40   Running antismash.detection.hmm_detection
INFO     20/07 15:43:40   HMM detection using strictness: relaxed
DEBUG    20/07 15:43:40   0 rule-based cluster(s) found in record
DEBUG    20/07 15:43:40   0 protoclusters found
DEBUG    20/07 15:43:40   0 subregions found
INFO     20/07 15:43:40   No regions detected, skipping record
INFO     20/07 15:43:40   Analysing record: NZ_MEHT01000017.1
INFO     20/07 15:43:40   Detecting secondary metabolite clusters
DEBUG    20/07 15:43:40   Checking if antismash.detection.hmm_detection should be run
INFO     20/07 15:43:40   Running antismash.detection.hmm_detection
INFO     20/07 15:43:40   HMM detection using strictness: relaxed
DEBUG    20/07 15:43:42   0 rule-based cluster(s) found in record
DEBUG    20/07 15:43:42   0 protoclusters found
DEBUG    20/07 15:43:42   0 subregions found
INFO     20/07 15:43:42   No regions detected, skipping record
INFO     20/07 15:43:42   Analysing record: NZ_MEHT01000018.1
INFO     20/07 15:43:42   Detecting secondary metabolite clusters
DEBUG    20/07 15:43:42   Checking if antismash.detection.hmm_detection should be run
INFO     20/07 15:43:42   Running antismash.detection.hmm_detection
INFO     20/07 15:43:42   HMM detection using strictness: relaxed
DEBUG    20/07 15:43:43   1 rule-based cluster(s) found in record
DEBUG    20/07 15:43:43   1 protoclusters found
DEBUG    20/07 15:43:43   0 subregions found
INFO     20/07 15:43:43   1 region(s) detected in record
DEBUG    20/07 15:43:43   Checking if antismash.detection.cluster_hmmer should be run
INFO     20/07 15:43:43   Running antismash.detection.cluster_hmmer
INFO     20/07 15:43:43   Running cluster PFAM search
DEBUG    20/07 15:43:52   Building name mapping for HMMer database Pfam-A.hmm
DEBUG    20/07 15:43:57   Building cutoff mapping for HMMer database /databases/pfam/34.0/Pfam-A.hmm
DEBUG    20/07 15:44:01   Adding detection results from antismash.detection.cluster_hmmer to record
DEBUG    20/07 15:44:01   Checking if antismash.detection.genefunctions should be run
INFO     20/07 15:44:01   Running antismash.detection.genefunctions
DEBUG    20/07 15:44:03   Adding detection results from antismash.detection.genefunctions to record
DEBUG    20/07 15:44:03   annotating CDS features with resist info: 0 CDSes
DEBUG    20/07 15:44:03   annotating CDS features with smcogs info: 6 CDSes
DEBUG    20/07 15:44:03   Checking if antismash.detection.nrps_pks_domains should be run
INFO     20/07 15:44:03   Running antismash.detection.nrps_pks_domains
DEBUG    20/07 15:44:03   Marking NRPS/PKS CDS features and domains in clusters
DEBUG    20/07 15:44:03   Adding detection results from antismash.detection.nrps_pks_domains to record
DEBUG    20/07 15:44:03   Checking if antismash.detection.tigrfam should be run
INFO     20/07 15:44:03   Running antismash.detection.tigrfam
INFO     20/07 15:44:03   Running TIGRFam search
DEBUG    20/07 15:44:05   Building name mapping for HMMer database TIGRFam.hmm
DEBUG    20/07 15:44:07   Adding detection results from antismash.detection.tigrfam to record
DEBUG    20/07 15:44:07   Checking if antismash.modules.active_site_finder should be run
INFO     20/07 15:44:07   Running antismash.modules.active_site_finder
DEBUG    20/07 15:44:07   Checking if antismash.modules.cluster_compare should be run
INFO     20/07 15:44:07   Running antismash.modules.cluster_compare
DEBUG    20/07 15:44:07   Loading comparison database: MIBiG
DEBUG    20/07 15:44:09   Comparison database loaded
INFO     20/07 15:44:09   Comparing regions to reference database
DEBUG    20/07 15:44:10   Checking if antismash.modules.clusterblast should be run
INFO     20/07 15:44:10   Running antismash.modules.clusterblast
INFO     20/07 15:44:10   Finding internal homologs in each gene cluster...
INFO     20/07 15:44:11   Running ClusterBlast
INFO     20/07 15:44:11   ClusterBlast: Loading gene cluster database into memory...
INFO     20/07 15:44:13   ClusterBlast: Loading gene cluster database proteins into memory...
INFO     20/07 15:44:30   Comparing regions to reference database
INFO     20/07 15:45:36   Running subcluster search
INFO     20/07 15:45:36   SubClusterBlast: Loading gene cluster database into memory...
INFO     20/07 15:45:36   SubClusterBlast: Loading gene cluster database proteins into memory...
INFO     20/07 15:45:39   Running known cluster search
INFO     20/07 15:45:39   KnownClusterBlast: Loading gene cluster database into memory...
INFO     20/07 15:45:39   KnownClusterBlast: Loading gene cluster database proteins into memory...
DEBUG    20/07 15:45:39   Running DIAMOND knowncluster searches..
INFO     20/07 15:45:39   Comparing regions to reference database
DEBUG    20/07 15:45:42   Checking if antismash.modules.lanthipeptides should be run
INFO     20/07 15:45:42   Running antismash.modules.lanthipeptides
DEBUG    20/07 15:45:42   Lanthipeptide module marked 0 motifs
DEBUG    20/07 15:45:43   Checking if antismash.modules.lassopeptides should be run
INFO     20/07 15:45:43   Running antismash.modules.lassopeptides
DEBUG    20/07 15:45:44   Lassopeptide module marked 0 motifs
DEBUG    20/07 15:45:44   Checking if antismash.modules.nrps_pks should be run
INFO     20/07 15:45:44   Running antismash.modules.nrps_pks
DEBUG    20/07 15:45:44   Checking if antismash.modules.pfam2go should be run
INFO     20/07 15:45:44   Running antismash.modules.pfam2go
DEBUG    20/07 15:45:44   Checking if antismash.modules.rrefinder should be run
INFO     20/07 15:45:44   Running antismash.modules.rrefinder
DEBUG    20/07 15:45:44   Checking if antismash.modules.sactipeptides should be run
INFO     20/07 15:45:44   Running antismash.modules.sactipeptides
DEBUG    20/07 15:45:44   Found no sactipeptide motifs
DEBUG    20/07 15:45:46   Checking if antismash.modules.t2pks should be run
INFO     20/07 15:45:46   Running antismash.modules.t2pks
DEBUG    20/07 15:45:46   No type II PKS clusters to analyze
DEBUG    20/07 15:45:46   Checking if antismash.modules.tfbs_finder should be run
INFO     20/07 15:45:46   Running antismash.modules.tfbs_finder
DEBUG    20/07 15:45:46   Checking if antismash.modules.thiopeptides should be run
INFO     20/07 15:45:46   Running antismash.modules.thiopeptides
DEBUG    20/07 15:45:46   Thiopeptides marked 0 motifs
DEBUG    20/07 15:45:47   Checking if antismash.modules.tta should be run
INFO     20/07 15:45:47   Running antismash.modules.tta
INFO     20/07 15:45:47   Skipping TTA codon detection, GC content too low: 61%
INFO     20/07 15:45:47   Analysing record: NZ_MEHT01000019.1
INFO     20/07 15:45:47   Detecting secondary metabolite clusters
DEBUG    20/07 15:45:47   Checking if antismash.detection.hmm_detection should be run
INFO     20/07 15:45:47   Running antismash.detection.hmm_detection
INFO     20/07 15:45:47   HMM detection using strictness: relaxed
DEBUG    20/07 15:45:48   0 rule-based cluster(s) found in record
DEBUG    20/07 15:45:48   0 protoclusters found
DEBUG    20/07 15:45:48   0 subregions found
INFO     20/07 15:45:48   No regions detected, skipping record
INFO     20/07 15:45:48   Analysing record: NZ_MEHT01000020.1
INFO     20/07 15:45:48   Detecting secondary metabolite clusters
DEBUG    20/07 15:45:48   Checking if antismash.detection.hmm_detection should be run
INFO     20/07 15:45:48   Running antismash.detection.hmm_detection
INFO     20/07 15:45:48   HMM detection using strictness: relaxed
DEBUG    20/07 15:45:48   0 rule-based cluster(s) found in record
DEBUG    20/07 15:45:48   0 protoclusters found
DEBUG    20/07 15:45:48   0 subregions found
INFO     20/07 15:45:48   No regions detected, skipping record
INFO     20/07 15:45:48   Analysing record: NZ_MEHT01000021.1
INFO     20/07 15:45:48   Detecting secondary metabolite clusters
DEBUG    20/07 15:45:48   Checking if antismash.detection.hmm_detection should be run
INFO     20/07 15:45:48   Running antismash.detection.hmm_detection
INFO     20/07 15:45:48   HMM detection using strictness: relaxed
DEBUG    20/07 15:45:49   0 rule-based cluster(s) found in record
DEBUG    20/07 15:45:49   0 protoclusters found
DEBUG    20/07 15:45:49   0 subregions found
INFO     20/07 15:45:49   No regions detected, skipping record
INFO     20/07 15:45:49   Analysing record: NZ_MEHT01000022.1
INFO     20/07 15:45:49   Detecting secondary metabolite clusters
DEBUG    20/07 15:45:49   Checking if antismash.detection.hmm_detection should be run
INFO     20/07 15:45:49   Running antismash.detection.hmm_detection
INFO     20/07 15:45:49   HMM detection using strictness: relaxed
DEBUG    20/07 15:45:49   0 rule-based cluster(s) found in record
DEBUG    20/07 15:45:50   0 protoclusters found
DEBUG    20/07 15:45:50   0 subregions found
INFO     20/07 15:45:50   No regions detected, skipping record
INFO     20/07 15:45:50   Analysing record: NZ_MEHT01000003.1
INFO     20/07 15:45:50   Detecting secondary metabolite clusters
DEBUG    20/07 15:45:50   Checking if antismash.detection.hmm_detection should be run
INFO     20/07 15:45:50   Running antismash.detection.hmm_detection
INFO     20/07 15:45:50   HMM detection using strictness: relaxed
DEBUG    20/07 15:45:50   0 rule-based cluster(s) found in record
DEBUG    20/07 15:45:50   0 protoclusters found
DEBUG    20/07 15:45:50   0 subregions found
INFO     20/07 15:45:50   No regions detected, skipping record
INFO     20/07 15:45:50   Analysing record: NZ_MEHT01000023.1
INFO     20/07 15:45:50   Detecting secondary metabolite clusters
DEBUG    20/07 15:45:50   Checking if antismash.detection.hmm_detection should be run
INFO     20/07 15:45:50   Running antismash.detection.hmm_detection
INFO     20/07 15:45:50   HMM detection using strictness: relaxed
DEBUG    20/07 15:45:52   0 rule-based cluster(s) found in record
DEBUG    20/07 15:45:52   0 protoclusters found
DEBUG    20/07 15:45:52   0 subregions found
INFO     20/07 15:45:52   No regions detected, skipping record
INFO     20/07 15:45:52   Analysing record: NZ_MEHT01000024.1
INFO     20/07 15:45:52   Detecting secondary metabolite clusters
DEBUG    20/07 15:45:52   Checking if antismash.detection.hmm_detection should be run
INFO     20/07 15:45:52   Running antismash.detection.hmm_detection
INFO     20/07 15:45:52   HMM detection using strictness: relaxed
DEBUG    20/07 15:45:52   0 rule-based cluster(s) found in record
DEBUG    20/07 15:45:52   0 protoclusters found
DEBUG    20/07 15:45:52   0 subregions found
INFO     20/07 15:45:52   No regions detected, skipping record
INFO     20/07 15:45:52   Analysing record: NZ_MEHT01000025.1
INFO     20/07 15:45:52   Detecting secondary metabolite clusters
DEBUG    20/07 15:45:52   Checking if antismash.detection.hmm_detection should be run
INFO     20/07 15:45:52   Running antismash.detection.hmm_detection
INFO     20/07 15:45:52   HMM detection using strictness: relaxed
DEBUG    20/07 15:45:53   0 rule-based cluster(s) found in record
DEBUG    20/07 15:45:53   0 protoclusters found
DEBUG    20/07 15:45:53   0 subregions found
INFO     20/07 15:45:53   No regions detected, skipping record
INFO     20/07 15:45:53   Analysing record: NZ_MEHT01000026.1
INFO     20/07 15:45:53   Detecting secondary metabolite clusters
DEBUG    20/07 15:45:53   Checking if antismash.detection.hmm_detection should be run
INFO     20/07 15:45:53   Running antismash.detection.hmm_detection
INFO     20/07 15:45:53   HMM detection using strictness: relaxed
DEBUG    20/07 15:45:53   0 rule-based cluster(s) found in record
DEBUG    20/07 15:45:53   0 protoclusters found
DEBUG    20/07 15:45:53   0 subregions found
INFO     20/07 15:45:53   No regions detected, skipping record
INFO     20/07 15:45:53   Analysing record: NZ_MEHT01000027.1
INFO     20/07 15:45:53   Detecting secondary metabolite clusters
DEBUG    20/07 15:45:53   Checking if antismash.detection.hmm_detection should be run
INFO     20/07 15:45:53   Running antismash.detection.hmm_detection
INFO     20/07 15:45:53   HMM detection using strictness: relaxed
DEBUG    20/07 15:45:54   0 rule-based cluster(s) found in record
DEBUG    20/07 15:45:54   0 protoclusters found
DEBUG    20/07 15:45:54   0 subregions found
INFO     20/07 15:45:54   No regions detected, skipping record
INFO     20/07 15:45:54   Analysing record: NZ_MEHT01000028.1
INFO     20/07 15:45:54   Detecting secondary metabolite clusters
DEBUG    20/07 15:45:54   Checking if antismash.detection.hmm_detection should be run
INFO     20/07 15:45:54   Running antismash.detection.hmm_detection
INFO     20/07 15:45:54   HMM detection using strictness: relaxed
DEBUG    20/07 15:45:54   0 rule-based cluster(s) found in record
DEBUG    20/07 15:45:54   0 protoclusters found
DEBUG    20/07 15:45:54   0 subregions found
INFO     20/07 15:45:54   No regions detected, skipping record
INFO     20/07 15:45:54   Analysing record: NZ_MEHT01000029.1
INFO     20/07 15:45:54   Detecting secondary metabolite clusters
DEBUG    20/07 15:45:54   Checking if antismash.detection.hmm_detection should be run
INFO     20/07 15:45:54   Running antismash.detection.hmm_detection
INFO     20/07 15:45:54   HMM detection using strictness: relaxed
DEBUG    20/07 15:45:55   0 rule-based cluster(s) found in record
DEBUG    20/07 15:45:55   0 protoclusters found
DEBUG    20/07 15:45:55   0 subregions found
INFO     20/07 15:45:55   No regions detected, skipping record
INFO     20/07 15:45:55   Analysing record: NZ_MEHT01000030.1
INFO     20/07 15:45:55   Detecting secondary metabolite clusters
DEBUG    20/07 15:45:55   Checking if antismash.detection.hmm_detection should be run
INFO     20/07 15:45:55   Running antismash.detection.hmm_detection
INFO     20/07 15:45:55   HMM detection using strictness: relaxed
DEBUG    20/07 15:45:55   0 rule-based cluster(s) found in record
DEBUG    20/07 15:45:55   0 protoclusters found
DEBUG    20/07 15:45:55   0 subregions found
INFO     20/07 15:45:55   No regions detected, skipping record
INFO     20/07 15:45:55   Analysing record: NZ_MEHT01000004.1
INFO     20/07 15:45:55   Detecting secondary metabolite clusters
DEBUG    20/07 15:45:55   Checking if antismash.detection.hmm_detection should be run
INFO     20/07 15:45:55   Running antismash.detection.hmm_detection
INFO     20/07 15:45:55   HMM detection using strictness: relaxed
DEBUG    20/07 15:45:56   0 rule-based cluster(s) found in record
DEBUG    20/07 15:45:56   0 protoclusters found
DEBUG    20/07 15:45:56   0 subregions found
INFO     20/07 15:45:56   No regions detected, skipping record
INFO     20/07 15:45:56   Analysing record: NZ_MEHT01000031.1
INFO     20/07 15:45:56   Detecting secondary metabolite clusters
DEBUG    20/07 15:45:56   Checking if antismash.detection.hmm_detection should be run
INFO     20/07 15:45:56   Running antismash.detection.hmm_detection
INFO     20/07 15:45:56   HMM detection using strictness: relaxed
DEBUG    20/07 15:45:57   0 rule-based cluster(s) found in record
DEBUG    20/07 15:45:57   0 protoclusters found
DEBUG    20/07 15:45:57   0 subregions found
INFO     20/07 15:45:57   No regions detected, skipping record
INFO     20/07 15:45:57   Analysing record: NZ_MEHT01000032.1
INFO     20/07 15:45:57   Detecting secondary metabolite clusters
DEBUG    20/07 15:45:57   Checking if antismash.detection.hmm_detection should be run
INFO     20/07 15:45:57   Running antismash.detection.hmm_detection
INFO     20/07 15:45:57   HMM detection using strictness: relaxed
DEBUG    20/07 15:45:57   0 rule-based cluster(s) found in record
DEBUG    20/07 15:45:57   0 protoclusters found
DEBUG    20/07 15:45:57   0 subregions found
INFO     20/07 15:45:57   No regions detected, skipping record
INFO     20/07 15:45:57   Analysing record: NZ_MEHT01000033.1
INFO     20/07 15:45:57   Detecting secondary metabolite clusters
DEBUG    20/07 15:45:57   Checking if antismash.detection.hmm_detection should be run
INFO     20/07 15:45:57   Running antismash.detection.hmm_detection
INFO     20/07 15:45:57   HMM detection using strictness: relaxed
DEBUG    20/07 15:45:58   0 rule-based cluster(s) found in record
DEBUG    20/07 15:45:58   0 protoclusters found
DEBUG    20/07 15:45:58   0 subregions found
INFO     20/07 15:45:58   No regions detected, skipping record
INFO     20/07 15:45:58   Analysing record: NZ_MEHT01000034.1
INFO     20/07 15:45:58   Detecting secondary metabolite clusters
DEBUG    20/07 15:45:58   Checking if antismash.detection.hmm_detection should be run
INFO     20/07 15:45:58   Running antismash.detection.hmm_detection
INFO     20/07 15:45:58   HMM detection using strictness: relaxed
DEBUG    20/07 15:45:59   0 rule-based cluster(s) found in record
DEBUG    20/07 15:45:59   0 protoclusters found
DEBUG    20/07 15:45:59   0 subregions found
INFO     20/07 15:45:59   No regions detected, skipping record
INFO     20/07 15:45:59   Analysing record: NZ_MEHT01000035.1
INFO     20/07 15:45:59   Detecting secondary metabolite clusters
DEBUG    20/07 15:45:59   Checking if antismash.detection.hmm_detection should be run
INFO     20/07 15:45:59   Running antismash.detection.hmm_detection
INFO     20/07 15:45:59   HMM detection using strictness: relaxed
DEBUG    20/07 15:45:59   0 rule-based cluster(s) found in record
DEBUG    20/07 15:45:59   0 protoclusters found
DEBUG    20/07 15:45:59   0 subregions found
INFO     20/07 15:45:59   No regions detected, skipping record
INFO     20/07 15:45:59   Analysing record: NZ_MEHT01000036.1
INFO     20/07 15:45:59   Detecting secondary metabolite clusters
DEBUG    20/07 15:45:59   Checking if antismash.detection.hmm_detection should be run
INFO     20/07 15:45:59   Running antismash.detection.hmm_detection
INFO     20/07 15:45:59   HMM detection using strictness: relaxed
DEBUG    20/07 15:46:00   0 rule-based cluster(s) found in record
DEBUG    20/07 15:46:00   0 protoclusters found
DEBUG    20/07 15:46:00   0 subregions found
INFO     20/07 15:46:00   No regions detected, skipping record
INFO     20/07 15:46:00   Analysing record: NZ_MEHT01000037.1
INFO     20/07 15:46:00   Detecting secondary metabolite clusters
DEBUG    20/07 15:46:00   Checking if antismash.detection.hmm_detection should be run
INFO     20/07 15:46:00   Running antismash.detection.hmm_detection
INFO     20/07 15:46:00   HMM detection using strictness: relaxed
DEBUG    20/07 15:46:00   0 rule-based cluster(s) found in record
DEBUG    20/07 15:46:00   0 protoclusters found
DEBUG    20/07 15:46:00   0 subregions found
INFO     20/07 15:46:00   No regions detected, skipping record
INFO     20/07 15:46:00   Analysing record: NZ_MEHT01000038.1
INFO     20/07 15:46:00   Detecting secondary metabolite clusters
DEBUG    20/07 15:46:00   Checking if antismash.detection.hmm_detection should be run
INFO     20/07 15:46:00   Running antismash.detection.hmm_detection
INFO     20/07 15:46:00   HMM detection using strictness: relaxed
DEBUG    20/07 15:46:01   0 rule-based cluster(s) found in record
DEBUG    20/07 15:46:01   0 protoclusters found
DEBUG    20/07 15:46:01   0 subregions found
INFO     20/07 15:46:01   No regions detected, skipping record
INFO     20/07 15:46:01   Analysing record: NZ_MEHT01000005.1
INFO     20/07 15:46:01   Detecting secondary metabolite clusters
DEBUG    20/07 15:46:01   Checking if antismash.detection.hmm_detection should be run
INFO     20/07 15:46:01   Running antismash.detection.hmm_detection
INFO     20/07 15:46:01   HMM detection using strictness: relaxed
DEBUG    20/07 15:46:02   0 rule-based cluster(s) found in record
DEBUG    20/07 15:46:02   0 protoclusters found
DEBUG    20/07 15:46:02   0 subregions found
INFO     20/07 15:46:02   No regions detected, skipping record
INFO     20/07 15:46:02   Analysing record: NZ_MEHT01000039.1
INFO     20/07 15:46:02   Detecting secondary metabolite clusters
DEBUG    20/07 15:46:02   Checking if antismash.detection.hmm_detection should be run
INFO     20/07 15:46:02   Running antismash.detection.hmm_detection
INFO     20/07 15:46:02   HMM detection using strictness: relaxed
DEBUG    20/07 15:46:03   0 rule-based cluster(s) found in record
DEBUG    20/07 15:46:03   0 protoclusters found
DEBUG    20/07 15:46:03   0 subregions found
INFO     20/07 15:46:03   No regions detected, skipping record
INFO     20/07 15:46:03   Analysing record: NZ_MEHT01000040.1
INFO     20/07 15:46:03   Detecting secondary metabolite clusters
DEBUG    20/07 15:46:03   Checking if antismash.detection.hmm_detection should be run
INFO     20/07 15:46:03   Running antismash.detection.hmm_detection
INFO     20/07 15:46:03   HMM detection using strictness: relaxed
DEBUG    20/07 15:46:03   0 rule-based cluster(s) found in record
DEBUG    20/07 15:46:03   0 protoclusters found
DEBUG    20/07 15:46:03   0 subregions found
INFO     20/07 15:46:03   No regions detected, skipping record
INFO     20/07 15:46:03   Analysing record: NZ_MEHT01000041.1
INFO     20/07 15:46:03   Detecting secondary metabolite clusters
DEBUG    20/07 15:46:03   Checking if antismash.detection.hmm_detection should be run
INFO     20/07 15:46:03   Running antismash.detection.hmm_detection
INFO     20/07 15:46:03   HMM detection using strictness: relaxed
DEBUG    20/07 15:46:04   0 rule-based cluster(s) found in record
DEBUG    20/07 15:46:04   0 protoclusters found
DEBUG    20/07 15:46:04   0 subregions found
INFO     20/07 15:46:04   No regions detected, skipping record
INFO     20/07 15:46:04   Analysing record: NZ_MEHT01000042.1
INFO     20/07 15:46:04   Detecting secondary metabolite clusters
DEBUG    20/07 15:46:04   Checking if antismash.detection.hmm_detection should be run
INFO     20/07 15:46:04   Running antismash.detection.hmm_detection
INFO     20/07 15:46:04   HMM detection using strictness: relaxed
DEBUG    20/07 15:46:04   0 rule-based cluster(s) found in record
DEBUG    20/07 15:46:04   0 protoclusters found
DEBUG    20/07 15:46:04   0 subregions found
INFO     20/07 15:46:04   No regions detected, skipping record
INFO     20/07 15:46:04   Analysing record: NZ_MEHT01000043.1
INFO     20/07 15:46:04   Detecting secondary metabolite clusters
DEBUG    20/07 15:46:04   Checking if antismash.detection.hmm_detection should be run
INFO     20/07 15:46:04   Running antismash.detection.hmm_detection
INFO     20/07 15:46:04   HMM detection using strictness: relaxed
DEBUG    20/07 15:46:05   0 rule-based cluster(s) found in record
DEBUG    20/07 15:46:05   0 protoclusters found
DEBUG    20/07 15:46:05   0 subregions found
INFO     20/07 15:46:05   No regions detected, skipping record
INFO     20/07 15:46:05   Analysing record: NZ_MEHT01000006.1
INFO     20/07 15:46:05   Detecting secondary metabolite clusters
DEBUG    20/07 15:46:05   Checking if antismash.detection.hmm_detection should be run
INFO     20/07 15:46:05   Running antismash.detection.hmm_detection
INFO     20/07 15:46:05   HMM detection using strictness: relaxed
DEBUG    20/07 15:46:05   0 rule-based cluster(s) found in record
DEBUG    20/07 15:46:05   0 protoclusters found
DEBUG    20/07 15:46:05   0 subregions found
INFO     20/07 15:46:05   No regions detected, skipping record
INFO     20/07 15:46:05   Analysing record: NZ_MEHT01000007.1
INFO     20/07 15:46:05   Detecting secondary metabolite clusters
DEBUG    20/07 15:46:05   Checking if antismash.detection.hmm_detection should be run
INFO     20/07 15:46:05   Running antismash.detection.hmm_detection
INFO     20/07 15:46:05   HMM detection using strictness: relaxed
DEBUG    20/07 15:46:07   0 rule-based cluster(s) found in record
DEBUG    20/07 15:46:07   0 protoclusters found
DEBUG    20/07 15:46:07   0 subregions found
INFO     20/07 15:46:07   No regions detected, skipping record
INFO     20/07 15:46:07   Analysing record: NZ_MEHT01000008.1
INFO     20/07 15:46:07   Detecting secondary metabolite clusters
DEBUG    20/07 15:46:07   Checking if antismash.detection.hmm_detection should be run
INFO     20/07 15:46:07   Running antismash.detection.hmm_detection
INFO     20/07 15:46:07   HMM detection using strictness: relaxed
DEBUG    20/07 15:46:08   0 rule-based cluster(s) found in record
DEBUG    20/07 15:46:08   0 protoclusters found
DEBUG    20/07 15:46:08   0 subregions found
INFO     20/07 15:46:08   No regions detected, skipping record
INFO     20/07 15:46:08   Analysing record: NZ_MEHT01000009.1
INFO     20/07 15:46:08   Detecting secondary metabolite clusters
DEBUG    20/07 15:46:08   Checking if antismash.detection.hmm_detection should be run
INFO     20/07 15:46:08   Running antismash.detection.hmm_detection
INFO     20/07 15:46:08   HMM detection using strictness: relaxed
DEBUG    20/07 15:46:11   3 rule-based cluster(s) found in record
DEBUG    20/07 15:46:11   3 protoclusters found
DEBUG    20/07 15:46:11   0 subregions found
INFO     20/07 15:46:11   2 region(s) detected in record
DEBUG    20/07 15:46:11   Checking if antismash.detection.cluster_hmmer should be run
INFO     20/07 15:46:11   Running antismash.detection.cluster_hmmer
INFO     20/07 15:46:11   Running cluster PFAM search
DEBUG    20/07 15:46:29   Adding detection results from antismash.detection.cluster_hmmer to record
DEBUG    20/07 15:46:29   Checking if antismash.detection.genefunctions should be run
INFO     20/07 15:46:29   Running antismash.detection.genefunctions
DEBUG    20/07 15:46:31   Adding detection results from antismash.detection.genefunctions to record
DEBUG    20/07 15:46:31   annotating CDS features with resist info: 0 CDSes
DEBUG    20/07 15:46:31   annotating CDS features with smcogs info: 13 CDSes
DEBUG    20/07 15:46:31   Checking if antismash.detection.nrps_pks_domains should be run
INFO     20/07 15:46:31   Running antismash.detection.nrps_pks_domains
DEBUG    20/07 15:46:31   Marking NRPS/PKS CDS features and domains in clusters
DEBUG    20/07 15:46:32   Adding detection results from antismash.detection.nrps_pks_domains to record
DEBUG    20/07 15:46:32   Checking if antismash.detection.tigrfam should be run
INFO     20/07 15:46:32   Running antismash.detection.tigrfam
INFO     20/07 15:46:32   Running TIGRFam search
DEBUG    20/07 15:46:38   Adding detection results from antismash.detection.tigrfam to record
DEBUG    20/07 15:46:38   Checking if antismash.modules.active_site_finder should be run
INFO     20/07 15:46:38   Running antismash.modules.active_site_finder
DEBUG    20/07 15:46:38   Checking if antismash.modules.cluster_compare should be run
INFO     20/07 15:46:38   Running antismash.modules.cluster_compare
DEBUG    20/07 15:46:38   Loading comparison database: MIBiG
DEBUG    20/07 15:46:38   Comparison database loaded
INFO     20/07 15:46:38   Comparing regions to reference database
DEBUG    20/07 15:46:41   Checking if antismash.modules.clusterblast should be run
INFO     20/07 15:46:41   Running antismash.modules.clusterblast
INFO     20/07 15:46:41   Finding internal homologs in each gene cluster...
INFO     20/07 15:46:43   Running ClusterBlast
INFO     20/07 15:46:43   ClusterBlast: Loading gene cluster database into memory...
INFO     20/07 15:46:45   ClusterBlast: Loading gene cluster database proteins into memory...
INFO     20/07 15:47:01   Comparing regions to reference database
INFO     20/07 15:48:07   Running subcluster search
INFO     20/07 15:48:07   SubClusterBlast: Loading gene cluster database into memory...
INFO     20/07 15:48:07   SubClusterBlast: Loading gene cluster database proteins into memory...
INFO     20/07 15:48:10   Running known cluster search
INFO     20/07 15:48:10   KnownClusterBlast: Loading gene cluster database into memory...
INFO     20/07 15:48:10   KnownClusterBlast: Loading gene cluster database proteins into memory...
DEBUG    20/07 15:48:10   Running DIAMOND knowncluster searches..
INFO     20/07 15:48:10   Comparing regions to reference database
DEBUG    20/07 15:48:14   Checking if antismash.modules.lanthipeptides should be run
INFO     20/07 15:48:14   Running antismash.modules.lanthipeptides
DEBUG    20/07 15:48:14   Lanthipeptide module marked 0 motifs
DEBUG    20/07 15:48:15   Checking if antismash.modules.lassopeptides should be run
INFO     20/07 15:48:15   Running antismash.modules.lassopeptides
DEBUG    20/07 15:48:16   Lassopeptide module marked 0 motifs
DEBUG    20/07 15:48:16   Checking if antismash.modules.nrps_pks should be run
INFO     20/07 15:48:16   Running antismash.modules.nrps_pks
DEBUG    20/07 15:48:16   Checking if antismash.modules.pfam2go should be run
INFO     20/07 15:48:16   Running antismash.modules.pfam2go
DEBUG    20/07 15:48:16   Checking if antismash.modules.rrefinder should be run
INFO     20/07 15:48:16   Running antismash.modules.rrefinder
DEBUG    20/07 15:48:16   Checking if antismash.modules.sactipeptides should be run
INFO     20/07 15:48:16   Running antismash.modules.sactipeptides
DEBUG    20/07 15:48:16   Found no sactipeptide motifs
DEBUG    20/07 15:48:18   Checking if antismash.modules.t2pks should be run
INFO     20/07 15:48:18   Running antismash.modules.t2pks
DEBUG    20/07 15:48:18   No type II PKS clusters to analyze
DEBUG    20/07 15:48:18   Checking if antismash.modules.tfbs_finder should be run
INFO     20/07 15:48:18   Running antismash.modules.tfbs_finder
DEBUG    20/07 15:48:18   Checking if antismash.modules.thiopeptides should be run
INFO     20/07 15:48:18   Running antismash.modules.thiopeptides
DEBUG    20/07 15:48:18   Thiopeptides marked 0 motifs
DEBUG    20/07 15:48:21   Checking if antismash.modules.tta should be run
INFO     20/07 15:48:21   Running antismash.modules.tta
INFO     20/07 15:48:21   Skipping TTA codon detection, GC content too low: 60%
INFO     20/07 15:48:21   Analysing record: NZ_MEHT01000044.1
INFO     20/07 15:48:21   Detecting secondary metabolite clusters
DEBUG    20/07 15:48:21   Checking if antismash.detection.hmm_detection should be run
INFO     20/07 15:48:21   Running antismash.detection.hmm_detection
INFO     20/07 15:48:21   HMM detection using strictness: relaxed
DEBUG    20/07 15:48:23   0 rule-based cluster(s) found in record
DEBUG    20/07 15:48:23   0 protoclusters found
DEBUG    20/07 15:48:23   0 subregions found
INFO     20/07 15:48:23   No regions detected, skipping record
INFO     20/07 15:48:23   Analysing record: NZ_MEHT01000045.1
INFO     20/07 15:48:23   Detecting secondary metabolite clusters
DEBUG    20/07 15:48:23   Checking if antismash.detection.hmm_detection should be run
INFO     20/07 15:48:23   Running antismash.detection.hmm_detection
INFO     20/07 15:48:23   HMM detection using strictness: relaxed
DEBUG    20/07 15:48:25   0 rule-based cluster(s) found in record
DEBUG    20/07 15:48:25   0 protoclusters found
DEBUG    20/07 15:48:25   0 subregions found
INFO     20/07 15:48:25   No regions detected, skipping record
INFO     20/07 15:48:25   Analysing record: NZ_MEHT01000046.1
INFO     20/07 15:48:25   Detecting secondary metabolite clusters
DEBUG    20/07 15:48:25   Checking if antismash.detection.hmm_detection should be run
INFO     20/07 15:48:25   Running antismash.detection.hmm_detection
INFO     20/07 15:48:25   HMM detection using strictness: relaxed
DEBUG    20/07 15:48:27   0 rule-based cluster(s) found in record
DEBUG    20/07 15:48:27   0 protoclusters found
DEBUG    20/07 15:48:27   0 subregions found
INFO     20/07 15:48:27   No regions detected, skipping record
INFO     20/07 15:48:27   Analysing record: NZ_MEHT01000047.1
INFO     20/07 15:48:27   Detecting secondary metabolite clusters
DEBUG    20/07 15:48:27   Checking if antismash.detection.hmm_detection should be run
INFO     20/07 15:48:27   Running antismash.detection.hmm_detection
INFO     20/07 15:48:27   HMM detection using strictness: relaxed
DEBUG    20/07 15:48:28   0 rule-based cluster(s) found in record
DEBUG    20/07 15:48:28   0 protoclusters found
DEBUG    20/07 15:48:28   0 subregions found
INFO     20/07 15:48:28   No regions detected, skipping record
INFO     20/07 15:48:28   Analysing record: NZ_MEHT01000048.1
INFO     20/07 15:48:28   Detecting secondary metabolite clusters
DEBUG    20/07 15:48:28   Checking if antismash.detection.hmm_detection should be run
INFO     20/07 15:48:28   Running antismash.detection.hmm_detection
INFO     20/07 15:48:28   HMM detection using strictness: relaxed
DEBUG    20/07 15:48:28   0 rule-based cluster(s) found in record
DEBUG    20/07 15:48:28   0 protoclusters found
DEBUG    20/07 15:48:28   0 subregions found
INFO     20/07 15:48:28   No regions detected, skipping record
INFO     20/07 15:48:28   Analysing record: NZ_MEHT01000049.1
INFO     20/07 15:48:28   Detecting secondary metabolite clusters
DEBUG    20/07 15:48:28   Checking if antismash.detection.hmm_detection should be run
INFO     20/07 15:48:28   Running antismash.detection.hmm_detection
INFO     20/07 15:48:28   HMM detection using strictness: relaxed
DEBUG    20/07 15:48:29   0 rule-based cluster(s) found in record
DEBUG    20/07 15:48:29   0 protoclusters found
DEBUG    20/07 15:48:29   0 subregions found
INFO     20/07 15:48:29   No regions detected, skipping record
INFO     20/07 15:48:29   Analysing record: NZ_MEHT01000050.1
INFO     20/07 15:48:29   Detecting secondary metabolite clusters
DEBUG    20/07 15:48:29   Checking if antismash.detection.hmm_detection should be run
INFO     20/07 15:48:29   Running antismash.detection.hmm_detection
INFO     20/07 15:48:29   HMM detection using strictness: relaxed
DEBUG    20/07 15:48:29   0 rule-based cluster(s) found in record
DEBUG    20/07 15:48:29   0 protoclusters found
DEBUG    20/07 15:48:29   0 subregions found
INFO     20/07 15:48:29   No regions detected, skipping record
DEBUG    20/07 15:48:29   Writing json results to '/data/antismash/upload/bacteria-9b3c2af9-690d-4389-ab0b-c773c1b65573/GCF_001870675.1_Roseinatronobacter_thiooxidans_ALG1.json'
DEBUG    20/07 15:48:29   Record NZ_MEHT01000001.1 has results for modules: hmm_detection
DEBUG    20/07 15:48:29   Converting antismash.detection.hmm_detection results to json
DEBUG    20/07 15:48:29   Record NZ_MEHT01000010.1 has results for modules: hmm_detection
DEBUG    20/07 15:48:29   Converting antismash.detection.hmm_detection results to json
DEBUG    20/07 15:48:29   Record NZ_MEHT01000011.1 has results for modules: hmm_detection
DEBUG    20/07 15:48:29   Converting antismash.detection.hmm_detection results to json
DEBUG    20/07 15:48:29   Record NZ_MEHT01000012.1 has results for modules: hmm_detection
DEBUG    20/07 15:48:29   Converting antismash.detection.hmm_detection results to json
DEBUG    20/07 15:48:29   Record NZ_MEHT01000013.1 has results for modules: hmm_detection
DEBUG    20/07 15:48:29   Converting antismash.detection.hmm_detection results to json
DEBUG    20/07 15:48:29   Record NZ_MEHT01000014.1 has results for modules: hmm_detection
DEBUG    20/07 15:48:29   Converting antismash.detection.hmm_detection results to json
DEBUG    20/07 15:48:29   Record NZ_MEHT01000015.1 has results for modules: hmm_detection
DEBUG    20/07 15:48:29   Converting antismash.detection.hmm_detection results to json
DEBUG    20/07 15:48:29   Record NZ_MEHT01000002.1 has results for modules: hmm_detection
DEBUG    20/07 15:48:29   Converting antismash.detection.hmm_detection results to json
DEBUG    20/07 15:48:29   Record NZ_MEHT01000016.1 has results for modules: hmm_detection
DEBUG    20/07 15:48:29   Converting antismash.detection.hmm_detection results to json
DEBUG    20/07 15:48:29   Record NZ_MEHT01000017.1 has results for modules: hmm_detection
DEBUG    20/07 15:48:29   Converting antismash.detection.hmm_detection results to json
DEBUG    20/07 15:48:29   Record NZ_MEHT01000018.1 has results for modules: hmm_detection, cluster_hmmer, genefunctions, nrps_pks_domains, tigrfam, active_site_finder, cluster_compare, clusterblast, lanthipeptides, lassopeptides, nrps_pks, pfam2go, rrefinder, sactipeptides, t2pks, tfbs_finder, thiopeptides
DEBUG    20/07 15:48:29   Converting antismash.detection.hmm_detection results to json
DEBUG    20/07 15:48:29   Converting antismash.detection.cluster_hmmer results to json
DEBUG    20/07 15:48:29   Converting antismash.detection.genefunctions results to json
DEBUG    20/07 15:48:29   Converting antismash.detection.nrps_pks_domains results to json
DEBUG    20/07 15:48:29   Converting antismash.detection.tigrfam results to json
DEBUG    20/07 15:48:29   Converting antismash.modules.active_site_finder results to json
DEBUG    20/07 15:48:29   Converting antismash.modules.cluster_compare results to json
DEBUG    20/07 15:48:29   Converting antismash.modules.clusterblast results to json
DEBUG    20/07 15:48:29   Converting antismash.modules.lanthipeptides results to json
DEBUG    20/07 15:48:29   Converting antismash.modules.lassopeptides results to json
DEBUG    20/07 15:48:29   Converting antismash.modules.nrps_pks results to json
DEBUG    20/07 15:48:29   Converting antismash.modules.pfam2go results to json
DEBUG    20/07 15:48:29   Converting antismash.modules.rrefinder results to json
DEBUG    20/07 15:48:29   Converting antismash.modules.sactipeptides results to json
DEBUG    20/07 15:48:29   Converting antismash.modules.t2pks results to json
DEBUG    20/07 15:48:29   Converting antismash.modules.tfbs_finder results to json
DEBUG    20/07 15:48:29   Converting antismash.modules.thiopeptides results to json
DEBUG    20/07 15:48:29   Converting antismash.modules.tta results to json
DEBUG    20/07 15:48:29   Record NZ_MEHT01000019.1 has results for modules: hmm_detection
DEBUG    20/07 15:48:29   Converting antismash.detection.hmm_detection results to json
DEBUG    20/07 15:48:29   Record NZ_MEHT01000020.1 has results for modules: hmm_detection
DEBUG    20/07 15:48:29   Converting antismash.detection.hmm_detection results to json
DEBUG    20/07 15:48:29   Record NZ_MEHT01000021.1 has results for modules: hmm_detection
DEBUG    20/07 15:48:29   Converting antismash.detection.hmm_detection results to json
DEBUG    20/07 15:48:29   Record NZ_MEHT01000022.1 has results for modules: hmm_detection
DEBUG    20/07 15:48:29   Converting antismash.detection.hmm_detection results to json
DEBUG    20/07 15:48:29   Record NZ_MEHT01000003.1 has results for modules: hmm_detection
DEBUG    20/07 15:48:29   Converting antismash.detection.hmm_detection results to json
DEBUG    20/07 15:48:29   Record NZ_MEHT01000023.1 has results for modules: hmm_detection
DEBUG    20/07 15:48:29   Converting antismash.detection.hmm_detection results to json
DEBUG    20/07 15:48:29   Record NZ_MEHT01000024.1 has results for modules: hmm_detection
DEBUG    20/07 15:48:29   Converting antismash.detection.hmm_detection results to json
DEBUG    20/07 15:48:29   Record NZ_MEHT01000025.1 has results for modules: hmm_detection
DEBUG    20/07 15:48:29   Converting antismash.detection.hmm_detection results to json
DEBUG    20/07 15:48:29   Record NZ_MEHT01000026.1 has results for modules: hmm_detection
DEBUG    20/07 15:48:29   Converting antismash.detection.hmm_detection results to json
DEBUG    20/07 15:48:29   Record NZ_MEHT01000027.1 has results for modules: hmm_detection
DEBUG    20/07 15:48:29   Converting antismash.detection.hmm_detection results to json
DEBUG    20/07 15:48:29   Record NZ_MEHT01000028.1 has results for modules: hmm_detection
DEBUG    20/07 15:48:29   Converting antismash.detection.hmm_detection results to json
DEBUG    20/07 15:48:29   Record NZ_MEHT01000029.1 has results for modules: hmm_detection
DEBUG    20/07 15:48:29   Converting antismash.detection.hmm_detection results to json
DEBUG    20/07 15:48:29   Record NZ_MEHT01000030.1 has results for modules: hmm_detection
DEBUG    20/07 15:48:29   Converting antismash.detection.hmm_detection results to json
DEBUG    20/07 15:48:29   Record NZ_MEHT01000004.1 has results for modules: hmm_detection
DEBUG    20/07 15:48:29   Converting antismash.detection.hmm_detection results to json
DEBUG    20/07 15:48:29   Record NZ_MEHT01000031.1 has results for modules: hmm_detection
DEBUG    20/07 15:48:29   Converting antismash.detection.hmm_detection results to json
DEBUG    20/07 15:48:29   Record NZ_MEHT01000032.1 has results for modules: hmm_detection
DEBUG    20/07 15:48:29   Converting antismash.detection.hmm_detection results to json
DEBUG    20/07 15:48:29   Record NZ_MEHT01000033.1 has results for modules: hmm_detection
DEBUG    20/07 15:48:29   Converting antismash.detection.hmm_detection results to json
DEBUG    20/07 15:48:29   Record NZ_MEHT01000034.1 has results for modules: hmm_detection
DEBUG    20/07 15:48:29   Converting antismash.detection.hmm_detection results to json
DEBUG    20/07 15:48:29   Record NZ_MEHT01000035.1 has results for modules: hmm_detection
DEBUG    20/07 15:48:29   Converting antismash.detection.hmm_detection results to json
DEBUG    20/07 15:48:29   Record NZ_MEHT01000036.1 has results for modules: hmm_detection
DEBUG    20/07 15:48:29   Converting antismash.detection.hmm_detection results to json
DEBUG    20/07 15:48:29   Record NZ_MEHT01000037.1 has results for modules: hmm_detection
DEBUG    20/07 15:48:29   Converting antismash.detection.hmm_detection results to json
DEBUG    20/07 15:48:29   Record NZ_MEHT01000038.1 has results for modules: hmm_detection
DEBUG    20/07 15:48:29   Converting antismash.detection.hmm_detection results to json
DEBUG    20/07 15:48:29   Record NZ_MEHT01000005.1 has results for modules: hmm_detection
DEBUG    20/07 15:48:29   Converting antismash.detection.hmm_detection results to json
DEBUG    20/07 15:48:29   Record NZ_MEHT01000039.1 has results for modules: hmm_detection
DEBUG    20/07 15:48:29   Converting antismash.detection.hmm_detection results to json
DEBUG    20/07 15:48:29   Record NZ_MEHT01000040.1 has results for modules: hmm_detection
DEBUG    20/07 15:48:29   Converting antismash.detection.hmm_detection results to json
DEBUG    20/07 15:48:29   Record NZ_MEHT01000041.1 has results for modules: hmm_detection
DEBUG    20/07 15:48:29   Converting antismash.detection.hmm_detection results to json
DEBUG    20/07 15:48:29   Record NZ_MEHT01000042.1 has results for modules: hmm_detection
DEBUG    20/07 15:48:29   Converting antismash.detection.hmm_detection results to json
DEBUG    20/07 15:48:29   Record NZ_MEHT01000043.1 has results for modules: hmm_detection
DEBUG    20/07 15:48:29   Converting antismash.detection.hmm_detection results to json
DEBUG    20/07 15:48:29   Record NZ_MEHT01000006.1 has results for modules: hmm_detection
DEBUG    20/07 15:48:29   Converting antismash.detection.hmm_detection results to json
DEBUG    20/07 15:48:29   Record NZ_MEHT01000007.1 has results for modules: hmm_detection
DEBUG    20/07 15:48:29   Converting antismash.detection.hmm_detection results to json
DEBUG    20/07 15:48:29   Record NZ_MEHT01000008.1 has results for modules: hmm_detection
DEBUG    20/07 15:48:29   Converting antismash.detection.hmm_detection results to json
DEBUG    20/07 15:48:29   Record NZ_MEHT01000009.1 has results for modules: hmm_detection, cluster_hmmer, genefunctions, nrps_pks_domains, tigrfam, active_site_finder, cluster_compare, clusterblast, lanthipeptides, lassopeptides, nrps_pks, pfam2go, rrefinder, sactipeptides, t2pks, tfbs_finder, thiopeptides
DEBUG    20/07 15:48:29   Converting antismash.detection.hmm_detection results to json
DEBUG    20/07 15:48:29   Converting antismash.detection.cluster_hmmer results to json
DEBUG    20/07 15:48:29   Converting antismash.detection.genefunctions results to json
DEBUG    20/07 15:48:29   Converting antismash.detection.nrps_pks_domains results to json
DEBUG    20/07 15:48:29   Converting antismash.detection.tigrfam results to json
DEBUG    20/07 15:48:29   Converting antismash.modules.active_site_finder results to json
DEBUG    20/07 15:48:29   Converting antismash.modules.cluster_compare results to json
DEBUG    20/07 15:48:29   Converting antismash.modules.clusterblast results to json
DEBUG    20/07 15:48:29   Converting antismash.modules.lanthipeptides results to json
DEBUG    20/07 15:48:29   Converting antismash.modules.lassopeptides results to json
DEBUG    20/07 15:48:29   Converting antismash.modules.nrps_pks results to json
DEBUG    20/07 15:48:29   Converting antismash.modules.pfam2go results to json
DEBUG    20/07 15:48:29   Converting antismash.modules.rrefinder results to json
DEBUG    20/07 15:48:29   Converting antismash.modules.sactipeptides results to json
DEBUG    20/07 15:48:29   Converting antismash.modules.t2pks results to json
DEBUG    20/07 15:48:29   Converting antismash.modules.tfbs_finder results to json
DEBUG    20/07 15:48:29   Converting antismash.modules.thiopeptides results to json
DEBUG    20/07 15:48:29   Converting antismash.modules.tta results to json
DEBUG    20/07 15:48:29   Record NZ_MEHT01000044.1 has results for modules: hmm_detection
DEBUG    20/07 15:48:29   Converting antismash.detection.hmm_detection results to json
DEBUG    20/07 15:48:29   Record NZ_MEHT01000045.1 has results for modules: hmm_detection
DEBUG    20/07 15:48:29   Converting antismash.detection.hmm_detection results to json
DEBUG    20/07 15:48:29   Record NZ_MEHT01000046.1 has results for modules: hmm_detection
DEBUG    20/07 15:48:29   Converting antismash.detection.hmm_detection results to json
DEBUG    20/07 15:48:29   Record NZ_MEHT01000047.1 has results for modules: hmm_detection
DEBUG    20/07 15:48:29   Converting antismash.detection.hmm_detection results to json
DEBUG    20/07 15:48:29   Record NZ_MEHT01000048.1 has results for modules: hmm_detection
DEBUG    20/07 15:48:29   Converting antismash.detection.hmm_detection results to json
DEBUG    20/07 15:48:29   Record NZ_MEHT01000049.1 has results for modules: hmm_detection
DEBUG    20/07 15:48:29   Converting antismash.detection.hmm_detection results to json
DEBUG    20/07 15:48:29   Record NZ_MEHT01000050.1 has results for modules: hmm_detection
DEBUG    20/07 15:48:29   Converting antismash.detection.hmm_detection results to json
DEBUG    20/07 15:48:30   Not annotating skipped record NZ_MEHT01000001.1: No regions detected
DEBUG    20/07 15:48:30   Not annotating skipped record NZ_MEHT01000010.1: No regions detected
DEBUG    20/07 15:48:30   Not annotating skipped record NZ_MEHT01000011.1: No regions detected
DEBUG    20/07 15:48:30   Not annotating skipped record NZ_MEHT01000012.1: No regions detected
DEBUG    20/07 15:48:30   Not annotating skipped record NZ_MEHT01000013.1: No regions detected
DEBUG    20/07 15:48:30   Not annotating skipped record NZ_MEHT01000014.1: No regions detected
DEBUG    20/07 15:48:30   Not annotating skipped record NZ_MEHT01000015.1: No regions detected
DEBUG    20/07 15:48:30   Not annotating skipped record NZ_MEHT01000002.1: No regions detected
DEBUG    20/07 15:48:30   Not annotating skipped record NZ_MEHT01000016.1: No regions detected
DEBUG    20/07 15:48:30   Not annotating skipped record NZ_MEHT01000017.1: No regions detected
DEBUG    20/07 15:48:30   Annotating record NZ_MEHT01000018.1 with results from: hmm_detection, cluster_hmmer, genefunctions, nrps_pks_domains, tigrfam, active_site_finder, cluster_compare, clusterblast, lanthipeptides, lassopeptides, nrps_pks, pfam2go, rrefinder, sactipeptides, t2pks, tfbs_finder, thiopeptides, tta
DEBUG    20/07 15:48:30    Adding results from antismash.modules.active_site_finder
DEBUG    20/07 15:48:30    Adding results from antismash.modules.cluster_compare
DEBUG    20/07 15:48:30    Adding results from antismash.modules.clusterblast
DEBUG    20/07 15:48:30    Adding results from antismash.modules.lanthipeptides
DEBUG    20/07 15:48:30    Adding results from antismash.modules.lassopeptides
DEBUG    20/07 15:48:30    Adding results from antismash.modules.nrps_pks
DEBUG    20/07 15:48:30    Adding results from antismash.modules.pfam2go
DEBUG    20/07 15:48:30    Adding results from antismash.modules.rrefinder
DEBUG    20/07 15:48:30    Adding results from antismash.modules.sactipeptides
DEBUG    20/07 15:48:30    Adding results from antismash.modules.t2pks
DEBUG    20/07 15:48:30    Adding results from antismash.modules.tfbs_finder
DEBUG    20/07 15:48:30    Adding results from antismash.modules.thiopeptides
DEBUG    20/07 15:48:30    Adding results from antismash.modules.tta
DEBUG    20/07 15:48:30   Not annotating skipped record NZ_MEHT01000019.1: No regions detected
DEBUG    20/07 15:48:30   Not annotating skipped record NZ_MEHT01000020.1: No regions detected
DEBUG    20/07 15:48:30   Not annotating skipped record NZ_MEHT01000021.1: No regions detected
DEBUG    20/07 15:48:30   Not annotating skipped record NZ_MEHT01000022.1: No regions detected
DEBUG    20/07 15:48:30   Not annotating skipped record NZ_MEHT01000003.1: No regions detected
DEBUG    20/07 15:48:30   Not annotating skipped record NZ_MEHT01000023.1: No regions detected
DEBUG    20/07 15:48:30   Not annotating skipped record NZ_MEHT01000024.1: No regions detected
DEBUG    20/07 15:48:30   Not annotating skipped record NZ_MEHT01000025.1: No regions detected
DEBUG    20/07 15:48:30   Not annotating skipped record NZ_MEHT01000026.1: No regions detected
DEBUG    20/07 15:48:30   Not annotating skipped record NZ_MEHT01000027.1: No regions detected
DEBUG    20/07 15:48:30   Not annotating skipped record NZ_MEHT01000028.1: No regions detected
DEBUG    20/07 15:48:30   Not annotating skipped record NZ_MEHT01000029.1: No regions detected
DEBUG    20/07 15:48:30   Not annotating skipped record NZ_MEHT01000030.1: No regions detected
DEBUG    20/07 15:48:30   Not annotating skipped record NZ_MEHT01000004.1: No regions detected
DEBUG    20/07 15:48:30   Not annotating skipped record NZ_MEHT01000031.1: No regions detected
DEBUG    20/07 15:48:30   Not annotating skipped record NZ_MEHT01000032.1: No regions detected
DEBUG    20/07 15:48:30   Not annotating skipped record NZ_MEHT01000033.1: No regions detected
DEBUG    20/07 15:48:30   Not annotating skipped record NZ_MEHT01000034.1: No regions detected
DEBUG    20/07 15:48:30   Not annotating skipped record NZ_MEHT01000035.1: No regions detected
DEBUG    20/07 15:48:30   Not annotating skipped record NZ_MEHT01000036.1: No regions detected
DEBUG    20/07 15:48:30   Not annotating skipped record NZ_MEHT01000037.1: No regions detected
DEBUG    20/07 15:48:30   Not annotating skipped record NZ_MEHT01000038.1: No regions detected
DEBUG    20/07 15:48:30   Not annotating skipped record NZ_MEHT01000005.1: No regions detected
DEBUG    20/07 15:48:30   Not annotating skipped record NZ_MEHT01000039.1: No regions detected
DEBUG    20/07 15:48:30   Not annotating skipped record NZ_MEHT01000040.1: No regions detected
DEBUG    20/07 15:48:30   Not annotating skipped record NZ_MEHT01000041.1: No regions detected
DEBUG    20/07 15:48:30   Not annotating skipped record NZ_MEHT01000042.1: No regions detected
DEBUG    20/07 15:48:30   Not annotating skipped record NZ_MEHT01000043.1: No regions detected
DEBUG    20/07 15:48:30   Not annotating skipped record NZ_MEHT01000006.1: No regions detected
DEBUG    20/07 15:48:30   Not annotating skipped record NZ_MEHT01000007.1: No regions detected
DEBUG    20/07 15:48:30   Not annotating skipped record NZ_MEHT01000008.1: No regions detected
DEBUG    20/07 15:48:30   Annotating record NZ_MEHT01000009.1 with results from: hmm_detection, cluster_hmmer, genefunctions, nrps_pks_domains, tigrfam, active_site_finder, cluster_compare, clusterblast, lanthipeptides, lassopeptides, nrps_pks, pfam2go, rrefinder, sactipeptides, t2pks, tfbs_finder, thiopeptides, tta
DEBUG    20/07 15:48:30    Adding results from antismash.modules.active_site_finder
DEBUG    20/07 15:48:30    Adding results from antismash.modules.cluster_compare
DEBUG    20/07 15:48:30    Adding results from antismash.modules.clusterblast
DEBUG    20/07 15:48:30    Adding results from antismash.modules.lanthipeptides
DEBUG    20/07 15:48:30    Adding results from antismash.modules.lassopeptides
DEBUG    20/07 15:48:30    Adding results from antismash.modules.nrps_pks
DEBUG    20/07 15:48:30    Adding results from antismash.modules.pfam2go
DEBUG    20/07 15:48:30    Adding results from antismash.modules.rrefinder
DEBUG    20/07 15:48:30    Adding results from antismash.modules.sactipeptides
DEBUG    20/07 15:48:30    Adding results from antismash.modules.t2pks
DEBUG    20/07 15:48:30    Adding results from antismash.modules.tfbs_finder
DEBUG    20/07 15:48:30    Adding results from antismash.modules.thiopeptides
DEBUG    20/07 15:48:30    Adding results from antismash.modules.tta
DEBUG    20/07 15:48:30   Not annotating skipped record NZ_MEHT01000044.1: No regions detected
DEBUG    20/07 15:48:30   Not annotating skipped record NZ_MEHT01000045.1: No regions detected
DEBUG    20/07 15:48:30   Not annotating skipped record NZ_MEHT01000046.1: No regions detected
DEBUG    20/07 15:48:30   Not annotating skipped record NZ_MEHT01000047.1: No regions detected
DEBUG    20/07 15:48:30   Not annotating skipped record NZ_MEHT01000048.1: No regions detected
DEBUG    20/07 15:48:30   Not annotating skipped record NZ_MEHT01000049.1: No regions detected
DEBUG    20/07 15:48:30   Not annotating skipped record NZ_MEHT01000050.1: No regions detected
DEBUG    20/07 15:48:30   Creating results page
DEBUG    20/07 15:48:30   Results page using antismash.js from local copy: /databases/as-js/0.13/antismash.js
DEBUG    20/07 15:48:32   Creating results SVGs
DEBUG    20/07 15:48:32   Writing seq_records SVGs to '/data/antismash/upload/bacteria-9b3c2af9-690d-4389-ab0b-c773c1b65573/svg'
DEBUG    20/07 15:48:32   Writing cluster-specific genbank files
DEBUG    20/07 15:48:32   Writing final genbank file to '/data/antismash/upload/bacteria-9b3c2af9-690d-4389-ab0b-c773c1b65573/GCF_001870675.1_Roseinatronobacter_thiooxidans_ALG1.gbk'
DEBUG    20/07 15:48:32   Zipping output to '/data/antismash/upload/bacteria-9b3c2af9-690d-4389-ab0b-c773c1b65573/GCF_001870675.1_Roseinatronobacter_thiooxidans_ALG1.zip'
