[16:51:39] This is prokka 1.14.6
[16:51:39] Written by Torsten Seemann <torsten.seemann@gmail.com>
[16:51:39] Homepage is https://github.com/tseemann/prokka
[16:51:39] Local time is Mon Dec  5 16:51:39 2022
[16:51:39] You are shaday
[16:51:39] Operating system is linux
[16:51:39] You have BioPerl 1.7.8
[16:51:39] System has 32 cores.
[16:51:39] Will use maximum of 20 cores.
[16:51:39] Annotating as >>> Bacteria <<<
[16:51:39] Generating locus_tag from 'Rhodobacteraceae/GCF_002927635.1_ASM292763v1_genomic.fna' contents.
[16:51:39] Setting --locustag GLPIOCIE from MD5 05928c2e968245e795aab11fb26a831d
[16:51:39] Creating new output folder: gbk/DSM12048
[16:51:39] Running: mkdir -p gbk\/DSM12048
[16:51:39] Using filename prefix: GCF_002927635.1.prokka.XXX
[16:51:39] Setting HMMER_NCPU=1
[16:51:39] Writing log to: gbk/DSM12048/GCF_002927635.1.prokka.log
[16:51:39] Command: /opt/anaconda3/envs/Prokka_Global/bin/prokka --prefix GCF_002927635.1.prokka --outdir gbk/DSM12048 --kingdom Bacteria --genus Albidovulum --species inexpectatum --strain DSM12048 --usegenus --addgenes Rhodobacteraceae/GCF_002927635.1_ASM292763v1_genomic.fna --cpus 20
[16:51:39] Appending to PATH: /opt/anaconda3/envs/Prokka_Global/bin
[16:51:39] Looking for 'aragorn' - found /opt/anaconda3/envs/Prokka_Global/bin/aragorn
[16:51:39] Determined aragorn version is 001002 from 'ARAGORN v1.2.41 Dean Laslett'
[16:51:39] Looking for 'barrnap' - found /opt/anaconda3/envs/Prokka_Global/bin/barrnap
[16:51:39] Determined barrnap version is 000009 from 'barrnap 0.9'
[16:51:39] Looking for 'blastp' - found /opt/anaconda3/envs/Prokka_Global/bin/blastp
[16:51:39] Determined blastp version is 002012 from 'blastp: 2.12.0+'
[16:51:39] Looking for 'cmpress' - found /opt/anaconda3/envs/Prokka_Global/bin/cmpress
[16:51:39] Determined cmpress version is 001001 from '# INFERNAL 1.1.4 (Dec 2020)'
[16:51:39] Looking for 'cmscan' - found /opt/anaconda3/envs/Prokka_Global/bin/cmscan
[16:51:39] Determined cmscan version is 001001 from '# INFERNAL 1.1.4 (Dec 2020)'
[16:51:39] Looking for 'egrep' - found /usr/bin/egrep
[16:51:39] Looking for 'find' - found /usr/bin/find
[16:51:39] Looking for 'grep' - found /usr/bin/grep
[16:51:39] Looking for 'hmmpress' - found /opt/anaconda3/envs/Prokka_Global/bin/hmmpress
[16:51:39] Determined hmmpress version is 003003 from '# HMMER 3.3.2 (Nov 2020); http://hmmer.org/'
[16:51:39] Looking for 'hmmscan' - found /opt/anaconda3/envs/Prokka_Global/bin/hmmscan
[16:51:39] Determined hmmscan version is 003003 from '# HMMER 3.3.2 (Nov 2020); http://hmmer.org/'
[16:51:39] Looking for 'java' - found /opt/anaconda3/envs/Prokka_Global/bin/java
[16:51:39] Looking for 'makeblastdb' - found /opt/anaconda3/envs/Prokka_Global/bin/makeblastdb
[16:51:39] Determined makeblastdb version is 002012 from 'makeblastdb: 2.12.0+'
[16:51:39] Looking for 'minced' - found /opt/anaconda3/envs/Prokka_Global/bin/minced
[16:51:39] Determined minced version is 004002 from 'minced 0.4.2'
[16:51:39] Looking for 'parallel' - found /opt/anaconda3/envs/Prokka_Global/bin/parallel
[16:51:39] Determined parallel version is 20220222 from 'GNU parallel 20220222'
[16:51:39] Looking for 'prodigal' - found /opt/anaconda3/envs/Prokka_Global/bin/prodigal
[16:51:39] Determined prodigal version is 002006 from 'Prodigal V2.6.3: February, 2016'
[16:51:39] Looking for 'prokka-genbank_to_fasta_db' - found /opt/anaconda3/envs/Prokka_Global/bin/prokka-genbank_to_fasta_db
[16:51:39] Looking for 'sed' - found /usr/bin/sed
[16:51:39] Looking for 'tbl2asn' - found /opt/anaconda3/envs/Prokka_Global/bin/tbl2asn
[16:51:39] Determined tbl2asn version is 025007 from 'tbl2asn 25.7   arguments:'
[16:51:39] Using genetic code table 11.
[16:51:39] Loading and checking input file: Rhodobacteraceae/GCF_002927635.1_ASM292763v1_genomic.fna
[16:51:39] Wrote 27 contigs totalling 2997984 bp.
[16:51:39] Predicting tRNAs and tmRNAs
[16:51:39] Running: aragorn -l -gc11  -w gbk\/DSM12048\/GCF_002927635\.1\.prokka\.fna
[16:51:40] 1 tRNA-Ala c[1524,1599] 34 (cgc)
[16:51:40] 2 tRNA-Gln [31663,31737] 33 (ttg)
[16:51:40] 3 tRNA-Pro c[32235,32311] 35 (cgg)
[16:51:40] 4 tRNA-Ala [80261,80336] 34 (ggc)
[16:51:40] 5 tRNA-Met c[119253,119329] 35 (cat)
[16:51:40] 6 tRNA-Trp c[139751,139826] 34 (cca)
[16:51:40] 7 tRNA-Ser c[175179,175268] 35 (tga)
[16:51:40] 8 tRNA-Arg c[217855,217931] 35 (tct)
[16:51:40] 9 tRNA-Thr c[223332,223429] 37 (cgt)
[16:51:40] 10 tRNA-Cys [269413,269486] 33 (gca)
[16:51:40] 11 tRNA-Thr c[354601,354676] 34 (cgt)
[16:51:40] 12 tRNA-Leu c[387166,387250] 35 (cag)
[16:51:40] 13 tRNA-Lys [424427,424502] 34 (ttt)
[16:51:40] 14 tRNA-Leu [465251,465335] 34 (taa)
[16:51:40] 15 tRNA-Val [469309,469383] 33 (gac)
[16:51:40] 16 tRNA-Ser c[534185,534274] 35 (gct)
[16:51:40] 17 tRNA-Arg [633850,633925] 34 (cct)
[16:51:40] 1 tRNA-Leu [47214,47297] 34 (caa)
[16:51:40] 2 tRNA-Gly [183369,183442] 33 (ccc)
[16:51:40] 3 tRNA-Leu c[190724,190808] 35 (tag)
[16:51:40] 4 tRNA-Pro c[229666,229742] 35 (tgg)
[16:51:40] 5 tRNA-Asp c[313797,313873] 35 (gtc)
[16:51:40] 6 tRNA-Asp c[313914,313990] 35 (gtc)
[16:51:40] 7 tRNA-Val c[314258,314333] 34 (tac)
[16:51:40] 8 tRNA-Val c[314724,314798] 33 (cac)
[16:51:40] 1 tRNA-Gly c[49868,49942] 33 (gcc)
[16:51:40] 2 tRNA-Gly c[50073,50147] 33 (gcc)
[16:51:40] 3 tRNA-Leu [130944,131030] 35 (gag)
[16:51:40] 4 tRNA-His [167247,167323] 35 (gtg)
[16:51:40] 5 tRNA-Met c[167450,167526] 35 (cat)
[16:51:40] 6 tRNA-Ser [288414,288503] 35 (gga)
[16:51:40] 1 tRNA-Arg [35511,35587] 35 (acg)
[16:51:40] 2 tRNA-Phe [267172,267247] 34 (gaa)
[16:51:40] 1 tRNA-Gly [553,626] 33 (tcc)
[16:51:40] 2 tRNA-Glu c[93189,93263] 34 (ttc)
[16:51:40] 3 tRNA-Glu c[93297,93371] 34 (ttc)
[16:51:40] 1 tRNA-Pro c[68498,68575] 36 (ggg)
[16:51:40] 2 tRNA-Ser c[92366,92455] 35 (cga)
[16:51:40] 3 tRNA-Val c[112980,113075] 36 (gac)
[16:51:40] 1 tRNA-Thr [18146,18220] 33 (ggt)
[16:51:40] 1 tRNA-Arg c[402,478] 35 (ccg)
[16:51:40] 2 tRNA-Thr c[75731,75806] 34 (tgt)
[16:51:40] 3 tRNA-Asn [104378,104452] 33 (gtt)
[16:51:40] 1 tRNA-Met [283,359] 35 (cat)
[16:51:40] 2 tRNA-Tyr c[36401,36484] 33 (gta)
[16:51:40] 1 tRNA-Ile [1750,1826] 35 (gat)
[16:51:40] 2 tRNA-Ala [1870,1945] 34 (tgc)
[16:51:40] 1 tRNA-Met [290,366] 35 (cat)
[16:51:40] Found 48 tRNAs
[16:51:40] Predicting Ribosomal RNAs
[16:51:40] Running Barrnap with 20 threads
[16:51:41] 1 NZ_PRDS01000011.1 107 5S ribosomal RNA
[16:51:41] 2 NZ_PRDS01000020.1 145 16S ribosomal RNA
[16:51:41] 3 NZ_PRDS01000020.1 2218 23S ribosomal RNA
[16:51:41] 4 NZ_PRDS01000020.1 5122 5S ribosomal RNA
[16:51:41] 5 NZ_PRDS01000022.1 114 5S ribosomal RNA
[16:51:41] Found 5 rRNAs
[16:51:41] Skipping ncRNA search, enable with --rfam if desired.
[16:51:41] Total of 53 tRNA + rRNA features
[16:51:41] Searching for CRISPR repeats
[16:51:41] Found 0 CRISPRs
[16:51:41] Predicting coding sequences
[16:51:41] Contigs total 2997984 bp, so using single mode
[16:51:41] Running: prodigal -i gbk\/DSM12048\/GCF_002927635\.1\.prokka\.fna -c -m -g 11 -p single -f sco -q
[16:51:43] Excluding CDS which overlaps existing RNA (tRNA) at NZ_PRDS01000001.1:80003..80716 on + strand
[16:51:43] Excluding CDS which overlaps existing RNA (tRNA) at NZ_PRDS01000001.1:222209..223858 on + strand
[16:51:43] Excluding CDS which overlaps existing RNA (tRNA) at NZ_PRDS01000001.1:465314..466333 on - strand
[16:51:44] Excluding CDS which overlaps existing RNA (tRNA) at NZ_PRDS01000007.1:112390..114192 on + strand
[16:51:45] Found 2901 CDS
[16:51:45] Connecting features back to sequences
[16:51:45] Skipping genus-specific proteins as can't see /opt/anaconda3/envs/Prokka_Global/db/Albidovulum
[16:51:45] Annotating CDS, please be patient.
[16:51:45] Will use 20 CPUs for similarity searching.
[16:51:45] There are still 2901 unannotated CDS left (started with 2901)
[16:51:45] Will use blast to search against /opt/anaconda3/envs/Prokka_Global/db/kingdom/Bacteria/IS with 20 CPUs
[16:51:45] Running: cat gbk\/DSM12048\/GCF_002927635\.1\.prokka\.IS\.tmp\.711746\.faa | parallel --gnu --plain -j 20 --block 23280 --recstart '>' --pipe blastp -query - -db /opt/anaconda3/envs/Prokka_Global/db/kingdom/Bacteria/IS -evalue 1e-30 -qcov_hsp_perc 90 -num_threads 1 -num_descriptions 1 -num_alignments 1 -seg no > gbk\/DSM12048\/GCF_002927635\.1\.prokka\.IS\.tmp\.711746\.blast 2> /dev/null
[16:51:48] Deleting unwanted file: gbk/DSM12048/GCF_002927635.1.prokka.IS.tmp.711746.faa
[16:51:48] Deleting unwanted file: gbk/DSM12048/GCF_002927635.1.prokka.IS.tmp.711746.blast
[16:51:49] There are still 2882 unannotated CDS left (started with 2901)
[16:51:49] Will use blast to search against /opt/anaconda3/envs/Prokka_Global/db/kingdom/Bacteria/AMR with 20 CPUs
[16:51:49] Running: cat gbk\/DSM12048\/GCF_002927635\.1\.prokka\.AMR\.tmp\.711746\.faa | parallel --gnu --plain -j 20 --block 23183 --recstart '>' --pipe blastp -query - -db /opt/anaconda3/envs/Prokka_Global/db/kingdom/Bacteria/AMR -evalue 1e-300 -qcov_hsp_perc 90 -num_threads 1 -num_descriptions 1 -num_alignments 1 -seg no > gbk\/DSM12048\/GCF_002927635\.1\.prokka\.AMR\.tmp\.711746\.blast 2> /dev/null
[16:51:51] Deleting unwanted file: gbk/DSM12048/GCF_002927635.1.prokka.AMR.tmp.711746.faa
[16:51:51] Deleting unwanted file: gbk/DSM12048/GCF_002927635.1.prokka.AMR.tmp.711746.blast
[16:51:52] There are still 2882 unannotated CDS left (started with 2901)
[16:51:52] Will use blast to search against /opt/anaconda3/envs/Prokka_Global/db/kingdom/Bacteria/sprot with 20 CPUs
[16:51:52] Running: cat gbk\/DSM12048\/GCF_002927635\.1\.prokka\.sprot\.tmp\.711746\.faa | parallel --gnu --plain -j 20 --block 23183 --recstart '>' --pipe blastp -query - -db /opt/anaconda3/envs/Prokka_Global/db/kingdom/Bacteria/sprot -evalue 1e-09 -qcov_hsp_perc 80 -num_threads 1 -num_descriptions 1 -num_alignments 1 -seg no > gbk\/DSM12048\/GCF_002927635\.1\.prokka\.sprot\.tmp\.711746\.blast 2> /dev/null
[16:52:02] Modify product: Uncharacterized FAD-linked oxidoreductase Rv2280 => putative FAD-linked oxidoreductase
[16:52:02] Modify product: UPF0299 membrane protein YohJ => hypothetical protein
[16:52:02] Modify product: UPF0073 inner membrane protein YqfA => hypothetical protein
[16:52:02] Modify product: Uncharacterized protein RP812 => putative protein RP812
[16:52:02] Modify product: Probable 3-hydroxyisobutyrate dehydrogenase => putative 3-hydroxyisobutyrate dehydrogenase
[16:52:02] Modify product: UPF0758 protein => hypothetical protein
[16:52:02] Modify product: Peroxiredoxin sll1621 => Peroxiredoxin
[16:52:02] Modify product: Uncharacterized aminopeptidase Rv1333 => putative aminopeptidase
[16:52:02] Modify product: Uncharacterized FAD-linked oxidoreductase Rv2280 => putative FAD-linked oxidoreductase
[16:52:02] Modify product: Probable enoyl-CoA hydratase echA8 => putative enoyl-CoA hydratase echA8
[16:52:03] Modify product: Probable enoyl-CoA hydratase echA8 => putative enoyl-CoA hydratase echA8
[16:52:03] Modify product: Probable protein kinase UbiB => putative protein kinase UbiB
[16:52:03] Modify product: Uncharacterized zinc protease Rv2782c => putative zinc protease
[16:52:03] Modify product: Uncharacterized zinc protease Rv2782c => putative zinc protease
[16:52:03] Modify product: Putative cystathionine beta-synthase Rv1077 => Putative cystathionine beta-synthase
[16:52:03] Modify product: Ribonuclease TTHA0252 => Ribonuclease
[16:52:03] Modify product: Probable multidrug ABC transporter ATP-binding protein YbhF => putative multidrug ABC transporter ATP-binding protein YbhF
[16:52:03] Modify product: Probable multidrug ABC transporter permease YbhS => putative multidrug ABC transporter permease YbhS
[16:52:03] Modify product: Probable 3-hydroxybutyryl-CoA dehydrogenase => putative 3-hydroxybutyryl-CoA dehydrogenase
[16:52:03] Modify product: Uncharacterized metal-dependent hydrolase YcfH => putative metal-dependent hydrolase YcfH
[16:52:03] Modify product: Probable N-methylproline demethylase => putative N-methylproline demethylase
[16:52:03] Modify product: Putative formate dehydrogenase SA2102 => Putative formate dehydrogenase
[16:52:03] Modify product: Uncharacterized N-acetyltransferase YsnE => putative N-acetyltransferase YsnE
[16:52:03] Modify product: Probable enoyl-CoA hydratase echA8 => putative enoyl-CoA hydratase echA8
[16:52:03] Modify product: Probable parvulin-type peptidyl-prolyl cis-trans isomerase => putative parvulin-type peptidyl-prolyl cis-trans isomerase
[16:52:03] Modify product: Probable L,D-transpeptidase ErfK/SrfK => putative L,D-transpeptidase ErfK/SrfK
[16:52:03] Modify product: Putative multidrug export ATP-binding/permease protein SAV1866 => Putative multidrug export ATP-binding/permease protein
[16:52:03] Modify product: Probable ribonucleotide transport ATP-binding protein mkl => putative ribonucleotide transport ATP-binding protein mkl
[16:52:03] Modify product: Prophage bactoprenol glucosyl transferase homolog => Prophage bactoprenol glucosyl transferase 
[16:52:03] Modify product: Uncharacterized ABC transporter ATP-binding protein YheS => putative ABC transporter ATP-binding protein YheS
[16:52:03] Modify product: UPF0056 inner membrane protein YhgN => hypothetical protein
[16:52:03] Modify product: Putative multidrug export ATP-binding/permease protein SAV1866 => Putative multidrug export ATP-binding/permease protein
[16:52:03] Modify product: Monocarboxylate 2-oxoacid-binding periplasmic protein all3028 => Monocarboxylate 2-oxoacid-binding periplasmic protein
[16:52:03] Modify product: Probable copper-transporting ATPase PacS => putative copper-transporting ATPase PacS
[16:52:03] Modify product: Cytochrome c oxidase subunit 1 homolog, bacteroid => Cytochrome c oxidase subunit 1 , bacteroid
[16:52:03] Modify product: Uncharacterized ABC transporter ATP-binding protein YejF => putative ABC transporter ATP-binding protein YejF
[16:52:03] Modify product: Probable cysteine desulfurase => putative cysteine desulfurase
[16:52:03] Modify product: Uncharacterized ABC transporter ATP-binding protein YknY => putative ABC transporter ATP-binding protein YknY
[16:52:03] Modify product: Putative low molecular weight protein-tyrosine-phosphatase slr0328 => Putative low molecular weight protein-tyrosine-phosphatase
[16:52:03] Modify product: Probable manganese-dependent inorganic pyrophosphatase => putative manganese-dependent inorganic pyrophosphatase
[16:52:03] Modify product: UPF0053 inner membrane protein YfjD => hypothetical protein
[16:52:03] Modify product: Probable glycerol-3-phosphate acyltransferase => putative glycerol-3-phosphate acyltransferase
[16:52:03] Modify product: UPF0301 protein VC_0467 => hypothetical protein
[16:52:03] Modify product: Uncharacterized zinc protease Rv2782c => putative zinc protease
[16:52:03] Modify product: Uncharacterized FAD-linked oxidoreductase Rv2280 => putative FAD-linked oxidoreductase
[16:52:03] Modify product: Probable peptidoglycan D,D-transpeptidase FtsI => putative peptidoglycan D,D-transpeptidase FtsI
[16:52:03] Modify product: UPF0047 protein Rv2556c => hypothetical protein
[16:52:03] Modify product: Uncharacterized MFS-type transporter YcaD => putative MFS-type transporter YcaD
[16:52:03] Modify product: UPF0337 protein PA4738 => hypothetical protein
[16:52:03] Modify product: Uncharacterized protein YqeY => putative protein YqeY
[16:52:03] Modify product: GTP-binding protein TypA/BipA homolog => GTP-binding protein TypA/BipA 
[16:52:03] Modify product: Phosphate-specific transport system accessory protein PhoU homolog => Phosphate-specific transport system accessory protein PhoU 
[16:52:03] Modify product: UPF0701 protein HI_0467 => hypothetical protein
[16:52:03] Modify product: Uncharacterized inner membrane transporter YedA => putative inner membrane transporter YedA
[16:52:03] Modify product: Uncharacterized protein Rv1276c => putative protein
[16:52:03] Modify product: Solute-binding protein Csal_2479 => Solute-binding protein
[16:52:03] Modify product: Uncharacterized multiple-sugar transport system permease YteP => putative multiple-sugar transport system permease YteP
[16:52:03] Modify product: Lactate-binding periplasmic protein TTHA0766 => Lactate-binding periplasmic protein
[16:52:03] Modify product: Probable phosphite transport system-binding protein PtxB => putative phosphite transport system-binding protein PtxB
[16:52:03] Modify product: Uncharacterized oxidoreductase Rv1144 => putative oxidoreductase
[16:52:03] Modify product: Probable 4-hydroxyproline 2-epimerase => putative 4-hydroxyproline 2-epimerase
[16:52:03] Modify product: Uncharacterized oxidoreductase SA2266 => putative oxidoreductase
[16:52:03] Modify product: Probable 2-dehydro-3-deoxygalactonokinase DgoK1 => putative 2-dehydro-3-deoxygalactonokinase DgoK1
[16:52:03] Modify product: Uncharacterized ABC transporter ATP-binding protein YadG => putative ABC transporter ATP-binding protein YadG
[16:52:03] Modify product: Probable GTPase Rv1496 => putative GTPase
[16:52:03] Modify product: Putative multidrug export ATP-binding/permease protein SAV1866 => Putative multidrug export ATP-binding/permease protein
[16:52:03] Modify product: Probable peptidoglycan glycosyltransferase FtsW => putative peptidoglycan glycosyltransferase FtsW
[16:52:03] Modify product: Uncharacterized protein HI_0103 => putative protein
[16:52:03] Modify product: UPF0276 protein CCNA_03364 => hypothetical protein
[16:52:03] Modify product: Probable lipoprotein YiaD => putative lipoprotein YiaD
[16:52:03] Modify product: Probable protease SohB => putative protease SohB
[16:52:03] Modify product: Uncharacterized signaling protein PA1727 => putative signaling protein
[16:52:03] Modify product: Monocarboxylate 2-oxoacid-binding periplasmic protein all3028 => Monocarboxylate 2-oxoacid-binding periplasmic protein
[16:52:03] Modify product: Probable sulfate transporter Rv1739c => putative sulfate transporter
[16:52:03] Modify product: Probable metallo-hydrolase BURPS1710b_2304 => putative metallo-hydrolase
[16:52:03] Modify product: UPF0394 membrane protein XF_0765 => hypothetical protein
[16:52:03] Modify product: UPF0394 membrane protein XF_0766 => hypothetical protein
[16:52:03] Modify product: Probable riboflavin import permease protein RfuD => putative riboflavin import permease protein RfuD
[16:52:03] Modify product: UPF0394 inner membrane protein YeeE => hypothetical protein
[16:52:03] Modify product: Bifunctional protein FolD => Bifunctional protein FolD protein
[16:52:03] Modify product: UPF0335 protein CCNA_03428 => hypothetical protein
[16:52:03] Modify product: Probable transcriptional regulatory protein TcrX => putative transcriptional regulatory protein TcrX
[16:52:03] Modify product: UPF0434 protein NMA0874 => hypothetical protein
[16:52:03] Modify product: Uncharacterized HTH-type transcriptional regulator Rv1985c => putative HTH-type transcriptional regulator
[16:52:03] Modify product: Putative acyltransferase Rv0859 => Putative acyltransferase
[16:52:03] Modify product: Putative transport protein Rv0205 => Putative transport protein
[16:52:03] Modify product: UPF0173 metal-dependent hydrolase TM_1162 => hypothetical protein
[16:52:03] Modify product: Probable transcriptional regulatory protein aq_1575 => putative transcriptional regulatory protein
[16:52:03] Modify product: Probable ATP-dependent transporter SufC => putative ATP-dependent transporter SufC
[16:52:03] Modify product: UPF0145 protein YbjQ => hypothetical protein
[16:52:03] Modify product: Uncharacterized glycosyltransferase sll0501 => putative glycosyltransferase
[16:52:03] Modify product: Uncharacterized sugar transferase EpsL => putative sugar transferase EpsL
[16:52:03] Modify product: UPF0126 inner membrane protein YicG => hypothetical protein
[16:52:03] Modify product: Probable aminotransferase Rv3329 => putative aminotransferase
[16:52:03] Modify product: Uncharacterized protein YccU => putative protein YccU
[16:52:03] Modify product: Uncharacterized protein YcjX => putative protein YcjX
[16:52:03] Modify product: Uncharacterized sugar transferase EpsL => putative sugar transferase EpsL
[16:52:04] Modify product: Probable chaperone CsaA => putative chaperone CsaA
[16:52:04] Modify product: Probable bifunctional SAT/APS kinase => putative bifunctional SAT/APS kinase
[16:52:04] Modify product: Purine-binding protein BAB2_0673 => Purine-binding protein
[16:52:04] Modify product: Putative 2-hydroxyacid dehydrogenase SA2098 => Putative 2-hydroxyacid dehydrogenase
[16:52:04] Modify product: Probable lipid II flippase MurJ => putative lipid II flippase MurJ
[16:52:04] Modify product: Probable succinyl-CoA:3-ketoacid coenzyme A transferase subunit A => putative succinyl-CoA:3-ketoacid coenzyme A transferase subunit A
[16:52:04] Modify product: Probable succinyl-CoA:3-ketoacid coenzyme A transferase subunit B => putative succinyl-CoA:3-ketoacid coenzyme A transferase subunit B
[16:52:04] Modify product: Uncharacterized oxidoreductase Rv2073c => putative oxidoreductase
[16:52:04] Modify product: Probable enoyl-CoA hydratase echA8 => putative enoyl-CoA hydratase echA8
[16:52:04] Modify product: Probable D,D-dipeptide transport system permease protein DdpC => putative D,D-dipeptide transport system permease protein DdpC
[16:52:04] Cleaned 107 /product names
[16:52:04] Deleting unwanted file: gbk/DSM12048/GCF_002927635.1.prokka.sprot.tmp.711746.faa
[16:52:04] Deleting unwanted file: gbk/DSM12048/GCF_002927635.1.prokka.sprot.tmp.711746.blast
[16:52:04] There are still 1429 unannotated CDS left (started with 2901)
[16:52:04] Will use hmmer3 to search against /opt/anaconda3/envs/Prokka_Global/db/hmm/HAMAP.hmm with 20 CPUs
[16:52:04] Running: cat gbk\/DSM12048\/GCF_002927635\.1\.prokka\.HAMAP\.hmm\.tmp\.711746\.faa | parallel --gnu --plain -j 20 --block 10306 --recstart '>' --pipe hmmscan --noali --notextw --acc -E 1e-09 --cpu 1 /opt/anaconda3/envs/Prokka_Global/db/hmm/HAMAP.hmm /dev/stdin > gbk\/DSM12048\/GCF_002927635\.1\.prokka\.HAMAP\.hmm\.tmp\.711746\.hmmer3 2> /dev/null
[16:52:12] Modify product: Uncharacterized MFS-type transporter YcaD => putative MFS-type transporter YcaD
[16:52:13] Modify product: Uncharacterized Nudix hydrolase NudL => putative Nudix hydrolase NudL
[16:52:13] Cleaned 2 /product names
[16:52:13] Deleting unwanted file: gbk/DSM12048/GCF_002927635.1.prokka.HAMAP.hmm.tmp.711746.faa
[16:52:13] Deleting unwanted file: gbk/DSM12048/GCF_002927635.1.prokka.HAMAP.hmm.tmp.711746.hmmer3
[16:52:13] Labelling remaining 1238 proteins as 'hypothetical protein'
[16:52:13] Possible /pseudo 'Multidrug resistance protein MdtA' at NZ_PRDS01000001.1 position 204646
[16:52:13] Possible /pseudo 'putative zinc protease' at NZ_PRDS01000001.1 position 503495
[16:52:13] Possible /pseudo 'D-inositol-3-phosphate glycosyltransferase' at NZ_PRDS01000002.1 position 18258
[16:52:13] Possible /pseudo 'Spore protein SP21' at NZ_PRDS01000002.1 position 33409
[16:52:13] Possible /pseudo 'sn-glycerol-3-phosphate import ATP-binding protein UgpC' at NZ_PRDS01000002.1 position 132850
[16:52:13] Possible /pseudo 'Trk system potassium uptake protein TrkI' at NZ_PRDS01000003.1 position 76071
[16:52:13] Possible /pseudo 'Phosphate-import permease protein PhnE' at NZ_PRDS01000004.1 position 175704
[16:52:13] Possible /pseudo '4-methylaminobutanoate oxidase (formaldehyde-forming)' at NZ_PRDS01000005.1 position 75349
[16:52:13] Possible /pseudo 'DNA-binding transcriptional activator DecR' at NZ_PRDS01000006.1 position 201776
[16:52:13] Possible /pseudo 'tRNA 5-methylaminomethyl-2-thiouridine biosynthesis bifunctional protein MnmC' at NZ_PRDS01000011.1 position 11394
[16:52:13] Found 1362 unique /gene codes.
[16:52:13] Fixed 2 duplicate /gene - ccr_1 ccr_2
[16:52:13] Fixed 2 duplicate /gene - smc_1 smc_2
[16:52:13] Fixed 2 duplicate /gene - soxA_1 soxA_2
[16:52:13] Fixed 2 duplicate /gene - epsL_1 epsL_2
[16:52:13] Fixed 2 duplicate /gene - iolG_1 iolG_2
[16:52:13] Fixed 3 duplicate /gene - dctP_1 dctP_2 dctP_3
[16:52:13] Fixed 2 duplicate /gene - fusA_1 fusA_2
[16:52:13] Fixed 2 duplicate /gene - araC_1 araC_2
[16:52:13] Fixed 2 duplicate /gene - ubiL_1 ubiL_2
[16:52:13] Fixed 2 duplicate /gene - ycaD_1 ycaD_2
[16:52:13] Fixed 3 duplicate /gene - lptB_1 lptB_2 lptB_3
[16:52:13] Fixed 2 duplicate /gene - dmlR_1 dmlR_2
[16:52:13] Fixed 2 duplicate /gene - adk_1 adk_2
[16:52:13] Fixed 5 duplicate /gene - abo_1 abo_2 abo_3 abo_4 abo_5
[16:52:13] Fixed 2 duplicate /gene - xthA_1 xthA_2
[16:52:13] Fixed 2 duplicate /gene - dnaE2_1 dnaE2_2
[16:52:13] Fixed 2 duplicate /gene - nit1_1 nit1_2
[16:52:13] Fixed 2 duplicate /gene - aatB_1 aatB_2
[16:52:13] Fixed 2 duplicate /gene - aroE_1 aroE_2
[16:52:13] Fixed 2 duplicate /gene - dctD_1 dctD_2
[16:52:13] Fixed 2 duplicate /gene - alaS_1 alaS_2
[16:52:13] Fixed 2 duplicate /gene - metH_1 metH_2
[16:52:13] Fixed 4 duplicate /gene - echA8_1 echA8_2 echA8_3 echA8_4
[16:52:13] Fixed 2 duplicate /gene - puuA_1 puuA_2
[16:52:13] Fixed 2 duplicate /gene - actP_1 actP_2
[16:52:13] Fixed 2 duplicate /gene - gsiC_1 gsiC_2
[16:52:13] Fixed 2 duplicate /gene - spuC_1 spuC_2
[16:52:13] Fixed 3 duplicate /gene - dksA_1 dksA_2 dksA_3
[16:52:13] Fixed 2 duplicate /gene - phnE_1 phnE_2
[16:52:13] Fixed 2 duplicate /gene - kce_1 kce_2
[16:52:13] Fixed 2 duplicate /gene - dapH_1 dapH_2
[16:52:13] Fixed 2 duplicate /gene - anoR_1 anoR_2
[16:52:13] Fixed 3 duplicate /gene - ugpC_1 ugpC_2 ugpC_3
[16:52:13] Fixed 2 duplicate /gene - yfcG_1 yfcG_2
[16:52:13] Fixed 2 duplicate /gene - yfkN_1 yfkN_2
[16:52:13] Fixed 2 duplicate /gene - rpoH_1 rpoH_2
[16:52:13] Fixed 2 duplicate /gene - rbsA_1 rbsA_2
[16:52:13] Fixed 3 duplicate /gene - ndhB_1 ndhB_2 ndhB_3
[16:52:13] Fixed 2 duplicate /gene - nfuA_1 nfuA_2
[16:52:13] Fixed 2 duplicate /gene - puuB_1 puuB_2
[16:52:13] Fixed 5 duplicate /gene - pal_1 pal_2 pal_3 pal_4 pal_5
[16:52:13] Fixed 2 duplicate /gene - pyrC_1 pyrC_2
[16:52:13] Fixed 2 duplicate /gene - uvrB_1 uvrB_2
[16:52:13] Fixed 2 duplicate /gene - accA1_1 accA1_2
[16:52:13] Fixed 3 duplicate /gene - bepA_1 bepA_2 bepA_3
[16:52:13] Fixed 2 duplicate /gene - ompR_1 ompR_2
[16:52:13] Fixed 2 duplicate /gene - rspR_1 rspR_2
[16:52:13] Fixed 2 duplicate /gene - fixK_1 fixK_2
[16:52:13] Fixed 2 duplicate /gene - tolQ_1 tolQ_2
[16:52:13] Fixed 2 duplicate /gene - cytR_1 cytR_2
[16:52:13] Fixed 2 duplicate /gene - thiE_1 thiE_2
[16:52:13] Fixed 2 duplicate /gene - pepA_1 pepA_2
[16:52:13] Fixed 2 duplicate /gene - phaC_1 phaC_2
[16:52:13] Fixed 2 duplicate /gene - trkI_1 trkI_2
[16:52:13] Fixed 2 duplicate /gene - hcaB_1 hcaB_2
[16:52:13] Fixed 5 duplicate /gene - mdtA_1 mdtA_2 mdtA_3 mdtA_4 mdtA_5
[16:52:13] Fixed 2 duplicate /gene - cspA_1 cspA_2
[16:52:13] Fixed 2 duplicate /gene - comR_1 comR_2
[16:52:13] Fixed 3 duplicate /gene - dxs_1 dxs_2 dxs_3
[16:52:13] Fixed 2 duplicate /gene - bamA_1 bamA_2
[16:52:13] Fixed 3 duplicate /gene - mcbR_1 mcbR_2 mcbR_3
[16:52:13] Fixed 3 duplicate /gene - mtgB_1 mtgB_2 mtgB_3
[16:52:13] Fixed 2 duplicate /gene - glmM_1 glmM_2
[16:52:13] Fixed 3 duplicate /gene - malK_1 malK_2 malK_3
[16:52:13] Fixed 5 duplicate /gene - dctM_1 dctM_2 dctM_3 dctM_4 dctM_5
[16:52:13] Fixed 2 duplicate /gene - xylH_1 xylH_2
[16:52:13] Fixed 2 duplicate /gene - acpP_1 acpP_2
[16:52:13] Fixed 2 duplicate /gene - dapE_1 dapE_2
[16:52:13] Fixed 2 duplicate /gene - gntR_1 gntR_2
[16:52:13] Fixed 2 duplicate /gene - lldD_1 lldD_2
[16:52:13] Fixed 2 duplicate /gene - tufA_1 tufA_2
[16:52:13] Fixed 2 duplicate /gene - rhlE_1 rhlE_2
[16:52:13] Fixed 2 duplicate /gene - dauA_1 dauA_2
[16:52:13] Fixed 4 duplicate /gene - hdfR_1 hdfR_2 hdfR_3 hdfR_4
[16:52:13] Fixed 3 duplicate /gene - livH_1 livH_2 livH_3
[16:52:13] Fixed 2 duplicate /gene - gtaB_1 gtaB_2
[16:52:13] Fixed 3 duplicate /gene - betB_1 betB_2 betB_3
[16:52:13] Fixed 2 duplicate /gene - surA_1 surA_2
[16:52:13] Fixed 2 duplicate /gene - lon_1 lon_2
[16:52:13] Fixed 2 duplicate /gene - mdtC_1 mdtC_2
[16:52:13] Fixed 2 duplicate /gene - gloB_1 gloB_2
[16:52:13] Fixed 2 duplicate /gene - rsmB_1 rsmB_2
[16:52:13] Fixed 2 duplicate /gene - glpR_1 glpR_2
[16:52:13] Fixed 2 duplicate /gene - glnB_1 glnB_2
[16:52:13] Fixed 2 duplicate /gene - atpG_1 atpG_2
[16:52:13] Fixed 2 duplicate /gene - gph_1 gph_2
[16:52:13] Fixed 2 duplicate /gene - hspA_1 hspA_2
[16:52:13] Fixed 2 duplicate /gene - xylG_1 xylG_2
[16:52:13] Fixed 2 duplicate /gene - aspC_1 aspC_2
[16:52:13] Fixed 2 duplicate /gene - mobA_1 mobA_2
[16:52:13] Fixed 2 duplicate /gene - fabF_1 fabF_2
[16:52:13] Fixed 2 duplicate /gene - acsA_1 acsA_2
[16:52:13] Fixed 2 duplicate /gene - ugpQ_1 ugpQ_2
[16:52:13] Fixed 2 duplicate /gene - prsE_1 prsE_2
[16:52:13] Fixed 2 duplicate /gene - prsD_1 prsD_2
[16:52:13] Fixed 4 duplicate /gene - mshA_1 mshA_2 mshA_3 mshA_4
[16:52:13] Fixed 2 duplicate /gene - dmdC_1 dmdC_2
[16:52:13] Fixed 4 duplicate /gene - hisC_1 hisC_2 hisC_3 hisC_4
[16:52:13] Fixed 2 duplicate /gene - dsbD_1 dsbD_2
[16:52:13] Fixed 2 duplicate /gene - oppF_1 oppF_2
[16:52:13] Fixed 2 duplicate /gene - xerC_1 xerC_2
[16:52:13] Fixed 2 duplicate /gene - potA_1 potA_2
[16:52:13] Fixed 2 duplicate /gene - degP_1 degP_2
[16:52:13] Fixed 2 duplicate /gene - suhB_1 suhB_2
[16:52:13] Fixed 2 duplicate /gene - rnd_1 rnd_2
[16:52:13] Fixed 3 duplicate /gene - frcA_1 frcA_2 frcA_3
[16:52:13] Fixed 2 duplicate /gene - dapA_1 dapA_2
[16:52:13] Fixed 2 duplicate /gene - recD2_1 recD2_2
[16:52:13] Fixed 4 duplicate /gene - fabG_1 fabG_2 fabG_3 fabG_4
[16:52:13] Fixed 2 duplicate /gene - iolB_1 iolB_2
[16:52:13] Fixed 2 duplicate /gene - RBKS_1 RBKS_2
[16:52:13] Fixed 2 duplicate /gene - moeA_1 moeA_2
[16:52:13] Fixed 3 duplicate /gene - ald_1 ald_2 ald_3
[16:52:13] Fixed 4 duplicate /gene - livF_1 livF_2 livF_3 livF_4
[16:52:13] Fixed 3 duplicate /gene - mnmC_1 mnmC_2 mnmC_3
[16:52:13] Fixed 2 duplicate /gene - gsiA_1 gsiA_2
[16:52:13] Fixed 2 duplicate /gene - mltF_1 mltF_2
[16:52:13] Fixed 2 duplicate /gene - acdA_1 acdA_2
[16:52:13] Fixed 2 duplicate /gene - cobB_1 cobB_2
[16:52:13] Fixed 5 duplicate /gene - lrp_1 lrp_2 lrp_3 lrp_4 lrp_5
[16:52:13] Fixed 2 duplicate /gene - fabI_1 fabI_2
[16:52:13] Fixed 3 duplicate /gene - ribN_1 ribN_2 ribN_3
[16:52:13] Fixed 2 duplicate /gene - mtgA_1 mtgA_2
[16:52:13] Fixed 4 duplicate /gene - rcsC_1 rcsC_2 rcsC_3 rcsC_4
[16:52:13] Fixed 2 duplicate /gene - sufS_1 sufS_2
[16:52:13] Fixed 7 duplicate /gene - sasA_1 sasA_2 sasA_3 sasA_4 sasA_5 sasA_6 sasA_7
[16:52:13] Fixed 3 duplicate /gene - decR_1 decR_2 decR_3
[16:52:13] Fixed 2 duplicate /gene - prs_1 prs_2
[16:52:13] Fixed 2 duplicate /gene - pcm_1 pcm_2
[16:52:13] Fixed 2 duplicate /gene - sugA_1 sugA_2
[16:52:13] Fixed 2 duplicate /gene - kpsT_1 kpsT_2
[16:52:13] Fixed 2 duplicate /gene - msmX_1 msmX_2
[16:52:13] Fixed 132 colliding /gene names.
[16:52:13] Adding /locus_tag identifiers
[16:52:13] Assigned 2954 locus_tags to CDS and RNA features.
[16:52:13] Writing outputs to gbk/DSM12048/
[16:52:14] Generating annotation statistics file
[16:52:14] Generating Genbank and Sequin files
[16:52:14] Running: tbl2asn -V b -a r10k -l paired-ends -M n -N 1 -y 'Annotated using prokka 1.14.6 from https://github.com/tseemann/prokka' -Z gbk\/DSM12048\/GCF_002927635\.1\.prokka\.err -i gbk\/DSM12048\/GCF_002927635\.1\.prokka\.fsa 2> /dev/null
[16:52:18] Deleting unwanted file: gbk/DSM12048/errorsummary.val
[16:52:18] Deleting unwanted file: gbk/DSM12048/GCF_002927635.1.prokka.dr
[16:52:18] Deleting unwanted file: gbk/DSM12048/GCF_002927635.1.prokka.fixedproducts
[16:52:18] Deleting unwanted file: gbk/DSM12048/GCF_002927635.1.prokka.ecn
[16:52:18] Deleting unwanted file: gbk/DSM12048/GCF_002927635.1.prokka.val
[16:52:18] Repairing broken .GBK output that tbl2asn produces...
[16:52:18] Running: sed 's/COORDINATES: profile/COORDINATES:profile/' < gbk\/DSM12048\/GCF_002927635\.1\.prokka\.gbf > gbk\/DSM12048\/GCF_002927635\.1\.prokka\.gbk
[16:52:18] Deleting unwanted file: gbk/DSM12048/GCF_002927635.1.prokka.gbf
[16:52:18] Output files:
[16:52:18] gbk/DSM12048/GCF_002927635.1.prokka.sqn
[16:52:18] gbk/DSM12048/GCF_002927635.1.prokka.gff
[16:52:18] gbk/DSM12048/GCF_002927635.1.prokka.fsa
[16:52:18] gbk/DSM12048/GCF_002927635.1.prokka.gbk
[16:52:18] gbk/DSM12048/GCF_002927635.1.prokka.fna
[16:52:18] gbk/DSM12048/GCF_002927635.1.prokka.txt
[16:52:18] gbk/DSM12048/GCF_002927635.1.prokka.tsv
[16:52:18] gbk/DSM12048/GCF_002927635.1.prokka.faa
[16:52:18] gbk/DSM12048/GCF_002927635.1.prokka.log
[16:52:18] gbk/DSM12048/GCF_002927635.1.prokka.err
[16:52:18] gbk/DSM12048/GCF_002927635.1.prokka.ffn
[16:52:18] gbk/DSM12048/GCF_002927635.1.prokka.tbl
[16:52:18] Annotation finished successfully.
[16:52:18] Walltime used: 0.65 minutes
[16:52:18] If you use this result please cite the Prokka paper:
[16:52:18] Seemann T (2014) Prokka: rapid prokaryotic genome annotation. Bioinformatics. 30(14):2068-9.
[16:52:18] Type 'prokka --citation' for more details.
[16:52:18] Share and enjoy!
