INFO     20/07 15:21:12   antiSMASH version: 7.0.0
INFO     20/07 15:21:12   diamond using executable: /usr/bin/diamond-aligner (2.0.7)
INFO     20/07 15:21:12   hmmpfam2 using executable: /usr/bin/hmm2pfam (2.3.2)
INFO     20/07 15:21:12   fasttree using executable: /usr/bin/fasttree
INFO     20/07 15:21:12   hmmsearch using executable: /usr/bin/hmmsearch (3.3.2)
INFO     20/07 15:21:12   hmmpress using executable: /usr/bin/hmmpress (3.3.2)
INFO     20/07 15:21:12   hmmscan using executable: /usr/bin/hmmscan (3.3.2)
INFO     20/07 15:21:13   meme using executable: /usr/bin/meme (4.11.2)
INFO     20/07 15:21:13   fimo using executable: /usr/bin/fimo (4.11.2)
INFO     20/07 15:21:13   glimmerhmm using executable: /usr/bin/glimmerhmm
INFO     20/07 15:21:13   prodigal using executable: /usr/bin/prodigal (V2.6.3)
INFO     20/07 15:21:13   blastp using executable: /usr/bin/blastp (2.11.0+)
INFO     20/07 15:21:13   makeblastdb using executable: /usr/bin/makeblastdb (2.11.0+)
DEBUG    20/07 15:21:13   Checking prerequisites for antismash.detection.hmm_detection
DEBUG    20/07 15:21:13   Found file '/usr/local/lib/python3.9/dist-packages/antismash/detection/hmm_detection/data/bgc_seeds.hmm'
DEBUG    20/07 15:21:13   Found file '/usr/local/lib/python3.9/dist-packages/antismash/detection/hmm_detection/data/bgc_seeds.hmm.h3f'
DEBUG    20/07 15:21:13   Found file '/usr/local/lib/python3.9/dist-packages/antismash/detection/hmm_detection/data/bgc_seeds.hmm.h3i'
DEBUG    20/07 15:21:13   Found file '/usr/local/lib/python3.9/dist-packages/antismash/detection/hmm_detection/data/bgc_seeds.hmm.h3m'
DEBUG    20/07 15:21:13   Found file '/usr/local/lib/python3.9/dist-packages/antismash/detection/hmm_detection/data/bgc_seeds.hmm.h3p'
DEBUG    20/07 15:21:13   Checking prerequisites for antismash.detection.cluster_hmmer
DEBUG    20/07 15:21:13   Found file '/databases/pfam/34.0/Pfam-A.hmm'
DEBUG    20/07 15:21:13   Found file '/databases/pfam/34.0/Pfam-A.hmm.h3f'
DEBUG    20/07 15:21:13   Found file '/databases/pfam/34.0/Pfam-A.hmm.h3i'
DEBUG    20/07 15:21:13   Found file '/databases/pfam/34.0/Pfam-A.hmm.h3m'
DEBUG    20/07 15:21:13   Found file '/databases/pfam/34.0/Pfam-A.hmm.h3p'
DEBUG    20/07 15:21:13   Checking prerequisites for antismash.detection.genefunctions
DEBUG    20/07 15:21:13   Found file '/databases/resfam/Resfams.hmm'
DEBUG    20/07 15:21:13   Found file '/usr/local/lib/python3.9/dist-packages/antismash/detection/genefunctions/data/smcogs.hmm.h3f'
DEBUG    20/07 15:21:13   Found file '/usr/local/lib/python3.9/dist-packages/antismash/detection/genefunctions/data/smcogs.hmm.h3i'
DEBUG    20/07 15:21:13   Found file '/usr/local/lib/python3.9/dist-packages/antismash/detection/genefunctions/data/smcogs.hmm.h3m'
DEBUG    20/07 15:21:13   Found file '/usr/local/lib/python3.9/dist-packages/antismash/detection/genefunctions/data/smcogs.hmm.h3p'
DEBUG    20/07 15:21:13   Found file '/databases/resfam/Resfams.hmm.h3f'
DEBUG    20/07 15:21:13   Found file '/databases/resfam/Resfams.hmm.h3i'
DEBUG    20/07 15:21:13   Found file '/databases/resfam/Resfams.hmm.h3m'
DEBUG    20/07 15:21:13   Found file '/databases/resfam/Resfams.hmm.h3p'
DEBUG    20/07 15:21:13   Checking prerequisites for antismash.detection.nrps_pks_domains
DEBUG    20/07 15:21:13   Found file '/usr/local/lib/python3.9/dist-packages/antismash/detection/nrps_pks_domains/data/abmotifs.hmm.h3f'
DEBUG    20/07 15:21:13   Found file '/usr/local/lib/python3.9/dist-packages/antismash/detection/nrps_pks_domains/data/abmotifs.hmm.h3i'
DEBUG    20/07 15:21:13   Found file '/usr/local/lib/python3.9/dist-packages/antismash/detection/nrps_pks_domains/data/abmotifs.hmm.h3m'
DEBUG    20/07 15:21:13   Found file '/usr/local/lib/python3.9/dist-packages/antismash/detection/nrps_pks_domains/data/abmotifs.hmm.h3p'
DEBUG    20/07 15:21:13   Found file '/usr/local/lib/python3.9/dist-packages/antismash/detection/nrps_pks_domains/data/dockingdomains.hmm.h3f'
DEBUG    20/07 15:21:13   Found file '/usr/local/lib/python3.9/dist-packages/antismash/detection/nrps_pks_domains/data/dockingdomains.hmm.h3i'
DEBUG    20/07 15:21:13   Found file '/usr/local/lib/python3.9/dist-packages/antismash/detection/nrps_pks_domains/data/dockingdomains.hmm.h3m'
DEBUG    20/07 15:21:13   Found file '/usr/local/lib/python3.9/dist-packages/antismash/detection/nrps_pks_domains/data/dockingdomains.hmm.h3p'
DEBUG    20/07 15:21:13   Found file '/usr/local/lib/python3.9/dist-packages/antismash/detection/nrps_pks_domains/data/ksdomains.hmm.h3f'
DEBUG    20/07 15:21:13   Found file '/usr/local/lib/python3.9/dist-packages/antismash/detection/nrps_pks_domains/data/ksdomains.hmm.h3i'
DEBUG    20/07 15:21:13   Found file '/usr/local/lib/python3.9/dist-packages/antismash/detection/nrps_pks_domains/data/ksdomains.hmm.h3m'
DEBUG    20/07 15:21:13   Found file '/usr/local/lib/python3.9/dist-packages/antismash/detection/nrps_pks_domains/data/ksdomains.hmm.h3p'
DEBUG    20/07 15:21:13   Found file '/usr/local/lib/python3.9/dist-packages/antismash/detection/nrps_pks_domains/data/nrpspksdomains.hmm.h3f'
DEBUG    20/07 15:21:13   Found file '/usr/local/lib/python3.9/dist-packages/antismash/detection/nrps_pks_domains/data/nrpspksdomains.hmm.h3i'
DEBUG    20/07 15:21:13   Found file '/usr/local/lib/python3.9/dist-packages/antismash/detection/nrps_pks_domains/data/nrpspksdomains.hmm.h3m'
DEBUG    20/07 15:21:13   Found file '/usr/local/lib/python3.9/dist-packages/antismash/detection/nrps_pks_domains/data/nrpspksdomains.hmm.h3p'
DEBUG    20/07 15:21:13   Found file '/databases/nrps_pks/transATor/2023.02.23/transATor.hmm.h3f'
DEBUG    20/07 15:21:13   Found file '/databases/nrps_pks/transATor/2023.02.23/transATor.hmm.h3i'
DEBUG    20/07 15:21:13   Found file '/databases/nrps_pks/transATor/2023.02.23/transATor.hmm.h3m'
DEBUG    20/07 15:21:13   Found file '/databases/nrps_pks/transATor/2023.02.23/transATor.hmm.h3p'
DEBUG    20/07 15:21:13   Checking prerequisites for antismash.detection.tigrfam
DEBUG    20/07 15:21:13   Found file '/databases/tigrfam/TIGRFam.hmm'
DEBUG    20/07 15:21:13   Found file '/databases/tigrfam/TIGRFam.hmm.h3f'
DEBUG    20/07 15:21:13   Found file '/databases/tigrfam/TIGRFam.hmm.h3i'
DEBUG    20/07 15:21:13   Found file '/databases/tigrfam/TIGRFam.hmm.h3m'
DEBUG    20/07 15:21:13   Found file '/databases/tigrfam/TIGRFam.hmm.h3p'
DEBUG    20/07 15:21:13   Checking prerequisites for antismash.modules.active_site_finder
DEBUG    20/07 15:21:13   Found file '/usr/local/lib/python3.9/dist-packages/antismash/modules/active_site_finder/data/PKSI-KR.hmm2'
DEBUG    20/07 15:21:13   Found file '/usr/local/lib/python3.9/dist-packages/antismash/modules/active_site_finder/data/PKSI-KS_N.hmm2'
DEBUG    20/07 15:21:13   Found file '/usr/local/lib/python3.9/dist-packages/antismash/modules/active_site_finder/data/PKSI-KS_C.hmm2'
DEBUG    20/07 15:21:13   Found file '/usr/local/lib/python3.9/dist-packages/antismash/modules/active_site_finder/data/PKSI-AT.hmm2'
DEBUG    20/07 15:21:13   Found file '/usr/local/lib/python3.9/dist-packages/antismash/modules/active_site_finder/data/PKSI-ACP.hmm2'
DEBUG    20/07 15:21:13   Found file '/usr/local/lib/python3.9/dist-packages/antismash/modules/active_site_finder/data/PKSI-DH.hmm2'
DEBUG    20/07 15:21:13   Found file '/usr/local/lib/python3.9/dist-packages/antismash/modules/active_site_finder/data/Thioesterase.hmm2'
DEBUG    20/07 15:21:13   Found file '/usr/local/lib/python3.9/dist-packages/antismash/modules/active_site_finder/data/PKSI-ER.hmm2'
DEBUG    20/07 15:21:13   Found file '/usr/local/lib/python3.9/dist-packages/antismash/modules/active_site_finder/data/p450.hmm2'
DEBUG    20/07 15:21:13   Checking prerequisites for antismash.modules.cluster_compare
DEBUG    20/07 15:21:13   Found file '/databases/clustercompare/mibig/3.1/data.json'
DEBUG    20/07 15:21:13   Found file '/databases/clustercompare/mibig/3.1/proteins.fasta'
DEBUG    20/07 15:21:13   Found file '/databases/clustercompare/mibig/3.1/proteins.dmnd'
DEBUG    20/07 15:21:13   Found file '/databases/clustercompare/mibig/3.1/proteins.dmnd'
DEBUG    20/07 15:21:13   Checking prerequisites for antismash.modules.clusterblast
DEBUG    20/07 15:21:13   Found file '/databases/knownclusterblast/3.1/clusters.txt'
DEBUG    20/07 15:21:13   Found file '/databases/knownclusterblast/3.1/proteins.fasta'
DEBUG    20/07 15:21:13   Found file '/databases/knownclusterblast/3.1/proteins.dmnd'
DEBUG    20/07 15:21:13   Found file '/databases/knownclusterblast/3.1/proteins.dmnd'
DEBUG    20/07 15:21:13   Found file '/databases/clusterblast/clusters.txt'
DEBUG    20/07 15:21:13   Found file '/databases/clusterblast/proteins.fasta'
DEBUG    20/07 15:21:13   Found file '/databases/clusterblast/proteins.dmnd'
DEBUG    20/07 15:21:13   Found file '/databases/clusterblast/proteins.dmnd'
DEBUG    20/07 15:21:13   Found file '/usr/local/lib/python3.9/dist-packages/antismash/modules/clusterblast/data/sub/proteins.fasta'
DEBUG    20/07 15:21:13   Found file '/usr/local/lib/python3.9/dist-packages/antismash/modules/clusterblast/data/sub/proteins.fasta.phr'
DEBUG    20/07 15:21:13   Found file '/usr/local/lib/python3.9/dist-packages/antismash/modules/clusterblast/data/sub/proteins.fasta.pin'
DEBUG    20/07 15:21:13   Found file '/usr/local/lib/python3.9/dist-packages/antismash/modules/clusterblast/data/sub/proteins.fasta.psq'
DEBUG    20/07 15:21:13   Found file '/usr/local/lib/python3.9/dist-packages/antismash/modules/clusterblast/data/sub/clusters.txt'
DEBUG    20/07 15:21:13   Checking prerequisites for antismash.modules.lanthipeptides
DEBUG    20/07 15:21:13   Found file '/databases/comparippson/asdb/3.0/cores.fa.pdb'
DEBUG    20/07 15:21:13   Found file '/databases/comparippson/asdb/3.0/cores.fa.phr'
DEBUG    20/07 15:21:13   Found file '/databases/comparippson/asdb/3.0/cores.fa.pin'
DEBUG    20/07 15:21:13   Found file '/databases/comparippson/asdb/3.0/cores.fa.pot'
DEBUG    20/07 15:21:13   Found file '/databases/comparippson/asdb/3.0/cores.fa.psq'
DEBUG    20/07 15:21:13   Found file '/databases/comparippson/asdb/3.0/cores.fa.ptf'
DEBUG    20/07 15:21:13   Found file '/databases/comparippson/asdb/3.0/cores.fa.pto'
DEBUG    20/07 15:21:13   Found file '/databases/comparippson/mibig/3.1/cores.fa.pdb'
DEBUG    20/07 15:21:13   Found file '/databases/comparippson/mibig/3.1/cores.fa.phr'
DEBUG    20/07 15:21:13   Found file '/databases/comparippson/mibig/3.1/cores.fa.pin'
DEBUG    20/07 15:21:13   Found file '/databases/comparippson/mibig/3.1/cores.fa.pot'
DEBUG    20/07 15:21:13   Found file '/databases/comparippson/mibig/3.1/cores.fa.psq'
DEBUG    20/07 15:21:13   Found file '/databases/comparippson/mibig/3.1/cores.fa.ptf'
DEBUG    20/07 15:21:13   Found file '/databases/comparippson/mibig/3.1/cores.fa.pto'
DEBUG    20/07 15:21:13   Checking prerequisites for antismash.modules.lassopeptides
DEBUG    20/07 15:21:13   Checking prerequisites for antismash.modules.nrps_pks
DEBUG    20/07 15:21:13   Found existing cache for /usr/local/lib/python3.9/dist-packages/antismash/modules/nrps_pks/data/terminals/cterm.fasta
DEBUG    20/07 15:21:13   Found existing cache for /usr/local/lib/python3.9/dist-packages/antismash/modules/nrps_pks/data/terminals/nterm.fasta
DEBUG    20/07 15:21:13   Found existing cache for /usr/local/lib/python3.9/dist-packages/antismash/modules/nrps_pks/at_analysis/data/AT_domains_muscle.fasta
DEBUG    20/07 15:21:13   Found existing cache for /usr/local/lib/python3.9/dist-packages/antismash/modules/nrps_pks/kr_analysis/data/KRdomains_muscle.fasta
DEBUG    20/07 15:21:14   Found existing cache for /usr/local/lib/python3.9/dist-packages/antismash/modules/nrps_pks/minowa/data/AT_domains_muscle.fasta
DEBUG    20/07 15:21:14   Found existing cache for /usr/local/lib/python3.9/dist-packages/antismash/modules/nrps_pks/minowa/data/CAL_domains_muscle.fasta
DEBUG    20/07 15:21:14   Checking prerequisites for antismash.modules.pfam2go
DEBUG    20/07 15:21:14   Found file '/usr/local/lib/python3.9/dist-packages/antismash/modules/pfam2go/data/pfam2go.txt'
DEBUG    20/07 15:21:14   Checking prerequisites for antismash.modules.rrefinder
DEBUG    20/07 15:21:14   Found file '/usr/local/lib/python3.9/dist-packages/antismash/modules/rrefinder/data/RREFam.hmm.h3f'
DEBUG    20/07 15:21:14   Found file '/usr/local/lib/python3.9/dist-packages/antismash/modules/rrefinder/data/RREFam.hmm.h3i'
DEBUG    20/07 15:21:14   Found file '/usr/local/lib/python3.9/dist-packages/antismash/modules/rrefinder/data/RREFam.hmm.h3m'
DEBUG    20/07 15:21:14   Found file '/usr/local/lib/python3.9/dist-packages/antismash/modules/rrefinder/data/RREFam.hmm.h3p'
DEBUG    20/07 15:21:14   Checking prerequisites for antismash.modules.sactipeptides
DEBUG    20/07 15:21:14   Checking prerequisites for antismash.modules.t2pks
DEBUG    20/07 15:21:14   Found file '/usr/local/lib/python3.9/dist-packages/antismash/modules/t2pks/data/KSIII.fasta'
DEBUG    20/07 15:21:14   Found file '/usr/local/lib/python3.9/dist-packages/antismash/modules/t2pks/data/KSIII.phr'
DEBUG    20/07 15:21:14   Found file '/usr/local/lib/python3.9/dist-packages/antismash/modules/t2pks/data/KSIII.pin'
DEBUG    20/07 15:21:14   Found file '/usr/local/lib/python3.9/dist-packages/antismash/modules/t2pks/data/KSIII.psq'
DEBUG    20/07 15:21:14   Found file '/usr/local/lib/python3.9/dist-packages/antismash/modules/t2pks/data/AT.fasta'
DEBUG    20/07 15:21:14   Found file '/usr/local/lib/python3.9/dist-packages/antismash/modules/t2pks/data/AT.phr'
DEBUG    20/07 15:21:14   Found file '/usr/local/lib/python3.9/dist-packages/antismash/modules/t2pks/data/AT.pin'
DEBUG    20/07 15:21:14   Found file '/usr/local/lib/python3.9/dist-packages/antismash/modules/t2pks/data/AT.psq'
DEBUG    20/07 15:21:14   Found file '/usr/local/lib/python3.9/dist-packages/antismash/modules/t2pks/data/LIG.fasta'
DEBUG    20/07 15:21:14   Found file '/usr/local/lib/python3.9/dist-packages/antismash/modules/t2pks/data/LIG.phr'
DEBUG    20/07 15:21:14   Found file '/usr/local/lib/python3.9/dist-packages/antismash/modules/t2pks/data/LIG.pin'
DEBUG    20/07 15:21:14   Found file '/usr/local/lib/python3.9/dist-packages/antismash/modules/t2pks/data/LIG.psq'
DEBUG    20/07 15:21:14   Found file '/usr/local/lib/python3.9/dist-packages/antismash/modules/t2pks/data/t2pks.hmm.h3f'
DEBUG    20/07 15:21:14   Found file '/usr/local/lib/python3.9/dist-packages/antismash/modules/t2pks/data/t2pks.hmm.h3i'
DEBUG    20/07 15:21:14   Found file '/usr/local/lib/python3.9/dist-packages/antismash/modules/t2pks/data/t2pks.hmm.h3m'
DEBUG    20/07 15:21:14   Found file '/usr/local/lib/python3.9/dist-packages/antismash/modules/t2pks/data/t2pks.hmm.h3p'
DEBUG    20/07 15:21:14   Checking prerequisites for antismash.modules.tfbs_finder
DEBUG    20/07 15:21:14   Found file '/usr/local/lib/python3.9/dist-packages/antismash/modules/tfbs_finder/data/PWMs.json'
DEBUG    20/07 15:21:14   Checking prerequisites for antismash.modules.thiopeptides
DEBUG    20/07 15:21:14   Found file '/usr/local/lib/python3.9/dist-packages/antismash/modules/thiopeptides/data/thiopep3.hmm.h3f'
DEBUG    20/07 15:21:14   Found file '/usr/local/lib/python3.9/dist-packages/antismash/modules/thiopeptides/data/thiopep3.hmm.h3i'
DEBUG    20/07 15:21:14   Found file '/usr/local/lib/python3.9/dist-packages/antismash/modules/thiopeptides/data/thiopep3.hmm.h3m'
DEBUG    20/07 15:21:14   Found file '/usr/local/lib/python3.9/dist-packages/antismash/modules/thiopeptides/data/thiopep3.hmm.h3p'
DEBUG    20/07 15:21:14   Checking prerequisites for antismash.modules.tta
DEBUG    20/07 15:21:14   Checking prerequisites for antismash.outputs.html
DEBUG    20/07 15:21:14   Found file '/usr/local/lib/python3.9/dist-packages/antismash/outputs/html/css/bacteria.css'
DEBUG    20/07 15:21:14   Found file '/usr/local/lib/python3.9/dist-packages/antismash/outputs/html/css/fungi.css'
DEBUG    20/07 15:21:14   Found file '/usr/local/lib/python3.9/dist-packages/antismash/outputs/html/css/plants.css'
DEBUG    20/07 15:21:14   Checking prerequisites for antismash.support.genefinding
DEBUG    20/07 15:21:14   Checking options for antismash.detection.hmm_detection
DEBUG    20/07 15:21:14   Checking options for antismash.detection.cluster_hmmer
DEBUG    20/07 15:21:14   Found file '/databases/pfam/34.0/Pfam-A.hmm'
DEBUG    20/07 15:21:14   Found file '/databases/pfam/34.0/Pfam-A.hmm.h3f'
DEBUG    20/07 15:21:14   Found file '/databases/pfam/34.0/Pfam-A.hmm.h3i'
DEBUG    20/07 15:21:14   Found file '/databases/pfam/34.0/Pfam-A.hmm.h3m'
DEBUG    20/07 15:21:14   Found file '/databases/pfam/34.0/Pfam-A.hmm.h3p'
DEBUG    20/07 15:21:14   Checking options for antismash.detection.genefunctions
DEBUG    20/07 15:21:14   Checking options for antismash.detection.nrps_pks_domains
DEBUG    20/07 15:21:14   Checking options for antismash.detection.tigrfam
DEBUG    20/07 15:21:14   Checking options for antismash.modules.active_site_finder
DEBUG    20/07 15:21:14   Checking options for antismash.modules.cluster_compare
DEBUG    20/07 15:21:14   Checking options for antismash.modules.clusterblast
DEBUG    20/07 15:21:14   Checking options for antismash.modules.lanthipeptides
DEBUG    20/07 15:21:14   Checking options for antismash.modules.lassopeptides
DEBUG    20/07 15:21:14   Checking options for antismash.modules.nrps_pks
DEBUG    20/07 15:21:14   Checking options for antismash.modules.pfam2go
DEBUG    20/07 15:21:14   Checking options for antismash.modules.rrefinder
DEBUG    20/07 15:21:14   Checking options for antismash.modules.sactipeptides
DEBUG    20/07 15:21:14   Checking options for antismash.modules.t2pks
DEBUG    20/07 15:21:14   Checking options for antismash.modules.tfbs_finder
DEBUG    20/07 15:21:14   Checking options for antismash.modules.thiopeptides
DEBUG    20/07 15:21:14   Checking options for antismash.modules.tta
DEBUG    20/07 15:21:14   Checking options for antismash.outputs.html
DEBUG    20/07 15:21:14   Checking options for antismash.support.genefinding
INFO     20/07 15:21:14   Parsing input sequence '/input/GCF_000420745.1_Pseudorhodobacter_ferrugineus_DSM_5888.gbk'
DEBUG    20/07 15:21:14   Stripping antiSMASH features and annotations from record: NZ_ATVN01000001.1
DEBUG    20/07 15:21:14   Stripping antiSMASH features and annotations from record: NZ_ATVN01000002.1
DEBUG    20/07 15:21:14   Stripping antiSMASH features and annotations from record: NZ_ATVN01000003.1
DEBUG    20/07 15:21:14   Stripping antiSMASH features and annotations from record: NZ_ATVN01000004.1
DEBUG    20/07 15:21:14   Stripping antiSMASH features and annotations from record: NZ_ATVN01000005.1
DEBUG    20/07 15:21:14   Stripping antiSMASH features and annotations from record: NZ_ATVN01000006.1
DEBUG    20/07 15:21:14   Stripping antiSMASH features and annotations from record: NZ_ATVN01000007.1
DEBUG    20/07 15:21:14   Stripping antiSMASH features and annotations from record: NZ_ATVN01000008.1
DEBUG    20/07 15:21:14   Stripping antiSMASH features and annotations from record: NZ_ATVN01000009.1
DEBUG    20/07 15:21:14   Stripping antiSMASH features and annotations from record: NZ_ATVN01000010.1
DEBUG    20/07 15:21:14   Stripping antiSMASH features and annotations from record: NZ_ATVN01000011.1
DEBUG    20/07 15:21:14   Stripping antiSMASH features and annotations from record: NZ_ATVN01000012.1
DEBUG    20/07 15:21:14   Stripping antiSMASH features and annotations from record: NZ_ATVN01000013.1
DEBUG    20/07 15:21:14   Stripping antiSMASH features and annotations from record: NZ_ATVN01000014.1
DEBUG    20/07 15:21:14   Stripping antiSMASH features and annotations from record: NZ_ATVN01000015.1
DEBUG    20/07 15:21:14   Stripping antiSMASH features and annotations from record: NZ_ATVN01000016.1
DEBUG    20/07 15:21:14   Stripping antiSMASH features and annotations from record: NZ_ATVN01000017.1
DEBUG    20/07 15:21:14   Stripping antiSMASH features and annotations from record: NZ_ATVN01000018.1
DEBUG    20/07 15:21:14   Stripping antiSMASH features and annotations from record: NZ_ATVN01000019.1
DEBUG    20/07 15:21:14   Stripping antiSMASH features and annotations from record: NZ_ATVN01000020.1
DEBUG    20/07 15:21:14   Stripping antiSMASH features and annotations from record: NZ_ATVN01000021.1
DEBUG    20/07 15:21:14   Stripping antiSMASH features and annotations from record: NZ_ATVN01000022.1
DEBUG    20/07 15:21:14   Stripping antiSMASH features and annotations from record: NZ_ATVN01000023.1
DEBUG    20/07 15:21:14   Stripping antiSMASH features and annotations from record: NZ_ATVN01000024.1
DEBUG    20/07 15:21:14   Stripping antiSMASH features and annotations from record: NZ_ATVN01000025.1
DEBUG    20/07 15:21:14   Stripping antiSMASH features and annotations from record: NZ_ATVN01000026.1
DEBUG    20/07 15:21:14   Stripping antiSMASH features and annotations from record: NZ_ATVN01000027.1
DEBUG    20/07 15:21:14   Stripping antiSMASH features and annotations from record: NZ_ATVN01000028.1
DEBUG    20/07 15:21:14   Stripping antiSMASH features and annotations from record: NZ_ATVN01000029.1
DEBUG    20/07 15:21:14   Stripping antiSMASH features and annotations from record: NZ_ATVN01000030.1
DEBUG    20/07 15:21:14   Stripping antiSMASH features and annotations from record: NZ_ATVN01000031.1
DEBUG    20/07 15:21:14   Stripping antiSMASH features and annotations from record: NZ_ATVN01000032.1
DEBUG    20/07 15:21:14   Stripping antiSMASH features and annotations from record: NZ_ATVN01000033.1
DEBUG    20/07 15:21:14   Stripping antiSMASH features and annotations from record: NZ_ATVN01000034.1
DEBUG    20/07 15:21:14   Stripping antiSMASH features and annotations from record: NZ_ATVN01000035.1
DEBUG    20/07 15:21:14   Stripping antiSMASH features and annotations from record: NZ_ATVN01000036.1
DEBUG    20/07 15:21:14   Stripping antiSMASH features and annotations from record: NZ_ATVN01000037.1
DEBUG    20/07 15:21:14   Stripping antiSMASH features and annotations from record: NZ_ATVN01000038.1
DEBUG    20/07 15:21:14   Stripping antiSMASH features and annotations from record: NZ_ATVN01000039.1
DEBUG    20/07 15:21:14   Stripping antiSMASH features and annotations from record: NZ_ATVN01000040.1
DEBUG    20/07 15:21:14   Stripping antiSMASH features and annotations from record: NZ_ATVN01000041.1
DEBUG    20/07 15:21:14   Stripping antiSMASH features and annotations from record: NZ_ATVN01000042.1
DEBUG    20/07 15:21:14   Converting records from biopython to secmet
DEBUG    20/07 15:21:15   Removing existing region genbank files
DEBUG    20/07 15:21:15   Reusing output directory: /data/antismash/upload/bacteria-0faa1aac-9ca1-40ed-a880-6873e1c73de7
DEBUG    20/07 15:21:15   Preprocessing 42 sequences
DEBUG    20/07 15:21:15   Sanitising record ids and sequences
DEBUG    20/07 15:21:15   Removing sequences smaller than 1000 bases
DEBUG    20/07 15:21:15   Ensuring records have CDS features with all required information
INFO     20/07 15:21:16   Analysing record: NZ_ATVN01000001.1
INFO     20/07 15:21:16   Detecting secondary metabolite clusters
DEBUG    20/07 15:21:16   Checking if antismash.detection.hmm_detection should be run
INFO     20/07 15:21:16   Running antismash.detection.hmm_detection
INFO     20/07 15:21:16   HMM detection using strictness: relaxed
DEBUG    20/07 15:21:19   2 rule-based cluster(s) found in record
DEBUG    20/07 15:21:19   2 protoclusters found
DEBUG    20/07 15:21:19   0 subregions found
INFO     20/07 15:21:19   1 region(s) detected in record
DEBUG    20/07 15:21:19   Checking if antismash.detection.cluster_hmmer should be run
INFO     20/07 15:21:19   Running antismash.detection.cluster_hmmer
INFO     20/07 15:21:19   Running cluster PFAM search
DEBUG    20/07 15:21:34   Building name mapping for HMMer database Pfam-A.hmm
DEBUG    20/07 15:21:39   Building cutoff mapping for HMMer database /databases/pfam/34.0/Pfam-A.hmm
DEBUG    20/07 15:21:43   Adding detection results from antismash.detection.cluster_hmmer to record
DEBUG    20/07 15:21:43   Checking if antismash.detection.genefunctions should be run
INFO     20/07 15:21:43   Running antismash.detection.genefunctions
DEBUG    20/07 15:21:45   Adding detection results from antismash.detection.genefunctions to record
DEBUG    20/07 15:21:45   annotating CDS features with resist info: 0 CDSes
DEBUG    20/07 15:21:45   annotating CDS features with smcogs info: 14 CDSes
DEBUG    20/07 15:21:45   Checking if antismash.detection.nrps_pks_domains should be run
INFO     20/07 15:21:45   Running antismash.detection.nrps_pks_domains
DEBUG    20/07 15:21:45   Marking NRPS/PKS CDS features and domains in clusters
DEBUG    20/07 15:21:46   Adding detection results from antismash.detection.nrps_pks_domains to record
DEBUG    20/07 15:21:46   Checking if antismash.detection.tigrfam should be run
INFO     20/07 15:21:46   Running antismash.detection.tigrfam
INFO     20/07 15:21:46   Running TIGRFam search
DEBUG    20/07 15:21:51   Building name mapping for HMMer database TIGRFam.hmm
DEBUG    20/07 15:21:53   Adding detection results from antismash.detection.tigrfam to record
DEBUG    20/07 15:21:53   Checking if antismash.modules.active_site_finder should be run
INFO     20/07 15:21:53   Running antismash.modules.active_site_finder
DEBUG    20/07 15:21:53   Checking if antismash.modules.cluster_compare should be run
INFO     20/07 15:21:53   Running antismash.modules.cluster_compare
DEBUG    20/07 15:21:53   Loading comparison database: MIBiG
DEBUG    20/07 15:21:55   Comparison database loaded
INFO     20/07 15:21:55   Comparing regions to reference database
DEBUG    20/07 15:21:59   Checking if antismash.modules.clusterblast should be run
INFO     20/07 15:21:59   Running antismash.modules.clusterblast
INFO     20/07 15:21:59   Finding internal homologs in each gene cluster...
INFO     20/07 15:21:59   Running ClusterBlast
INFO     20/07 15:21:59   ClusterBlast: Loading gene cluster database into memory...
INFO     20/07 15:22:01   ClusterBlast: Loading gene cluster database proteins into memory...
INFO     20/07 15:22:15   Comparing regions to reference database
INFO     20/07 15:23:32   Running subcluster search
INFO     20/07 15:23:32   SubClusterBlast: Loading gene cluster database into memory...
INFO     20/07 15:23:32   SubClusterBlast: Loading gene cluster database proteins into memory...
INFO     20/07 15:23:33   Running known cluster search
INFO     20/07 15:23:33   KnownClusterBlast: Loading gene cluster database into memory...
INFO     20/07 15:23:33   KnownClusterBlast: Loading gene cluster database proteins into memory...
DEBUG    20/07 15:23:33   Running DIAMOND knowncluster searches..
INFO     20/07 15:23:33   Comparing regions to reference database
DEBUG    20/07 15:23:38   Checking if antismash.modules.lanthipeptides should be run
INFO     20/07 15:23:38   Running antismash.modules.lanthipeptides
DEBUG    20/07 15:23:38   Lanthipeptide module marked 0 motifs
DEBUG    20/07 15:23:39   Checking if antismash.modules.lassopeptides should be run
INFO     20/07 15:23:39   Running antismash.modules.lassopeptides
DEBUG    20/07 15:23:43   Lassopeptide module marked 0 motifs
DEBUG    20/07 15:23:43   Checking if antismash.modules.nrps_pks should be run
INFO     20/07 15:23:43   Running antismash.modules.nrps_pks
INFO     20/07 15:23:43   Predicting A domain substrate specificities with nrpys
INFO     20/07 15:23:44   Predicting PKS AT domain substrate specificities by Yadav et al. PKS signature sequences
INFO     20/07 15:23:44   Predicting PKS AT domain substrate specificities by Minowa et al. method
INFO     20/07 15:23:46   Predicting CAL domain substrate specificities by Minowa et al. method
INFO     20/07 15:23:46   Predicting PKS KR activity and stereochemistry using KR fingerprints from Starcevic et al.
DEBUG    20/07 15:23:46   CandidateCluster 1 monomer ordering method: colinear
DEBUG    20/07 15:23:46   CandidateCluster 2 monomer ordering method: colinear
DEBUG    20/07 15:23:46   CandidateCluster 3 monomer ordering method: colinear
DEBUG    20/07 15:23:46   Checking if antismash.modules.pfam2go should be run
INFO     20/07 15:23:46   Running antismash.modules.pfam2go
DEBUG    20/07 15:23:46   Checking if antismash.modules.rrefinder should be run
INFO     20/07 15:23:46   Running antismash.modules.rrefinder
DEBUG    20/07 15:23:46   Checking if antismash.modules.sactipeptides should be run
INFO     20/07 15:23:46   Running antismash.modules.sactipeptides
DEBUG    20/07 15:23:46   Found no sactipeptide motifs
DEBUG    20/07 15:23:48   Checking if antismash.modules.t2pks should be run
INFO     20/07 15:23:48   Running antismash.modules.t2pks
DEBUG    20/07 15:23:48   No type II PKS clusters to analyze
DEBUG    20/07 15:23:48   Checking if antismash.modules.tfbs_finder should be run
INFO     20/07 15:23:48   Running antismash.modules.tfbs_finder
DEBUG    20/07 15:23:48   Checking if antismash.modules.thiopeptides should be run
INFO     20/07 15:23:48   Running antismash.modules.thiopeptides
DEBUG    20/07 15:23:48   Thiopeptides marked 0 motifs
DEBUG    20/07 15:23:49   Checking if antismash.modules.tta should be run
INFO     20/07 15:23:49   Running antismash.modules.tta
INFO     20/07 15:23:49   Skipping TTA codon detection, GC content too low: 59%
INFO     20/07 15:23:49   Analysing record: NZ_ATVN01000002.1
INFO     20/07 15:23:49   Detecting secondary metabolite clusters
DEBUG    20/07 15:23:49   Checking if antismash.detection.hmm_detection should be run
INFO     20/07 15:23:49   Running antismash.detection.hmm_detection
INFO     20/07 15:23:49   HMM detection using strictness: relaxed
DEBUG    20/07 15:23:51   0 rule-based cluster(s) found in record
DEBUG    20/07 15:23:51   0 protoclusters found
DEBUG    20/07 15:23:51   0 subregions found
INFO     20/07 15:23:51   No regions detected, skipping record
INFO     20/07 15:23:51   Analysing record: NZ_ATVN01000003.1
INFO     20/07 15:23:51   Detecting secondary metabolite clusters
DEBUG    20/07 15:23:51   Checking if antismash.detection.hmm_detection should be run
INFO     20/07 15:23:51   Running antismash.detection.hmm_detection
INFO     20/07 15:23:51   HMM detection using strictness: relaxed
DEBUG    20/07 15:23:53   1 rule-based cluster(s) found in record
DEBUG    20/07 15:23:53   1 protoclusters found
DEBUG    20/07 15:23:53   0 subregions found
INFO     20/07 15:23:53   1 region(s) detected in record
DEBUG    20/07 15:23:53   Checking if antismash.detection.cluster_hmmer should be run
INFO     20/07 15:23:53   Running antismash.detection.cluster_hmmer
INFO     20/07 15:23:53   Running cluster PFAM search
DEBUG    20/07 15:24:12   Adding detection results from antismash.detection.cluster_hmmer to record
DEBUG    20/07 15:24:12   Checking if antismash.detection.genefunctions should be run
INFO     20/07 15:24:12   Running antismash.detection.genefunctions
DEBUG    20/07 15:24:14   Adding detection results from antismash.detection.genefunctions to record
DEBUG    20/07 15:24:14   annotating CDS features with resist info: 0 CDSes
DEBUG    20/07 15:24:14   annotating CDS features with smcogs info: 15 CDSes
DEBUG    20/07 15:24:14   Checking if antismash.detection.nrps_pks_domains should be run
INFO     20/07 15:24:14   Running antismash.detection.nrps_pks_domains
DEBUG    20/07 15:24:14   Marking NRPS/PKS CDS features and domains in clusters
DEBUG    20/07 15:24:14   Adding detection results from antismash.detection.nrps_pks_domains to record
DEBUG    20/07 15:24:14   Checking if antismash.detection.tigrfam should be run
INFO     20/07 15:24:14   Running antismash.detection.tigrfam
INFO     20/07 15:24:14   Running TIGRFam search
DEBUG    20/07 15:24:20   Adding detection results from antismash.detection.tigrfam to record
DEBUG    20/07 15:24:20   Checking if antismash.modules.active_site_finder should be run
INFO     20/07 15:24:20   Running antismash.modules.active_site_finder
DEBUG    20/07 15:24:20   Checking if antismash.modules.cluster_compare should be run
INFO     20/07 15:24:20   Running antismash.modules.cluster_compare
DEBUG    20/07 15:24:20   Loading comparison database: MIBiG
DEBUG    20/07 15:24:20   Comparison database loaded
INFO     20/07 15:24:20   Comparing regions to reference database
DEBUG    20/07 15:24:24   Checking if antismash.modules.clusterblast should be run
INFO     20/07 15:24:24   Running antismash.modules.clusterblast
INFO     20/07 15:24:24   Finding internal homologs in each gene cluster...
INFO     20/07 15:24:25   Running ClusterBlast
INFO     20/07 15:24:25   ClusterBlast: Loading gene cluster database into memory...
INFO     20/07 15:24:26   ClusterBlast: Loading gene cluster database proteins into memory...
INFO     20/07 15:24:40   Comparing regions to reference database
INFO     20/07 15:25:51   Running subcluster search
INFO     20/07 15:25:51   SubClusterBlast: Loading gene cluster database into memory...
INFO     20/07 15:25:51   SubClusterBlast: Loading gene cluster database proteins into memory...
INFO     20/07 15:25:53   Running known cluster search
INFO     20/07 15:25:53   KnownClusterBlast: Loading gene cluster database into memory...
INFO     20/07 15:25:53   KnownClusterBlast: Loading gene cluster database proteins into memory...
DEBUG    20/07 15:25:53   Running DIAMOND knowncluster searches..
INFO     20/07 15:25:53   Comparing regions to reference database
DEBUG    20/07 15:25:57   Checking if antismash.modules.lanthipeptides should be run
INFO     20/07 15:25:57   Running antismash.modules.lanthipeptides
DEBUG    20/07 15:25:57   Lanthipeptide module marked 0 motifs
DEBUG    20/07 15:25:58   Checking if antismash.modules.lassopeptides should be run
INFO     20/07 15:25:58   Running antismash.modules.lassopeptides
DEBUG    20/07 15:26:00   Lassopeptide module marked 0 motifs
DEBUG    20/07 15:26:00   Checking if antismash.modules.nrps_pks should be run
INFO     20/07 15:26:00   Running antismash.modules.nrps_pks
INFO     20/07 15:26:00   Predicting A domain substrate specificities with nrpys
DEBUG    20/07 15:26:00   CandidateCluster 1 monomer ordering method: colinear
DEBUG    20/07 15:26:00   Checking if antismash.modules.pfam2go should be run
INFO     20/07 15:26:00   Running antismash.modules.pfam2go
DEBUG    20/07 15:26:00   Checking if antismash.modules.rrefinder should be run
INFO     20/07 15:26:00   Running antismash.modules.rrefinder
DEBUG    20/07 15:26:00   Checking if antismash.modules.sactipeptides should be run
INFO     20/07 15:26:00   Running antismash.modules.sactipeptides
DEBUG    20/07 15:26:00   Found no sactipeptide motifs
DEBUG    20/07 15:26:01   Checking if antismash.modules.t2pks should be run
INFO     20/07 15:26:01   Running antismash.modules.t2pks
DEBUG    20/07 15:26:01   No type II PKS clusters to analyze
DEBUG    20/07 15:26:01   Checking if antismash.modules.tfbs_finder should be run
INFO     20/07 15:26:01   Running antismash.modules.tfbs_finder
DEBUG    20/07 15:26:01   Checking if antismash.modules.thiopeptides should be run
INFO     20/07 15:26:01   Running antismash.modules.thiopeptides
DEBUG    20/07 15:26:01   Thiopeptides marked 0 motifs
DEBUG    20/07 15:26:02   Checking if antismash.modules.tta should be run
INFO     20/07 15:26:02   Running antismash.modules.tta
INFO     20/07 15:26:02   Skipping TTA codon detection, GC content too low: 59%
INFO     20/07 15:26:02   Analysing record: NZ_ATVN01000004.1
INFO     20/07 15:26:02   Detecting secondary metabolite clusters
DEBUG    20/07 15:26:02   Checking if antismash.detection.hmm_detection should be run
INFO     20/07 15:26:02   Running antismash.detection.hmm_detection
INFO     20/07 15:26:02   HMM detection using strictness: relaxed
DEBUG    20/07 15:26:04   0 rule-based cluster(s) found in record
DEBUG    20/07 15:26:04   0 protoclusters found
DEBUG    20/07 15:26:04   0 subregions found
INFO     20/07 15:26:04   No regions detected, skipping record
INFO     20/07 15:26:04   Analysing record: NZ_ATVN01000005.1
INFO     20/07 15:26:04   Detecting secondary metabolite clusters
DEBUG    20/07 15:26:04   Checking if antismash.detection.hmm_detection should be run
INFO     20/07 15:26:04   Running antismash.detection.hmm_detection
INFO     20/07 15:26:04   HMM detection using strictness: relaxed
DEBUG    20/07 15:26:06   0 rule-based cluster(s) found in record
DEBUG    20/07 15:26:06   0 protoclusters found
DEBUG    20/07 15:26:06   0 subregions found
INFO     20/07 15:26:06   No regions detected, skipping record
INFO     20/07 15:26:06   Analysing record: NZ_ATVN01000006.1
INFO     20/07 15:26:06   Detecting secondary metabolite clusters
DEBUG    20/07 15:26:06   Checking if antismash.detection.hmm_detection should be run
INFO     20/07 15:26:06   Running antismash.detection.hmm_detection
INFO     20/07 15:26:06   HMM detection using strictness: relaxed
DEBUG    20/07 15:26:07   0 rule-based cluster(s) found in record
DEBUG    20/07 15:26:07   0 protoclusters found
DEBUG    20/07 15:26:07   0 subregions found
INFO     20/07 15:26:07   No regions detected, skipping record
INFO     20/07 15:26:07   Analysing record: NZ_ATVN01000007.1
INFO     20/07 15:26:07   Detecting secondary metabolite clusters
DEBUG    20/07 15:26:07   Checking if antismash.detection.hmm_detection should be run
INFO     20/07 15:26:07   Running antismash.detection.hmm_detection
INFO     20/07 15:26:07   HMM detection using strictness: relaxed
DEBUG    20/07 15:26:09   1 rule-based cluster(s) found in record
DEBUG    20/07 15:26:09   1 protoclusters found
DEBUG    20/07 15:26:09   0 subregions found
INFO     20/07 15:26:09   1 region(s) detected in record
DEBUG    20/07 15:26:09   Checking if antismash.detection.cluster_hmmer should be run
INFO     20/07 15:26:09   Running antismash.detection.cluster_hmmer
INFO     20/07 15:26:09   Running cluster PFAM search
DEBUG    20/07 15:26:17   Adding detection results from antismash.detection.cluster_hmmer to record
DEBUG    20/07 15:26:17   Checking if antismash.detection.genefunctions should be run
INFO     20/07 15:26:17   Running antismash.detection.genefunctions
DEBUG    20/07 15:26:18   Adding detection results from antismash.detection.genefunctions to record
DEBUG    20/07 15:26:18   annotating CDS features with resist info: 0 CDSes
DEBUG    20/07 15:26:18   annotating CDS features with smcogs info: 4 CDSes
DEBUG    20/07 15:26:18   Checking if antismash.detection.nrps_pks_domains should be run
INFO     20/07 15:26:18   Running antismash.detection.nrps_pks_domains
DEBUG    20/07 15:26:18   Marking NRPS/PKS CDS features and domains in clusters
DEBUG    20/07 15:26:19   Adding detection results from antismash.detection.nrps_pks_domains to record
DEBUG    20/07 15:26:19   Checking if antismash.detection.tigrfam should be run
INFO     20/07 15:26:19   Running antismash.detection.tigrfam
INFO     20/07 15:26:19   Running TIGRFam search
DEBUG    20/07 15:26:21   Adding detection results from antismash.detection.tigrfam to record
DEBUG    20/07 15:26:21   Checking if antismash.modules.active_site_finder should be run
INFO     20/07 15:26:21   Running antismash.modules.active_site_finder
DEBUG    20/07 15:26:22   Checking if antismash.modules.cluster_compare should be run
INFO     20/07 15:26:22   Running antismash.modules.cluster_compare
DEBUG    20/07 15:26:22   Loading comparison database: MIBiG
DEBUG    20/07 15:26:22   Comparison database loaded
INFO     20/07 15:26:22   Comparing regions to reference database
DEBUG    20/07 15:26:23   Checking if antismash.modules.clusterblast should be run
INFO     20/07 15:26:23   Running antismash.modules.clusterblast
INFO     20/07 15:26:23   Finding internal homologs in each gene cluster...
INFO     20/07 15:26:24   Running ClusterBlast
INFO     20/07 15:26:24   ClusterBlast: Loading gene cluster database into memory...
INFO     20/07 15:26:26   ClusterBlast: Loading gene cluster database proteins into memory...
INFO     20/07 15:26:42   Comparing regions to reference database
INFO     20/07 15:27:49   Running subcluster search
INFO     20/07 15:27:49   SubClusterBlast: Loading gene cluster database into memory...
INFO     20/07 15:27:49   SubClusterBlast: Loading gene cluster database proteins into memory...
INFO     20/07 15:27:51   Running known cluster search
INFO     20/07 15:27:51   KnownClusterBlast: Loading gene cluster database into memory...
INFO     20/07 15:27:51   KnownClusterBlast: Loading gene cluster database proteins into memory...
DEBUG    20/07 15:27:51   Running DIAMOND knowncluster searches..
INFO     20/07 15:27:51   Comparing regions to reference database
DEBUG    20/07 15:27:54   Checking if antismash.modules.lanthipeptides should be run
INFO     20/07 15:27:54   Running antismash.modules.lanthipeptides
DEBUG    20/07 15:27:54   Lanthipeptide module marked 0 motifs
DEBUG    20/07 15:27:58   Checking if antismash.modules.lassopeptides should be run
INFO     20/07 15:27:58   Running antismash.modules.lassopeptides
DEBUG    20/07 15:27:59   Lassopeptide module marked 0 motifs
DEBUG    20/07 15:27:59   Checking if antismash.modules.nrps_pks should be run
INFO     20/07 15:27:59   Running antismash.modules.nrps_pks
INFO     20/07 15:27:59   Predicting CAL domain substrate specificities by Minowa et al. method
INFO     20/07 15:27:59   Predicting PKS KR activity and stereochemistry using KR fingerprints from Starcevic et al.
DEBUG    20/07 15:27:59   Checking if antismash.modules.pfam2go should be run
INFO     20/07 15:27:59   Running antismash.modules.pfam2go
DEBUG    20/07 15:27:59   Checking if antismash.modules.rrefinder should be run
INFO     20/07 15:27:59   Running antismash.modules.rrefinder
DEBUG    20/07 15:27:59   Checking if antismash.modules.sactipeptides should be run
INFO     20/07 15:27:59   Running antismash.modules.sactipeptides
DEBUG    20/07 15:27:59   Found no sactipeptide motifs
DEBUG    20/07 15:28:00   Checking if antismash.modules.t2pks should be run
INFO     20/07 15:28:00   Running antismash.modules.t2pks
DEBUG    20/07 15:28:00   No type II PKS clusters to analyze
DEBUG    20/07 15:28:00   Checking if antismash.modules.tfbs_finder should be run
INFO     20/07 15:28:00   Running antismash.modules.tfbs_finder
DEBUG    20/07 15:28:01   Checking if antismash.modules.thiopeptides should be run
INFO     20/07 15:28:01   Running antismash.modules.thiopeptides
DEBUG    20/07 15:28:01   Thiopeptides marked 0 motifs
DEBUG    20/07 15:28:03   Checking if antismash.modules.tta should be run
INFO     20/07 15:28:03   Running antismash.modules.tta
INFO     20/07 15:28:03   Skipping TTA codon detection, GC content too low: 59%
INFO     20/07 15:28:03   Analysing record: NZ_ATVN01000008.1
INFO     20/07 15:28:03   Detecting secondary metabolite clusters
DEBUG    20/07 15:28:03   Checking if antismash.detection.hmm_detection should be run
INFO     20/07 15:28:03   Running antismash.detection.hmm_detection
INFO     20/07 15:28:03   HMM detection using strictness: relaxed
DEBUG    20/07 15:28:04   0 rule-based cluster(s) found in record
DEBUG    20/07 15:28:05   0 protoclusters found
DEBUG    20/07 15:28:05   0 subregions found
INFO     20/07 15:28:05   No regions detected, skipping record
INFO     20/07 15:28:05   Analysing record: NZ_ATVN01000009.1
INFO     20/07 15:28:05   Detecting secondary metabolite clusters
DEBUG    20/07 15:28:05   Checking if antismash.detection.hmm_detection should be run
INFO     20/07 15:28:05   Running antismash.detection.hmm_detection
INFO     20/07 15:28:05   HMM detection using strictness: relaxed
DEBUG    20/07 15:28:06   0 rule-based cluster(s) found in record
DEBUG    20/07 15:28:06   0 protoclusters found
DEBUG    20/07 15:28:06   0 subregions found
INFO     20/07 15:28:06   No regions detected, skipping record
INFO     20/07 15:28:06   Analysing record: NZ_ATVN01000010.1
INFO     20/07 15:28:06   Detecting secondary metabolite clusters
DEBUG    20/07 15:28:06   Checking if antismash.detection.hmm_detection should be run
INFO     20/07 15:28:06   Running antismash.detection.hmm_detection
INFO     20/07 15:28:06   HMM detection using strictness: relaxed
DEBUG    20/07 15:28:07   0 rule-based cluster(s) found in record
DEBUG    20/07 15:28:07   0 protoclusters found
DEBUG    20/07 15:28:07   0 subregions found
INFO     20/07 15:28:07   No regions detected, skipping record
INFO     20/07 15:28:07   Analysing record: NZ_ATVN01000011.1
INFO     20/07 15:28:07   Detecting secondary metabolite clusters
DEBUG    20/07 15:28:07   Checking if antismash.detection.hmm_detection should be run
INFO     20/07 15:28:07   Running antismash.detection.hmm_detection
INFO     20/07 15:28:07   HMM detection using strictness: relaxed
DEBUG    20/07 15:28:08   1 rule-based cluster(s) found in record
DEBUG    20/07 15:28:08   1 protoclusters found
DEBUG    20/07 15:28:08   0 subregions found
INFO     20/07 15:28:08   1 region(s) detected in record
DEBUG    20/07 15:28:08   Checking if antismash.detection.cluster_hmmer should be run
INFO     20/07 15:28:08   Running antismash.detection.cluster_hmmer
INFO     20/07 15:28:08   Running cluster PFAM search
DEBUG    20/07 15:28:12   Adding detection results from antismash.detection.cluster_hmmer to record
DEBUG    20/07 15:28:12   Checking if antismash.detection.genefunctions should be run
INFO     20/07 15:28:12   Running antismash.detection.genefunctions
DEBUG    20/07 15:28:13   Adding detection results from antismash.detection.genefunctions to record
DEBUG    20/07 15:28:13   annotating CDS features with resist info: 0 CDSes
DEBUG    20/07 15:28:13   annotating CDS features with smcogs info: 4 CDSes
DEBUG    20/07 15:28:13   Checking if antismash.detection.nrps_pks_domains should be run
INFO     20/07 15:28:13   Running antismash.detection.nrps_pks_domains
DEBUG    20/07 15:28:13   Marking NRPS/PKS CDS features and domains in clusters
DEBUG    20/07 15:28:14   Adding detection results from antismash.detection.nrps_pks_domains to record
DEBUG    20/07 15:28:14   Checking if antismash.detection.tigrfam should be run
INFO     20/07 15:28:14   Running antismash.detection.tigrfam
INFO     20/07 15:28:14   Running TIGRFam search
DEBUG    20/07 15:28:15   Adding detection results from antismash.detection.tigrfam to record
DEBUG    20/07 15:28:15   Checking if antismash.modules.active_site_finder should be run
INFO     20/07 15:28:15   Running antismash.modules.active_site_finder
DEBUG    20/07 15:28:15   Checking if antismash.modules.cluster_compare should be run
INFO     20/07 15:28:15   Running antismash.modules.cluster_compare
DEBUG    20/07 15:28:15   Loading comparison database: MIBiG
DEBUG    20/07 15:28:15   Comparison database loaded
INFO     20/07 15:28:15   Comparing regions to reference database
DEBUG    20/07 15:28:17   Checking if antismash.modules.clusterblast should be run
INFO     20/07 15:28:17   Running antismash.modules.clusterblast
INFO     20/07 15:28:17   Finding internal homologs in each gene cluster...
INFO     20/07 15:28:18   Running ClusterBlast
INFO     20/07 15:28:18   ClusterBlast: Loading gene cluster database into memory...
INFO     20/07 15:28:20   ClusterBlast: Loading gene cluster database proteins into memory...
INFO     20/07 15:28:35   Comparing regions to reference database
INFO     20/07 15:29:41   Running subcluster search
INFO     20/07 15:29:41   SubClusterBlast: Loading gene cluster database into memory...
INFO     20/07 15:29:41   SubClusterBlast: Loading gene cluster database proteins into memory...
INFO     20/07 15:29:42   Running known cluster search
INFO     20/07 15:29:42   KnownClusterBlast: Loading gene cluster database into memory...
INFO     20/07 15:29:42   KnownClusterBlast: Loading gene cluster database proteins into memory...
DEBUG    20/07 15:29:42   Running DIAMOND knowncluster searches..
INFO     20/07 15:29:42   Comparing regions to reference database
DEBUG    20/07 15:29:45   Checking if antismash.modules.lanthipeptides should be run
INFO     20/07 15:29:45   Running antismash.modules.lanthipeptides
DEBUG    20/07 15:29:45   Lanthipeptide module marked 0 motifs
DEBUG    20/07 15:29:46   Checking if antismash.modules.lassopeptides should be run
INFO     20/07 15:29:46   Running antismash.modules.lassopeptides
DEBUG    20/07 15:29:48   Lassopeptide module marked 0 motifs
DEBUG    20/07 15:29:48   Checking if antismash.modules.nrps_pks should be run
INFO     20/07 15:29:48   Running antismash.modules.nrps_pks
DEBUG    20/07 15:29:48   Checking if antismash.modules.pfam2go should be run
INFO     20/07 15:29:48   Running antismash.modules.pfam2go
DEBUG    20/07 15:29:48   Checking if antismash.modules.rrefinder should be run
INFO     20/07 15:29:48   Running antismash.modules.rrefinder
DEBUG    20/07 15:29:48   Checking if antismash.modules.sactipeptides should be run
INFO     20/07 15:29:48   Running antismash.modules.sactipeptides
DEBUG    20/07 15:29:48   Found no sactipeptide motifs
DEBUG    20/07 15:29:49   Checking if antismash.modules.t2pks should be run
INFO     20/07 15:29:49   Running antismash.modules.t2pks
DEBUG    20/07 15:29:49   No type II PKS clusters to analyze
DEBUG    20/07 15:29:49   Checking if antismash.modules.tfbs_finder should be run
INFO     20/07 15:29:49   Running antismash.modules.tfbs_finder
DEBUG    20/07 15:29:49   Checking if antismash.modules.thiopeptides should be run
INFO     20/07 15:29:49   Running antismash.modules.thiopeptides
DEBUG    20/07 15:29:49   Thiopeptides marked 0 motifs
DEBUG    20/07 15:29:52   Checking if antismash.modules.tta should be run
INFO     20/07 15:29:52   Running antismash.modules.tta
INFO     20/07 15:29:52   Skipping TTA codon detection, GC content too low: 59%
INFO     20/07 15:29:52   Analysing record: NZ_ATVN01000012.1
INFO     20/07 15:29:52   Detecting secondary metabolite clusters
DEBUG    20/07 15:29:52   Checking if antismash.detection.hmm_detection should be run
INFO     20/07 15:29:52   Running antismash.detection.hmm_detection
INFO     20/07 15:29:52   HMM detection using strictness: relaxed
DEBUG    20/07 15:29:53   0 rule-based cluster(s) found in record
DEBUG    20/07 15:29:53   0 protoclusters found
DEBUG    20/07 15:29:53   0 subregions found
INFO     20/07 15:29:53   No regions detected, skipping record
INFO     20/07 15:29:53   Analysing record: NZ_ATVN01000013.1
INFO     20/07 15:29:53   Detecting secondary metabolite clusters
DEBUG    20/07 15:29:53   Checking if antismash.detection.hmm_detection should be run
INFO     20/07 15:29:53   Running antismash.detection.hmm_detection
INFO     20/07 15:29:53   HMM detection using strictness: relaxed
DEBUG    20/07 15:29:54   0 rule-based cluster(s) found in record
DEBUG    20/07 15:29:55   0 protoclusters found
DEBUG    20/07 15:29:55   0 subregions found
INFO     20/07 15:29:55   No regions detected, skipping record
INFO     20/07 15:29:55   Analysing record: NZ_ATVN01000014.1
INFO     20/07 15:29:55   Detecting secondary metabolite clusters
DEBUG    20/07 15:29:55   Checking if antismash.detection.hmm_detection should be run
INFO     20/07 15:29:55   Running antismash.detection.hmm_detection
INFO     20/07 15:29:55   HMM detection using strictness: relaxed
DEBUG    20/07 15:29:56   0 rule-based cluster(s) found in record
DEBUG    20/07 15:29:56   0 protoclusters found
DEBUG    20/07 15:29:56   0 subregions found
INFO     20/07 15:29:56   No regions detected, skipping record
INFO     20/07 15:29:56   Analysing record: NZ_ATVN01000015.1
INFO     20/07 15:29:56   Detecting secondary metabolite clusters
DEBUG    20/07 15:29:56   Checking if antismash.detection.hmm_detection should be run
INFO     20/07 15:29:56   Running antismash.detection.hmm_detection
INFO     20/07 15:29:56   HMM detection using strictness: relaxed
DEBUG    20/07 15:29:57   0 rule-based cluster(s) found in record
DEBUG    20/07 15:29:57   0 protoclusters found
DEBUG    20/07 15:29:57   0 subregions found
INFO     20/07 15:29:57   No regions detected, skipping record
INFO     20/07 15:29:57   Analysing record: NZ_ATVN01000016.1
INFO     20/07 15:29:57   Detecting secondary metabolite clusters
DEBUG    20/07 15:29:57   Checking if antismash.detection.hmm_detection should be run
INFO     20/07 15:29:57   Running antismash.detection.hmm_detection
INFO     20/07 15:29:57   HMM detection using strictness: relaxed
DEBUG    20/07 15:29:58   1 rule-based cluster(s) found in record
DEBUG    20/07 15:29:58   1 protoclusters found
DEBUG    20/07 15:29:58   0 subregions found
INFO     20/07 15:29:58   1 region(s) detected in record
DEBUG    20/07 15:29:58   Checking if antismash.detection.cluster_hmmer should be run
INFO     20/07 15:29:58   Running antismash.detection.cluster_hmmer
INFO     20/07 15:29:58   Running cluster PFAM search
DEBUG    20/07 15:30:06   Adding detection results from antismash.detection.cluster_hmmer to record
DEBUG    20/07 15:30:06   Checking if antismash.detection.genefunctions should be run
INFO     20/07 15:30:06   Running antismash.detection.genefunctions
DEBUG    20/07 15:30:07   Adding detection results from antismash.detection.genefunctions to record
DEBUG    20/07 15:30:07   annotating CDS features with resist info: 0 CDSes
DEBUG    20/07 15:30:07   annotating CDS features with smcogs info: 5 CDSes
DEBUG    20/07 15:30:07   Checking if antismash.detection.nrps_pks_domains should be run
INFO     20/07 15:30:07   Running antismash.detection.nrps_pks_domains
DEBUG    20/07 15:30:07   Marking NRPS/PKS CDS features and domains in clusters
DEBUG    20/07 15:30:07   Adding detection results from antismash.detection.nrps_pks_domains to record
DEBUG    20/07 15:30:07   Checking if antismash.detection.tigrfam should be run
INFO     20/07 15:30:07   Running antismash.detection.tigrfam
INFO     20/07 15:30:07   Running TIGRFam search
DEBUG    20/07 15:30:10   Adding detection results from antismash.detection.tigrfam to record
DEBUG    20/07 15:30:10   Checking if antismash.modules.active_site_finder should be run
INFO     20/07 15:30:10   Running antismash.modules.active_site_finder
DEBUG    20/07 15:30:10   Checking if antismash.modules.cluster_compare should be run
INFO     20/07 15:30:10   Running antismash.modules.cluster_compare
DEBUG    20/07 15:30:10   Loading comparison database: MIBiG
DEBUG    20/07 15:30:10   Comparison database loaded
INFO     20/07 15:30:10   Comparing regions to reference database
DEBUG    20/07 15:30:12   Checking if antismash.modules.clusterblast should be run
INFO     20/07 15:30:12   Running antismash.modules.clusterblast
INFO     20/07 15:30:12   Finding internal homologs in each gene cluster...
INFO     20/07 15:30:12   Running ClusterBlast
INFO     20/07 15:30:12   ClusterBlast: Loading gene cluster database into memory...
INFO     20/07 15:30:14   ClusterBlast: Loading gene cluster database proteins into memory...
INFO     20/07 15:30:28   Comparing regions to reference database
INFO     20/07 15:31:35   Running subcluster search
INFO     20/07 15:31:35   SubClusterBlast: Loading gene cluster database into memory...
INFO     20/07 15:31:35   SubClusterBlast: Loading gene cluster database proteins into memory...
INFO     20/07 15:31:36   Running known cluster search
INFO     20/07 15:31:36   KnownClusterBlast: Loading gene cluster database into memory...
INFO     20/07 15:31:36   KnownClusterBlast: Loading gene cluster database proteins into memory...
DEBUG    20/07 15:31:36   Running DIAMOND knowncluster searches..
INFO     20/07 15:31:36   Comparing regions to reference database
DEBUG    20/07 15:31:39   Checking if antismash.modules.lanthipeptides should be run
INFO     20/07 15:31:39   Running antismash.modules.lanthipeptides
DEBUG    20/07 15:31:39   Lanthipeptide module marked 0 motifs
DEBUG    20/07 15:31:41   Checking if antismash.modules.lassopeptides should be run
INFO     20/07 15:31:41   Running antismash.modules.lassopeptides
DEBUG    20/07 15:31:42   Lassopeptide module marked 0 motifs
DEBUG    20/07 15:31:42   Checking if antismash.modules.nrps_pks should be run
INFO     20/07 15:31:42   Running antismash.modules.nrps_pks
DEBUG    20/07 15:31:42   No NRPS or PKS genes found, skipping analysis
DEBUG    20/07 15:31:42   Checking if antismash.modules.pfam2go should be run
INFO     20/07 15:31:42   Running antismash.modules.pfam2go
DEBUG    20/07 15:31:42   Checking if antismash.modules.rrefinder should be run
INFO     20/07 15:31:42   Running antismash.modules.rrefinder
DEBUG    20/07 15:31:42   Checking if antismash.modules.sactipeptides should be run
INFO     20/07 15:31:42   Running antismash.modules.sactipeptides
DEBUG    20/07 15:31:42   Found no sactipeptide motifs
DEBUG    20/07 15:31:44   Checking if antismash.modules.t2pks should be run
INFO     20/07 15:31:44   Running antismash.modules.t2pks
DEBUG    20/07 15:31:44   No type II PKS clusters to analyze
DEBUG    20/07 15:31:44   Checking if antismash.modules.tfbs_finder should be run
INFO     20/07 15:31:44   Running antismash.modules.tfbs_finder
DEBUG    20/07 15:31:44   Checking if antismash.modules.thiopeptides should be run
INFO     20/07 15:31:44   Running antismash.modules.thiopeptides
DEBUG    20/07 15:31:44   Thiopeptides marked 0 motifs
DEBUG    20/07 15:31:50   Checking if antismash.modules.tta should be run
INFO     20/07 15:31:50   Running antismash.modules.tta
INFO     20/07 15:31:50   Skipping TTA codon detection, GC content too low: 57%
INFO     20/07 15:31:50   Analysing record: NZ_ATVN01000017.1
INFO     20/07 15:31:50   Detecting secondary metabolite clusters
DEBUG    20/07 15:31:50   Checking if antismash.detection.hmm_detection should be run
INFO     20/07 15:31:50   Running antismash.detection.hmm_detection
INFO     20/07 15:31:50   HMM detection using strictness: relaxed
DEBUG    20/07 15:31:51   0 rule-based cluster(s) found in record
DEBUG    20/07 15:31:51   0 protoclusters found
DEBUG    20/07 15:31:51   0 subregions found
INFO     20/07 15:31:51   No regions detected, skipping record
INFO     20/07 15:31:51   Analysing record: NZ_ATVN01000018.1
INFO     20/07 15:31:51   Detecting secondary metabolite clusters
DEBUG    20/07 15:31:51   Checking if antismash.detection.hmm_detection should be run
INFO     20/07 15:31:51   Running antismash.detection.hmm_detection
INFO     20/07 15:31:51   HMM detection using strictness: relaxed
DEBUG    20/07 15:31:52   0 rule-based cluster(s) found in record
DEBUG    20/07 15:31:52   0 protoclusters found
DEBUG    20/07 15:31:52   0 subregions found
INFO     20/07 15:31:52   No regions detected, skipping record
INFO     20/07 15:31:52   Analysing record: NZ_ATVN01000019.1
INFO     20/07 15:31:52   Detecting secondary metabolite clusters
DEBUG    20/07 15:31:52   Checking if antismash.detection.hmm_detection should be run
INFO     20/07 15:31:52   Running antismash.detection.hmm_detection
INFO     20/07 15:31:52   HMM detection using strictness: relaxed
DEBUG    20/07 15:31:53   0 rule-based cluster(s) found in record
DEBUG    20/07 15:31:53   0 protoclusters found
DEBUG    20/07 15:31:53   0 subregions found
INFO     20/07 15:31:53   No regions detected, skipping record
INFO     20/07 15:31:53   Analysing record: NZ_ATVN01000020.1
INFO     20/07 15:31:53   Detecting secondary metabolite clusters
DEBUG    20/07 15:31:53   Checking if antismash.detection.hmm_detection should be run
INFO     20/07 15:31:53   Running antismash.detection.hmm_detection
INFO     20/07 15:31:53   HMM detection using strictness: relaxed
DEBUG    20/07 15:31:54   0 rule-based cluster(s) found in record
DEBUG    20/07 15:31:54   0 protoclusters found
DEBUG    20/07 15:31:54   0 subregions found
INFO     20/07 15:31:54   No regions detected, skipping record
INFO     20/07 15:31:54   Analysing record: NZ_ATVN01000021.1
INFO     20/07 15:31:54   Detecting secondary metabolite clusters
DEBUG    20/07 15:31:54   Checking if antismash.detection.hmm_detection should be run
INFO     20/07 15:31:54   Running antismash.detection.hmm_detection
INFO     20/07 15:31:54   HMM detection using strictness: relaxed
DEBUG    20/07 15:31:55   0 rule-based cluster(s) found in record
DEBUG    20/07 15:31:55   0 protoclusters found
DEBUG    20/07 15:31:55   0 subregions found
INFO     20/07 15:31:55   No regions detected, skipping record
INFO     20/07 15:31:55   Analysing record: NZ_ATVN01000022.1
INFO     20/07 15:31:55   Detecting secondary metabolite clusters
DEBUG    20/07 15:31:55   Checking if antismash.detection.hmm_detection should be run
INFO     20/07 15:31:55   Running antismash.detection.hmm_detection
INFO     20/07 15:31:55   HMM detection using strictness: relaxed
DEBUG    20/07 15:31:56   0 rule-based cluster(s) found in record
DEBUG    20/07 15:31:56   0 protoclusters found
DEBUG    20/07 15:31:56   0 subregions found
INFO     20/07 15:31:56   No regions detected, skipping record
INFO     20/07 15:31:56   Analysing record: NZ_ATVN01000023.1
INFO     20/07 15:31:56   Detecting secondary metabolite clusters
DEBUG    20/07 15:31:56   Checking if antismash.detection.hmm_detection should be run
INFO     20/07 15:31:56   Running antismash.detection.hmm_detection
INFO     20/07 15:31:56   HMM detection using strictness: relaxed
DEBUG    20/07 15:31:56   0 rule-based cluster(s) found in record
DEBUG    20/07 15:31:56   0 protoclusters found
DEBUG    20/07 15:31:56   0 subregions found
INFO     20/07 15:31:56   No regions detected, skipping record
INFO     20/07 15:31:56   Analysing record: NZ_ATVN01000024.1
INFO     20/07 15:31:56   Detecting secondary metabolite clusters
DEBUG    20/07 15:31:56   Checking if antismash.detection.hmm_detection should be run
INFO     20/07 15:31:56   Running antismash.detection.hmm_detection
INFO     20/07 15:31:56   HMM detection using strictness: relaxed
DEBUG    20/07 15:31:57   0 rule-based cluster(s) found in record
DEBUG    20/07 15:31:57   0 protoclusters found
DEBUG    20/07 15:31:57   0 subregions found
INFO     20/07 15:31:57   No regions detected, skipping record
INFO     20/07 15:31:57   Analysing record: NZ_ATVN01000025.1
INFO     20/07 15:31:57   Detecting secondary metabolite clusters
DEBUG    20/07 15:31:57   Checking if antismash.detection.hmm_detection should be run
INFO     20/07 15:31:57   Running antismash.detection.hmm_detection
INFO     20/07 15:31:57   HMM detection using strictness: relaxed
DEBUG    20/07 15:31:58   0 rule-based cluster(s) found in record
DEBUG    20/07 15:31:58   0 protoclusters found
DEBUG    20/07 15:31:58   0 subregions found
INFO     20/07 15:31:58   No regions detected, skipping record
INFO     20/07 15:31:58   Analysing record: NZ_ATVN01000026.1
INFO     20/07 15:31:58   Detecting secondary metabolite clusters
DEBUG    20/07 15:31:58   Checking if antismash.detection.hmm_detection should be run
INFO     20/07 15:31:58   Running antismash.detection.hmm_detection
INFO     20/07 15:31:58   HMM detection using strictness: relaxed
DEBUG    20/07 15:31:59   0 rule-based cluster(s) found in record
DEBUG    20/07 15:31:59   0 protoclusters found
DEBUG    20/07 15:31:59   0 subregions found
INFO     20/07 15:31:59   No regions detected, skipping record
INFO     20/07 15:31:59   Analysing record: NZ_ATVN01000027.1
INFO     20/07 15:31:59   Detecting secondary metabolite clusters
DEBUG    20/07 15:31:59   Checking if antismash.detection.hmm_detection should be run
INFO     20/07 15:31:59   Running antismash.detection.hmm_detection
INFO     20/07 15:31:59   HMM detection using strictness: relaxed
DEBUG    20/07 15:31:59   0 rule-based cluster(s) found in record
DEBUG    20/07 15:31:59   0 protoclusters found
DEBUG    20/07 15:31:59   0 subregions found
INFO     20/07 15:31:59   No regions detected, skipping record
INFO     20/07 15:31:59   Analysing record: NZ_ATVN01000028.1
INFO     20/07 15:31:59   Detecting secondary metabolite clusters
DEBUG    20/07 15:31:59   Checking if antismash.detection.hmm_detection should be run
INFO     20/07 15:31:59   Running antismash.detection.hmm_detection
INFO     20/07 15:31:59   HMM detection using strictness: relaxed
DEBUG    20/07 15:32:00   0 rule-based cluster(s) found in record
DEBUG    20/07 15:32:00   0 protoclusters found
DEBUG    20/07 15:32:00   0 subregions found
INFO     20/07 15:32:00   No regions detected, skipping record
INFO     20/07 15:32:00   Analysing record: NZ_ATVN01000029.1
INFO     20/07 15:32:00   Detecting secondary metabolite clusters
DEBUG    20/07 15:32:00   Checking if antismash.detection.hmm_detection should be run
INFO     20/07 15:32:00   Running antismash.detection.hmm_detection
INFO     20/07 15:32:00   HMM detection using strictness: relaxed
DEBUG    20/07 15:32:00   0 rule-based cluster(s) found in record
DEBUG    20/07 15:32:00   0 protoclusters found
DEBUG    20/07 15:32:00   0 subregions found
INFO     20/07 15:32:00   No regions detected, skipping record
INFO     20/07 15:32:00   Analysing record: NZ_ATVN01000030.1
INFO     20/07 15:32:00   Detecting secondary metabolite clusters
DEBUG    20/07 15:32:00   Checking if antismash.detection.hmm_detection should be run
INFO     20/07 15:32:00   Running antismash.detection.hmm_detection
INFO     20/07 15:32:00   HMM detection using strictness: relaxed
DEBUG    20/07 15:32:01   0 rule-based cluster(s) found in record
DEBUG    20/07 15:32:01   0 protoclusters found
DEBUG    20/07 15:32:01   0 subregions found
INFO     20/07 15:32:01   No regions detected, skipping record
INFO     20/07 15:32:01   Analysing record: NZ_ATVN01000031.1
INFO     20/07 15:32:01   Detecting secondary metabolite clusters
DEBUG    20/07 15:32:01   Checking if antismash.detection.hmm_detection should be run
INFO     20/07 15:32:01   Running antismash.detection.hmm_detection
INFO     20/07 15:32:01   HMM detection using strictness: relaxed
DEBUG    20/07 15:32:01   0 rule-based cluster(s) found in record
DEBUG    20/07 15:32:01   0 protoclusters found
DEBUG    20/07 15:32:01   0 subregions found
INFO     20/07 15:32:01   No regions detected, skipping record
INFO     20/07 15:32:01   Analysing record: NZ_ATVN01000032.1
INFO     20/07 15:32:01   Detecting secondary metabolite clusters
DEBUG    20/07 15:32:01   Checking if antismash.detection.hmm_detection should be run
INFO     20/07 15:32:01   Running antismash.detection.hmm_detection
INFO     20/07 15:32:01   HMM detection using strictness: relaxed
DEBUG    20/07 15:32:02   0 rule-based cluster(s) found in record
DEBUG    20/07 15:32:02   0 protoclusters found
DEBUG    20/07 15:32:02   0 subregions found
INFO     20/07 15:32:02   No regions detected, skipping record
INFO     20/07 15:32:02   Analysing record: NZ_ATVN01000033.1
INFO     20/07 15:32:02   Detecting secondary metabolite clusters
DEBUG    20/07 15:32:02   Checking if antismash.detection.hmm_detection should be run
INFO     20/07 15:32:02   Running antismash.detection.hmm_detection
INFO     20/07 15:32:02   HMM detection using strictness: relaxed
DEBUG    20/07 15:32:02   0 rule-based cluster(s) found in record
DEBUG    20/07 15:32:03   0 protoclusters found
DEBUG    20/07 15:32:03   0 subregions found
INFO     20/07 15:32:03   No regions detected, skipping record
INFO     20/07 15:32:03   Analysing record: NZ_ATVN01000034.1
INFO     20/07 15:32:03   Detecting secondary metabolite clusters
DEBUG    20/07 15:32:03   Checking if antismash.detection.hmm_detection should be run
INFO     20/07 15:32:03   Running antismash.detection.hmm_detection
INFO     20/07 15:32:03   HMM detection using strictness: relaxed
DEBUG    20/07 15:32:03   0 rule-based cluster(s) found in record
DEBUG    20/07 15:32:03   0 protoclusters found
DEBUG    20/07 15:32:03   0 subregions found
INFO     20/07 15:32:03   No regions detected, skipping record
INFO     20/07 15:32:03   Analysing record: NZ_ATVN01000035.1
INFO     20/07 15:32:03   Detecting secondary metabolite clusters
DEBUG    20/07 15:32:03   Checking if antismash.detection.hmm_detection should be run
INFO     20/07 15:32:03   Running antismash.detection.hmm_detection
INFO     20/07 15:32:03   HMM detection using strictness: relaxed
DEBUG    20/07 15:32:04   0 rule-based cluster(s) found in record
DEBUG    20/07 15:32:04   0 protoclusters found
DEBUG    20/07 15:32:04   0 subregions found
INFO     20/07 15:32:04   No regions detected, skipping record
INFO     20/07 15:32:04   Analysing record: NZ_ATVN01000036.1
INFO     20/07 15:32:04   Detecting secondary metabolite clusters
DEBUG    20/07 15:32:04   Checking if antismash.detection.hmm_detection should be run
INFO     20/07 15:32:04   Running antismash.detection.hmm_detection
INFO     20/07 15:32:04   HMM detection using strictness: relaxed
DEBUG    20/07 15:32:04   0 rule-based cluster(s) found in record
DEBUG    20/07 15:32:04   0 protoclusters found
DEBUG    20/07 15:32:04   0 subregions found
INFO     20/07 15:32:04   No regions detected, skipping record
INFO     20/07 15:32:04   Analysing record: NZ_ATVN01000037.1
INFO     20/07 15:32:04   Detecting secondary metabolite clusters
DEBUG    20/07 15:32:04   Checking if antismash.detection.hmm_detection should be run
INFO     20/07 15:32:04   Running antismash.detection.hmm_detection
INFO     20/07 15:32:04   HMM detection using strictness: relaxed
DEBUG    20/07 15:32:05   0 rule-based cluster(s) found in record
DEBUG    20/07 15:32:05   0 protoclusters found
DEBUG    20/07 15:32:05   0 subregions found
INFO     20/07 15:32:05   No regions detected, skipping record
INFO     20/07 15:32:05   Analysing record: NZ_ATVN01000038.1
INFO     20/07 15:32:05   Detecting secondary metabolite clusters
DEBUG    20/07 15:32:05   Checking if antismash.detection.hmm_detection should be run
INFO     20/07 15:32:05   Running antismash.detection.hmm_detection
INFO     20/07 15:32:05   HMM detection using strictness: relaxed
DEBUG    20/07 15:32:05   0 rule-based cluster(s) found in record
DEBUG    20/07 15:32:05   0 protoclusters found
DEBUG    20/07 15:32:05   0 subregions found
INFO     20/07 15:32:05   No regions detected, skipping record
INFO     20/07 15:32:05   Analysing record: NZ_ATVN01000039.1
INFO     20/07 15:32:05   Detecting secondary metabolite clusters
DEBUG    20/07 15:32:05   Checking if antismash.detection.hmm_detection should be run
INFO     20/07 15:32:05   Running antismash.detection.hmm_detection
INFO     20/07 15:32:05   HMM detection using strictness: relaxed
DEBUG    20/07 15:32:06   0 rule-based cluster(s) found in record
DEBUG    20/07 15:32:06   0 protoclusters found
DEBUG    20/07 15:32:06   0 subregions found
INFO     20/07 15:32:06   No regions detected, skipping record
INFO     20/07 15:32:06   Analysing record: NZ_ATVN01000040.1
INFO     20/07 15:32:06   Detecting secondary metabolite clusters
DEBUG    20/07 15:32:06   Checking if antismash.detection.hmm_detection should be run
INFO     20/07 15:32:06   Running antismash.detection.hmm_detection
INFO     20/07 15:32:06   HMM detection using strictness: relaxed
DEBUG    20/07 15:32:06   0 rule-based cluster(s) found in record
DEBUG    20/07 15:32:06   0 protoclusters found
DEBUG    20/07 15:32:06   0 subregions found
INFO     20/07 15:32:06   No regions detected, skipping record
INFO     20/07 15:32:06   Analysing record: NZ_ATVN01000041.1
INFO     20/07 15:32:06   Detecting secondary metabolite clusters
DEBUG    20/07 15:32:06   Checking if antismash.detection.hmm_detection should be run
INFO     20/07 15:32:06   Running antismash.detection.hmm_detection
INFO     20/07 15:32:06   HMM detection using strictness: relaxed
DEBUG    20/07 15:32:07   0 rule-based cluster(s) found in record
DEBUG    20/07 15:32:07   0 protoclusters found
DEBUG    20/07 15:32:07   0 subregions found
INFO     20/07 15:32:07   No regions detected, skipping record
INFO     20/07 15:32:07   Analysing record: NZ_ATVN01000042.1
INFO     20/07 15:32:07   Detecting secondary metabolite clusters
DEBUG    20/07 15:32:07   Checking if antismash.detection.hmm_detection should be run
INFO     20/07 15:32:07   Running antismash.detection.hmm_detection
INFO     20/07 15:32:07   HMM detection using strictness: relaxed
DEBUG    20/07 15:32:07   0 rule-based cluster(s) found in record
DEBUG    20/07 15:32:07   0 protoclusters found
DEBUG    20/07 15:32:07   0 subregions found
INFO     20/07 15:32:07   No regions detected, skipping record
DEBUG    20/07 15:32:07   Writing json results to '/data/antismash/upload/bacteria-0faa1aac-9ca1-40ed-a880-6873e1c73de7/GCF_000420745.1_Pseudorhodobacter_ferrugineus_DSM_5888.json'
DEBUG    20/07 15:32:07   Record NZ_ATVN01000001.1 has results for modules: hmm_detection, cluster_hmmer, genefunctions, nrps_pks_domains, tigrfam, active_site_finder, cluster_compare, clusterblast, lanthipeptides, lassopeptides, nrps_pks, pfam2go, rrefinder, sactipeptides, t2pks, tfbs_finder, thiopeptides
DEBUG    20/07 15:32:07   Converting antismash.detection.hmm_detection results to json
DEBUG    20/07 15:32:07   Converting antismash.detection.cluster_hmmer results to json
DEBUG    20/07 15:32:07   Converting antismash.detection.genefunctions results to json
DEBUG    20/07 15:32:07   Converting antismash.detection.nrps_pks_domains results to json
DEBUG    20/07 15:32:07   Converting antismash.detection.tigrfam results to json
DEBUG    20/07 15:32:07   Converting antismash.modules.active_site_finder results to json
DEBUG    20/07 15:32:07   Converting antismash.modules.cluster_compare results to json
DEBUG    20/07 15:32:07   Converting antismash.modules.clusterblast results to json
DEBUG    20/07 15:32:07   Converting antismash.modules.lanthipeptides results to json
DEBUG    20/07 15:32:07   Converting antismash.modules.lassopeptides results to json
DEBUG    20/07 15:32:07   Converting antismash.modules.nrps_pks results to json
DEBUG    20/07 15:32:07   Converting antismash.modules.pfam2go results to json
DEBUG    20/07 15:32:07   Converting antismash.modules.rrefinder results to json
DEBUG    20/07 15:32:07   Converting antismash.modules.sactipeptides results to json
DEBUG    20/07 15:32:07   Converting antismash.modules.t2pks results to json
DEBUG    20/07 15:32:07   Converting antismash.modules.tfbs_finder results to json
DEBUG    20/07 15:32:07   Converting antismash.modules.thiopeptides results to json
DEBUG    20/07 15:32:07   Converting antismash.modules.tta results to json
DEBUG    20/07 15:32:07   Record NZ_ATVN01000002.1 has results for modules: hmm_detection
DEBUG    20/07 15:32:07   Converting antismash.detection.hmm_detection results to json
DEBUG    20/07 15:32:07   Record NZ_ATVN01000003.1 has results for modules: hmm_detection, cluster_hmmer, genefunctions, nrps_pks_domains, tigrfam, active_site_finder, cluster_compare, clusterblast, lanthipeptides, lassopeptides, nrps_pks, pfam2go, rrefinder, sactipeptides, t2pks, tfbs_finder, thiopeptides
DEBUG    20/07 15:32:07   Converting antismash.detection.hmm_detection results to json
DEBUG    20/07 15:32:07   Converting antismash.detection.cluster_hmmer results to json
DEBUG    20/07 15:32:07   Converting antismash.detection.genefunctions results to json
DEBUG    20/07 15:32:07   Converting antismash.detection.nrps_pks_domains results to json
DEBUG    20/07 15:32:07   Converting antismash.detection.tigrfam results to json
DEBUG    20/07 15:32:07   Converting antismash.modules.active_site_finder results to json
DEBUG    20/07 15:32:07   Converting antismash.modules.cluster_compare results to json
DEBUG    20/07 15:32:07   Converting antismash.modules.clusterblast results to json
DEBUG    20/07 15:32:07   Converting antismash.modules.lanthipeptides results to json
DEBUG    20/07 15:32:07   Converting antismash.modules.lassopeptides results to json
DEBUG    20/07 15:32:07   Converting antismash.modules.nrps_pks results to json
DEBUG    20/07 15:32:07   Converting antismash.modules.pfam2go results to json
DEBUG    20/07 15:32:07   Converting antismash.modules.rrefinder results to json
DEBUG    20/07 15:32:07   Converting antismash.modules.sactipeptides results to json
DEBUG    20/07 15:32:07   Converting antismash.modules.t2pks results to json
DEBUG    20/07 15:32:07   Converting antismash.modules.tfbs_finder results to json
DEBUG    20/07 15:32:07   Converting antismash.modules.thiopeptides results to json
DEBUG    20/07 15:32:07   Converting antismash.modules.tta results to json
DEBUG    20/07 15:32:07   Record NZ_ATVN01000004.1 has results for modules: hmm_detection
DEBUG    20/07 15:32:07   Converting antismash.detection.hmm_detection results to json
DEBUG    20/07 15:32:07   Record NZ_ATVN01000005.1 has results for modules: hmm_detection
DEBUG    20/07 15:32:07   Converting antismash.detection.hmm_detection results to json
DEBUG    20/07 15:32:07   Record NZ_ATVN01000006.1 has results for modules: hmm_detection
DEBUG    20/07 15:32:07   Converting antismash.detection.hmm_detection results to json
DEBUG    20/07 15:32:07   Record NZ_ATVN01000007.1 has results for modules: hmm_detection, cluster_hmmer, genefunctions, nrps_pks_domains, tigrfam, active_site_finder, cluster_compare, clusterblast, lanthipeptides, lassopeptides, nrps_pks, pfam2go, rrefinder, sactipeptides, t2pks, tfbs_finder, thiopeptides
DEBUG    20/07 15:32:07   Converting antismash.detection.hmm_detection results to json
DEBUG    20/07 15:32:07   Converting antismash.detection.cluster_hmmer results to json
DEBUG    20/07 15:32:07   Converting antismash.detection.genefunctions results to json
DEBUG    20/07 15:32:07   Converting antismash.detection.nrps_pks_domains results to json
DEBUG    20/07 15:32:07   Converting antismash.detection.tigrfam results to json
DEBUG    20/07 15:32:07   Converting antismash.modules.active_site_finder results to json
DEBUG    20/07 15:32:07   Converting antismash.modules.cluster_compare results to json
DEBUG    20/07 15:32:07   Converting antismash.modules.clusterblast results to json
DEBUG    20/07 15:32:07   Converting antismash.modules.lanthipeptides results to json
DEBUG    20/07 15:32:07   Converting antismash.modules.lassopeptides results to json
DEBUG    20/07 15:32:07   Converting antismash.modules.nrps_pks results to json
DEBUG    20/07 15:32:07   Converting antismash.modules.pfam2go results to json
DEBUG    20/07 15:32:07   Converting antismash.modules.rrefinder results to json
DEBUG    20/07 15:32:07   Converting antismash.modules.sactipeptides results to json
DEBUG    20/07 15:32:07   Converting antismash.modules.t2pks results to json
DEBUG    20/07 15:32:07   Converting antismash.modules.tfbs_finder results to json
DEBUG    20/07 15:32:07   Converting antismash.modules.thiopeptides results to json
DEBUG    20/07 15:32:07   Converting antismash.modules.tta results to json
DEBUG    20/07 15:32:07   Record NZ_ATVN01000008.1 has results for modules: hmm_detection
DEBUG    20/07 15:32:07   Converting antismash.detection.hmm_detection results to json
DEBUG    20/07 15:32:07   Record NZ_ATVN01000009.1 has results for modules: hmm_detection
DEBUG    20/07 15:32:07   Converting antismash.detection.hmm_detection results to json
DEBUG    20/07 15:32:07   Record NZ_ATVN01000010.1 has results for modules: hmm_detection
DEBUG    20/07 15:32:07   Converting antismash.detection.hmm_detection results to json
DEBUG    20/07 15:32:07   Record NZ_ATVN01000011.1 has results for modules: hmm_detection, cluster_hmmer, genefunctions, nrps_pks_domains, tigrfam, active_site_finder, cluster_compare, clusterblast, lanthipeptides, lassopeptides, nrps_pks, pfam2go, rrefinder, sactipeptides, t2pks, tfbs_finder, thiopeptides
DEBUG    20/07 15:32:07   Converting antismash.detection.hmm_detection results to json
DEBUG    20/07 15:32:07   Converting antismash.detection.cluster_hmmer results to json
DEBUG    20/07 15:32:07   Converting antismash.detection.genefunctions results to json
DEBUG    20/07 15:32:07   Converting antismash.detection.nrps_pks_domains results to json
DEBUG    20/07 15:32:07   Converting antismash.detection.tigrfam results to json
DEBUG    20/07 15:32:07   Converting antismash.modules.active_site_finder results to json
DEBUG    20/07 15:32:07   Converting antismash.modules.cluster_compare results to json
DEBUG    20/07 15:32:07   Converting antismash.modules.clusterblast results to json
DEBUG    20/07 15:32:07   Converting antismash.modules.lanthipeptides results to json
DEBUG    20/07 15:32:07   Converting antismash.modules.lassopeptides results to json
DEBUG    20/07 15:32:07   Converting antismash.modules.nrps_pks results to json
DEBUG    20/07 15:32:07   Converting antismash.modules.pfam2go results to json
DEBUG    20/07 15:32:07   Converting antismash.modules.rrefinder results to json
DEBUG    20/07 15:32:07   Converting antismash.modules.sactipeptides results to json
DEBUG    20/07 15:32:07   Converting antismash.modules.t2pks results to json
DEBUG    20/07 15:32:07   Converting antismash.modules.tfbs_finder results to json
DEBUG    20/07 15:32:07   Converting antismash.modules.thiopeptides results to json
DEBUG    20/07 15:32:07   Converting antismash.modules.tta results to json
DEBUG    20/07 15:32:07   Record NZ_ATVN01000012.1 has results for modules: hmm_detection
DEBUG    20/07 15:32:07   Converting antismash.detection.hmm_detection results to json
DEBUG    20/07 15:32:07   Record NZ_ATVN01000013.1 has results for modules: hmm_detection
DEBUG    20/07 15:32:07   Converting antismash.detection.hmm_detection results to json
DEBUG    20/07 15:32:07   Record NZ_ATVN01000014.1 has results for modules: hmm_detection
DEBUG    20/07 15:32:07   Converting antismash.detection.hmm_detection results to json
DEBUG    20/07 15:32:07   Record NZ_ATVN01000015.1 has results for modules: hmm_detection
DEBUG    20/07 15:32:07   Converting antismash.detection.hmm_detection results to json
DEBUG    20/07 15:32:07   Record NZ_ATVN01000016.1 has results for modules: hmm_detection, cluster_hmmer, genefunctions, nrps_pks_domains, tigrfam, active_site_finder, cluster_compare, clusterblast, lanthipeptides, lassopeptides, nrps_pks, pfam2go, rrefinder, sactipeptides, t2pks, tfbs_finder, thiopeptides
DEBUG    20/07 15:32:07   Converting antismash.detection.hmm_detection results to json
DEBUG    20/07 15:32:07   Converting antismash.detection.cluster_hmmer results to json
DEBUG    20/07 15:32:07   Converting antismash.detection.genefunctions results to json
DEBUG    20/07 15:32:07   Converting antismash.detection.nrps_pks_domains results to json
DEBUG    20/07 15:32:07   Converting antismash.detection.tigrfam results to json
DEBUG    20/07 15:32:07   Converting antismash.modules.active_site_finder results to json
DEBUG    20/07 15:32:07   Converting antismash.modules.cluster_compare results to json
DEBUG    20/07 15:32:07   Converting antismash.modules.clusterblast results to json
DEBUG    20/07 15:32:07   Converting antismash.modules.lanthipeptides results to json
DEBUG    20/07 15:32:07   Converting antismash.modules.lassopeptides results to json
DEBUG    20/07 15:32:07   Converting antismash.modules.nrps_pks results to json
DEBUG    20/07 15:32:07   Converting antismash.modules.pfam2go results to json
DEBUG    20/07 15:32:07   Converting antismash.modules.rrefinder results to json
DEBUG    20/07 15:32:07   Converting antismash.modules.sactipeptides results to json
DEBUG    20/07 15:32:07   Converting antismash.modules.t2pks results to json
DEBUG    20/07 15:32:07   Converting antismash.modules.tfbs_finder results to json
DEBUG    20/07 15:32:07   Converting antismash.modules.thiopeptides results to json
DEBUG    20/07 15:32:07   Converting antismash.modules.tta results to json
DEBUG    20/07 15:32:07   Record NZ_ATVN01000017.1 has results for modules: hmm_detection
DEBUG    20/07 15:32:07   Converting antismash.detection.hmm_detection results to json
DEBUG    20/07 15:32:07   Record NZ_ATVN01000018.1 has results for modules: hmm_detection
DEBUG    20/07 15:32:07   Converting antismash.detection.hmm_detection results to json
DEBUG    20/07 15:32:07   Record NZ_ATVN01000019.1 has results for modules: hmm_detection
DEBUG    20/07 15:32:07   Converting antismash.detection.hmm_detection results to json
DEBUG    20/07 15:32:07   Record NZ_ATVN01000020.1 has results for modules: hmm_detection
DEBUG    20/07 15:32:07   Converting antismash.detection.hmm_detection results to json
DEBUG    20/07 15:32:07   Record NZ_ATVN01000021.1 has results for modules: hmm_detection
DEBUG    20/07 15:32:07   Converting antismash.detection.hmm_detection results to json
DEBUG    20/07 15:32:07   Record NZ_ATVN01000022.1 has results for modules: hmm_detection
DEBUG    20/07 15:32:07   Converting antismash.detection.hmm_detection results to json
DEBUG    20/07 15:32:07   Record NZ_ATVN01000023.1 has results for modules: hmm_detection
DEBUG    20/07 15:32:07   Converting antismash.detection.hmm_detection results to json
DEBUG    20/07 15:32:07   Record NZ_ATVN01000024.1 has results for modules: hmm_detection
DEBUG    20/07 15:32:07   Converting antismash.detection.hmm_detection results to json
DEBUG    20/07 15:32:07   Record NZ_ATVN01000025.1 has results for modules: hmm_detection
DEBUG    20/07 15:32:07   Converting antismash.detection.hmm_detection results to json
DEBUG    20/07 15:32:07   Record NZ_ATVN01000026.1 has results for modules: hmm_detection
DEBUG    20/07 15:32:07   Converting antismash.detection.hmm_detection results to json
DEBUG    20/07 15:32:07   Record NZ_ATVN01000027.1 has results for modules: hmm_detection
DEBUG    20/07 15:32:07   Converting antismash.detection.hmm_detection results to json
DEBUG    20/07 15:32:07   Record NZ_ATVN01000028.1 has results for modules: hmm_detection
DEBUG    20/07 15:32:07   Converting antismash.detection.hmm_detection results to json
DEBUG    20/07 15:32:07   Record NZ_ATVN01000029.1 has results for modules: hmm_detection
DEBUG    20/07 15:32:07   Converting antismash.detection.hmm_detection results to json
DEBUG    20/07 15:32:07   Record NZ_ATVN01000030.1 has results for modules: hmm_detection
DEBUG    20/07 15:32:07   Converting antismash.detection.hmm_detection results to json
DEBUG    20/07 15:32:07   Record NZ_ATVN01000031.1 has results for modules: hmm_detection
DEBUG    20/07 15:32:07   Converting antismash.detection.hmm_detection results to json
DEBUG    20/07 15:32:07   Record NZ_ATVN01000032.1 has results for modules: hmm_detection
DEBUG    20/07 15:32:07   Converting antismash.detection.hmm_detection results to json
DEBUG    20/07 15:32:07   Record NZ_ATVN01000033.1 has results for modules: hmm_detection
DEBUG    20/07 15:32:07   Converting antismash.detection.hmm_detection results to json
DEBUG    20/07 15:32:07   Record NZ_ATVN01000034.1 has results for modules: hmm_detection
DEBUG    20/07 15:32:07   Converting antismash.detection.hmm_detection results to json
DEBUG    20/07 15:32:07   Record NZ_ATVN01000035.1 has results for modules: hmm_detection
DEBUG    20/07 15:32:07   Converting antismash.detection.hmm_detection results to json
DEBUG    20/07 15:32:07   Record NZ_ATVN01000036.1 has results for modules: hmm_detection
DEBUG    20/07 15:32:07   Converting antismash.detection.hmm_detection results to json
DEBUG    20/07 15:32:07   Record NZ_ATVN01000037.1 has results for modules: hmm_detection
DEBUG    20/07 15:32:07   Converting antismash.detection.hmm_detection results to json
DEBUG    20/07 15:32:07   Record NZ_ATVN01000038.1 has results for modules: hmm_detection
DEBUG    20/07 15:32:07   Converting antismash.detection.hmm_detection results to json
DEBUG    20/07 15:32:07   Record NZ_ATVN01000039.1 has results for modules: hmm_detection
DEBUG    20/07 15:32:07   Converting antismash.detection.hmm_detection results to json
DEBUG    20/07 15:32:07   Record NZ_ATVN01000040.1 has results for modules: hmm_detection
DEBUG    20/07 15:32:07   Converting antismash.detection.hmm_detection results to json
DEBUG    20/07 15:32:07   Record NZ_ATVN01000041.1 has results for modules: hmm_detection
DEBUG    20/07 15:32:07   Converting antismash.detection.hmm_detection results to json
DEBUG    20/07 15:32:07   Record NZ_ATVN01000042.1 has results for modules: hmm_detection
DEBUG    20/07 15:32:07   Converting antismash.detection.hmm_detection results to json
DEBUG    20/07 15:32:08   Annotating record NZ_ATVN01000001.1 with results from: hmm_detection, cluster_hmmer, genefunctions, nrps_pks_domains, tigrfam, active_site_finder, cluster_compare, clusterblast, lanthipeptides, lassopeptides, nrps_pks, pfam2go, rrefinder, sactipeptides, t2pks, tfbs_finder, thiopeptides, tta
DEBUG    20/07 15:32:08    Adding results from antismash.modules.active_site_finder
DEBUG    20/07 15:32:08    Adding results from antismash.modules.cluster_compare
DEBUG    20/07 15:32:08    Adding results from antismash.modules.clusterblast
DEBUG    20/07 15:32:08    Adding results from antismash.modules.lanthipeptides
DEBUG    20/07 15:32:08    Adding results from antismash.modules.lassopeptides
DEBUG    20/07 15:32:08    Adding results from antismash.modules.nrps_pks
DEBUG    20/07 15:32:08    Adding results from antismash.modules.pfam2go
DEBUG    20/07 15:32:08    Adding results from antismash.modules.rrefinder
DEBUG    20/07 15:32:08    Adding results from antismash.modules.sactipeptides
DEBUG    20/07 15:32:08    Adding results from antismash.modules.t2pks
DEBUG    20/07 15:32:08    Adding results from antismash.modules.tfbs_finder
DEBUG    20/07 15:32:08    Adding results from antismash.modules.thiopeptides
DEBUG    20/07 15:32:08    Adding results from antismash.modules.tta
DEBUG    20/07 15:32:08   Not annotating skipped record NZ_ATVN01000002.1: No regions detected
DEBUG    20/07 15:32:08   Annotating record NZ_ATVN01000003.1 with results from: hmm_detection, cluster_hmmer, genefunctions, nrps_pks_domains, tigrfam, active_site_finder, cluster_compare, clusterblast, lanthipeptides, lassopeptides, nrps_pks, pfam2go, rrefinder, sactipeptides, t2pks, tfbs_finder, thiopeptides, tta
DEBUG    20/07 15:32:08    Adding results from antismash.modules.active_site_finder
DEBUG    20/07 15:32:08    Adding results from antismash.modules.cluster_compare
DEBUG    20/07 15:32:08    Adding results from antismash.modules.clusterblast
DEBUG    20/07 15:32:08    Adding results from antismash.modules.lanthipeptides
DEBUG    20/07 15:32:08    Adding results from antismash.modules.lassopeptides
DEBUG    20/07 15:32:08    Adding results from antismash.modules.nrps_pks
DEBUG    20/07 15:32:08    Adding results from antismash.modules.pfam2go
DEBUG    20/07 15:32:08    Adding results from antismash.modules.rrefinder
DEBUG    20/07 15:32:08    Adding results from antismash.modules.sactipeptides
DEBUG    20/07 15:32:08    Adding results from antismash.modules.t2pks
DEBUG    20/07 15:32:08    Adding results from antismash.modules.tfbs_finder
DEBUG    20/07 15:32:08    Adding results from antismash.modules.thiopeptides
DEBUG    20/07 15:32:08    Adding results from antismash.modules.tta
DEBUG    20/07 15:32:08   Not annotating skipped record NZ_ATVN01000004.1: No regions detected
DEBUG    20/07 15:32:08   Not annotating skipped record NZ_ATVN01000005.1: No regions detected
DEBUG    20/07 15:32:08   Not annotating skipped record NZ_ATVN01000006.1: No regions detected
DEBUG    20/07 15:32:08   Annotating record NZ_ATVN01000007.1 with results from: hmm_detection, cluster_hmmer, genefunctions, nrps_pks_domains, tigrfam, active_site_finder, cluster_compare, clusterblast, lanthipeptides, lassopeptides, nrps_pks, pfam2go, rrefinder, sactipeptides, t2pks, tfbs_finder, thiopeptides, tta
DEBUG    20/07 15:32:08    Adding results from antismash.modules.active_site_finder
DEBUG    20/07 15:32:08    Adding results from antismash.modules.cluster_compare
DEBUG    20/07 15:32:08    Adding results from antismash.modules.clusterblast
DEBUG    20/07 15:32:08    Adding results from antismash.modules.lanthipeptides
DEBUG    20/07 15:32:08    Adding results from antismash.modules.lassopeptides
DEBUG    20/07 15:32:08    Adding results from antismash.modules.nrps_pks
DEBUG    20/07 15:32:08    Adding results from antismash.modules.pfam2go
DEBUG    20/07 15:32:08    Adding results from antismash.modules.rrefinder
DEBUG    20/07 15:32:08    Adding results from antismash.modules.sactipeptides
DEBUG    20/07 15:32:08    Adding results from antismash.modules.t2pks
DEBUG    20/07 15:32:08    Adding results from antismash.modules.tfbs_finder
DEBUG    20/07 15:32:08    Adding results from antismash.modules.thiopeptides
DEBUG    20/07 15:32:08    Adding results from antismash.modules.tta
DEBUG    20/07 15:32:08   Not annotating skipped record NZ_ATVN01000008.1: No regions detected
DEBUG    20/07 15:32:08   Not annotating skipped record NZ_ATVN01000009.1: No regions detected
DEBUG    20/07 15:32:08   Not annotating skipped record NZ_ATVN01000010.1: No regions detected
DEBUG    20/07 15:32:08   Annotating record NZ_ATVN01000011.1 with results from: hmm_detection, cluster_hmmer, genefunctions, nrps_pks_domains, tigrfam, active_site_finder, cluster_compare, clusterblast, lanthipeptides, lassopeptides, nrps_pks, pfam2go, rrefinder, sactipeptides, t2pks, tfbs_finder, thiopeptides, tta
DEBUG    20/07 15:32:08    Adding results from antismash.modules.active_site_finder
DEBUG    20/07 15:32:08    Adding results from antismash.modules.cluster_compare
DEBUG    20/07 15:32:08    Adding results from antismash.modules.clusterblast
DEBUG    20/07 15:32:08    Adding results from antismash.modules.lanthipeptides
DEBUG    20/07 15:32:08    Adding results from antismash.modules.lassopeptides
DEBUG    20/07 15:32:08    Adding results from antismash.modules.nrps_pks
DEBUG    20/07 15:32:08    Adding results from antismash.modules.pfam2go
DEBUG    20/07 15:32:08    Adding results from antismash.modules.rrefinder
DEBUG    20/07 15:32:08    Adding results from antismash.modules.sactipeptides
DEBUG    20/07 15:32:08    Adding results from antismash.modules.t2pks
DEBUG    20/07 15:32:08    Adding results from antismash.modules.tfbs_finder
DEBUG    20/07 15:32:08    Adding results from antismash.modules.thiopeptides
DEBUG    20/07 15:32:08    Adding results from antismash.modules.tta
DEBUG    20/07 15:32:08   Not annotating skipped record NZ_ATVN01000012.1: No regions detected
DEBUG    20/07 15:32:08   Not annotating skipped record NZ_ATVN01000013.1: No regions detected
DEBUG    20/07 15:32:08   Not annotating skipped record NZ_ATVN01000014.1: No regions detected
DEBUG    20/07 15:32:08   Not annotating skipped record NZ_ATVN01000015.1: No regions detected
DEBUG    20/07 15:32:08   Annotating record NZ_ATVN01000016.1 with results from: hmm_detection, cluster_hmmer, genefunctions, nrps_pks_domains, tigrfam, active_site_finder, cluster_compare, clusterblast, lanthipeptides, lassopeptides, nrps_pks, pfam2go, rrefinder, sactipeptides, t2pks, tfbs_finder, thiopeptides, tta
DEBUG    20/07 15:32:08    Adding results from antismash.modules.active_site_finder
DEBUG    20/07 15:32:08    Adding results from antismash.modules.cluster_compare
DEBUG    20/07 15:32:08    Adding results from antismash.modules.clusterblast
DEBUG    20/07 15:32:08    Adding results from antismash.modules.lanthipeptides
DEBUG    20/07 15:32:08    Adding results from antismash.modules.lassopeptides
DEBUG    20/07 15:32:08    Adding results from antismash.modules.nrps_pks
DEBUG    20/07 15:32:08    Adding results from antismash.modules.pfam2go
DEBUG    20/07 15:32:08    Adding results from antismash.modules.rrefinder
DEBUG    20/07 15:32:08    Adding results from antismash.modules.sactipeptides
DEBUG    20/07 15:32:08    Adding results from antismash.modules.t2pks
DEBUG    20/07 15:32:08    Adding results from antismash.modules.tfbs_finder
DEBUG    20/07 15:32:08    Adding results from antismash.modules.thiopeptides
DEBUG    20/07 15:32:08    Adding results from antismash.modules.tta
DEBUG    20/07 15:32:08   Not annotating skipped record NZ_ATVN01000017.1: No regions detected
DEBUG    20/07 15:32:08   Not annotating skipped record NZ_ATVN01000018.1: No regions detected
DEBUG    20/07 15:32:08   Not annotating skipped record NZ_ATVN01000019.1: No regions detected
DEBUG    20/07 15:32:08   Not annotating skipped record NZ_ATVN01000020.1: No regions detected
DEBUG    20/07 15:32:08   Not annotating skipped record NZ_ATVN01000021.1: No regions detected
DEBUG    20/07 15:32:08   Not annotating skipped record NZ_ATVN01000022.1: No regions detected
DEBUG    20/07 15:32:08   Not annotating skipped record NZ_ATVN01000023.1: No regions detected
DEBUG    20/07 15:32:08   Not annotating skipped record NZ_ATVN01000024.1: No regions detected
DEBUG    20/07 15:32:08   Not annotating skipped record NZ_ATVN01000025.1: No regions detected
DEBUG    20/07 15:32:08   Not annotating skipped record NZ_ATVN01000026.1: No regions detected
DEBUG    20/07 15:32:08   Not annotating skipped record NZ_ATVN01000027.1: No regions detected
DEBUG    20/07 15:32:08   Not annotating skipped record NZ_ATVN01000028.1: No regions detected
DEBUG    20/07 15:32:08   Not annotating skipped record NZ_ATVN01000029.1: No regions detected
DEBUG    20/07 15:32:08   Not annotating skipped record NZ_ATVN01000030.1: No regions detected
DEBUG    20/07 15:32:08   Not annotating skipped record NZ_ATVN01000031.1: No regions detected
DEBUG    20/07 15:32:08   Not annotating skipped record NZ_ATVN01000032.1: No regions detected
DEBUG    20/07 15:32:08   Not annotating skipped record NZ_ATVN01000033.1: No regions detected
DEBUG    20/07 15:32:08   Not annotating skipped record NZ_ATVN01000034.1: No regions detected
DEBUG    20/07 15:32:08   Not annotating skipped record NZ_ATVN01000035.1: No regions detected
DEBUG    20/07 15:32:08   Not annotating skipped record NZ_ATVN01000036.1: No regions detected
DEBUG    20/07 15:32:08   Not annotating skipped record NZ_ATVN01000037.1: No regions detected
DEBUG    20/07 15:32:08   Not annotating skipped record NZ_ATVN01000038.1: No regions detected
DEBUG    20/07 15:32:08   Not annotating skipped record NZ_ATVN01000039.1: No regions detected
DEBUG    20/07 15:32:08   Not annotating skipped record NZ_ATVN01000040.1: No regions detected
DEBUG    20/07 15:32:08   Not annotating skipped record NZ_ATVN01000041.1: No regions detected
DEBUG    20/07 15:32:08   Not annotating skipped record NZ_ATVN01000042.1: No regions detected
DEBUG    20/07 15:32:08   Creating results page
DEBUG    20/07 15:32:08   Results page using antismash.js from local copy: /databases/as-js/0.13/antismash.js
DEBUG    20/07 15:32:11   Creating results SVGs
DEBUG    20/07 15:32:11   Writing seq_records SVGs to '/data/antismash/upload/bacteria-0faa1aac-9ca1-40ed-a880-6873e1c73de7/svg'
DEBUG    20/07 15:32:12   Writing cluster-specific genbank files
DEBUG    20/07 15:32:12   Writing final genbank file to '/data/antismash/upload/bacteria-0faa1aac-9ca1-40ed-a880-6873e1c73de7/GCF_000420745.1_Pseudorhodobacter_ferrugineus_DSM_5888.gbk'
DEBUG    20/07 15:32:12   Zipping output to '/data/antismash/upload/bacteria-0faa1aac-9ca1-40ed-a880-6873e1c73de7/GCF_000420745.1_Pseudorhodobacter_ferrugineus_DSM_5888.zip'
