INFO     20/07 15:59:41   antiSMASH version: 7.0.0
INFO     20/07 15:59:41   diamond using executable: /usr/bin/diamond-aligner (2.0.7)
INFO     20/07 15:59:42   hmmpfam2 using executable: /usr/bin/hmm2pfam (2.3.2)
INFO     20/07 15:59:42   fasttree using executable: /usr/bin/fasttree
INFO     20/07 15:59:42   hmmsearch using executable: /usr/bin/hmmsearch (3.3.2)
INFO     20/07 15:59:42   hmmpress using executable: /usr/bin/hmmpress (3.3.2)
INFO     20/07 15:59:42   hmmscan using executable: /usr/bin/hmmscan (3.3.2)
INFO     20/07 15:59:43   meme using executable: /usr/bin/meme (4.11.2)
INFO     20/07 15:59:43   fimo using executable: /usr/bin/fimo (4.11.2)
INFO     20/07 15:59:43   glimmerhmm using executable: /usr/bin/glimmerhmm
INFO     20/07 15:59:43   prodigal using executable: /usr/bin/prodigal (V2.6.3)
INFO     20/07 15:59:43   blastp using executable: /usr/bin/blastp (2.11.0+)
INFO     20/07 15:59:43   makeblastdb using executable: /usr/bin/makeblastdb (2.11.0+)
DEBUG    20/07 15:59:43   Checking prerequisites for antismash.detection.hmm_detection
DEBUG    20/07 15:59:43   Found file '/usr/local/lib/python3.9/dist-packages/antismash/detection/hmm_detection/data/bgc_seeds.hmm'
DEBUG    20/07 15:59:43   Found file '/usr/local/lib/python3.9/dist-packages/antismash/detection/hmm_detection/data/bgc_seeds.hmm.h3f'
DEBUG    20/07 15:59:43   Found file '/usr/local/lib/python3.9/dist-packages/antismash/detection/hmm_detection/data/bgc_seeds.hmm.h3i'
DEBUG    20/07 15:59:43   Found file '/usr/local/lib/python3.9/dist-packages/antismash/detection/hmm_detection/data/bgc_seeds.hmm.h3m'
DEBUG    20/07 15:59:43   Found file '/usr/local/lib/python3.9/dist-packages/antismash/detection/hmm_detection/data/bgc_seeds.hmm.h3p'
DEBUG    20/07 15:59:43   Checking prerequisites for antismash.detection.cluster_hmmer
DEBUG    20/07 15:59:43   Found file '/databases/pfam/34.0/Pfam-A.hmm'
DEBUG    20/07 15:59:43   Found file '/databases/pfam/34.0/Pfam-A.hmm.h3f'
DEBUG    20/07 15:59:43   Found file '/databases/pfam/34.0/Pfam-A.hmm.h3i'
DEBUG    20/07 15:59:43   Found file '/databases/pfam/34.0/Pfam-A.hmm.h3m'
DEBUG    20/07 15:59:43   Found file '/databases/pfam/34.0/Pfam-A.hmm.h3p'
DEBUG    20/07 15:59:43   Checking prerequisites for antismash.detection.genefunctions
DEBUG    20/07 15:59:43   Found file '/databases/resfam/Resfams.hmm'
DEBUG    20/07 15:59:43   Found file '/usr/local/lib/python3.9/dist-packages/antismash/detection/genefunctions/data/smcogs.hmm.h3f'
DEBUG    20/07 15:59:43   Found file '/usr/local/lib/python3.9/dist-packages/antismash/detection/genefunctions/data/smcogs.hmm.h3i'
DEBUG    20/07 15:59:43   Found file '/usr/local/lib/python3.9/dist-packages/antismash/detection/genefunctions/data/smcogs.hmm.h3m'
DEBUG    20/07 15:59:43   Found file '/usr/local/lib/python3.9/dist-packages/antismash/detection/genefunctions/data/smcogs.hmm.h3p'
DEBUG    20/07 15:59:43   Found file '/databases/resfam/Resfams.hmm.h3f'
DEBUG    20/07 15:59:43   Found file '/databases/resfam/Resfams.hmm.h3i'
DEBUG    20/07 15:59:43   Found file '/databases/resfam/Resfams.hmm.h3m'
DEBUG    20/07 15:59:43   Found file '/databases/resfam/Resfams.hmm.h3p'
DEBUG    20/07 15:59:43   Checking prerequisites for antismash.detection.nrps_pks_domains
DEBUG    20/07 15:59:43   Found file '/usr/local/lib/python3.9/dist-packages/antismash/detection/nrps_pks_domains/data/abmotifs.hmm.h3f'
DEBUG    20/07 15:59:43   Found file '/usr/local/lib/python3.9/dist-packages/antismash/detection/nrps_pks_domains/data/abmotifs.hmm.h3i'
DEBUG    20/07 15:59:43   Found file '/usr/local/lib/python3.9/dist-packages/antismash/detection/nrps_pks_domains/data/abmotifs.hmm.h3m'
DEBUG    20/07 15:59:43   Found file '/usr/local/lib/python3.9/dist-packages/antismash/detection/nrps_pks_domains/data/abmotifs.hmm.h3p'
DEBUG    20/07 15:59:43   Found file '/usr/local/lib/python3.9/dist-packages/antismash/detection/nrps_pks_domains/data/dockingdomains.hmm.h3f'
DEBUG    20/07 15:59:43   Found file '/usr/local/lib/python3.9/dist-packages/antismash/detection/nrps_pks_domains/data/dockingdomains.hmm.h3i'
DEBUG    20/07 15:59:43   Found file '/usr/local/lib/python3.9/dist-packages/antismash/detection/nrps_pks_domains/data/dockingdomains.hmm.h3m'
DEBUG    20/07 15:59:43   Found file '/usr/local/lib/python3.9/dist-packages/antismash/detection/nrps_pks_domains/data/dockingdomains.hmm.h3p'
DEBUG    20/07 15:59:43   Found file '/usr/local/lib/python3.9/dist-packages/antismash/detection/nrps_pks_domains/data/ksdomains.hmm.h3f'
DEBUG    20/07 15:59:43   Found file '/usr/local/lib/python3.9/dist-packages/antismash/detection/nrps_pks_domains/data/ksdomains.hmm.h3i'
DEBUG    20/07 15:59:43   Found file '/usr/local/lib/python3.9/dist-packages/antismash/detection/nrps_pks_domains/data/ksdomains.hmm.h3m'
DEBUG    20/07 15:59:43   Found file '/usr/local/lib/python3.9/dist-packages/antismash/detection/nrps_pks_domains/data/ksdomains.hmm.h3p'
DEBUG    20/07 15:59:43   Found file '/usr/local/lib/python3.9/dist-packages/antismash/detection/nrps_pks_domains/data/nrpspksdomains.hmm.h3f'
DEBUG    20/07 15:59:43   Found file '/usr/local/lib/python3.9/dist-packages/antismash/detection/nrps_pks_domains/data/nrpspksdomains.hmm.h3i'
DEBUG    20/07 15:59:43   Found file '/usr/local/lib/python3.9/dist-packages/antismash/detection/nrps_pks_domains/data/nrpspksdomains.hmm.h3m'
DEBUG    20/07 15:59:43   Found file '/usr/local/lib/python3.9/dist-packages/antismash/detection/nrps_pks_domains/data/nrpspksdomains.hmm.h3p'
DEBUG    20/07 15:59:43   Found file '/databases/nrps_pks/transATor/2023.02.23/transATor.hmm.h3f'
DEBUG    20/07 15:59:43   Found file '/databases/nrps_pks/transATor/2023.02.23/transATor.hmm.h3i'
DEBUG    20/07 15:59:43   Found file '/databases/nrps_pks/transATor/2023.02.23/transATor.hmm.h3m'
DEBUG    20/07 15:59:43   Found file '/databases/nrps_pks/transATor/2023.02.23/transATor.hmm.h3p'
DEBUG    20/07 15:59:43   Checking prerequisites for antismash.detection.tigrfam
DEBUG    20/07 15:59:43   Found file '/databases/tigrfam/TIGRFam.hmm'
DEBUG    20/07 15:59:43   Found file '/databases/tigrfam/TIGRFam.hmm.h3f'
DEBUG    20/07 15:59:43   Found file '/databases/tigrfam/TIGRFam.hmm.h3i'
DEBUG    20/07 15:59:43   Found file '/databases/tigrfam/TIGRFam.hmm.h3m'
DEBUG    20/07 15:59:43   Found file '/databases/tigrfam/TIGRFam.hmm.h3p'
DEBUG    20/07 15:59:43   Checking prerequisites for antismash.modules.active_site_finder
DEBUG    20/07 15:59:43   Found file '/usr/local/lib/python3.9/dist-packages/antismash/modules/active_site_finder/data/PKSI-KR.hmm2'
DEBUG    20/07 15:59:43   Found file '/usr/local/lib/python3.9/dist-packages/antismash/modules/active_site_finder/data/PKSI-KS_N.hmm2'
DEBUG    20/07 15:59:43   Found file '/usr/local/lib/python3.9/dist-packages/antismash/modules/active_site_finder/data/PKSI-KS_C.hmm2'
DEBUG    20/07 15:59:43   Found file '/usr/local/lib/python3.9/dist-packages/antismash/modules/active_site_finder/data/PKSI-AT.hmm2'
DEBUG    20/07 15:59:43   Found file '/usr/local/lib/python3.9/dist-packages/antismash/modules/active_site_finder/data/PKSI-ACP.hmm2'
DEBUG    20/07 15:59:43   Found file '/usr/local/lib/python3.9/dist-packages/antismash/modules/active_site_finder/data/PKSI-DH.hmm2'
DEBUG    20/07 15:59:43   Found file '/usr/local/lib/python3.9/dist-packages/antismash/modules/active_site_finder/data/Thioesterase.hmm2'
DEBUG    20/07 15:59:43   Found file '/usr/local/lib/python3.9/dist-packages/antismash/modules/active_site_finder/data/PKSI-ER.hmm2'
DEBUG    20/07 15:59:43   Found file '/usr/local/lib/python3.9/dist-packages/antismash/modules/active_site_finder/data/p450.hmm2'
DEBUG    20/07 15:59:43   Checking prerequisites for antismash.modules.cluster_compare
DEBUG    20/07 15:59:43   Found file '/databases/clustercompare/mibig/3.1/data.json'
DEBUG    20/07 15:59:43   Found file '/databases/clustercompare/mibig/3.1/proteins.fasta'
DEBUG    20/07 15:59:43   Found file '/databases/clustercompare/mibig/3.1/proteins.dmnd'
DEBUG    20/07 15:59:43   Found file '/databases/clustercompare/mibig/3.1/proteins.dmnd'
DEBUG    20/07 15:59:43   Checking prerequisites for antismash.modules.clusterblast
DEBUG    20/07 15:59:43   Found file '/databases/knownclusterblast/3.1/clusters.txt'
DEBUG    20/07 15:59:43   Found file '/databases/knownclusterblast/3.1/proteins.fasta'
DEBUG    20/07 15:59:43   Found file '/databases/knownclusterblast/3.1/proteins.dmnd'
DEBUG    20/07 15:59:43   Found file '/databases/knownclusterblast/3.1/proteins.dmnd'
DEBUG    20/07 15:59:43   Found file '/databases/clusterblast/clusters.txt'
DEBUG    20/07 15:59:43   Found file '/databases/clusterblast/proteins.fasta'
DEBUG    20/07 15:59:43   Found file '/databases/clusterblast/proteins.dmnd'
DEBUG    20/07 15:59:43   Found file '/databases/clusterblast/proteins.dmnd'
DEBUG    20/07 15:59:43   Found file '/usr/local/lib/python3.9/dist-packages/antismash/modules/clusterblast/data/sub/proteins.fasta'
DEBUG    20/07 15:59:43   Found file '/usr/local/lib/python3.9/dist-packages/antismash/modules/clusterblast/data/sub/proteins.fasta.phr'
DEBUG    20/07 15:59:43   Found file '/usr/local/lib/python3.9/dist-packages/antismash/modules/clusterblast/data/sub/proteins.fasta.pin'
DEBUG    20/07 15:59:43   Found file '/usr/local/lib/python3.9/dist-packages/antismash/modules/clusterblast/data/sub/proteins.fasta.psq'
DEBUG    20/07 15:59:43   Found file '/usr/local/lib/python3.9/dist-packages/antismash/modules/clusterblast/data/sub/clusters.txt'
DEBUG    20/07 15:59:43   Checking prerequisites for antismash.modules.lanthipeptides
DEBUG    20/07 15:59:43   Found file '/databases/comparippson/asdb/3.0/cores.fa.pdb'
DEBUG    20/07 15:59:43   Found file '/databases/comparippson/asdb/3.0/cores.fa.phr'
DEBUG    20/07 15:59:43   Found file '/databases/comparippson/asdb/3.0/cores.fa.pin'
DEBUG    20/07 15:59:43   Found file '/databases/comparippson/asdb/3.0/cores.fa.pot'
DEBUG    20/07 15:59:43   Found file '/databases/comparippson/asdb/3.0/cores.fa.psq'
DEBUG    20/07 15:59:43   Found file '/databases/comparippson/asdb/3.0/cores.fa.ptf'
DEBUG    20/07 15:59:43   Found file '/databases/comparippson/asdb/3.0/cores.fa.pto'
DEBUG    20/07 15:59:43   Found file '/databases/comparippson/mibig/3.1/cores.fa.pdb'
DEBUG    20/07 15:59:43   Found file '/databases/comparippson/mibig/3.1/cores.fa.phr'
DEBUG    20/07 15:59:43   Found file '/databases/comparippson/mibig/3.1/cores.fa.pin'
DEBUG    20/07 15:59:43   Found file '/databases/comparippson/mibig/3.1/cores.fa.pot'
DEBUG    20/07 15:59:43   Found file '/databases/comparippson/mibig/3.1/cores.fa.psq'
DEBUG    20/07 15:59:43   Found file '/databases/comparippson/mibig/3.1/cores.fa.ptf'
DEBUG    20/07 15:59:43   Found file '/databases/comparippson/mibig/3.1/cores.fa.pto'
DEBUG    20/07 15:59:43   Checking prerequisites for antismash.modules.lassopeptides
DEBUG    20/07 15:59:43   Checking prerequisites for antismash.modules.nrps_pks
DEBUG    20/07 15:59:43   Found existing cache for /usr/local/lib/python3.9/dist-packages/antismash/modules/nrps_pks/data/terminals/cterm.fasta
DEBUG    20/07 15:59:43   Found existing cache for /usr/local/lib/python3.9/dist-packages/antismash/modules/nrps_pks/data/terminals/nterm.fasta
DEBUG    20/07 15:59:43   Found existing cache for /usr/local/lib/python3.9/dist-packages/antismash/modules/nrps_pks/at_analysis/data/AT_domains_muscle.fasta
DEBUG    20/07 15:59:43   Found existing cache for /usr/local/lib/python3.9/dist-packages/antismash/modules/nrps_pks/kr_analysis/data/KRdomains_muscle.fasta
DEBUG    20/07 15:59:43   Found existing cache for /usr/local/lib/python3.9/dist-packages/antismash/modules/nrps_pks/minowa/data/AT_domains_muscle.fasta
DEBUG    20/07 15:59:43   Found existing cache for /usr/local/lib/python3.9/dist-packages/antismash/modules/nrps_pks/minowa/data/CAL_domains_muscle.fasta
DEBUG    20/07 15:59:43   Checking prerequisites for antismash.modules.pfam2go
DEBUG    20/07 15:59:43   Found file '/usr/local/lib/python3.9/dist-packages/antismash/modules/pfam2go/data/pfam2go.txt'
DEBUG    20/07 15:59:43   Checking prerequisites for antismash.modules.rrefinder
DEBUG    20/07 15:59:43   Found file '/usr/local/lib/python3.9/dist-packages/antismash/modules/rrefinder/data/RREFam.hmm.h3f'
DEBUG    20/07 15:59:43   Found file '/usr/local/lib/python3.9/dist-packages/antismash/modules/rrefinder/data/RREFam.hmm.h3i'
DEBUG    20/07 15:59:43   Found file '/usr/local/lib/python3.9/dist-packages/antismash/modules/rrefinder/data/RREFam.hmm.h3m'
DEBUG    20/07 15:59:43   Found file '/usr/local/lib/python3.9/dist-packages/antismash/modules/rrefinder/data/RREFam.hmm.h3p'
DEBUG    20/07 15:59:43   Checking prerequisites for antismash.modules.sactipeptides
DEBUG    20/07 15:59:43   Checking prerequisites for antismash.modules.t2pks
DEBUG    20/07 15:59:43   Found file '/usr/local/lib/python3.9/dist-packages/antismash/modules/t2pks/data/KSIII.fasta'
DEBUG    20/07 15:59:43   Found file '/usr/local/lib/python3.9/dist-packages/antismash/modules/t2pks/data/KSIII.phr'
DEBUG    20/07 15:59:43   Found file '/usr/local/lib/python3.9/dist-packages/antismash/modules/t2pks/data/KSIII.pin'
DEBUG    20/07 15:59:43   Found file '/usr/local/lib/python3.9/dist-packages/antismash/modules/t2pks/data/KSIII.psq'
DEBUG    20/07 15:59:43   Found file '/usr/local/lib/python3.9/dist-packages/antismash/modules/t2pks/data/AT.fasta'
DEBUG    20/07 15:59:43   Found file '/usr/local/lib/python3.9/dist-packages/antismash/modules/t2pks/data/AT.phr'
DEBUG    20/07 15:59:43   Found file '/usr/local/lib/python3.9/dist-packages/antismash/modules/t2pks/data/AT.pin'
DEBUG    20/07 15:59:43   Found file '/usr/local/lib/python3.9/dist-packages/antismash/modules/t2pks/data/AT.psq'
DEBUG    20/07 15:59:43   Found file '/usr/local/lib/python3.9/dist-packages/antismash/modules/t2pks/data/LIG.fasta'
DEBUG    20/07 15:59:43   Found file '/usr/local/lib/python3.9/dist-packages/antismash/modules/t2pks/data/LIG.phr'
DEBUG    20/07 15:59:43   Found file '/usr/local/lib/python3.9/dist-packages/antismash/modules/t2pks/data/LIG.pin'
DEBUG    20/07 15:59:43   Found file '/usr/local/lib/python3.9/dist-packages/antismash/modules/t2pks/data/LIG.psq'
DEBUG    20/07 15:59:43   Found file '/usr/local/lib/python3.9/dist-packages/antismash/modules/t2pks/data/t2pks.hmm.h3f'
DEBUG    20/07 15:59:43   Found file '/usr/local/lib/python3.9/dist-packages/antismash/modules/t2pks/data/t2pks.hmm.h3i'
DEBUG    20/07 15:59:43   Found file '/usr/local/lib/python3.9/dist-packages/antismash/modules/t2pks/data/t2pks.hmm.h3m'
DEBUG    20/07 15:59:43   Found file '/usr/local/lib/python3.9/dist-packages/antismash/modules/t2pks/data/t2pks.hmm.h3p'
DEBUG    20/07 15:59:43   Checking prerequisites for antismash.modules.tfbs_finder
DEBUG    20/07 15:59:43   Found file '/usr/local/lib/python3.9/dist-packages/antismash/modules/tfbs_finder/data/PWMs.json'
DEBUG    20/07 15:59:43   Checking prerequisites for antismash.modules.thiopeptides
DEBUG    20/07 15:59:43   Found file '/usr/local/lib/python3.9/dist-packages/antismash/modules/thiopeptides/data/thiopep3.hmm.h3f'
DEBUG    20/07 15:59:43   Found file '/usr/local/lib/python3.9/dist-packages/antismash/modules/thiopeptides/data/thiopep3.hmm.h3i'
DEBUG    20/07 15:59:43   Found file '/usr/local/lib/python3.9/dist-packages/antismash/modules/thiopeptides/data/thiopep3.hmm.h3m'
DEBUG    20/07 15:59:43   Found file '/usr/local/lib/python3.9/dist-packages/antismash/modules/thiopeptides/data/thiopep3.hmm.h3p'
DEBUG    20/07 15:59:43   Checking prerequisites for antismash.modules.tta
DEBUG    20/07 15:59:43   Checking prerequisites for antismash.outputs.html
DEBUG    20/07 15:59:43   Found file '/usr/local/lib/python3.9/dist-packages/antismash/outputs/html/css/bacteria.css'
DEBUG    20/07 15:59:43   Found file '/usr/local/lib/python3.9/dist-packages/antismash/outputs/html/css/fungi.css'
DEBUG    20/07 15:59:43   Found file '/usr/local/lib/python3.9/dist-packages/antismash/outputs/html/css/plants.css'
DEBUG    20/07 15:59:43   Checking prerequisites for antismash.support.genefinding
DEBUG    20/07 15:59:43   Checking options for antismash.detection.hmm_detection
DEBUG    20/07 15:59:43   Checking options for antismash.detection.cluster_hmmer
DEBUG    20/07 15:59:43   Found file '/databases/pfam/34.0/Pfam-A.hmm'
DEBUG    20/07 15:59:43   Found file '/databases/pfam/34.0/Pfam-A.hmm.h3f'
DEBUG    20/07 15:59:43   Found file '/databases/pfam/34.0/Pfam-A.hmm.h3i'
DEBUG    20/07 15:59:43   Found file '/databases/pfam/34.0/Pfam-A.hmm.h3m'
DEBUG    20/07 15:59:43   Found file '/databases/pfam/34.0/Pfam-A.hmm.h3p'
DEBUG    20/07 15:59:43   Checking options for antismash.detection.genefunctions
DEBUG    20/07 15:59:43   Checking options for antismash.detection.nrps_pks_domains
DEBUG    20/07 15:59:43   Checking options for antismash.detection.tigrfam
DEBUG    20/07 15:59:43   Checking options for antismash.modules.active_site_finder
DEBUG    20/07 15:59:43   Checking options for antismash.modules.cluster_compare
DEBUG    20/07 15:59:43   Checking options for antismash.modules.clusterblast
DEBUG    20/07 15:59:43   Checking options for antismash.modules.lanthipeptides
DEBUG    20/07 15:59:43   Checking options for antismash.modules.lassopeptides
DEBUG    20/07 15:59:43   Checking options for antismash.modules.nrps_pks
DEBUG    20/07 15:59:43   Checking options for antismash.modules.pfam2go
DEBUG    20/07 15:59:43   Checking options for antismash.modules.rrefinder
DEBUG    20/07 15:59:43   Checking options for antismash.modules.sactipeptides
DEBUG    20/07 15:59:43   Checking options for antismash.modules.t2pks
DEBUG    20/07 15:59:43   Checking options for antismash.modules.tfbs_finder
DEBUG    20/07 15:59:43   Checking options for antismash.modules.thiopeptides
DEBUG    20/07 15:59:43   Checking options for antismash.modules.tta
DEBUG    20/07 15:59:43   Checking options for antismash.outputs.html
DEBUG    20/07 15:59:43   Checking options for antismash.support.genefinding
INFO     20/07 15:59:43   Parsing input sequence '/input/GCF_002927635.1_Albidovulum_inexpectatum_DSM_12048.gbk'
DEBUG    20/07 15:59:44   Stripping antiSMASH features and annotations from record: NZ_PRDS01000001.1
DEBUG    20/07 15:59:44   Stripping antiSMASH features and annotations from record: NZ_PRDS01000002.1
DEBUG    20/07 15:59:44   Stripping antiSMASH features and annotations from record: NZ_PRDS01000003.1
DEBUG    20/07 15:59:44   Stripping antiSMASH features and annotations from record: NZ_PRDS01000004.1
DEBUG    20/07 15:59:44   Stripping antiSMASH features and annotations from record: NZ_PRDS01000005.1
DEBUG    20/07 15:59:44   Stripping antiSMASH features and annotations from record: NZ_PRDS01000006.1
DEBUG    20/07 15:59:44   Stripping antiSMASH features and annotations from record: NZ_PRDS01000007.1
DEBUG    20/07 15:59:44   Stripping antiSMASH features and annotations from record: NZ_PRDS01000008.1
DEBUG    20/07 15:59:44   Stripping antiSMASH features and annotations from record: NZ_PRDS01000009.1
DEBUG    20/07 15:59:44   Stripping antiSMASH features and annotations from record: NZ_PRDS01000010.1
DEBUG    20/07 15:59:44   Stripping antiSMASH features and annotations from record: NZ_PRDS01000011.1
DEBUG    20/07 15:59:44   Stripping antiSMASH features and annotations from record: NZ_PRDS01000012.1
DEBUG    20/07 15:59:44   Stripping antiSMASH features and annotations from record: NZ_PRDS01000013.1
DEBUG    20/07 15:59:44   Stripping antiSMASH features and annotations from record: NZ_PRDS01000014.1
DEBUG    20/07 15:59:44   Stripping antiSMASH features and annotations from record: NZ_PRDS01000015.1
DEBUG    20/07 15:59:44   Stripping antiSMASH features and annotations from record: NZ_PRDS01000016.1
DEBUG    20/07 15:59:44   Stripping antiSMASH features and annotations from record: NZ_PRDS01000017.1
DEBUG    20/07 15:59:44   Stripping antiSMASH features and annotations from record: NZ_PRDS01000018.1
DEBUG    20/07 15:59:44   Stripping antiSMASH features and annotations from record: NZ_PRDS01000019.1
DEBUG    20/07 15:59:44   Stripping antiSMASH features and annotations from record: NZ_PRDS01000020.1
DEBUG    20/07 15:59:44   Stripping antiSMASH features and annotations from record: NZ_PRDS01000021.1
DEBUG    20/07 15:59:44   Stripping antiSMASH features and annotations from record: NZ_PRDS01000022.1
DEBUG    20/07 15:59:44   Stripping antiSMASH features and annotations from record: NZ_PRDS01000023.1
DEBUG    20/07 15:59:44   Stripping antiSMASH features and annotations from record: NZ_PRDS01000024.1
DEBUG    20/07 15:59:44   Stripping antiSMASH features and annotations from record: NZ_PRDS01000025.1
DEBUG    20/07 15:59:44   Stripping antiSMASH features and annotations from record: NZ_PRDS01000026.1
DEBUG    20/07 15:59:44   Stripping antiSMASH features and annotations from record: NZ_PRDS01000027.1
DEBUG    20/07 15:59:44   Converting records from biopython to secmet
DEBUG    20/07 15:59:44   Removing existing region genbank files
DEBUG    20/07 15:59:44   Reusing output directory: /data/antismash/upload/bacteria-66d51bf4-3b7b-45f5-befb-039f76bc2390
DEBUG    20/07 15:59:44   Preprocessing 27 sequences
DEBUG    20/07 15:59:44   Sanitising record ids and sequences
DEBUG    20/07 15:59:45   Removing sequences smaller than 1000 bases
DEBUG    20/07 15:59:45   Ensuring records have CDS features with all required information
INFO     20/07 15:59:45   No CDS features found in record 'NZ_PRDS01000020.1', running gene finding.
DEBUG    20/07 15:59:45   Running prodigal based genefinding
DEBUG    20/07 15:59:46   prodigal found 6 CDS features
INFO     20/07 15:59:46   Analysing record: NZ_PRDS01000001.1
INFO     20/07 15:59:46   Detecting secondary metabolite clusters
DEBUG    20/07 15:59:46   Checking if antismash.detection.hmm_detection should be run
INFO     20/07 15:59:46   Running antismash.detection.hmm_detection
INFO     20/07 15:59:46   HMM detection using strictness: relaxed
DEBUG    20/07 15:59:50   0 rule-based cluster(s) found in record
DEBUG    20/07 15:59:50   0 protoclusters found
DEBUG    20/07 15:59:50   0 subregions found
INFO     20/07 15:59:50   No regions detected, skipping record
INFO     20/07 15:59:50   Analysing record: NZ_PRDS01000002.1
INFO     20/07 15:59:50   Detecting secondary metabolite clusters
DEBUG    20/07 15:59:50   Checking if antismash.detection.hmm_detection should be run
INFO     20/07 15:59:50   Running antismash.detection.hmm_detection
INFO     20/07 15:59:50   HMM detection using strictness: relaxed
DEBUG    20/07 15:59:53   1 rule-based cluster(s) found in record
DEBUG    20/07 15:59:53   1 protoclusters found
DEBUG    20/07 15:59:53   0 subregions found
INFO     20/07 15:59:53   1 region(s) detected in record
DEBUG    20/07 15:59:53   Checking if antismash.detection.cluster_hmmer should be run
INFO     20/07 15:59:53   Running antismash.detection.cluster_hmmer
INFO     20/07 15:59:53   Running cluster PFAM search
DEBUG    20/07 16:00:00   Building name mapping for HMMer database Pfam-A.hmm
DEBUG    20/07 16:00:05   Building cutoff mapping for HMMer database /databases/pfam/34.0/Pfam-A.hmm
DEBUG    20/07 16:00:10   Adding detection results from antismash.detection.cluster_hmmer to record
DEBUG    20/07 16:00:10   Checking if antismash.detection.genefunctions should be run
INFO     20/07 16:00:10   Running antismash.detection.genefunctions
DEBUG    20/07 16:00:11   Adding detection results from antismash.detection.genefunctions to record
DEBUG    20/07 16:00:11   annotating CDS features with resist info: 0 CDSes
DEBUG    20/07 16:00:11   annotating CDS features with smcogs info: 4 CDSes
DEBUG    20/07 16:00:11   Checking if antismash.detection.nrps_pks_domains should be run
INFO     20/07 16:00:11   Running antismash.detection.nrps_pks_domains
DEBUG    20/07 16:00:11   Marking NRPS/PKS CDS features and domains in clusters
DEBUG    20/07 16:00:11   Adding detection results from antismash.detection.nrps_pks_domains to record
DEBUG    20/07 16:00:11   Checking if antismash.detection.tigrfam should be run
INFO     20/07 16:00:11   Running antismash.detection.tigrfam
INFO     20/07 16:00:11   Running TIGRFam search
DEBUG    20/07 16:00:14   Building name mapping for HMMer database TIGRFam.hmm
DEBUG    20/07 16:00:16   Adding detection results from antismash.detection.tigrfam to record
DEBUG    20/07 16:00:16   Checking if antismash.modules.active_site_finder should be run
INFO     20/07 16:00:16   Running antismash.modules.active_site_finder
DEBUG    20/07 16:00:16   Checking if antismash.modules.cluster_compare should be run
INFO     20/07 16:00:16   Running antismash.modules.cluster_compare
DEBUG    20/07 16:00:16   Loading comparison database: MIBiG
DEBUG    20/07 16:00:17   Comparison database loaded
INFO     20/07 16:00:17   Comparing regions to reference database
DEBUG    20/07 16:00:18   Checking if antismash.modules.clusterblast should be run
INFO     20/07 16:00:18   Running antismash.modules.clusterblast
INFO     20/07 16:00:18   Finding internal homologs in each gene cluster...
INFO     20/07 16:00:19   Running ClusterBlast
INFO     20/07 16:00:19   ClusterBlast: Loading gene cluster database into memory...
INFO     20/07 16:00:21   ClusterBlast: Loading gene cluster database proteins into memory...
INFO     20/07 16:00:35   Comparing regions to reference database
INFO     20/07 16:01:42   Running subcluster search
INFO     20/07 16:01:42   SubClusterBlast: Loading gene cluster database into memory...
INFO     20/07 16:01:42   SubClusterBlast: Loading gene cluster database proteins into memory...
INFO     20/07 16:01:43   Running known cluster search
INFO     20/07 16:01:43   KnownClusterBlast: Loading gene cluster database into memory...
INFO     20/07 16:01:43   KnownClusterBlast: Loading gene cluster database proteins into memory...
DEBUG    20/07 16:01:43   Running DIAMOND knowncluster searches..
INFO     20/07 16:01:43   Comparing regions to reference database
DEBUG    20/07 16:01:46   Checking if antismash.modules.lanthipeptides should be run
INFO     20/07 16:01:46   Running antismash.modules.lanthipeptides
DEBUG    20/07 16:01:46   Lanthipeptide module marked 0 motifs
DEBUG    20/07 16:01:47   Checking if antismash.modules.lassopeptides should be run
INFO     20/07 16:01:47   Running antismash.modules.lassopeptides
DEBUG    20/07 16:01:48   Lassopeptide module marked 0 motifs
DEBUG    20/07 16:01:48   Checking if antismash.modules.nrps_pks should be run
INFO     20/07 16:01:48   Running antismash.modules.nrps_pks
DEBUG    20/07 16:01:48   No NRPS or PKS genes found, skipping analysis
DEBUG    20/07 16:01:48   Checking if antismash.modules.pfam2go should be run
INFO     20/07 16:01:48   Running antismash.modules.pfam2go
DEBUG    20/07 16:01:49   Checking if antismash.modules.rrefinder should be run
INFO     20/07 16:01:49   Running antismash.modules.rrefinder
DEBUG    20/07 16:01:49   Checking if antismash.modules.sactipeptides should be run
INFO     20/07 16:01:49   Running antismash.modules.sactipeptides
DEBUG    20/07 16:01:49   Found no sactipeptide motifs
DEBUG    20/07 16:01:51   Checking if antismash.modules.t2pks should be run
INFO     20/07 16:01:51   Running antismash.modules.t2pks
DEBUG    20/07 16:01:51   No type II PKS clusters to analyze
DEBUG    20/07 16:01:51   Checking if antismash.modules.tfbs_finder should be run
INFO     20/07 16:01:51   Running antismash.modules.tfbs_finder
DEBUG    20/07 16:01:51   Checking if antismash.modules.thiopeptides should be run
INFO     20/07 16:01:51   Running antismash.modules.thiopeptides
DEBUG    20/07 16:01:51   Thiopeptides marked 0 motifs
DEBUG    20/07 16:01:53   Checking if antismash.modules.tta should be run
INFO     20/07 16:01:53   Running antismash.modules.tta
INFO     20/07 16:01:53   Skipping TTA codon detection, GC content too low: 64%
INFO     20/07 16:01:53   Analysing record: NZ_PRDS01000003.1
INFO     20/07 16:01:53   Detecting secondary metabolite clusters
DEBUG    20/07 16:01:53   Checking if antismash.detection.hmm_detection should be run
INFO     20/07 16:01:53   Running antismash.detection.hmm_detection
INFO     20/07 16:01:53   HMM detection using strictness: relaxed
DEBUG    20/07 16:01:55   0 rule-based cluster(s) found in record
DEBUG    20/07 16:01:55   0 protoclusters found
DEBUG    20/07 16:01:55   0 subregions found
INFO     20/07 16:01:55   No regions detected, skipping record
INFO     20/07 16:01:55   Analysing record: NZ_PRDS01000004.1
INFO     20/07 16:01:55   Detecting secondary metabolite clusters
DEBUG    20/07 16:01:55   Checking if antismash.detection.hmm_detection should be run
INFO     20/07 16:01:55   Running antismash.detection.hmm_detection
INFO     20/07 16:01:55   HMM detection using strictness: relaxed
DEBUG    20/07 16:01:57   0 rule-based cluster(s) found in record
DEBUG    20/07 16:01:57   0 protoclusters found
DEBUG    20/07 16:01:57   0 subregions found
INFO     20/07 16:01:57   No regions detected, skipping record
INFO     20/07 16:01:57   Analysing record: NZ_PRDS01000005.1
INFO     20/07 16:01:57   Detecting secondary metabolite clusters
DEBUG    20/07 16:01:57   Checking if antismash.detection.hmm_detection should be run
INFO     20/07 16:01:57   Running antismash.detection.hmm_detection
INFO     20/07 16:01:57   HMM detection using strictness: relaxed
DEBUG    20/07 16:01:59   2 rule-based cluster(s) found in record
DEBUG    20/07 16:01:59   2 protoclusters found
DEBUG    20/07 16:01:59   0 subregions found
INFO     20/07 16:01:59   2 region(s) detected in record
DEBUG    20/07 16:01:59   Checking if antismash.detection.cluster_hmmer should be run
INFO     20/07 16:01:59   Running antismash.detection.cluster_hmmer
INFO     20/07 16:01:59   Running cluster PFAM search
DEBUG    20/07 16:02:17   Adding detection results from antismash.detection.cluster_hmmer to record
DEBUG    20/07 16:02:17   Checking if antismash.detection.genefunctions should be run
INFO     20/07 16:02:17   Running antismash.detection.genefunctions
DEBUG    20/07 16:02:19   Adding detection results from antismash.detection.genefunctions to record
DEBUG    20/07 16:02:19   annotating CDS features with resist info: 0 CDSes
DEBUG    20/07 16:02:19   annotating CDS features with smcogs info: 9 CDSes
DEBUG    20/07 16:02:19   Checking if antismash.detection.nrps_pks_domains should be run
INFO     20/07 16:02:19   Running antismash.detection.nrps_pks_domains
DEBUG    20/07 16:02:19   Marking NRPS/PKS CDS features and domains in clusters
DEBUG    20/07 16:02:19   Adding detection results from antismash.detection.nrps_pks_domains to record
DEBUG    20/07 16:02:19   Checking if antismash.detection.tigrfam should be run
INFO     20/07 16:02:19   Running antismash.detection.tigrfam
INFO     20/07 16:02:19   Running TIGRFam search
DEBUG    20/07 16:02:25   Adding detection results from antismash.detection.tigrfam to record
DEBUG    20/07 16:02:25   Checking if antismash.modules.active_site_finder should be run
INFO     20/07 16:02:25   Running antismash.modules.active_site_finder
DEBUG    20/07 16:02:25   Checking if antismash.modules.cluster_compare should be run
INFO     20/07 16:02:25   Running antismash.modules.cluster_compare
DEBUG    20/07 16:02:25   Loading comparison database: MIBiG
DEBUG    20/07 16:02:25   Comparison database loaded
INFO     20/07 16:02:25   Comparing regions to reference database
DEBUG    20/07 16:02:27   Checking if antismash.modules.clusterblast should be run
INFO     20/07 16:02:27   Running antismash.modules.clusterblast
INFO     20/07 16:02:27   Finding internal homologs in each gene cluster...
INFO     20/07 16:02:29   Running ClusterBlast
INFO     20/07 16:02:29   ClusterBlast: Loading gene cluster database into memory...
INFO     20/07 16:02:30   ClusterBlast: Loading gene cluster database proteins into memory...
INFO     20/07 16:02:44   Comparing regions to reference database
INFO     20/07 16:03:51   Running subcluster search
INFO     20/07 16:03:51   SubClusterBlast: Loading gene cluster database into memory...
INFO     20/07 16:03:51   SubClusterBlast: Loading gene cluster database proteins into memory...
INFO     20/07 16:03:53   Running known cluster search
INFO     20/07 16:03:53   KnownClusterBlast: Loading gene cluster database into memory...
INFO     20/07 16:03:53   KnownClusterBlast: Loading gene cluster database proteins into memory...
DEBUG    20/07 16:03:54   Running DIAMOND knowncluster searches..
INFO     20/07 16:03:54   Comparing regions to reference database
DEBUG    20/07 16:03:56   Checking if antismash.modules.lanthipeptides should be run
INFO     20/07 16:03:56   Running antismash.modules.lanthipeptides
DEBUG    20/07 16:03:56   Lanthipeptide module marked 0 motifs
DEBUG    20/07 16:03:58   Checking if antismash.modules.lassopeptides should be run
INFO     20/07 16:03:58   Running antismash.modules.lassopeptides
DEBUG    20/07 16:04:00   Lassopeptide module marked 0 motifs
DEBUG    20/07 16:04:00   Checking if antismash.modules.nrps_pks should be run
INFO     20/07 16:04:00   Running antismash.modules.nrps_pks
DEBUG    20/07 16:04:00   Checking if antismash.modules.pfam2go should be run
INFO     20/07 16:04:00   Running antismash.modules.pfam2go
DEBUG    20/07 16:04:00   Checking if antismash.modules.rrefinder should be run
INFO     20/07 16:04:00   Running antismash.modules.rrefinder
DEBUG    20/07 16:04:00   Checking if antismash.modules.sactipeptides should be run
INFO     20/07 16:04:00   Running antismash.modules.sactipeptides
DEBUG    20/07 16:04:00   Found no sactipeptide motifs
DEBUG    20/07 16:04:01   Checking if antismash.modules.t2pks should be run
INFO     20/07 16:04:01   Running antismash.modules.t2pks
DEBUG    20/07 16:04:01   No type II PKS clusters to analyze
DEBUG    20/07 16:04:01   Checking if antismash.modules.tfbs_finder should be run
INFO     20/07 16:04:01   Running antismash.modules.tfbs_finder
DEBUG    20/07 16:04:02   Checking if antismash.modules.thiopeptides should be run
INFO     20/07 16:04:02   Running antismash.modules.thiopeptides
DEBUG    20/07 16:04:02   Thiopeptides marked 0 motifs
DEBUG    20/07 16:04:03   Checking if antismash.modules.tta should be run
INFO     20/07 16:04:03   Running antismash.modules.tta
INFO     20/07 16:04:03   Skipping TTA codon detection, GC content too low: 64%
INFO     20/07 16:04:03   Analysing record: NZ_PRDS01000006.1
INFO     20/07 16:04:03   Detecting secondary metabolite clusters
DEBUG    20/07 16:04:03   Checking if antismash.detection.hmm_detection should be run
INFO     20/07 16:04:03   Running antismash.detection.hmm_detection
INFO     20/07 16:04:03   HMM detection using strictness: relaxed
DEBUG    20/07 16:04:05   0 rule-based cluster(s) found in record
DEBUG    20/07 16:04:05   0 protoclusters found
DEBUG    20/07 16:04:05   0 subregions found
INFO     20/07 16:04:05   No regions detected, skipping record
INFO     20/07 16:04:05   Analysing record: NZ_PRDS01000007.1
INFO     20/07 16:04:05   Detecting secondary metabolite clusters
DEBUG    20/07 16:04:05   Checking if antismash.detection.hmm_detection should be run
INFO     20/07 16:04:05   Running antismash.detection.hmm_detection
INFO     20/07 16:04:05   HMM detection using strictness: relaxed
DEBUG    20/07 16:04:06   0 rule-based cluster(s) found in record
DEBUG    20/07 16:04:06   0 protoclusters found
DEBUG    20/07 16:04:06   0 subregions found
INFO     20/07 16:04:06   No regions detected, skipping record
INFO     20/07 16:04:06   Analysing record: NZ_PRDS01000008.1
INFO     20/07 16:04:06   Detecting secondary metabolite clusters
DEBUG    20/07 16:04:06   Checking if antismash.detection.hmm_detection should be run
INFO     20/07 16:04:06   Running antismash.detection.hmm_detection
INFO     20/07 16:04:06   HMM detection using strictness: relaxed
DEBUG    20/07 16:04:08   0 rule-based cluster(s) found in record
DEBUG    20/07 16:04:08   0 protoclusters found
DEBUG    20/07 16:04:08   0 subregions found
INFO     20/07 16:04:08   No regions detected, skipping record
INFO     20/07 16:04:08   Analysing record: NZ_PRDS01000009.1
INFO     20/07 16:04:08   Detecting secondary metabolite clusters
DEBUG    20/07 16:04:08   Checking if antismash.detection.hmm_detection should be run
INFO     20/07 16:04:08   Running antismash.detection.hmm_detection
INFO     20/07 16:04:08   HMM detection using strictness: relaxed
DEBUG    20/07 16:04:09   0 rule-based cluster(s) found in record
DEBUG    20/07 16:04:09   0 protoclusters found
DEBUG    20/07 16:04:09   0 subregions found
INFO     20/07 16:04:09   No regions detected, skipping record
INFO     20/07 16:04:09   Analysing record: NZ_PRDS01000010.1
INFO     20/07 16:04:09   Detecting secondary metabolite clusters
DEBUG    20/07 16:04:09   Checking if antismash.detection.hmm_detection should be run
INFO     20/07 16:04:09   Running antismash.detection.hmm_detection
INFO     20/07 16:04:09   HMM detection using strictness: relaxed
DEBUG    20/07 16:04:10   0 rule-based cluster(s) found in record
DEBUG    20/07 16:04:10   0 protoclusters found
DEBUG    20/07 16:04:10   0 subregions found
INFO     20/07 16:04:10   No regions detected, skipping record
INFO     20/07 16:04:10   Analysing record: NZ_PRDS01000011.1
INFO     20/07 16:04:10   Detecting secondary metabolite clusters
DEBUG    20/07 16:04:10   Checking if antismash.detection.hmm_detection should be run
INFO     20/07 16:04:10   Running antismash.detection.hmm_detection
INFO     20/07 16:04:10   HMM detection using strictness: relaxed
DEBUG    20/07 16:04:11   0 rule-based cluster(s) found in record
DEBUG    20/07 16:04:11   0 protoclusters found
DEBUG    20/07 16:04:11   0 subregions found
INFO     20/07 16:04:11   No regions detected, skipping record
INFO     20/07 16:04:11   Analysing record: NZ_PRDS01000012.1
INFO     20/07 16:04:11   Detecting secondary metabolite clusters
DEBUG    20/07 16:04:11   Checking if antismash.detection.hmm_detection should be run
INFO     20/07 16:04:11   Running antismash.detection.hmm_detection
INFO     20/07 16:04:11   HMM detection using strictness: relaxed
DEBUG    20/07 16:04:12   0 rule-based cluster(s) found in record
DEBUG    20/07 16:04:12   0 protoclusters found
DEBUG    20/07 16:04:12   0 subregions found
INFO     20/07 16:04:12   No regions detected, skipping record
INFO     20/07 16:04:12   Analysing record: NZ_PRDS01000013.1
INFO     20/07 16:04:12   Detecting secondary metabolite clusters
DEBUG    20/07 16:04:12   Checking if antismash.detection.hmm_detection should be run
INFO     20/07 16:04:12   Running antismash.detection.hmm_detection
INFO     20/07 16:04:12   HMM detection using strictness: relaxed
DEBUG    20/07 16:04:12   0 rule-based cluster(s) found in record
DEBUG    20/07 16:04:12   0 protoclusters found
DEBUG    20/07 16:04:12   0 subregions found
INFO     20/07 16:04:12   No regions detected, skipping record
INFO     20/07 16:04:12   Analysing record: NZ_PRDS01000014.1
INFO     20/07 16:04:12   Detecting secondary metabolite clusters
DEBUG    20/07 16:04:12   Checking if antismash.detection.hmm_detection should be run
INFO     20/07 16:04:12   Running antismash.detection.hmm_detection
INFO     20/07 16:04:12   HMM detection using strictness: relaxed
DEBUG    20/07 16:04:13   0 rule-based cluster(s) found in record
DEBUG    20/07 16:04:13   0 protoclusters found
DEBUG    20/07 16:04:13   0 subregions found
INFO     20/07 16:04:13   No regions detected, skipping record
INFO     20/07 16:04:13   Analysing record: NZ_PRDS01000015.1
INFO     20/07 16:04:13   Detecting secondary metabolite clusters
DEBUG    20/07 16:04:13   Checking if antismash.detection.hmm_detection should be run
INFO     20/07 16:04:13   Running antismash.detection.hmm_detection
INFO     20/07 16:04:13   HMM detection using strictness: relaxed
DEBUG    20/07 16:04:14   0 rule-based cluster(s) found in record
DEBUG    20/07 16:04:14   0 protoclusters found
DEBUG    20/07 16:04:14   0 subregions found
INFO     20/07 16:04:14   No regions detected, skipping record
INFO     20/07 16:04:14   Analysing record: NZ_PRDS01000016.1
INFO     20/07 16:04:14   Detecting secondary metabolite clusters
DEBUG    20/07 16:04:14   Checking if antismash.detection.hmm_detection should be run
INFO     20/07 16:04:14   Running antismash.detection.hmm_detection
INFO     20/07 16:04:14   HMM detection using strictness: relaxed
DEBUG    20/07 16:04:14   0 rule-based cluster(s) found in record
DEBUG    20/07 16:04:14   0 protoclusters found
DEBUG    20/07 16:04:14   0 subregions found
INFO     20/07 16:04:14   No regions detected, skipping record
INFO     20/07 16:04:14   Analysing record: NZ_PRDS01000017.1
INFO     20/07 16:04:14   Detecting secondary metabolite clusters
DEBUG    20/07 16:04:14   Checking if antismash.detection.hmm_detection should be run
INFO     20/07 16:04:14   Running antismash.detection.hmm_detection
INFO     20/07 16:04:14   HMM detection using strictness: relaxed
DEBUG    20/07 16:04:15   0 rule-based cluster(s) found in record
DEBUG    20/07 16:04:15   0 protoclusters found
DEBUG    20/07 16:04:15   0 subregions found
INFO     20/07 16:04:15   No regions detected, skipping record
INFO     20/07 16:04:15   Analysing record: NZ_PRDS01000018.1
INFO     20/07 16:04:15   Detecting secondary metabolite clusters
DEBUG    20/07 16:04:15   Checking if antismash.detection.hmm_detection should be run
INFO     20/07 16:04:15   Running antismash.detection.hmm_detection
INFO     20/07 16:04:15   HMM detection using strictness: relaxed
DEBUG    20/07 16:04:15   0 rule-based cluster(s) found in record
DEBUG    20/07 16:04:15   0 protoclusters found
DEBUG    20/07 16:04:15   0 subregions found
INFO     20/07 16:04:15   No regions detected, skipping record
INFO     20/07 16:04:15   Analysing record: NZ_PRDS01000019.1
INFO     20/07 16:04:15   Detecting secondary metabolite clusters
DEBUG    20/07 16:04:15   Checking if antismash.detection.hmm_detection should be run
INFO     20/07 16:04:15   Running antismash.detection.hmm_detection
INFO     20/07 16:04:15   HMM detection using strictness: relaxed
DEBUG    20/07 16:04:16   0 rule-based cluster(s) found in record
DEBUG    20/07 16:04:16   0 protoclusters found
DEBUG    20/07 16:04:16   0 subregions found
INFO     20/07 16:04:16   No regions detected, skipping record
INFO     20/07 16:04:16   Analysing record: NZ_PRDS01000020.1
INFO     20/07 16:04:16   Detecting secondary metabolite clusters
DEBUG    20/07 16:04:16   Checking if antismash.detection.hmm_detection should be run
INFO     20/07 16:04:16   Running antismash.detection.hmm_detection
INFO     20/07 16:04:16   HMM detection using strictness: relaxed
DEBUG    20/07 16:04:16   0 rule-based cluster(s) found in record
DEBUG    20/07 16:04:16   0 protoclusters found
DEBUG    20/07 16:04:16   0 subregions found
INFO     20/07 16:04:16   No regions detected, skipping record
INFO     20/07 16:04:16   Analysing record: NZ_PRDS01000021.1
INFO     20/07 16:04:16   Detecting secondary metabolite clusters
DEBUG    20/07 16:04:16   Checking if antismash.detection.hmm_detection should be run
INFO     20/07 16:04:16   Running antismash.detection.hmm_detection
INFO     20/07 16:04:16   HMM detection using strictness: relaxed
DEBUG    20/07 16:04:17   0 rule-based cluster(s) found in record
DEBUG    20/07 16:04:17   0 protoclusters found
DEBUG    20/07 16:04:17   0 subregions found
INFO     20/07 16:04:17   No regions detected, skipping record
INFO     20/07 16:04:17   Analysing record: NZ_PRDS01000022.1
INFO     20/07 16:04:17   Detecting secondary metabolite clusters
DEBUG    20/07 16:04:17   Checking if antismash.detection.hmm_detection should be run
INFO     20/07 16:04:17   Running antismash.detection.hmm_detection
INFO     20/07 16:04:17   HMM detection using strictness: relaxed
DEBUG    20/07 16:04:17   0 rule-based cluster(s) found in record
DEBUG    20/07 16:04:17   0 protoclusters found
DEBUG    20/07 16:04:17   0 subregions found
INFO     20/07 16:04:17   No regions detected, skipping record
INFO     20/07 16:04:17   Analysing record: NZ_PRDS01000023.1
INFO     20/07 16:04:17   Detecting secondary metabolite clusters
DEBUG    20/07 16:04:17   Checking if antismash.detection.hmm_detection should be run
INFO     20/07 16:04:17   Running antismash.detection.hmm_detection
INFO     20/07 16:04:17   HMM detection using strictness: relaxed
DEBUG    20/07 16:04:18   0 rule-based cluster(s) found in record
DEBUG    20/07 16:04:18   0 protoclusters found
DEBUG    20/07 16:04:18   0 subregions found
INFO     20/07 16:04:18   No regions detected, skipping record
INFO     20/07 16:04:18   Analysing record: NZ_PRDS01000024.1
INFO     20/07 16:04:18   Detecting secondary metabolite clusters
DEBUG    20/07 16:04:18   Checking if antismash.detection.hmm_detection should be run
INFO     20/07 16:04:18   Running antismash.detection.hmm_detection
INFO     20/07 16:04:18   HMM detection using strictness: relaxed
DEBUG    20/07 16:04:18   0 rule-based cluster(s) found in record
DEBUG    20/07 16:04:18   0 protoclusters found
DEBUG    20/07 16:04:18   0 subregions found
INFO     20/07 16:04:18   No regions detected, skipping record
INFO     20/07 16:04:18   Analysing record: NZ_PRDS01000025.1
INFO     20/07 16:04:18   Detecting secondary metabolite clusters
DEBUG    20/07 16:04:18   Checking if antismash.detection.hmm_detection should be run
INFO     20/07 16:04:18   Running antismash.detection.hmm_detection
INFO     20/07 16:04:18   HMM detection using strictness: relaxed
DEBUG    20/07 16:04:19   0 rule-based cluster(s) found in record
DEBUG    20/07 16:04:19   0 protoclusters found
DEBUG    20/07 16:04:19   0 subregions found
INFO     20/07 16:04:19   No regions detected, skipping record
INFO     20/07 16:04:19   Analysing record: NZ_PRDS01000026.1
INFO     20/07 16:04:19   Detecting secondary metabolite clusters
DEBUG    20/07 16:04:19   Checking if antismash.detection.hmm_detection should be run
INFO     20/07 16:04:19   Running antismash.detection.hmm_detection
INFO     20/07 16:04:19   HMM detection using strictness: relaxed
DEBUG    20/07 16:04:19   0 rule-based cluster(s) found in record
DEBUG    20/07 16:04:19   0 protoclusters found
DEBUG    20/07 16:04:19   0 subregions found
INFO     20/07 16:04:19   No regions detected, skipping record
INFO     20/07 16:04:19   Analysing record: NZ_PRDS01000027.1
INFO     20/07 16:04:19   Detecting secondary metabolite clusters
DEBUG    20/07 16:04:19   Checking if antismash.detection.hmm_detection should be run
INFO     20/07 16:04:19   Running antismash.detection.hmm_detection
INFO     20/07 16:04:19   HMM detection using strictness: relaxed
DEBUG    20/07 16:04:20   0 rule-based cluster(s) found in record
DEBUG    20/07 16:04:20   0 protoclusters found
DEBUG    20/07 16:04:20   0 subregions found
INFO     20/07 16:04:20   No regions detected, skipping record
DEBUG    20/07 16:04:20   Writing json results to '/data/antismash/upload/bacteria-66d51bf4-3b7b-45f5-befb-039f76bc2390/GCF_002927635.1_Albidovulum_inexpectatum_DSM_12048.json'
DEBUG    20/07 16:04:20   Record NZ_PRDS01000001.1 has results for modules: hmm_detection
DEBUG    20/07 16:04:20   Converting antismash.detection.hmm_detection results to json
DEBUG    20/07 16:04:20   Record NZ_PRDS01000002.1 has results for modules: hmm_detection, cluster_hmmer, genefunctions, nrps_pks_domains, tigrfam, active_site_finder, cluster_compare, clusterblast, lanthipeptides, lassopeptides, nrps_pks, pfam2go, rrefinder, sactipeptides, t2pks, tfbs_finder, thiopeptides
DEBUG    20/07 16:04:20   Converting antismash.detection.hmm_detection results to json
DEBUG    20/07 16:04:20   Converting antismash.detection.cluster_hmmer results to json
DEBUG    20/07 16:04:20   Converting antismash.detection.genefunctions results to json
DEBUG    20/07 16:04:20   Converting antismash.detection.nrps_pks_domains results to json
DEBUG    20/07 16:04:20   Converting antismash.detection.tigrfam results to json
DEBUG    20/07 16:04:20   Converting antismash.modules.active_site_finder results to json
DEBUG    20/07 16:04:20   Converting antismash.modules.cluster_compare results to json
DEBUG    20/07 16:04:20   Converting antismash.modules.clusterblast results to json
DEBUG    20/07 16:04:20   Converting antismash.modules.lanthipeptides results to json
DEBUG    20/07 16:04:20   Converting antismash.modules.lassopeptides results to json
DEBUG    20/07 16:04:20   Converting antismash.modules.nrps_pks results to json
DEBUG    20/07 16:04:20   Converting antismash.modules.pfam2go results to json
DEBUG    20/07 16:04:20   Converting antismash.modules.rrefinder results to json
DEBUG    20/07 16:04:20   Converting antismash.modules.sactipeptides results to json
DEBUG    20/07 16:04:20   Converting antismash.modules.t2pks results to json
DEBUG    20/07 16:04:20   Converting antismash.modules.tfbs_finder results to json
DEBUG    20/07 16:04:20   Converting antismash.modules.thiopeptides results to json
DEBUG    20/07 16:04:20   Converting antismash.modules.tta results to json
DEBUG    20/07 16:04:20   Record NZ_PRDS01000003.1 has results for modules: hmm_detection
DEBUG    20/07 16:04:20   Converting antismash.detection.hmm_detection results to json
DEBUG    20/07 16:04:20   Record NZ_PRDS01000004.1 has results for modules: hmm_detection
DEBUG    20/07 16:04:20   Converting antismash.detection.hmm_detection results to json
DEBUG    20/07 16:04:20   Record NZ_PRDS01000005.1 has results for modules: hmm_detection, cluster_hmmer, genefunctions, nrps_pks_domains, tigrfam, active_site_finder, cluster_compare, clusterblast, lanthipeptides, lassopeptides, nrps_pks, pfam2go, rrefinder, sactipeptides, t2pks, tfbs_finder, thiopeptides
DEBUG    20/07 16:04:20   Converting antismash.detection.hmm_detection results to json
DEBUG    20/07 16:04:20   Converting antismash.detection.cluster_hmmer results to json
DEBUG    20/07 16:04:20   Converting antismash.detection.genefunctions results to json
DEBUG    20/07 16:04:20   Converting antismash.detection.nrps_pks_domains results to json
DEBUG    20/07 16:04:20   Converting antismash.detection.tigrfam results to json
DEBUG    20/07 16:04:20   Converting antismash.modules.active_site_finder results to json
DEBUG    20/07 16:04:20   Converting antismash.modules.cluster_compare results to json
DEBUG    20/07 16:04:20   Converting antismash.modules.clusterblast results to json
DEBUG    20/07 16:04:20   Converting antismash.modules.lanthipeptides results to json
DEBUG    20/07 16:04:20   Converting antismash.modules.lassopeptides results to json
DEBUG    20/07 16:04:20   Converting antismash.modules.nrps_pks results to json
DEBUG    20/07 16:04:20   Converting antismash.modules.pfam2go results to json
DEBUG    20/07 16:04:20   Converting antismash.modules.rrefinder results to json
DEBUG    20/07 16:04:20   Converting antismash.modules.sactipeptides results to json
DEBUG    20/07 16:04:20   Converting antismash.modules.t2pks results to json
DEBUG    20/07 16:04:20   Converting antismash.modules.tfbs_finder results to json
DEBUG    20/07 16:04:20   Converting antismash.modules.thiopeptides results to json
DEBUG    20/07 16:04:20   Converting antismash.modules.tta results to json
DEBUG    20/07 16:04:20   Record NZ_PRDS01000006.1 has results for modules: hmm_detection
DEBUG    20/07 16:04:20   Converting antismash.detection.hmm_detection results to json
DEBUG    20/07 16:04:20   Record NZ_PRDS01000007.1 has results for modules: hmm_detection
DEBUG    20/07 16:04:20   Converting antismash.detection.hmm_detection results to json
DEBUG    20/07 16:04:20   Record NZ_PRDS01000008.1 has results for modules: hmm_detection
DEBUG    20/07 16:04:20   Converting antismash.detection.hmm_detection results to json
DEBUG    20/07 16:04:20   Record NZ_PRDS01000009.1 has results for modules: hmm_detection
DEBUG    20/07 16:04:20   Converting antismash.detection.hmm_detection results to json
DEBUG    20/07 16:04:20   Record NZ_PRDS01000010.1 has results for modules: hmm_detection
DEBUG    20/07 16:04:20   Converting antismash.detection.hmm_detection results to json
DEBUG    20/07 16:04:20   Record NZ_PRDS01000011.1 has results for modules: hmm_detection
DEBUG    20/07 16:04:20   Converting antismash.detection.hmm_detection results to json
DEBUG    20/07 16:04:20   Record NZ_PRDS01000012.1 has results for modules: hmm_detection
DEBUG    20/07 16:04:20   Converting antismash.detection.hmm_detection results to json
DEBUG    20/07 16:04:20   Record NZ_PRDS01000013.1 has results for modules: hmm_detection
DEBUG    20/07 16:04:20   Converting antismash.detection.hmm_detection results to json
DEBUG    20/07 16:04:20   Record NZ_PRDS01000014.1 has results for modules: hmm_detection
DEBUG    20/07 16:04:20   Converting antismash.detection.hmm_detection results to json
DEBUG    20/07 16:04:20   Record NZ_PRDS01000015.1 has results for modules: hmm_detection
DEBUG    20/07 16:04:20   Converting antismash.detection.hmm_detection results to json
DEBUG    20/07 16:04:20   Record NZ_PRDS01000016.1 has results for modules: hmm_detection
DEBUG    20/07 16:04:20   Converting antismash.detection.hmm_detection results to json
DEBUG    20/07 16:04:20   Record NZ_PRDS01000017.1 has results for modules: hmm_detection
DEBUG    20/07 16:04:20   Converting antismash.detection.hmm_detection results to json
DEBUG    20/07 16:04:20   Record NZ_PRDS01000018.1 has results for modules: hmm_detection
DEBUG    20/07 16:04:20   Converting antismash.detection.hmm_detection results to json
DEBUG    20/07 16:04:20   Record NZ_PRDS01000019.1 has results for modules: hmm_detection
DEBUG    20/07 16:04:20   Converting antismash.detection.hmm_detection results to json
DEBUG    20/07 16:04:20   Record NZ_PRDS01000020.1 has results for modules: hmm_detection
DEBUG    20/07 16:04:20   Converting antismash.detection.hmm_detection results to json
DEBUG    20/07 16:04:20   Record NZ_PRDS01000021.1 has results for modules: hmm_detection
DEBUG    20/07 16:04:20   Converting antismash.detection.hmm_detection results to json
DEBUG    20/07 16:04:20   Record NZ_PRDS01000022.1 has results for modules: hmm_detection
DEBUG    20/07 16:04:20   Converting antismash.detection.hmm_detection results to json
DEBUG    20/07 16:04:20   Record NZ_PRDS01000023.1 has results for modules: hmm_detection
DEBUG    20/07 16:04:20   Converting antismash.detection.hmm_detection results to json
DEBUG    20/07 16:04:20   Record NZ_PRDS01000024.1 has results for modules: hmm_detection
DEBUG    20/07 16:04:20   Converting antismash.detection.hmm_detection results to json
DEBUG    20/07 16:04:20   Record NZ_PRDS01000025.1 has results for modules: hmm_detection
DEBUG    20/07 16:04:20   Converting antismash.detection.hmm_detection results to json
DEBUG    20/07 16:04:20   Record NZ_PRDS01000026.1 has results for modules: hmm_detection
DEBUG    20/07 16:04:20   Converting antismash.detection.hmm_detection results to json
DEBUG    20/07 16:04:20   Record NZ_PRDS01000027.1 has results for modules: hmm_detection
DEBUG    20/07 16:04:20   Converting antismash.detection.hmm_detection results to json
DEBUG    20/07 16:04:20   Not annotating skipped record NZ_PRDS01000001.1: No regions detected
DEBUG    20/07 16:04:20   Annotating record NZ_PRDS01000002.1 with results from: hmm_detection, cluster_hmmer, genefunctions, nrps_pks_domains, tigrfam, active_site_finder, cluster_compare, clusterblast, lanthipeptides, lassopeptides, nrps_pks, pfam2go, rrefinder, sactipeptides, t2pks, tfbs_finder, thiopeptides, tta
DEBUG    20/07 16:04:20    Adding results from antismash.modules.active_site_finder
DEBUG    20/07 16:04:20    Adding results from antismash.modules.cluster_compare
DEBUG    20/07 16:04:20    Adding results from antismash.modules.clusterblast
DEBUG    20/07 16:04:20    Adding results from antismash.modules.lanthipeptides
DEBUG    20/07 16:04:20    Adding results from antismash.modules.lassopeptides
DEBUG    20/07 16:04:20    Adding results from antismash.modules.nrps_pks
DEBUG    20/07 16:04:20    Adding results from antismash.modules.pfam2go
DEBUG    20/07 16:04:20    Adding results from antismash.modules.rrefinder
DEBUG    20/07 16:04:20    Adding results from antismash.modules.sactipeptides
DEBUG    20/07 16:04:20    Adding results from antismash.modules.t2pks
DEBUG    20/07 16:04:20    Adding results from antismash.modules.tfbs_finder
DEBUG    20/07 16:04:20    Adding results from antismash.modules.thiopeptides
DEBUG    20/07 16:04:20    Adding results from antismash.modules.tta
DEBUG    20/07 16:04:20   Not annotating skipped record NZ_PRDS01000003.1: No regions detected
DEBUG    20/07 16:04:20   Not annotating skipped record NZ_PRDS01000004.1: No regions detected
DEBUG    20/07 16:04:20   Annotating record NZ_PRDS01000005.1 with results from: hmm_detection, cluster_hmmer, genefunctions, nrps_pks_domains, tigrfam, active_site_finder, cluster_compare, clusterblast, lanthipeptides, lassopeptides, nrps_pks, pfam2go, rrefinder, sactipeptides, t2pks, tfbs_finder, thiopeptides, tta
DEBUG    20/07 16:04:20    Adding results from antismash.modules.active_site_finder
DEBUG    20/07 16:04:20    Adding results from antismash.modules.cluster_compare
DEBUG    20/07 16:04:20    Adding results from antismash.modules.clusterblast
DEBUG    20/07 16:04:20    Adding results from antismash.modules.lanthipeptides
DEBUG    20/07 16:04:20    Adding results from antismash.modules.lassopeptides
DEBUG    20/07 16:04:20    Adding results from antismash.modules.nrps_pks
DEBUG    20/07 16:04:20    Adding results from antismash.modules.pfam2go
DEBUG    20/07 16:04:20    Adding results from antismash.modules.rrefinder
DEBUG    20/07 16:04:20    Adding results from antismash.modules.sactipeptides
DEBUG    20/07 16:04:20    Adding results from antismash.modules.t2pks
DEBUG    20/07 16:04:20    Adding results from antismash.modules.tfbs_finder
DEBUG    20/07 16:04:20    Adding results from antismash.modules.thiopeptides
DEBUG    20/07 16:04:20    Adding results from antismash.modules.tta
DEBUG    20/07 16:04:20   Not annotating skipped record NZ_PRDS01000006.1: No regions detected
DEBUG    20/07 16:04:20   Not annotating skipped record NZ_PRDS01000007.1: No regions detected
DEBUG    20/07 16:04:20   Not annotating skipped record NZ_PRDS01000008.1: No regions detected
DEBUG    20/07 16:04:20   Not annotating skipped record NZ_PRDS01000009.1: No regions detected
DEBUG    20/07 16:04:20   Not annotating skipped record NZ_PRDS01000010.1: No regions detected
DEBUG    20/07 16:04:20   Not annotating skipped record NZ_PRDS01000011.1: No regions detected
DEBUG    20/07 16:04:20   Not annotating skipped record NZ_PRDS01000012.1: No regions detected
DEBUG    20/07 16:04:20   Not annotating skipped record NZ_PRDS01000013.1: No regions detected
DEBUG    20/07 16:04:20   Not annotating skipped record NZ_PRDS01000014.1: No regions detected
DEBUG    20/07 16:04:20   Not annotating skipped record NZ_PRDS01000015.1: No regions detected
DEBUG    20/07 16:04:20   Not annotating skipped record NZ_PRDS01000016.1: No regions detected
DEBUG    20/07 16:04:20   Not annotating skipped record NZ_PRDS01000017.1: No regions detected
DEBUG    20/07 16:04:20   Not annotating skipped record NZ_PRDS01000018.1: No regions detected
DEBUG    20/07 16:04:20   Not annotating skipped record NZ_PRDS01000019.1: No regions detected
DEBUG    20/07 16:04:20   Not annotating skipped record NZ_PRDS01000020.1: No regions detected
DEBUG    20/07 16:04:20   Not annotating skipped record NZ_PRDS01000021.1: No regions detected
DEBUG    20/07 16:04:20   Not annotating skipped record NZ_PRDS01000022.1: No regions detected
DEBUG    20/07 16:04:20   Not annotating skipped record NZ_PRDS01000023.1: No regions detected
DEBUG    20/07 16:04:20   Not annotating skipped record NZ_PRDS01000024.1: No regions detected
DEBUG    20/07 16:04:20   Not annotating skipped record NZ_PRDS01000025.1: No regions detected
DEBUG    20/07 16:04:20   Not annotating skipped record NZ_PRDS01000026.1: No regions detected
DEBUG    20/07 16:04:20   Not annotating skipped record NZ_PRDS01000027.1: No regions detected
DEBUG    20/07 16:04:20   Creating results page
DEBUG    20/07 16:04:20   Results page using antismash.js from local copy: /databases/as-js/0.13/antismash.js
DEBUG    20/07 16:04:22   Creating results SVGs
DEBUG    20/07 16:04:22   Writing seq_records SVGs to '/data/antismash/upload/bacteria-66d51bf4-3b7b-45f5-befb-039f76bc2390/svg'
DEBUG    20/07 16:04:22   Writing cluster-specific genbank files
DEBUG    20/07 16:04:22   Writing final genbank file to '/data/antismash/upload/bacteria-66d51bf4-3b7b-45f5-befb-039f76bc2390/GCF_002927635.1_Albidovulum_inexpectatum_DSM_12048.gbk'
DEBUG    20/07 16:04:23   Zipping output to '/data/antismash/upload/bacteria-66d51bf4-3b7b-45f5-befb-039f76bc2390/GCF_002927635.1_Albidovulum_inexpectatum_DSM_12048.zip'
