[16:37:24] This is prokka 1.14.6
[16:37:24] Written by Torsten Seemann <torsten.seemann@gmail.com>
[16:37:24] Homepage is https://github.com/tseemann/prokka
[16:37:24] Local time is Mon Dec  5 16:37:24 2022
[16:37:24] You are shaday
[16:37:24] Operating system is linux
[16:37:24] You have BioPerl 1.7.8
[16:37:24] System has 32 cores.
[16:37:24] Will use maximum of 20 cores.
[16:37:24] Annotating as >>> Bacteria <<<
[16:37:24] Generating locus_tag from 'Rhodobacteraceae/GCF_004366635.1_ASM436663v1_genomic.fna' contents.
[16:37:24] Setting --locustag BEKADICB from MD5 be4ad2cb30d063c0bfa4b914d2f174ee
[16:37:24] Creating new output folder: gbk/DSM18756
[16:37:24] Running: mkdir -p gbk\/DSM18756
[16:37:24] Using filename prefix: GCF_004366635.1.prokka.XXX
[16:37:24] Setting HMMER_NCPU=1
[16:37:24] Writing log to: gbk/DSM18756/GCF_004366635.1.prokka.log
[16:37:24] Command: /opt/anaconda3/envs/Prokka_Global/bin/prokka --prefix GCF_004366635.1.prokka --outdir gbk/DSM18756 --kingdom Bacteria --genus Rhodobaca --species bogoriensis --strain DSM18756 --usegenus --addgenes Rhodobacteraceae/GCF_004366635.1_ASM436663v1_genomic.fna --cpus 20
[16:37:24] Appending to PATH: /opt/anaconda3/envs/Prokka_Global/bin
[16:37:24] Looking for 'aragorn' - found /opt/anaconda3/envs/Prokka_Global/bin/aragorn
[16:37:24] Determined aragorn version is 001002 from 'ARAGORN v1.2.41 Dean Laslett'
[16:37:24] Looking for 'barrnap' - found /opt/anaconda3/envs/Prokka_Global/bin/barrnap
[16:37:24] Determined barrnap version is 000009 from 'barrnap 0.9'
[16:37:24] Looking for 'blastp' - found /opt/anaconda3/envs/Prokka_Global/bin/blastp
[16:37:24] Determined blastp version is 002012 from 'blastp: 2.12.0+'
[16:37:24] Looking for 'cmpress' - found /opt/anaconda3/envs/Prokka_Global/bin/cmpress
[16:37:24] Determined cmpress version is 001001 from '# INFERNAL 1.1.4 (Dec 2020)'
[16:37:24] Looking for 'cmscan' - found /opt/anaconda3/envs/Prokka_Global/bin/cmscan
[16:37:24] Determined cmscan version is 001001 from '# INFERNAL 1.1.4 (Dec 2020)'
[16:37:24] Looking for 'egrep' - found /usr/bin/egrep
[16:37:24] Looking for 'find' - found /usr/bin/find
[16:37:24] Looking for 'grep' - found /usr/bin/grep
[16:37:24] Looking for 'hmmpress' - found /opt/anaconda3/envs/Prokka_Global/bin/hmmpress
[16:37:24] Determined hmmpress version is 003003 from '# HMMER 3.3.2 (Nov 2020); http://hmmer.org/'
[16:37:24] Looking for 'hmmscan' - found /opt/anaconda3/envs/Prokka_Global/bin/hmmscan
[16:37:24] Determined hmmscan version is 003003 from '# HMMER 3.3.2 (Nov 2020); http://hmmer.org/'
[16:37:24] Looking for 'java' - found /opt/anaconda3/envs/Prokka_Global/bin/java
[16:37:24] Looking for 'makeblastdb' - found /opt/anaconda3/envs/Prokka_Global/bin/makeblastdb
[16:37:24] Determined makeblastdb version is 002012 from 'makeblastdb: 2.12.0+'
[16:37:24] Looking for 'minced' - found /opt/anaconda3/envs/Prokka_Global/bin/minced
[16:37:24] Determined minced version is 004002 from 'minced 0.4.2'
[16:37:24] Looking for 'parallel' - found /opt/anaconda3/envs/Prokka_Global/bin/parallel
[16:37:24] Determined parallel version is 20220222 from 'GNU parallel 20220222'
[16:37:24] Looking for 'prodigal' - found /opt/anaconda3/envs/Prokka_Global/bin/prodigal
[16:37:24] Determined prodigal version is 002006 from 'Prodigal V2.6.3: February, 2016'
[16:37:24] Looking for 'prokka-genbank_to_fasta_db' - found /opt/anaconda3/envs/Prokka_Global/bin/prokka-genbank_to_fasta_db
[16:37:24] Looking for 'sed' - found /usr/bin/sed
[16:37:24] Looking for 'tbl2asn' - found /opt/anaconda3/envs/Prokka_Global/bin/tbl2asn
[16:37:24] Determined tbl2asn version is 025007 from 'tbl2asn 25.7   arguments:'
[16:37:24] Using genetic code table 11.
[16:37:24] Loading and checking input file: Rhodobacteraceae/GCF_004366635.1_ASM436663v1_genomic.fna
[16:37:24] Wrote 24 contigs totalling 3908763 bp.
[16:37:24] Predicting tRNAs and tmRNAs
[16:37:24] Running: aragorn -l -gc11  -w gbk\/DSM18756\/GCF_004366635\.1\.prokka\.fna
[16:37:25] 1 tRNA-Met [73513,73589] 35 (cat)
[16:37:25] 2 tRNA-Gly c[176920,176993] 33 (tcc)
[16:37:25] 3 tRNA-Leu [237680,237763] 34 (caa)
[16:37:25] 4 tRNA-Leu c[394106,394192] 35 (cag)
[16:37:25] 5 tRNA-Ala [691081,691156] 34 (ggc)
[16:37:25] 6 tRNA-Asn c[744523,744597] 33 (gtt)
[16:37:25] 7 tRNA-Thr c[745720,745795] 34 (tgt)
[16:37:25] 8 tRNA-Leu [788037,788121] 35 (tag)
[16:37:25] 9 tRNA-Met c[964578,964654] 35 (cat)
[16:37:25] 10 tRNA-Tyr [969876,969959] 33 (gta)
[16:37:25] 1 tRNA-Trp [3358,3433] 34 (cca)
[16:37:25] 2 tRNA-Ser [94017,94106] 35 (tga)
[16:37:25] 3 tRNA-Arg c[94187,94263] 35 (cct)
[16:37:25] 4 tRNA-Arg [120742,120818] 35 (ccg)
[16:37:25] 5 tRNA-Gly c[193321,193394] 33 (ccc)
[16:37:25] 6 tRNA-Phe [395516,395590] 33 (gaa)
[16:37:25] 7 tRNA-Thr c[476572,476647] 34 (cgt)
[16:37:25] 8 tRNA-Pro c[517681,517757] 35 (tgg)
[16:37:25] 9 tRNA-Pro [557664,557740] 35 (ggg)
[16:37:25] 10 tRNA-Ser [616028,616117] 35 (gct)
[16:37:25] 11 tmRNA* [704772,705103] 203,241 ANDNRAPVAVAA*
[16:37:25] 1 tRNA-Pro c[426,502] 35 (cgg)
[16:37:25] 2 tRNA-Val [190206,190280] 33 (gac)
[16:37:25] 3 tRNA-Gly [362431,362505] 33 (gcc)
[16:37:25] 1 tRNA-Val [45077,45152] 34 (tac)
[16:37:25] 2 tRNA-His [137342,137418] 35 (gtg)
[16:37:25] 3 tRNA-Leu [169110,169196] 35 (gag)
[16:37:25] 4 tRNA-Leu [208561,208639] 37 (cag)
[16:37:25] 1 tRNA-Ser c[148434,148523] 35 (gga)
[16:37:25] 1 tRNA-Leu c[73278,73364] 35 (taa)
[16:37:25] 2 tRNA-Lys c[182499,182574] 34 (ttt)
[16:37:25] 1 tRNA-Arg [68486,68562] 35 (tct)
[16:37:25] 1 tRNA-Arg [30685,30761] 35 (acg)
[16:37:25] 2 tRNA-Ser [41805,41894] 35 (cga)
[16:37:25] 3 tRNA-Thr c[75782,75856] 33 (ggt)
[16:37:25] 4 tRNA-Glu [126207,126281] 34 (ttc)
[16:37:25] 1 tRNA-Asp [44141,44217] 35 (gtc)
[16:37:25] 1 tRNA-Val c[46729,46803] 33 (cac)
[16:37:25] 2 tRNA-Cys [116500,116573] 33 (gca)
[16:37:25] 1 tRNA-His c[26610,26705] 38 (gtg)
[16:37:25] 1 tRNA-Met [19,95] 35 (cat)
[16:37:25] 1 tRNA-Met [16,92] 35 (cat)
[16:37:25] 1 tRNA-Gln [33696,33770] 33 (ttg)
[16:37:25] 1 tRNA-Arg [16,92] 35 (ccg)
[16:37:25] 1 tRNA-Met c[5751,5827] 35 (cat)
[16:37:25] 1 tRNA-Met c[1,77] 35 (cat)
[16:37:25] Found 46 tRNAs
[16:37:25] Predicting Ribosomal RNAs
[16:37:25] Running Barrnap with 20 threads
[16:37:26] 1 NZ_SORN01000021.1 138 5S ribosomal RNA
[16:37:26] 2 NZ_SORN01000021.1 350 23S ribosomal RNA
[16:37:26] 3 NZ_SORN01000021.1 3808 16S ribosomal RNA
[16:37:26] Found 3 rRNAs
[16:37:26] Skipping ncRNA search, enable with --rfam if desired.
[16:37:26] Total of 48 tRNA + rRNA features
[16:37:26] Searching for CRISPR repeats
[16:37:26] Found 0 CRISPRs
[16:37:26] Predicting coding sequences
[16:37:26] Contigs total 3908763 bp, so using single mode
[16:37:26] Running: prodigal -i gbk\/DSM18756\/GCF_004366635\.1\.prokka\.fna -c -m -g 11 -p single -f sco -q
[16:37:30] Excluding CDS which overlaps existing RNA (tRNA) at NZ_SORN01000001.1:237615..237764 on - strand
[16:37:30] Excluding CDS which overlaps existing RNA (tRNA) at NZ_SORN01000004.1:207619..208971 on - strand
[16:37:31] Excluding CDS which overlaps existing RNA (tRNA) at NZ_SORN01000008.1:41658..41984 on + strand
[16:37:31] Excluding CDS which overlaps existing RNA (tRNA) at NZ_SORN01000020.1:4076..5794 on + strand
[16:37:31] Found 3754 CDS
[16:37:31] Connecting features back to sequences
[16:37:31] Skipping genus-specific proteins as can't see /opt/anaconda3/envs/Prokka_Global/db/Rhodobaca
[16:37:31] Annotating CDS, please be patient.
[16:37:31] Will use 20 CPUs for similarity searching.
[16:37:32] There are still 3754 unannotated CDS left (started with 3754)
[16:37:32] Will use blast to search against /opt/anaconda3/envs/Prokka_Global/db/kingdom/Bacteria/IS with 20 CPUs
[16:37:32] Running: cat gbk\/DSM18756\/GCF_004366635\.1\.prokka\.IS\.tmp\.657324\.faa | parallel --gnu --plain -j 20 --block 29897 --recstart '>' --pipe blastp -query - -db /opt/anaconda3/envs/Prokka_Global/db/kingdom/Bacteria/IS -evalue 1e-30 -qcov_hsp_perc 90 -num_threads 1 -num_descriptions 1 -num_alignments 1 -seg no > gbk\/DSM18756\/GCF_004366635\.1\.prokka\.IS\.tmp\.657324\.blast 2> /dev/null
[16:37:36] Deleting unwanted file: gbk/DSM18756/GCF_004366635.1.prokka.IS.tmp.657324.faa
[16:37:36] Deleting unwanted file: gbk/DSM18756/GCF_004366635.1.prokka.IS.tmp.657324.blast
[16:37:37] There are still 3735 unannotated CDS left (started with 3754)
[16:37:37] Will use blast to search against /opt/anaconda3/envs/Prokka_Global/db/kingdom/Bacteria/AMR with 20 CPUs
[16:37:37] Running: cat gbk\/DSM18756\/GCF_004366635\.1\.prokka\.AMR\.tmp\.657324\.faa | parallel --gnu --plain -j 20 --block 29784 --recstart '>' --pipe blastp -query - -db /opt/anaconda3/envs/Prokka_Global/db/kingdom/Bacteria/AMR -evalue 1e-300 -qcov_hsp_perc 90 -num_threads 1 -num_descriptions 1 -num_alignments 1 -seg no > gbk\/DSM18756\/GCF_004366635\.1\.prokka\.AMR\.tmp\.657324\.blast 2> /dev/null
[16:37:40] Deleting unwanted file: gbk/DSM18756/GCF_004366635.1.prokka.AMR.tmp.657324.faa
[16:37:40] Deleting unwanted file: gbk/DSM18756/GCF_004366635.1.prokka.AMR.tmp.657324.blast
[16:37:40] There are still 3735 unannotated CDS left (started with 3754)
[16:37:40] Will use blast to search against /opt/anaconda3/envs/Prokka_Global/db/kingdom/Bacteria/sprot with 20 CPUs
[16:37:40] Running: cat gbk\/DSM18756\/GCF_004366635\.1\.prokka\.sprot\.tmp\.657324\.faa | parallel --gnu --plain -j 20 --block 29784 --recstart '>' --pipe blastp -query - -db /opt/anaconda3/envs/Prokka_Global/db/kingdom/Bacteria/sprot -evalue 1e-09 -qcov_hsp_perc 80 -num_threads 1 -num_descriptions 1 -num_alignments 1 -seg no > gbk\/DSM18756\/GCF_004366635\.1\.prokka\.sprot\.tmp\.657324\.blast 2> /dev/null
[16:37:53] Modify product: Putative transport protein Rv0205 => Putative transport protein
[16:37:53] Modify product: Solute-binding protein NAS141_03721 => Solute-binding protein
[16:37:53] Modify product: Uncharacterized protein YxeI => putative protein YxeI
[16:37:53] Modify product: Putative acyltransferase Rv0859 => Putative acyltransferase
[16:37:53] Modify product: UPF0301 protein YqgE => hypothetical protein
[16:37:53] Modify product: Probable 3-hydroxybutyryl-CoA dehydrogenase => putative 3-hydroxybutyryl-CoA dehydrogenase
[16:37:53] Modify product: Glycine betaine/proline/choline transporter VP1723 => Glycine betaine/proline/choline transporter
[16:37:53] Modify product: UPF0056 inner membrane protein YhgN => hypothetical protein
[16:37:53] Modify product: UPF0053 protein HI_0107 => hypothetical protein
[16:37:53] Modify product: Uncharacterized ABC transporter ATP-binding protein YadG => putative ABC transporter ATP-binding protein YadG
[16:37:53] Modify product: Uncharacterized metal-dependent hydrolase YcfH => putative metal-dependent hydrolase YcfH
[16:37:54] Modify product: Putative multidrug export ATP-binding/permease protein SAV1866 => Putative multidrug export ATP-binding/permease protein
[16:37:54] Modify product: Uncharacterized protein HI_0828 => putative protein
[16:37:54] Modify product: Probable sulfoacetate--CoA ligase => putative sulfoacetate--CoA ligase
[16:37:54] Modify product: Uncharacterized metallophosphoesterase YhaO => putative metallophosphoesterase YhaO
[16:37:54] Modify product: UPF0761 membrane protein YihY => hypothetical protein
[16:37:54] Modify product: Phosphate-specific transport system accessory protein PhoU homolog => Phosphate-specific transport system accessory protein PhoU 
[16:37:54] Modify product: UPF0324 inner membrane protein YeiH => hypothetical protein
[16:37:54] Modify product: Probable multidrug ABC transporter permease YbhS => putative multidrug ABC transporter permease YbhS
[16:37:54] Modify product: Probable ABC transporter binding protein NosD => putative ABC transporter binding protein NosD
[16:37:54] Modify product: Probable ABC transporter ATP-binding protein NosF => putative ABC transporter ATP-binding protein NosF
[16:37:54] Modify product: Probable ABC transporter permease protein NosY => putative ABC transporter permease protein NosY
[16:37:54] Modify product: Uncharacterized ABC transporter ATP-binding protein Rv0986 => putative ABC transporter ATP-binding protein
[16:37:54] Modify product: Probable peptidoglycan glycosyltransferase FtsW => putative peptidoglycan glycosyltransferase FtsW
[16:37:54] Modify product: Probable metallo-hydrolase BURPS1710b_2304 => putative metallo-hydrolase
[16:37:54] Modify product: UPF0394 membrane protein XF_0766 => hypothetical protein
[16:37:54] Modify product: UPF0394 membrane protein XF_0765 => hypothetical protein
[16:37:54] Modify product: Probable chaperone CsaA => putative chaperone CsaA
[16:37:54] Modify product: Probable lipid II flippase MurJ => putative lipid II flippase MurJ
[16:37:54] Modify product: UPF0102 protein RPA0323 => hypothetical protein
[16:37:54] Modify product: UPF0394 inner membrane protein YeeE => hypothetical protein
[16:37:54] Modify product: Probable riboflavin import permease protein RfuD => putative riboflavin import permease protein RfuD
[16:37:54] Modify product: Uncharacterized oxidoreductase SA2266 => putative oxidoreductase
[16:37:54] Modify product: GTP-binding protein TypA/BipA homolog => GTP-binding protein TypA/BipA 
[16:37:54] Modify product: Probable ATP-dependent transporter SufC => putative ATP-dependent transporter SufC
[16:37:54] Modify product: Acetyltransferase SACOL1063 => Acetyltransferase
[16:37:54] Modify product: Segregation and condensation protein B homolog => Segregation and condensation protein B 
[16:37:54] Modify product: Probable enoyl-CoA hydratase echA8 => putative enoyl-CoA hydratase echA8
[16:37:54] Modify product: Probable sulfate transporter Rv1739c => putative sulfate transporter
[16:37:54] Modify product: TelA-like protein SA1238 => TelA-like protein
[16:37:54] Modify product: Probable succinyl-CoA:3-ketoacid coenzyme A transferase subunit B => putative succinyl-CoA:3-ketoacid coenzyme A transferase subunit B
[16:37:54] Modify product: Probable succinyl-CoA:3-ketoacid coenzyme A transferase subunit A => putative succinyl-CoA:3-ketoacid coenzyme A transferase subunit A
[16:37:54] Modify product: Uncharacterized zinc protease Rv2782c => putative zinc protease
[16:37:54] Modify product: Uncharacterized FAD-linked oxidoreductase Rv2280 => putative FAD-linked oxidoreductase
[16:37:54] Modify product: Protease HtpX homolog => Protease HtpX 
[16:37:54] Modify product: Probable peptidoglycan D,D-transpeptidase FtsI => putative peptidoglycan D,D-transpeptidase FtsI
[16:37:54] Modify product: Universal stress protein A homolog 2 => Universal stress protein A 
[16:37:54] Modify product: Probable soluble pyridine nucleotide transhydrogenase => putative soluble pyridine nucleotide transhydrogenase
[16:37:54] Modify product: Probable manganese-dependent inorganic pyrophosphatase => putative manganese-dependent inorganic pyrophosphatase
[16:37:54] Modify product: Probable aminotransferase Rv3329 => putative aminotransferase
[16:37:54] Modify product: UPF0701 protein HI_0467 => hypothetical protein
[16:37:54] Modify product: Probable phosphite transport system-binding protein PtxB => putative phosphite transport system-binding protein PtxB
[16:37:54] Modify product: Putative low molecular weight protein-tyrosine-phosphatase slr0328 => Putative low molecular weight protein-tyrosine-phosphatase
[16:37:54] Modify product: Probable D,D-dipeptide transport ATP-binding protein DdpF => putative D,D-dipeptide transport ATP-binding protein DdpF
[16:37:54] Modify product: Uncharacterized protein RP812 => putative protein RP812
[16:37:54] Modify product: Probable D-xylose utilization operon transcriptional repressor => putative D-xylose utilization operon transcriptional repressor
[16:37:54] Modify product: Solute-binding protein Rfer_1840 => Solute-binding protein
[16:37:54] Modify product: Solute-binding protein Dde_0634 => Solute-binding protein
[16:37:54] Modify product: Purine-binding protein BAB2_0673 => Purine-binding protein
[16:37:54] Modify product: Solute-binding protein Veis_3954 => Solute-binding protein
[16:37:54] Modify product: Probable transcriptional regulator PhnF => putative transcriptional regulator PhnF
[16:37:54] Modify product: Uncharacterized protein HI_0933 => putative protein
[16:37:54] Modify product: UPF0335 protein CCNA_03428 => hypothetical protein
[16:37:54] Modify product: Uncharacterized ABC transporter ATP-binding protein Rv0986 => putative ABC transporter ATP-binding protein
[16:37:54] Modify product: UPF0073 inner membrane protein YqfA => hypothetical protein
[16:37:54] Modify product: Probable cysteine desulfurase => putative cysteine desulfurase
[16:37:54] Modify product: Monocarboxylate 2-oxoacid-binding periplasmic protein all3028 => Monocarboxylate 2-oxoacid-binding periplasmic protein
[16:37:54] Modify product: Probable nicotinate-nucleotide pyrophosphorylase [carboxylating] => putative nicotinate-nucleotide pyrophosphorylase [carboxylating]
[16:37:54] Modify product: UPF0758 protein => hypothetical protein
[16:37:54] Modify product: UPF0434 protein NMA0874 => hypothetical protein
[16:37:54] Modify product: Uncharacterized ABC transporter ATP-binding protein YejF => putative ABC transporter ATP-binding protein YejF
[16:37:54] Modify product: Uncharacterized MFS-type transporter YcaD => putative MFS-type transporter YcaD
[16:37:54] Modify product: Uncharacterized GST-like protein YibF => putative GST-like protein YibF
[16:37:54] Modify product: Nucleotide-binding protein SA0720 => Nucleotide-binding protein
[16:37:54] Modify product: Putative formate dehydrogenase SA2102 => Putative formate dehydrogenase
[16:37:54] Modify product: Uncharacterized protein HI_0103 => putative protein
[16:37:54] Modify product: Probable transcriptional regulatory protein aq_1575 => putative transcriptional regulatory protein
[16:37:54] Modify product: Probable enoyl-CoA hydratase echA8 => putative enoyl-CoA hydratase echA8
[16:37:54] Modify product: Putative thiamine biosynthesis protein HI_0357 => Putative thiamine biosynthesis protein
[16:37:54] Modify product: Cytochrome b561 homolog 2 => Cytochrome b561 
[16:37:54] Modify product: Probable cardiolipin synthase YwiE => putative cardiolipin synthase YwiE
[16:37:54] Modify product: UPF0337 protein YjbJ => hypothetical protein
[16:37:54] Modify product: UPF0394 inner membrane protein YeeE => hypothetical protein
[16:37:54] Modify product: Probable N-methylproline demethylase => putative N-methylproline demethylase
[16:37:54] Modify product: Probable copper-transporting ATPase PacS => putative copper-transporting ATPase PacS
[16:37:54] Modify product: Cytochrome c oxidase subunit 1 homolog, bacteroid => Cytochrome c oxidase subunit 1 , bacteroid
[16:37:54] Modify product: UPF0178 protein YaiI => hypothetical protein
[16:37:54] Modify product: Uncharacterized protein Rv1488 => putative protein
[16:37:54] Modify product: Uncharacterized zinc protease Rv2782c => putative zinc protease
[16:37:54] Modify product: Uncharacterized protein Rv2307c => putative protein
[16:37:54] Modify product: S-adenosyl-L-methionine-binding protein RPA0152 => S-adenosyl-L-methionine-binding protein
[16:37:54] Modify product: Probable ribonucleotide transport ATP-binding protein mkl => putative ribonucleotide transport ATP-binding protein mkl
[16:37:55] Modify product: Uncharacterized protein Rv2715 => putative protein
[16:37:55] Modify product: Probable D-xylose utilization operon transcriptional repressor => putative D-xylose utilization operon transcriptional repressor
[16:37:55] Modify product: Uncharacterized protein YqeY => putative protein YqeY
[16:37:55] Modify product: Uncharacterized N-acetyltransferase YsnE => putative N-acetyltransferase YsnE
[16:37:55] Modify product: Probable chromate transport protein => putative chromate transport protein
[16:37:55] Modify product: NAD(P)H-dependent FMN reductase PA1204 => NAD(P)H-dependent FMN reductase
[16:37:55] Modify product: Probable UbiX-like flavin prenyltransferase => putative UbiX-like flavin prenyltransferase
[16:37:55] Modify product: Uncharacterized protease YhbU => putative protease YhbU
[16:37:55] Modify product: Uncharacterized protein Rv2411c => putative protein
[16:37:55] Modify product: Uncharacterized protein Rv2569c => putative protein
[16:37:55] Modify product: Probable lipoprotein YiaD => putative lipoprotein YiaD
[16:37:55] Modify product: Bifunctional protein FolD => Bifunctional protein FolD protein
[16:37:55] Modify product: Probable cation-transporting ATPase F => putative cation-transporting ATPase F
[16:37:55] Modify product: Uncharacterized ABC transporter ATP-binding protein YheS => putative ABC transporter ATP-binding protein YheS
[16:37:55] Modify product: Glycine betaine/proline/choline transporter VP1723 => Glycine betaine/proline/choline transporter
[16:37:55] Modify product: UPF0065 protein in clcB-clcD intergenic region => hypothetical protein
[16:37:55] Modify product: Probable cystine transporter YijE => putative cystine transporter YijE
[16:37:55] Modify product: Probable D-xylose utilization operon transcriptional repressor => putative D-xylose utilization operon transcriptional repressor
[16:37:55] Modify product: Uncharacterized aminopeptidase Rv1333 => putative aminopeptidase
[16:37:55] Modify product: Uncharacterized MFS-type transporter YcaD => putative MFS-type transporter YcaD
[16:37:55] Modify product: NAD(P)H-dependent FMN reductase PA1204 => NAD(P)H-dependent FMN reductase
[16:37:55] Modify product: Uncharacterized protein YcjX => putative protein YcjX
[16:37:55] Modify product: Probable CtpA-like serine protease => putative CtpA-like serine protease
[16:37:55] Modify product: Putative multidrug export ATP-binding/permease protein SAV1866 => Putative multidrug export ATP-binding/permease protein
[16:37:55] Modify product: Uncharacterized oxidoreductase Rv1144 => putative oxidoreductase
[16:37:55] Modify product: Solute-binding protein Dde_0634 => Solute-binding protein
[16:37:55] Modify product: Solute-binding protein Veis_3954 => Solute-binding protein
[16:37:55] Modify product: Uncharacterized oxidoreductase SA2266 => putative oxidoreductase
[16:37:55] Modify product: Uncharacterized FAD-linked oxidoreductase Rv2280 => putative FAD-linked oxidoreductase
[16:37:55] Modify product: Uncharacterized FAD-linked oxidoreductase Rv2280 => putative FAD-linked oxidoreductase
[16:37:55] Modify product: Chemotaxis protein CheY homolog => Chemotaxis protein CheY 
[16:37:55] Modify product: Probable 2-dehydro-3-deoxygalactonokinase DgoK1 => putative 2-dehydro-3-deoxygalactonokinase DgoK1
[16:37:55] Modify product: Uncharacterized sugar transferase EpsL => putative sugar transferase EpsL
[16:37:55] Modify product: Uncharacterized protein HI_0131 => putative protein
[16:37:55] Modify product: Probable 3-hydroxyisobutyrate dehydrogenase => putative 3-hydroxyisobutyrate dehydrogenase
[16:37:55] Modify product: Solute-binding protein Dde_0634 => Solute-binding protein
[16:37:55] Modify product: Probable D-xylose utilization operon transcriptional repressor => putative D-xylose utilization operon transcriptional repressor
[16:37:55] Modify product: Uncharacterized protein Rv1276c => putative protein
[16:37:55] Modify product: Uncharacterized protein YisK => putative protein YisK
[16:37:55] Modify product: Nucleoid-associated protein HI_0442 => Nucleoid-associated protein
[16:37:55] Modify product: Uncharacterized oxidoreductase SA2266 => putative oxidoreductase
[16:37:55] Modify product: Uncharacterized HTH-type transcriptional regulator Rv1985c => putative HTH-type transcriptional regulator
[16:37:55] Modify product: Uncharacterized HIT-like protein HP_0404 => putative HIT-like protein
[16:37:55] Modify product: Transcriptional regulator Rv3488 => Transcriptional regulator
[16:37:55] Modify product: Probable D,D-dipeptide transport ATP-binding protein DdpF => putative D,D-dipeptide transport ATP-binding protein DdpF
[16:37:55] Modify product: Probable protein kinase UbiB => putative protein kinase UbiB
[16:37:55] Modify product: Probable enoyl-CoA hydratase echA8 => putative enoyl-CoA hydratase echA8
[16:37:55] Modify product: Probable GTPase Rv1496 => putative GTPase
[16:37:55] Cleaned 140 /product names
[16:37:55] Deleting unwanted file: gbk/DSM18756/GCF_004366635.1.prokka.sprot.tmp.657324.faa
[16:37:55] Deleting unwanted file: gbk/DSM18756/GCF_004366635.1.prokka.sprot.tmp.657324.blast
[16:37:55] There are still 1982 unannotated CDS left (started with 3754)
[16:37:55] Will use hmmer3 to search against /opt/anaconda3/envs/Prokka_Global/db/hmm/HAMAP.hmm with 20 CPUs
[16:37:55] Running: cat gbk\/DSM18756\/GCF_004366635\.1\.prokka\.HAMAP\.hmm\.tmp\.657324\.faa | parallel --gnu --plain -j 20 --block 14106 --recstart '>' --pipe hmmscan --noali --notextw --acc -E 1e-09 --cpu 1 /opt/anaconda3/envs/Prokka_Global/db/hmm/HAMAP.hmm /dev/stdin > gbk\/DSM18756\/GCF_004366635\.1\.prokka\.HAMAP\.hmm\.tmp\.657324\.hmmer3 2> /dev/null
[16:38:07] Modify product: Uncharacterized MFS-type transporter YfcJ => putative MFS-type transporter YfcJ
[16:38:07] Modify product: Uncharacterized Nudix hydrolase NudL => putative Nudix hydrolase NudL
[16:38:07] Modify product: Uncharacterized MFS-type transporter YcaD => putative MFS-type transporter YcaD
[16:38:07] Cleaned 3 /product names
[16:38:07] Deleting unwanted file: gbk/DSM18756/GCF_004366635.1.prokka.HAMAP.hmm.tmp.657324.faa
[16:38:07] Deleting unwanted file: gbk/DSM18756/GCF_004366635.1.prokka.HAMAP.hmm.tmp.657324.hmmer3
[16:38:07] Labelling remaining 1720 proteins as 'hypothetical protein'
[16:38:07] Possible /pseudo 'NAD(P)H-quinone oxidoreductase subunit 2, chloroplastic' at NZ_SORN01000001.1 position 108647
[16:38:07] Possible /pseudo 'Putative aliphatic sulfonates transport permease protein SsuC' at NZ_SORN01000001.1 position 631819
[16:38:07] Possible /pseudo 'DNA-binding transcriptional activator DecR' at NZ_SORN01000001.1 position 790064
[16:38:07] Possible /pseudo 'Tn3 family transposase TnXax1' at NZ_SORN01000002.1 position 180275
[16:38:07] Possible /pseudo 'Methionine synthase' at NZ_SORN01000002.1 position 371445
[16:38:07] Possible /pseudo 'Phosphate-import permease protein PhnE' at NZ_SORN01000003.1 position 126010
[16:38:07] Possible /pseudo 'Putative fluoride ion transporter CrcB' at NZ_SORN01000004.1 position 117268
[16:38:07] Possible /pseudo 'Flagellar basal-body rod protein FlgG' at NZ_SORN01000004.1 position 211184
[16:38:07] Possible /pseudo 'putative FAD-linked oxidoreductase' at NZ_SORN01000004.1 position 310452
[16:38:07] Possible /pseudo 'tRNA 5-methylaminomethyl-2-thiouridine biosynthesis bifunctional protein MnmC' at NZ_SORN01000005.1 position 126865
[16:38:07] Possible /pseudo 'NAD(P)H-quinone oxidoreductase subunit 2, chloroplastic' at NZ_SORN01000009.1 position 112933
[16:38:07] Possible /pseudo 'Ribokinase' at NZ_SORN01000012.1 position 17427
[16:38:07] Possible /pseudo 'Chromosome partition protein Smc' at NZ_SORN01000018.1 position 10881
[16:38:07] Found 1515 unique /gene codes.
[16:38:07] Fixed 2 duplicate /gene - pyrC_1 pyrC_2
[16:38:07] Fixed 3 duplicate /gene - sucC_1 sucC_2 sucC_3
[16:38:07] Fixed 3 duplicate /gene - ald_1 ald_2 ald_3
[16:38:07] Fixed 2 duplicate /gene - yiaO_1 yiaO_2
[16:38:07] Fixed 2 duplicate /gene - nuoN_1 nuoN_2
[16:38:07] Fixed 2 duplicate /gene - betI_1 betI_2
[16:38:07] Fixed 2 duplicate /gene - msrA_1 msrA_2
[16:38:07] Fixed 3 duplicate /gene - gcvT_1 gcvT_2 gcvT_3
[16:38:07] Fixed 3 duplicate /gene - cspA_1 cspA_2 cspA_3
[16:38:07] Fixed 4 duplicate /gene - hdfR_1 hdfR_2 hdfR_3 hdfR_4
[16:38:07] Fixed 4 duplicate /gene - gtaB_1 gtaB_2 gtaB_3 gtaB_4
[16:38:07] Fixed 2 duplicate /gene - bepE_1 bepE_2
[16:38:07] Fixed 2 duplicate /gene - pcm_1 pcm_2
[16:38:07] Fixed 2 duplicate /gene - rsmB_1 rsmB_2
[16:38:07] Fixed 3 duplicate /gene - rpoH_1 rpoH_2 rpoH_3
[16:38:07] Fixed 2 duplicate /gene - cynS_1 cynS_2
[16:38:07] Fixed 5 duplicate /gene - pal_1 pal_2 pal_3 pal_4 pal_5
[16:38:07] Fixed 2 duplicate /gene - lcfB_1 lcfB_2
[16:38:07] Fixed 2 duplicate /gene - tmk_1 tmk_2
[16:38:07] Fixed 3 duplicate /gene - spuC_1 spuC_2 spuC_3
[16:38:07] Fixed 2 duplicate /gene - rnd_1 rnd_2
[16:38:07] Fixed 3 duplicate /gene - actP_1 actP_2 actP_3
[16:38:07] Fixed 3 duplicate /gene - ribX_1 ribX_2 ribX_3
[16:38:07] Fixed 3 duplicate /gene - sufS_1 sufS_2 sufS_3
[16:38:07] Fixed 2 duplicate /gene - amaB_1 amaB_2
[16:38:07] Fixed 2 duplicate /gene - fixK_1 fixK_2
[16:38:07] Fixed 2 duplicate /gene - gloA_1 gloA_2
[16:38:07] Fixed 2 duplicate /gene - cobB_1 cobB_2
[16:38:07] Fixed 6 duplicate /gene - lptB_1 lptB_2 lptB_3 lptB_4 lptB_5 lptB_6
[16:38:07] Fixed 2 duplicate /gene - hutI_1 hutI_2
[16:38:07] Fixed 2 duplicate /gene - nuoM_1 nuoM_2
[16:38:07] Fixed 4 duplicate /gene - ydcV_1 ydcV_2 ydcV_3 ydcV_4
[16:38:07] Fixed 2 duplicate /gene - ctaC_1 ctaC_2
[16:38:07] Fixed 2 duplicate /gene - msbA_1 msbA_2
[16:38:07] Fixed 2 duplicate /gene - norR_1 norR_2
[16:38:07] Fixed 2 duplicate /gene - phnC_1 phnC_2
[16:38:07] Fixed 2 duplicate /gene - oxyR_1 oxyR_2
[16:38:07] Fixed 2 duplicate /gene - bepA_1 bepA_2
[16:38:07] Fixed 2 duplicate /gene - allE_1 allE_2
[16:38:07] Fixed 3 duplicate /gene - ecfG_1 ecfG_2 ecfG_3
[16:38:07] Fixed 2 duplicate /gene - alkJ_1 alkJ_2
[16:38:07] Fixed 3 duplicate /gene - siaM_1 siaM_2 siaM_3
[16:38:07] Fixed 3 duplicate /gene - gsiB_1 gsiB_2 gsiB_3
[16:38:07] Fixed 2 duplicate /gene - yfcG_1 yfcG_2
[16:38:07] Fixed 2 duplicate /gene - dctB_1 dctB_2
[16:38:07] Fixed 2 duplicate /gene - potH_1 potH_2
[16:38:07] Fixed 2 duplicate /gene - cmpD_1 cmpD_2
[16:38:07] Fixed 8 duplicate /gene - rcsC_1 rcsC_2 rcsC_3 rcsC_4 rcsC_5 rcsC_6 rcsC_7 rcsC_8
[16:38:07] Fixed 2 duplicate /gene - mnmC_1 mnmC_2
[16:38:07] Fixed 2 duplicate /gene - fadB_1 fadB_2
[16:38:07] Fixed 2 duplicate /gene - atpG_1 atpG_2
[16:38:07] Fixed 2 duplicate /gene - rssB_1 rssB_2
[16:38:07] Fixed 2 duplicate /gene - ilvG_1 ilvG_2
[16:38:07] Fixed 3 duplicate /gene - abo_1 abo_2 abo_3
[16:38:07] Fixed 3 duplicate /gene - menH_1 menH_2 menH_3
[16:38:07] Fixed 2 duplicate /gene - moeA_1 moeA_2
[16:38:07] Fixed 3 duplicate /gene - hisC_1 hisC_2 hisC_3
[16:38:07] Fixed 2 duplicate /gene - comC_1 comC_2
[16:38:07] Fixed 2 duplicate /gene - rfbC_1 rfbC_2
[16:38:07] Fixed 2 duplicate /gene - btuC_1 btuC_2
[16:38:07] Fixed 3 duplicate /gene - mtgB_1 mtgB_2 mtgB_3
[16:38:07] Fixed 2 duplicate /gene - acdA_1 acdA_2
[16:38:07] Fixed 2 duplicate /gene - xerD_1 xerD_2
[16:38:07] Fixed 2 duplicate /gene - metH_1 metH_2
[16:38:07] Fixed 2 duplicate /gene - deoC_1 deoC_2
[16:38:07] Fixed 2 duplicate /gene - ubiB_1 ubiB_2
[16:38:07] Fixed 2 duplicate /gene - hmrR_1 hmrR_2
[16:38:07] Fixed 4 duplicate /gene - oppD_1 oppD_2 oppD_3 oppD_4
[16:38:07] Fixed 2 duplicate /gene - ibpA_1 ibpA_2
[16:38:07] Fixed 2 duplicate /gene - dsbD_1 dsbD_2
[16:38:07] Fixed 2 duplicate /gene - kefC_1 kefC_2
[16:38:07] Fixed 2 duplicate /gene - glnQ_1 glnQ_2
[16:38:07] Fixed 2 duplicate /gene - nuoI_1 nuoI_2
[16:38:07] Fixed 2 duplicate /gene - cutL_1 cutL_2
[16:38:07] Fixed 2 duplicate /gene - hmp_1 hmp_2
[16:38:07] Fixed 2 duplicate /gene - acpP_1 acpP_2
[16:38:07] Fixed 2 duplicate /gene - intA_1 intA_2
[16:38:07] Fixed 2 duplicate /gene - ilvE_1 ilvE_2
[16:38:07] Fixed 3 duplicate /gene - dadD_1 dadD_2 dadD_3
[16:38:07] Fixed 2 duplicate /gene - prsE_1 prsE_2
[16:38:07] Fixed 2 duplicate /gene - mdtC_1 mdtC_2
[16:38:07] Fixed 2 duplicate /gene - purF_1 purF_2
[16:38:07] Fixed 2 duplicate /gene - potB_1 potB_2
[16:38:07] Fixed 3 duplicate /gene - nsrR_1 nsrR_2 nsrR_3
[16:38:07] Fixed 6 duplicate /gene - livH_1 livH_2 livH_3 livH_4 livH_5 livH_6
[16:38:07] Fixed 2 duplicate /gene - wzxC_1 wzxC_2
[16:38:07] Fixed 2 duplicate /gene - crcB_1 crcB_2
[16:38:07] Fixed 2 duplicate /gene - crt_1 crt_2
[16:38:07] Fixed 6 duplicate /gene - lrp_1 lrp_2 lrp_3 lrp_4 lrp_5 lrp_6
[16:38:07] Fixed 2 duplicate /gene - flhA_1 flhA_2
[16:38:07] Fixed 2 duplicate /gene - ompR_1 ompR_2
[16:38:07] Fixed 6 duplicate /gene - gntR_1 gntR_2 gntR_3 gntR_4 gntR_5 gntR_6
[16:38:07] Fixed 2 duplicate /gene - catD_1 catD_2
[16:38:07] Fixed 2 duplicate /gene - rne_1 rne_2
[16:38:07] Fixed 2 duplicate /gene - soxB_1 soxB_2
[16:38:07] Fixed 2 duplicate /gene - cpdA_1 cpdA_2
[16:38:07] Fixed 2 duplicate /gene - ppsC_1 ppsC_2
[16:38:07] Fixed 2 duplicate /gene - arnC_1 arnC_2
[16:38:07] Fixed 2 duplicate /gene - xthA_1 xthA_2
[16:38:07] Fixed 3 duplicate /gene - echA8_1 echA8_2 echA8_3
[16:38:07] Fixed 2 duplicate /gene - acsA_1 acsA_2
[16:38:07] Fixed 6 duplicate /gene - gsiC_1 gsiC_2 gsiC_3 gsiC_4 gsiC_5 gsiC_6
[16:38:07] Fixed 4 duplicate /gene - degU_1 degU_2 degU_3 degU_4
[16:38:07] Fixed 2 duplicate /gene - bioI_1 bioI_2
[16:38:07] Fixed 2 duplicate /gene - blh_1 blh_2
[16:38:07] Fixed 2 duplicate /gene - phoB_1 phoB_2
[16:38:07] Fixed 3 duplicate /gene - puuB_1 puuB_2 puuB_3
[16:38:07] Fixed 2 duplicate /gene - acoA_1 acoA_2
[16:38:07] Fixed 2 duplicate /gene - clpP_1 clpP_2
[16:38:07] Fixed 2 duplicate /gene - gsiD_1 gsiD_2
[16:38:07] Fixed 3 duplicate /gene - frcA_1 frcA_2 frcA_3
[16:38:07] Fixed 3 duplicate /gene - dapE_1 dapE_2 dapE_3
[16:38:07] Fixed 4 duplicate /gene - mdtA_1 mdtA_2 mdtA_3 mdtA_4
[16:38:07] Fixed 2 duplicate /gene - pccR_1 pccR_2
[16:38:07] Fixed 2 duplicate /gene - lutR_1 lutR_2
[16:38:07] Fixed 7 duplicate /gene - sasA_1 sasA_2 sasA_3 sasA_4 sasA_5 sasA_6 sasA_7
[16:38:07] Fixed 2 duplicate /gene - fadA_1 fadA_2
[16:38:07] Fixed 3 duplicate /gene - suhB_1 suhB_2 suhB_3
[16:38:07] Fixed 2 duplicate /gene - hipO_1 hipO_2
[16:38:07] Fixed 2 duplicate /gene - ssuC_1 ssuC_2
[16:38:07] Fixed 2 duplicate /gene - yqaA_1 yqaA_2
[16:38:07] Fixed 2 duplicate /gene - rbsK_1 rbsK_2
[16:38:07] Fixed 2 duplicate /gene - dksA_1 dksA_2
[16:38:07] Fixed 2 duplicate /gene - nuoB_1 nuoB_2
[16:38:07] Fixed 2 duplicate /gene - gloB_1 gloB_2
[16:38:07] Fixed 2 duplicate /gene - takP_1 takP_2
[16:38:07] Fixed 2 duplicate /gene - qorA_1 qorA_2
[16:38:07] Fixed 2 duplicate /gene - glnB_1 glnB_2
[16:38:07] Fixed 2 duplicate /gene - ndhC_1 ndhC_2
[16:38:07] Fixed 2 duplicate /gene - rutR_1 rutR_2
[16:38:07] Fixed 2 duplicate /gene - pcaF_1 pcaF_2
[16:38:07] Fixed 2 duplicate /gene - glpR_1 glpR_2
[16:38:07] Fixed 11 duplicate /gene - dctM_1 dctM_2 dctM_3 dctM_4 dctM_5 dctM_6 dctM_7 dctM_8 dctM_9 dctM_10 dctM_11
[16:38:07] Fixed 3 duplicate /gene - hbpA_1 hbpA_2 hbpA_3
[16:38:07] Fixed 5 duplicate /gene - decR_1 decR_2 decR_3 decR_4 decR_5
[16:38:07] Fixed 2 duplicate /gene - dctD_1 dctD_2
[16:38:07] Fixed 3 duplicate /gene - gsiA_1 gsiA_2 gsiA_3
[16:38:07] Fixed 2 duplicate /gene - nuoJ_1 nuoJ_2
[16:38:07] Fixed 2 duplicate /gene - mltF_1 mltF_2
[16:38:07] Fixed 2 duplicate /gene - iclR_1 iclR_2
[16:38:07] Fixed 2 duplicate /gene - nit1_1 nit1_2
[16:38:07] Fixed 2 duplicate /gene - ubiG_1 ubiG_2
[16:38:07] Fixed 5 duplicate /gene - ribN_1 ribN_2 ribN_3 ribN_4 ribN_5
[16:38:07] Fixed 3 duplicate /gene - mrpD_1 mrpD_2 mrpD_3
[16:38:07] Fixed 4 duplicate /gene - dmlR_1 dmlR_2 dmlR_3 dmlR_4
[16:38:07] Fixed 2 duplicate /gene - dapA_1 dapA_2
[16:38:07] Fixed 2 duplicate /gene - clsA_1 clsA_2
[16:38:07] Fixed 2 duplicate /gene - gltC_1 gltC_2
[16:38:07] Fixed 4 duplicate /gene - xerC_1 xerC_2 xerC_3 xerC_4
[16:38:07] Fixed 2 duplicate /gene - tupC_1 tupC_2
[16:38:07] Fixed 2 duplicate /gene - thiE_1 thiE_2
[16:38:07] Fixed 2 duplicate /gene - ugpB_1 ugpB_2
[16:38:07] Fixed 3 duplicate /gene - oppC_1 oppC_2 oppC_3
[16:38:07] Fixed 2 duplicate /gene - alkB2_1 alkB2_2
[16:38:07] Fixed 2 duplicate /gene - pucC_1 pucC_2
[16:38:07] Fixed 2 duplicate /gene - nuoK_1 nuoK_2
[16:38:07] Fixed 5 duplicate /gene - mshA_1 mshA_2 mshA_3 mshA_4 mshA_5
[16:38:07] Fixed 2 duplicate /gene - yjiA_1 yjiA_2
[16:38:07] Fixed 2 duplicate /gene - sgaA_1 sgaA_2
[16:38:07] Fixed 2 duplicate /gene - dppB_1 dppB_2
[16:38:07] Fixed 2 duplicate /gene - aroE_1 aroE_2
[16:38:07] Fixed 2 duplicate /gene - intS_1 intS_2
[16:38:07] Fixed 2 duplicate /gene - msrB_1 msrB_2
[16:38:07] Fixed 2 duplicate /gene - kpsT_1 kpsT_2
[16:38:07] Fixed 2 duplicate /gene - kce_1 kce_2
[16:38:07] Fixed 2 duplicate /gene - argO_1 argO_2
[16:38:07] Fixed 2 duplicate /gene - dmdC_1 dmdC_2
[16:38:07] Fixed 2 duplicate /gene - hisI_1 hisI_2
[16:38:07] Fixed 3 duplicate /gene - smc_1 smc_2 smc_3
[16:38:07] Fixed 15 duplicate /gene - btuD_1 btuD_2 btuD_3 btuD_4 btuD_5 btuD_6 btuD_7 btuD_8 btuD_9 btuD_10 btuD_11 btuD_12 btuD_13 btuD_14 btuD_15
[16:38:07] Fixed 2 duplicate /gene - gpt_1 gpt_2
[16:38:07] Fixed 2 duplicate /gene - hemN_1 hemN_2
[16:38:07] Fixed 2 duplicate /gene - malK_1 malK_2
[16:38:07] Fixed 6 duplicate /gene - ndhB_1 ndhB_2 ndhB_3 ndhB_4 ndhB_5 ndhB_6
[16:38:07] Fixed 3 duplicate /gene - soxA_1 soxA_2 soxA_3
[16:38:07] Fixed 2 duplicate /gene - thadh_1 thadh_2
[16:38:07] Fixed 2 duplicate /gene - rhlE_1 rhlE_2
[16:38:07] Fixed 2 duplicate /gene - caiD_1 caiD_2
[16:38:07] Fixed 2 duplicate /gene - braC_1 braC_2
[16:38:07] Fixed 2 duplicate /gene - ribY_1 ribY_2
[16:38:07] Fixed 2 duplicate /gene - gph_1 gph_2
[16:38:07] Fixed 2 duplicate /gene - ilvB_1 ilvB_2
[16:38:07] Fixed 2 duplicate /gene - lldD_1 lldD_2
[16:38:07] Fixed 2 duplicate /gene - erpA_1 erpA_2
[16:38:07] Fixed 2 duplicate /gene - puuA_1 puuA_2
[16:38:07] Fixed 2 duplicate /gene - uspF_1 uspF_2
[16:38:07] Fixed 2 duplicate /gene - ssb_1 ssb_2
[16:38:07] Fixed 2 duplicate /gene - phnM_1 phnM_2
[16:38:07] Fixed 2 duplicate /gene - potA_1 potA_2
[16:38:07] Fixed 3 duplicate /gene - hyuA_1 hyuA_2 hyuA_3
[16:38:07] Fixed 2 duplicate /gene - ligA_1 ligA_2
[16:38:07] Fixed 2 duplicate /gene - amiC_1 amiC_2
[16:38:07] Fixed 3 duplicate /gene - ycaD_1 ycaD_2 ycaD_3
[16:38:07] Fixed 2 duplicate /gene - nuoH_1 nuoH_2
[16:38:07] Fixed 2 duplicate /gene - fabI_1 fabI_2
[16:38:07] Fixed 2 duplicate /gene - pepA_1 pepA_2
[16:38:07] Fixed 2 duplicate /gene - soxD_1 soxD_2
[16:38:07] Fixed 3 duplicate /gene - betB_1 betB_2 betB_3
[16:38:07] Fixed 2 duplicate /gene - dacC_1 dacC_2
[16:38:07] Fixed 6 duplicate /gene - livF_1 livF_2 livF_3 livF_4 livF_5 livF_6
[16:38:07] Fixed 2 duplicate /gene - paaG_1 paaG_2
[16:38:07] Fixed 4 duplicate /gene - cdhR_1 cdhR_2 cdhR_3 cdhR_4
[16:38:07] Fixed 2 duplicate /gene - mcbR_1 mcbR_2
[16:38:07] Fixed 2 duplicate /gene - walR_1 walR_2
[16:38:07] Fixed 2 duplicate /gene - npcC_1 npcC_2
[16:38:07] Fixed 2 duplicate /gene - ubiL_1 ubiL_2
[16:38:07] Fixed 2 duplicate /gene - cheY_1 cheY_2
[16:38:07] Fixed 2 duplicate /gene - rbsC_1 rbsC_2
[16:38:07] Fixed 2 duplicate /gene - pdxH_1 pdxH_2
[16:38:07] Fixed 3 duplicate /gene - phnE_1 phnE_2 phnE_3
[16:38:07] Fixed 3 duplicate /gene - tolQ_1 tolQ_2 tolQ_3
[16:38:07] Fixed 2 duplicate /gene - mglA_1 mglA_2
[16:38:07] Fixed 2 duplicate /gene - cntI_1 cntI_2
[16:38:07] Fixed 2 duplicate /gene - fabF_1 fabF_2
[16:38:07] Fixed 2 duplicate /gene - flgG_1 flgG_2
[16:38:07] Fixed 4 duplicate /gene - ftsH_1 ftsH_2 ftsH_3 ftsH_4
[16:38:07] Fixed 2 duplicate /gene - uppP_1 uppP_2
[16:38:07] Fixed 2 duplicate /gene - mcl1_1 mcl1_2
[16:38:07] Fixed 2 duplicate /gene - bamA_1 bamA_2
[16:38:07] Fixed 3 duplicate /gene - RBKS_1 RBKS_2 RBKS_3
[16:38:07] Fixed 2 duplicate /gene - hemA_1 hemA_2
[16:38:07] Fixed 2 duplicate /gene - glmM_1 glmM_2
[16:38:07] Fixed 2 duplicate /gene - nadE_1 nadE_2
[16:38:07] Fixed 2 duplicate /gene - mtgA_1 mtgA_2
[16:38:07] Fixed 3 duplicate /gene - sucD_1 sucD_2 sucD_3
[16:38:07] Fixed 2 duplicate /gene - gyrB_1 gyrB_2
[16:38:07] Fixed 3 duplicate /gene - dxs_1 dxs_2 dxs_3
[16:38:07] Fixed 2 duplicate /gene - accA1_1 accA1_2
[16:38:07] Fixed 2 duplicate /gene - tufA_1 tufA_2
[16:38:07] Fixed 2 duplicate /gene - tupB_1 tupB_2
[16:38:07] Fixed 2 duplicate /gene - mrpG_1 mrpG_2
[16:38:07] Fixed 2 duplicate /gene - ddpF_1 ddpF_2
[16:38:07] Fixed 2 duplicate /gene - mro_1 mro_2
[16:38:07] Fixed 2 duplicate /gene - msrP_1 msrP_2
[16:38:07] Fixed 2 duplicate /gene - hisE_1 hisE_2
[16:38:07] Fixed 4 duplicate /gene - fabG_1 fabG_2 fabG_3 fabG_4
[16:38:07] Fixed 236 colliding /gene names.
[16:38:07] Adding /locus_tag identifiers
[16:38:07] Assigned 3803 locus_tags to CDS and RNA features.
[16:38:07] Writing outputs to gbk/DSM18756/
[16:38:09] Generating annotation statistics file
[16:38:09] Generating Genbank and Sequin files
[16:38:09] Running: tbl2asn -V b -a r10k -l paired-ends -M n -N 1 -y 'Annotated using prokka 1.14.6 from https://github.com/tseemann/prokka' -Z gbk\/DSM18756\/GCF_004366635\.1\.prokka\.err -i gbk\/DSM18756\/GCF_004366635\.1\.prokka\.fsa 2> /dev/null
[16:38:15] Deleting unwanted file: gbk/DSM18756/errorsummary.val
[16:38:15] Deleting unwanted file: gbk/DSM18756/GCF_004366635.1.prokka.dr
[16:38:15] Deleting unwanted file: gbk/DSM18756/GCF_004366635.1.prokka.fixedproducts
[16:38:15] Deleting unwanted file: gbk/DSM18756/GCF_004366635.1.prokka.ecn
[16:38:15] Deleting unwanted file: gbk/DSM18756/GCF_004366635.1.prokka.val
[16:38:15] Repairing broken .GBK output that tbl2asn produces...
[16:38:15] Running: sed 's/COORDINATES: profile/COORDINATES:profile/' < gbk\/DSM18756\/GCF_004366635\.1\.prokka\.gbf > gbk\/DSM18756\/GCF_004366635\.1\.prokka\.gbk
[16:38:15] Deleting unwanted file: gbk/DSM18756/GCF_004366635.1.prokka.gbf
[16:38:15] Output files:
[16:38:15] gbk/DSM18756/GCF_004366635.1.prokka.gff
[16:38:15] gbk/DSM18756/GCF_004366635.1.prokka.log
[16:38:15] gbk/DSM18756/GCF_004366635.1.prokka.err
[16:38:15] gbk/DSM18756/GCF_004366635.1.prokka.faa
[16:38:15] gbk/DSM18756/GCF_004366635.1.prokka.tbl
[16:38:15] gbk/DSM18756/GCF_004366635.1.prokka.ffn
[16:38:15] gbk/DSM18756/GCF_004366635.1.prokka.fsa
[16:38:15] gbk/DSM18756/GCF_004366635.1.prokka.gbk
[16:38:15] gbk/DSM18756/GCF_004366635.1.prokka.fna
[16:38:15] gbk/DSM18756/GCF_004366635.1.prokka.sqn
[16:38:15] gbk/DSM18756/GCF_004366635.1.prokka.txt
[16:38:15] gbk/DSM18756/GCF_004366635.1.prokka.tsv
[16:38:15] Annotation finished successfully.
[16:38:15] Walltime used: 0.85 minutes
[16:38:15] If you use this result please cite the Prokka paper:
[16:38:15] Seemann T (2014) Prokka: rapid prokaryotic genome annotation. Bioinformatics. 30(14):2068-9.
[16:38:15] Type 'prokka --citation' for more details.
[16:38:15] Share and enjoy!
