[16:58:53] This is prokka 1.14.6
[16:58:53] Written by Torsten Seemann <torsten.seemann@gmail.com>
[16:58:53] Homepage is https://github.com/tseemann/prokka
[16:58:53] Local time is Mon Dec  5 16:58:53 2022
[16:58:53] You are shaday
[16:58:53] Operating system is linux
[16:58:53] You have BioPerl 1.7.8
[16:58:53] System has 32 cores.
[16:58:53] Will use maximum of 20 cores.
[16:58:53] Annotating as >>> Bacteria <<<
[16:58:53] Generating locus_tag from 'Rhodobacteraceae/GCF_004015795.1_ASM401579v1_genomic.fna' contents.
[16:58:53] Setting --locustag OCPFFIJE from MD5 8c9ff23e344c1bdc8e610124d6a7a570
[16:58:53] Creating new output folder: gbk/W402
[16:58:53] Running: mkdir -p gbk\/W402
[16:58:53] Using filename prefix: GCF_004015795.1.prokka.XXX
[16:58:53] Setting HMMER_NCPU=1
[16:58:53] Writing log to: gbk/W402/GCF_004015795.1.prokka.log
[16:58:53] Command: /opt/anaconda3/envs/Prokka_Global/bin/prokka --prefix GCF_004015795.1.prokka --outdir gbk/W402 --kingdom Bacteria --genus Falsirhodobacter --species deserti --strain W402 --usegenus --addgenes Rhodobacteraceae/GCF_004015795.1_ASM401579v1_genomic.fna --cpus 20
[16:58:53] Appending to PATH: /opt/anaconda3/envs/Prokka_Global/bin
[16:58:53] Looking for 'aragorn' - found /opt/anaconda3/envs/Prokka_Global/bin/aragorn
[16:58:53] Determined aragorn version is 001002 from 'ARAGORN v1.2.41 Dean Laslett'
[16:58:53] Looking for 'barrnap' - found /opt/anaconda3/envs/Prokka_Global/bin/barrnap
[16:58:53] Determined barrnap version is 000009 from 'barrnap 0.9'
[16:58:53] Looking for 'blastp' - found /opt/anaconda3/envs/Prokka_Global/bin/blastp
[16:58:53] Determined blastp version is 002012 from 'blastp: 2.12.0+'
[16:58:53] Looking for 'cmpress' - found /opt/anaconda3/envs/Prokka_Global/bin/cmpress
[16:58:53] Determined cmpress version is 001001 from '# INFERNAL 1.1.4 (Dec 2020)'
[16:58:53] Looking for 'cmscan' - found /opt/anaconda3/envs/Prokka_Global/bin/cmscan
[16:58:53] Determined cmscan version is 001001 from '# INFERNAL 1.1.4 (Dec 2020)'
[16:58:53] Looking for 'egrep' - found /usr/bin/egrep
[16:58:53] Looking for 'find' - found /usr/bin/find
[16:58:53] Looking for 'grep' - found /usr/bin/grep
[16:58:53] Looking for 'hmmpress' - found /opt/anaconda3/envs/Prokka_Global/bin/hmmpress
[16:58:53] Determined hmmpress version is 003003 from '# HMMER 3.3.2 (Nov 2020); http://hmmer.org/'
[16:58:53] Looking for 'hmmscan' - found /opt/anaconda3/envs/Prokka_Global/bin/hmmscan
[16:58:53] Determined hmmscan version is 003003 from '# HMMER 3.3.2 (Nov 2020); http://hmmer.org/'
[16:58:53] Looking for 'java' - found /opt/anaconda3/envs/Prokka_Global/bin/java
[16:58:53] Looking for 'makeblastdb' - found /opt/anaconda3/envs/Prokka_Global/bin/makeblastdb
[16:58:53] Determined makeblastdb version is 002012 from 'makeblastdb: 2.12.0+'
[16:58:53] Looking for 'minced' - found /opt/anaconda3/envs/Prokka_Global/bin/minced
[16:58:53] Determined minced version is 004002 from 'minced 0.4.2'
[16:58:53] Looking for 'parallel' - found /opt/anaconda3/envs/Prokka_Global/bin/parallel
[16:58:53] Determined parallel version is 20220222 from 'GNU parallel 20220222'
[16:58:53] Looking for 'prodigal' - found /opt/anaconda3/envs/Prokka_Global/bin/prodigal
[16:58:53] Determined prodigal version is 002006 from 'Prodigal V2.6.3: February, 2016'
[16:58:53] Looking for 'prokka-genbank_to_fasta_db' - found /opt/anaconda3/envs/Prokka_Global/bin/prokka-genbank_to_fasta_db
[16:58:53] Looking for 'sed' - found /usr/bin/sed
[16:58:53] Looking for 'tbl2asn' - found /opt/anaconda3/envs/Prokka_Global/bin/tbl2asn
[16:58:53] Determined tbl2asn version is 025007 from 'tbl2asn 25.7   arguments:'
[16:58:53] Using genetic code table 11.
[16:58:53] Loading and checking input file: Rhodobacteraceae/GCF_004015795.1_ASM401579v1_genomic.fna
[16:58:53] Wrote 7 contigs totalling 2982257 bp.
[16:58:53] Predicting tRNAs and tmRNAs
[16:58:53] Running: aragorn -l -gc11  -w gbk\/W402\/GCF_004015795\.1\.prokka\.fna
[16:58:55] 1 tRNA-Leu c[67947,68031] 35 (cag)
[16:58:55] 2 tRNA-Gly [253088,253161] 33 (tcc)
[16:58:55] 3 tRNA-Met c[263177,263253] 35 (cat)
[16:58:55] 4 tRNA-Ser c[321209,321298] 35 (gct)
[16:58:55] 5 tRNA-Ala c[383132,383207] 34 (ggc)
[16:58:55] 6 tmRNA* c[478702,479034] 204,242 ANDNRAPMAVAA*
[16:58:55] 7 tRNA-Tyr c[504621,504704] 33 (gta)
[16:58:55] 8 tRNA-Gly c[509825,509899] 33 (gcc)
[16:58:55] 9 tRNA-Gly c[509921,509995] 33 (gcc)
[16:58:55] 10 tRNA-Ser c[564491,564580] 35 (tga)
[16:58:55] 11 tRNA-Ala [598603,598678] 34 (tgc)
[16:58:55] 12 tRNA-Ile [598682,598758] 35 (gat)
[16:58:55] 13 tRNA-Met [602179,602255] 35 (cat)
[16:58:55] 14 tRNA-Asp [604412,604488] 35 (gtc)
[16:58:55] 15 tRNA-Asp [604521,604597] 35 (gtc)
[16:58:55] 16 tRNA-Arg c[780779,780855] 35 (tct)
[16:58:55] 17 tRNA-Leu c[795969,796053] 35 (tag)
[16:58:55] 18 tRNA-Met c[839547,839622] 34 (cat)
[16:58:55] 19 tRNA-Val [863592,863666] 33 (cac)
[16:58:55] 20 tRNA-Val [863680,863755] 34 (tac)
[16:58:55] 21 tRNA-Asn [886016,886090] 33 (gtt)
[16:58:55] 22 tRNA-Arg [935586,935662] 35 (ccg)
[16:58:55] 23 tRNA-Thr [957893,957968] 34 (tgt)
[16:58:55] 24 tRNA-His [1040707,1040783] 35 (gtg)
[16:58:55] 25 tRNA-Gly c[1045301,1045374] 33 (ccc)
[16:58:55] 26 tRNA-Gln [1082943,1083017] 33 (ttg)
[16:58:55] 27 tRNA-Leu c[1089839,1089924] 34 (caa)
[16:58:55] 28 tRNA-Ser [1143534,1143623] 35 (cga)
[16:58:55] 29 tRNA-Pro [1250831,1250908] 36 (ggg)
[16:58:55] 30 tRNA-Ser [1311542,1311631] 35 (gga)
[16:58:55] 31 tRNA-Cys [1331385,1331458] 33 (gca)
[16:58:55] 32 tRNA-Phe [1340430,1340505] 34 (gaa)
[16:58:55] 33 tRNA-Pro c[1350212,1350288] 35 (tgg)
[16:58:55] 34 tRNA-Met c[1394746,1394822] 35 (cat)
[16:58:55] 35 tRNA-Ile c[1398243,1398319] 35 (gat)
[16:58:55] 36 tRNA-Ala c[1398323,1398398] 34 (tgc)
[16:58:55] 37 tRNA-Ala c[1467534,1467609] 34 (cgc)
[16:58:55] 38 tRNA-Thr c[1505481,1505555] 33 (ggt)
[16:58:55] 39 tRNA-Leu c[1540219,1540305] 35 (gag)
[16:58:55] 40 tRNA-Glu [1586539,1586613] 34 (ttc)
[16:58:55] 41 tRNA-Glu [1586744,1586818] 34 (ttc)
[16:58:55] 42 tRNA-Leu c[1610809,1610892] 34 (taa)
[16:58:55] 43 tRNA-Gly [1739691,1739783] 34 (gcc)
[16:58:55] 44 tRNA-Arg c[1763810,1763886] 35 (acg)
[16:58:55] 45 tRNA-Trp c[1814526,1814601] 34 (cca)
[16:58:55] 46 tRNA-Pro [1859447,1859523] 35 (cgg)
[16:58:55] 47 tRNA-Arg c[2095162,2095238] 35 (cct)
[16:58:55] 48 tRNA-Lys [2098515,2098590] 34 (ttt)
[16:58:55] 49 tRNA-Thr c[2204104,2204179] 34 (cgt)
[16:58:55] 50 tRNA-Val [2277124,2277198] 33 (gac)
[16:58:55] 1 tRNA-Ala [130119,130194] 34 (tgc)
[16:58:55] 2 tRNA-Ile [130198,130274] 35 (gat)
[16:58:55] 3 tRNA-Met [133695,133771] 35 (cat)
[16:58:55] Found 53 tRNAs
[16:58:55] Predicting Ribosomal RNAs
[16:58:55] Running Barrnap with 20 threads
[16:58:55] 1 NZ_ML137218.1 596937 16S ribosomal RNA
[16:58:55] 2 NZ_ML137218.1 599051 23S ribosomal RNA
[16:58:55] 3 NZ_ML137218.1 601984 5S ribosomal RNA
[16:58:55] 4 NZ_ML137218.1 1394909 5S ribosomal RNA
[16:58:55] 5 NZ_ML137218.1 1395138 23S ribosomal RNA
[16:58:55] 6 NZ_ML137218.1 1398603 16S ribosomal RNA
[16:58:55] 7 NZ_ML137219.1 128453 16S ribosomal RNA
[16:58:55] 8 NZ_ML137219.1 130567 23S ribosomal RNA
[16:58:55] 9 NZ_ML137219.1 133500 5S ribosomal RNA
[16:58:55] Found 9 rRNAs
[16:58:55] Skipping ncRNA search, enable with --rfam if desired.
[16:58:55] Total of 61 tRNA + rRNA features
[16:58:55] Searching for CRISPR repeats
[16:58:56] Found 0 CRISPRs
[16:58:56] Predicting coding sequences
[16:58:56] Contigs total 2982257 bp, so using single mode
[16:58:56] Running: prodigal -i gbk\/W402\/GCF_004015795\.1\.prokka\.fna -c -m -g 11 -p single -f sco -q
[16:59:00] Excluding CDS which overlaps existing RNA (tRNA) at NZ_ML137218.1:1739327..1741948 on - strand
[16:59:00] Excluding CDS which overlaps existing RNA (tRNA) at NZ_ML137219.1:133728..135416 on - strand
[16:59:00] Found 2933 CDS
[16:59:00] Connecting features back to sequences
[16:59:00] Skipping genus-specific proteins as can't see /opt/anaconda3/envs/Prokka_Global/db/Falsirhodobacter
[16:59:00] Annotating CDS, please be patient.
[16:59:00] Will use 20 CPUs for similarity searching.
[16:59:01] There are still 2933 unannotated CDS left (started with 2933)
[16:59:01] Will use blast to search against /opt/anaconda3/envs/Prokka_Global/db/kingdom/Bacteria/IS with 20 CPUs
[16:59:01] Running: cat gbk\/W402\/GCF_004015795\.1\.prokka\.IS\.tmp\.739771\.faa | parallel --gnu --plain -j 20 --block 22971 --recstart '>' --pipe blastp -query - -db /opt/anaconda3/envs/Prokka_Global/db/kingdom/Bacteria/IS -evalue 1e-30 -qcov_hsp_perc 90 -num_threads 1 -num_descriptions 1 -num_alignments 1 -seg no > gbk\/W402\/GCF_004015795\.1\.prokka\.IS\.tmp\.739771\.blast 2> /dev/null
[16:59:04] Deleting unwanted file: gbk/W402/GCF_004015795.1.prokka.IS.tmp.739771.faa
[16:59:04] Deleting unwanted file: gbk/W402/GCF_004015795.1.prokka.IS.tmp.739771.blast
[16:59:05] There are still 2867 unannotated CDS left (started with 2933)
[16:59:05] Will use blast to search against /opt/anaconda3/envs/Prokka_Global/db/kingdom/Bacteria/AMR with 20 CPUs
[16:59:05] Running: cat gbk\/W402\/GCF_004015795\.1\.prokka\.AMR\.tmp\.739771\.faa | parallel --gnu --plain -j 20 --block 22540 --recstart '>' --pipe blastp -query - -db /opt/anaconda3/envs/Prokka_Global/db/kingdom/Bacteria/AMR -evalue 1e-300 -qcov_hsp_perc 90 -num_threads 1 -num_descriptions 1 -num_alignments 1 -seg no > gbk\/W402\/GCF_004015795\.1\.prokka\.AMR\.tmp\.739771\.blast 2> /dev/null
[16:59:08] Deleting unwanted file: gbk/W402/GCF_004015795.1.prokka.AMR.tmp.739771.faa
[16:59:08] Deleting unwanted file: gbk/W402/GCF_004015795.1.prokka.AMR.tmp.739771.blast
[16:59:09] There are still 2867 unannotated CDS left (started with 2933)
[16:59:09] Will use blast to search against /opt/anaconda3/envs/Prokka_Global/db/kingdom/Bacteria/sprot with 20 CPUs
[16:59:09] Running: cat gbk\/W402\/GCF_004015795\.1\.prokka\.sprot\.tmp\.739771\.faa | parallel --gnu --plain -j 20 --block 22540 --recstart '>' --pipe blastp -query - -db /opt/anaconda3/envs/Prokka_Global/db/kingdom/Bacteria/sprot -evalue 1e-09 -qcov_hsp_perc 80 -num_threads 1 -num_descriptions 1 -num_alignments 1 -seg no > gbk\/W402\/GCF_004015795\.1\.prokka\.sprot\.tmp\.739771\.blast 2> /dev/null
[16:59:19] Modify product: Uncharacterized protein YcjX => putative protein YcjX
[16:59:19] Modify product: Uncharacterized periplasmic iron-binding protein HI_0362 => putative periplasmic iron-binding protein
[16:59:19] Modify product: Acetyltransferase PA3944 => Acetyltransferase
[16:59:19] Modify product: Probable peptidoglycan D,D-transpeptidase FtsI => putative peptidoglycan D,D-transpeptidase FtsI
[16:59:19] Modify product: Probable peptidoglycan glycosyltransferase FtsW => putative peptidoglycan glycosyltransferase FtsW
[16:59:19] Modify product: TelA-like protein SA1238 => TelA-like protein
[16:59:19] Modify product: UPF0173 metal-dependent hydrolase SA1529 => hypothetical protein
[16:59:19] Modify product: Probable D,D-dipeptide transport system permease protein DdpC => putative D,D-dipeptide transport system permease protein DdpC
[16:59:19] Modify product: Probable 5-dehydro-4-deoxyglucarate dehydratase => putative 5-dehydro-4-deoxyglucarate dehydratase
[16:59:19] Modify product: Acetyltransferase SACOL1063 => Acetyltransferase
[16:59:19] Modify product: Peroxiredoxin sll1621 => Peroxiredoxin
[16:59:19] Modify product: Probable ATP-dependent transporter SufC => putative ATP-dependent transporter SufC
[16:59:19] Modify product: Probable malonic semialdehyde reductase RutE => putative malonic semialdehyde reductase RutE
[16:59:19] Modify product: UPF0335 protein CCNA_03428 => hypothetical protein
[16:59:19] Modify product: Uncharacterized signaling protein PA1727 => putative signaling protein
[16:59:20] Modify product: Uncharacterized ABC transporter ATP-binding protein YejF => putative ABC transporter ATP-binding protein YejF
[16:59:20] Modify product: Glycogen operon protein GlgX homolog => Glycogen operon protein GlgX 
[16:59:20] Modify product: Uncharacterized protein Rv2568c => putative protein
[16:59:20] Modify product: Phosphate-specific transport system accessory protein PhoU homolog => Phosphate-specific transport system accessory protein PhoU 
[16:59:20] Modify product: Probable glutamine ABC transporter permease protein GlnP => putative glutamine ABC transporter permease protein GlnP
[16:59:20] Modify product: Probable chaperone CsaA => putative chaperone CsaA
[16:59:20] Modify product: Probable 2-dehydro-3-deoxygalactonokinase DgoK1 => putative 2-dehydro-3-deoxygalactonokinase DgoK1
[16:59:20] Modify product: Probable lipoprotein YiaD => putative lipoprotein YiaD
[16:59:20] Modify product: UPF0053 inner membrane protein YtfL => hypothetical protein
[16:59:20] Modify product: Uncharacterized MFS-type transporter YcaD => putative MFS-type transporter YcaD
[16:59:20] Modify product: Glycogen operon protein GlgX homolog => Glycogen operon protein GlgX 
[16:59:20] Modify product: UPF0301 protein YqgE => hypothetical protein
[16:59:20] Modify product: Probable adenylyltransferase/sulfurtransferase MoeZ => putative adenylyltransferase/sulfurtransferase MoeZ
[16:59:20] Modify product: Uncharacterized protein Rv2411c => putative protein
[16:59:20] Modify product: Uncharacterized protein Rv2569c => putative protein
[16:59:20] Modify product: Uncharacterized protein YccU => putative protein YccU
[16:59:20] Modify product: Uncharacterized HTH-type transcriptional regulator Rv1985c => putative HTH-type transcriptional regulator
[16:59:20] Modify product: Uncharacterized isomerase YddE => putative isomerase YddE
[16:59:20] Modify product: Probable D,D-dipeptide transport system permease protein DdpC => putative D,D-dipeptide transport system permease protein DdpC
[16:59:20] Modify product: NADH dehydrogenase-like protein SAOUHSC_00878 => NADH dehydrogenase-like protein
[16:59:20] Modify product: Probable manganese catalase => putative manganese catalase
[16:59:20] Modify product: Probable glycerol-3-phosphate dehydrogenase 2 [NAD(P)+] => putative glycerol-3-phosphate dehydrogenase 2 [NAD(P)+]
[16:59:20] Modify product: Transcriptional repressor SmtB homolog => Transcriptional repressor SmtB 
[16:59:20] Modify product: Probable amino-acid metabolite efflux pump => putative amino-acid metabolite efflux pump
[16:59:20] Modify product: Glycine betaine/proline/choline transporter VP1723 => Glycine betaine/proline/choline transporter
[16:59:20] Modify product: Uncharacterized protein HI_0131 => putative protein
[16:59:20] Modify product: Putative multidrug export ATP-binding/permease protein SAV1866 => Putative multidrug export ATP-binding/permease protein
[16:59:20] Modify product: Uncharacterized zinc protease Rv2782c => putative zinc protease
[16:59:20] Modify product: Uncharacterized zinc protease Rv2782c => putative zinc protease
[16:59:20] Modify product: UPF0073 inner membrane protein YqfA => hypothetical protein
[16:59:20] Modify product: UPF0065 protein in clcB-clcD intergenic region => hypothetical protein
[16:59:20] Modify product: UPF0702 transmembrane protein YetF => hypothetical protein
[16:59:20] Modify product: Uncharacterized protein HI_0933 => putative protein
[16:59:20] Modify product: Probable 4-hydroxyproline 2-epimerase => putative 4-hydroxyproline 2-epimerase
[16:59:20] Modify product: Uncharacterized protein RP812 => putative protein RP812
[16:59:20] Modify product: Uncharacterized protein SAV1875 => putative protein
[16:59:20] Modify product: Probable efflux pump membrane transporter TtgB => putative efflux pump membrane transporter TtgB
[16:59:20] Modify product: Segregation and condensation protein B homolog => Segregation and condensation protein B 
[16:59:20] Modify product: Uncharacterized ABC transporter ATP-binding protein YheS => putative ABC transporter ATP-binding protein YheS
[16:59:20] Modify product: UPF0065 protein in clcB-clcD intergenic region => hypothetical protein
[16:59:20] Modify product: Uncharacterized ABC transporter ATP-binding protein YejF => putative ABC transporter ATP-binding protein YejF
[16:59:20] Modify product: Uncharacterized oxidoreductase Rv1350 => putative oxidoreductase
[16:59:20] Modify product: Uncharacterized N-acetyltransferase YsnE => putative N-acetyltransferase YsnE
[16:59:20] Modify product: Uncharacterized ABC transporter ATP-binding protein TM_0288 => putative ABC transporter ATP-binding protein
[16:59:20] Modify product: Uncharacterized zinc protease Rv2782c => putative zinc protease
[16:59:20] Modify product: Uncharacterized FAD-linked oxidoreductase Rv2280 => putative FAD-linked oxidoreductase
[16:59:20] Modify product: Uncharacterized aminopeptidase Rv1333 => putative aminopeptidase
[16:59:20] Modify product: Uncharacterized oxidoreductase SA2266 => putative oxidoreductase
[16:59:20] Modify product: Uncharacterized protein YqeY => putative protein YqeY
[16:59:20] Modify product: Probable ribonucleotide transport ATP-binding protein mkl => putative ribonucleotide transport ATP-binding protein mkl
[16:59:20] Modify product: UPF0102 protein RPA0323 => hypothetical protein
[16:59:20] Modify product: Probable lipid II flippase MurJ => putative lipid II flippase MurJ
[16:59:20] Modify product: Probable riboflavin import permease protein RfuD => putative riboflavin import permease protein RfuD
[16:59:20] Modify product: Bifunctional protein FolD => Bifunctional protein FolD protein
[16:59:20] Modify product: Protease HtpX homolog => Protease HtpX 
[16:59:20] Modify product: Probable nitrate transporter NarT => putative nitrate transporter NarT
[16:59:20] Modify product: Probable parvulin-type peptidyl-prolyl cis-trans isomerase => putative parvulin-type peptidyl-prolyl cis-trans isomerase
[16:59:20] Modify product: UPF0758 protein => hypothetical protein
[16:59:20] Modify product: UPF0761 membrane protein YihY => hypothetical protein
[16:59:20] Modify product: Uncharacterized ABC transporter ATP-binding protein TM_0288 => putative ABC transporter ATP-binding protein
[16:59:20] Modify product: Uncharacterized protein YaeQ => putative protein YaeQ
[16:59:20] Modify product: Uncharacterized oxidoreductase SA2266 => putative oxidoreductase
[16:59:20] Modify product: Uncharacterized HTH-type transcriptional regulator YbbH => putative HTH-type transcriptional regulator YbbH
[16:59:20] Modify product: Uncharacterized metal-dependent hydrolase YcfH => putative metal-dependent hydrolase YcfH
[16:59:20] Modify product: UPF0178 protein YaiI => hypothetical protein
[16:59:20] Modify product: Probable GTP-binding protein EngB => putative GTP-binding protein EngB
[16:59:20] Modify product: Uncharacterized protein Rv1276c => putative protein
[16:59:20] Modify product: Probable protein kinase UbiB => putative protein kinase UbiB
[16:59:20] Modify product: UPF0434 protein PFL_1779 => hypothetical protein
[16:59:20] Modify product: Probable manganese-dependent inorganic pyrophosphatase => putative manganese-dependent inorganic pyrophosphatase
[16:59:20] Modify product: Purine-binding protein BAB2_0673 => Purine-binding protein
[16:59:20] Modify product: UPF0176 protein lpg2838 => hypothetical protein
[16:59:20] Modify product: Solute-binding protein Csal_2479 => Solute-binding protein
[16:59:20] Modify product: Putative multidrug export ATP-binding/permease protein SAV1866 => Putative multidrug export ATP-binding/permease protein
[16:59:20] Modify product: Uncharacterized signaling protein PA1727 => putative signaling protein
[16:59:20] Modify product: Probable endoglucanase => putative endoglucanase
[16:59:20] Modify product: Probable D,D-dipeptide-binding periplasmic protein DdpA => putative D,D-dipeptide-binding periplasmic protein DdpA
[16:59:20] Modify product: UPF0719 inner membrane protein YjfL => hypothetical protein
[16:59:20] Modify product: UPF0053 inner membrane protein YoaE => hypothetical protein
[16:59:20] Modify product: Probable zinc-binding alcohol dehydrogenase Rv1895 => putative zinc-binding alcohol dehydrogenase
[16:59:20] Modify product: Probable 5-dehydro-4-deoxyglucarate dehydratase => putative 5-dehydro-4-deoxyglucarate dehydratase
[16:59:20] Modify product: Uncharacterized FAD-linked oxidoreductase Rv2280 => putative FAD-linked oxidoreductase
[16:59:21] Modify product: UPF0053 inner membrane protein YfjD => hypothetical protein
[16:59:21] Modify product: Zinc-type alcohol dehydrogenase-like protein SA1988 => Zinc-type alcohol dehydrogenase-like protein
[16:59:21] Modify product: Uncharacterized glycosyl hydrolase Rv2006 => putative glycosyl hydrolase
[16:59:21] Modify product: Uncharacterized transporter YycB => putative transporter YycB
[16:59:21] Modify product: Uncharacterized protein Rv1998c => putative protein
[16:59:21] Modify product: Solute-binding protein Bpro_3107 => Solute-binding protein
[16:59:21] Modify product: Uncharacterized protein Rv1290c => putative protein
[16:59:21] Modify product: Probable HTH-type transcriptional regulator LgoR => putative HTH-type transcriptional regulator LgoR
[16:59:21] Modify product: Deacetylase Atu3266 => Deacetylase
[16:59:21] Modify product: Uncharacterized HTH-type transcriptional regulator YtcD => putative HTH-type transcriptional regulator YtcD
[16:59:21] Modify product: Solute-binding protein Bpro_3107 => Solute-binding protein
[16:59:21] Modify product: Probable chromate transport protein => putative chromate transport protein
[16:59:21] Modify product: Putative thiamine biosynthesis protein HI_0357 => Putative thiamine biosynthesis protein
[16:59:21] Modify product: Probable manganese catalase => putative manganese catalase
[16:59:21] Modify product: UPF0324 inner membrane protein YeiH => hypothetical protein
[16:59:21] Modify product: Solute-binding protein Veis_3954 => Solute-binding protein
[16:59:21] Modify product: Probable siderophore transport system permease protein YfiZ => putative siderophore transport system permease protein YfiZ
[16:59:21] Modify product: Uncharacterized oxidoreductase YghA => putative oxidoreductase YghA
[16:59:21] Modify product: Probable formate transporter 2 => putative formate transporter 2
[16:59:21] Modify product: Solute-binding protein RD1_1052 => Solute-binding protein
[16:59:21] Modify product: Probable siderophore transport system ATP-binding protein YusV => putative siderophore transport system ATP-binding protein YusV
[16:59:21] Modify product: Probable membrane transporter protein YfcA => putative membrane transporter protein YfcA
[16:59:21] Modify product: Probable L-asparaginase => putative L-asparaginase
[16:59:21] Modify product: Uncharacterized oxidoreductase SA2266 => putative oxidoreductase
[16:59:21] Modify product: Zinc-type alcohol dehydrogenase-like protein SA1988 => Zinc-type alcohol dehydrogenase-like protein
[16:59:21] Modify product: Probable D,D-dipeptide transport system permease protein DdpC => putative D,D-dipeptide transport system permease protein DdpC
[16:59:21] Modify product: Probable D,D-dipeptide-binding periplasmic protein DdpA => putative D,D-dipeptide-binding periplasmic protein DdpA
[16:59:21] Modify product: Probable D,D-dipeptide transport ATP-binding protein DdpD => putative D,D-dipeptide transport ATP-binding protein DdpD
[16:59:21] Modify product: UPF0126 inner membrane protein YadS => hypothetical protein
[16:59:21] Modify product: Probable iron export permease protein FetB => putative iron export permease protein FetB
[16:59:21] Modify product: Probable iron export ATP-binding protein FetA => putative iron export ATP-binding protein FetA
[16:59:21] Modify product: Probable glucosamine-6-phosphate deaminase 2 => putative glucosamine-6-phosphate deaminase 2
[16:59:21] Modify product: Probable N-methylproline demethylase => putative N-methylproline demethylase
[16:59:21] Modify product: Probable 2-dehydro-3-deoxygalactonokinase DgoK1 => putative 2-dehydro-3-deoxygalactonokinase DgoK1
[16:59:21] Cleaned 131 /product names
[16:59:21] Deleting unwanted file: gbk/W402/GCF_004015795.1.prokka.sprot.tmp.739771.faa
[16:59:21] Deleting unwanted file: gbk/W402/GCF_004015795.1.prokka.sprot.tmp.739771.blast
[16:59:21] There are still 1299 unannotated CDS left (started with 2933)
[16:59:21] Will use hmmer3 to search against /opt/anaconda3/envs/Prokka_Global/db/hmm/HAMAP.hmm with 20 CPUs
[16:59:21] Running: cat gbk\/W402\/GCF_004015795\.1\.prokka\.HAMAP\.hmm\.tmp\.739771\.faa | parallel --gnu --plain -j 20 --block 8770 --recstart '>' --pipe hmmscan --noali --notextw --acc -E 1e-09 --cpu 1 /opt/anaconda3/envs/Prokka_Global/db/hmm/HAMAP.hmm /dev/stdin > gbk\/W402\/GCF_004015795\.1\.prokka\.HAMAP\.hmm\.tmp\.739771\.hmmer3 2> /dev/null
[16:59:29] Modify product: Uncharacterized Nudix hydrolase NudL => putative Nudix hydrolase NudL
[16:59:29] Cleaned 1 /product names
[16:59:29] Deleting unwanted file: gbk/W402/GCF_004015795.1.prokka.HAMAP.hmm.tmp.739771.faa
[16:59:29] Deleting unwanted file: gbk/W402/GCF_004015795.1.prokka.HAMAP.hmm.tmp.739771.hmmer3
[16:59:29] Labelling remaining 1105 proteins as 'hypothetical protein'
[16:59:29] Possible /pseudo 'Glutamate synthase [NADPH] large chain' at NZ_ML137218.1 position 75856
[16:59:29] Possible /pseudo 'putative zinc protease' at NZ_ML137218.1 position 115473
[16:59:29] Possible /pseudo 'tRNA pseudouridine synthase B' at NZ_ML137218.1 position 125441
[16:59:29] Possible /pseudo 'Manganese transport system membrane protein MntB' at NZ_ML137218.1 position 261631
[16:59:29] Possible /pseudo 'IS3 family transposase ISOba1' at NZ_ML137218.1 position 309901
[16:59:29] Possible /pseudo 'Isoleucine--tRNA ligase' at NZ_ML137218.1 position 412570
[16:59:29] Possible /pseudo 'NADH-quinone oxidoreductase subunit M' at NZ_ML137218.1 position 645644
[16:59:29] Possible /pseudo 'IS3 family transposase ISPye6' at NZ_ML137218.1 position 704083
[16:59:29] Possible /pseudo 'L-cystine transport system permease protein YecS' at NZ_ML137218.1 position 1386905
[16:59:29] Possible /pseudo 'HTH-type transcriptional regulator PgrR' at NZ_ML137218.1 position 1490764
[16:59:29] Possible /pseudo 'DNA-binding transcriptional activator DecR' at NZ_ML137218.1 position 1549461
[16:59:29] Possible /pseudo 'IS3 family transposase ISKpn40' at NZ_ML137218.1 position 1865864
[16:59:29] Possible /pseudo 'Bifunctional coenzyme PQQ synthesis protein C/D' at NZ_ML137218.1 position 1922662
[16:59:29] Possible /pseudo 'tRNA 5-methylaminomethyl-2-thiouridine biosynthesis bifunctional protein MnmC' at NZ_ML137218.1 position 1968281
[16:59:29] Possible /pseudo 'Flagellar basal-body rod protein FlgG' at NZ_ML137218.1 position 2002341
[16:59:29] Possible /pseudo 'IS256 family transposase ISPye43' at NZ_ML137218.1 position 2081423
[16:59:29] Possible /pseudo 'Phytochrome-like protein cph1' at NZ_ML137218.1 position 2258256
[16:59:29] Possible /pseudo 'IS3 family transposase ISKpn40' at NZ_ML137219.1 position 164546
[16:59:29] Possible /pseudo 'Serine acetyltransferase' at NZ_ML137220.1 position 7068
[16:59:29] Possible /pseudo 'Arsenate reductase' at NZ_ML137220.1 position 158142
[16:59:29] Possible /pseudo 'Oligo-1,6-glucosidase' at NZ_ML137221.1 position 42515
[16:59:29] Possible /pseudo '2-dehydro-3-deoxy-D-gluconate 5-dehydrogenase' at NZ_ML137221.1 position 156635
[16:59:29] Possible /pseudo 'IS110 family transposase ISRel25' at NZ_ML137222.1 position 14899
[16:59:29] Possible /pseudo 'sn-glycerol-3-phosphate import ATP-binding protein UgpC' at NZ_ML137222.1 position 97735
[16:59:29] Found 1356 unique /gene codes.
[16:59:29] Fixed 6 duplicate /gene - rspR_1 rspR_2 rspR_3 rspR_4 rspR_5 rspR_6
[16:59:29] Fixed 2 duplicate /gene - fabI_1 fabI_2
[16:59:29] Fixed 2 duplicate /gene - yesR_1 yesR_2
[16:59:29] Fixed 3 duplicate /gene - gph_1 gph_2 gph_3
[16:59:29] Fixed 2 duplicate /gene - thiC_1 thiC_2
[16:59:29] Fixed 5 duplicate /gene - gsiA_1 gsiA_2 gsiA_3 gsiA_4 gsiA_5
[16:59:29] Fixed 5 duplicate /gene - malK_1 malK_2 malK_3 malK_4 malK_5
[16:59:29] Fixed 2 duplicate /gene - alsT_1 alsT_2
[16:59:29] Fixed 3 duplicate /gene - decR_1 decR_2 decR_3
[16:59:29] Fixed 6 duplicate /gene - sasA_1 sasA_2 sasA_3 sasA_4 sasA_5 sasA_6
[16:59:29] Fixed 2 duplicate /gene - livF_1 livF_2
[16:59:29] Fixed 3 duplicate /gene - dppB_1 dppB_2 dppB_3
[16:59:29] Fixed 2 duplicate /gene - flhA_1 flhA_2
[16:59:29] Fixed 2 duplicate /gene - thiE_1 thiE_2
[16:59:29] Fixed 3 duplicate /gene - oppD_1 oppD_2 oppD_3
[16:59:29] Fixed 3 duplicate /gene - yecS_1 yecS_2 yecS_3
[16:59:29] Fixed 2 duplicate /gene - truB_1 truB_2
[16:59:29] Fixed 2 duplicate /gene - hemA_1 hemA_2
[16:59:29] Fixed 5 duplicate /gene - rbsC_1 rbsC_2 rbsC_3 rbsC_4 rbsC_5
[16:59:29] Fixed 2 duplicate /gene - nasD_1 nasD_2
[16:59:29] Fixed 2 duplicate /gene - rhtB_1 rhtB_2
[16:59:29] Fixed 2 duplicate /gene - prfB_1 prfB_2
[16:59:29] Fixed 2 duplicate /gene - cph1_1 cph1_2
[16:59:29] Fixed 2 duplicate /gene - yieH_1 yieH_2
[16:59:29] Fixed 2 duplicate /gene - gltX_1 gltX_2
[16:59:29] Fixed 2 duplicate /gene - mtlK_1 mtlK_2
[16:59:29] Fixed 2 duplicate /gene - dasC_1 dasC_2
[16:59:29] Fixed 2 duplicate /gene - pglC_1 pglC_2
[16:59:29] Fixed 2 duplicate /gene - dmlR_1 dmlR_2
[16:59:29] Fixed 2 duplicate /gene - dppC_1 dppC_2
[16:59:29] Fixed 2 duplicate /gene - mdh_1 mdh_2
[16:59:29] Fixed 3 duplicate /gene - iolG_1 iolG_2 iolG_3
[16:59:29] Fixed 2 duplicate /gene - proA_1 proA_2
[16:59:29] Fixed 2 duplicate /gene - glgX_1 glgX_2
[16:59:29] Fixed 2 duplicate /gene - ubiL_1 ubiL_2
[16:59:29] Fixed 2 duplicate /gene - mtgA_1 mtgA_2
[16:59:29] Fixed 2 duplicate /gene - ppsC_1 ppsC_2
[16:59:29] Fixed 2 duplicate /gene - argO_1 argO_2
[16:59:29] Fixed 2 duplicate /gene - RBKS_1 RBKS_2
[16:59:29] Fixed 5 duplicate /gene - lutR_1 lutR_2 lutR_3 lutR_4 lutR_5
[16:59:29] Fixed 2 duplicate /gene - ilvE_1 ilvE_2
[16:59:29] Fixed 2 duplicate /gene - yiaM_1 yiaM_2
[16:59:29] Fixed 2 duplicate /gene - ptsN_1 ptsN_2
[16:59:29] Fixed 2 duplicate /gene - cysQ_1 cysQ_2
[16:59:29] Fixed 2 duplicate /gene - menH_1 menH_2
[16:59:29] Fixed 3 duplicate /gene - dapE_1 dapE_2 dapE_3
[16:59:29] Fixed 2 duplicate /gene - gloA_1 gloA_2
[16:59:29] Fixed 2 duplicate /gene - mcbR_1 mcbR_2
[16:59:29] Fixed 5 duplicate /gene - mshA_1 mshA_2 mshA_3 mshA_4 mshA_5
[16:59:29] Fixed 2 duplicate /gene - adk_1 adk_2
[16:59:29] Fixed 2 duplicate /gene - araC_1 araC_2
[16:59:29] Fixed 2 duplicate /gene - katA_1 katA_2
[16:59:29] Fixed 2 duplicate /gene - ycjO_1 ycjO_2
[16:59:29] Fixed 2 duplicate /gene - rpoH_1 rpoH_2
[16:59:29] Fixed 2 duplicate /gene - pdxA2_1 pdxA2_2
[16:59:29] Fixed 2 duplicate /gene - perR_1 perR_2
[16:59:29] Fixed 2 duplicate /gene - cysG_1 cysG_2
[16:59:29] Fixed 3 duplicate /gene - ddpC_1 ddpC_2 ddpC_3
[16:59:29] Fixed 4 duplicate /gene - malL_1 malL_2 malL_3 malL_4
[16:59:29] Fixed 2 duplicate /gene - carA_1 carA_2
[16:59:29] Fixed 2 duplicate /gene - suhB_1 suhB_2
[16:59:29] Fixed 2 duplicate /gene - ileS_1 ileS_2
[16:59:29] Fixed 2 duplicate /gene - ydbD_1 ydbD_2
[16:59:29] Fixed 2 duplicate /gene - rsmB_1 rsmB_2
[16:59:29] Fixed 2 duplicate /gene - ecfG_1 ecfG_2
[16:59:29] Fixed 2 duplicate /gene - mdoG_1 mdoG_2
[16:59:29] Fixed 2 duplicate /gene - resA_1 resA_2
[16:59:29] Fixed 2 duplicate /gene - yfcG_1 yfcG_2
[16:59:29] Fixed 2 duplicate /gene - smc_1 smc_2
[16:59:29] Fixed 2 duplicate /gene - pgl_1 pgl_2
[16:59:29] Fixed 3 duplicate /gene - lptB_1 lptB_2 lptB_3
[16:59:29] Fixed 2 duplicate /gene - glmM_1 glmM_2
[16:59:29] Fixed 8 duplicate /gene - dctM_1 dctM_2 dctM_3 dctM_4 dctM_5 dctM_6 dctM_7 dctM_8
[16:59:29] Fixed 2 duplicate /gene - rnd_1 rnd_2
[16:59:29] Fixed 2 duplicate /gene - hipO_1 hipO_2
[16:59:29] Fixed 3 duplicate /gene - hdfR_1 hdfR_2 hdfR_3
[16:59:29] Fixed 2 duplicate /gene - galE_1 galE_2
[16:59:29] Fixed 2 duplicate /gene - cysA_1 cysA_2
[16:59:29] Fixed 7 duplicate /gene - rcsC_1 rcsC_2 rcsC_3 rcsC_4 rcsC_5 rcsC_6 rcsC_7
[16:59:29] Fixed 3 duplicate /gene - kduD_1 kduD_2 kduD_3
[16:59:29] Fixed 2 duplicate /gene - ugpA_1 ugpA_2
[16:59:29] Fixed 2 duplicate /gene - dxs_1 dxs_2
[16:59:29] Fixed 2 duplicate /gene - pyrC_1 pyrC_2
[16:59:29] Fixed 2 duplicate /gene - purC_1 purC_2
[16:59:29] Fixed 2 duplicate /gene - dat_1 dat_2
[16:59:29] Fixed 2 duplicate /gene - gppA_1 gppA_2
[16:59:29] Fixed 2 duplicate /gene - regA_1 regA_2
[16:59:29] Fixed 2 duplicate /gene - livH_1 livH_2
[16:59:29] Fixed 3 duplicate /gene - spuC_1 spuC_2 spuC_3
[16:59:29] Fixed 2 duplicate /gene - dctP_1 dctP_2
[16:59:29] Fixed 3 duplicate /gene - glnQ_1 glnQ_2 glnQ_3
[16:59:29] Fixed 2 duplicate /gene - tufA_1 tufA_2
[16:59:29] Fixed 2 duplicate /gene - mshD_1 mshD_2
[16:59:29] Fixed 8 duplicate /gene - fabG_1 fabG_2 fabG_3 fabG_4 fabG_5 fabG_6 fabG_7 fabG_8
[16:59:29] Fixed 2 duplicate /gene - aroK_1 aroK_2
[16:59:29] Fixed 2 duplicate /gene - pycA_1 pycA_2
[16:59:29] Fixed 3 duplicate /gene - gci_1 gci_2 gci_3
[16:59:29] Fixed 2 duplicate /gene - hcaB_1 hcaB_2
[16:59:29] Fixed 2 duplicate /gene - regB_1 regB_2
[16:59:29] Fixed 2 duplicate /gene - ddpA_1 ddpA_2
[16:59:29] Fixed 2 duplicate /gene - garD_1 garD_2
[16:59:29] Fixed 3 duplicate /gene - mntB_1 mntB_2 mntB_3
[16:59:29] Fixed 3 duplicate /gene - ugpB_1 ugpB_2 ugpB_3
[16:59:29] Fixed 3 duplicate /gene - cntI_1 cntI_2 cntI_3
[16:59:29] Fixed 3 duplicate /gene - ydaD_1 ydaD_2 ydaD_3
[16:59:29] Fixed 2 duplicate /gene - lon_1 lon_2
[16:59:29] Fixed 4 duplicate /gene - oppF_1 oppF_2 oppF_3 oppF_4
[16:59:29] Fixed 2 duplicate /gene - ntaB_1 ntaB_2
[16:59:29] Fixed 4 duplicate /gene - dapA_1 dapA_2 dapA_3 dapA_4
[16:59:29] Fixed 2 duplicate /gene - prmC_1 prmC_2
[16:59:29] Fixed 2 duplicate /gene - bioY_1 bioY_2
[16:59:29] Fixed 2 duplicate /gene - catD_1 catD_2
[16:59:29] Fixed 2 duplicate /gene - prsD_1 prsD_2
[16:59:29] Fixed 3 duplicate /gene - btuD_1 btuD_2 btuD_3
[16:59:29] Fixed 2 duplicate /gene - mobA_1 mobA_2
[16:59:29] Fixed 2 duplicate /gene - pqqCD_1 pqqCD_2
[16:59:29] Fixed 2 duplicate /gene - kpsT_1 kpsT_2
[16:59:29] Fixed 2 duplicate /gene - gyrB_1 gyrB_2
[16:59:29] Fixed 3 duplicate /gene - folE2_1 folE2_2 folE2_3
[16:59:29] Fixed 2 duplicate /gene - mnmC_1 mnmC_2
[16:59:29] Fixed 2 duplicate /gene - rhaR_1 rhaR_2
[16:59:29] Fixed 2 duplicate /gene - tolQ_1 tolQ_2
[16:59:29] Fixed 2 duplicate /gene - hmuU_1 hmuU_2
[16:59:29] Fixed 2 duplicate /gene - ribN_1 ribN_2
[16:59:29] Fixed 2 duplicate /gene - noc_1 noc_2
[16:59:29] Fixed 3 duplicate /gene - ugpC_1 ugpC_2 ugpC_3
[16:59:29] Fixed 6 duplicate /gene - lacF_1 lacF_2 lacF_3 lacF_4 lacF_5 lacF_6
[16:59:29] Fixed 2 duplicate /gene - flgG_1 flgG_2
[16:59:29] Fixed 2 duplicate /gene - lldR_1 lldR_2
[16:59:29] Fixed 2 duplicate /gene - xerC_1 xerC_2
[16:59:29] Fixed 2 duplicate /gene - carB_1 carB_2
[16:59:29] Fixed 2 duplicate /gene - prsE_1 prsE_2
[16:59:29] Fixed 2 duplicate /gene - fhuA_1 fhuA_2
[16:59:29] Fixed 3 duplicate /gene - gloB_1 gloB_2 gloB_3
[16:59:29] Fixed 2 duplicate /gene - atpG_1 atpG_2
[16:59:29] Fixed 2 duplicate /gene - puuB_1 puuB_2
[16:59:29] Fixed 2 duplicate /gene - pld1_1 pld1_2
[16:59:29] Fixed 2 duplicate /gene - bamA_1 bamA_2
[16:59:29] Fixed 3 duplicate /gene - cysE_1 cysE_2 cysE_3
[16:59:29] Fixed 2 duplicate /gene - sldA_1 sldA_2
[16:59:29] Fixed 2 duplicate /gene - minD_1 minD_2
[16:59:29] Fixed 2 duplicate /gene - ada_1 ada_2
[16:59:29] Fixed 4 duplicate /gene - lrp_1 lrp_2 lrp_3 lrp_4
[16:59:29] Fixed 2 duplicate /gene - minC_1 minC_2
[16:59:29] Fixed 2 duplicate /gene - xthA_1 xthA_2
[16:59:29] Fixed 2 duplicate /gene - yejF_1 yejF_2
[16:59:29] Fixed 4 duplicate /gene - gsiD_1 gsiD_2 gsiD_3 gsiD_4
[16:59:29] Fixed 2 duplicate /gene - glgB_1 glgB_2
[16:59:29] Fixed 6 duplicate /gene - gsiC_1 gsiC_2 gsiC_3 gsiC_4 gsiC_5 gsiC_6
[16:59:29] Fixed 4 duplicate /gene - cpdA_1 cpdA_2 cpdA_3 cpdA_4
[16:59:29] Fixed 2 duplicate /gene - nuoM_1 nuoM_2
[16:59:29] Fixed 2 duplicate /gene - yfkN_1 yfkN_2
[16:59:29] Fixed 2 duplicate /gene - ibpA_1 ibpA_2
[16:59:29] Fixed 2 duplicate /gene - yesO_1 yesO_2
[16:59:29] Fixed 4 duplicate /gene - cspA_1 cspA_2 cspA_3 cspA_4
[16:59:29] Fixed 3 duplicate /gene - ftsH_1 ftsH_2 ftsH_3
[16:59:29] Fixed 2 duplicate /gene - prs_1 prs_2
[16:59:29] Fixed 2 duplicate /gene - argE_1 argE_2
[16:59:29] Fixed 2 duplicate /gene - dnaK_1 dnaK_2
[16:59:29] Fixed 5 duplicate /gene - araQ_1 araQ_2 araQ_3 araQ_4 araQ_5
[16:59:29] Fixed 2 duplicate /gene - hbpA_1 hbpA_2
[16:59:29] Fixed 5 duplicate /gene - rbsA_1 rbsA_2 rbsA_3 rbsA_4 rbsA_5
[16:59:29] Fixed 2 duplicate /gene - siaM_1 siaM_2
[16:59:29] Fixed 2 duplicate /gene - namA_1 namA_2
[16:59:29] Fixed 2 duplicate /gene - gltB_1 gltB_2
[16:59:29] Fixed 2 duplicate /gene - glnB_1 glnB_2
[16:59:29] Fixed 2 duplicate /gene - acrB_1 acrB_2
[16:59:29] Fixed 2 duplicate /gene - sugC_1 sugC_2
[16:59:29] Fixed 2 duplicate /gene - bcr_1 bcr_2
[16:59:29] Fixed 3 duplicate /gene - gcd_1 gcd_2 gcd_3
[16:59:29] Fixed 4 duplicate /gene - pgrR_1 pgrR_2 pgrR_3 pgrR_4
[16:59:29] Fixed 4 duplicate /gene - hisC_1 hisC_2 hisC_3 hisC_4
[16:59:29] Fixed 3 duplicate /gene - ghrA_1 ghrA_2 ghrA_3
[16:59:29] Fixed 2 duplicate /gene - yhjE_1 yhjE_2
[16:59:29] Fixed 3 duplicate /gene - dppA_1 dppA_2 dppA_3
[16:59:29] Fixed 3 duplicate /gene - iolS_1 iolS_2 iolS_3
[16:59:29] Fixed 2 duplicate /gene - fabF_1 fabF_2
[16:59:29] Fixed 3 duplicate /gene - arsC_1 arsC_2 arsC_3
[16:59:29] Fixed 2 duplicate /gene - yciF_1 yciF_2
[16:59:29] Fixed 2 duplicate /gene - gsiB_1 gsiB_2
[16:59:29] Fixed 2 duplicate /gene - ydcV_1 ydcV_2
[16:59:29] Fixed 2 duplicate /gene - pepA_1 pepA_2
[16:59:29] Fixed 4 duplicate /gene - pal_1 pal_2 pal_3 pal_4
[16:59:29] Fixed 2 duplicate /gene - rhlE_1 rhlE_2
[16:59:29] Fixed 2 duplicate /gene - bepA_1 bepA_2
[16:59:29] Fixed 2 duplicate /gene - dgoK1_1 dgoK1_2
[16:59:29] Fixed 2 duplicate /gene - pcm_1 pcm_2
[16:59:29] Fixed 187 colliding /gene names.
[16:59:29] Adding /locus_tag identifiers
[16:59:29] Assigned 2995 locus_tags to CDS and RNA features.
[16:59:29] Writing outputs to gbk/W402/
[16:59:32] Generating annotation statistics file
[16:59:32] Generating Genbank and Sequin files
[16:59:32] Running: tbl2asn -V b -a r10k -l paired-ends -M n -N 1 -y 'Annotated using prokka 1.14.6 from https://github.com/tseemann/prokka' -Z gbk\/W402\/GCF_004015795\.1\.prokka\.err -i gbk\/W402\/GCF_004015795\.1\.prokka\.fsa 2> /dev/null
[16:59:36] Deleting unwanted file: gbk/W402/errorsummary.val
[16:59:36] Deleting unwanted file: gbk/W402/GCF_004015795.1.prokka.dr
[16:59:36] Deleting unwanted file: gbk/W402/GCF_004015795.1.prokka.fixedproducts
[16:59:36] Deleting unwanted file: gbk/W402/GCF_004015795.1.prokka.ecn
[16:59:36] Deleting unwanted file: gbk/W402/GCF_004015795.1.prokka.val
[16:59:36] Repairing broken .GBK output that tbl2asn produces...
[16:59:36] Running: sed 's/COORDINATES: profile/COORDINATES:profile/' < gbk\/W402\/GCF_004015795\.1\.prokka\.gbf > gbk\/W402\/GCF_004015795\.1\.prokka\.gbk
[16:59:36] Deleting unwanted file: gbk/W402/GCF_004015795.1.prokka.gbf
[16:59:36] Output files:
[16:59:36] gbk/W402/GCF_004015795.1.prokka.gff
[16:59:36] gbk/W402/GCF_004015795.1.prokka.tbl
[16:59:36] gbk/W402/GCF_004015795.1.prokka.ffn
[16:59:36] gbk/W402/GCF_004015795.1.prokka.gbk
[16:59:36] gbk/W402/GCF_004015795.1.prokka.tsv
[16:59:36] gbk/W402/GCF_004015795.1.prokka.log
[16:59:36] gbk/W402/GCF_004015795.1.prokka.err
[16:59:36] gbk/W402/GCF_004015795.1.prokka.txt
[16:59:36] gbk/W402/GCF_004015795.1.prokka.faa
[16:59:36] gbk/W402/GCF_004015795.1.prokka.fsa
[16:59:36] gbk/W402/GCF_004015795.1.prokka.sqn
[16:59:36] gbk/W402/GCF_004015795.1.prokka.fna
[16:59:36] Annotation finished successfully.
[16:59:36] Walltime used: 0.72 minutes
[16:59:36] If you use this result please cite the Prokka paper:
[16:59:36] Seemann T (2014) Prokka: rapid prokaryotic genome annotation. Bioinformatics. 30(14):2068-9.
[16:59:36] Type 'prokka --citation' for more details.
[16:59:36] Share and enjoy!
