[16:50:45] This is prokka 1.14.6
[16:50:45] Written by Torsten Seemann <torsten.seemann@gmail.com>
[16:50:45] Homepage is https://github.com/tseemann/prokka
[16:50:45] Local time is Mon Dec  5 16:50:45 2022
[16:50:45] You are shaday
[16:50:45] Operating system is linux
[16:50:45] You have BioPerl 1.7.8
[16:50:45] System has 32 cores.
[16:50:45] Will use maximum of 20 cores.
[16:50:45] Annotating as >>> Bacteria <<<
[16:50:45] Generating locus_tag from 'Rhodobacteraceae/GCF_009908165.1_ASM990816v1_genomic.fna' contents.
[16:50:45] Setting --locustag NGLDBBKK from MD5 705dbb44ec0bc65f11ad11ea9089513e
[16:50:45] Creating new output folder: gbk/SP32
[16:50:45] Running: mkdir -p gbk\/SP32
[16:50:45] Using filename prefix: GCF_009908165.1.prokka.XXX
[16:50:45] Setting HMMER_NCPU=1
[16:50:45] Writing log to: gbk/SP32/GCF_009908165.1.prokka.log
[16:50:45] Command: /opt/anaconda3/envs/Prokka_Global/bin/prokka --prefix GCF_009908165.1.prokka --outdir gbk/SP32 --kingdom Bacteria --genus Frigidibacter --species albus --strain SP32 --usegenus --addgenes Rhodobacteraceae/GCF_009908165.1_ASM990816v1_genomic.fna --cpus 20
[16:50:45] Appending to PATH: /opt/anaconda3/envs/Prokka_Global/bin
[16:50:45] Looking for 'aragorn' - found /opt/anaconda3/envs/Prokka_Global/bin/aragorn
[16:50:45] Determined aragorn version is 001002 from 'ARAGORN v1.2.41 Dean Laslett'
[16:50:45] Looking for 'barrnap' - found /opt/anaconda3/envs/Prokka_Global/bin/barrnap
[16:50:45] Determined barrnap version is 000009 from 'barrnap 0.9'
[16:50:45] Looking for 'blastp' - found /opt/anaconda3/envs/Prokka_Global/bin/blastp
[16:50:45] Determined blastp version is 002012 from 'blastp: 2.12.0+'
[16:50:45] Looking for 'cmpress' - found /opt/anaconda3/envs/Prokka_Global/bin/cmpress
[16:50:45] Determined cmpress version is 001001 from '# INFERNAL 1.1.4 (Dec 2020)'
[16:50:45] Looking for 'cmscan' - found /opt/anaconda3/envs/Prokka_Global/bin/cmscan
[16:50:45] Determined cmscan version is 001001 from '# INFERNAL 1.1.4 (Dec 2020)'
[16:50:45] Looking for 'egrep' - found /usr/bin/egrep
[16:50:45] Looking for 'find' - found /usr/bin/find
[16:50:45] Looking for 'grep' - found /usr/bin/grep
[16:50:45] Looking for 'hmmpress' - found /opt/anaconda3/envs/Prokka_Global/bin/hmmpress
[16:50:45] Determined hmmpress version is 003003 from '# HMMER 3.3.2 (Nov 2020); http://hmmer.org/'
[16:50:45] Looking for 'hmmscan' - found /opt/anaconda3/envs/Prokka_Global/bin/hmmscan
[16:50:45] Determined hmmscan version is 003003 from '# HMMER 3.3.2 (Nov 2020); http://hmmer.org/'
[16:50:45] Looking for 'java' - found /opt/anaconda3/envs/Prokka_Global/bin/java
[16:50:45] Looking for 'makeblastdb' - found /opt/anaconda3/envs/Prokka_Global/bin/makeblastdb
[16:50:45] Determined makeblastdb version is 002012 from 'makeblastdb: 2.12.0+'
[16:50:45] Looking for 'minced' - found /opt/anaconda3/envs/Prokka_Global/bin/minced
[16:50:46] Determined minced version is 004002 from 'minced 0.4.2'
[16:50:46] Looking for 'parallel' - found /opt/anaconda3/envs/Prokka_Global/bin/parallel
[16:50:46] Determined parallel version is 20220222 from 'GNU parallel 20220222'
[16:50:46] Looking for 'prodigal' - found /opt/anaconda3/envs/Prokka_Global/bin/prodigal
[16:50:46] Determined prodigal version is 002006 from 'Prodigal V2.6.3: February, 2016'
[16:50:46] Looking for 'prokka-genbank_to_fasta_db' - found /opt/anaconda3/envs/Prokka_Global/bin/prokka-genbank_to_fasta_db
[16:50:46] Looking for 'sed' - found /usr/bin/sed
[16:50:46] Looking for 'tbl2asn' - found /opt/anaconda3/envs/Prokka_Global/bin/tbl2asn
[16:50:46] Determined tbl2asn version is 025007 from 'tbl2asn 25.7   arguments:'
[16:50:46] Using genetic code table 11.
[16:50:46] Loading and checking input file: Rhodobacteraceae/GCF_009908165.1_ASM990816v1_genomic.fna
[16:50:46] Wrote 40 contigs totalling 4194345 bp.
[16:50:46] Predicting tRNAs and tmRNAs
[16:50:46] Running: aragorn -l -gc11  -w gbk\/SP32\/GCF_009908165\.1\.prokka\.fna
[16:50:48] 1 tRNA-Met c[38664,38740] 35 (cat)
[16:50:48] 1 tRNA-Ser c[1666,1753] 35 (gct)
[16:50:48] 2 tRNA-Ala [25616,25691] 34 (ggc)
[16:50:48] 1 tRNA-Ser [66488,66577] 35 (cga)
[16:50:48] 1 tRNA-Val [26992,27066] 33 (gac)
[16:50:48] 1 tRNA-Val [24200,24274] 33 (cac)
[16:50:48] 2 tRNA-Asp [41456,41532] 35 (gtc)
[16:50:48] 1 tRNA-Thr c[16849,16923] 33 (ggt)
[16:50:48] 2 tRNA-Phe [28003,28078] 34 (gaa)
[16:50:48] 1 tRNA-His [2974,3050] 35 (gtg)
[16:50:48] 1 tRNA-Trp c[12477,12552] 34 (cca)
[16:50:48] 1 tRNA-Met c[6927,7003] 35 (cat)
[16:50:48] 1 tRNA-Glu c[30625,30699] 34 (ttc)
[16:50:48] 2 tRNA-Leu [109446,109530] 35 (tag)
[16:50:48] 3 tRNA-Thr [156032,156107] 34 (tgt)
[16:50:48] 4 tRNA-Val [226950,227025] 34 (tac)
[16:50:48] 5 tRNA-Leu [382720,382804] 35 (caa)
[16:50:48] 6 tmRNA* [476079,476415] 205,246 ANNNRAPAMALAA*
[16:50:48] 7 tRNA-Asp c[513249,513325] 35 (gtc)
[16:50:48] 1 tRNA-Met c[1,77] 35 (cat)
[16:50:48] 2 tRNA-Ala c[3482,3557] 34 (tgc)
[16:50:48] 3 tRNA-Ile c[3642,3718] 35 (gat)
[16:50:48] 1 tRNA-Arg [77642,77718] 35 (acg)
[16:50:48] 2 tRNA-Gln c[222698,222772] 33 (ttg)
[16:50:48] 3 tRNA-Leu [283423,283506] 34 (taa)
[16:50:48] 4 tRNA-Phe c[309928,310006] 31 (gaa)
[16:50:48] 5 tRNA-Ala [394349,394424] 34 (cgc)
[16:50:48] 6 tRNA-Arg [396730,396806] 35 (tct)
[16:50:48] 1 tRNA-Ser c[50135,50224] 35 (gga)
[16:50:48] 2 tRNA-Met c[93261,93336] 34 (cat)
[16:50:48] 3 tRNA-His c[125841,125931] 33 (atg)
[16:50:48] 1 tRNA-Gly c[4527,4600] 33 (tcc)
[16:50:48] 2 tRNA-Cys [53897,53970] 33 (gca)
[16:50:48] 3 tRNA-Val [137517,137615] 39 (gac)
[16:50:48] 1 tRNA-Arg c[2211,2286] 34 (cct)
[16:50:48] 2 tRNA-Thr [20931,21006] 34 (cgt)
[16:50:48] 3 tRNA-Leu c[145952,146036] 35 (cag)
[16:50:48] 4 tRNA-Lys [188703,188779] 35 (ttt)
[16:50:48] 5 tRNA-Pro [223510,223586] 35 (cgg)
[16:50:48] 1 tRNA-Pro c[58454,58530] 35 (tgg)
[16:50:48] 2 tRNA-Pro [125462,125539] 36 (ggg)
[16:50:48] 3 tRNA-Gly [131340,131413] 33 (ccc)
[16:50:48] 4 tRNA-Gly [206849,206923] 33 (gcc)
[16:50:48] 5 tRNA-Gly [207846,207920] 33 (gcc)
[16:50:48] 6 tRNA-Tyr c[213862,213945] 33 (gta)
[16:50:48] 1 tRNA-Arg c[13766,13842] 35 (ccg)
[16:50:48] 2 tRNA-Ser c[34041,34130] 35 (tga)
[16:50:48] 3 tRNA-Leu c[46279,46365] 35 (gag)
[16:50:48] 4 tRNA-Asn [212315,212389] 33 (gtt)
[16:50:48] Found 49 tRNAs
[16:50:48] Predicting Ribosomal RNAs
[16:50:48] Running Barrnap with 20 threads
[16:50:48] 1 NZ_JAAAUC010000031.1 159 5S ribosomal RNA
[16:50:48] 2 NZ_JAAAUC010000031.1 382 23S ribosomal RNA
[16:50:48] 3 NZ_JAAAUC010000031.1 3955 16S ribosomal RNA
[16:50:48] Found 3 rRNAs
[16:50:48] Skipping ncRNA search, enable with --rfam if desired.
[16:50:48] Total of 51 tRNA + rRNA features
[16:50:48] Searching for CRISPR repeats
[16:50:49] Found 0 CRISPRs
[16:50:49] Predicting coding sequences
[16:50:49] Contigs total 4194345 bp, so using single mode
[16:50:49] Running: prodigal -i gbk\/SP32\/GCF_009908165\.1\.prokka\.fna -c -m -g 11 -p single -f sco -q
[16:50:52] Excluding CDS which overlaps existing RNA (tRNA) at NZ_JAAAUC010000029.1:5276..6970 on + strand
[16:50:53] Excluding CDS which overlaps existing RNA (tRNA) at NZ_JAAAUC010000003.1:309353..310183 on + strand
[16:50:53] Excluding CDS which overlaps existing RNA (tRNA) at NZ_JAAAUC010000003.1:396785..397153 on - strand
[16:50:53] Excluding CDS which overlaps existing RNA (tRNA) at NZ_JAAAUC010000004.1:125743..127533 on - strand
[16:50:53] Excluding CDS which overlaps existing RNA (tRNA) at NZ_JAAAUC010000005.1:53915..54004 on - strand
[16:50:53] Excluding CDS which overlaps existing RNA (tRNA) at NZ_JAAAUC010000005.1:135872..138184 on + strand
[16:50:53] Found 3922 CDS
[16:50:53] Connecting features back to sequences
[16:50:53] Skipping genus-specific proteins as can't see /opt/anaconda3/envs/Prokka_Global/db/Frigidibacter
[16:50:53] Annotating CDS, please be patient.
[16:50:53] Will use 20 CPUs for similarity searching.
[16:50:54] There are still 3922 unannotated CDS left (started with 3922)
[16:50:54] Will use blast to search against /opt/anaconda3/envs/Prokka_Global/db/kingdom/Bacteria/IS with 20 CPUs
[16:50:54] Running: cat gbk\/SP32\/GCF_009908165\.1\.prokka\.IS\.tmp\.708602\.faa | parallel --gnu --plain -j 20 --block 32004 --recstart '>' --pipe blastp -query - -db /opt/anaconda3/envs/Prokka_Global/db/kingdom/Bacteria/IS -evalue 1e-30 -qcov_hsp_perc 90 -num_threads 1 -num_descriptions 1 -num_alignments 1 -seg no > gbk\/SP32\/GCF_009908165\.1\.prokka\.IS\.tmp\.708602\.blast 2> /dev/null
[16:50:58] Deleting unwanted file: gbk/SP32/GCF_009908165.1.prokka.IS.tmp.708602.faa
[16:50:58] Deleting unwanted file: gbk/SP32/GCF_009908165.1.prokka.IS.tmp.708602.blast
[16:50:59] There are still 3901 unannotated CDS left (started with 3922)
[16:50:59] Will use blast to search against /opt/anaconda3/envs/Prokka_Global/db/kingdom/Bacteria/AMR with 20 CPUs
[16:50:59] Running: cat gbk\/SP32\/GCF_009908165\.1\.prokka\.AMR\.tmp\.708602\.faa | parallel --gnu --plain -j 20 --block 31903 --recstart '>' --pipe blastp -query - -db /opt/anaconda3/envs/Prokka_Global/db/kingdom/Bacteria/AMR -evalue 1e-300 -qcov_hsp_perc 90 -num_threads 1 -num_descriptions 1 -num_alignments 1 -seg no > gbk\/SP32\/GCF_009908165\.1\.prokka\.AMR\.tmp\.708602\.blast 2> /dev/null
[16:51:02] Deleting unwanted file: gbk/SP32/GCF_009908165.1.prokka.AMR.tmp.708602.faa
[16:51:02] Deleting unwanted file: gbk/SP32/GCF_009908165.1.prokka.AMR.tmp.708602.blast
[16:51:03] There are still 3901 unannotated CDS left (started with 3922)
[16:51:03] Will use blast to search against /opt/anaconda3/envs/Prokka_Global/db/kingdom/Bacteria/sprot with 20 CPUs
[16:51:03] Running: cat gbk\/SP32\/GCF_009908165\.1\.prokka\.sprot\.tmp\.708602\.faa | parallel --gnu --plain -j 20 --block 31903 --recstart '>' --pipe blastp -query - -db /opt/anaconda3/envs/Prokka_Global/db/kingdom/Bacteria/sprot -evalue 1e-09 -qcov_hsp_perc 80 -num_threads 1 -num_descriptions 1 -num_alignments 1 -seg no > gbk\/SP32\/GCF_009908165\.1\.prokka\.sprot\.tmp\.708602\.blast 2> /dev/null
[16:51:18] Modify product: Glycine betaine/proline/choline transporter VP1723 => Glycine betaine/proline/choline transporter
[16:51:18] Modify product: Peroxiredoxin sll1621 => Peroxiredoxin
[16:51:18] Modify product: Probable 3-hydroxybutyryl-CoA dehydrogenase => putative 3-hydroxybutyryl-CoA dehydrogenase
[16:51:18] Modify product: Probable N-methylproline demethylase => putative N-methylproline demethylase
[16:51:18] Modify product: Uncharacterized FAD-linked oxidoreductase Rv2280 => putative FAD-linked oxidoreductase
[16:51:18] Modify product: Probable copper-transporting ATPase PacS => putative copper-transporting ATPase PacS
[16:51:18] Modify product: Cytochrome c oxidase subunit 1 homolog, bacteroid => Cytochrome c oxidase subunit 1 , bacteroid
[16:51:18] Modify product: Uncharacterized ABC transporter ATP-binding protein YejF => putative ABC transporter ATP-binding protein YejF
[16:51:18] Modify product: Phosphorylated carbohydrates phosphatase TM_1254 => Phosphorylated carbohydrates phosphatase
[16:51:18] Modify product: UPF0053 protein Rv1842c => hypothetical protein
[16:51:18] Modify product: Uncharacterized protein Rv1841c => putative protein
[16:51:18] Modify product: Glycogen operon protein GlgX homolog => Glycogen operon protein GlgX 
[16:51:18] Modify product: Putative multidrug export ATP-binding/permease protein SAV1866 => Putative multidrug export ATP-binding/permease protein
[16:51:18] Modify product: Probable siderophore transport system permease protein YfhA => putative siderophore transport system permease protein YfhA
[16:51:18] Modify product: Probable siderophore transport system permease protein YfiZ => putative siderophore transport system permease protein YfiZ
[16:51:18] Modify product: Probable siderophore transport system permease protein YfiZ => putative siderophore transport system permease protein YfiZ
[16:51:18] Modify product: Probable siderophore transport system permease protein YfhA => putative siderophore transport system permease protein YfhA
[16:51:18] Modify product: Probable siderophore transport system ATP-binding protein YusV => putative siderophore transport system ATP-binding protein YusV
[16:51:18] Modify product: Putative thiamine biosynthesis protein HI_0357 => Putative thiamine biosynthesis protein
[16:51:18] Modify product: Solute-binding protein Dde_0634 => Solute-binding protein
[16:51:18] Modify product: Uncharacterized protein HI_1048 => putative protein
[16:51:18] Modify product: Uncharacterized FAD-linked oxidoreductase Rv2280 => putative FAD-linked oxidoreductase
[16:51:18] Modify product: Sulfurtransferase Alvin_2599 => Sulfurtransferase
[16:51:18] Modify product: Uncharacterized oxidoreductase Rv2073c => putative oxidoreductase
[16:51:18] Modify product: Probable D,D-dipeptide transport system permease protein DdpC => putative D,D-dipeptide transport system permease protein DdpC
[16:51:18] Modify product: Uncharacterized ABC transporter ATP-binding protein Rv0986 => putative ABC transporter ATP-binding protein
[16:51:18] Modify product: Solute-binding protein Dde_0634 => Solute-binding protein
[16:51:18] Modify product: UPF0065 protein in clcB-clcD intergenic region => hypothetical protein
[16:51:18] Modify product: Solute-binding protein Veis_3954 => Solute-binding protein
[16:51:18] Modify product: Solute-binding protein Veis_3954 => Solute-binding protein
[16:51:18] Modify product: Probable Ni/Fe-hydrogenase B-type cytochrome subunit => putative Ni/Fe-hydrogenase B-type cytochrome subunit
[16:51:18] Modify product: Probable membrane transporter protein YfcA => putative membrane transporter protein YfcA
[16:51:18] Modify product: Uncharacterized acyl-CoA thioester hydrolase HI_0827 => putative acyl-CoA thioester hydrolase
[16:51:18] Modify product: Probable CtpA-like serine protease => putative CtpA-like serine protease
[16:51:18] Modify product: Probable transcriptional regulator PhnF => putative transcriptional regulator PhnF
[16:51:18] Modify product: Putative acetyltransferase SA2342 => Putative acetyltransferase
[16:51:18] Modify product: Probable efflux pump membrane transporter TtgB => putative efflux pump membrane transporter TtgB
[16:51:18] Modify product: Probable phosphite transport system-binding protein PtxB => putative phosphite transport system-binding protein PtxB
[16:51:18] Modify product: Probable amino-acid metabolite efflux pump => putative amino-acid metabolite efflux pump
[16:51:18] Modify product: Probable amino-acid permease protein YxeN => putative amino-acid permease protein YxeN
[16:51:18] Modify product: UPF0394 membrane protein XF_0766 => hypothetical protein
[16:51:18] Modify product: UPF0394 membrane protein XF_0765 => hypothetical protein
[16:51:18] Modify product: Uncharacterized protein RP812 => putative protein RP812
[16:51:18] Modify product: Probable 3-hydroxyisobutyrate dehydrogenase => putative 3-hydroxyisobutyrate dehydrogenase
[16:51:18] Modify product: UPF0053 inner membrane protein YfjD => hypothetical protein
[16:51:18] Modify product: UPF0065 protein in clcB-clcD intergenic region => hypothetical protein
[16:51:18] Modify product: Probable endoglucanase => putative endoglucanase
[16:51:18] Modify product: Probable D-xylose utilization operon transcriptional repressor => putative D-xylose utilization operon transcriptional repressor
[16:51:18] Modify product: Solute-binding protein Rfer_1840 => Solute-binding protein
[16:51:18] Modify product: Probable ABC transporter permease protein NosY => putative ABC transporter permease protein NosY
[16:51:18] Modify product: Probable ABC transporter ATP-binding protein NosF => putative ABC transporter ATP-binding protein NosF
[16:51:18] Modify product: Probable ABC transporter binding protein NosD => putative ABC transporter binding protein NosD
[16:51:18] Modify product: Probable transcriptional regulatory protein TcrX => putative transcriptional regulatory protein TcrX
[16:51:18] Modify product: Probable tartrate dehydrogenase/decarboxylase TtuC => putative tartrate dehydrogenase/decarboxylase TtuC
[16:51:18] Modify product: UPF0065 protein in clcB-clcD intergenic region => hypothetical protein
[16:51:18] Modify product: Uncharacterized oxidoreductase Rv0769 => putative oxidoreductase
[16:51:18] Modify product: Acetyltransferase SACOL1063 => Acetyltransferase
[16:51:19] Modify product: Uncharacterized protein HI_0131 => putative protein
[16:51:19] Modify product: Probable N-octanoylanthranilate hydrolase AqdA1 => putative N-octanoylanthranilate hydrolase AqdA1
[16:51:19] Modify product: UPF0434 protein CV_3345 => hypothetical protein
[16:51:19] Modify product: Probable cytosol aminopeptidase => putative cytosol aminopeptidase
[16:51:19] Modify product: UPF0065 protein in clcB-clcD intergenic region => hypothetical protein
[16:51:19] Modify product: UPF0065 protein in clcB-clcD intergenic region => hypothetical protein
[16:51:19] Modify product: Uncharacterized oxidoreductase Rv1144 => putative oxidoreductase
[16:51:19] Modify product: Probable 3-hydroxyacyl-CoA dehydrogenase => putative 3-hydroxyacyl-CoA dehydrogenase
[16:51:19] Modify product: UPF0701 protein HI_0467 => hypothetical protein
[16:51:19] Modify product: Probable metallo-hydrolase BURPS1710b_2304 => putative metallo-hydrolase
[16:51:19] Modify product: Probable sulfate transporter Rv1739c => putative sulfate transporter
[16:51:19] Modify product: Probable chromate transport protein => putative chromate transport protein
[16:51:19] Modify product: Lactate-binding periplasmic protein TTHA0766 => Lactate-binding periplasmic protein
[16:51:19] Modify product: Uncharacterized protein HI_0131 => putative protein
[16:51:19] Modify product: Phosphate-specific transport system accessory protein PhoU homolog => Phosphate-specific transport system accessory protein PhoU 
[16:51:19] Modify product: Uncharacterized peptidase SA1530 => putative peptidase
[16:51:19] Modify product: Probable ribonucleotide transport ATP-binding protein mkl => putative ribonucleotide transport ATP-binding protein mkl
[16:51:19] Modify product: Probable enoyl-CoA hydratase echA12 => putative enoyl-CoA hydratase echA12
[16:51:19] Modify product: Probable enoyl-CoA hydratase echA12 => putative enoyl-CoA hydratase echA12
[16:51:19] Modify product: UPF0335 protein CCNA_03428 => hypothetical protein
[16:51:19] Modify product: Probable 3-hydroxyacyl-CoA dehydrogenase => putative 3-hydroxyacyl-CoA dehydrogenase
[16:51:19] Modify product: Uncharacterized oxidoreductase YjmC => putative oxidoreductase YjmC
[16:51:19] Modify product: UPF0394 inner membrane protein YeeE => hypothetical protein
[16:51:19] Modify product: UPF0394 inner membrane protein YeeE => hypothetical protein
[16:51:19] Modify product: Uncharacterized protein YcgM => putative protein YcgM
[16:51:19] Modify product: Uncharacterized FAD-linked oxidoreductase Rv2280 => putative FAD-linked oxidoreductase
[16:51:19] Modify product: Uncharacterized aminopeptidase Rv1333 => putative aminopeptidase
[16:51:19] Modify product: Probable ABC transporter permease protein HI_1471 => putative ABC transporter permease protein
[16:51:19] Modify product: Uncharacterized protein HI_0131 => putative protein
[16:51:19] Modify product: Solute-binding protein Veis_3954 => Solute-binding protein
[16:51:19] Modify product: Uncharacterized protein Rv2567 => putative protein
[16:51:19] Modify product: Uncharacterized protein Rv2569c => putative protein
[16:51:19] Modify product: Uncharacterized N-acetyltransferase YsnE => putative N-acetyltransferase YsnE
[16:51:19] Modify product: Probable amino-acid-binding protein YxeM => putative amino-acid-binding protein YxeM
[16:51:19] Modify product: Probable amino-acid permease protein YxeN => putative amino-acid permease protein YxeN
[16:51:19] Modify product: Probable amino-acid import ATP-binding protein YxeO => putative amino-acid import ATP-binding protein YxeO
[16:51:19] Modify product: Probable D,D-dipeptide transport system permease protein DdpC => putative D,D-dipeptide transport system permease protein DdpC
[16:51:19] Modify product: UPF0053 inner membrane protein YtfL => hypothetical protein
[16:51:19] Modify product: Glycogen operon protein GlgX homolog => Glycogen operon protein GlgX 
[16:51:19] Modify product: Chemotaxis protein CheY homolog => Chemotaxis protein CheY 
[16:51:19] Modify product: Chemotaxis protein CheY homolog => Chemotaxis protein CheY 
[16:51:19] Modify product: Uncharacterized oxidoreductase Rv1144 => putative oxidoreductase
[16:51:19] Modify product: Putative acyltransferase Rv0859 => Putative acyltransferase
[16:51:19] Modify product: Uncharacterized FAD-linked oxidoreductase Rv2280 => putative FAD-linked oxidoreductase
[16:51:19] Modify product: Probable peptidoglycan glycosyltransferase FtsW => putative peptidoglycan glycosyltransferase FtsW
[16:51:19] Modify product: Probable lipid II flippase MurJ => putative lipid II flippase MurJ
[16:51:19] Modify product: UPF0102 protein RPA0323 => hypothetical protein
[16:51:19] Modify product: Putative 2-hydroxyacid dehydrogenase SA2098 => Putative 2-hydroxyacid dehydrogenase
[16:51:19] Modify product: Purine-binding protein BAB2_0673 => Purine-binding protein
[16:51:19] Modify product: Probable riboflavin import permease protein RfuD => putative riboflavin import permease protein RfuD
[16:51:19] Modify product: Uncharacterized protein YesE => putative protein YesE
[16:51:19] Modify product: Probable phosphite transport system-binding protein PtxB => putative phosphite transport system-binding protein PtxB
[16:51:19] Modify product: Uncharacterized protein HI_0933 => putative protein
[16:51:19] Modify product: Probable D,D-dipeptide transport system permease protein DdpC => putative D,D-dipeptide transport system permease protein DdpC
[16:51:19] Modify product: Probable D,D-dipeptide-binding periplasmic protein DdpA => putative D,D-dipeptide-binding periplasmic protein DdpA
[16:51:19] Modify product: Uncharacterized HTH-type transcriptional regulator Rv1985c => putative HTH-type transcriptional regulator
[16:51:19] Modify product: Probable peptidoglycan D,D-transpeptidase FtsI => putative peptidoglycan D,D-transpeptidase FtsI
[16:51:19] Modify product: Uncharacterized protein YccU => putative protein YccU
[16:51:19] Modify product: Uncharacterized periplasmic iron-binding protein HI_0362 => putative periplasmic iron-binding protein
[16:51:19] Modify product: UPF0073 inner membrane protein YqfA => hypothetical protein
[16:51:19] Modify product: TelA-like protein SA1238 => TelA-like protein
[16:51:19] Modify product: UPF0173 metal-dependent hydrolase SA1529 => hypothetical protein
[16:51:19] Modify product: Uncharacterized oxidoreductase YghA => putative oxidoreductase YghA
[16:51:19] Modify product: Probable cysteine desulfurase => putative cysteine desulfurase
[16:51:19] Modify product: Uncharacterized oxidoreductase Rv1350 => putative oxidoreductase
[16:51:19] Modify product: Uncharacterized FAD-linked oxidoreductase Rv2280 => putative FAD-linked oxidoreductase
[16:51:19] Modify product: Uncharacterized zinc protease Rv2782c => putative zinc protease
[16:51:19] Modify product: Probable succinyl-CoA:3-ketoacid coenzyme A transferase subunit A => putative succinyl-CoA:3-ketoacid coenzyme A transferase subunit A
[16:51:19] Modify product: Probable succinyl-CoA:3-ketoacid coenzyme A transferase subunit B => putative succinyl-CoA:3-ketoacid coenzyme A transferase subunit B
[16:51:19] Modify product: Bifunctional protein FolD => Bifunctional protein FolD protein
[16:51:19] Modify product: Probable 2-dehydro-3-deoxygalactonokinase DgoK1 => putative 2-dehydro-3-deoxygalactonokinase DgoK1
[16:51:19] Modify product: UPF0761 membrane protein YihY => hypothetical protein
[16:51:19] Modify product: UPF0337 protein YjbJ => hypothetical protein
[16:51:19] Modify product: Probable chaperone CsaA => putative chaperone CsaA
[16:51:19] Modify product: Probable bifunctional SAT/APS kinase => putative bifunctional SAT/APS kinase
[16:51:19] Modify product: Uncharacterized protein Rv2568c => putative protein
[16:51:19] Modify product: Probable manganese-dependent inorganic pyrophosphatase => putative manganese-dependent inorganic pyrophosphatase
[16:51:19] Modify product: Putative multidrug export ATP-binding/permease protein SAV1866 => Putative multidrug export ATP-binding/permease protein
[16:51:19] Modify product: Probable parvulin-type peptidyl-prolyl cis-trans isomerase => putative parvulin-type peptidyl-prolyl cis-trans isomerase
[16:51:19] Modify product: UPF0758 protein => hypothetical protein
[16:51:19] Modify product: Probable GTP-binding protein EngB => putative GTP-binding protein EngB
[16:51:19] Modify product: Acetyltransferase PA3944 => Acetyltransferase
[16:51:19] Modify product: Probable lipoprotein YiaD => putative lipoprotein YiaD
[16:51:19] Modify product: Probable riboflavin import permease protein RfuD => putative riboflavin import permease protein RfuD
[16:51:19] Modify product: Probable D,D-dipeptide transport system permease protein DdpC => putative D,D-dipeptide transport system permease protein DdpC
[16:51:19] Modify product: Uncharacterized multiple-sugar transport system permease YteP => putative multiple-sugar transport system permease YteP
[16:51:19] Modify product: Probable 5-dehydro-4-deoxyglucarate dehydratase => putative 5-dehydro-4-deoxyglucarate dehydratase
[16:51:19] Modify product: Putative multidrug export ATP-binding/permease protein SAV1866 => Putative multidrug export ATP-binding/permease protein
[16:51:19] Modify product: Putative acyltransferase Rv0859 => Putative acyltransferase
[16:51:19] Modify product: Probable cation-transporting ATPase F => putative cation-transporting ATPase F
[16:51:19] Modify product: Uncharacterized MFS-type transporter YcaD => putative MFS-type transporter YcaD
[16:51:19] Modify product: Uncharacterized protein YbaA => putative protein YbaA
[16:51:19] Modify product: Uncharacterized protein HI_0103 => putative protein
[16:51:19] Modify product: Uncharacterized protein Rv2715 => putative protein
[16:51:19] Modify product: Uncharacterized ABC transporter ATP-binding protein YheS => putative ABC transporter ATP-binding protein YheS
[16:51:19] Modify product: UPF0056 inner membrane protein YhgN => hypothetical protein
[16:51:19] Modify product: Uncharacterized protein Rv2411c => putative protein
[16:51:19] Modify product: UPF0276 protein CCNA_03364 => hypothetical protein
[16:51:19] Modify product: Probable anti-sigma-F factor NrsF => putative anti-sigma-F factor NrsF
[16:51:19] Modify product: Putative NAD(P)H nitroreductase Rv3131 => Putative NAD(P)H nitroreductase
[16:51:19] Modify product: Uncharacterized glycosyltransferase YkoT => putative glycosyltransferase YkoT
[16:51:19] Modify product: Probable ATP-dependent transporter SufC => putative ATP-dependent transporter SufC
[16:51:19] Modify product: Uncharacterized protein Rv0887c => putative protein
[16:51:19] Modify product: Uncharacterized metal-dependent hydrolase YcfH => putative metal-dependent hydrolase YcfH
[16:51:19] Modify product: Uncharacterized protein YqeY => putative protein YqeY
[16:51:19] Modify product: Probable D,D-dipeptide transport system permease protein DdpC => putative D,D-dipeptide transport system permease protein DdpC
[16:51:19] Modify product: Uncharacterized GST-like protein YibF => putative GST-like protein YibF
[16:51:19] Modify product: Probable glycerol-3-phosphate acyltransferase => putative glycerol-3-phosphate acyltransferase
[16:51:19] Modify product: UPF0301 protein SO_3346 => hypothetical protein
[16:51:19] Modify product: Uncharacterized zinc protease Rv2782c => putative zinc protease
[16:51:19] Modify product: Uncharacterized oxidoreductase SA2266 => putative oxidoreductase
[16:51:19] Modify product: UPF0178 protein YaiI => hypothetical protein
[16:51:20] Modify product: Uncharacterized protein Rv1276c => putative protein
[16:51:20] Modify product: Protease HtpX homolog => Protease HtpX 
[16:51:20] Modify product: Uncharacterized protein YcjX => putative protein YcjX
[16:51:20] Modify product: UPF0324 inner membrane protein YeiH => hypothetical protein
[16:51:20] Modify product: Probable protein kinase UbiB => putative protein kinase UbiB
[16:51:20] Modify product: Probable enoyl-CoA hydratase echA8 => putative enoyl-CoA hydratase echA8
[16:51:20] Modify product: Putative formate dehydrogenase SA2102 => Putative formate dehydrogenase
[16:51:20] Modify product: Uncharacterized N-acetyltransferase YafP => putative N-acetyltransferase YafP
[16:51:20] Modify product: Probable ribonucleotide transport ATP-binding protein mkl => putative ribonucleotide transport ATP-binding protein mkl
[16:51:20] Cleaned 178 /product names
[16:51:20] Deleting unwanted file: gbk/SP32/GCF_009908165.1.prokka.sprot.tmp.708602.faa
[16:51:20] Deleting unwanted file: gbk/SP32/GCF_009908165.1.prokka.sprot.tmp.708602.blast
[16:51:20] There are still 1909 unannotated CDS left (started with 3922)
[16:51:20] Will use hmmer3 to search against /opt/anaconda3/envs/Prokka_Global/db/hmm/HAMAP.hmm with 20 CPUs
[16:51:20] Running: cat gbk\/SP32\/GCF_009908165\.1\.prokka\.HAMAP\.hmm\.tmp\.708602\.faa | parallel --gnu --plain -j 20 --block 14047 --recstart '>' --pipe hmmscan --noali --notextw --acc -E 1e-09 --cpu 1 /opt/anaconda3/envs/Prokka_Global/db/hmm/HAMAP.hmm /dev/stdin > gbk\/SP32\/GCF_009908165\.1\.prokka\.HAMAP\.hmm\.tmp\.708602\.hmmer3 2> /dev/null
[16:51:31] Modify product: Uncharacterized Nudix hydrolase NudL => putative Nudix hydrolase NudL
[16:51:31] Modify product: Uncharacterized MFS-type transporter YcaD => putative MFS-type transporter YcaD
[16:51:31] Cleaned 2 /product names
[16:51:31] Deleting unwanted file: gbk/SP32/GCF_009908165.1.prokka.HAMAP.hmm.tmp.708602.faa
[16:51:31] Deleting unwanted file: gbk/SP32/GCF_009908165.1.prokka.HAMAP.hmm.tmp.708602.hmmer3
[16:51:31] Labelling remaining 1639 proteins as 'hypothetical protein'
[16:51:31] Possible /pseudo 'HTH-type transcriptional regulator CdhR' at NZ_JAAAUC010000010.1 position 132963
[16:51:31] Possible /pseudo 'Vitamin B12 import ATP-binding protein BtuD' at NZ_JAAAUC010000012.1 position 72394
[16:51:31] Possible /pseudo 'IS3 family transposase ISRtr2' at NZ_JAAAUC010000001.1 position 63598
[16:51:31] Possible /pseudo 'Nitrate/nitrite binding protein NrtA' at NZ_JAAAUC010000001.1 position 83837
[16:51:31] Possible /pseudo 'Aldehyde dehydrogenase' at NZ_JAAAUC010000001.1 position 375624
[16:51:31] Possible /pseudo 'Peptide deformylase' at NZ_JAAAUC010000001.1 position 512225
[16:51:31] Possible /pseudo 'Chromosome partition protein Smc' at NZ_JAAAUC010000022.1 position 12860
[16:51:31] Possible /pseudo 'D-inositol-3-phosphate glycosyltransferase' at NZ_JAAAUC010000002.1 position 93182
[16:51:31] Possible /pseudo 'IS3 family transposase ISPye57' at NZ_JAAAUC010000002.1 position 144731
[16:51:31] Possible /pseudo 'Manganese transport system membrane protein MntB' at NZ_JAAAUC010000003.1 position 253158
[16:51:31] Possible /pseudo 'putative protein' at NZ_JAAAUC010000003.1 position 366907
[16:51:31] Possible /pseudo 'High-affinity branched-chain amino acid transport ATP-binding protein LivF' at NZ_JAAAUC010000003.1 position 381990
[16:51:31] Possible /pseudo 'IS3 family transposase ISPye42' at NZ_JAAAUC010000040.1 position 888
[16:51:31] Possible /pseudo 'Protein-glutamate methylesterase/protein-glutamine glutaminase' at NZ_JAAAUC010000004.1 position 165293
[16:51:31] Possible /pseudo 'DNA-binding transcriptional activator DecR' at NZ_JAAAUC010000008.1 position 62537
[16:51:31] Possible /pseudo 'Trk system potassium uptake protein TrkI' at NZ_JAAAUC010000008.1 position 80146
[16:51:31] Possible /pseudo 'Flagellar basal-body rod protein FlgG' at NZ_JAAAUC010000009.1 position 71128
[16:51:31] Found 1590 unique /gene codes.
[16:51:31] Fixed 4 duplicate /gene - lolD_1 lolD_2 lolD_3 lolD_4
[16:51:31] Fixed 2 duplicate /gene - btuF_1 btuF_2
[16:51:31] Fixed 5 duplicate /gene - lcfB_1 lcfB_2 lcfB_3 lcfB_4 lcfB_5
[16:51:31] Fixed 2 duplicate /gene - ribY_1 ribY_2
[16:51:31] Fixed 3 duplicate /gene - pgrR_1 pgrR_2 pgrR_3
[16:51:31] Fixed 7 duplicate /gene - mshA_1 mshA_2 mshA_3 mshA_4 mshA_5 mshA_6 mshA_7
[16:51:31] Fixed 2 duplicate /gene - glgX_1 glgX_2
[16:51:31] Fixed 2 duplicate /gene - phaC_1 phaC_2
[16:51:31] Fixed 2 duplicate /gene - yieH_1 yieH_2
[16:51:31] Fixed 2 duplicate /gene - acsA_1 acsA_2
[16:51:31] Fixed 2 duplicate /gene - gabD_1 gabD_2
[16:51:31] Fixed 2 duplicate /gene - iolS_1 iolS_2
[16:51:31] Fixed 4 duplicate /gene - betB_1 betB_2 betB_3 betB_4
[16:51:31] Fixed 2 duplicate /gene - caiD_1 caiD_2
[16:51:31] Fixed 2 duplicate /gene - Hgd_1 Hgd_2
[16:51:31] Fixed 3 duplicate /gene - cspA_1 cspA_2 cspA_3
[16:51:31] Fixed 2 duplicate /gene - bktB_1 bktB_2
[16:51:31] Fixed 2 duplicate /gene - atpG_1 atpG_2
[16:51:31] Fixed 2 duplicate /gene - qseC_1 qseC_2
[16:51:31] Fixed 2 duplicate /gene - apc4_1 apc4_2
[16:51:31] Fixed 5 duplicate /gene - rcsC_1 rcsC_2 rcsC_3 rcsC_4 rcsC_5
[16:51:31] Fixed 3 duplicate /gene - lutR_1 lutR_2 lutR_3
[16:51:31] Fixed 3 duplicate /gene - proA_1 proA_2 proA_3
[16:51:31] Fixed 2 duplicate /gene - msrP_1 msrP_2
[16:51:31] Fixed 2 duplicate /gene - dctD_1 dctD_2
[16:51:31] Fixed 3 duplicate /gene - fabI_1 fabI_2 fabI_3
[16:51:31] Fixed 2 duplicate /gene - xerD_1 xerD_2
[16:51:31] Fixed 2 duplicate /gene - apbE_1 apbE_2
[16:51:31] Fixed 3 duplicate /gene - mch_1 mch_2 mch_3
[16:51:31] Fixed 2 duplicate /gene - ptxB_1 ptxB_2
[16:51:31] Fixed 3 duplicate /gene - soxB_1 soxB_2 soxB_3
[16:51:31] Fixed 2 duplicate /gene - yfhA_1 yfhA_2
[16:51:31] Fixed 2 duplicate /gene - siaT_1 siaT_2
[16:51:31] Fixed 3 duplicate /gene - yfdE_1 yfdE_2 yfdE_3
[16:51:31] Fixed 3 duplicate /gene - COQ5_1 COQ5_2 COQ5_3
[16:51:31] Fixed 3 duplicate /gene - fixK_1 fixK_2 fixK_3
[16:51:31] Fixed 5 duplicate /gene - soxA_1 soxA_2 soxA_3 soxA_4 soxA_5
[16:51:31] Fixed 2 duplicate /gene - metZ_1 metZ_2
[16:51:31] Fixed 3 duplicate /gene - ndhB_1 ndhB_2 ndhB_3
[16:51:31] Fixed 2 duplicate /gene - azoR_1 azoR_2
[16:51:31] Fixed 2 duplicate /gene - srkA_1 srkA_2
[16:51:31] Fixed 12 duplicate /gene - sasA_1 sasA_2 sasA_3 sasA_4 sasA_5 sasA_6 sasA_7 sasA_8 sasA_9 sasA_10 sasA_11 sasA_12
[16:51:31] Fixed 7 duplicate /gene - pal_1 pal_2 pal_3 pal_4 pal_5 pal_6 pal_7
[16:51:31] Fixed 2 duplicate /gene - rbsC_1 rbsC_2
[16:51:31] Fixed 2 duplicate /gene - ugpC_1 ugpC_2
[16:51:31] Fixed 2 duplicate /gene - pepA_1 pepA_2
[16:51:31] Fixed 2 duplicate /gene - malL_1 malL_2
[16:51:31] Fixed 2 duplicate /gene - purF_1 purF_2
[16:51:31] Fixed 2 duplicate /gene - prmC_1 prmC_2
[16:51:31] Fixed 5 duplicate /gene - rspR_1 rspR_2 rspR_3 rspR_4 rspR_5
[16:51:31] Fixed 5 duplicate /gene - ddpC_1 ddpC_2 ddpC_3 ddpC_4 ddpC_5
[16:51:31] Fixed 16 duplicate /gene - btuD_1 btuD_2 btuD_3 btuD_4 btuD_5 btuD_6 btuD_7 btuD_8 btuD_9 btuD_10 btuD_11 btuD_12 btuD_13 btuD_14 btuD_15 btuD_16
[16:51:31] Fixed 2 duplicate /gene - gloB_1 gloB_2
[16:51:31] Fixed 3 duplicate /gene - gcvT_1 gcvT_2 gcvT_3
[16:51:31] Fixed 2 duplicate /gene - xthA_1 xthA_2
[16:51:31] Fixed 5 duplicate /gene - mmgC_1 mmgC_2 mmgC_3 mmgC_4 mmgC_5
[16:51:31] Fixed 2 duplicate /gene - cysG_1 cysG_2
[16:51:31] Fixed 2 duplicate /gene - gltX_1 gltX_2
[16:51:31] Fixed 3 duplicate /gene - hcaR_1 hcaR_2 hcaR_3
[16:51:31] Fixed 8 duplicate /gene - gsiA_1 gsiA_2 gsiA_3 gsiA_4 gsiA_5 gsiA_6 gsiA_7 gsiA_8
[16:51:31] Fixed 3 duplicate /gene - mntB_1 mntB_2 mntB_3
[16:51:31] Fixed 2 duplicate /gene - mnmE_1 mnmE_2
[16:51:31] Fixed 2 duplicate /gene - paoC_1 paoC_2
[16:51:31] Fixed 2 duplicate /gene - rhaR_1 rhaR_2
[16:51:31] Fixed 6 duplicate /gene - lptB_1 lptB_2 lptB_3 lptB_4 lptB_5 lptB_6
[16:51:31] Fixed 3 duplicate /gene - gsiB_1 gsiB_2 gsiB_3
[16:51:31] Fixed 4 duplicate /gene - ydcV_1 ydcV_2 ydcV_3 ydcV_4
[16:51:31] Fixed 2 duplicate /gene - dppC_1 dppC_2
[16:51:31] Fixed 2 duplicate /gene - lldR_1 lldR_2
[16:51:31] Fixed 6 duplicate /gene - cdhR_1 cdhR_2 cdhR_3 cdhR_4 cdhR_5 cdhR_6
[16:51:31] Fixed 4 duplicate /gene - hisC_1 hisC_2 hisC_3 hisC_4
[16:51:31] Fixed 2 duplicate /gene - thiO_1 thiO_2
[16:51:31] Fixed 2 duplicate /gene - blh_1 blh_2
[16:51:31] Fixed 3 duplicate /gene - ribX_1 ribX_2 ribX_3
[16:51:31] Fixed 2 duplicate /gene - fabF_1 fabF_2
[16:51:31] Fixed 2 duplicate /gene - apaH_1 apaH_2
[16:51:31] Fixed 2 duplicate /gene - rpoD_1 rpoD_2
[16:51:31] Fixed 2 duplicate /gene - nanR_1 nanR_2
[16:51:31] Fixed 7 duplicate /gene - uctC_1 uctC_2 uctC_3 uctC_4 uctC_5 uctC_6 uctC_7
[16:51:31] Fixed 2 duplicate /gene - aroE_1 aroE_2
[16:51:31] Fixed 4 duplicate /gene - ftsH_1 ftsH_2 ftsH_3 ftsH_4
[16:51:31] Fixed 3 duplicate /gene - gph_1 gph_2 gph_3
[16:51:31] Fixed 2 duplicate /gene - cheB_1 cheB_2
[16:51:31] Fixed 2 duplicate /gene - adk_1 adk_2
[16:51:31] Fixed 2 duplicate /gene - yhdY_1 yhdY_2
[16:51:31] Fixed 2 duplicate /gene - sugB_1 sugB_2
[16:51:31] Fixed 2 duplicate /gene - rbsA_1 rbsA_2
[16:51:31] Fixed 2 duplicate /gene - rbsB_1 rbsB_2
[16:51:31] Fixed 2 duplicate /gene - rep_1 rep_2
[16:51:31] Fixed 3 duplicate /gene - gntR_1 gntR_2 gntR_3
[16:51:31] Fixed 2 duplicate /gene - rutD_1 rutD_2
[16:51:31] Fixed 2 duplicate /gene - accA1_1 accA1_2
[16:51:31] Fixed 2 duplicate /gene - tktA_1 tktA_2
[16:51:31] Fixed 2 duplicate /gene - gbpR_1 gbpR_2
[16:51:31] Fixed 2 duplicate /gene - walR_1 walR_2
[16:51:31] Fixed 3 duplicate /gene - macA_1 macA_2 macA_3
[16:51:31] Fixed 2 duplicate /gene - fadN_1 fadN_2
[16:51:31] Fixed 2 duplicate /gene - aes_1 aes_2
[16:51:31] Fixed 7 duplicate /gene - lrp_1 lrp_2 lrp_3 lrp_4 lrp_5 lrp_6 lrp_7
[16:51:31] Fixed 4 duplicate /gene - puuB_1 puuB_2 puuB_3 puuB_4
[16:51:31] Fixed 2 duplicate /gene - glnB_1 glnB_2
[16:51:31] Fixed 3 duplicate /gene - puuA_1 puuA_2 puuA_3
[16:51:31] Fixed 2 duplicate /gene - cpdA_1 cpdA_2
[16:51:31] Fixed 2 duplicate /gene - bigR_1 bigR_2
[16:51:31] Fixed 2 duplicate /gene - hpyO_1 hpyO_2
[16:51:31] Fixed 3 duplicate /gene - actP_1 actP_2 actP_3
[16:51:31] Fixed 2 duplicate /gene - ctaC_1 ctaC_2
[16:51:31] Fixed 5 duplicate /gene - oppF_1 oppF_2 oppF_3 oppF_4 oppF_5
[16:51:31] Fixed 2 duplicate /gene - nrtA_1 nrtA_2
[16:51:31] Fixed 2 duplicate /gene - fhuA_1 fhuA_2
[16:51:31] Fixed 2 duplicate /gene - paoA_1 paoA_2
[16:51:31] Fixed 3 duplicate /gene - iclR_1 iclR_2 iclR_3
[16:51:31] Fixed 7 duplicate /gene - gsiC_1 gsiC_2 gsiC_3 gsiC_4 gsiC_5 gsiC_6 gsiC_7
[16:51:31] Fixed 2 duplicate /gene - gshB_1 gshB_2
[16:51:31] Fixed 2 duplicate /gene - ada_1 ada_2
[16:51:31] Fixed 2 duplicate /gene - thlA_1 thlA_2
[16:51:31] Fixed 2 duplicate /gene - paoB_1 paoB_2
[16:51:31] Fixed 4 duplicate /gene - dppA_1 dppA_2 dppA_3 dppA_4
[16:51:31] Fixed 7 duplicate /gene - dppB_1 dppB_2 dppB_3 dppB_4 dppB_5 dppB_6 dppB_7
[16:51:31] Fixed 2 duplicate /gene - kpsT_1 kpsT_2
[16:51:31] Fixed 8 duplicate /gene - livH_1 livH_2 livH_3 livH_4 livH_5 livH_6 livH_7 livH_8
[16:51:31] Fixed 2 duplicate /gene - yxeN_1 yxeN_2
[16:51:31] Fixed 2 duplicate /gene - rpe_1 rpe_2
[16:51:31] Fixed 2 duplicate /gene - cydB_1 cydB_2
[16:51:31] Fixed 2 duplicate /gene - cydA_1 cydA_2
[16:51:31] Fixed 2 duplicate /gene - efp_1 efp_2
[16:51:31] Fixed 2 duplicate /gene - dksA_1 dksA_2
[16:51:31] Fixed 2 duplicate /gene - rppH_1 rppH_2
[16:51:31] Fixed 4 duplicate /gene - potA_1 potA_2 potA_3 potA_4
[16:51:31] Fixed 2 duplicate /gene - atpB_1 atpB_2
[16:51:31] Fixed 2 duplicate /gene - cheY_1 cheY_2
[16:51:31] Fixed 2 duplicate /gene - potB_1 potB_2
[16:51:31] Fixed 3 duplicate /gene - dmlR_1 dmlR_2 dmlR_3
[16:51:31] Fixed 3 duplicate /gene - rssB_1 rssB_2 rssB_3
[16:51:31] Fixed 2 duplicate /gene - qseB_1 qseB_2
[16:51:31] Fixed 2 duplicate /gene - purU_1 purU_2
[16:51:31] Fixed 3 duplicate /gene - adh_1 adh_2 adh_3
[16:51:31] Fixed 3 duplicate /gene - ompR_1 ompR_2 ompR_3
[16:51:31] Fixed 2 duplicate /gene - glgC_1 glgC_2
[16:51:31] Fixed 4 duplicate /gene - oppD_1 oppD_2 oppD_3 oppD_4
[16:51:31] Fixed 2 duplicate /gene - pcaJ_1 pcaJ_2
[16:51:31] Fixed 4 duplicate /gene - crt_1 crt_2 crt_3 crt_4
[16:51:31] Fixed 2 duplicate /gene - kdgR_1 kdgR_2
[16:51:31] Fixed 2 duplicate /gene - argE_1 argE_2
[16:51:31] Fixed 2 duplicate /gene - flgG_1 flgG_2
[16:51:31] Fixed 2 duplicate /gene - dctP_1 dctP_2
[16:51:31] Fixed 2 duplicate /gene - pip_1 pip_2
[16:51:31] Fixed 2 duplicate /gene - arcB_1 arcB_2
[16:51:31] Fixed 2 duplicate /gene - dadA1_1 dadA1_2
[16:51:31] Fixed 2 duplicate /gene - malK_1 malK_2
[16:51:31] Fixed 2 duplicate /gene - pcaR_1 pcaR_2
[16:51:31] Fixed 2 duplicate /gene - pxpA_1 pxpA_2
[16:51:31] Fixed 2 duplicate /gene - nrtD_1 nrtD_2
[16:51:31] Fixed 2 duplicate /gene - lolE_1 lolE_2
[16:51:31] Fixed 3 duplicate /gene - smtB_1 smtB_2 smtB_3
[16:51:31] Fixed 2 duplicate /gene - mdtB_1 mdtB_2
[16:51:31] Fixed 3 duplicate /gene - xylG_1 xylG_2 xylG_3
[16:51:31] Fixed 2 duplicate /gene - mltF_1 mltF_2
[16:51:31] Fixed 4 duplicate /gene - ilvE_1 ilvE_2 ilvE_3 ilvE_4
[16:51:31] Fixed 4 duplicate /gene - mdtA_1 mdtA_2 mdtA_3 mdtA_4
[16:51:31] Fixed 2 duplicate /gene - dppD_1 dppD_2
[16:51:31] Fixed 2 duplicate /gene - dhaT_1 dhaT_2
[16:51:31] Fixed 3 duplicate /gene - fadJ_1 fadJ_2 fadJ_3
[16:51:31] Fixed 2 duplicate /gene - pcaI_1 pcaI_2
[16:51:31] Fixed 2 duplicate /gene - trkI_1 trkI_2
[16:51:31] Fixed 3 duplicate /gene - amiC_1 amiC_2 amiC_3
[16:51:31] Fixed 2 duplicate /gene - ubiL_1 ubiL_2
[16:51:31] Fixed 2 duplicate /gene - paoD_1 paoD_2
[16:51:31] Fixed 2 duplicate /gene - kce_1 kce_2
[16:51:31] Fixed 3 duplicate /gene - davD_1 davD_2 davD_3
[16:51:31] Fixed 3 duplicate /gene - alkJ_1 alkJ_2 alkJ_3
[16:51:31] Fixed 2 duplicate /gene - tag_1 tag_2
[16:51:31] Fixed 6 duplicate /gene - paaG_1 paaG_2 paaG_3 paaG_4 paaG_5 paaG_6
[16:51:31] Fixed 2 duplicate /gene - dmdC_1 dmdC_2
[16:51:31] Fixed 2 duplicate /gene - xylH_1 xylH_2
[16:51:31] Fixed 2 duplicate /gene - thiE_1 thiE_2
[16:51:31] Fixed 4 duplicate /gene - bepA_1 bepA_2 bepA_3 bepA_4
[16:51:31] Fixed 2 duplicate /gene - yciF_1 yciF_2
[16:51:31] Fixed 2 duplicate /gene - secD_1 secD_2
[16:51:31] Fixed 2 duplicate /gene - rhlE_1 rhlE_2
[16:51:31] Fixed 4 duplicate /gene - yfcG_1 yfcG_2 yfcG_3 yfcG_4
[16:51:31] Fixed 3 duplicate /gene - atoC_1 atoC_2 atoC_3
[16:51:31] Fixed 2 duplicate /gene - yfiZ_1 yfiZ_2
[16:51:31] Fixed 3 duplicate /gene - flhA_1 flhA_2 flhA_3
[16:51:31] Fixed 2 duplicate /gene - yceI_1 yceI_2
[16:51:31] Fixed 2 duplicate /gene - siaM_1 siaM_2
[16:51:31] Fixed 2 duplicate /gene - pcm_1 pcm_2
[16:51:31] Fixed 2 duplicate /gene - fadB_1 fadB_2
[16:51:31] Fixed 2 duplicate /gene - doeA_1 doeA_2
[16:51:31] Fixed 5 duplicate /gene - hdfR_1 hdfR_2 hdfR_3 hdfR_4 hdfR_5
[16:51:31] Fixed 4 duplicate /gene - fadA_1 fadA_2 fadA_3 fadA_4
[16:51:31] Fixed 2 duplicate /gene - ydhP_1 ydhP_2
[16:51:31] Fixed 2 duplicate /gene - mmgF_1 mmgF_2
[16:51:31] Fixed 2 duplicate /gene - mkl_1 mkl_2
[16:51:31] Fixed 2 duplicate /gene - entS_1 entS_2
[16:51:31] Fixed 2 duplicate /gene - metH_1 metH_2
[16:51:31] Fixed 4 duplicate /gene - spuC_1 spuC_2 spuC_3 spuC_4
[16:51:31] Fixed 2 duplicate /gene - rhtB_1 rhtB_2
[16:51:31] Fixed 2 duplicate /gene - fcl_1 fcl_2
[16:51:31] Fixed 2 duplicate /gene - pcaF_1 pcaF_2
[16:51:31] Fixed 3 duplicate /gene - apc3_1 apc3_2 apc3_3
[16:51:31] Fixed 2 duplicate /gene - rsgA_1 rsgA_2
[16:51:31] Fixed 2 duplicate /gene - acrC_1 acrC_2
[16:51:31] Fixed 2 duplicate /gene - def_1 def_2
[16:51:31] Fixed 2 duplicate /gene - bamA_1 bamA_2
[16:51:31] Fixed 2 duplicate /gene - ibpA_1 ibpA_2
[16:51:31] Fixed 2 duplicate /gene - menB_1 menB_2
[16:51:31] Fixed 2 duplicate /gene - fghA_1 fghA_2
[16:51:31] Fixed 4 duplicate /gene - dapE_1 dapE_2 dapE_3 dapE_4
[16:51:31] Fixed 3 duplicate /gene - dsbD_1 dsbD_2 dsbD_3
[16:51:31] Fixed 2 duplicate /gene - nsrR_1 nsrR_2
[16:51:31] Fixed 2 duplicate /gene - tatA_1 tatA_2
[16:51:31] Fixed 9 duplicate /gene - dctM_1 dctM_2 dctM_3 dctM_4 dctM_5 dctM_6 dctM_7 dctM_8 dctM_9
[16:51:31] Fixed 12 duplicate /gene - fabG_1 fabG_2 fabG_3 fabG_4 fabG_5 fabG_6 fabG_7 fabG_8 fabG_9 fabG_10 fabG_11 fabG_12
[16:51:31] Fixed 2 duplicate /gene - mtgB_1 mtgB_2
[16:51:31] Fixed 2 duplicate /gene - mtgA_1 mtgA_2
[16:51:31] Fixed 2 duplicate /gene - rpoN1_1 rpoN1_2
[16:51:31] Fixed 3 duplicate /gene - sufS_1 sufS_2 sufS_3
[16:51:31] Fixed 2 duplicate /gene - ghrB_1 ghrB_2
[16:51:31] Fixed 2 duplicate /gene - dxs_1 dxs_2
[16:51:31] Fixed 2 duplicate /gene - yfkN_1 yfkN_2
[16:51:31] Fixed 2 duplicate /gene - dctB_1 dctB_2
[16:51:31] Fixed 3 duplicate /gene - dauA_1 dauA_2 dauA_3
[16:51:31] Fixed 2 duplicate /gene - ghrA_1 ghrA_2
[16:51:31] Fixed 6 duplicate /gene - ribN_1 ribN_2 ribN_3 ribN_4 ribN_5 ribN_6
[16:51:31] Fixed 2 duplicate /gene - araC_1 araC_2
[16:51:31] Fixed 2 duplicate /gene - alkH_1 alkH_2
[16:51:31] Fixed 2 duplicate /gene - acpP_1 acpP_2
[16:51:31] Fixed 2 duplicate /gene - soxD_1 soxD_2
[16:51:31] Fixed 2 duplicate /gene - oppC_1 oppC_2
[16:51:31] Fixed 2 duplicate /gene - ltaE_1 ltaE_2
[16:51:31] Fixed 2 duplicate /gene - rsmB_1 rsmB_2
[16:51:31] Fixed 2 duplicate /gene - rhtC_1 rhtC_2
[16:51:31] Fixed 2 duplicate /gene - phnC_1 phnC_2
[16:51:31] Fixed 5 duplicate /gene - abo_1 abo_2 abo_3 abo_4 abo_5
[16:51:31] Fixed 2 duplicate /gene - rne_1 rne_2
[16:51:31] Fixed 2 duplicate /gene - yhdW_1 yhdW_2
[16:51:31] Fixed 2 duplicate /gene - phoB_1 phoB_2
[16:51:31] Fixed 4 duplicate /gene - hipO_1 hipO_2 hipO_3 hipO_4
[16:51:31] Fixed 2 duplicate /gene - etfA_1 etfA_2
[16:51:31] Fixed 2 duplicate /gene - etfB_1 etfB_2
[16:51:31] Fixed 2 duplicate /gene - lon_1 lon_2
[16:51:31] Fixed 2 duplicate /gene - phnM_1 phnM_2
[16:51:31] Fixed 2 duplicate /gene - tctD_1 tctD_2
[16:51:31] Fixed 3 duplicate /gene - ald_1 ald_2 ald_3
[16:51:31] Fixed 3 duplicate /gene - menH_1 menH_2 menH_3
[16:51:31] Fixed 4 duplicate /gene - decR_1 decR_2 decR_3 decR_4
[16:51:31] Fixed 2 duplicate /gene - dmsA_1 dmsA_2
[16:51:31] Fixed 2 duplicate /gene - mtlK_1 mtlK_2
[16:51:31] Fixed 3 duplicate /gene - oxyR_1 oxyR_2 oxyR_3
[16:51:31] Fixed 2 duplicate /gene - rfuD_1 rfuD_2
[16:51:31] Fixed 2 duplicate /gene - dapA_1 dapA_2
[16:51:31] Fixed 2 duplicate /gene - mdtC_1 mdtC_2
[16:51:31] Fixed 2 duplicate /gene - dgoD_1 dgoD_2
[16:51:31] Fixed 2 duplicate /gene - suhB_1 suhB_2
[16:51:31] Fixed 2 duplicate /gene - menE_1 menE_2
[16:51:31] Fixed 5 duplicate /gene - cntI_1 cntI_2 cntI_3 cntI_4 cntI_5
[16:51:31] Fixed 2 duplicate /gene - dnaK_1 dnaK_2
[16:51:31] Fixed 2 duplicate /gene - occP_1 occP_2
[16:51:31] Fixed 5 duplicate /gene - gcvA_1 gcvA_2 gcvA_3 gcvA_4 gcvA_5
[16:51:31] Fixed 4 duplicate /gene - gsiD_1 gsiD_2 gsiD_3 gsiD_4
[16:51:31] Fixed 2 duplicate /gene - rnd_1 rnd_2
[16:51:31] Fixed 2 duplicate /gene - fliY_1 fliY_2
[16:51:31] Fixed 2 duplicate /gene - tgnC_1 tgnC_2
[16:51:31] Fixed 2 duplicate /gene - yhbO_1 yhbO_2
[16:51:31] Fixed 3 duplicate /gene - adh1_1 adh1_2 adh1_3
[16:51:31] Fixed 10 duplicate /gene - livF_1 livF_2 livF_3 livF_4 livF_5 livF_6 livF_7 livF_8 livF_9 livF_10
[16:51:31] Fixed 2 duplicate /gene - tam_1 tam_2
[16:51:31] Fixed 3 duplicate /gene - FCS1_1 FCS1_2 FCS1_3
[16:51:31] Fixed 2 duplicate /gene - ycaD_1 ycaD_2
[16:51:31] Fixed 2 duplicate /gene - tolQ_1 tolQ_2
[16:51:31] Fixed 3 duplicate /gene - smc_1 smc_2 smc_3
[16:51:31] Fixed 2 duplicate /gene - xylB_1 xylB_2
[16:51:31] Fixed 3 duplicate /gene - mcl2_1 mcl2_2 mcl2_3
[16:51:31] Fixed 2 duplicate /gene - rpoH_1 rpoH_2
[16:51:31] Fixed 2 duplicate /gene - catD_1 catD_2
[16:51:31] Fixed 2 duplicate /gene - kdpB_1 kdpB_2
[16:51:31] Fixed 2 duplicate /gene - phnE_1 phnE_2
[16:51:31] Fixed 2 duplicate /gene - rutC_1 rutC_2
[16:51:31] Fixed 279 colliding /gene names.
[16:51:31] Adding /locus_tag identifiers
[16:51:32] Assigned 3974 locus_tags to CDS and RNA features.
[16:51:32] Writing outputs to gbk/SP32/
[16:51:33] Generating annotation statistics file
[16:51:33] Generating Genbank and Sequin files
[16:51:33] Running: tbl2asn -V b -a r10k -l paired-ends -M n -N 1 -y 'Annotated using prokka 1.14.6 from https://github.com/tseemann/prokka' -Z gbk\/SP32\/GCF_009908165\.1\.prokka\.err -i gbk\/SP32\/GCF_009908165\.1\.prokka\.fsa 2> /dev/null
[16:51:39] Deleting unwanted file: gbk/SP32/errorsummary.val
[16:51:39] Deleting unwanted file: gbk/SP32/GCF_009908165.1.prokka.dr
[16:51:39] Deleting unwanted file: gbk/SP32/GCF_009908165.1.prokka.fixedproducts
[16:51:39] Deleting unwanted file: gbk/SP32/GCF_009908165.1.prokka.ecn
[16:51:39] Deleting unwanted file: gbk/SP32/GCF_009908165.1.prokka.val
[16:51:39] Repairing broken .GBK output that tbl2asn produces...
[16:51:39] Running: sed 's/COORDINATES: profile/COORDINATES:profile/' < gbk\/SP32\/GCF_009908165\.1\.prokka\.gbf > gbk\/SP32\/GCF_009908165\.1\.prokka\.gbk
[16:51:39] Deleting unwanted file: gbk/SP32/GCF_009908165.1.prokka.gbf
[16:51:39] Output files:
[16:51:39] gbk/SP32/GCF_009908165.1.prokka.txt
[16:51:39] gbk/SP32/GCF_009908165.1.prokka.fsa
[16:51:39] gbk/SP32/GCF_009908165.1.prokka.gbk
[16:51:39] gbk/SP32/GCF_009908165.1.prokka.gff
[16:51:39] gbk/SP32/GCF_009908165.1.prokka.err
[16:51:39] gbk/SP32/GCF_009908165.1.prokka.tsv
[16:51:39] gbk/SP32/GCF_009908165.1.prokka.tbl
[16:51:39] gbk/SP32/GCF_009908165.1.prokka.faa
[16:51:39] gbk/SP32/GCF_009908165.1.prokka.fna
[16:51:39] gbk/SP32/GCF_009908165.1.prokka.log
[16:51:39] gbk/SP32/GCF_009908165.1.prokka.ffn
[16:51:39] gbk/SP32/GCF_009908165.1.prokka.sqn
[16:51:39] Annotation finished successfully.
[16:51:39] Walltime used: 0.90 minutes
[16:51:39] If you use this result please cite the Prokka paper:
[16:51:39] Seemann T (2014) Prokka: rapid prokaryotic genome annotation. Bioinformatics. 30(14):2068-9.
[16:51:39] Type 'prokka --citation' for more details.
[16:51:39] Thank you, come again.
