[16:43:12] This is prokka 1.14.6
[16:43:12] Written by Torsten Seemann <torsten.seemann@gmail.com>
[16:43:12] Homepage is https://github.com/tseemann/prokka
[16:43:12] Local time is Mon Dec  5 16:43:12 2022
[16:43:12] You are shaday
[16:43:12] Operating system is linux
[16:43:12] You have BioPerl 1.7.8
[16:43:12] System has 32 cores.
[16:43:12] Will use maximum of 20 cores.
[16:43:12] Annotating as >>> Bacteria <<<
[16:43:12] Generating locus_tag from 'Rhodobacteraceae/GCF_003075525.1_ASM307552v1_genomic.fna' contents.
[16:43:12] Setting --locustag MMFACILD from MD5 66fac25ddb2988a7d743529c83c69448
[16:43:12] Creating new output folder: gbk/D1-19
[16:43:12] Running: mkdir -p gbk\/D1\-19
[16:43:12] Using filename prefix: GCF_003075525.1.prokka.XXX
[16:43:12] Setting HMMER_NCPU=1
[16:43:12] Writing log to: gbk/D1-19/GCF_003075525.1.prokka.log
[16:43:12] Command: /opt/anaconda3/envs/Prokka_Global/bin/prokka --prefix GCF_003075525.1.prokka --outdir gbk/D1-19 --kingdom Bacteria --genus Pararhodobacter --species aggregans --strain D1-19 --usegenus --addgenes Rhodobacteraceae/GCF_003075525.1_ASM307552v1_genomic.fna --cpus 20
[16:43:12] Appending to PATH: /opt/anaconda3/envs/Prokka_Global/bin
[16:43:12] Looking for 'aragorn' - found /opt/anaconda3/envs/Prokka_Global/bin/aragorn
[16:43:12] Determined aragorn version is 001002 from 'ARAGORN v1.2.41 Dean Laslett'
[16:43:12] Looking for 'barrnap' - found /opt/anaconda3/envs/Prokka_Global/bin/barrnap
[16:43:12] Determined barrnap version is 000009 from 'barrnap 0.9'
[16:43:12] Looking for 'blastp' - found /opt/anaconda3/envs/Prokka_Global/bin/blastp
[16:43:12] Determined blastp version is 002012 from 'blastp: 2.12.0+'
[16:43:12] Looking for 'cmpress' - found /opt/anaconda3/envs/Prokka_Global/bin/cmpress
[16:43:12] Determined cmpress version is 001001 from '# INFERNAL 1.1.4 (Dec 2020)'
[16:43:12] Looking for 'cmscan' - found /opt/anaconda3/envs/Prokka_Global/bin/cmscan
[16:43:12] Determined cmscan version is 001001 from '# INFERNAL 1.1.4 (Dec 2020)'
[16:43:12] Looking for 'egrep' - found /usr/bin/egrep
[16:43:12] Looking for 'find' - found /usr/bin/find
[16:43:12] Looking for 'grep' - found /usr/bin/grep
[16:43:12] Looking for 'hmmpress' - found /opt/anaconda3/envs/Prokka_Global/bin/hmmpress
[16:43:12] Determined hmmpress version is 003003 from '# HMMER 3.3.2 (Nov 2020); http://hmmer.org/'
[16:43:12] Looking for 'hmmscan' - found /opt/anaconda3/envs/Prokka_Global/bin/hmmscan
[16:43:12] Determined hmmscan version is 003003 from '# HMMER 3.3.2 (Nov 2020); http://hmmer.org/'
[16:43:12] Looking for 'java' - found /opt/anaconda3/envs/Prokka_Global/bin/java
[16:43:12] Looking for 'makeblastdb' - found /opt/anaconda3/envs/Prokka_Global/bin/makeblastdb
[16:43:12] Determined makeblastdb version is 002012 from 'makeblastdb: 2.12.0+'
[16:43:12] Looking for 'minced' - found /opt/anaconda3/envs/Prokka_Global/bin/minced
[16:43:12] Determined minced version is 004002 from 'minced 0.4.2'
[16:43:12] Looking for 'parallel' - found /opt/anaconda3/envs/Prokka_Global/bin/parallel
[16:43:12] Determined parallel version is 20220222 from 'GNU parallel 20220222'
[16:43:12] Looking for 'prodigal' - found /opt/anaconda3/envs/Prokka_Global/bin/prodigal
[16:43:12] Determined prodigal version is 002006 from 'Prodigal V2.6.3: February, 2016'
[16:43:12] Looking for 'prokka-genbank_to_fasta_db' - found /opt/anaconda3/envs/Prokka_Global/bin/prokka-genbank_to_fasta_db
[16:43:12] Looking for 'sed' - found /usr/bin/sed
[16:43:12] Looking for 'tbl2asn' - found /opt/anaconda3/envs/Prokka_Global/bin/tbl2asn
[16:43:12] Determined tbl2asn version is 025007 from 'tbl2asn 25.7   arguments:'
[16:43:12] Using genetic code table 11.
[16:43:12] Loading and checking input file: Rhodobacteraceae/GCF_003075525.1_ASM307552v1_genomic.fna
[16:43:12] Wrote 32 contigs totalling 5079942 bp.
[16:43:12] Predicting tRNAs and tmRNAs
[16:43:12] Running: aragorn -l -gc11  -w gbk\/D1\-19\/GCF_003075525\.1\.prokka\.fna
[16:43:15] 1 tRNA-Met c[135436,135511] 34 (cat)
[16:43:15] 2 tRNA-Arg [262860,262946] 32 (ccg)
[16:43:15] 3 tRNA-Leu [418724,418809] 34 (taa)
[16:43:15] 4 tRNA-His [445514,445590] 35 (gtg)
[16:43:15] 5 tRNA-Arg [450702,450778] 35 (tct)
[16:43:15] 6 tRNA-Pro [604850,604926] 35 (tgg)
[16:43:15] 7 tRNA-Gly [667934,668007] 33 (tcc)
[16:43:15] 8 tRNA-Leu [747408,747491] 35 (tag)
[16:43:15] 1 tRNA-Ser c[152174,152263] 35 (gga)
[16:43:15] 2 tRNA-Arg [180747,180823] 35 (ccg)
[16:43:15] 3 tRNA-Asp [271497,271573] 35 (gtc)
[16:43:15] 4 tRNA-Asp [274176,274252] 35 (gtc)
[16:43:15] 5 tRNA-Asp c[290088,290174] 31 (gtc)
[16:43:15] 6 tRNA-Gln c[391451,391525] 33 (ttg)
[16:43:15] 7 tRNA-Thr c[546929,547004] 34 (tgt)
[16:43:15] 8 tRNA-Ser c[579851,579940] 35 (tga)
[16:43:15] 1 tRNA-Arg [24337,24413] 35 (cct)
[16:43:15] 2 tRNA-Lys [196545,196619] 33 (ttt)
[16:43:15] 3 tRNA-Leu c[222798,222882] 35 (cag)
[16:43:15] 1 tRNA-Thr c[70844,70918] 33 (ggt)
[16:43:15] 2 tRNA-Ala c[129769,129844] 34 (cgc)
[16:43:15] 3 tRNA-Leu [138753,138839] 35 (gag)
[16:43:15] 4 tRNA-Trp [154293,154370] 36 (cca)
[16:43:15] 1 tRNA-Glu c[59738,59812] 34 (ttc)
[16:43:15] 2 tRNA-Asn c[219033,219107] 33 (gtt)
[16:43:15] 3 tRNA-Gly c[297399,297472] 33 (ccc)
[16:43:15] 1 tRNA-Val [6866,6941] 34 (tac)
[16:43:15] 2 tRNA-Tyr c[107648,107731] 33 (gta)
[16:43:15] 3 tRNA-Thr c[178119,178194] 34 (cgt)
[16:43:15] 4 tRNA-Pro c[179106,179177] 31 (cgg)
[16:43:15] 5 tRNA-Ala c[186858,186933] 34 (ggc)
[16:43:15] 1 tRNA-Val [112860,112934] 33 (cac)
[16:43:15] 2 tmRNA* c[210685,211018] 205,243 ANDNRAPVAVAA*
[16:43:15] 3 tRNA-Pro [265600,265677] 36 (ggg)
[16:43:15] 1 tRNA-Trp c[17861,17936] 34 (cca)
[16:43:15] 2 tRNA-Ser c[24027,24116] 35 (gct)
[16:43:15] 3 tRNA-Arg [90713,90789] 35 (acg)
[16:43:15] 4 tRNA-Cys c[104231,104304] 33 (gca)
[16:43:15] 5 tRNA-Val [217140,217214] 33 (gac)
[16:43:15] 1 tRNA-Leu c[32114,32199] 34 (caa)
[16:43:15] tRNA [57395,57489] is a pseudo/wacky gene - skipping.
[16:43:15] 3 tRNA-Ser c[131867,131956] 35 (cga)
[16:43:15] tRNA [43832,43921] is a pseudo/wacky gene - skipping.
[16:43:15] 2 tRNA-Arg c[54815,54908] 33 (acg)
[16:43:15] 3 tRNA-Met c[196182,196258] 35 (cat)
[16:43:15] 1 tRNA-Pro c[65723,65799] 35 (cgg)
[16:43:15] 1 tRNA-Thr c[63704,63786] 34 (cgt)
[16:43:15] 2 tRNA-Gly [97574,97648] 33 (gcc)
[16:43:15] 3 tRNA-Gly [100521,100595] 33 (gcc)
[16:43:15] 1 tRNA-Met c[87722,87798] 35 (cat)
[16:43:15] 1 tRNA-Phe [10451,10525] 33 (gaa)
[16:43:15] 1 tRNA-Met c[10324,10400] 35 (cat)
[16:43:15] 1 tRNA-Ile [1904,1980] 35 (gat)
[16:43:15] 2 tRNA-Ala [1986,2061] 34 (tgc)
[16:43:15] 3 tRNA-Met [5633,5709] 35 (cat)
[16:43:15] Found 53 tRNAs
[16:43:15] Predicting Ribosomal RNAs
[16:43:15] Running Barrnap with 20 threads
[16:43:16] 1 NZ_QDDR01000027.1 245 16S ribosomal RNA
[16:43:16] 2 NZ_QDDR01000027.1 2517 23S ribosomal RNA
[16:43:16] 3 NZ_QDDR01000027.1 5456 5S ribosomal RNA
[16:43:16] Found 3 rRNAs
[16:43:16] Skipping ncRNA search, enable with --rfam if desired.
[16:43:16] Total of 55 tRNA + rRNA features
[16:43:16] Searching for CRISPR repeats
[16:43:16] Found 0 CRISPRs
[16:43:16] Predicting coding sequences
[16:43:16] Contigs total 5079942 bp, so using single mode
[16:43:16] Running: prodigal -i gbk\/D1\-19\/GCF_003075525\.1\.prokka\.fna -c -m -g 11 -p single -f sco -q
[16:43:19] Excluding CDS which overlaps existing RNA (tRNA) at NZ_QDDR01000001.1:262392..263813 on + strand
[16:43:20] Excluding CDS which overlaps existing RNA (tRNA) at NZ_QDDR01000001.1:418797..419627 on - strand
[16:43:20] Excluding CDS which overlaps existing RNA (tRNA) at NZ_QDDR01000002.1:289662..290609 on + strand
[16:43:20] Excluding CDS which overlaps existing RNA (tRNA) at NZ_QDDR01000005.1:153754..154401 on + strand
[16:43:21] Excluding CDS which overlaps existing RNA (tRNA) at NZ_QDDR01000007.1:178300..179823 on - strand
[16:43:21] Excluding CDS which overlaps existing RNA (tRNA) at NZ_QDDR01000015.1:62325..63752 on - strand
[16:43:21] Excluding CDS which overlaps existing RNA (tRNA) at NZ_QDDR01000015.1:63749..64741 on - strand
[16:43:22] Found 4935 CDS
[16:43:22] Connecting features back to sequences
[16:43:22] Skipping genus-specific proteins as can't see /opt/anaconda3/envs/Prokka_Global/db/Pararhodobacter
[16:43:22] Annotating CDS, please be patient.
[16:43:22] Will use 20 CPUs for similarity searching.
[16:43:22] There are still 4935 unannotated CDS left (started with 4935)
[16:43:22] Will use blast to search against /opt/anaconda3/envs/Prokka_Global/db/kingdom/Bacteria/IS with 20 CPUs
[16:43:22] Running: cat gbk\/D1\-19\/GCF_003075525\.1\.prokka\.IS\.tmp\.677804\.faa | parallel --gnu --plain -j 20 --block 39002 --recstart '>' --pipe blastp -query - -db /opt/anaconda3/envs/Prokka_Global/db/kingdom/Bacteria/IS -evalue 1e-30 -qcov_hsp_perc 90 -num_threads 1 -num_descriptions 1 -num_alignments 1 -seg no > gbk\/D1\-19\/GCF_003075525\.1\.prokka\.IS\.tmp\.677804\.blast 2> /dev/null
[16:43:27] Deleting unwanted file: gbk/D1-19/GCF_003075525.1.prokka.IS.tmp.677804.faa
[16:43:27] Deleting unwanted file: gbk/D1-19/GCF_003075525.1.prokka.IS.tmp.677804.blast
[16:43:28] There are still 4920 unannotated CDS left (started with 4935)
[16:43:28] Will use blast to search against /opt/anaconda3/envs/Prokka_Global/db/kingdom/Bacteria/AMR with 20 CPUs
[16:43:28] Running: cat gbk\/D1\-19\/GCF_003075525\.1\.prokka\.AMR\.tmp\.677804\.faa | parallel --gnu --plain -j 20 --block 38902 --recstart '>' --pipe blastp -query - -db /opt/anaconda3/envs/Prokka_Global/db/kingdom/Bacteria/AMR -evalue 1e-300 -qcov_hsp_perc 90 -num_threads 1 -num_descriptions 1 -num_alignments 1 -seg no > gbk\/D1\-19\/GCF_003075525\.1\.prokka\.AMR\.tmp\.677804\.blast 2> /dev/null
[16:43:32] Deleting unwanted file: gbk/D1-19/GCF_003075525.1.prokka.AMR.tmp.677804.faa
[16:43:32] Deleting unwanted file: gbk/D1-19/GCF_003075525.1.prokka.AMR.tmp.677804.blast
[16:43:33] There are still 4920 unannotated CDS left (started with 4935)
[16:43:33] Will use blast to search against /opt/anaconda3/envs/Prokka_Global/db/kingdom/Bacteria/sprot with 20 CPUs
[16:43:33] Running: cat gbk\/D1\-19\/GCF_003075525\.1\.prokka\.sprot\.tmp\.677804\.faa | parallel --gnu --plain -j 20 --block 38902 --recstart '>' --pipe blastp -query - -db /opt/anaconda3/envs/Prokka_Global/db/kingdom/Bacteria/sprot -evalue 1e-09 -qcov_hsp_perc 80 -num_threads 1 -num_descriptions 1 -num_alignments 1 -seg no > gbk\/D1\-19\/GCF_003075525\.1\.prokka\.sprot\.tmp\.677804\.blast 2> /dev/null
[16:43:51] Modify product: Uncharacterized ABC transporter ATP-binding protein YheS => putative ABC transporter ATP-binding protein YheS
[16:43:51] Modify product: UPF0056 inner membrane protein YhgN => hypothetical protein
[16:43:51] Modify product: Multifunctional alkaline phosphatase superfamily protein pRL90232 => Multifunctional alkaline phosphatase superfamily protein
[16:43:51] Modify product: UPF0311 protein RPA1785 => hypothetical protein
[16:43:51] Modify product: Solute-binding protein Dde_0634 => Solute-binding protein
[16:43:51] Modify product: Uncharacterized FAD-linked oxidoreductase Rv2280 => putative FAD-linked oxidoreductase
[16:43:51] Modify product: UPF0394 inner membrane protein YeeE => hypothetical protein
[16:43:51] Modify product: UPF0394 inner membrane protein YeeE => hypothetical protein
[16:43:51] Modify product: Probable manganese-dependent inorganic pyrophosphatase => putative manganese-dependent inorganic pyrophosphatase
[16:43:51] Modify product: Solute-binding protein Dde_0634 => Solute-binding protein
[16:43:51] Modify product: Putative acyltransferase Rv0859 => Putative acyltransferase
[16:43:51] Modify product: Glycogen operon protein GlgX homolog => Glycogen operon protein GlgX 
[16:43:51] Modify product: Probable D-xylose utilization operon transcriptional repressor => putative D-xylose utilization operon transcriptional repressor
[16:43:51] Modify product: Solute-binding protein Veis_3954 => Solute-binding protein
[16:43:51] Modify product: Probable glutamine ABC transporter permease protein GlnM => putative glutamine ABC transporter permease protein GlnM
[16:43:51] Modify product: Putative hydro-lyase PSPTO_5379 => Putative hydro-lyase
[16:43:51] Modify product: UPF0065 protein in clcB-clcD intergenic region => hypothetical protein
[16:43:51] Modify product: Uncharacterized oxidoreductase YjmC => putative oxidoreductase YjmC
[16:43:51] Modify product: Uncharacterized protein PA2218 => putative protein
[16:43:51] Modify product: Uncharacterized protein YisK => putative protein YisK
[16:43:51] Modify product: UPF0324 inner membrane protein YeiH => hypothetical protein
[16:43:51] Modify product: Uncharacterized FAD-linked oxidoreductase Rv2280 => putative FAD-linked oxidoreductase
[16:43:51] Modify product: Uncharacterized HTH-type transcriptional regulator Rv2887 => putative HTH-type transcriptional regulator
[16:43:51] Modify product: Probable D-xylose utilization operon transcriptional repressor => putative D-xylose utilization operon transcriptional repressor
[16:43:51] Modify product: Probable ribonucleotide transport ATP-binding protein mkl => putative ribonucleotide transport ATP-binding protein mkl
[16:43:51] Modify product: Putative multidrug export ATP-binding/permease protein SAV1866 => Putative multidrug export ATP-binding/permease protein
[16:43:51] Modify product: Solute-binding protein Dde_0634 => Solute-binding protein
[16:43:51] Modify product: Putative acyltransferase Rv0859 => Putative acyltransferase
[16:43:51] Modify product: Solute-binding protein Dde_0634 => Solute-binding protein
[16:43:51] Modify product: Probable 3-hydroxybutyryl-CoA dehydrogenase => putative 3-hydroxybutyryl-CoA dehydrogenase
[16:43:51] Modify product: Solute-binding protein Bpro_3107 => Solute-binding protein
[16:43:51] Modify product: Solute-binding protein Veis_3954 => Solute-binding protein
[16:43:51] Modify product: Uncharacterized oxidoreductase Rv2073c => putative oxidoreductase
[16:43:51] Modify product: UPF0335 protein CCNA_03428 => hypothetical protein
[16:43:51] Modify product: Purine-binding protein BAB2_0673 => Purine-binding protein
[16:43:51] Modify product: Uncharacterized acyl-CoA thioester hydrolase HI_0827 => putative acyl-CoA thioester hydrolase
[16:43:51] Modify product: Uncharacterized protein YbaA => putative protein YbaA
[16:43:51] Modify product: UPF0701 protein HI_0467 => hypothetical protein
[16:43:51] Modify product: Probable lipid II flippase MurJ => putative lipid II flippase MurJ
[16:43:51] Modify product: Acetyltransferase PA3944 => Acetyltransferase
[16:43:51] Modify product: Acetyltransferase PA3944 => Acetyltransferase
[16:43:51] Modify product: Probable phosphoadenosine phosphosulfate reductase => putative phosphoadenosine phosphosulfate reductase
[16:43:51] Modify product: UPF0145 protein BCE33L0904 => hypothetical protein
[16:43:51] Modify product: Probable ATP-dependent transporter SufC => putative ATP-dependent transporter SufC
[16:43:51] Modify product: Probable cysteine desulfurase => putative cysteine desulfurase
[16:43:51] Modify product: Uncharacterized acyl-CoA thioester hydrolase HI_0827 => putative acyl-CoA thioester hydrolase
[16:43:51] Modify product: Probable D-xylose utilization operon transcriptional repressor => putative D-xylose utilization operon transcriptional repressor
[16:43:51] Modify product: Probable membrane transporter protein YfcA => putative membrane transporter protein YfcA
[16:43:51] Modify product: Probable chromate transport protein => putative chromate transport protein
[16:43:51] Modify product: Probable peptidoglycan glycosyltransferase FtsW => putative peptidoglycan glycosyltransferase FtsW
[16:43:51] Modify product: Uncharacterized oxidoreductase SA2266 => putative oxidoreductase
[16:43:51] Modify product: Probable enoyl-CoA hydratase 1 => putative enoyl-CoA hydratase 1
[16:43:51] Modify product: Uncharacterized MFS-type transporter YcaD => putative MFS-type transporter YcaD
[16:43:51] Modify product: Protease HtpX homolog => Protease HtpX 
[16:43:51] Modify product: Uncharacterized sugar transferase EpsL => putative sugar transferase EpsL
[16:43:51] Modify product: Probable transcriptional regulatory protein NarL => putative transcriptional regulatory protein NarL
[16:43:51] Modify product: Bifunctional protein FolD => Bifunctional protein FolD protein
[16:43:51] Modify product: Probable GTP-binding protein EngB => putative GTP-binding protein EngB
[16:43:51] Modify product: Uncharacterized oxidoreductase YgfF => putative oxidoreductase YgfF
[16:43:51] Modify product: Uncharacterized aminopeptidase Rv1333 => putative aminopeptidase
[16:43:51] Modify product: Uncharacterized protein YyaP => putative protein YyaP
[16:43:51] Modify product: TelA-like protein SA1238 => TelA-like protein
[16:43:51] Modify product: Probable chaperone CsaA => putative chaperone CsaA
[16:43:51] Modify product: Probable peptidoglycan D,D-transpeptidase FtsI => putative peptidoglycan D,D-transpeptidase FtsI
[16:43:51] Modify product: Uncharacterized HTH-type transcriptional regulator Rv3095 => putative HTH-type transcriptional regulator
[16:43:51] Modify product: Multifunctional alkaline phosphatase superfamily protein pRL90232 => Multifunctional alkaline phosphatase superfamily protein
[16:43:51] Modify product: Uncharacterized protein Rv2715 => putative protein
[16:43:51] Modify product: Uncharacterized protein Rv2411c => putative protein
[16:43:51] Modify product: Uncharacterized protein HI_0933 => putative protein
[16:43:51] Modify product: Peroxiredoxin sll1621 => Peroxiredoxin
[16:43:51] Modify product: Uncharacterized symporter YodF => putative symporter YodF
[16:43:51] Modify product: Uncharacterized protein YjdJ => putative protein YjdJ
[16:43:51] Modify product: Probable succinyl-CoA:3-ketoacid coenzyme A transferase subunit B => putative succinyl-CoA:3-ketoacid coenzyme A transferase subunit B
[16:43:51] Modify product: Probable succinyl-CoA:3-ketoacid coenzyme A transferase subunit A => putative succinyl-CoA:3-ketoacid coenzyme A transferase subunit A
[16:43:51] Modify product: Uncharacterized zinc protease Rv2782c => putative zinc protease
[16:43:51] Modify product: Uncharacterized FAD-linked oxidoreductase Rv2280 => putative FAD-linked oxidoreductase
[16:43:51] Modify product: Uncharacterized inner membrane transporter YedA => putative inner membrane transporter YedA
[16:43:51] Modify product: Monocarboxylate 2-oxoacid-binding periplasmic protein all3028 => Monocarboxylate 2-oxoacid-binding periplasmic protein
[16:43:51] Modify product: UPF0276 protein CCNA_03364 => hypothetical protein
[16:43:51] Modify product: UPF0301 protein VC_0467 => hypothetical protein
[16:43:51] Modify product: Uncharacterized GST-like protein YibF => putative GST-like protein YibF
[16:43:51] Modify product: UPF0394 membrane protein XF_0765 => hypothetical protein
[16:43:51] Modify product: UPF0394 membrane protein XF_0766 => hypothetical protein
[16:43:51] Modify product: Uncharacterized protein YqeY => putative protein YqeY
[16:43:51] Modify product: UPF0126 inner membrane protein YicG => hypothetical protein
[16:43:51] Modify product: UPF0065 protein in clcB-clcD intergenic region => hypothetical protein
[16:43:51] Modify product: Uncharacterized oxidoreductase Rv1144 => putative oxidoreductase
[16:43:51] Modify product: Solute-binding protein Dde_0634 => Solute-binding protein
[16:43:52] Modify product: Uncharacterized protein Rv0501 => putative protein
[16:43:52] Modify product: Solute-binding protein SPO1773 => Solute-binding protein
[16:43:52] Modify product: Probable aminotransferase Rv3329 => putative aminotransferase
[16:43:52] Modify product: Solute-binding protein Dde_0634 => Solute-binding protein
[16:43:52] Modify product: Uncharacterized protein YyaP => putative protein YyaP
[16:43:52] Modify product: Probable sulfate transporter Rv1739c => putative sulfate transporter
[16:43:52] Modify product: Uncharacterized oxidoreductase Rv1144 => putative oxidoreductase
[16:43:52] Modify product: Solute-binding protein Dde_0634 => Solute-binding protein
[16:43:52] Modify product: UPF0073 inner membrane protein YqfA => hypothetical protein
[16:43:52] Modify product: Uncharacterized FAD-linked oxidoreductase Rv2280 => putative FAD-linked oxidoreductase
[16:43:52] Modify product: UPF0053 inner membrane protein YfjD => hypothetical protein
[16:43:52] Modify product: Uncharacterized HTH-type transcriptional regulator YurK => putative HTH-type transcriptional regulator YurK
[16:43:52] Modify product: Probable D,D-dipeptide transport system permease protein DdpC => putative D,D-dipeptide transport system permease protein DdpC
[16:43:52] Modify product: Uncharacterized FAD-linked oxidoreductase Rv2280 => putative FAD-linked oxidoreductase
[16:43:52] Modify product: Uncharacterized zinc-type alcohol dehydrogenase-like protein YjmD => putative zinc-type alcohol dehydrogenase-like protein YjmD
[16:43:52] Modify product: Probable aminotransferase Rv3329 => putative aminotransferase
[16:43:52] Modify product: Probable 3-hydroxybutyryl-CoA dehydrogenase => putative 3-hydroxybutyryl-CoA dehydrogenase
[16:43:52] Modify product: Uncharacterized ABC transporter ATP-binding protein YejF => putative ABC transporter ATP-binding protein YejF
[16:43:52] Modify product: Uncharacterized HTH-type transcriptional regulator Rv2887 => putative HTH-type transcriptional regulator
[16:43:52] Modify product: Uncharacterized oxidoreductase Rv1144 => putative oxidoreductase
[16:43:52] Modify product: Solute-binding protein Dde_0634 => Solute-binding protein
[16:43:52] Modify product: Solute-binding protein Dde_0634 => Solute-binding protein
[16:43:52] Modify product: Uncharacterized ABC transporter ATP-binding protein YbiT => putative ABC transporter ATP-binding protein YbiT
[16:43:52] Modify product: Uncharacterized protein Rv0887c => putative protein
[16:43:52] Modify product: Uncharacterized HIT-like protein HP_0404 => putative HIT-like protein
[16:43:52] Modify product: Uncharacterized zinc protease Rv2782c => putative zinc protease
[16:43:52] Modify product: Uncharacterized zinc protease Rv2782c => putative zinc protease
[16:43:52] Modify product: Probable 3-hydroxyisobutyrate dehydrogenase => putative 3-hydroxyisobutyrate dehydrogenase
[16:43:52] Modify product: Uncharacterized GST-like protein YibF => putative GST-like protein YibF
[16:43:52] Modify product: Uncharacterized protein RP812 => putative protein RP812
[16:43:52] Modify product: Probable 2-ketoarginine decarboxylase AruI => putative 2-ketoarginine decarboxylase AruI
[16:43:52] Modify product: Probable 3-hydroxybutyryl-CoA dehydrogenase => putative 3-hydroxybutyryl-CoA dehydrogenase
[16:43:52] Modify product: Lactate-binding periplasmic protein TTHA0766 => Lactate-binding periplasmic protein
[16:43:52] Modify product: Uncharacterized protein YbiI => putative protein YbiI
[16:43:52] Modify product: Probable sulfoacetate--CoA ligase => putative sulfoacetate--CoA ligase
[16:43:52] Modify product: Probable NADH-specific resorcinol 4-hydroxylase => putative NADH-specific resorcinol 4-hydroxylase
[16:43:52] Modify product: Putative formate dehydrogenase SA2102 => Putative formate dehydrogenase
[16:43:52] Modify product: Uncharacterized oxidoreductase Rv1350 => putative oxidoreductase
[16:43:52] Modify product: NAD(P)H-dependent FMN reductase PA1204 => NAD(P)H-dependent FMN reductase
[16:43:52] Modify product: Uncharacterized FAD-linked oxidoreductase Rv2280 => putative FAD-linked oxidoreductase
[16:43:52] Modify product: Probable cytosol aminopeptidase => putative cytosol aminopeptidase
[16:43:52] Modify product: RutC family protein HI_0719 => RutC family protein
[16:43:52] Modify product: Uncharacterized N-acetyltransferase YafP => putative N-acetyltransferase YafP
[16:43:52] Modify product: Uncharacterized signaling protein PA1727 => putative signaling protein
[16:43:52] Modify product: Probable D,D-dipeptide transport ATP-binding protein DdpF => putative D,D-dipeptide transport ATP-binding protein DdpF
[16:43:52] Modify product: Uncharacterized inner membrane transporter YedA => putative inner membrane transporter YedA
[16:43:52] Modify product: Uncharacterized protein YcjX => putative protein YcjX
[16:43:52] Modify product: Probable metallo-hydrolase BURPS1710b_2304 => putative metallo-hydrolase
[16:43:52] Modify product: UPF0394 membrane protein XF_0766 => hypothetical protein
[16:43:52] Modify product: UPF0394 membrane protein XF_0765 => hypothetical protein
[16:43:52] Modify product: Monocarboxylate 2-oxoacid-binding periplasmic protein all3028 => Monocarboxylate 2-oxoacid-binding periplasmic protein
[16:43:52] Modify product: Monocarboxylate 2-oxoacid-binding periplasmic protein all3028 => Monocarboxylate 2-oxoacid-binding periplasmic protein
[16:43:52] Modify product: Peroxiredoxin sll1621 => Peroxiredoxin
[16:43:52] Modify product: Uncharacterized NTE family protein Rv1063c => putative NTE family protein
[16:43:52] Modify product: Uncharacterized metal-dependent hydrolase YcfH => putative metal-dependent hydrolase YcfH
[16:43:52] Modify product: Uncharacterized ABC transporter ATP-binding protein YknY => putative ABC transporter ATP-binding protein YknY
[16:43:52] Modify product: Glycine betaine/proline/choline transporter VP1723 => Glycine betaine/proline/choline transporter
[16:43:52] Modify product: Probable riboflavin import permease protein RfuD => putative riboflavin import permease protein RfuD
[16:43:52] Modify product: S-adenosyl-L-methionine-binding protein RPA0152 => S-adenosyl-L-methionine-binding protein
[16:43:52] Modify product: Cytochrome c oxidase subunit 1 homolog, bacteroid => Cytochrome c oxidase subunit 1 , bacteroid
[16:43:52] Modify product: UPF0060 membrane protein YnfA => hypothetical protein
[16:43:52] Modify product: UPF0758 protein => hypothetical protein
[16:43:52] Modify product: Uncharacterized GST-like protein YibF => putative GST-like protein YibF
[16:43:52] Modify product: Solute-binding protein Bpro_4736 => Solute-binding protein
[16:43:52] Modify product: Probable N-methylproline demethylase => putative N-methylproline demethylase
[16:43:52] Modify product: Uncharacterized MFS-type transporter YcaD => putative MFS-type transporter YcaD
[16:43:52] Modify product: Probable enoyl-CoA hydratase echA8 => putative enoyl-CoA hydratase echA8
[16:43:52] Modify product: Probable N-methylproline demethylase => putative N-methylproline demethylase
[16:43:52] Modify product: Putative short-chain type dehydrogenase/reductase Rv0148 => Putative short-chain type dehydrogenase/reductase
[16:43:52] Modify product: Putative esterase HI_1161 => Putative esterase
[16:43:52] Modify product: Probable membrane transporter protein YfcA => putative membrane transporter protein YfcA
[16:43:52] Modify product: Uncharacterized GST-like protein YibF => putative GST-like protein YibF
[16:43:52] Modify product: Putative multidrug export ATP-binding/permease protein SAV1866 => Putative multidrug export ATP-binding/permease protein
[16:43:52] Modify product: Probable siderophore transport system ATP-binding protein YusV => putative siderophore transport system ATP-binding protein YusV
[16:43:52] Modify product: Probable siderophore transport system permease protein YfhA => putative siderophore transport system permease protein YfhA
[16:43:52] Modify product: Probable siderophore transport system permease protein YfiZ => putative siderophore transport system permease protein YfiZ
[16:43:52] Modify product: Probable acyl-CoA dehydrogenase fadE25 => putative acyl-CoA dehydrogenase fadE25
[16:43:52] Modify product: Probable nitrate transporter NarT => putative nitrate transporter NarT
[16:43:52] Modify product: Uncharacterized FAD-linked oxidoreductase Rv2280 => putative FAD-linked oxidoreductase
[16:43:52] Modify product: Uncharacterized MFS-type transporter YcaD => putative MFS-type transporter YcaD
[16:43:52] Modify product: Probable dipeptidase PepE => putative dipeptidase PepE
[16:43:52] Modify product: Probable D,D-dipeptide-binding periplasmic protein DdpA => putative D,D-dipeptide-binding periplasmic protein DdpA
[16:43:52] Modify product: Probable D,D-dipeptide transport system permease protein DdpB => putative D,D-dipeptide transport system permease protein DdpB
[16:43:52] Modify product: Probable D,D-dipeptide transport system permease protein DdpC => putative D,D-dipeptide transport system permease protein DdpC
[16:43:52] Modify product: Bifunctional protein FolD => Bifunctional protein FolD protein
[16:43:52] Modify product: Bifunctional protein FolD => Bifunctional protein FolD protein
[16:43:52] Modify product: Uncharacterized protein Rv2567 => putative protein
[16:43:52] Modify product: Uncharacterized protein Rv2569c => putative protein
[16:43:52] Modify product: Uncharacterized oxidoreductase CzcO => putative oxidoreductase CzcO
[16:43:52] Modify product: Probable D,D-dipeptide transport system permease protein DdpC => putative D,D-dipeptide transport system permease protein DdpC
[16:43:52] Modify product: Probable D,D-dipeptide-binding periplasmic protein DdpA => putative D,D-dipeptide-binding periplasmic protein DdpA
[16:43:52] Modify product: Phosphate-specific transport system accessory protein PhoU homolog => Phosphate-specific transport system accessory protein PhoU 
[16:43:53] Modify product: Probable GTPase Rv1496 => putative GTPase
[16:43:53] Modify product: Uncharacterized HTH-type transcriptional regulator YybR => putative HTH-type transcriptional regulator YybR
[16:43:53] Modify product: UPF0758 protein => hypothetical protein
[16:43:53] Modify product: Probable multidrug resistance protein EmrK => putative multidrug resistance protein EmrK
[16:43:53] Modify product: Uncharacterized protein YccU => putative protein YccU
[16:43:53] Modify product: Probable transcriptional regulator PhnF => putative transcriptional regulator PhnF
[16:43:53] Modify product: UPF0761 membrane protein YihY => hypothetical protein
[16:43:53] Modify product: Uncharacterized protein Rv2568c => putative protein
[16:43:53] Modify product: UPF0434 protein NMA0874 => hypothetical protein
[16:43:53] Modify product: KsdD-like steroid dehydrogenase MSMEG_5835 => KsdD-like steroid dehydrogenase
[16:43:53] Modify product: Cytochrome c oxidase subunit 1 homolog, bacteroid => Cytochrome c oxidase subunit 1 , bacteroid
[16:43:53] Modify product: Putative acyltransferase Rv0859 => Putative acyltransferase
[16:43:53] Modify product: Bifunctional protein FolD => Bifunctional protein FolD protein
[16:43:53] Modify product: Uncharacterized protein YfgD => putative protein YfgD
[16:43:53] Modify product: Uncharacterized ABC transporter ATP-binding protein YadG => putative ABC transporter ATP-binding protein YadG
[16:43:53] Modify product: Probable enoyl-CoA hydratase echA8 => putative enoyl-CoA hydratase echA8
[16:43:53] Modify product: Solute-binding protein Dde_0634 => Solute-binding protein
[16:43:53] Modify product: Putative hydro-lyase PSPTO_5379 => Putative hydro-lyase
[16:43:53] Modify product: Uncharacterized protein Rv2569c => putative protein
[16:43:53] Modify product: Probable butyrate:acetyl-CoA coenzyme A-transferase => putative butyrate:acetyl-CoA coenzyme A-transferase
[16:43:53] Modify product: UPF0178 protein YaiI => hypothetical protein
[16:43:53] Modify product: Probable enoyl-CoA hydratase echA8 => putative enoyl-CoA hydratase echA8
[16:43:53] Modify product: Probable protein kinase UbiB => putative protein kinase UbiB
[16:43:53] Modify product: Probable Ni/Fe-hydrogenase B-type cytochrome subunit => putative Ni/Fe-hydrogenase B-type cytochrome subunit
[16:43:53] Modify product: Probable multidrug ABC transporter ATP-binding protein YbhF => putative multidrug ABC transporter ATP-binding protein YbhF
[16:43:53] Modify product: Probable multidrug ABC transporter permease YbhS => putative multidrug ABC transporter permease YbhS
[16:43:53] Modify product: UPF0337 protein PA4738 => hypothetical protein
[16:43:53] Modify product: GTP-binding protein TypA/BipA homolog => GTP-binding protein TypA/BipA 
[16:43:53] Modify product: Uncharacterized protein YyaP => putative protein YyaP
[16:43:53] Modify product: Putative short-chain type dehydrogenase/reductase Rv0148 => Putative short-chain type dehydrogenase/reductase
[16:43:53] Modify product: Probable enoyl-CoA hydratase echA8 => putative enoyl-CoA hydratase echA8
[16:43:53] Modify product: Cytochrome b561 homolog 1 => Cytochrome b561 
[16:43:53] Modify product: Solute-binding protein Dde_0634 => Solute-binding protein
[16:43:53] Cleaned 213 /product names
[16:43:53] Deleting unwanted file: gbk/D1-19/GCF_003075525.1.prokka.sprot.tmp.677804.faa
[16:43:53] Deleting unwanted file: gbk/D1-19/GCF_003075525.1.prokka.sprot.tmp.677804.blast
[16:43:53] There are still 2501 unannotated CDS left (started with 4935)
[16:43:53] Will use hmmer3 to search against /opt/anaconda3/envs/Prokka_Global/db/hmm/HAMAP.hmm with 20 CPUs
[16:43:53] Running: cat gbk\/D1\-19\/GCF_003075525\.1\.prokka\.HAMAP\.hmm\.tmp\.677804\.faa | parallel --gnu --plain -j 20 --block 17372 --recstart '>' --pipe hmmscan --noali --notextw --acc -E 1e-09 --cpu 1 /opt/anaconda3/envs/Prokka_Global/db/hmm/HAMAP.hmm /dev/stdin > gbk\/D1\-19\/GCF_003075525\.1\.prokka\.HAMAP\.hmm\.tmp\.677804\.hmmer3 2> /dev/null
[16:44:08] Modify product: Uncharacterized Nudix hydrolase NudL => putative Nudix hydrolase NudL
[16:44:08] Modify product: Uncharacterized MFS-type transporter YfcJ => putative MFS-type transporter YfcJ
[16:44:08] Cleaned 2 /product names
[16:44:08] Deleting unwanted file: gbk/D1-19/GCF_003075525.1.prokka.HAMAP.hmm.tmp.677804.faa
[16:44:08] Deleting unwanted file: gbk/D1-19/GCF_003075525.1.prokka.HAMAP.hmm.tmp.677804.hmmer3
[16:44:08] Labelling remaining 2188 proteins as 'hypothetical protein'
[16:44:08] Possible /pseudo 'Lipid A biosynthesis lauroyltransferase' at NZ_QDDR01000001.1 position 256702
[16:44:08] Possible /pseudo 'DNA-binding transcriptional activator DecR' at NZ_QDDR01000001.1 position 779385
[16:44:08] Possible /pseudo 'Putative acyl-CoA dehydrogenase FadE17' at NZ_QDDR01000002.1 position 207806
[16:44:08] Possible /pseudo 'Cysteine/O-acetylserine efflux protein' at NZ_QDDR01000002.1 position 263733
[16:44:08] Possible /pseudo 'Hippurate hydrolase' at NZ_QDDR01000002.1 position 313527
[16:44:08] Possible /pseudo 'Hippurate hydrolase' at NZ_QDDR01000002.1 position 314709
[16:44:08] Possible /pseudo 'Solute-binding protein' at NZ_QDDR01000003.1 position 125908
[16:44:08] Possible /pseudo 'putative zinc protease' at NZ_QDDR01000003.1 position 183510
[16:44:08] Possible /pseudo 'tRNA 5-methylaminomethyl-2-thiouridine biosynthesis bifunctional protein MnmC' at NZ_QDDR01000003.1 position 301301
[16:44:08] Possible /pseudo '4-carboxy-4-hydroxy-2-oxoadipate aldolase' at NZ_QDDR01000004.1 position 250314
[16:44:08] Possible /pseudo '4-carboxy-4-hydroxy-2-oxoadipate aldolase' at NZ_QDDR01000004.1 position 250980
[16:44:08] Possible /pseudo 'Flagellar basal-body rod protein FlgG' at NZ_QDDR01000005.1 position 107504
[16:44:08] Possible /pseudo 'p-hydroxybenzoate hydroxylase' at NZ_QDDR01000005.1 position 283385
[16:44:08] Possible /pseudo 'HTH-type transcriptional regulator RutR' at NZ_QDDR01000006.1 position 20659
[16:44:08] Possible /pseudo 'Signal peptidase I' at NZ_QDDR01000007.1 position 28802
[16:44:08] Possible /pseudo 'putative protein' at NZ_QDDR01000008.1 position 74757
[16:44:08] Possible /pseudo 'High-affinity branched-chain amino acid transport system permease protein LivH' at NZ_QDDR01000009.1 position 30349
[16:44:08] Possible /pseudo '5-methylphenazine-1-carboxylate 1-monooxygenase' at NZ_QDDR01000015.1 position 90712
[16:44:08] Possible /pseudo 'Acyl-CoA thioester hydrolase YbgC' at NZ_QDDR01000021.1 position 9163
[16:44:08] Possible /pseudo 'Tyrosine recombinase XerC' at NZ_QDDR01000025.1 position 4690
[16:44:08] Possible /pseudo 'Tyrosine recombinase XerC' at NZ_QDDR01000025.1 position 5598
[16:44:08] Possible /pseudo 'Bifunctional protein FolD protein' at NZ_QDDR01000028.1 position 1713
[16:44:08] Found 1791 unique /gene codes.
[16:44:08] Fixed 11 duplicate /gene - sasA_1 sasA_2 sasA_3 sasA_4 sasA_5 sasA_6 sasA_7 sasA_8 sasA_9 sasA_10 sasA_11
[16:44:08] Fixed 2 duplicate /gene - coaBC_1 coaBC_2
[16:44:08] Fixed 2 duplicate /gene - mnmC_1 mnmC_2
[16:44:08] Fixed 2 duplicate /gene - bamA_1 bamA_2
[16:44:08] Fixed 2 duplicate /gene - ybgC_1 ybgC_2
[16:44:08] Fixed 2 duplicate /gene - rbsR_1 rbsR_2
[16:44:08] Fixed 2 duplicate /gene - efp_1 efp_2
[16:44:08] Fixed 4 duplicate /gene - rspR_1 rspR_2 rspR_3 rspR_4
[16:44:08] Fixed 2 duplicate /gene - waaA_1 waaA_2
[16:44:08] Fixed 7 duplicate /gene - abo_1 abo_2 abo_3 abo_4 abo_5 abo_6 abo_7
[16:44:08] Fixed 2 duplicate /gene - gltX_1 gltX_2
[16:44:08] Fixed 4 duplicate /gene - oppD_1 oppD_2 oppD_3 oppD_4
[16:44:08] Fixed 3 duplicate /gene - mshA_1 mshA_2 mshA_3
[16:44:08] Fixed 2 duplicate /gene - ribB_1 ribB_2
[16:44:08] Fixed 2 duplicate /gene - frc_1 frc_2
[16:44:08] Fixed 2 duplicate /gene - rihA_1 rihA_2
[16:44:08] Fixed 2 duplicate /gene - petE_1 petE_2
[16:44:08] Fixed 3 duplicate /gene - dadA_1 dadA_2 dadA_3
[16:44:08] Fixed 2 duplicate /gene - ligB_1 ligB_2
[16:44:08] Fixed 2 duplicate /gene - gbpR_1 gbpR_2
[16:44:08] Fixed 6 duplicate /gene - gsiD_1 gsiD_2 gsiD_3 gsiD_4 gsiD_5 gsiD_6
[16:44:08] Fixed 2 duplicate /gene - ocd_1 ocd_2
[16:44:08] Fixed 2 duplicate /gene - slyA_1 slyA_2
[16:44:08] Fixed 2 duplicate /gene - calA_1 calA_2
[16:44:08] Fixed 2 duplicate /gene - def_1 def_2
[16:44:08] Fixed 3 duplicate /gene - actP_1 actP_2 actP_3
[16:44:08] Fixed 3 duplicate /gene - aroE_1 aroE_2 aroE_3
[16:44:08] Fixed 2 duplicate /gene - noc_1 noc_2
[16:44:08] Fixed 2 duplicate /gene - dppA_1 dppA_2
[16:44:08] Fixed 4 duplicate /gene - yibF_1 yibF_2 yibF_3 yibF_4
[16:44:08] Fixed 2 duplicate /gene - coxS_1 coxS_2
[16:44:08] Fixed 2 duplicate /gene - gatA_1 gatA_2
[16:44:08] Fixed 2 duplicate /gene - glnB_1 glnB_2
[16:44:08] Fixed 2 duplicate /gene - bcp_1 bcp_2
[16:44:08] Fixed 2 duplicate /gene - lspA_1 lspA_2
[16:44:08] Fixed 2 duplicate /gene - deoD_1 deoD_2
[16:44:08] Fixed 2 duplicate /gene - gapA_1 gapA_2
[16:44:08] Fixed 5 duplicate /gene - bcr_1 bcr_2 bcr_3 bcr_4 bcr_5
[16:44:08] Fixed 3 duplicate /gene - dctD_1 dctD_2 dctD_3
[16:44:08] Fixed 3 duplicate /gene - argP_1 argP_2 argP_3
[16:44:08] Fixed 2 duplicate /gene - cutL_1 cutL_2
[16:44:08] Fixed 2 duplicate /gene - groL_1 groL_2
[16:44:08] Fixed 3 duplicate /gene - rhaR_1 rhaR_2 rhaR_3
[16:44:08] Fixed 2 duplicate /gene - nagR_1 nagR_2
[16:44:08] Fixed 2 duplicate /gene - flhA_1 flhA_2
[16:44:08] Fixed 2 duplicate /gene - pcpD_1 pcpD_2
[16:44:08] Fixed 3 duplicate /gene - kstR2_1 kstR2_2 kstR2_3
[16:44:08] Fixed 6 duplicate /gene - acsA_1 acsA_2 acsA_3 acsA_4 acsA_5 acsA_6
[16:44:08] Fixed 4 duplicate /gene - araE_1 araE_2 araE_3 araE_4
[16:44:08] Fixed 2 duplicate /gene - aroK_1 aroK_2
[16:44:08] Fixed 3 duplicate /gene - menB_1 menB_2 menB_3
[16:44:08] Fixed 2 duplicate /gene - mobA_1 mobA_2
[16:44:08] Fixed 3 duplicate /gene - mmgB_1 mmgB_2 mmgB_3
[16:44:08] Fixed 2 duplicate /gene - entS_1 entS_2
[16:44:08] Fixed 6 duplicate /gene - pal_1 pal_2 pal_3 pal_4 pal_5 pal_6
[16:44:08] Fixed 5 duplicate /gene - oppF_1 oppF_2 oppF_3 oppF_4 oppF_5
[16:44:08] Fixed 3 duplicate /gene - oxyR_1 oxyR_2 oxyR_3
[16:44:08] Fixed 2 duplicate /gene - pytH_1 pytH_2
[16:44:08] Fixed 2 duplicate /gene - nsaD_1 nsaD_2
[16:44:08] Fixed 4 duplicate /gene - mtgB_1 mtgB_2 mtgB_3 mtgB_4
[16:44:08] Fixed 2 duplicate /gene - cntI_1 cntI_2
[16:44:08] Fixed 4 duplicate /gene - rhtB_1 rhtB_2 rhtB_3 rhtB_4
[16:44:08] Fixed 16 duplicate /gene - lptB_1 lptB_2 lptB_3 lptB_4 lptB_5 lptB_6 lptB_7 lptB_8 lptB_9 lptB_10 lptB_11 lptB_12 lptB_13 lptB_14 lptB_15 lptB_16
[16:44:08] Fixed 2 duplicate /gene - acdA_1 acdA_2
[16:44:08] Fixed 2 duplicate /gene - tetR_1 tetR_2
[16:44:08] Fixed 2 duplicate /gene - xerD_1 xerD_2
[16:44:08] Fixed 5 duplicate /gene - glnQ_1 glnQ_2 glnQ_3 glnQ_4 glnQ_5
[16:44:08] Fixed 2 duplicate /gene - queG_1 queG_2
[16:44:08] Fixed 6 duplicate /gene - cdhR_1 cdhR_2 cdhR_3 cdhR_4 cdhR_5 cdhR_6
[16:44:08] Fixed 2 duplicate /gene - rhaS_1 rhaS_2
[16:44:08] Fixed 2 duplicate /gene - aspC_1 aspC_2
[16:44:08] Fixed 4 duplicate /gene - pobA_1 pobA_2 pobA_3 pobA_4
[16:44:08] Fixed 2 duplicate /gene - soxD_1 soxD_2
[16:44:08] Fixed 2 duplicate /gene - mdlY_1 mdlY_2
[16:44:08] Fixed 6 duplicate /gene - fadA_1 fadA_2 fadA_3 fadA_4 fadA_5 fadA_6
[16:44:08] Fixed 2 duplicate /gene - adh_1 adh_2
[16:44:08] Fixed 3 duplicate /gene - carC_1 carC_2 carC_3
[16:44:08] Fixed 4 duplicate /gene - caiA_1 caiA_2 caiA_3 caiA_4
[16:44:08] Fixed 3 duplicate /gene - potA_1 potA_2 potA_3
[16:44:08] Fixed 2 duplicate /gene - ald_1 ald_2
[16:44:08] Fixed 2 duplicate /gene - thiE_1 thiE_2
[16:44:08] Fixed 3 duplicate /gene - bphC_1 bphC_2 bphC_3
[16:44:08] Fixed 17 duplicate /gene - livH_1 livH_2 livH_3 livH_4 livH_5 livH_6 livH_7 livH_8 livH_9 livH_10 livH_11 livH_12 livH_13 livH_14 livH_15 livH_16 livH_17
[16:44:08] Fixed 5 duplicate /gene - gntR_1 gntR_2 gntR_3 gntR_4 gntR_5
[16:44:08] Fixed 2 duplicate /gene - pepA_1 pepA_2
[16:44:08] Fixed 8 duplicate /gene - gsiC_1 gsiC_2 gsiC_3 gsiC_4 gsiC_5 gsiC_6 gsiC_7 gsiC_8
[16:44:08] Fixed 2 duplicate /gene - dmdB_1 dmdB_2
[16:44:08] Fixed 2 duplicate /gene - guaD_1 guaD_2
[16:44:08] Fixed 4 duplicate /gene - echA8_1 echA8_2 echA8_3 echA8_4
[16:44:08] Fixed 3 duplicate /gene - etfA_1 etfA_2 etfA_3
[16:44:08] Fixed 3 duplicate /gene - betI_1 betI_2 betI_3
[16:44:08] Fixed 3 duplicate /gene - tolQ_1 tolQ_2 tolQ_3
[16:44:08] Fixed 2 duplicate /gene - hpcH_1 hpcH_2
[16:44:08] Fixed 2 duplicate /gene - xsc_1 xsc_2
[16:44:08] Fixed 2 duplicate /gene - yqiK_1 yqiK_2
[16:44:08] Fixed 2 duplicate /gene - ugpQ_1 ugpQ_2
[16:44:08] Fixed 2 duplicate /gene - cobS_1 cobS_2
[16:44:08] Fixed 2 duplicate /gene - nicC_1 nicC_2
[16:44:08] Fixed 3 duplicate /gene - ilvI_1 ilvI_2 ilvI_3
[16:44:08] Fixed 2 duplicate /gene - phaJ_1 phaJ_2
[16:44:08] Fixed 2 duplicate /gene - coxM_1 coxM_2
[16:44:08] Fixed 6 duplicate /gene - gcvA_1 gcvA_2 gcvA_3 gcvA_4 gcvA_5 gcvA_6
[16:44:08] Fixed 2 duplicate /gene - mcl1_1 mcl1_2
[16:44:08] Fixed 3 duplicate /gene - gcvT_1 gcvT_2 gcvT_3
[16:44:08] Fixed 2 duplicate /gene - davD_1 davD_2
[16:44:08] Fixed 7 duplicate /gene - caiD_1 caiD_2 caiD_3 caiD_4 caiD_5 caiD_6 caiD_7
[16:44:08] Fixed 2 duplicate /gene - purB_1 purB_2
[16:44:08] Fixed 3 duplicate /gene - fadK_1 fadK_2 fadK_3
[16:44:08] Fixed 2 duplicate /gene - yedA_1 yedA_2
[16:44:08] Fixed 2 duplicate /gene - lepB_1 lepB_2
[16:44:08] Fixed 2 duplicate /gene - rutR_1 rutR_2
[16:44:08] Fixed 2 duplicate /gene - oppC_1 oppC_2
[16:44:08] Fixed 2 duplicate /gene - mglA_1 mglA_2
[16:44:08] Fixed 3 duplicate /gene - cnbH_1 cnbH_2 cnbH_3
[16:44:08] Fixed 3 duplicate /gene - dauA_1 dauA_2 dauA_3
[16:44:08] Fixed 4 duplicate /gene - folD_1 folD_2 folD_3 folD_4
[16:44:08] Fixed 5 duplicate /gene - soxA_1 soxA_2 soxA_3 soxA_4 soxA_5
[16:44:08] Fixed 2 duplicate /gene - ssb_1 ssb_2
[16:44:08] Fixed 2 duplicate /gene - rsmB_1 rsmB_2
[16:44:08] Fixed 3 duplicate /gene - sgaA_1 sgaA_2 sgaA_3
[16:44:08] Fixed 2 duplicate /gene - pxpA_1 pxpA_2
[16:44:08] Fixed 2 duplicate /gene - speE_1 speE_2
[16:44:08] Fixed 4 duplicate /gene - siaM_1 siaM_2 siaM_3 siaM_4
[16:44:08] Fixed 4 duplicate /gene - cspA_1 cspA_2 cspA_3 cspA_4
[16:44:08] Fixed 2 duplicate /gene - thadh_1 thadh_2
[16:44:08] Fixed 2 duplicate /gene - stcD_1 stcD_2
[16:44:08] Fixed 2 duplicate /gene - kduD_1 kduD_2
[16:44:08] Fixed 7 duplicate /gene - xerC_1 xerC_2 xerC_3 xerC_4 xerC_5 xerC_6 xerC_7
[16:44:08] Fixed 2 duplicate /gene - pxpC_1 pxpC_2
[16:44:08] Fixed 2 duplicate /gene - gloA_1 gloA_2
[16:44:08] Fixed 2 duplicate /gene - blh_1 blh_2
[16:44:08] Fixed 2 duplicate /gene - cobB_1 cobB_2
[16:44:08] Fixed 4 duplicate /gene - hcaB_1 hcaB_2 hcaB_3 hcaB_4
[16:44:08] Fixed 2 duplicate /gene - bacC_1 bacC_2
[16:44:08] Fixed 2 duplicate /gene - ilvB_1 ilvB_2
[16:44:08] Fixed 3 duplicate /gene - puuA_1 puuA_2 puuA_3
[16:44:08] Fixed 2 duplicate /gene - nanR_1 nanR_2
[16:44:08] Fixed 8 duplicate /gene - btuD_1 btuD_2 btuD_3 btuD_4 btuD_5 btuD_6 btuD_7 btuD_8
[16:44:08] Fixed 2 duplicate /gene - rnd_1 rnd_2
[16:44:08] Fixed 2 duplicate /gene - xylB_1 xylB_2
[16:44:08] Fixed 2 duplicate /gene - ligJ_1 ligJ_2
[16:44:08] Fixed 2 duplicate /gene - lrpC_1 lrpC_2
[16:44:08] Fixed 2 duplicate /gene - tsaC1_1 tsaC1_2
[16:44:08] Fixed 2 duplicate /gene - mftE_1 mftE_2
[16:44:08] Fixed 3 duplicate /gene - catD_1 catD_2 catD_3
[16:44:08] Fixed 3 duplicate /gene - cmpR_1 cmpR_2 cmpR_3
[16:44:08] Fixed 3 duplicate /gene - dxs_1 dxs_2 dxs_3
[16:44:08] Fixed 2 duplicate /gene - hisQ_1 hisQ_2
[16:44:08] Fixed 2 duplicate /gene - rayT_1 rayT_2
[16:44:08] Fixed 9 duplicate /gene - hdfR_1 hdfR_2 hdfR_3 hdfR_4 hdfR_5 hdfR_6 hdfR_7 hdfR_8 hdfR_9
[16:44:08] Fixed 5 duplicate /gene - yfdE_1 yfdE_2 yfdE_3 yfdE_4 yfdE_5
[16:44:08] Fixed 6 duplicate /gene - menH_1 menH_2 menH_3 menH_4 menH_5 menH_6
[16:44:08] Fixed 3 duplicate /gene - dppD_1 dppD_2 dppD_3
[16:44:08] Fixed 2 duplicate /gene - ribY_1 ribY_2
[16:44:08] Fixed 4 duplicate /gene - betB_1 betB_2 betB_3 betB_4
[16:44:08] Fixed 2 duplicate /gene - gtaB_1 gtaB_2
[16:44:08] Fixed 2 duplicate /gene - uspF_1 uspF_2
[16:44:08] Fixed 2 duplicate /gene - flgG_1 flgG_2
[16:44:08] Fixed 4 duplicate /gene - ydcV_1 ydcV_2 ydcV_3 ydcV_4
[16:44:08] Fixed 3 duplicate /gene - yhdY_1 yhdY_2 yhdY_3
[16:44:08] Fixed 2 duplicate /gene - yjiA_1 yjiA_2
[16:44:08] Fixed 2 duplicate /gene - tsaT_1 tsaT_2
[16:44:08] Fixed 4 duplicate /gene - ligM_1 ligM_2 ligM_3 ligM_4
[16:44:08] Fixed 3 duplicate /gene - apc4_1 apc4_2 apc4_3
[16:44:08] Fixed 3 duplicate /gene - accB_1 accB_2 accB_3
[16:44:08] Fixed 2 duplicate /gene - hmp_1 hmp_2
[16:44:08] Fixed 2 duplicate /gene - cynR_1 cynR_2
[16:44:08] Fixed 2 duplicate /gene - braC_1 braC_2
[16:44:08] Fixed 6 duplicate /gene - gsiA_1 gsiA_2 gsiA_3 gsiA_4 gsiA_5 gsiA_6
[16:44:08] Fixed 3 duplicate /gene - arcA_1 arcA_2 arcA_3
[16:44:08] Fixed 2 duplicate /gene - rfbD_1 rfbD_2
[16:44:08] Fixed 2 duplicate /gene - hvrA_1 hvrA_2
[16:44:08] Fixed 4 duplicate /gene - iclR_1 iclR_2 iclR_3 iclR_4
[16:44:08] Fixed 2 duplicate /gene - fabI_1 fabI_2
[16:44:08] Fixed 2 duplicate /gene - gabD_1 gabD_2
[16:44:08] Fixed 3 duplicate /gene - yfcG_1 yfcG_2 yfcG_3
[16:44:08] Fixed 2 duplicate /gene - nrgA_1 nrgA_2
[16:44:08] Fixed 2 duplicate /gene - paaK_1 paaK_2
[16:44:08] Fixed 3 duplicate /gene - btuB_1 btuB_2 btuB_3
[16:44:08] Fixed 2 duplicate /gene - zntR_1 zntR_2
[16:44:08] Fixed 2 duplicate /gene - pyrD_1 pyrD_2
[16:44:08] Fixed 4 duplicate /gene - amiC_1 amiC_2 amiC_3 amiC_4
[16:44:08] Fixed 2 duplicate /gene - xthA_1 xthA_2
[16:44:08] Fixed 2 duplicate /gene - fabF_1 fabF_2
[16:44:08] Fixed 2 duplicate /gene - golD_1 golD_2
[16:44:08] Fixed 2 duplicate /gene - hutH_1 hutH_2
[16:44:08] Fixed 2 duplicate /gene - glyA2_1 glyA2_2
[16:44:08] Fixed 2 duplicate /gene - ywrD_1 ywrD_2
[16:44:08] Fixed 2 duplicate /gene - rbsC_1 rbsC_2
[16:44:08] Fixed 3 duplicate /gene - phzS_1 phzS_2 phzS_3
[16:44:08] Fixed 2 duplicate /gene - fixN_1 fixN_2
[16:44:08] Fixed 2 duplicate /gene - prmC_1 prmC_2
[16:44:08] Fixed 2 duplicate /gene - walR_1 walR_2
[16:44:08] Fixed 4 duplicate /gene - gph_1 gph_2 gph_3 gph_4
[16:44:08] Fixed 4 duplicate /gene - dppB_1 dppB_2 dppB_3 dppB_4
[16:44:08] Fixed 3 duplicate /gene - yhdW_1 yhdW_2 yhdW_3
[16:44:08] Fixed 2 duplicate /gene - tfdB_1 tfdB_2
[16:44:08] Fixed 2 duplicate /gene - purF_1 purF_2
[16:44:08] Fixed 6 duplicate /gene - mmgC_1 mmgC_2 mmgC_3 mmgC_4 mmgC_5 mmgC_6
[16:44:08] Fixed 2 duplicate /gene - clsA_1 clsA_2
[16:44:08] Fixed 2 duplicate /gene - tam_1 tam_2
[16:44:08] Fixed 7 duplicate /gene - dmlR_1 dmlR_2 dmlR_3 dmlR_4 dmlR_5 dmlR_6 dmlR_7
[16:44:08] Fixed 2 duplicate /gene - kstD_1 kstD_2
[16:44:08] Fixed 2 duplicate /gene - nimR_1 nimR_2
[16:44:08] Fixed 4 duplicate /gene - paaG_1 paaG_2 paaG_3 paaG_4
[16:44:08] Fixed 2 duplicate /gene - mntH_1 mntH_2
[16:44:08] Fixed 26 duplicate /gene - dctM_1 dctM_2 dctM_3 dctM_4 dctM_5 dctM_6 dctM_7 dctM_8 dctM_9 dctM_10 dctM_11 dctM_12 dctM_13 dctM_14 dctM_15 dctM_16 dctM_17 dctM_18 dctM_19 dctM_20 dctM_21 dctM_22 dctM_23 dctM_24 dctM_25 dctM_26
[16:44:08] Fixed 3 duplicate /gene - ligA_1 ligA_2 ligA_3
[16:44:08] Fixed 3 duplicate /gene - hspB_1 hspB_2 hspB_3
[16:44:08] Fixed 3 duplicate /gene - fixK_1 fixK_2 fixK_3
[16:44:08] Fixed 4 duplicate /gene - rhtC_1 rhtC_2 rhtC_3 rhtC_4
[16:44:08] Fixed 3 duplicate /gene - ilvG_1 ilvG_2 ilvG_3
[16:44:08] Fixed 2 duplicate /gene - msbA_1 msbA_2
[16:44:08] Fixed 3 duplicate /gene - spuC_1 spuC_2 spuC_3
[16:44:08] Fixed 2 duplicate /gene - cysG_1 cysG_2
[16:44:08] Fixed 9 duplicate /gene - rcsC_1 rcsC_2 rcsC_3 rcsC_4 rcsC_5 rcsC_6 rcsC_7 rcsC_8 rcsC_9
[16:44:08] Fixed 2 duplicate /gene - paaF_1 paaF_2
[16:44:08] Fixed 3 duplicate /gene - phaA_1 phaA_2 phaA_3
[16:44:08] Fixed 2 duplicate /gene - tyrB_1 tyrB_2
[16:44:08] Fixed 3 duplicate /gene - dmdD_1 dmdD_2 dmdD_3
[16:44:08] Fixed 2 duplicate /gene - nagC_1 nagC_2
[16:44:08] Fixed 2 duplicate /gene - yciC_1 yciC_2
[16:44:08] Fixed 2 duplicate /gene - mlhB_1 mlhB_2
[16:44:08] Fixed 2 duplicate /gene - hutU_1 hutU_2
[16:44:08] Fixed 2 duplicate /gene - sseA_1 sseA_2
[16:44:08] Fixed 3 duplicate /gene - alkJ_1 alkJ_2 alkJ_3
[16:44:08] Fixed 2 duplicate /gene - argE_1 argE_2
[16:44:08] Fixed 2 duplicate /gene - cheY_1 cheY_2
[16:44:08] Fixed 16 duplicate /gene - fabG_1 fabG_2 fabG_3 fabG_4 fabG_5 fabG_6 fabG_7 fabG_8 fabG_9 fabG_10 fabG_11 fabG_12 fabG_13 fabG_14 fabG_15 fabG_16
[16:44:08] Fixed 5 duplicate /gene - siaT_1 siaT_2 siaT_3 siaT_4 siaT_5
[16:44:08] Fixed 2 duplicate /gene - kpsT_1 kpsT_2
[16:44:08] Fixed 4 duplicate /gene - dapE_1 dapE_2 dapE_3 dapE_4
[16:44:08] Fixed 2 duplicate /gene - qorA_1 qorA_2
[16:44:08] Fixed 9 duplicate /gene - hipO_1 hipO_2 hipO_3 hipO_4 hipO_5 hipO_6 hipO_7 hipO_8 hipO_9
[16:44:08] Fixed 2 duplicate /gene - ade_1 ade_2
[16:44:08] Fixed 2 duplicate /gene - alaS_1 alaS_2
[16:44:08] Fixed 18 duplicate /gene - livF_1 livF_2 livF_3 livF_4 livF_5 livF_6 livF_7 livF_8 livF_9 livF_10 livF_11 livF_12 livF_13 livF_14 livF_15 livF_16 livF_17 livF_18
[16:44:08] Fixed 2 duplicate /gene - mmcO_1 mmcO_2
[16:44:08] Fixed 2 duplicate /gene - fadB_1 fadB_2
[16:44:08] Fixed 2 duplicate /gene - cmpD_1 cmpD_2
[16:44:08] Fixed 2 duplicate /gene - sucD_1 sucD_2
[16:44:08] Fixed 2 duplicate /gene - atoC_1 atoC_2
[16:44:08] Fixed 2 duplicate /gene - tsaM1_1 tsaM1_2
[16:44:08] Fixed 2 duplicate /gene - hpaC_1 hpaC_2
[16:44:08] Fixed 2 duplicate /gene - linX_1 linX_2
[16:44:08] Fixed 2 duplicate /gene - pobB_1 pobB_2
[16:44:08] Fixed 3 duplicate /gene - ilvE_1 ilvE_2 ilvE_3
[16:44:08] Fixed 6 duplicate /gene - lrp_1 lrp_2 lrp_3 lrp_4 lrp_5 lrp_6
[16:44:08] Fixed 2 duplicate /gene - takP_1 takP_2
[16:44:08] Fixed 2 duplicate /gene - pyrE_1 pyrE_2
[16:44:08] Fixed 3 duplicate /gene - xynR_1 xynR_2 xynR_3
[16:44:08] Fixed 2 duplicate /gene - ubiL_1 ubiL_2
[16:44:08] Fixed 2 duplicate /gene - argC_1 argC_2
[16:44:08] Fixed 2 duplicate /gene - pcm_1 pcm_2
[16:44:08] Fixed 3 duplicate /gene - ddpC_1 ddpC_2 ddpC_3
[16:44:08] Fixed 3 duplicate /gene - nsrR_1 nsrR_2 nsrR_3
[16:44:08] Fixed 3 duplicate /gene - betC_1 betC_2 betC_3
[16:44:08] Fixed 3 duplicate /gene - nicR_1 nicR_2 nicR_3
[16:44:08] Fixed 6 duplicate /gene - kce_1 kce_2 kce_3 kce_4 kce_5 kce_6
[16:44:08] Fixed 3 duplicate /gene - accC_1 accC_2 accC_3
[16:44:08] Fixed 3 duplicate /gene - aes_1 aes_2 aes_3
[16:44:08] Fixed 2 duplicate /gene - lpxL_1 lpxL_2
[16:44:08] Fixed 2 duplicate /gene - proA_1 proA_2
[16:44:08] Fixed 2 duplicate /gene - COQ5_1 COQ5_2
[16:44:08] Fixed 2 duplicate /gene - alr_1 alr_2
[16:44:08] Fixed 3 duplicate /gene - pcaR_1 pcaR_2 pcaR_3
[16:44:08] Fixed 3 duplicate /gene - fadJ_1 fadJ_2 fadJ_3
[16:44:08] Fixed 2 duplicate /gene - cfiA_1 cfiA_2
[16:44:08] Fixed 2 duplicate /gene - acs_1 acs_2
[16:44:08] Fixed 2 duplicate /gene - sufS_1 sufS_2
[16:44:08] Fixed 2 duplicate /gene - gstB_1 gstB_2
[16:44:08] Fixed 6 duplicate /gene - uctC_1 uctC_2 uctC_3 uctC_4 uctC_5 uctC_6
[16:44:08] Fixed 3 duplicate /gene - cheB_1 cheB_2 cheB_3
[16:44:08] Fixed 5 duplicate /gene - mdtA_1 mdtA_2 mdtA_3 mdtA_4 mdtA_5
[16:44:08] Fixed 2 duplicate /gene - pxpB_1 pxpB_2
[16:44:08] Fixed 2 duplicate /gene - pyrC_1 pyrC_2
[16:44:08] Fixed 7 duplicate /gene - lcfB_1 lcfB_2 lcfB_3 lcfB_4 lcfB_5 lcfB_6 lcfB_7
[16:44:08] Fixed 3 duplicate /gene - soxB_1 soxB_2 soxB_3
[16:44:08] Fixed 2 duplicate /gene - rutC_1 rutC_2
[16:44:08] Fixed 3 duplicate /gene - rppH_1 rppH_2 rppH_3
[16:44:08] Fixed 2 duplicate /gene - yfkN_1 yfkN_2
[16:44:08] Fixed 4 duplicate /gene - cysA_1 cysA_2 cysA_3 cysA_4
[16:44:08] Fixed 2 duplicate /gene - ugpC_1 ugpC_2
[16:44:08] Fixed 2 duplicate /gene - era_1 era_2
[16:44:08] Fixed 3 duplicate /gene - npcC_1 npcC_2 npcC_3
[16:44:08] Fixed 2 duplicate /gene - aatB_1 aatB_2
[16:44:08] Fixed 4 duplicate /gene - accA1_1 accA1_2 accA1_3 accA1_4
[16:44:08] Fixed 2 duplicate /gene - dsbD_1 dsbD_2
[16:44:08] Fixed 2 duplicate /gene - katG_1 katG_2
[16:44:08] Fixed 2 duplicate /gene - fpr_1 fpr_2
[16:44:08] Fixed 2 duplicate /gene - adk_1 adk_2
[16:44:08] Fixed 2 duplicate /gene - rssB_1 rssB_2
[16:44:08] Fixed 3 duplicate /gene - apc3_1 apc3_2 apc3_3
[16:44:08] Fixed 2 duplicate /gene - trxB_1 trxB_2
[16:44:08] Fixed 2 duplicate /gene - pht3_1 pht3_2
[16:44:08] Fixed 4 duplicate /gene - aam_1 aam_2 aam_3 aam_4
[16:44:08] Fixed 3 duplicate /gene - rpoH_1 rpoH_2 rpoH_3
[16:44:08] Fixed 3 duplicate /gene - fdxE_1 fdxE_2 fdxE_3
[16:44:08] Fixed 2 duplicate /gene - surA_1 surA_2
[16:44:08] Fixed 2 duplicate /gene - novJ_1 novJ_2
[16:44:08] Fixed 2 duplicate /gene - sucC_1 sucC_2
[16:44:08] Fixed 2 duplicate /gene - gppA_1 gppA_2
[16:44:08] Fixed 2 duplicate /gene - dksA_1 dksA_2
[16:44:08] Fixed 2 duplicate /gene - cymR_1 cymR_2
[16:44:08] Fixed 5 duplicate /gene - ribN_1 ribN_2 ribN_3 ribN_4 ribN_5
[16:44:08] Fixed 3 duplicate /gene - linC_1 linC_2 linC_3
[16:44:08] Fixed 3 duplicate /gene - yyaP_1 yyaP_2 yyaP_3
[16:44:08] Fixed 3 duplicate /gene - dapA_1 dapA_2 dapA_3
[16:44:08] Fixed 3 duplicate /gene - ribX_1 ribX_2 ribX_3
[16:44:08] Fixed 2 duplicate /gene - bdhA_1 bdhA_2
[16:44:08] Fixed 3 duplicate /gene - mcbR_1 mcbR_2 mcbR_3
[16:44:08] Fixed 3 duplicate /gene - pgrR_1 pgrR_2 pgrR_3
[16:44:08] Fixed 2 duplicate /gene - metR_1 metR_2
[16:44:08] Fixed 2 duplicate /gene - rpe_1 rpe_2
[16:44:08] Fixed 2 duplicate /gene - mntR_1 mntR_2
[16:44:08] Fixed 2 duplicate /gene - nirQ_1 nirQ_2
[16:44:08] Fixed 3 duplicate /gene - rhlE_1 rhlE_2 rhlE_3
[16:44:08] Fixed 3 duplicate /gene - glaR_1 glaR_2 glaR_3
[16:44:08] Fixed 3 duplicate /gene - smc_1 smc_2 smc_3
[16:44:08] Fixed 4 duplicate /gene - puuB_1 puuB_2 puuB_3 puuB_4
[16:44:08] Fixed 2 duplicate /gene - gloB_1 gloB_2
[16:44:08] Fixed 2 duplicate /gene - yhhT_1 yhhT_2
[16:44:08] Fixed 2 duplicate /gene - kynB_1 kynB_2
[16:44:08] Fixed 2 duplicate /gene - mdtC_1 mdtC_2
[16:44:08] Fixed 2 duplicate /gene - pdhR_1 pdhR_2
[16:44:08] Fixed 2 duplicate /gene - aroQ_1 aroQ_2
[16:44:08] Fixed 3 duplicate /gene - bclA_1 bclA_2 bclA_3
[16:44:08] Fixed 2 duplicate /gene - cobT_1 cobT_2
[16:44:08] Fixed 3 duplicate /gene - dmdC_1 dmdC_2 dmdC_3
[16:44:08] Fixed 4 duplicate /gene - mltF_1 mltF_2 mltF_3 mltF_4
[16:44:08] Fixed 5 duplicate /gene - gsiB_1 gsiB_2 gsiB_3 gsiB_4 gsiB_5
[16:44:08] Fixed 2 duplicate /gene - ompR_1 ompR_2
[16:44:08] Fixed 2 duplicate /gene - eamB_1 eamB_2
[16:44:08] Fixed 3 duplicate /gene - ycaD_1 ycaD_2 ycaD_3
[16:44:08] Fixed 2 duplicate /gene - yfcA_1 yfcA_2
[16:44:08] Fixed 2 duplicate /gene - atpG_1 atpG_2
[16:44:08] Fixed 4 duplicate /gene - ligK_1 ligK_2 ligK_3 ligK_4
[16:44:08] Fixed 2 duplicate /gene - hutI_1 hutI_2
[16:44:08] Fixed 2 duplicate /gene - gap_1 gap_2
[16:44:08] Fixed 2 duplicate /gene - slmA_1 slmA_2
[16:44:08] Fixed 2 duplicate /gene - yajO_1 yajO_2
[16:44:08] Fixed 4 duplicate /gene - hisC_1 hisC_2 hisC_3 hisC_4
[16:44:08] Fixed 2 duplicate /gene - suhB_1 suhB_2
[16:44:08] Fixed 7 duplicate /gene - decR_1 decR_2 decR_3 decR_4 decR_5 decR_6 decR_7
[16:44:08] Fixed 3 duplicate /gene - chrR_1 chrR_2 chrR_3
[16:44:08] Fixed 2 duplicate /gene - pccB_1 pccB_2
[16:44:08] Fixed 3 duplicate /gene - acrC_1 acrC_2 acrC_3
[16:44:08] Fixed 2 duplicate /gene - proC_1 proC_2
[16:44:08] Fixed 2 duplicate /gene - dctB_1 dctB_2
[16:44:08] Fixed 3 duplicate /gene - FCS1_1 FCS1_2 FCS1_3
[16:44:08] Fixed 2 duplicate /gene - tktA_1 tktA_2
[16:44:08] Fixed 2 duplicate /gene - ibpA_1 ibpA_2
[16:44:08] Fixed 2 duplicate /gene - bepA_1 bepA_2
[16:44:08] Fixed 2 duplicate /gene - ddpA_1 ddpA_2
[16:44:08] Fixed 2 duplicate /gene - argT_1 argT_2
[16:44:08] Fixed 3 duplicate /gene - crt_1 crt_2 crt_3
[16:44:08] Fixed 2 duplicate /gene - betA_1 betA_2
[16:44:08] Fixed 357 colliding /gene names.
[16:44:08] Adding /locus_tag identifiers
[16:44:08] Assigned 4991 locus_tags to CDS and RNA features.
[16:44:08] Writing outputs to gbk/D1-19/
[16:44:10] Generating annotation statistics file
[16:44:10] Generating Genbank and Sequin files
[16:44:10] Running: tbl2asn -V b -a r10k -l paired-ends -M n -N 1 -y 'Annotated using prokka 1.14.6 from https://github.com/tseemann/prokka' -Z gbk\/D1\-19\/GCF_003075525\.1\.prokka\.err -i gbk\/D1\-19\/GCF_003075525\.1\.prokka\.fsa 2> /dev/null
[16:44:17] Deleting unwanted file: gbk/D1-19/errorsummary.val
[16:44:17] Deleting unwanted file: gbk/D1-19/GCF_003075525.1.prokka.dr
[16:44:17] Deleting unwanted file: gbk/D1-19/GCF_003075525.1.prokka.fixedproducts
[16:44:17] Deleting unwanted file: gbk/D1-19/GCF_003075525.1.prokka.ecn
[16:44:17] Deleting unwanted file: gbk/D1-19/GCF_003075525.1.prokka.val
[16:44:17] Repairing broken .GBK output that tbl2asn produces...
[16:44:17] Running: sed 's/COORDINATES: profile/COORDINATES:profile/' < gbk\/D1\-19\/GCF_003075525\.1\.prokka\.gbf > gbk\/D1\-19\/GCF_003075525\.1\.prokka\.gbk
[16:44:17] Deleting unwanted file: gbk/D1-19/GCF_003075525.1.prokka.gbf
[16:44:17] Output files:
[16:44:17] gbk/D1-19/GCF_003075525.1.prokka.gff
[16:44:17] gbk/D1-19/GCF_003075525.1.prokka.fna
[16:44:17] gbk/D1-19/GCF_003075525.1.prokka.txt
[16:44:17] gbk/D1-19/GCF_003075525.1.prokka.ffn
[16:44:17] gbk/D1-19/GCF_003075525.1.prokka.sqn
[16:44:17] gbk/D1-19/GCF_003075525.1.prokka.fsa
[16:44:17] gbk/D1-19/GCF_003075525.1.prokka.tbl
[16:44:17] gbk/D1-19/GCF_003075525.1.prokka.faa
[16:44:17] gbk/D1-19/GCF_003075525.1.prokka.gbk
[16:44:17] gbk/D1-19/GCF_003075525.1.prokka.err
[16:44:17] gbk/D1-19/GCF_003075525.1.prokka.log
[16:44:17] gbk/D1-19/GCF_003075525.1.prokka.tsv
[16:44:17] Annotation finished successfully.
[16:44:17] Walltime used: 1.08 minutes
[16:44:17] If you use this result please cite the Prokka paper:
[16:44:17] Seemann T (2014) Prokka: rapid prokaryotic genome annotation. Bioinformatics. 30(14):2068-9.
[16:44:17] Type 'prokka --citation' for more details.
[16:44:17] Share and enjoy!
