INFO     20/07 16:13:30   antiSMASH version: 7.0.0
INFO     20/07 16:13:30   diamond using executable: /usr/bin/diamond-aligner (2.0.7)
INFO     20/07 16:13:30   hmmpfam2 using executable: /usr/bin/hmm2pfam (2.3.2)
INFO     20/07 16:13:30   fasttree using executable: /usr/bin/fasttree
INFO     20/07 16:13:30   hmmsearch using executable: /usr/bin/hmmsearch (3.3.2)
INFO     20/07 16:13:30   hmmpress using executable: /usr/bin/hmmpress (3.3.2)
INFO     20/07 16:13:30   hmmscan using executable: /usr/bin/hmmscan (3.3.2)
INFO     20/07 16:13:32   meme using executable: /usr/bin/meme (4.11.2)
INFO     20/07 16:13:32   fimo using executable: /usr/bin/fimo (4.11.2)
INFO     20/07 16:13:32   glimmerhmm using executable: /usr/bin/glimmerhmm
INFO     20/07 16:13:32   prodigal using executable: /usr/bin/prodigal (V2.6.3)
INFO     20/07 16:13:32   blastp using executable: /usr/bin/blastp (2.11.0+)
INFO     20/07 16:13:32   makeblastdb using executable: /usr/bin/makeblastdb (2.11.0+)
DEBUG    20/07 16:13:32   Checking prerequisites for antismash.detection.hmm_detection
DEBUG    20/07 16:13:32   Found file '/usr/local/lib/python3.9/dist-packages/antismash/detection/hmm_detection/data/bgc_seeds.hmm'
DEBUG    20/07 16:13:32   Found file '/usr/local/lib/python3.9/dist-packages/antismash/detection/hmm_detection/data/bgc_seeds.hmm.h3f'
DEBUG    20/07 16:13:32   Found file '/usr/local/lib/python3.9/dist-packages/antismash/detection/hmm_detection/data/bgc_seeds.hmm.h3i'
DEBUG    20/07 16:13:32   Found file '/usr/local/lib/python3.9/dist-packages/antismash/detection/hmm_detection/data/bgc_seeds.hmm.h3m'
DEBUG    20/07 16:13:32   Found file '/usr/local/lib/python3.9/dist-packages/antismash/detection/hmm_detection/data/bgc_seeds.hmm.h3p'
DEBUG    20/07 16:13:32   Checking prerequisites for antismash.detection.cluster_hmmer
DEBUG    20/07 16:13:32   Found file '/databases/pfam/34.0/Pfam-A.hmm'
DEBUG    20/07 16:13:32   Found file '/databases/pfam/34.0/Pfam-A.hmm.h3f'
DEBUG    20/07 16:13:32   Found file '/databases/pfam/34.0/Pfam-A.hmm.h3i'
DEBUG    20/07 16:13:32   Found file '/databases/pfam/34.0/Pfam-A.hmm.h3m'
DEBUG    20/07 16:13:32   Found file '/databases/pfam/34.0/Pfam-A.hmm.h3p'
DEBUG    20/07 16:13:32   Checking prerequisites for antismash.detection.genefunctions
DEBUG    20/07 16:13:32   Found file '/databases/resfam/Resfams.hmm'
DEBUG    20/07 16:13:32   Found file '/usr/local/lib/python3.9/dist-packages/antismash/detection/genefunctions/data/smcogs.hmm.h3f'
DEBUG    20/07 16:13:32   Found file '/usr/local/lib/python3.9/dist-packages/antismash/detection/genefunctions/data/smcogs.hmm.h3i'
DEBUG    20/07 16:13:32   Found file '/usr/local/lib/python3.9/dist-packages/antismash/detection/genefunctions/data/smcogs.hmm.h3m'
DEBUG    20/07 16:13:32   Found file '/usr/local/lib/python3.9/dist-packages/antismash/detection/genefunctions/data/smcogs.hmm.h3p'
DEBUG    20/07 16:13:32   Found file '/databases/resfam/Resfams.hmm.h3f'
DEBUG    20/07 16:13:32   Found file '/databases/resfam/Resfams.hmm.h3i'
DEBUG    20/07 16:13:32   Found file '/databases/resfam/Resfams.hmm.h3m'
DEBUG    20/07 16:13:32   Found file '/databases/resfam/Resfams.hmm.h3p'
DEBUG    20/07 16:13:32   Checking prerequisites for antismash.detection.nrps_pks_domains
DEBUG    20/07 16:13:32   Found file '/usr/local/lib/python3.9/dist-packages/antismash/detection/nrps_pks_domains/data/abmotifs.hmm.h3f'
DEBUG    20/07 16:13:32   Found file '/usr/local/lib/python3.9/dist-packages/antismash/detection/nrps_pks_domains/data/abmotifs.hmm.h3i'
DEBUG    20/07 16:13:32   Found file '/usr/local/lib/python3.9/dist-packages/antismash/detection/nrps_pks_domains/data/abmotifs.hmm.h3m'
DEBUG    20/07 16:13:32   Found file '/usr/local/lib/python3.9/dist-packages/antismash/detection/nrps_pks_domains/data/abmotifs.hmm.h3p'
DEBUG    20/07 16:13:32   Found file '/usr/local/lib/python3.9/dist-packages/antismash/detection/nrps_pks_domains/data/dockingdomains.hmm.h3f'
DEBUG    20/07 16:13:32   Found file '/usr/local/lib/python3.9/dist-packages/antismash/detection/nrps_pks_domains/data/dockingdomains.hmm.h3i'
DEBUG    20/07 16:13:32   Found file '/usr/local/lib/python3.9/dist-packages/antismash/detection/nrps_pks_domains/data/dockingdomains.hmm.h3m'
DEBUG    20/07 16:13:32   Found file '/usr/local/lib/python3.9/dist-packages/antismash/detection/nrps_pks_domains/data/dockingdomains.hmm.h3p'
DEBUG    20/07 16:13:32   Found file '/usr/local/lib/python3.9/dist-packages/antismash/detection/nrps_pks_domains/data/ksdomains.hmm.h3f'
DEBUG    20/07 16:13:32   Found file '/usr/local/lib/python3.9/dist-packages/antismash/detection/nrps_pks_domains/data/ksdomains.hmm.h3i'
DEBUG    20/07 16:13:32   Found file '/usr/local/lib/python3.9/dist-packages/antismash/detection/nrps_pks_domains/data/ksdomains.hmm.h3m'
DEBUG    20/07 16:13:32   Found file '/usr/local/lib/python3.9/dist-packages/antismash/detection/nrps_pks_domains/data/ksdomains.hmm.h3p'
DEBUG    20/07 16:13:32   Found file '/usr/local/lib/python3.9/dist-packages/antismash/detection/nrps_pks_domains/data/nrpspksdomains.hmm.h3f'
DEBUG    20/07 16:13:32   Found file '/usr/local/lib/python3.9/dist-packages/antismash/detection/nrps_pks_domains/data/nrpspksdomains.hmm.h3i'
DEBUG    20/07 16:13:32   Found file '/usr/local/lib/python3.9/dist-packages/antismash/detection/nrps_pks_domains/data/nrpspksdomains.hmm.h3m'
DEBUG    20/07 16:13:32   Found file '/usr/local/lib/python3.9/dist-packages/antismash/detection/nrps_pks_domains/data/nrpspksdomains.hmm.h3p'
DEBUG    20/07 16:13:32   Found file '/databases/nrps_pks/transATor/2023.02.23/transATor.hmm.h3f'
DEBUG    20/07 16:13:32   Found file '/databases/nrps_pks/transATor/2023.02.23/transATor.hmm.h3i'
DEBUG    20/07 16:13:32   Found file '/databases/nrps_pks/transATor/2023.02.23/transATor.hmm.h3m'
DEBUG    20/07 16:13:32   Found file '/databases/nrps_pks/transATor/2023.02.23/transATor.hmm.h3p'
DEBUG    20/07 16:13:32   Checking prerequisites for antismash.detection.tigrfam
DEBUG    20/07 16:13:32   Found file '/databases/tigrfam/TIGRFam.hmm'
DEBUG    20/07 16:13:32   Found file '/databases/tigrfam/TIGRFam.hmm.h3f'
DEBUG    20/07 16:13:32   Found file '/databases/tigrfam/TIGRFam.hmm.h3i'
DEBUG    20/07 16:13:32   Found file '/databases/tigrfam/TIGRFam.hmm.h3m'
DEBUG    20/07 16:13:32   Found file '/databases/tigrfam/TIGRFam.hmm.h3p'
DEBUG    20/07 16:13:32   Checking prerequisites for antismash.modules.active_site_finder
DEBUG    20/07 16:13:32   Found file '/usr/local/lib/python3.9/dist-packages/antismash/modules/active_site_finder/data/PKSI-KR.hmm2'
DEBUG    20/07 16:13:32   Found file '/usr/local/lib/python3.9/dist-packages/antismash/modules/active_site_finder/data/PKSI-KS_N.hmm2'
DEBUG    20/07 16:13:32   Found file '/usr/local/lib/python3.9/dist-packages/antismash/modules/active_site_finder/data/PKSI-KS_C.hmm2'
DEBUG    20/07 16:13:32   Found file '/usr/local/lib/python3.9/dist-packages/antismash/modules/active_site_finder/data/PKSI-AT.hmm2'
DEBUG    20/07 16:13:32   Found file '/usr/local/lib/python3.9/dist-packages/antismash/modules/active_site_finder/data/PKSI-ACP.hmm2'
DEBUG    20/07 16:13:32   Found file '/usr/local/lib/python3.9/dist-packages/antismash/modules/active_site_finder/data/PKSI-DH.hmm2'
DEBUG    20/07 16:13:32   Found file '/usr/local/lib/python3.9/dist-packages/antismash/modules/active_site_finder/data/Thioesterase.hmm2'
DEBUG    20/07 16:13:32   Found file '/usr/local/lib/python3.9/dist-packages/antismash/modules/active_site_finder/data/PKSI-ER.hmm2'
DEBUG    20/07 16:13:32   Found file '/usr/local/lib/python3.9/dist-packages/antismash/modules/active_site_finder/data/p450.hmm2'
DEBUG    20/07 16:13:32   Checking prerequisites for antismash.modules.cluster_compare
DEBUG    20/07 16:13:32   Found file '/databases/clustercompare/mibig/3.1/data.json'
DEBUG    20/07 16:13:32   Found file '/databases/clustercompare/mibig/3.1/proteins.fasta'
DEBUG    20/07 16:13:32   Found file '/databases/clustercompare/mibig/3.1/proteins.dmnd'
DEBUG    20/07 16:13:32   Found file '/databases/clustercompare/mibig/3.1/proteins.dmnd'
DEBUG    20/07 16:13:32   Checking prerequisites for antismash.modules.clusterblast
DEBUG    20/07 16:13:32   Found file '/databases/knownclusterblast/3.1/clusters.txt'
DEBUG    20/07 16:13:32   Found file '/databases/knownclusterblast/3.1/proteins.fasta'
DEBUG    20/07 16:13:32   Found file '/databases/knownclusterblast/3.1/proteins.dmnd'
DEBUG    20/07 16:13:32   Found file '/databases/knownclusterblast/3.1/proteins.dmnd'
DEBUG    20/07 16:13:32   Found file '/databases/clusterblast/clusters.txt'
DEBUG    20/07 16:13:32   Found file '/databases/clusterblast/proteins.fasta'
DEBUG    20/07 16:13:32   Found file '/databases/clusterblast/proteins.dmnd'
DEBUG    20/07 16:13:32   Found file '/databases/clusterblast/proteins.dmnd'
DEBUG    20/07 16:13:32   Found file '/usr/local/lib/python3.9/dist-packages/antismash/modules/clusterblast/data/sub/proteins.fasta'
DEBUG    20/07 16:13:32   Found file '/usr/local/lib/python3.9/dist-packages/antismash/modules/clusterblast/data/sub/proteins.fasta.phr'
DEBUG    20/07 16:13:32   Found file '/usr/local/lib/python3.9/dist-packages/antismash/modules/clusterblast/data/sub/proteins.fasta.pin'
DEBUG    20/07 16:13:32   Found file '/usr/local/lib/python3.9/dist-packages/antismash/modules/clusterblast/data/sub/proteins.fasta.psq'
DEBUG    20/07 16:13:32   Found file '/usr/local/lib/python3.9/dist-packages/antismash/modules/clusterblast/data/sub/clusters.txt'
DEBUG    20/07 16:13:32   Checking prerequisites for antismash.modules.lanthipeptides
DEBUG    20/07 16:13:32   Found file '/databases/comparippson/asdb/3.0/cores.fa.pdb'
DEBUG    20/07 16:13:32   Found file '/databases/comparippson/asdb/3.0/cores.fa.phr'
DEBUG    20/07 16:13:32   Found file '/databases/comparippson/asdb/3.0/cores.fa.pin'
DEBUG    20/07 16:13:32   Found file '/databases/comparippson/asdb/3.0/cores.fa.pot'
DEBUG    20/07 16:13:32   Found file '/databases/comparippson/asdb/3.0/cores.fa.psq'
DEBUG    20/07 16:13:32   Found file '/databases/comparippson/asdb/3.0/cores.fa.ptf'
DEBUG    20/07 16:13:32   Found file '/databases/comparippson/asdb/3.0/cores.fa.pto'
DEBUG    20/07 16:13:32   Found file '/databases/comparippson/mibig/3.1/cores.fa.pdb'
DEBUG    20/07 16:13:32   Found file '/databases/comparippson/mibig/3.1/cores.fa.phr'
DEBUG    20/07 16:13:32   Found file '/databases/comparippson/mibig/3.1/cores.fa.pin'
DEBUG    20/07 16:13:32   Found file '/databases/comparippson/mibig/3.1/cores.fa.pot'
DEBUG    20/07 16:13:32   Found file '/databases/comparippson/mibig/3.1/cores.fa.psq'
DEBUG    20/07 16:13:32   Found file '/databases/comparippson/mibig/3.1/cores.fa.ptf'
DEBUG    20/07 16:13:32   Found file '/databases/comparippson/mibig/3.1/cores.fa.pto'
DEBUG    20/07 16:13:32   Checking prerequisites for antismash.modules.lassopeptides
DEBUG    20/07 16:13:32   Checking prerequisites for antismash.modules.nrps_pks
DEBUG    20/07 16:13:32   Found existing cache for /usr/local/lib/python3.9/dist-packages/antismash/modules/nrps_pks/data/terminals/cterm.fasta
DEBUG    20/07 16:13:32   Found existing cache for /usr/local/lib/python3.9/dist-packages/antismash/modules/nrps_pks/data/terminals/nterm.fasta
DEBUG    20/07 16:13:32   Found existing cache for /usr/local/lib/python3.9/dist-packages/antismash/modules/nrps_pks/at_analysis/data/AT_domains_muscle.fasta
DEBUG    20/07 16:13:32   Found existing cache for /usr/local/lib/python3.9/dist-packages/antismash/modules/nrps_pks/kr_analysis/data/KRdomains_muscle.fasta
DEBUG    20/07 16:13:32   Found existing cache for /usr/local/lib/python3.9/dist-packages/antismash/modules/nrps_pks/minowa/data/AT_domains_muscle.fasta
DEBUG    20/07 16:13:32   Found existing cache for /usr/local/lib/python3.9/dist-packages/antismash/modules/nrps_pks/minowa/data/CAL_domains_muscle.fasta
DEBUG    20/07 16:13:32   Checking prerequisites for antismash.modules.pfam2go
DEBUG    20/07 16:13:32   Found file '/usr/local/lib/python3.9/dist-packages/antismash/modules/pfam2go/data/pfam2go.txt'
DEBUG    20/07 16:13:32   Checking prerequisites for antismash.modules.rrefinder
DEBUG    20/07 16:13:32   Found file '/usr/local/lib/python3.9/dist-packages/antismash/modules/rrefinder/data/RREFam.hmm.h3f'
DEBUG    20/07 16:13:32   Found file '/usr/local/lib/python3.9/dist-packages/antismash/modules/rrefinder/data/RREFam.hmm.h3i'
DEBUG    20/07 16:13:32   Found file '/usr/local/lib/python3.9/dist-packages/antismash/modules/rrefinder/data/RREFam.hmm.h3m'
DEBUG    20/07 16:13:32   Found file '/usr/local/lib/python3.9/dist-packages/antismash/modules/rrefinder/data/RREFam.hmm.h3p'
DEBUG    20/07 16:13:32   Checking prerequisites for antismash.modules.sactipeptides
DEBUG    20/07 16:13:32   Checking prerequisites for antismash.modules.t2pks
DEBUG    20/07 16:13:32   Found file '/usr/local/lib/python3.9/dist-packages/antismash/modules/t2pks/data/KSIII.fasta'
DEBUG    20/07 16:13:32   Found file '/usr/local/lib/python3.9/dist-packages/antismash/modules/t2pks/data/KSIII.phr'
DEBUG    20/07 16:13:32   Found file '/usr/local/lib/python3.9/dist-packages/antismash/modules/t2pks/data/KSIII.pin'
DEBUG    20/07 16:13:32   Found file '/usr/local/lib/python3.9/dist-packages/antismash/modules/t2pks/data/KSIII.psq'
DEBUG    20/07 16:13:32   Found file '/usr/local/lib/python3.9/dist-packages/antismash/modules/t2pks/data/AT.fasta'
DEBUG    20/07 16:13:32   Found file '/usr/local/lib/python3.9/dist-packages/antismash/modules/t2pks/data/AT.phr'
DEBUG    20/07 16:13:32   Found file '/usr/local/lib/python3.9/dist-packages/antismash/modules/t2pks/data/AT.pin'
DEBUG    20/07 16:13:32   Found file '/usr/local/lib/python3.9/dist-packages/antismash/modules/t2pks/data/AT.psq'
DEBUG    20/07 16:13:32   Found file '/usr/local/lib/python3.9/dist-packages/antismash/modules/t2pks/data/LIG.fasta'
DEBUG    20/07 16:13:32   Found file '/usr/local/lib/python3.9/dist-packages/antismash/modules/t2pks/data/LIG.phr'
DEBUG    20/07 16:13:32   Found file '/usr/local/lib/python3.9/dist-packages/antismash/modules/t2pks/data/LIG.pin'
DEBUG    20/07 16:13:32   Found file '/usr/local/lib/python3.9/dist-packages/antismash/modules/t2pks/data/LIG.psq'
DEBUG    20/07 16:13:32   Found file '/usr/local/lib/python3.9/dist-packages/antismash/modules/t2pks/data/t2pks.hmm.h3f'
DEBUG    20/07 16:13:32   Found file '/usr/local/lib/python3.9/dist-packages/antismash/modules/t2pks/data/t2pks.hmm.h3i'
DEBUG    20/07 16:13:32   Found file '/usr/local/lib/python3.9/dist-packages/antismash/modules/t2pks/data/t2pks.hmm.h3m'
DEBUG    20/07 16:13:32   Found file '/usr/local/lib/python3.9/dist-packages/antismash/modules/t2pks/data/t2pks.hmm.h3p'
DEBUG    20/07 16:13:32   Checking prerequisites for antismash.modules.tfbs_finder
DEBUG    20/07 16:13:32   Found file '/usr/local/lib/python3.9/dist-packages/antismash/modules/tfbs_finder/data/PWMs.json'
DEBUG    20/07 16:13:32   Checking prerequisites for antismash.modules.thiopeptides
DEBUG    20/07 16:13:32   Found file '/usr/local/lib/python3.9/dist-packages/antismash/modules/thiopeptides/data/thiopep3.hmm.h3f'
DEBUG    20/07 16:13:32   Found file '/usr/local/lib/python3.9/dist-packages/antismash/modules/thiopeptides/data/thiopep3.hmm.h3i'
DEBUG    20/07 16:13:32   Found file '/usr/local/lib/python3.9/dist-packages/antismash/modules/thiopeptides/data/thiopep3.hmm.h3m'
DEBUG    20/07 16:13:32   Found file '/usr/local/lib/python3.9/dist-packages/antismash/modules/thiopeptides/data/thiopep3.hmm.h3p'
DEBUG    20/07 16:13:32   Checking prerequisites for antismash.modules.tta
DEBUG    20/07 16:13:32   Checking prerequisites for antismash.outputs.html
DEBUG    20/07 16:13:32   Found file '/usr/local/lib/python3.9/dist-packages/antismash/outputs/html/css/bacteria.css'
DEBUG    20/07 16:13:32   Found file '/usr/local/lib/python3.9/dist-packages/antismash/outputs/html/css/fungi.css'
DEBUG    20/07 16:13:32   Found file '/usr/local/lib/python3.9/dist-packages/antismash/outputs/html/css/plants.css'
DEBUG    20/07 16:13:32   Checking prerequisites for antismash.support.genefinding
DEBUG    20/07 16:13:32   Checking options for antismash.detection.hmm_detection
DEBUG    20/07 16:13:32   Checking options for antismash.detection.cluster_hmmer
DEBUG    20/07 16:13:32   Found file '/databases/pfam/34.0/Pfam-A.hmm'
DEBUG    20/07 16:13:32   Found file '/databases/pfam/34.0/Pfam-A.hmm.h3f'
DEBUG    20/07 16:13:32   Found file '/databases/pfam/34.0/Pfam-A.hmm.h3i'
DEBUG    20/07 16:13:32   Found file '/databases/pfam/34.0/Pfam-A.hmm.h3m'
DEBUG    20/07 16:13:32   Found file '/databases/pfam/34.0/Pfam-A.hmm.h3p'
DEBUG    20/07 16:13:32   Checking options for antismash.detection.genefunctions
DEBUG    20/07 16:13:32   Checking options for antismash.detection.nrps_pks_domains
DEBUG    20/07 16:13:32   Checking options for antismash.detection.tigrfam
DEBUG    20/07 16:13:32   Checking options for antismash.modules.active_site_finder
DEBUG    20/07 16:13:32   Checking options for antismash.modules.cluster_compare
DEBUG    20/07 16:13:32   Checking options for antismash.modules.clusterblast
DEBUG    20/07 16:13:32   Checking options for antismash.modules.lanthipeptides
DEBUG    20/07 16:13:32   Checking options for antismash.modules.lassopeptides
DEBUG    20/07 16:13:32   Checking options for antismash.modules.nrps_pks
DEBUG    20/07 16:13:32   Checking options for antismash.modules.pfam2go
DEBUG    20/07 16:13:32   Checking options for antismash.modules.rrefinder
DEBUG    20/07 16:13:32   Checking options for antismash.modules.sactipeptides
DEBUG    20/07 16:13:32   Checking options for antismash.modules.t2pks
DEBUG    20/07 16:13:32   Checking options for antismash.modules.tfbs_finder
DEBUG    20/07 16:13:32   Checking options for antismash.modules.thiopeptides
DEBUG    20/07 16:13:32   Checking options for antismash.modules.tta
DEBUG    20/07 16:13:32   Checking options for antismash.outputs.html
DEBUG    20/07 16:13:32   Checking options for antismash.support.genefinding
INFO     20/07 16:13:32   Parsing input sequence '/input/GCF_003290025.1_Pseudogemmobacter_bohemicus_Cd-10.gbk'
DEBUG    20/07 16:13:33   Stripping antiSMASH features and annotations from record: NZ_QNHG01000001.1
DEBUG    20/07 16:13:33   Stripping antiSMASH features and annotations from record: NZ_QNHG01000002.1
DEBUG    20/07 16:13:33   Stripping antiSMASH features and annotations from record: NZ_QNHG01000003.1
DEBUG    20/07 16:13:33   Stripping antiSMASH features and annotations from record: NZ_QNHG01000004.1
DEBUG    20/07 16:13:33   Stripping antiSMASH features and annotations from record: NZ_QNHG01000005.1
DEBUG    20/07 16:13:33   Stripping antiSMASH features and annotations from record: NZ_QNHG01000006.1
DEBUG    20/07 16:13:33   Stripping antiSMASH features and annotations from record: NZ_QNHG01000007.1
DEBUG    20/07 16:13:33   Stripping antiSMASH features and annotations from record: NZ_QNHG01000008.1
DEBUG    20/07 16:13:33   Stripping antiSMASH features and annotations from record: NZ_QNHG01000009.1
DEBUG    20/07 16:13:33   Stripping antiSMASH features and annotations from record: NZ_QNHG01000010.1
DEBUG    20/07 16:13:33   Stripping antiSMASH features and annotations from record: NZ_QNHG01000011.1
DEBUG    20/07 16:13:33   Stripping antiSMASH features and annotations from record: NZ_QNHG01000012.1
DEBUG    20/07 16:13:33   Stripping antiSMASH features and annotations from record: NZ_QNHG01000013.1
DEBUG    20/07 16:13:33   Stripping antiSMASH features and annotations from record: NZ_QNHG01000014.1
DEBUG    20/07 16:13:33   Stripping antiSMASH features and annotations from record: NZ_QNHG01000015.1
DEBUG    20/07 16:13:33   Stripping antiSMASH features and annotations from record: NZ_QNHG01000016.1
DEBUG    20/07 16:13:33   Converting records from biopython to secmet
DEBUG    20/07 16:13:34   Removing existing region genbank files
DEBUG    20/07 16:13:34   Reusing output directory: /data/antismash/upload/bacteria-803cd1bf-bc6a-453d-88f6-56b0d2628408
DEBUG    20/07 16:13:34   Preprocessing 16 sequences
DEBUG    20/07 16:13:34   Sanitising record ids and sequences
DEBUG    20/07 16:13:35   Removing sequences smaller than 1000 bases
DEBUG    20/07 16:13:35   Ensuring records have CDS features with all required information
INFO     20/07 16:13:36   Analysing record: NZ_QNHG01000001.1
INFO     20/07 16:13:36   Detecting secondary metabolite clusters
DEBUG    20/07 16:13:36   Checking if antismash.detection.hmm_detection should be run
INFO     20/07 16:13:36   Running antismash.detection.hmm_detection
INFO     20/07 16:13:36   HMM detection using strictness: relaxed
DEBUG    20/07 16:13:43   1 rule-based cluster(s) found in record
DEBUG    20/07 16:13:43   1 protoclusters found
DEBUG    20/07 16:13:43   0 subregions found
INFO     20/07 16:13:43   1 region(s) detected in record
DEBUG    20/07 16:13:43   Checking if antismash.detection.cluster_hmmer should be run
INFO     20/07 16:13:43   Running antismash.detection.cluster_hmmer
INFO     20/07 16:13:43   Running cluster PFAM search
DEBUG    20/07 16:13:58   Building name mapping for HMMer database Pfam-A.hmm
DEBUG    20/07 16:14:03   Building cutoff mapping for HMMer database /databases/pfam/34.0/Pfam-A.hmm
DEBUG    20/07 16:14:07   Adding detection results from antismash.detection.cluster_hmmer to record
DEBUG    20/07 16:14:07   Checking if antismash.detection.genefunctions should be run
INFO     20/07 16:14:07   Running antismash.detection.genefunctions
DEBUG    20/07 16:14:09   Adding detection results from antismash.detection.genefunctions to record
DEBUG    20/07 16:14:09   annotating CDS features with resist info: 0 CDSes
DEBUG    20/07 16:14:09   annotating CDS features with smcogs info: 9 CDSes
DEBUG    20/07 16:14:09   Checking if antismash.detection.nrps_pks_domains should be run
INFO     20/07 16:14:09   Running antismash.detection.nrps_pks_domains
DEBUG    20/07 16:14:09   Marking NRPS/PKS CDS features and domains in clusters
DEBUG    20/07 16:14:09   Adding detection results from antismash.detection.nrps_pks_domains to record
DEBUG    20/07 16:14:09   Checking if antismash.detection.tigrfam should be run
INFO     20/07 16:14:09   Running antismash.detection.tigrfam
INFO     20/07 16:14:09   Running TIGRFam search
DEBUG    20/07 16:14:14   Building name mapping for HMMer database TIGRFam.hmm
DEBUG    20/07 16:14:16   Adding detection results from antismash.detection.tigrfam to record
DEBUG    20/07 16:14:16   Checking if antismash.modules.active_site_finder should be run
INFO     20/07 16:14:16   Running antismash.modules.active_site_finder
DEBUG    20/07 16:14:16   Checking if antismash.modules.cluster_compare should be run
INFO     20/07 16:14:16   Running antismash.modules.cluster_compare
DEBUG    20/07 16:14:16   Loading comparison database: MIBiG
DEBUG    20/07 16:14:17   Comparison database loaded
INFO     20/07 16:14:17   Comparing regions to reference database
DEBUG    20/07 16:14:19   Checking if antismash.modules.clusterblast should be run
INFO     20/07 16:14:19   Running antismash.modules.clusterblast
INFO     20/07 16:14:19   Finding internal homologs in each gene cluster...
INFO     20/07 16:14:20   Running ClusterBlast
INFO     20/07 16:14:20   ClusterBlast: Loading gene cluster database into memory...
INFO     20/07 16:14:22   ClusterBlast: Loading gene cluster database proteins into memory...
INFO     20/07 16:14:36   Comparing regions to reference database
INFO     20/07 16:15:51   Running subcluster search
INFO     20/07 16:15:51   SubClusterBlast: Loading gene cluster database into memory...
INFO     20/07 16:15:51   SubClusterBlast: Loading gene cluster database proteins into memory...
INFO     20/07 16:15:52   Running known cluster search
INFO     20/07 16:15:52   KnownClusterBlast: Loading gene cluster database into memory...
INFO     20/07 16:15:52   KnownClusterBlast: Loading gene cluster database proteins into memory...
DEBUG    20/07 16:15:52   Running DIAMOND knowncluster searches..
INFO     20/07 16:15:52   Comparing regions to reference database
DEBUG    20/07 16:15:56   Checking if antismash.modules.lanthipeptides should be run
INFO     20/07 16:15:56   Running antismash.modules.lanthipeptides
DEBUG    20/07 16:15:56   Lanthipeptide module marked 0 motifs
DEBUG    20/07 16:15:57   Checking if antismash.modules.lassopeptides should be run
INFO     20/07 16:15:57   Running antismash.modules.lassopeptides
DEBUG    20/07 16:15:58   Lassopeptide module marked 0 motifs
DEBUG    20/07 16:15:58   Checking if antismash.modules.nrps_pks should be run
INFO     20/07 16:15:58   Running antismash.modules.nrps_pks
DEBUG    20/07 16:15:58   CandidateCluster 1 monomer ordering method: colinear
DEBUG    20/07 16:15:58   Checking if antismash.modules.pfam2go should be run
INFO     20/07 16:15:58   Running antismash.modules.pfam2go
DEBUG    20/07 16:15:58   Checking if antismash.modules.rrefinder should be run
INFO     20/07 16:15:58   Running antismash.modules.rrefinder
DEBUG    20/07 16:15:58   Checking if antismash.modules.sactipeptides should be run
INFO     20/07 16:15:58   Running antismash.modules.sactipeptides
DEBUG    20/07 16:15:58   Found no sactipeptide motifs
DEBUG    20/07 16:16:00   Checking if antismash.modules.t2pks should be run
INFO     20/07 16:16:00   Running antismash.modules.t2pks
DEBUG    20/07 16:16:00   No type II PKS clusters to analyze
DEBUG    20/07 16:16:00   Checking if antismash.modules.tfbs_finder should be run
INFO     20/07 16:16:00   Running antismash.modules.tfbs_finder
DEBUG    20/07 16:16:00   Checking if antismash.modules.thiopeptides should be run
INFO     20/07 16:16:00   Running antismash.modules.thiopeptides
DEBUG    20/07 16:16:00   Thiopeptides marked 0 motifs
DEBUG    20/07 16:16:01   Checking if antismash.modules.tta should be run
INFO     20/07 16:16:01   Running antismash.modules.tta
INFO     20/07 16:16:01   Skipping TTA codon detection, GC content too low: 62%
INFO     20/07 16:16:01   Analysing record: NZ_QNHG01000002.1
INFO     20/07 16:16:01   Detecting secondary metabolite clusters
DEBUG    20/07 16:16:01   Checking if antismash.detection.hmm_detection should be run
INFO     20/07 16:16:01   Running antismash.detection.hmm_detection
INFO     20/07 16:16:01   HMM detection using strictness: relaxed
DEBUG    20/07 16:16:08   0 rule-based cluster(s) found in record
DEBUG    20/07 16:16:08   0 protoclusters found
DEBUG    20/07 16:16:08   0 subregions found
INFO     20/07 16:16:08   No regions detected, skipping record
INFO     20/07 16:16:08   Analysing record: NZ_QNHG01000003.1
INFO     20/07 16:16:08   Detecting secondary metabolite clusters
DEBUG    20/07 16:16:08   Checking if antismash.detection.hmm_detection should be run
INFO     20/07 16:16:08   Running antismash.detection.hmm_detection
INFO     20/07 16:16:08   HMM detection using strictness: relaxed
DEBUG    20/07 16:16:12   0 rule-based cluster(s) found in record
DEBUG    20/07 16:16:12   0 protoclusters found
DEBUG    20/07 16:16:12   0 subregions found
INFO     20/07 16:16:12   No regions detected, skipping record
INFO     20/07 16:16:12   Analysing record: NZ_QNHG01000004.1
INFO     20/07 16:16:12   Detecting secondary metabolite clusters
DEBUG    20/07 16:16:12   Checking if antismash.detection.hmm_detection should be run
INFO     20/07 16:16:12   Running antismash.detection.hmm_detection
INFO     20/07 16:16:12   HMM detection using strictness: relaxed
DEBUG    20/07 16:16:16   2 rule-based cluster(s) found in record
DEBUG    20/07 16:16:16   2 protoclusters found
DEBUG    20/07 16:16:16   0 subregions found
INFO     20/07 16:16:16   1 region(s) detected in record
DEBUG    20/07 16:16:16   Checking if antismash.detection.cluster_hmmer should be run
INFO     20/07 16:16:16   Running antismash.detection.cluster_hmmer
INFO     20/07 16:16:16   Running cluster PFAM search
DEBUG    20/07 16:16:32   Adding detection results from antismash.detection.cluster_hmmer to record
DEBUG    20/07 16:16:32   Checking if antismash.detection.genefunctions should be run
INFO     20/07 16:16:32   Running antismash.detection.genefunctions
DEBUG    20/07 16:16:34   Adding detection results from antismash.detection.genefunctions to record
DEBUG    20/07 16:16:34   annotating CDS features with resist info: 0 CDSes
DEBUG    20/07 16:16:34   annotating CDS features with smcogs info: 8 CDSes
DEBUG    20/07 16:16:34   Checking if antismash.detection.nrps_pks_domains should be run
INFO     20/07 16:16:34   Running antismash.detection.nrps_pks_domains
DEBUG    20/07 16:16:34   Marking NRPS/PKS CDS features and domains in clusters
DEBUG    20/07 16:16:34   Adding detection results from antismash.detection.nrps_pks_domains to record
DEBUG    20/07 16:16:34   Checking if antismash.detection.tigrfam should be run
INFO     20/07 16:16:34   Running antismash.detection.tigrfam
INFO     20/07 16:16:34   Running TIGRFam search
DEBUG    20/07 16:16:40   Adding detection results from antismash.detection.tigrfam to record
DEBUG    20/07 16:16:40   Checking if antismash.modules.active_site_finder should be run
INFO     20/07 16:16:40   Running antismash.modules.active_site_finder
DEBUG    20/07 16:16:40   Checking if antismash.modules.cluster_compare should be run
INFO     20/07 16:16:40   Running antismash.modules.cluster_compare
DEBUG    20/07 16:16:40   Loading comparison database: MIBiG
DEBUG    20/07 16:16:40   Comparison database loaded
INFO     20/07 16:16:40   Comparing regions to reference database
DEBUG    20/07 16:16:43   Checking if antismash.modules.clusterblast should be run
INFO     20/07 16:16:43   Running antismash.modules.clusterblast
INFO     20/07 16:16:43   Finding internal homologs in each gene cluster...
INFO     20/07 16:16:44   Running ClusterBlast
INFO     20/07 16:16:44   ClusterBlast: Loading gene cluster database into memory...
INFO     20/07 16:16:46   ClusterBlast: Loading gene cluster database proteins into memory...
INFO     20/07 16:17:01   Comparing regions to reference database
INFO     20/07 16:18:09   Running subcluster search
INFO     20/07 16:18:09   SubClusterBlast: Loading gene cluster database into memory...
INFO     20/07 16:18:09   SubClusterBlast: Loading gene cluster database proteins into memory...
INFO     20/07 16:18:11   Running known cluster search
INFO     20/07 16:18:11   KnownClusterBlast: Loading gene cluster database into memory...
INFO     20/07 16:18:11   KnownClusterBlast: Loading gene cluster database proteins into memory...
DEBUG    20/07 16:18:11   Running DIAMOND knowncluster searches..
INFO     20/07 16:18:11   Comparing regions to reference database
DEBUG    20/07 16:18:15   Checking if antismash.modules.lanthipeptides should be run
INFO     20/07 16:18:15   Running antismash.modules.lanthipeptides
DEBUG    20/07 16:18:15   Lanthipeptide module marked 0 motifs
DEBUG    20/07 16:18:17   Checking if antismash.modules.lassopeptides should be run
INFO     20/07 16:18:17   Running antismash.modules.lassopeptides
DEBUG    20/07 16:18:20   Lassopeptide module marked 0 motifs
DEBUG    20/07 16:18:20   Checking if antismash.modules.nrps_pks should be run
INFO     20/07 16:18:20   Running antismash.modules.nrps_pks
INFO     20/07 16:18:20   Predicting A domain substrate specificities with nrpys
DEBUG    20/07 16:18:20   CandidateCluster 1 monomer ordering method: colinear
DEBUG    20/07 16:18:20   CandidateCluster 2 monomer ordering method: colinear
DEBUG    20/07 16:18:20   CandidateCluster 3 monomer ordering method: colinear
DEBUG    20/07 16:18:20   Checking if antismash.modules.pfam2go should be run
INFO     20/07 16:18:20   Running antismash.modules.pfam2go
DEBUG    20/07 16:18:20   Checking if antismash.modules.rrefinder should be run
INFO     20/07 16:18:20   Running antismash.modules.rrefinder
DEBUG    20/07 16:18:20   Checking if antismash.modules.sactipeptides should be run
INFO     20/07 16:18:20   Running antismash.modules.sactipeptides
DEBUG    20/07 16:18:20   Found no sactipeptide motifs
DEBUG    20/07 16:18:21   Checking if antismash.modules.t2pks should be run
INFO     20/07 16:18:21   Running antismash.modules.t2pks
DEBUG    20/07 16:18:21   No type II PKS clusters to analyze
DEBUG    20/07 16:18:21   Checking if antismash.modules.tfbs_finder should be run
INFO     20/07 16:18:21   Running antismash.modules.tfbs_finder
DEBUG    20/07 16:18:21   Checking if antismash.modules.thiopeptides should be run
INFO     20/07 16:18:21   Running antismash.modules.thiopeptides
DEBUG    20/07 16:18:21   Thiopeptides marked 0 motifs
DEBUG    20/07 16:18:24   Checking if antismash.modules.tta should be run
INFO     20/07 16:18:24   Running antismash.modules.tta
INFO     20/07 16:18:24   Skipping TTA codon detection, GC content too low: 62%
INFO     20/07 16:18:24   Analysing record: NZ_QNHG01000005.1
INFO     20/07 16:18:24   Detecting secondary metabolite clusters
DEBUG    20/07 16:18:24   Checking if antismash.detection.hmm_detection should be run
INFO     20/07 16:18:24   Running antismash.detection.hmm_detection
INFO     20/07 16:18:24   HMM detection using strictness: relaxed
DEBUG    20/07 16:18:25   0 rule-based cluster(s) found in record
DEBUG    20/07 16:18:25   0 protoclusters found
DEBUG    20/07 16:18:25   0 subregions found
INFO     20/07 16:18:25   No regions detected, skipping record
INFO     20/07 16:18:25   Analysing record: NZ_QNHG01000006.1
INFO     20/07 16:18:25   Detecting secondary metabolite clusters
DEBUG    20/07 16:18:25   Checking if antismash.detection.hmm_detection should be run
INFO     20/07 16:18:25   Running antismash.detection.hmm_detection
INFO     20/07 16:18:25   HMM detection using strictness: relaxed
DEBUG    20/07 16:18:27   1 rule-based cluster(s) found in record
DEBUG    20/07 16:18:27   1 protoclusters found
DEBUG    20/07 16:18:27   0 subregions found
INFO     20/07 16:18:27   1 region(s) detected in record
DEBUG    20/07 16:18:27   Checking if antismash.detection.cluster_hmmer should be run
INFO     20/07 16:18:27   Running antismash.detection.cluster_hmmer
INFO     20/07 16:18:27   Running cluster PFAM search
DEBUG    20/07 16:18:35   Adding detection results from antismash.detection.cluster_hmmer to record
DEBUG    20/07 16:18:35   Checking if antismash.detection.genefunctions should be run
INFO     20/07 16:18:35   Running antismash.detection.genefunctions
DEBUG    20/07 16:18:36   Adding detection results from antismash.detection.genefunctions to record
DEBUG    20/07 16:18:36   annotating CDS features with resist info: 0 CDSes
DEBUG    20/07 16:18:36   annotating CDS features with smcogs info: 9 CDSes
DEBUG    20/07 16:18:36   Checking if antismash.detection.nrps_pks_domains should be run
INFO     20/07 16:18:36   Running antismash.detection.nrps_pks_domains
DEBUG    20/07 16:18:36   Marking NRPS/PKS CDS features and domains in clusters
DEBUG    20/07 16:18:36   Adding detection results from antismash.detection.nrps_pks_domains to record
DEBUG    20/07 16:18:36   Checking if antismash.detection.tigrfam should be run
INFO     20/07 16:18:36   Running antismash.detection.tigrfam
INFO     20/07 16:18:36   Running TIGRFam search
DEBUG    20/07 16:18:39   Adding detection results from antismash.detection.tigrfam to record
DEBUG    20/07 16:18:39   Checking if antismash.modules.active_site_finder should be run
INFO     20/07 16:18:39   Running antismash.modules.active_site_finder
DEBUG    20/07 16:18:39   Checking if antismash.modules.cluster_compare should be run
INFO     20/07 16:18:39   Running antismash.modules.cluster_compare
DEBUG    20/07 16:18:39   Loading comparison database: MIBiG
DEBUG    20/07 16:18:39   Comparison database loaded
INFO     20/07 16:18:39   Comparing regions to reference database
DEBUG    20/07 16:18:41   Checking if antismash.modules.clusterblast should be run
INFO     20/07 16:18:41   Running antismash.modules.clusterblast
INFO     20/07 16:18:41   Finding internal homologs in each gene cluster...
INFO     20/07 16:18:41   Running ClusterBlast
INFO     20/07 16:18:41   ClusterBlast: Loading gene cluster database into memory...
INFO     20/07 16:18:43   ClusterBlast: Loading gene cluster database proteins into memory...
INFO     20/07 16:18:58   Comparing regions to reference database
INFO     20/07 16:20:04   Running subcluster search
INFO     20/07 16:20:04   SubClusterBlast: Loading gene cluster database into memory...
INFO     20/07 16:20:04   SubClusterBlast: Loading gene cluster database proteins into memory...
INFO     20/07 16:20:06   Running known cluster search
INFO     20/07 16:20:06   KnownClusterBlast: Loading gene cluster database into memory...
INFO     20/07 16:20:06   KnownClusterBlast: Loading gene cluster database proteins into memory...
DEBUG    20/07 16:20:06   Running DIAMOND knowncluster searches..
INFO     20/07 16:20:06   Comparing regions to reference database
DEBUG    20/07 16:20:09   Checking if antismash.modules.lanthipeptides should be run
INFO     20/07 16:20:09   Running antismash.modules.lanthipeptides
DEBUG    20/07 16:20:09   Lanthipeptide module marked 0 motifs
DEBUG    20/07 16:20:10   Checking if antismash.modules.lassopeptides should be run
INFO     20/07 16:20:10   Running antismash.modules.lassopeptides
DEBUG    20/07 16:20:11   Lassopeptide module marked 0 motifs
DEBUG    20/07 16:20:11   Checking if antismash.modules.nrps_pks should be run
INFO     20/07 16:20:11   Running antismash.modules.nrps_pks
DEBUG    20/07 16:20:11   No NRPS or PKS genes found, skipping analysis
DEBUG    20/07 16:20:11   Checking if antismash.modules.pfam2go should be run
INFO     20/07 16:20:11   Running antismash.modules.pfam2go
DEBUG    20/07 16:20:11   Checking if antismash.modules.rrefinder should be run
INFO     20/07 16:20:11   Running antismash.modules.rrefinder
DEBUG    20/07 16:20:11   Checking if antismash.modules.sactipeptides should be run
INFO     20/07 16:20:11   Running antismash.modules.sactipeptides
DEBUG    20/07 16:20:11   Found no sactipeptide motifs
DEBUG    20/07 16:20:12   Checking if antismash.modules.t2pks should be run
INFO     20/07 16:20:12   Running antismash.modules.t2pks
DEBUG    20/07 16:20:12   No type II PKS clusters to analyze
DEBUG    20/07 16:20:12   Checking if antismash.modules.tfbs_finder should be run
INFO     20/07 16:20:12   Running antismash.modules.tfbs_finder
DEBUG    20/07 16:20:13   Checking if antismash.modules.thiopeptides should be run
INFO     20/07 16:20:13   Running antismash.modules.thiopeptides
DEBUG    20/07 16:20:13   Thiopeptides marked 0 motifs
DEBUG    20/07 16:20:15   Checking if antismash.modules.tta should be run
INFO     20/07 16:20:15   Running antismash.modules.tta
INFO     20/07 16:20:15   Skipping TTA codon detection, GC content too low: 63%
INFO     20/07 16:20:15   Analysing record: NZ_QNHG01000007.1
INFO     20/07 16:20:15   Detecting secondary metabolite clusters
DEBUG    20/07 16:20:15   Checking if antismash.detection.hmm_detection should be run
INFO     20/07 16:20:15   Running antismash.detection.hmm_detection
INFO     20/07 16:20:15   HMM detection using strictness: relaxed
DEBUG    20/07 16:20:17   1 rule-based cluster(s) found in record
DEBUG    20/07 16:20:17   1 protoclusters found
DEBUG    20/07 16:20:17   0 subregions found
INFO     20/07 16:20:17   1 region(s) detected in record
DEBUG    20/07 16:20:17   Checking if antismash.detection.cluster_hmmer should be run
INFO     20/07 16:20:17   Running antismash.detection.cluster_hmmer
INFO     20/07 16:20:17   Running cluster PFAM search
DEBUG    20/07 16:20:24   Adding detection results from antismash.detection.cluster_hmmer to record
DEBUG    20/07 16:20:24   Checking if antismash.detection.genefunctions should be run
INFO     20/07 16:20:24   Running antismash.detection.genefunctions
DEBUG    20/07 16:20:25   Adding detection results from antismash.detection.genefunctions to record
DEBUG    20/07 16:20:25   annotating CDS features with resist info: 0 CDSes
DEBUG    20/07 16:20:25   annotating CDS features with smcogs info: 9 CDSes
DEBUG    20/07 16:20:25   Checking if antismash.detection.nrps_pks_domains should be run
INFO     20/07 16:20:25   Running antismash.detection.nrps_pks_domains
DEBUG    20/07 16:20:25   Marking NRPS/PKS CDS features and domains in clusters
DEBUG    20/07 16:20:26   Adding detection results from antismash.detection.nrps_pks_domains to record
DEBUG    20/07 16:20:26   Checking if antismash.detection.tigrfam should be run
INFO     20/07 16:20:26   Running antismash.detection.tigrfam
INFO     20/07 16:20:26   Running TIGRFam search
DEBUG    20/07 16:20:28   Adding detection results from antismash.detection.tigrfam to record
DEBUG    20/07 16:20:28   Checking if antismash.modules.active_site_finder should be run
INFO     20/07 16:20:28   Running antismash.modules.active_site_finder
DEBUG    20/07 16:20:28   Checking if antismash.modules.cluster_compare should be run
INFO     20/07 16:20:28   Running antismash.modules.cluster_compare
DEBUG    20/07 16:20:28   Loading comparison database: MIBiG
DEBUG    20/07 16:20:28   Comparison database loaded
INFO     20/07 16:20:28   Comparing regions to reference database
DEBUG    20/07 16:20:30   Checking if antismash.modules.clusterblast should be run
INFO     20/07 16:20:30   Running antismash.modules.clusterblast
INFO     20/07 16:20:30   Finding internal homologs in each gene cluster...
INFO     20/07 16:20:31   Running ClusterBlast
INFO     20/07 16:20:31   ClusterBlast: Loading gene cluster database into memory...
INFO     20/07 16:20:33   ClusterBlast: Loading gene cluster database proteins into memory...
INFO     20/07 16:20:47   Comparing regions to reference database
INFO     20/07 16:21:54   Running subcluster search
INFO     20/07 16:21:54   SubClusterBlast: Loading gene cluster database into memory...
INFO     20/07 16:21:54   SubClusterBlast: Loading gene cluster database proteins into memory...
INFO     20/07 16:21:55   Running known cluster search
INFO     20/07 16:21:55   KnownClusterBlast: Loading gene cluster database into memory...
INFO     20/07 16:21:55   KnownClusterBlast: Loading gene cluster database proteins into memory...
DEBUG    20/07 16:21:55   Running DIAMOND knowncluster searches..
INFO     20/07 16:21:55   Comparing regions to reference database
DEBUG    20/07 16:21:58   Checking if antismash.modules.lanthipeptides should be run
INFO     20/07 16:21:58   Running antismash.modules.lanthipeptides
DEBUG    20/07 16:21:58   Lanthipeptide module marked 0 motifs
DEBUG    20/07 16:22:00   Checking if antismash.modules.lassopeptides should be run
INFO     20/07 16:22:00   Running antismash.modules.lassopeptides
DEBUG    20/07 16:22:01   Lassopeptide module marked 0 motifs
DEBUG    20/07 16:22:01   Checking if antismash.modules.nrps_pks should be run
INFO     20/07 16:22:01   Running antismash.modules.nrps_pks
DEBUG    20/07 16:22:01   No NRPS or PKS genes found, skipping analysis
DEBUG    20/07 16:22:01   Checking if antismash.modules.pfam2go should be run
INFO     20/07 16:22:01   Running antismash.modules.pfam2go
DEBUG    20/07 16:22:01   Checking if antismash.modules.rrefinder should be run
INFO     20/07 16:22:01   Running antismash.modules.rrefinder
DEBUG    20/07 16:22:01   Building name mapping for HMMer database RREFam.hmm
DEBUG    20/07 16:22:01   Checking if antismash.modules.sactipeptides should be run
INFO     20/07 16:22:01   Running antismash.modules.sactipeptides
DEBUG    20/07 16:22:01   Found no sactipeptide motifs
DEBUG    20/07 16:22:03   Checking if antismash.modules.t2pks should be run
INFO     20/07 16:22:03   Running antismash.modules.t2pks
DEBUG    20/07 16:22:03   No type II PKS clusters to analyze
DEBUG    20/07 16:22:03   Checking if antismash.modules.tfbs_finder should be run
INFO     20/07 16:22:03   Running antismash.modules.tfbs_finder
DEBUG    20/07 16:22:03   Checking if antismash.modules.thiopeptides should be run
INFO     20/07 16:22:03   Running antismash.modules.thiopeptides
DEBUG    20/07 16:22:03   Thiopeptides marked 0 motifs
DEBUG    20/07 16:22:04   Checking if antismash.modules.tta should be run
INFO     20/07 16:22:04   Running antismash.modules.tta
INFO     20/07 16:22:04   Skipping TTA codon detection, GC content too low: 63%
INFO     20/07 16:22:04   Analysing record: NZ_QNHG01000008.1
INFO     20/07 16:22:04   Detecting secondary metabolite clusters
DEBUG    20/07 16:22:04   Checking if antismash.detection.hmm_detection should be run
INFO     20/07 16:22:04   Running antismash.detection.hmm_detection
INFO     20/07 16:22:04   HMM detection using strictness: relaxed
DEBUG    20/07 16:22:05   0 rule-based cluster(s) found in record
DEBUG    20/07 16:22:05   0 protoclusters found
DEBUG    20/07 16:22:05   0 subregions found
INFO     20/07 16:22:05   No regions detected, skipping record
INFO     20/07 16:22:05   Analysing record: NZ_QNHG01000009.1
INFO     20/07 16:22:05   Detecting secondary metabolite clusters
DEBUG    20/07 16:22:05   Checking if antismash.detection.hmm_detection should be run
INFO     20/07 16:22:05   Running antismash.detection.hmm_detection
INFO     20/07 16:22:05   HMM detection using strictness: relaxed
DEBUG    20/07 16:22:06   0 rule-based cluster(s) found in record
DEBUG    20/07 16:22:06   0 protoclusters found
DEBUG    20/07 16:22:06   0 subregions found
INFO     20/07 16:22:06   No regions detected, skipping record
INFO     20/07 16:22:06   Analysing record: NZ_QNHG01000010.1
INFO     20/07 16:22:06   Detecting secondary metabolite clusters
DEBUG    20/07 16:22:06   Checking if antismash.detection.hmm_detection should be run
INFO     20/07 16:22:06   Running antismash.detection.hmm_detection
INFO     20/07 16:22:06   HMM detection using strictness: relaxed
DEBUG    20/07 16:22:06   0 rule-based cluster(s) found in record
DEBUG    20/07 16:22:06   0 protoclusters found
DEBUG    20/07 16:22:06   0 subregions found
INFO     20/07 16:22:06   No regions detected, skipping record
INFO     20/07 16:22:06   Analysing record: NZ_QNHG01000011.1
INFO     20/07 16:22:06   Detecting secondary metabolite clusters
DEBUG    20/07 16:22:06   Checking if antismash.detection.hmm_detection should be run
INFO     20/07 16:22:06   Running antismash.detection.hmm_detection
INFO     20/07 16:22:06   HMM detection using strictness: relaxed
DEBUG    20/07 16:22:07   0 rule-based cluster(s) found in record
DEBUG    20/07 16:22:07   0 protoclusters found
DEBUG    20/07 16:22:07   0 subregions found
INFO     20/07 16:22:07   No regions detected, skipping record
INFO     20/07 16:22:07   Analysing record: NZ_QNHG01000012.1
INFO     20/07 16:22:07   Detecting secondary metabolite clusters
DEBUG    20/07 16:22:07   Checking if antismash.detection.hmm_detection should be run
INFO     20/07 16:22:07   Running antismash.detection.hmm_detection
INFO     20/07 16:22:07   HMM detection using strictness: relaxed
DEBUG    20/07 16:22:07   0 rule-based cluster(s) found in record
DEBUG    20/07 16:22:08   0 protoclusters found
DEBUG    20/07 16:22:08   0 subregions found
INFO     20/07 16:22:08   No regions detected, skipping record
INFO     20/07 16:22:08   Analysing record: NZ_QNHG01000013.1
INFO     20/07 16:22:08   Detecting secondary metabolite clusters
DEBUG    20/07 16:22:08   Checking if antismash.detection.hmm_detection should be run
INFO     20/07 16:22:08   Running antismash.detection.hmm_detection
INFO     20/07 16:22:08   HMM detection using strictness: relaxed
DEBUG    20/07 16:22:08   0 rule-based cluster(s) found in record
DEBUG    20/07 16:22:09   0 protoclusters found
DEBUG    20/07 16:22:09   0 subregions found
INFO     20/07 16:22:09   No regions detected, skipping record
INFO     20/07 16:22:09   Analysing record: NZ_QNHG01000014.1
INFO     20/07 16:22:09   Detecting secondary metabolite clusters
DEBUG    20/07 16:22:09   Checking if antismash.detection.hmm_detection should be run
INFO     20/07 16:22:09   Running antismash.detection.hmm_detection
INFO     20/07 16:22:09   HMM detection using strictness: relaxed
DEBUG    20/07 16:22:09   0 rule-based cluster(s) found in record
DEBUG    20/07 16:22:09   0 protoclusters found
DEBUG    20/07 16:22:09   0 subregions found
INFO     20/07 16:22:09   No regions detected, skipping record
INFO     20/07 16:22:09   Analysing record: NZ_QNHG01000015.1
INFO     20/07 16:22:09   Detecting secondary metabolite clusters
DEBUG    20/07 16:22:09   Checking if antismash.detection.hmm_detection should be run
INFO     20/07 16:22:09   Running antismash.detection.hmm_detection
INFO     20/07 16:22:09   HMM detection using strictness: relaxed
DEBUG    20/07 16:22:10   0 rule-based cluster(s) found in record
DEBUG    20/07 16:22:10   0 protoclusters found
DEBUG    20/07 16:22:10   0 subregions found
INFO     20/07 16:22:10   No regions detected, skipping record
INFO     20/07 16:22:10   Analysing record: NZ_QNHG01000016.1
INFO     20/07 16:22:10   Detecting secondary metabolite clusters
DEBUG    20/07 16:22:10   Checking if antismash.detection.hmm_detection should be run
INFO     20/07 16:22:10   Running antismash.detection.hmm_detection
INFO     20/07 16:22:10   HMM detection using strictness: relaxed
DEBUG    20/07 16:22:10   0 rule-based cluster(s) found in record
DEBUG    20/07 16:22:10   0 protoclusters found
DEBUG    20/07 16:22:10   0 subregions found
INFO     20/07 16:22:10   No regions detected, skipping record
DEBUG    20/07 16:22:10   Writing json results to '/data/antismash/upload/bacteria-803cd1bf-bc6a-453d-88f6-56b0d2628408/GCF_003290025.1_Pseudogemmobacter_bohemicus_Cd-10.json'
DEBUG    20/07 16:22:10   Record NZ_QNHG01000001.1 has results for modules: hmm_detection, cluster_hmmer, genefunctions, nrps_pks_domains, tigrfam, active_site_finder, cluster_compare, clusterblast, lanthipeptides, lassopeptides, nrps_pks, pfam2go, rrefinder, sactipeptides, t2pks, tfbs_finder, thiopeptides
DEBUG    20/07 16:22:10   Converting antismash.detection.hmm_detection results to json
DEBUG    20/07 16:22:10   Converting antismash.detection.cluster_hmmer results to json
DEBUG    20/07 16:22:10   Converting antismash.detection.genefunctions results to json
DEBUG    20/07 16:22:10   Converting antismash.detection.nrps_pks_domains results to json
DEBUG    20/07 16:22:10   Converting antismash.detection.tigrfam results to json
DEBUG    20/07 16:22:10   Converting antismash.modules.active_site_finder results to json
DEBUG    20/07 16:22:10   Converting antismash.modules.cluster_compare results to json
DEBUG    20/07 16:22:10   Converting antismash.modules.clusterblast results to json
DEBUG    20/07 16:22:10   Converting antismash.modules.lanthipeptides results to json
DEBUG    20/07 16:22:10   Converting antismash.modules.lassopeptides results to json
DEBUG    20/07 16:22:10   Converting antismash.modules.nrps_pks results to json
DEBUG    20/07 16:22:10   Converting antismash.modules.pfam2go results to json
DEBUG    20/07 16:22:10   Converting antismash.modules.rrefinder results to json
DEBUG    20/07 16:22:10   Converting antismash.modules.sactipeptides results to json
DEBUG    20/07 16:22:10   Converting antismash.modules.t2pks results to json
DEBUG    20/07 16:22:10   Converting antismash.modules.tfbs_finder results to json
DEBUG    20/07 16:22:10   Converting antismash.modules.thiopeptides results to json
DEBUG    20/07 16:22:10   Converting antismash.modules.tta results to json
DEBUG    20/07 16:22:10   Record NZ_QNHG01000002.1 has results for modules: hmm_detection
DEBUG    20/07 16:22:10   Converting antismash.detection.hmm_detection results to json
DEBUG    20/07 16:22:10   Record NZ_QNHG01000003.1 has results for modules: hmm_detection
DEBUG    20/07 16:22:10   Converting antismash.detection.hmm_detection results to json
DEBUG    20/07 16:22:10   Record NZ_QNHG01000004.1 has results for modules: hmm_detection, cluster_hmmer, genefunctions, nrps_pks_domains, tigrfam, active_site_finder, cluster_compare, clusterblast, lanthipeptides, lassopeptides, nrps_pks, pfam2go, rrefinder, sactipeptides, t2pks, tfbs_finder, thiopeptides
DEBUG    20/07 16:22:10   Converting antismash.detection.hmm_detection results to json
DEBUG    20/07 16:22:10   Converting antismash.detection.cluster_hmmer results to json
DEBUG    20/07 16:22:10   Converting antismash.detection.genefunctions results to json
DEBUG    20/07 16:22:10   Converting antismash.detection.nrps_pks_domains results to json
DEBUG    20/07 16:22:10   Converting antismash.detection.tigrfam results to json
DEBUG    20/07 16:22:10   Converting antismash.modules.active_site_finder results to json
DEBUG    20/07 16:22:10   Converting antismash.modules.cluster_compare results to json
DEBUG    20/07 16:22:10   Converting antismash.modules.clusterblast results to json
DEBUG    20/07 16:22:10   Converting antismash.modules.lanthipeptides results to json
DEBUG    20/07 16:22:10   Converting antismash.modules.lassopeptides results to json
DEBUG    20/07 16:22:10   Converting antismash.modules.nrps_pks results to json
DEBUG    20/07 16:22:10   Converting antismash.modules.pfam2go results to json
DEBUG    20/07 16:22:10   Converting antismash.modules.rrefinder results to json
DEBUG    20/07 16:22:10   Converting antismash.modules.sactipeptides results to json
DEBUG    20/07 16:22:10   Converting antismash.modules.t2pks results to json
DEBUG    20/07 16:22:10   Converting antismash.modules.tfbs_finder results to json
DEBUG    20/07 16:22:10   Converting antismash.modules.thiopeptides results to json
DEBUG    20/07 16:22:10   Converting antismash.modules.tta results to json
DEBUG    20/07 16:22:10   Record NZ_QNHG01000005.1 has results for modules: hmm_detection
DEBUG    20/07 16:22:10   Converting antismash.detection.hmm_detection results to json
DEBUG    20/07 16:22:10   Record NZ_QNHG01000006.1 has results for modules: hmm_detection, cluster_hmmer, genefunctions, nrps_pks_domains, tigrfam, active_site_finder, cluster_compare, clusterblast, lanthipeptides, lassopeptides, nrps_pks, pfam2go, rrefinder, sactipeptides, t2pks, tfbs_finder, thiopeptides
DEBUG    20/07 16:22:10   Converting antismash.detection.hmm_detection results to json
DEBUG    20/07 16:22:10   Converting antismash.detection.cluster_hmmer results to json
DEBUG    20/07 16:22:10   Converting antismash.detection.genefunctions results to json
DEBUG    20/07 16:22:10   Converting antismash.detection.nrps_pks_domains results to json
DEBUG    20/07 16:22:10   Converting antismash.detection.tigrfam results to json
DEBUG    20/07 16:22:10   Converting antismash.modules.active_site_finder results to json
DEBUG    20/07 16:22:10   Converting antismash.modules.cluster_compare results to json
DEBUG    20/07 16:22:10   Converting antismash.modules.clusterblast results to json
DEBUG    20/07 16:22:10   Converting antismash.modules.lanthipeptides results to json
DEBUG    20/07 16:22:10   Converting antismash.modules.lassopeptides results to json
DEBUG    20/07 16:22:10   Converting antismash.modules.nrps_pks results to json
DEBUG    20/07 16:22:10   Converting antismash.modules.pfam2go results to json
DEBUG    20/07 16:22:10   Converting antismash.modules.rrefinder results to json
DEBUG    20/07 16:22:10   Converting antismash.modules.sactipeptides results to json
DEBUG    20/07 16:22:10   Converting antismash.modules.t2pks results to json
DEBUG    20/07 16:22:10   Converting antismash.modules.tfbs_finder results to json
DEBUG    20/07 16:22:10   Converting antismash.modules.thiopeptides results to json
DEBUG    20/07 16:22:10   Converting antismash.modules.tta results to json
DEBUG    20/07 16:22:10   Record NZ_QNHG01000007.1 has results for modules: hmm_detection, cluster_hmmer, genefunctions, nrps_pks_domains, tigrfam, active_site_finder, cluster_compare, clusterblast, lanthipeptides, lassopeptides, nrps_pks, pfam2go, rrefinder, sactipeptides, t2pks, tfbs_finder, thiopeptides
DEBUG    20/07 16:22:10   Converting antismash.detection.hmm_detection results to json
DEBUG    20/07 16:22:10   Converting antismash.detection.cluster_hmmer results to json
DEBUG    20/07 16:22:10   Converting antismash.detection.genefunctions results to json
DEBUG    20/07 16:22:10   Converting antismash.detection.nrps_pks_domains results to json
DEBUG    20/07 16:22:10   Converting antismash.detection.tigrfam results to json
DEBUG    20/07 16:22:10   Converting antismash.modules.active_site_finder results to json
DEBUG    20/07 16:22:10   Converting antismash.modules.cluster_compare results to json
DEBUG    20/07 16:22:10   Converting antismash.modules.clusterblast results to json
DEBUG    20/07 16:22:10   Converting antismash.modules.lanthipeptides results to json
DEBUG    20/07 16:22:10   Converting antismash.modules.lassopeptides results to json
DEBUG    20/07 16:22:10   Converting antismash.modules.nrps_pks results to json
DEBUG    20/07 16:22:10   Converting antismash.modules.pfam2go results to json
DEBUG    20/07 16:22:10   Converting antismash.modules.rrefinder results to json
DEBUG    20/07 16:22:10   Converting antismash.modules.sactipeptides results to json
DEBUG    20/07 16:22:10   Converting antismash.modules.t2pks results to json
DEBUG    20/07 16:22:10   Converting antismash.modules.tfbs_finder results to json
DEBUG    20/07 16:22:10   Converting antismash.modules.thiopeptides results to json
DEBUG    20/07 16:22:10   Converting antismash.modules.tta results to json
DEBUG    20/07 16:22:10   Record NZ_QNHG01000008.1 has results for modules: hmm_detection
DEBUG    20/07 16:22:10   Converting antismash.detection.hmm_detection results to json
DEBUG    20/07 16:22:10   Record NZ_QNHG01000009.1 has results for modules: hmm_detection
DEBUG    20/07 16:22:10   Converting antismash.detection.hmm_detection results to json
DEBUG    20/07 16:22:10   Record NZ_QNHG01000010.1 has results for modules: hmm_detection
DEBUG    20/07 16:22:10   Converting antismash.detection.hmm_detection results to json
DEBUG    20/07 16:22:10   Record NZ_QNHG01000011.1 has results for modules: hmm_detection
DEBUG    20/07 16:22:10   Converting antismash.detection.hmm_detection results to json
DEBUG    20/07 16:22:10   Record NZ_QNHG01000012.1 has results for modules: hmm_detection
DEBUG    20/07 16:22:10   Converting antismash.detection.hmm_detection results to json
DEBUG    20/07 16:22:10   Record NZ_QNHG01000013.1 has results for modules: hmm_detection
DEBUG    20/07 16:22:10   Converting antismash.detection.hmm_detection results to json
DEBUG    20/07 16:22:10   Record NZ_QNHG01000014.1 has results for modules: hmm_detection
DEBUG    20/07 16:22:10   Converting antismash.detection.hmm_detection results to json
DEBUG    20/07 16:22:10   Record NZ_QNHG01000015.1 has results for modules: hmm_detection
DEBUG    20/07 16:22:10   Converting antismash.detection.hmm_detection results to json
DEBUG    20/07 16:22:10   Record NZ_QNHG01000016.1 has results for modules: hmm_detection
DEBUG    20/07 16:22:10   Converting antismash.detection.hmm_detection results to json
DEBUG    20/07 16:22:11   Annotating record NZ_QNHG01000001.1 with results from: hmm_detection, cluster_hmmer, genefunctions, nrps_pks_domains, tigrfam, active_site_finder, cluster_compare, clusterblast, lanthipeptides, lassopeptides, nrps_pks, pfam2go, rrefinder, sactipeptides, t2pks, tfbs_finder, thiopeptides, tta
DEBUG    20/07 16:22:11    Adding results from antismash.modules.active_site_finder
DEBUG    20/07 16:22:11    Adding results from antismash.modules.cluster_compare
DEBUG    20/07 16:22:11    Adding results from antismash.modules.clusterblast
DEBUG    20/07 16:22:11    Adding results from antismash.modules.lanthipeptides
DEBUG    20/07 16:22:11    Adding results from antismash.modules.lassopeptides
DEBUG    20/07 16:22:11    Adding results from antismash.modules.nrps_pks
DEBUG    20/07 16:22:11    Adding results from antismash.modules.pfam2go
DEBUG    20/07 16:22:11    Adding results from antismash.modules.rrefinder
DEBUG    20/07 16:22:11    Adding results from antismash.modules.sactipeptides
DEBUG    20/07 16:22:11    Adding results from antismash.modules.t2pks
DEBUG    20/07 16:22:11    Adding results from antismash.modules.tfbs_finder
DEBUG    20/07 16:22:11    Adding results from antismash.modules.thiopeptides
DEBUG    20/07 16:22:11    Adding results from antismash.modules.tta
DEBUG    20/07 16:22:11   Not annotating skipped record NZ_QNHG01000002.1: No regions detected
DEBUG    20/07 16:22:11   Not annotating skipped record NZ_QNHG01000003.1: No regions detected
DEBUG    20/07 16:22:11   Annotating record NZ_QNHG01000004.1 with results from: hmm_detection, cluster_hmmer, genefunctions, nrps_pks_domains, tigrfam, active_site_finder, cluster_compare, clusterblast, lanthipeptides, lassopeptides, nrps_pks, pfam2go, rrefinder, sactipeptides, t2pks, tfbs_finder, thiopeptides, tta
DEBUG    20/07 16:22:11    Adding results from antismash.modules.active_site_finder
DEBUG    20/07 16:22:11    Adding results from antismash.modules.cluster_compare
DEBUG    20/07 16:22:11    Adding results from antismash.modules.clusterblast
DEBUG    20/07 16:22:11    Adding results from antismash.modules.lanthipeptides
DEBUG    20/07 16:22:11    Adding results from antismash.modules.lassopeptides
DEBUG    20/07 16:22:11    Adding results from antismash.modules.nrps_pks
DEBUG    20/07 16:22:11    Adding results from antismash.modules.pfam2go
DEBUG    20/07 16:22:11    Adding results from antismash.modules.rrefinder
DEBUG    20/07 16:22:11    Adding results from antismash.modules.sactipeptides
DEBUG    20/07 16:22:11    Adding results from antismash.modules.t2pks
DEBUG    20/07 16:22:11    Adding results from antismash.modules.tfbs_finder
DEBUG    20/07 16:22:11    Adding results from antismash.modules.thiopeptides
DEBUG    20/07 16:22:11    Adding results from antismash.modules.tta
DEBUG    20/07 16:22:11   Not annotating skipped record NZ_QNHG01000005.1: No regions detected
DEBUG    20/07 16:22:11   Annotating record NZ_QNHG01000006.1 with results from: hmm_detection, cluster_hmmer, genefunctions, nrps_pks_domains, tigrfam, active_site_finder, cluster_compare, clusterblast, lanthipeptides, lassopeptides, nrps_pks, pfam2go, rrefinder, sactipeptides, t2pks, tfbs_finder, thiopeptides, tta
DEBUG    20/07 16:22:11    Adding results from antismash.modules.active_site_finder
DEBUG    20/07 16:22:11    Adding results from antismash.modules.cluster_compare
DEBUG    20/07 16:22:11    Adding results from antismash.modules.clusterblast
DEBUG    20/07 16:22:11    Adding results from antismash.modules.lanthipeptides
DEBUG    20/07 16:22:11    Adding results from antismash.modules.lassopeptides
DEBUG    20/07 16:22:11    Adding results from antismash.modules.nrps_pks
DEBUG    20/07 16:22:11    Adding results from antismash.modules.pfam2go
DEBUG    20/07 16:22:11    Adding results from antismash.modules.rrefinder
DEBUG    20/07 16:22:11    Adding results from antismash.modules.sactipeptides
DEBUG    20/07 16:22:11    Adding results from antismash.modules.t2pks
DEBUG    20/07 16:22:11    Adding results from antismash.modules.tfbs_finder
DEBUG    20/07 16:22:11    Adding results from antismash.modules.thiopeptides
DEBUG    20/07 16:22:11    Adding results from antismash.modules.tta
DEBUG    20/07 16:22:11   Annotating record NZ_QNHG01000007.1 with results from: hmm_detection, cluster_hmmer, genefunctions, nrps_pks_domains, tigrfam, active_site_finder, cluster_compare, clusterblast, lanthipeptides, lassopeptides, nrps_pks, pfam2go, rrefinder, sactipeptides, t2pks, tfbs_finder, thiopeptides, tta
DEBUG    20/07 16:22:11    Adding results from antismash.modules.active_site_finder
DEBUG    20/07 16:22:11    Adding results from antismash.modules.cluster_compare
DEBUG    20/07 16:22:11    Adding results from antismash.modules.clusterblast
DEBUG    20/07 16:22:11    Adding results from antismash.modules.lanthipeptides
DEBUG    20/07 16:22:11    Adding results from antismash.modules.lassopeptides
DEBUG    20/07 16:22:11    Adding results from antismash.modules.nrps_pks
DEBUG    20/07 16:22:11    Adding results from antismash.modules.pfam2go
DEBUG    20/07 16:22:11    Adding results from antismash.modules.rrefinder
DEBUG    20/07 16:22:11    Adding results from antismash.modules.sactipeptides
DEBUG    20/07 16:22:11    Adding results from antismash.modules.t2pks
DEBUG    20/07 16:22:11    Adding results from antismash.modules.tfbs_finder
DEBUG    20/07 16:22:11    Adding results from antismash.modules.thiopeptides
DEBUG    20/07 16:22:11    Adding results from antismash.modules.tta
DEBUG    20/07 16:22:11   Not annotating skipped record NZ_QNHG01000008.1: No regions detected
DEBUG    20/07 16:22:11   Not annotating skipped record NZ_QNHG01000009.1: No regions detected
DEBUG    20/07 16:22:11   Not annotating skipped record NZ_QNHG01000010.1: No regions detected
DEBUG    20/07 16:22:11   Not annotating skipped record NZ_QNHG01000011.1: No regions detected
DEBUG    20/07 16:22:11   Not annotating skipped record NZ_QNHG01000012.1: No regions detected
DEBUG    20/07 16:22:11   Not annotating skipped record NZ_QNHG01000013.1: No regions detected
DEBUG    20/07 16:22:11   Not annotating skipped record NZ_QNHG01000014.1: No regions detected
DEBUG    20/07 16:22:11   Not annotating skipped record NZ_QNHG01000015.1: No regions detected
DEBUG    20/07 16:22:11   Not annotating skipped record NZ_QNHG01000016.1: No regions detected
DEBUG    20/07 16:22:11   Creating results page
DEBUG    20/07 16:22:11   Results page using antismash.js from local copy: /databases/as-js/0.13/antismash.js
DEBUG    20/07 16:22:14   Creating results SVGs
DEBUG    20/07 16:22:14   Writing seq_records SVGs to '/data/antismash/upload/bacteria-803cd1bf-bc6a-453d-88f6-56b0d2628408/svg'
DEBUG    20/07 16:22:15   Writing cluster-specific genbank files
DEBUG    20/07 16:22:15   Writing final genbank file to '/data/antismash/upload/bacteria-803cd1bf-bc6a-453d-88f6-56b0d2628408/GCF_003290025.1_Pseudogemmobacter_bohemicus_Cd-10.gbk'
DEBUG    20/07 16:22:15   Zipping output to '/data/antismash/upload/bacteria-803cd1bf-bc6a-453d-88f6-56b0d2628408/GCF_003290025.1_Pseudogemmobacter_bohemicus_Cd-10.zip'
