[16:48:08] This is prokka 1.14.6
[16:48:08] Written by Torsten Seemann <torsten.seemann@gmail.com>
[16:48:08] Homepage is https://github.com/tseemann/prokka
[16:48:08] Local time is Mon Dec  5 16:48:08 2022
[16:48:08] You are shaday
[16:48:08] Operating system is linux
[16:48:08] You have BioPerl 1.7.8
[16:48:08] System has 32 cores.
[16:48:08] Will use maximum of 20 cores.
[16:48:08] Annotating as >>> Bacteria <<<
[16:48:08] Generating locus_tag from 'Rhodobacteraceae/GCF_000714535.1_SOAPdenovo_v1.05_genomic.fna' contents.
[16:48:08] Setting --locustag PEOEJGFP from MD5 9e8e30f95a965b356e9af050a5d3c611
[16:48:08] Creating new output folder: gbk/DSM10166
[16:48:08] Running: mkdir -p gbk\/DSM10166
[16:48:08] Using filename prefix: GCF_000714535.1.prokka.XXX
[16:48:08] Setting HMMER_NCPU=1
[16:48:08] Writing log to: gbk/DSM10166/GCF_000714535.1.prokka.log
[16:48:08] Command: /opt/anaconda3/envs/Prokka_Global/bin/prokka --prefix GCF_000714535.1.prokka --outdir gbk/DSM10166 --kingdom Bacteria --genus Thioclava --species pacifica --strain DSM10166 --usegenus --addgenes Rhodobacteraceae/GCF_000714535.1_SOAPdenovo_v1.05_genomic.fna --cpus 20
[16:48:08] Appending to PATH: /opt/anaconda3/envs/Prokka_Global/bin
[16:48:08] Looking for 'aragorn' - found /opt/anaconda3/envs/Prokka_Global/bin/aragorn
[16:48:08] Determined aragorn version is 001002 from 'ARAGORN v1.2.41 Dean Laslett'
[16:48:08] Looking for 'barrnap' - found /opt/anaconda3/envs/Prokka_Global/bin/barrnap
[16:48:08] Determined barrnap version is 000009 from 'barrnap 0.9'
[16:48:08] Looking for 'blastp' - found /opt/anaconda3/envs/Prokka_Global/bin/blastp
[16:48:08] Determined blastp version is 002012 from 'blastp: 2.12.0+'
[16:48:08] Looking for 'cmpress' - found /opt/anaconda3/envs/Prokka_Global/bin/cmpress
[16:48:08] Determined cmpress version is 001001 from '# INFERNAL 1.1.4 (Dec 2020)'
[16:48:08] Looking for 'cmscan' - found /opt/anaconda3/envs/Prokka_Global/bin/cmscan
[16:48:08] Determined cmscan version is 001001 from '# INFERNAL 1.1.4 (Dec 2020)'
[16:48:08] Looking for 'egrep' - found /usr/bin/egrep
[16:48:08] Looking for 'find' - found /usr/bin/find
[16:48:08] Looking for 'grep' - found /usr/bin/grep
[16:48:08] Looking for 'hmmpress' - found /opt/anaconda3/envs/Prokka_Global/bin/hmmpress
[16:48:08] Determined hmmpress version is 003003 from '# HMMER 3.3.2 (Nov 2020); http://hmmer.org/'
[16:48:08] Looking for 'hmmscan' - found /opt/anaconda3/envs/Prokka_Global/bin/hmmscan
[16:48:08] Determined hmmscan version is 003003 from '# HMMER 3.3.2 (Nov 2020); http://hmmer.org/'
[16:48:08] Looking for 'java' - found /opt/anaconda3/envs/Prokka_Global/bin/java
[16:48:08] Looking for 'makeblastdb' - found /opt/anaconda3/envs/Prokka_Global/bin/makeblastdb
[16:48:08] Determined makeblastdb version is 002012 from 'makeblastdb: 2.12.0+'
[16:48:08] Looking for 'minced' - found /opt/anaconda3/envs/Prokka_Global/bin/minced
[16:48:08] Determined minced version is 004002 from 'minced 0.4.2'
[16:48:08] Looking for 'parallel' - found /opt/anaconda3/envs/Prokka_Global/bin/parallel
[16:48:08] Determined parallel version is 20220222 from 'GNU parallel 20220222'
[16:48:08] Looking for 'prodigal' - found /opt/anaconda3/envs/Prokka_Global/bin/prodigal
[16:48:08] Determined prodigal version is 002006 from 'Prodigal V2.6.3: February, 2016'
[16:48:08] Looking for 'prokka-genbank_to_fasta_db' - found /opt/anaconda3/envs/Prokka_Global/bin/prokka-genbank_to_fasta_db
[16:48:08] Looking for 'sed' - found /usr/bin/sed
[16:48:08] Looking for 'tbl2asn' - found /opt/anaconda3/envs/Prokka_Global/bin/tbl2asn
[16:48:08] Determined tbl2asn version is 025007 from 'tbl2asn 25.7   arguments:'
[16:48:08] Using genetic code table 11.
[16:48:08] Loading and checking input file: Rhodobacteraceae/GCF_000714535.1_SOAPdenovo_v1.05_genomic.fna
[16:48:08] Wrote 42 contigs totalling 3728293 bp.
[16:48:08] Predicting tRNAs and tmRNAs
[16:48:08] Running: aragorn -l -gc11  -w gbk\/DSM10166\/GCF_000714535\.1\.prokka\.fna
[16:48:10] 1 tRNA-Tyr [171823,171919] 38 (gta)
[16:48:10] 2 tRNA-Thr [227135,227210] 34 (tgt)
[16:48:10] 3 tRNA-Met [242570,242646] 35 (cat)
[16:48:10] 4 tRNA-Gly c[250827,250900] 33 (ccc)
[16:48:10] 5 tRNA-His [357043,357119] 35 (gtg)
[16:48:10] 6 tRNA-Pro [456770,456846] 35 (tgg)
[16:48:10] 7 tRNA-Ser [576941,577030] 35 (gga)
[16:48:10] 8 tRNA-Ser c[577230,577319] 35 (gct)
[16:48:10] 9 tRNA-Leu c[654080,654163] 35 (tag)
[16:48:10] 1 tRNA-Arg c[73478,73554] 35 (tct)
[16:48:10] 2 tRNA-Thr c[97717,97791] 33 (ggt)
[16:48:10] 3 tRNA-Phe [108059,108134] 34 (gaa)
[16:48:10] 1 tRNA-Trp [14783,14878] 37 (cca)
[16:48:10] 1 tRNA-Val c[100465,100539] 33 (gac)
[16:48:10] 2 tRNA-Thr c[367116,367191] 34 (cgt)
[16:48:10] 3 tRNA-Pro [420985,421061] 35 (cgg)
[16:48:10] 4 tRNA-Leu [442087,442171] 35 (cag)
[16:48:10] 5 tRNA-Lys [487188,487263] 34 (ttt)
[16:48:10] 6 tRNA-Trp [499126,499219] 35 (cca)
[16:48:10] 7 tRNA-Arg [506673,506749] 35 (cct)
[16:48:10] 1 tRNA-Trp [3367,3442] 34 (cca)
[16:48:10] 1 tRNA-Met c[2,78] 35 (cat)
[16:48:10] 1 tRNA-Gln [1619,1693] 33 (ttg)
[16:48:10] 1 tRNA-Leu [264893,264979] 35 (gag)
[16:48:10] 2 tRNA-Arg [291424,291500] 35 (acg)
[16:48:10] 3 tRNA-Gly [341382,341455] 33 (tcc)
[16:48:10] 4 tRNA-Tyr [376546,376629] 33 (gta)
[16:48:10] 5 tRNA-Leu [504494,504579] 35 (taa)
[16:48:10] 6 tRNA-Ala c[510251,510326] 34 (ggc)
[16:48:10] 1 tRNA-Ile c[63,139] 35 (gat)
[16:48:10] 1 tRNA-Ala c[1159,1234] 34 (cgc)
[16:48:10] 1 tmRNA* c[63841,64172] 203,241 ANDNRAPVALAA*
[16:48:10] 2 tRNA-Leu c[187330,187413] 34 (caa)
[16:48:10] 3 tRNA-Arg c[236135,236211] 35 (ccg)
[16:48:10] 4 tRNA-Asp c[306826,306902] 35 (gtc)
[16:48:10] 5 tRNA-Asp c[306931,307007] 35 (gtc)
[16:48:10] 6 tRNA-Val c[308358,308433] 34 (tac)
[16:48:10] 7 tRNA-Ser [396485,396574] 35 (cga)
[16:48:10] 8 tRNA-Val c[397872,397946] 33 (cac)
[16:48:10] 1 tRNA-Glu c[6574,6648] 34 (ttc)
[16:48:10] 2 tRNA-Glu c[6675,6749] 34 (ttc)
[16:48:10] 3 tRNA-Ser [35308,35397] 35 (tga)
[16:48:10] 4 tRNA-Met [78048,78124] 35 (cat)
[16:48:10] 5 tRNA-Ala c[141528,141625] 36 (agc)
[16:48:10] 6 tRNA-Pro c[183717,183794] 36 (ggg)
[16:48:10] 1 tRNA-Cys [19819,19892] 33 (gca)
[16:48:10] 1 tRNA-Gly c[110227,110301] 33 (gcc)
[16:48:10] 2 tRNA-Gly c[110324,110398] 33 (gcc)
[16:48:10] Found 48 tRNAs
[16:48:10] Predicting Ribosomal RNAs
[16:48:10] Running Barrnap with 20 threads
[16:48:10] 1 NZ_AUND01000019.1 156 5S ribosomal RNA
[16:48:10] 2 NZ_AUND01000019.1 348 23S ribosomal RNA
[16:48:10] 3 NZ_AUND01000024.1 276 16S ribosomal RNA
[16:48:10] Found 3 rRNAs
[16:48:10] Skipping ncRNA search, enable with --rfam if desired.
[16:48:10] Total of 50 tRNA + rRNA features
[16:48:10] Searching for CRISPR repeats
[16:48:11] Found 0 CRISPRs
[16:48:11] Predicting coding sequences
[16:48:11] Contigs total 3728293 bp, so using single mode
[16:48:11] Running: prodigal -i gbk\/DSM10166\/GCF_000714535\.1\.prokka\.fna -c -m -g 11 -p single -f sco -q
[16:48:13] Excluding CDS which overlaps existing RNA (tRNA) at NZ_AUND01000001.1:171104..171994 on - strand
[16:48:13] Excluding CDS which overlaps existing RNA (tRNA) at NZ_AUND01000004.1:14052..14945 on - strand
[16:48:14] Excluding CDS which overlaps existing RNA (tRNA) at NZ_AUND01000012.1:499082..500104 on - strand
[16:48:14] Excluding CDS which overlaps existing RNA (tRNA) at NZ_AUND01000028.1:84..1223 on + strand
[16:48:15] Excluding CDS which overlaps existing RNA (tRNA) at NZ_AUND01000039.1:141052..141984 on + strand
[16:48:15] Found 3527 CDS
[16:48:15] Connecting features back to sequences
[16:48:15] Skipping genus-specific proteins as can't see /opt/anaconda3/envs/Prokka_Global/db/Thioclava
[16:48:15] Annotating CDS, please be patient.
[16:48:15] Will use 20 CPUs for similarity searching.
[16:48:15] There are still 3527 unannotated CDS left (started with 3527)
[16:48:15] Will use blast to search against /opt/anaconda3/envs/Prokka_Global/db/kingdom/Bacteria/IS with 20 CPUs
[16:48:15] Running: cat gbk\/DSM10166\/GCF_000714535\.1\.prokka\.IS\.tmp\.698147\.faa | parallel --gnu --plain -j 20 --block 28608 --recstart '>' --pipe blastp -query - -db /opt/anaconda3/envs/Prokka_Global/db/kingdom/Bacteria/IS -evalue 1e-30 -qcov_hsp_perc 90 -num_threads 1 -num_descriptions 1 -num_alignments 1 -seg no > gbk\/DSM10166\/GCF_000714535\.1\.prokka\.IS\.tmp\.698147\.blast 2> /dev/null
[16:48:19] Deleting unwanted file: gbk/DSM10166/GCF_000714535.1.prokka.IS.tmp.698147.faa
[16:48:19] Deleting unwanted file: gbk/DSM10166/GCF_000714535.1.prokka.IS.tmp.698147.blast
[16:48:20] There are still 3514 unannotated CDS left (started with 3527)
[16:48:20] Will use blast to search against /opt/anaconda3/envs/Prokka_Global/db/kingdom/Bacteria/AMR with 20 CPUs
[16:48:20] Running: cat gbk\/DSM10166\/GCF_000714535\.1\.prokka\.AMR\.tmp\.698147\.faa | parallel --gnu --plain -j 20 --block 28519 --recstart '>' --pipe blastp -query - -db /opt/anaconda3/envs/Prokka_Global/db/kingdom/Bacteria/AMR -evalue 1e-300 -qcov_hsp_perc 90 -num_threads 1 -num_descriptions 1 -num_alignments 1 -seg no > gbk\/DSM10166\/GCF_000714535\.1\.prokka\.AMR\.tmp\.698147\.blast 2> /dev/null
[16:48:23] Deleting unwanted file: gbk/DSM10166/GCF_000714535.1.prokka.AMR.tmp.698147.faa
[16:48:23] Deleting unwanted file: gbk/DSM10166/GCF_000714535.1.prokka.AMR.tmp.698147.blast
[16:48:23] There are still 3514 unannotated CDS left (started with 3527)
[16:48:23] Will use blast to search against /opt/anaconda3/envs/Prokka_Global/db/kingdom/Bacteria/sprot with 20 CPUs
[16:48:23] Running: cat gbk\/DSM10166\/GCF_000714535\.1\.prokka\.sprot\.tmp\.698147\.faa | parallel --gnu --plain -j 20 --block 28519 --recstart '>' --pipe blastp -query - -db /opt/anaconda3/envs/Prokka_Global/db/kingdom/Bacteria/sprot -evalue 1e-09 -qcov_hsp_perc 80 -num_threads 1 -num_descriptions 1 -num_alignments 1 -seg no > gbk\/DSM10166\/GCF_000714535\.1\.prokka\.sprot\.tmp\.698147\.blast 2> /dev/null
[16:48:37] Modify product: Glycine betaine/proline/choline transporter VP1723 => Glycine betaine/proline/choline transporter
[16:48:37] Modify product: Uncharacterized N-acetyltransferase YsnE => putative N-acetyltransferase YsnE
[16:48:37] Modify product: Uncharacterized protein HI_1048 => putative protein
[16:48:37] Modify product: UPF0178 protein YaiI => hypothetical protein
[16:48:37] Modify product: TelA-like protein SA1238 => TelA-like protein
[16:48:37] Modify product: Uncharacterized protein Rv1990c => putative protein
[16:48:37] Modify product: UPF0758 protein => hypothetical protein
[16:48:37] Modify product: Protease HtpX homolog => Protease HtpX 
[16:48:37] Modify product: Probable protein kinase UbiB => putative protein kinase UbiB
[16:48:37] Modify product: Probable enoyl-CoA hydratase echA8 => putative enoyl-CoA hydratase echA8
[16:48:37] Modify product: UPF0194 membrane protein YbhG => hypothetical protein
[16:48:37] Modify product: Probable multidrug ABC transporter ATP-binding protein YbhF => putative multidrug ABC transporter ATP-binding protein YbhF
[16:48:37] Modify product: Probable multidrug ABC transporter permease YbhR => putative multidrug ABC transporter permease YbhR
[16:48:37] Modify product: UPF0337 protein PA4738 => hypothetical protein
[16:48:37] Modify product: UPF0761 membrane protein YihY => hypothetical protein
[16:48:37] Modify product: Acetyltransferase SACOL1063 => Acetyltransferase
[16:48:37] Modify product: UPF0434 protein NMA0874 => hypothetical protein
[16:48:37] Modify product: Uncharacterized zinc protease Rv2782c => putative zinc protease
[16:48:37] Modify product: Uncharacterized zinc protease Rv2782c => putative zinc protease
[16:48:37] Modify product: Uncharacterized zinc protease Rv2782c => putative zinc protease
[16:48:37] Modify product: Probable succinyl-CoA:3-ketoacid coenzyme A transferase subunit A => putative succinyl-CoA:3-ketoacid coenzyme A transferase subunit A
[16:48:37] Modify product: Probable succinyl-CoA:3-ketoacid coenzyme A transferase subunit B => putative succinyl-CoA:3-ketoacid coenzyme A transferase subunit B
[16:48:37] Modify product: Bifunctional protein FolD => Bifunctional protein FolD protein
[16:48:37] Modify product: Probable D-xylose utilization operon transcriptional repressor => putative D-xylose utilization operon transcriptional repressor
[16:48:37] Modify product: Monocarboxylate 2-oxoacid-binding periplasmic protein all3028 => Monocarboxylate 2-oxoacid-binding periplasmic protein
[16:48:37] Modify product: Probable succinyl-diaminopimelate desuccinylase => putative succinyl-diaminopimelate desuccinylase
[16:48:37] Modify product: Uncharacterized FAD-linked oxidoreductase Rv2280 => putative FAD-linked oxidoreductase
[16:48:37] Modify product: Cytochrome c oxidase subunit 1 homolog, bacteroid => Cytochrome c oxidase subunit 1 , bacteroid
[16:48:37] Modify product: Uncharacterized ABC transporter ATP-binding protein YheS => putative ABC transporter ATP-binding protein YheS
[16:48:37] Modify product: Tellurite resistance protein TehA homolog => Tellurite resistance protein TehA 
[16:48:37] Modify product: Uncharacterized ABC transporter ATP-binding protein TM_0288 => putative ABC transporter ATP-binding protein
[16:48:37] Modify product: UPF0758 protein => hypothetical protein
[16:48:37] Modify product: Probable membrane transporter protein YfcA => putative membrane transporter protein YfcA
[16:48:37] Modify product: Probable enoyl-CoA hydratase echA6 => putative enoyl-CoA hydratase echA6
[16:48:37] Modify product: Probable anti-sigma-F factor NrsF => putative anti-sigma-F factor NrsF
[16:48:37] Modify product: UPF0276 protein CCNA_03364 => hypothetical protein
[16:48:37] Modify product: Uncharacterized protein HI_0828 => putative protein
[16:48:37] Modify product: Phosphate-specific transport system accessory protein PhoU homolog => Phosphate-specific transport system accessory protein PhoU 
[16:48:37] Modify product: UPF0394 inner membrane protein YeeE => hypothetical protein
[16:48:37] Modify product: UPF0056 inner membrane protein YhgN => hypothetical protein
[16:48:37] Modify product: Putative cystathionine beta-synthase Rv1077 => Putative cystathionine beta-synthase
[16:48:37] Modify product: Uncharacterized protein Rv2567 => putative protein
[16:48:37] Modify product: Uncharacterized protein Rv2569c => putative protein
[16:48:37] Modify product: Probable ABC transporter ATP-binding protein NosF => putative ABC transporter ATP-binding protein NosF
[16:48:37] Modify product: PGL/p-HBAD biosynthesis glycosyltransferase Rv2957 => PGL/p-HBAD biosynthesis glycosyltransferase
[16:48:37] Modify product: Uncharacterized ABC transporter ATP-binding protein Rv0986 => putative ABC transporter ATP-binding protein
[16:48:37] Modify product: Uncharacterized protein Rv2307c => putative protein
[16:48:37] Modify product: Cytochrome c oxidase subunit 1 homolog, bacteroid => Cytochrome c oxidase subunit 1 , bacteroid
[16:48:37] Modify product: Probable copper-transporting ATPase PacS => putative copper-transporting ATPase PacS
[16:48:37] Modify product: Probable Ni/Fe-hydrogenase B-type cytochrome subunit => putative Ni/Fe-hydrogenase B-type cytochrome subunit
[16:48:37] Modify product: Probable L,D-transpeptidase ErfK/SrfK => putative L,D-transpeptidase ErfK/SrfK
[16:48:37] Modify product: Uncharacterized periplasmic iron-binding protein HI_0362 => putative periplasmic iron-binding protein
[16:48:37] Modify product: Uncharacterized ABC transporter ATP-binding protein YknY => putative ABC transporter ATP-binding protein YknY
[16:48:37] Modify product: Uncharacterized protein YbiI => putative protein YbiI
[16:48:37] Modify product: Probable aminotransferase Rv3329 => putative aminotransferase
[16:48:37] Modify product: UPF0394 membrane protein XF_0766 => hypothetical protein
[16:48:37] Modify product: UPF0335 protein CCNA_03428 => hypothetical protein
[16:48:37] Modify product: Uncharacterized oxidoreductase MSMEG_2408/MSMEI_2347 => putative oxidoreductase/MSMEI_2347
[16:48:37] Modify product: Uncharacterized HTH-type transcriptional regulator Rv1985c => putative HTH-type transcriptional regulator
[16:48:38] Modify product: Probable D,D-dipeptide-binding periplasmic protein DdpA => putative D,D-dipeptide-binding periplasmic protein DdpA
[16:48:38] Modify product: Probable D,D-dipeptide transport system permease protein DdpC => putative D,D-dipeptide transport system permease protein DdpC
[16:48:38] Modify product: Uncharacterized GST-like protein YibF => putative GST-like protein YibF
[16:48:38] Modify product: UPF0701 protein HI_0467 => hypothetical protein
[16:48:38] Modify product: UPF0324 inner membrane protein YeiH => hypothetical protein
[16:48:38] Modify product: Probable ribonucleotide transport ATP-binding protein mkl => putative ribonucleotide transport ATP-binding protein mkl
[16:48:38] Modify product: Uncharacterized ABC transporter ATP-binding protein YejF => putative ABC transporter ATP-binding protein YejF
[16:48:38] Modify product: Uncharacterized protein HI_0933 => putative protein
[16:48:38] Modify product: Segregation and condensation protein B homolog => Segregation and condensation protein B 
[16:48:38] Modify product: Probable sugar-binding periplasmic protein => putative sugar-binding periplasmic protein
[16:48:38] Modify product: Uncharacterized protein Rv1276c => putative protein
[16:48:38] Modify product: Probable efflux pump membrane transporter TtgB => putative efflux pump membrane transporter TtgB
[16:48:38] Modify product: UPF0301 protein YqgE => hypothetical protein
[16:48:38] Modify product: Probable ketoamine kinase HMPREF0351_12196 => putative ketoamine kinase
[16:48:38] Modify product: Uncharacterized protein YqeY => putative protein YqeY
[16:48:38] Modify product: Probable chaperone CsaA => putative chaperone CsaA
[16:48:38] Modify product: Probable transport protein HsrA => putative transport protein HsrA
[16:48:38] Modify product: Probable lipid II flippase MurJ => putative lipid II flippase MurJ
[16:48:38] Modify product: UPF0102 protein RPA0323 => hypothetical protein
[16:48:38] Modify product: Putative acyltransferase Rv0859 => Putative acyltransferase
[16:48:38] Modify product: UPF0173 metal-dependent hydrolase SA1529 => hypothetical protein
[16:48:38] Modify product: Uncharacterized protein YfgD => putative protein YfgD
[16:48:38] Modify product: Uncharacterized protein Rv2411c => putative protein
[16:48:38] Modify product: Uncharacterized protein Rv2569c => putative protein
[16:48:38] Modify product: Uncharacterized protein YccU => putative protein YccU
[16:48:38] Modify product: Uncharacterized oxidoreductase SA2266 => putative oxidoreductase
[16:48:38] Modify product: Probable cystine transporter YijE => putative cystine transporter YijE
[16:48:38] Modify product: Uncharacterized oxidoreductase Rv1144 => putative oxidoreductase
[16:48:38] Modify product: Putative transport protein Rv0205 => Putative transport protein
[16:48:38] Modify product: Uncharacterized protein HI_0103 => putative protein
[16:48:38] Modify product: Probable peptidoglycan D,D-transpeptidase FtsI => putative peptidoglycan D,D-transpeptidase FtsI
[16:48:38] Modify product: Probable 3-hydroxybutyryl-CoA dehydrogenase => putative 3-hydroxybutyryl-CoA dehydrogenase
[16:48:38] Modify product: Uncharacterized ABC transporter ATP-binding protein Rv1273c => putative ABC transporter ATP-binding protein
[16:48:38] Modify product: Probable L,D-transpeptidase YcbB => putative L,D-transpeptidase YcbB
[16:48:38] Modify product: Probable manganese-dependent inorganic pyrophosphatase => putative manganese-dependent inorganic pyrophosphatase
[16:48:38] Modify product: Probable 3-hydroxyisobutyrate dehydrogenase => putative 3-hydroxyisobutyrate dehydrogenase
[16:48:38] Modify product: Probable transcriptional regulatory protein pdtaR => putative transcriptional regulatory protein pdtaR
[16:48:38] Modify product: Probable formate transporter 1 => putative formate transporter 1
[16:48:38] Modify product: Probable riboflavin import permease protein RfuD => putative riboflavin import permease protein RfuD
[16:48:38] Modify product: UPF0394 inner membrane protein YeeE => hypothetical protein
[16:48:38] Modify product: Uncharacterized protein YcjX => putative protein YcjX
[16:48:38] Modify product: Uncharacterized aminopeptidase Rv1333 => putative aminopeptidase
[16:48:38] Modify product: Uncharacterized protein RP812 => putative protein RP812
[16:48:38] Modify product: Purine-binding protein BAB2_0673 => Purine-binding protein
[16:48:38] Modify product: Probable xanthine dehydrogenase subunit D => putative xanthine dehydrogenase subunit D
[16:48:38] Modify product: Probable N-methylproline demethylase => putative N-methylproline demethylase
[16:48:38] Modify product: Probable GTPase Rv1496 => putative GTPase
[16:48:38] Modify product: Uncharacterized ABC transporter ATP-binding protein YadG => putative ABC transporter ATP-binding protein YadG
[16:48:38] Modify product: Ribonuclease TTHA0252 => Ribonuclease
[16:48:38] Modify product: Purine-binding protein BAB2_0673 => Purine-binding protein
[16:48:38] Modify product: Lactate-binding periplasmic protein TTHA0766 => Lactate-binding periplasmic protein
[16:48:38] Modify product: Solute-binding protein Veis_3954 => Solute-binding protein
[16:48:38] Modify product: Probable low molecular weight protein-tyrosine-phosphatase AmsI => putative low molecular weight protein-tyrosine-phosphatase AmsI
[16:48:38] Modify product: Putative formate dehydrogenase SA2102 => Putative formate dehydrogenase
[16:48:38] Modify product: Uncharacterized FAD-linked oxidoreductase Rv2280 => putative FAD-linked oxidoreductase
[16:48:38] Modify product: Uncharacterized metal-dependent hydrolase YcfH => putative metal-dependent hydrolase YcfH
[16:48:38] Modify product: Uncharacterized protein Rv0501 => putative protein
[16:48:38] Modify product: UPF0073 inner membrane protein YqfA => hypothetical protein
[16:48:38] Modify product: Probable sulfate transporter Rv1739c => putative sulfate transporter
[16:48:38] Modify product: Probable efflux pump membrane transporter TtgB => putative efflux pump membrane transporter TtgB
[16:48:38] Modify product: Protease HtpX homolog => Protease HtpX 
[16:48:38] Modify product: UPF0053 inner membrane protein YfjD => hypothetical protein
[16:48:38] Modify product: Probable ATP-dependent transporter SufC => putative ATP-dependent transporter SufC
[16:48:38] Modify product: UPF0145 protein YbjQ => hypothetical protein
[16:48:38] Modify product: Chemotaxis protein CheY homolog => Chemotaxis protein CheY 
[16:48:38] Modify product: Chemotaxis protein CheY homolog => Chemotaxis protein CheY 
[16:48:38] Modify product: Probable sulfate transporter Rv1739c => putative sulfate transporter
[16:48:38] Modify product: Probable metallo-hydrolase BURPS1710b_2304 => putative metallo-hydrolase
[16:48:38] Modify product: Uncharacterized ABC transporter ATP-binding protein YknY => putative ABC transporter ATP-binding protein YknY
[16:48:38] Modify product: Probable peptidoglycan glycosyltransferase FtsW => putative peptidoglycan glycosyltransferase FtsW
[16:48:38] Modify product: Uncharacterized amino acid permease YhdG => putative amino acid permease YhdG
[16:48:38] Modify product: Uncharacterized FAD-linked oxidoreductase Rv2280 => putative FAD-linked oxidoreductase
[16:48:38] Modify product: Probable enoyl-CoA hydratase echA8 => putative enoyl-CoA hydratase echA8
[16:48:38] Modify product: Monocarboxylate 2-oxoacid-binding periplasmic protein all3028 => Monocarboxylate 2-oxoacid-binding periplasmic protein
[16:48:38] Modify product: Solute-binding protein Dde_0634 => Solute-binding protein
[16:48:38] Modify product: Probable aminotransferase Rv3329 => putative aminotransferase
[16:48:38] Modify product: Probable succinyl-CoA:3-ketoacid coenzyme A transferase subunit B => putative succinyl-CoA:3-ketoacid coenzyme A transferase subunit B
[16:48:38] Cleaned 136 /product names
[16:48:38] Deleting unwanted file: gbk/DSM10166/GCF_000714535.1.prokka.sprot.tmp.698147.faa
[16:48:38] Deleting unwanted file: gbk/DSM10166/GCF_000714535.1.prokka.sprot.tmp.698147.blast
[16:48:39] There are still 1789 unannotated CDS left (started with 3527)
[16:48:39] Will use hmmer3 to search against /opt/anaconda3/envs/Prokka_Global/db/hmm/HAMAP.hmm with 20 CPUs
[16:48:39] Running: cat gbk\/DSM10166\/GCF_000714535\.1\.prokka\.HAMAP\.hmm\.tmp\.698147\.faa | parallel --gnu --plain -j 20 --block 13179 --recstart '>' --pipe hmmscan --noali --notextw --acc -E 1e-09 --cpu 1 /opt/anaconda3/envs/Prokka_Global/db/hmm/HAMAP.hmm /dev/stdin > gbk\/DSM10166\/GCF_000714535\.1\.prokka\.HAMAP\.hmm\.tmp\.698147\.hmmer3 2> /dev/null
[16:48:49] Modify product: Uncharacterized Nudix hydrolase NudL => putative Nudix hydrolase NudL
[16:48:49] Modify product: Uncharacterized MFS-type transporter YfcJ => putative MFS-type transporter YfcJ
[16:48:49] Modify product: Uncharacterized MFS-type transporter YcaD => putative MFS-type transporter YcaD
[16:48:49] Cleaned 3 /product names
[16:48:49] Deleting unwanted file: gbk/DSM10166/GCF_000714535.1.prokka.HAMAP.hmm.tmp.698147.faa
[16:48:49] Deleting unwanted file: gbk/DSM10166/GCF_000714535.1.prokka.HAMAP.hmm.tmp.698147.hmmer3
[16:48:49] Labelling remaining 1546 proteins as 'hypothetical protein'
[16:48:49] Possible /pseudo '2-hydroxyhexa-2,4-dienoate hydratase' at NZ_AUND01000001.1 position 305856
[16:48:49] Possible /pseudo 'putative protein' at NZ_AUND01000001.1 position 513884
[16:48:49] Possible /pseudo 'Inositol 2-dehydrogenase/D-chiro-inositol 3-dehydrogenase' at NZ_AUND01000002.1 position 31608
[16:48:49] Possible /pseudo 'HTH-type transcriptional repressor GlaR' at NZ_AUND01000002.1 position 55235
[16:48:49] Possible /pseudo 'Spore protein SP21' at NZ_AUND01000003.1 position 63900
[16:48:49] Possible /pseudo 'Spore protein SP21' at NZ_AUND01000003.1 position 64317
[16:48:49] Possible /pseudo 'Manganese transport system membrane protein MntB' at NZ_AUND01000004.1 position 25696
[16:48:49] Possible /pseudo 'D-inositol-3-phosphate glycosyltransferase' at NZ_AUND01000009.1 position 6469
[16:48:49] Possible /pseudo 'D-inositol-3-phosphate glycosyltransferase' at NZ_AUND01000009.1 position 7707
[16:48:49] Possible /pseudo 'tRNA 5-methylaminomethyl-2-thiouridine biosynthesis bifunctional protein MnmC' at NZ_AUND01000012.1 position 32669
[16:48:49] Possible /pseudo 'putative zinc protease' at NZ_AUND01000012.1 position 233519
[16:48:49] Possible /pseudo 'Intermembrane transport protein PqiA' at NZ_AUND01000012.1 position 360343
[16:48:49] Possible /pseudo 'Flagellar basal-body rod protein FlgG' at NZ_AUND01000012.1 position 581698
[16:48:49] Possible /pseudo 'IS3 family transposase ISOgr1' at NZ_AUND01000029.1 position 492
[16:48:49] Possible /pseudo 'Isocitrate dehydrogenase [NADP]' at NZ_AUND01000034.1 position 262007
[16:48:49] Possible /pseudo 'Nitrogen fixation regulation protein FixK' at NZ_AUND01000034.1 position 335519
[16:48:49] Possible /pseudo 'UDP-glucose 4-epimerase' at NZ_AUND01000038.1 position 52483
[16:48:49] Possible /pseudo 'Nitrate/nitrite binding protein NrtA' at NZ_AUND01000038.1 position 56978
[16:48:49] Possible /pseudo 'Alpha-keto acid-binding periplasmic protein TakP' at NZ_AUND01000038.1 position 187533
[16:48:49] Possible /pseudo 'DNA-binding transcriptional activator DecR' at NZ_AUND01000039.1 position 55360
[16:48:49] Possible /pseudo 'L-cystine transport system permease protein YecS' at NZ_AUND01000041.1 position 50888
[16:48:49] Possible /pseudo '2-succinylbenzoate--CoA ligase' at NZ_AUND01000041.1 position 83840
[16:48:49] Found 1503 unique /gene codes.
[16:48:49] Fixed 3 duplicate /gene - der_1 der_2 der_3
[16:48:49] Fixed 2 duplicate /gene - pdhC_1 pdhC_2
[16:48:49] Fixed 3 duplicate /gene - mdtA_1 mdtA_2 mdtA_3
[16:48:49] Fixed 2 duplicate /gene - kefC_1 kefC_2
[16:48:49] Fixed 2 duplicate /gene - amiD_1 amiD_2
[16:48:49] Fixed 2 duplicate /gene - mnaT_1 mnaT_2
[16:48:49] Fixed 2 duplicate /gene - trxC_1 trxC_2
[16:48:49] Fixed 2 duplicate /gene - scoB_1 scoB_2
[16:48:49] Fixed 4 duplicate /gene - fixK_1 fixK_2 fixK_3 fixK_4
[16:48:49] Fixed 2 duplicate /gene - carA_1 carA_2
[16:48:49] Fixed 2 duplicate /gene - yecS_1 yecS_2
[16:48:49] Fixed 2 duplicate /gene - rnd_1 rnd_2
[16:48:49] Fixed 2 duplicate /gene - iolG_1 iolG_2
[16:48:49] Fixed 7 duplicate /gene - livF_1 livF_2 livF_3 livF_4 livF_5 livF_6 livF_7
[16:48:49] Fixed 4 duplicate /gene - dapE_1 dapE_2 dapE_3 dapE_4
[16:48:49] Fixed 4 duplicate /gene - ribN_1 ribN_2 ribN_3 ribN_4
[16:48:49] Fixed 3 duplicate /gene - siaM_1 siaM_2 siaM_3
[16:48:49] Fixed 3 duplicate /gene - hcaB_1 hcaB_2 hcaB_3
[16:48:49] Fixed 2 duplicate /gene - speB_1 speB_2
[16:48:49] Fixed 2 duplicate /gene - aaeA_1 aaeA_2
[16:48:49] Fixed 2 duplicate /gene - rutD_1 rutD_2
[16:48:49] Fixed 2 duplicate /gene - ddmA1_1 ddmA1_2
[16:48:49] Fixed 2 duplicate /gene - atpH_1 atpH_2
[16:48:49] Fixed 2 duplicate /gene - btuF_1 btuF_2
[16:48:49] Fixed 2 duplicate /gene - galE_1 galE_2
[16:48:49] Fixed 2 duplicate /gene - bdhA_1 bdhA_2
[16:48:49] Fixed 3 duplicate /gene - ssb_1 ssb_2 ssb_3
[16:48:49] Fixed 2 duplicate /gene - hoxL_1 hoxL_2
[16:48:49] Fixed 2 duplicate /gene - suhB_1 suhB_2
[16:48:49] Fixed 2 duplicate /gene - nasD_1 nasD_2
[16:48:49] Fixed 3 duplicate /gene - ndhB_1 ndhB_2 ndhB_3
[16:48:49] Fixed 6 duplicate /gene - livH_1 livH_2 livH_3 livH_4 livH_5 livH_6
[16:48:49] Fixed 2 duplicate /gene - xthA_1 xthA_2
[16:48:49] Fixed 4 duplicate /gene - bepA_1 bepA_2 bepA_3 bepA_4
[16:48:49] Fixed 2 duplicate /gene - RBKS_1 RBKS_2
[16:48:49] Fixed 2 duplicate /gene - cbbZC_1 cbbZC_2
[16:48:49] Fixed 2 duplicate /gene - yngG_1 yngG_2
[16:48:49] Fixed 2 duplicate /gene - arsC_1 arsC_2
[16:48:49] Fixed 3 duplicate /gene - fadA_1 fadA_2 fadA_3
[16:48:49] Fixed 2 duplicate /gene - ubiB_1 ubiB_2
[16:48:49] Fixed 2 duplicate /gene - cobB_1 cobB_2
[16:48:49] Fixed 3 duplicate /gene - smc_1 smc_2 smc_3
[16:48:49] Fixed 2 duplicate /gene - uctC_1 uctC_2
[16:48:49] Fixed 3 duplicate /gene - cysA_1 cysA_2 cysA_3
[16:48:49] Fixed 2 duplicate /gene - slyA_1 slyA_2
[16:48:49] Fixed 2 duplicate /gene - rafR_1 rafR_2
[16:48:49] Fixed 2 duplicate /gene - atpF_1 atpF_2
[16:48:49] Fixed 3 duplicate /gene - atpG_1 atpG_2 atpG_3
[16:48:49] Fixed 7 duplicate /gene - amiC_1 amiC_2 amiC_3 amiC_4 amiC_5 amiC_6 amiC_7
[16:48:49] Fixed 2 duplicate /gene - rspR_1 rspR_2
[16:48:49] Fixed 2 duplicate /gene - groS1_1 groS1_2
[16:48:49] Fixed 3 duplicate /gene - gap_1 gap_2 gap_3
[16:48:49] Fixed 4 duplicate /gene - acsA_1 acsA_2 acsA_3 acsA_4
[16:48:49] Fixed 4 duplicate /gene - lrp_1 lrp_2 lrp_3 lrp_4
[16:48:49] Fixed 2 duplicate /gene - apaH_1 apaH_2
[16:48:49] Fixed 3 duplicate /gene - acpP_1 acpP_2 acpP_3
[16:48:49] Fixed 2 duplicate /gene - copR_1 copR_2
[16:48:49] Fixed 2 duplicate /gene - fabI_1 fabI_2
[16:48:49] Fixed 2 duplicate /gene - cspA_1 cspA_2
[16:48:49] Fixed 2 duplicate /gene - virB4_1 virB4_2
[16:48:49] Fixed 2 duplicate /gene - cmk_1 cmk_2
[16:48:49] Fixed 2 duplicate /gene - argP_1 argP_2
[16:48:49] Fixed 3 duplicate /gene - oppF_1 oppF_2 oppF_3
[16:48:49] Fixed 2 duplicate /gene - macB_1 macB_2
[16:48:49] Fixed 2 duplicate /gene - macA_1 macA_2
[16:48:49] Fixed 2 duplicate /gene - gloB_1 gloB_2
[16:48:49] Fixed 5 duplicate /gene - prsE_1 prsE_2 prsE_3 prsE_4 prsE_5
[16:48:49] Fixed 2 duplicate /gene - takP_1 takP_2
[16:48:49] Fixed 2 duplicate /gene - pstB_1 pstB_2
[16:48:49] Fixed 2 duplicate /gene - gloA_1 gloA_2
[16:48:49] Fixed 3 duplicate /gene - malK_1 malK_2 malK_3
[16:48:49] Fixed 2 duplicate /gene - czcD_1 czcD_2
[16:48:49] Fixed 2 duplicate /gene - mtgA_1 mtgA_2
[16:48:49] Fixed 2 duplicate /gene - glmM_1 glmM_2
[16:48:49] Fixed 2 duplicate /gene - dmdC_1 dmdC_2
[16:48:49] Fixed 2 duplicate /gene - trpB_1 trpB_2
[16:48:49] Fixed 2 duplicate /gene - lon_1 lon_2
[16:48:49] Fixed 2 duplicate /gene - fabF_1 fabF_2
[16:48:49] Fixed 2 duplicate /gene - alkJ_1 alkJ_2
[16:48:49] Fixed 2 duplicate /gene - tolQ_1 tolQ_2
[16:48:49] Fixed 5 duplicate /gene - fabG_1 fabG_2 fabG_3 fabG_4 fabG_5
[16:48:49] Fixed 2 duplicate /gene - fadJ_1 fadJ_2
[16:48:49] Fixed 2 duplicate /gene - walR_1 walR_2
[16:48:49] Fixed 2 duplicate /gene - amtB_1 amtB_2
[16:48:49] Fixed 2 duplicate /gene - potA_1 potA_2
[16:48:49] Fixed 3 duplicate /gene - arnB_1 arnB_2 arnB_3
[16:48:49] Fixed 5 duplicate /gene - dctM_1 dctM_2 dctM_3 dctM_4 dctM_5
[16:48:49] Fixed 2 duplicate /gene - cysG_1 cysG_2
[16:48:49] Fixed 2 duplicate /gene - gppA_1 gppA_2
[16:48:49] Fixed 5 duplicate /gene - potB_1 potB_2 potB_3 potB_4 potB_5
[16:48:49] Fixed 2 duplicate /gene - leuE_1 leuE_2
[16:48:49] Fixed 2 duplicate /gene - ngcG_1 ngcG_2
[16:48:49] Fixed 2 duplicate /gene - rbsA_1 rbsA_2
[16:48:49] Fixed 2 duplicate /gene - nirQ_1 nirQ_2
[16:48:49] Fixed 2 duplicate /gene - dppB_1 dppB_2
[16:48:49] Fixed 2 duplicate /gene - ubiL_1 ubiL_2
[16:48:49] Fixed 2 duplicate /gene - degP_1 degP_2
[16:48:49] Fixed 2 duplicate /gene - atpA_1 atpA_2
[16:48:49] Fixed 3 duplicate /gene - mntB_1 mntB_2 mntB_3
[16:48:49] Fixed 2 duplicate /gene - flgG_1 flgG_2
[16:48:49] Fixed 2 duplicate /gene - atpB_1 atpB_2
[16:48:49] Fixed 2 duplicate /gene - htpX_1 htpX_2
[16:48:49] Fixed 2 duplicate /gene - doeA_1 doeA_2
[16:48:49] Fixed 2 duplicate /gene - actP_1 actP_2
[16:48:49] Fixed 4 duplicate /gene - hisC_1 hisC_2 hisC_3 hisC_4
[16:48:49] Fixed 2 duplicate /gene - gntR_1 gntR_2
[16:48:49] Fixed 3 duplicate /gene - secA_1 secA_2 secA_3
[16:48:49] Fixed 4 duplicate /gene - rcsC_1 rcsC_2 rcsC_3 rcsC_4
[16:48:49] Fixed 2 duplicate /gene - yknY_1 yknY_2
[16:48:49] Fixed 2 duplicate /gene - fixN_1 fixN_2
[16:48:49] Fixed 2 duplicate /gene - luxR_1 luxR_2
[16:48:49] Fixed 3 duplicate /gene - ipuC_1 ipuC_2 ipuC_3
[16:48:49] Fixed 3 duplicate /gene - hipO_1 hipO_2 hipO_3
[16:48:49] Fixed 3 duplicate /gene - yfkN_1 yfkN_2 yfkN_3
[16:48:49] Fixed 2 duplicate /gene - glpE_1 glpE_2
[16:48:49] Fixed 7 duplicate /gene - pal_1 pal_2 pal_3 pal_4 pal_5 pal_6 pal_7
[16:48:49] Fixed 2 duplicate /gene - lcfB_1 lcfB_2
[16:48:49] Fixed 2 duplicate /gene - dsbD_1 dsbD_2
[16:48:49] Fixed 2 duplicate /gene - pyrC_1 pyrC_2
[16:48:49] Fixed 2 duplicate /gene - icd_1 icd_2
[16:48:49] Fixed 2 duplicate /gene - ecfG_1 ecfG_2
[16:48:49] Fixed 2 duplicate /gene - pepA_1 pepA_2
[16:48:49] Fixed 2 duplicate /gene - gstB_1 gstB_2
[16:48:49] Fixed 2 duplicate /gene - flhA_1 flhA_2
[16:48:49] Fixed 2 duplicate /gene - glnQ_1 glnQ_2
[16:48:49] Fixed 2 duplicate /gene - qseB_1 qseB_2
[16:48:49] Fixed 2 duplicate /gene - caiD_1 caiD_2
[16:48:49] Fixed 2 duplicate /gene - puuR_1 puuR_2
[16:48:49] Fixed 2 duplicate /gene - cydB_1 cydB_2
[16:48:49] Fixed 2 duplicate /gene - yieH_1 yieH_2
[16:48:49] Fixed 2 duplicate /gene - malL_1 malL_2
[16:48:49] Fixed 2 duplicate /gene - tam_1 tam_2
[16:48:49] Fixed 2 duplicate /gene - fdxE_1 fdxE_2
[16:48:49] Fixed 2 duplicate /gene - rpoH_1 rpoH_2
[16:48:49] Fixed 2 duplicate /gene - cmpR_1 cmpR_2
[16:48:49] Fixed 3 duplicate /gene - dksA_1 dksA_2 dksA_3
[16:48:49] Fixed 2 duplicate /gene - glnB_1 glnB_2
[16:48:49] Fixed 4 duplicate /gene - dmlR_1 dmlR_2 dmlR_3 dmlR_4
[16:48:49] Fixed 2 duplicate /gene - tesE_1 tesE_2
[16:48:49] Fixed 2 duplicate /gene - tktA_1 tktA_2
[16:48:49] Fixed 2 duplicate /gene - rutR_1 rutR_2
[16:48:49] Fixed 3 duplicate /gene - ald_1 ald_2 ald_3
[16:48:49] Fixed 2 duplicate /gene - davD_1 davD_2
[16:48:49] Fixed 2 duplicate /gene - trkI_1 trkI_2
[16:48:49] Fixed 2 duplicate /gene - alkB2_1 alkB2_2
[16:48:49] Fixed 3 duplicate /gene - hspA_1 hspA_2 hspA_3
[16:48:49] Fixed 2 duplicate /gene - ugpC_1 ugpC_2
[16:48:49] Fixed 2 duplicate /gene - rhlE_1 rhlE_2
[16:48:49] Fixed 2 duplicate /gene - pfkB_1 pfkB_2
[16:48:49] Fixed 10 duplicate /gene - sasA_1 sasA_2 sasA_3 sasA_4 sasA_5 sasA_6 sasA_7 sasA_8 sasA_9 sasA_10
[16:48:49] Fixed 4 duplicate /gene - hdfR_1 hdfR_2 hdfR_3 hdfR_4
[16:48:49] Fixed 2 duplicate /gene - gltX_1 gltX_2
[16:48:49] Fixed 3 duplicate /gene - pglC_1 pglC_2 pglC_3
[16:48:49] Fixed 2 duplicate /gene - menE_1 menE_2
[16:48:49] Fixed 2 duplicate /gene - ilvE_1 ilvE_2
[16:48:49] Fixed 3 duplicate /gene - ttgB_1 ttgB_2 ttgB_3
[16:48:49] Fixed 2 duplicate /gene - puuA_1 puuA_2
[16:48:49] Fixed 2 duplicate /gene - lldR_1 lldR_2
[16:48:49] Fixed 2 duplicate /gene - puuB_1 puuB_2
[16:48:49] Fixed 2 duplicate /gene - gbuA_1 gbuA_2
[16:48:49] Fixed 3 duplicate /gene - aroE_1 aroE_2 aroE_3
[16:48:49] Fixed 2 duplicate /gene - dctD_1 dctD_2
[16:48:49] Fixed 2 duplicate /gene - mdh_1 mdh_2
[16:48:49] Fixed 2 duplicate /gene - pqiA_1 pqiA_2
[16:48:49] Fixed 2 duplicate /gene - spuC_1 spuC_2
[16:48:49] Fixed 6 duplicate /gene - ydcV_1 ydcV_2 ydcV_3 ydcV_4 ydcV_5 ydcV_6
[16:48:49] Fixed 2 duplicate /gene - yajO_1 yajO_2
[16:48:49] Fixed 2 duplicate /gene - nit1_1 nit1_2
[16:48:49] Fixed 2 duplicate /gene - mnmC_1 mnmC_2
[16:48:49] Fixed 2 duplicate /gene - rsmB_1 rsmB_2
[16:48:49] Fixed 2 duplicate /gene - proC_1 proC_2
[16:48:49] Fixed 3 duplicate /gene - decR_1 decR_2 decR_3
[16:48:49] Fixed 12 duplicate /gene - btuD_1 btuD_2 btuD_3 btuD_4 btuD_5 btuD_6 btuD_7 btuD_8 btuD_9 btuD_10 btuD_11 btuD_12
[16:48:49] Fixed 2 duplicate /gene - alaS_1 alaS_2
[16:48:49] Fixed 2 duplicate /gene - kpsT_1 kpsT_2
[16:48:49] Fixed 2 duplicate /gene - soxA_1 soxA_2
[16:48:49] Fixed 2 duplicate /gene - accA1_1 accA1_2
[16:48:49] Fixed 2 duplicate /gene - uspF_1 uspF_2
[16:48:49] Fixed 2 duplicate /gene - sgaA_1 sgaA_2
[16:48:49] Fixed 3 duplicate /gene - ompR_1 ompR_2 ompR_3
[16:48:49] Fixed 2 duplicate /gene - cntI_1 cntI_2
[16:48:49] Fixed 2 duplicate /gene - nrtA_1 nrtA_2
[16:48:49] Fixed 2 duplicate /gene - phaC_1 phaC_2
[16:48:49] Fixed 2 duplicate /gene - phyR_1 phyR_2
[16:48:49] Fixed 2 duplicate /gene - cheB_1 cheB_2
[16:48:49] Fixed 2 duplicate /gene - msbA_1 msbA_2
[16:48:49] Fixed 3 duplicate /gene - oxyR_1 oxyR_2 oxyR_3
[16:48:49] Fixed 5 duplicate /gene - lptB_1 lptB_2 lptB_3 lptB_4 lptB_5
[16:48:49] Fixed 2 duplicate /gene - proV_1 proV_2
[16:48:49] Fixed 2 duplicate /gene - cheY_1 cheY_2
[16:48:49] Fixed 2 duplicate /gene - aspC_1 aspC_2
[16:48:49] Fixed 2 duplicate /gene - atpC_1 atpC_2
[16:48:49] Fixed 3 duplicate /gene - blh_1 blh_2 blh_3
[16:48:49] Fixed 2 duplicate /gene - hoxK_1 hoxK_2
[16:48:49] Fixed 2 duplicate /gene - ssuC_1 ssuC_2
[16:48:49] Fixed 2 duplicate /gene - atpD_1 atpD_2
[16:48:49] Fixed 3 duplicate /gene - dxs_1 dxs_2 dxs_3
[16:48:49] Fixed 2 duplicate /gene - betB_1 betB_2
[16:48:49] Fixed 2 duplicate /gene - xerD_1 xerD_2
[16:48:49] Fixed 4 duplicate /gene - yfcG_1 yfcG_2 yfcG_3 yfcG_4
[16:48:49] Fixed 2 duplicate /gene - potD_1 potD_2
[16:48:49] Fixed 2 duplicate /gene - acdA_1 acdA_2
[16:48:49] Fixed 2 duplicate /gene - adk_1 adk_2
[16:48:49] Fixed 2 duplicate /gene - ribX_1 ribX_2
[16:48:49] Fixed 2 duplicate /gene - dppD_1 dppD_2
[16:48:49] Fixed 3 duplicate /gene - menH_1 menH_2 menH_3
[16:48:49] Fixed 4 duplicate /gene - prsD_1 prsD_2 prsD_3 prsD_4
[16:48:49] Fixed 2 duplicate /gene - pcm_1 pcm_2
[16:48:49] Fixed 2 duplicate /gene - echA8_1 echA8_2
[16:48:49] Fixed 2 duplicate /gene - scpB_1 scpB_2
[16:48:49] Fixed 2 duplicate /gene - glaR_1 glaR_2
[16:48:49] Fixed 2 duplicate /gene - cynS_1 cynS_2
[16:48:49] Fixed 3 duplicate /gene - mltF_1 mltF_2 mltF_3
[16:48:49] Fixed 2 duplicate /gene - gatA_1 gatA_2
[16:48:49] Fixed 2 duplicate /gene - hyuC_1 hyuC_2
[16:48:49] Fixed 10 duplicate /gene - mshA_1 mshA_2 mshA_3 mshA_4 mshA_5 mshA_6 mshA_7 mshA_8 mshA_9 mshA_10
[16:48:49] Fixed 216 colliding /gene names.
[16:48:49] Adding /locus_tag identifiers
[16:48:50] Assigned 3578 locus_tags to CDS and RNA features.
[16:48:50] Writing outputs to gbk/DSM10166/
[16:48:51] Generating annotation statistics file
[16:48:51] Generating Genbank and Sequin files
[16:48:51] Running: tbl2asn -V b -a r10k -l paired-ends -M n -N 1 -y 'Annotated using prokka 1.14.6 from https://github.com/tseemann/prokka' -Z gbk\/DSM10166\/GCF_000714535\.1\.prokka\.err -i gbk\/DSM10166\/GCF_000714535\.1\.prokka\.fsa 2> /dev/null
[16:48:56] Deleting unwanted file: gbk/DSM10166/errorsummary.val
[16:48:56] Deleting unwanted file: gbk/DSM10166/GCF_000714535.1.prokka.dr
[16:48:56] Deleting unwanted file: gbk/DSM10166/GCF_000714535.1.prokka.fixedproducts
[16:48:56] Deleting unwanted file: gbk/DSM10166/GCF_000714535.1.prokka.ecn
[16:48:56] Deleting unwanted file: gbk/DSM10166/GCF_000714535.1.prokka.val
[16:48:56] Repairing broken .GBK output that tbl2asn produces...
[16:48:56] Running: sed 's/COORDINATES: profile/COORDINATES:profile/' < gbk\/DSM10166\/GCF_000714535\.1\.prokka\.gbf > gbk\/DSM10166\/GCF_000714535\.1\.prokka\.gbk
[16:48:56] Deleting unwanted file: gbk/DSM10166/GCF_000714535.1.prokka.gbf
[16:48:56] Output files:
[16:48:56] gbk/DSM10166/GCF_000714535.1.prokka.tbl
[16:48:56] gbk/DSM10166/GCF_000714535.1.prokka.fna
[16:48:56] gbk/DSM10166/GCF_000714535.1.prokka.tsv
[16:48:56] gbk/DSM10166/GCF_000714535.1.prokka.ffn
[16:48:56] gbk/DSM10166/GCF_000714535.1.prokka.txt
[16:48:56] gbk/DSM10166/GCF_000714535.1.prokka.fsa
[16:48:56] gbk/DSM10166/GCF_000714535.1.prokka.gbk
[16:48:56] gbk/DSM10166/GCF_000714535.1.prokka.err
[16:48:56] gbk/DSM10166/GCF_000714535.1.prokka.faa
[16:48:56] gbk/DSM10166/GCF_000714535.1.prokka.gff
[16:48:56] gbk/DSM10166/GCF_000714535.1.prokka.sqn
[16:48:56] gbk/DSM10166/GCF_000714535.1.prokka.log
[16:48:56] Annotation finished successfully.
[16:48:56] Walltime used: 0.80 minutes
[16:48:56] If you use this result please cite the Prokka paper:
[16:48:56] Seemann T (2014) Prokka: rapid prokaryotic genome annotation. Bioinformatics. 30(14):2068-9.
[16:48:56] Type 'prokka --citation' for more details.
[16:48:56] Thank you, come again.
