[17:01:42] This is prokka 1.14.6
[17:01:42] Written by Torsten Seemann <torsten.seemann@gmail.com>
[17:01:42] Homepage is https://github.com/tseemann/prokka
[17:01:42] Local time is Mon Dec  5 17:01:42 2022
[17:01:42] You are shaday
[17:01:42] Operating system is linux
[17:01:42] You have BioPerl 1.7.8
[17:01:42] System has 32 cores.
[17:01:42] Will use maximum of 20 cores.
[17:01:42] Annotating as >>> Bacteria <<<
[17:01:42] Generating locus_tag from 'Rhodobacteraceae/GCF_004010155.1_ASM401015v1_genomic.fna' contents.
[17:01:42] Setting --locustag COIJCJLD from MD5 c823c35d4d5ae7dc0e994727384793ad
[17:01:42] Creating new output folder: gbk/Pet-1
[17:01:42] Running: mkdir -p gbk\/Pet\-1
[17:01:42] Using filename prefix: GCF_004010155.1.prokka.XXX
[17:01:42] Setting HMMER_NCPU=1
[17:01:42] Writing log to: gbk/Pet-1/GCF_004010155.1.prokka.log
[17:01:42] Command: /opt/anaconda3/envs/Prokka_Global/bin/prokka --prefix GCF_004010155.1.prokka --outdir gbk/Pet-1 --kingdom Bacteria --genus Solirhodobacter --species olei --strain Pet-1 --usegenus --addgenes Rhodobacteraceae/GCF_004010155.1_ASM401015v1_genomic.fna --cpus 20
[17:01:42] Appending to PATH: /opt/anaconda3/envs/Prokka_Global/bin
[17:01:42] Looking for 'aragorn' - found /opt/anaconda3/envs/Prokka_Global/bin/aragorn
[17:01:42] Determined aragorn version is 001002 from 'ARAGORN v1.2.41 Dean Laslett'
[17:01:42] Looking for 'barrnap' - found /opt/anaconda3/envs/Prokka_Global/bin/barrnap
[17:01:42] Determined barrnap version is 000009 from 'barrnap 0.9'
[17:01:42] Looking for 'blastp' - found /opt/anaconda3/envs/Prokka_Global/bin/blastp
[17:01:42] Determined blastp version is 002012 from 'blastp: 2.12.0+'
[17:01:42] Looking for 'cmpress' - found /opt/anaconda3/envs/Prokka_Global/bin/cmpress
[17:01:42] Determined cmpress version is 001001 from '# INFERNAL 1.1.4 (Dec 2020)'
[17:01:42] Looking for 'cmscan' - found /opt/anaconda3/envs/Prokka_Global/bin/cmscan
[17:01:42] Determined cmscan version is 001001 from '# INFERNAL 1.1.4 (Dec 2020)'
[17:01:42] Looking for 'egrep' - found /usr/bin/egrep
[17:01:42] Looking for 'find' - found /usr/bin/find
[17:01:42] Looking for 'grep' - found /usr/bin/grep
[17:01:42] Looking for 'hmmpress' - found /opt/anaconda3/envs/Prokka_Global/bin/hmmpress
[17:01:42] Determined hmmpress version is 003003 from '# HMMER 3.3.2 (Nov 2020); http://hmmer.org/'
[17:01:42] Looking for 'hmmscan' - found /opt/anaconda3/envs/Prokka_Global/bin/hmmscan
[17:01:42] Determined hmmscan version is 003003 from '# HMMER 3.3.2 (Nov 2020); http://hmmer.org/'
[17:01:42] Looking for 'java' - found /opt/anaconda3/envs/Prokka_Global/bin/java
[17:01:42] Looking for 'makeblastdb' - found /opt/anaconda3/envs/Prokka_Global/bin/makeblastdb
[17:01:42] Determined makeblastdb version is 002012 from 'makeblastdb: 2.12.0+'
[17:01:42] Looking for 'minced' - found /opt/anaconda3/envs/Prokka_Global/bin/minced
[17:01:42] Determined minced version is 004002 from 'minced 0.4.2'
[17:01:42] Looking for 'parallel' - found /opt/anaconda3/envs/Prokka_Global/bin/parallel
[17:01:42] Determined parallel version is 20220222 from 'GNU parallel 20220222'
[17:01:42] Looking for 'prodigal' - found /opt/anaconda3/envs/Prokka_Global/bin/prodigal
[17:01:42] Determined prodigal version is 002006 from 'Prodigal V2.6.3: February, 2016'
[17:01:42] Looking for 'prokka-genbank_to_fasta_db' - found /opt/anaconda3/envs/Prokka_Global/bin/prokka-genbank_to_fasta_db
[17:01:42] Looking for 'sed' - found /usr/bin/sed
[17:01:42] Looking for 'tbl2asn' - found /opt/anaconda3/envs/Prokka_Global/bin/tbl2asn
[17:01:42] Determined tbl2asn version is 025007 from 'tbl2asn 25.7   arguments:'
[17:01:42] Using genetic code table 11.
[17:01:42] Loading and checking input file: Rhodobacteraceae/GCF_004010155.1_ASM401015v1_genomic.fna
[17:01:42] Wrote 122 contigs totalling 4778327 bp.
[17:01:42] Predicting tRNAs and tmRNAs
[17:01:42] Running: aragorn -l -gc11  -w gbk\/Pet\-1\/GCF_004010155\.1\.prokka\.fna
[17:01:44] 1 tRNA-Gly c[65663,65760] 38 (gcc)
[17:01:44] 1 tRNA-Arg c[6250,6326] 35 (acg)
[17:01:44] tRNA [26863,26952] is a pseudo/wacky gene - skipping.
[17:01:44] 1 tRNA-Leu c[12982,13068] 35 (gag)
[17:01:44] 2 tRNA-Lys c[152315,152390] 34 (ttt)
[17:01:44] 3 tRNA-Lys c[152489,152564] 34 (ctt)
[17:01:44] 1 tRNA-Val c[143171,143246] 34 (tac)
[17:01:44] 2 tRNA-Val c[159688,159762] 33 (cac)
[17:01:44] 3 tRNA-Tyr [185039,185122] 33 (gta)
[17:01:44] 1 tRNA-Val [53509,53583] 33 (gac)
[17:01:44] 2 tRNA-Trp c[174558,174633] 34 (cca)
[17:01:44] 1 tRNA-His c[6666,6742] 35 (gtg)
[17:01:44] 2 tRNA-Asp c[29195,29271] 35 (gtc)
[17:01:44] 3 tRNA-Leu [32052,32135] 34 (caa)
[17:01:44] 1 tRNA-SeC [24736,24828] 35 (tca)
[17:01:44] 1 tRNA-Arg [162748,162824] 35 (ccg)
[17:01:44] 2 tRNA-Met [247987,248063] 35 (cat)
[17:01:44] 3 tRNA-Arg [277126,277202] 35 (tct)
[17:01:44] 4 tRNA-Pro [346607,346684] 36 (ggg)
[17:01:44] 5 tRNA-Leu c[380303,380387] 35 (tag)
[17:01:44] 6 tRNA-Tyr c[400980,401078] 36 (ata)
[17:01:44] 7 tRNA-Glu c[414604,414690] 30 (ctc)
[17:01:44] 1 tRNA-Met c[19370,19446] 35 (cat)
[17:01:44] 2 tRNA-Ala [35500,35575] 34 (ggc)
[17:01:44] 3 tRNA-Ala c[41151,41226] 34 (cgc)
[17:01:44] 1 tRNA-Gly [62725,62798] 33 (ccc)
[17:01:44] 2 tRNA-Asn [122690,122764] 33 (gtt)
[17:01:44] 1 tRNA-Thr [45387,45462] 34 (tgt)
[17:01:44] 2 tRNA-Gln [99081,99155] 33 (ttg)
[17:01:44] 1 tRNA-Gly c[94,167] 33 (tcc)
[17:01:44] 1 tRNA-Glu c[8310,8384] 34 (ttc)
[17:01:44] 2 tRNA-Gly c[18943,19017] 33 (gcc)
[17:01:44] 1 tRNA-Leu [29789,29873] 35 (taa)
[17:01:44] 1 tRNA-Ser c[343,432] 35 (tga)
[17:01:44] 1 tRNA-Ser c[5352,5441] 35 (gga)
[17:01:44] 1 tRNA-Cys [26914,26987] 33 (gca)
[17:01:44] 1 tRNA-Pro [10062,10138] 35 (tgg)
[17:01:44] 1 tRNA-Ser c[7185,7274] 35 (cga)
[17:01:44] 1 tRNA-Ile [2007,2083] 35 (gat)
[17:01:44] 2 tRNA-Ala [2107,2182] 34 (tgc)
[17:01:44] 3 tRNA-Met [5693,5769] 35 (cat)
[17:01:44] 1 tRNA-Leu [59128,59212] 35 (cag)
[17:01:44] 2 tRNA-Thr c[154742,154817] 34 (cgt)
[17:01:44] 3 tRNA-Pro [321144,321220] 35 (cgg)
[17:01:44] 1 tRNA-Arg c[50241,50316] 34 (cct)
[17:01:44] 1 tRNA-Phe c[7033,7107] 33 (gaa)
[17:01:44] 2 tRNA-Thr [18624,18698] 33 (ggt)
[17:01:44] 3 tRNA-Ser c[94012,94101] 35 (gct)
[17:01:44] Found 47 tRNAs
[17:01:44] Predicting Ribosomal RNAs
[17:01:44] Running Barrnap with 20 threads
[17:01:45] 1 NZ_RRYH01000064.1 415 16S ribosomal RNA
[17:01:45] 2 NZ_RRYH01000064.1 2575 23S ribosomal RNA
[17:01:45] 3 NZ_RRYH01000064.1 5530 5S ribosomal RNA
[17:01:45] Found 3 rRNAs
[17:01:45] Skipping ncRNA search, enable with --rfam if desired.
[17:01:45] Total of 50 tRNA + rRNA features
[17:01:45] Searching for CRISPR repeats
[17:01:45] Found 0 CRISPRs
[17:01:45] Predicting coding sequences
[17:01:45] Contigs total 4778327 bp, so using single mode
[17:01:45] Running: prodigal -i gbk\/Pet\-1\/GCF_004010155\.1\.prokka\.fna -c -m -g 11 -p single -f sco -q
[17:01:48] Excluding CDS which overlaps existing RNA (tRNA) at NZ_RRYH01000010.1:65120..66397 on - strand
[17:01:49] Excluding CDS which overlaps existing RNA (tRNA) at NZ_RRYH01000019.1:23283..24857 on + strand
[17:01:49] Excluding CDS which overlaps existing RNA (tRNA) at NZ_RRYH01000002.1:400852..401781 on + strand
[17:01:49] Excluding CDS which overlaps existing RNA (tRNA) at NZ_RRYH01000002.1:412654..415038 on - strand
[17:01:49] Excluding CDS which overlaps existing RNA (tRNA) at NZ_RRYH01000026.1:7098..8345 on + strand
[17:01:50] Found 4441 CDS
[17:01:50] Connecting features back to sequences
[17:01:50] Skipping genus-specific proteins as can't see /opt/anaconda3/envs/Prokka_Global/db/Solirhodobacter
[17:01:50] Annotating CDS, please be patient.
[17:01:50] Will use 20 CPUs for similarity searching.
[17:01:51] There are still 4441 unannotated CDS left (started with 4441)
[17:01:51] Will use blast to search against /opt/anaconda3/envs/Prokka_Global/db/kingdom/Bacteria/IS with 20 CPUs
[17:01:51] Running: cat gbk\/Pet\-1\/GCF_004010155\.1\.prokka\.IS\.tmp\.749580\.faa | parallel --gnu --plain -j 20 --block 35363 --recstart '>' --pipe blastp -query - -db /opt/anaconda3/envs/Prokka_Global/db/kingdom/Bacteria/IS -evalue 1e-30 -qcov_hsp_perc 90 -num_threads 1 -num_descriptions 1 -num_alignments 1 -seg no > gbk\/Pet\-1\/GCF_004010155\.1\.prokka\.IS\.tmp\.749580\.blast 2> /dev/null
[17:01:55] Deleting unwanted file: gbk/Pet-1/GCF_004010155.1.prokka.IS.tmp.749580.faa
[17:01:55] Deleting unwanted file: gbk/Pet-1/GCF_004010155.1.prokka.IS.tmp.749580.blast
[17:01:56] There are still 4410 unannotated CDS left (started with 4441)
[17:01:56] Will use blast to search against /opt/anaconda3/envs/Prokka_Global/db/kingdom/Bacteria/AMR with 20 CPUs
[17:01:56] Running: cat gbk\/Pet\-1\/GCF_004010155\.1\.prokka\.AMR\.tmp\.749580\.faa | parallel --gnu --plain -j 20 --block 35182 --recstart '>' --pipe blastp -query - -db /opt/anaconda3/envs/Prokka_Global/db/kingdom/Bacteria/AMR -evalue 1e-300 -qcov_hsp_perc 90 -num_threads 1 -num_descriptions 1 -num_alignments 1 -seg no > gbk\/Pet\-1\/GCF_004010155\.1\.prokka\.AMR\.tmp\.749580\.blast 2> /dev/null
[17:02:00] Deleting unwanted file: gbk/Pet-1/GCF_004010155.1.prokka.AMR.tmp.749580.faa
[17:02:00] Deleting unwanted file: gbk/Pet-1/GCF_004010155.1.prokka.AMR.tmp.749580.blast
[17:02:01] There are still 4410 unannotated CDS left (started with 4441)
[17:02:01] Will use blast to search against /opt/anaconda3/envs/Prokka_Global/db/kingdom/Bacteria/sprot with 20 CPUs
[17:02:01] Running: cat gbk\/Pet\-1\/GCF_004010155\.1\.prokka\.sprot\.tmp\.749580\.faa | parallel --gnu --plain -j 20 --block 35182 --recstart '>' --pipe blastp -query - -db /opt/anaconda3/envs/Prokka_Global/db/kingdom/Bacteria/sprot -evalue 1e-09 -qcov_hsp_perc 80 -num_threads 1 -num_descriptions 1 -num_alignments 1 -seg no > gbk\/Pet\-1\/GCF_004010155\.1\.prokka\.sprot\.tmp\.749580\.blast 2> /dev/null
[17:02:17] Modify product: Uncharacterized HTH-type transcriptional regulator YybR => putative HTH-type transcriptional regulator YybR
[17:02:17] Modify product: Uncharacterized protein YqeY => putative protein YqeY
[17:02:17] Modify product: UPF0056 inner membrane protein MarC => hypothetical protein
[17:02:17] Modify product: Uncharacterized FAD-linked oxidoreductase Rv2280 => putative FAD-linked oxidoreductase
[17:02:17] Modify product: Uncharacterized zinc protease Rv2782c => putative zinc protease
[17:02:17] Modify product: Probable succinyl-CoA:3-ketoacid coenzyme A transferase subunit A => putative succinyl-CoA:3-ketoacid coenzyme A transferase subunit A
[17:02:17] Modify product: Probable succinyl-CoA:3-ketoacid coenzyme A transferase subunit B => putative succinyl-CoA:3-ketoacid coenzyme A transferase subunit B
[17:02:17] Modify product: Probable chaperone CsaA => putative chaperone CsaA
[17:02:17] Modify product: Putative acetyltransferase SA2342 => Putative acetyltransferase
[17:02:17] Modify product: Probable enoyl-CoA hydratase echA8 => putative enoyl-CoA hydratase echA8
[17:02:17] Modify product: Uncharacterized glycosyltransferase sll0501 => putative glycosyltransferase
[17:02:17] Modify product: UPF0053 inner membrane protein YgdQ => hypothetical protein
[17:02:17] Modify product: Probable peptidoglycan D,D-transpeptidase FtsI => putative peptidoglycan D,D-transpeptidase FtsI
[17:02:17] Modify product: Probable peptidoglycan glycosyltransferase FtsW => putative peptidoglycan glycosyltransferase FtsW
[17:02:17] Modify product: Uncharacterized FAD-linked oxidoreductase Rv2280 => putative FAD-linked oxidoreductase
[17:02:17] Modify product: Probable amino-acid metabolite efflux pump => putative amino-acid metabolite efflux pump
[17:02:17] Modify product: Purine-binding protein BAB2_0673 => Purine-binding protein
[17:02:17] Modify product: Protease HtpX homolog => Protease HtpX 
[17:02:17] Modify product: Uncharacterized protein YcjX => putative protein YcjX
[17:02:17] Modify product: Probable allantoin permease => putative allantoin permease
[17:02:17] Modify product: Probable alcohol dehydrogenase AdhA => putative alcohol dehydrogenase AdhA
[17:02:17] Modify product: Uncharacterized HTH-type transcriptional regulator YbbH => putative HTH-type transcriptional regulator YbbH
[17:02:17] Modify product: Uncharacterized protein HI_0131 => putative protein
[17:02:17] Modify product: Deacetylase Oant_2987 => Deacetylase
[17:02:17] Modify product: Probable branched-chain-amino-acid aminotransferase => putative branched-chain-amino-acid aminotransferase
[17:02:17] Modify product: Probable enoyl-CoA hydratase echA12 => putative enoyl-CoA hydratase echA12
[17:02:17] Modify product: UPF0335 protein CCNA_03428 => hypothetical protein
[17:02:17] Modify product: Uncharacterized ABC transporter ATP-binding protein YheS => putative ABC transporter ATP-binding protein YheS
[17:02:17] Modify product: UPF0056 inner membrane protein YhgN => hypothetical protein
[17:02:17] Modify product: Putative multidrug export ATP-binding/permease protein SAV1866 => Putative multidrug export ATP-binding/permease protein
[17:02:17] Modify product: Probable copper-transporting ATPase PacS => putative copper-transporting ATPase PacS
[17:02:17] Modify product: UPF0301 protein YqgE => hypothetical protein
[17:02:17] Modify product: Uncharacterized signaling protein PA1727 => putative signaling protein
[17:02:17] Modify product: Probable GTP-binding protein EngB => putative GTP-binding protein EngB
[17:02:17] Modify product: NAD(P)H-dependent FMN reductase PA1204 => NAD(P)H-dependent FMN reductase
[17:02:17] Modify product: Putative formate dehydrogenase SA2102 => Putative formate dehydrogenase
[17:02:17] Modify product: Uncharacterized protein HI_0131 => putative protein
[17:02:17] Modify product: Uncharacterized protein HI_0103 => putative protein
[17:02:17] Modify product: Uncharacterized protein YccU => putative protein YccU
[17:02:17] Modify product: Uncharacterized protein Rv2567 => putative protein
[17:02:17] Modify product: Uncharacterized aminopeptidase Rv1333 => putative aminopeptidase
[17:02:17] Modify product: Uncharacterized FAD-linked oxidoreductase Rv2280 => putative FAD-linked oxidoreductase
[17:02:17] Modify product: Uncharacterized HIT-like protein HP_0404 => putative HIT-like protein
[17:02:17] Modify product: Uncharacterized GST-like protein YibF => putative GST-like protein YibF
[17:02:17] Modify product: Nucleotide-binding protein SA0720 => Nucleotide-binding protein
[17:02:17] Modify product: Probable ATP-dependent transporter SufC => putative ATP-dependent transporter SufC
[17:02:17] Modify product: GTP-binding protein TypA/BipA homolog => GTP-binding protein TypA/BipA 
[17:02:18] Modify product: Probable N-methylproline demethylase => putative N-methylproline demethylase
[17:02:18] Modify product: Uncharacterized protein HI_0131 => putative protein
[17:02:18] Modify product: Probable 5-dehydro-4-deoxyglucarate dehydratase => putative 5-dehydro-4-deoxyglucarate dehydratase
[17:02:18] Modify product: Solute-binding protein Csal_2479 => Solute-binding protein
[17:02:18] Modify product: Uncharacterized amino acid permease YhdG => putative amino acid permease YhdG
[17:02:18] Modify product: Probable ribonucleotide transport ATP-binding protein mkl => putative ribonucleotide transport ATP-binding protein mkl
[17:02:18] Modify product: Uncharacterized ABC transporter ATP-binding protein YejF => putative ABC transporter ATP-binding protein YejF
[17:02:18] Modify product: Putative phosphoribosyl transferase Rv0571c => Putative phosphoribosyl transferase
[17:02:18] Modify product: UPF0073 inner membrane protein YqfA => hypothetical protein
[17:02:18] Modify product: Probable protease SohB => putative protease SohB
[17:02:18] Modify product: Cytochrome c oxidase subunit 1 homolog, bacteroid => Cytochrome c oxidase subunit 1 , bacteroid
[17:02:18] Modify product: Uncharacterized protein RP812 => putative protein RP812
[17:02:18] Modify product: Probable 3-hydroxyisobutyrate dehydrogenase => putative 3-hydroxyisobutyrate dehydrogenase
[17:02:18] Modify product: Phosphate-specific transport system accessory protein PhoU homolog => Phosphate-specific transport system accessory protein PhoU 
[17:02:18] Modify product: UPF0701 protein HI_0467 => hypothetical protein
[17:02:18] Modify product: Putative thiamine biosynthesis protein HI_0357 => Putative thiamine biosynthesis protein
[17:02:18] Modify product: Uncharacterized oxidoreductase Rv2073c => putative oxidoreductase
[17:02:18] Modify product: Uncharacterized oxidoreductase Rv1144 => putative oxidoreductase
[17:02:18] Modify product: Probable enoyl-CoA hydratase echA6 => putative enoyl-CoA hydratase echA6
[17:02:18] Modify product: Probable HTH-type transcriptional regulator YgaV => putative HTH-type transcriptional regulator YgaV
[17:02:18] Modify product: Virulence protein STM3117 => Virulence protein
[17:02:18] Modify product: Probable 2-dehydro-3-deoxygalactonokinase DgoK1 => putative 2-dehydro-3-deoxygalactonokinase DgoK1
[17:02:18] Modify product: Probable N-methylproline demethylase => putative N-methylproline demethylase
[17:02:18] Modify product: Uncharacterized ABC transporter ATP-binding protein Rv0986 => putative ABC transporter ATP-binding protein
[17:02:18] Modify product: Uncharacterized FAD-linked oxidoreductase Rv2280 => putative FAD-linked oxidoreductase
[17:02:18] Modify product: Probable sugar-binding periplasmic protein => putative sugar-binding periplasmic protein
[17:02:18] Modify product: UPF0126 inner membrane protein YicG => hypothetical protein
[17:02:18] Modify product: Probable allantoin permease => putative allantoin permease
[17:02:18] Modify product: Probable sugar-binding periplasmic protein => putative sugar-binding periplasmic protein
[17:02:18] Modify product: Probable 2-dehydro-3-deoxygalactonokinase DgoK1 => putative 2-dehydro-3-deoxygalactonokinase DgoK1
[17:02:18] Modify product: UPF0053 inner membrane protein YfjD => hypothetical protein
[17:02:18] Modify product: Probable cation efflux system protein Rv2025c => putative cation efflux system protein
[17:02:18] Modify product: Probable deferrochelatase/peroxidase EfeN => putative deferrochelatase/peroxidase EfeN
[17:02:18] Modify product: Glycogen operon protein GlgX homolog => Glycogen operon protein GlgX 
[17:02:18] Modify product: Uncharacterized MFS-type transporter YfcJ => putative MFS-type transporter YfcJ
[17:02:18] Modify product: Uncharacterized oxidoreductase SA2266 => putative oxidoreductase
[17:02:18] Modify product: Probable transcriptional regulatory protein pdtaR => putative transcriptional regulatory protein pdtaR
[17:02:18] Modify product: Probable cation-transporting ATPase F => putative cation-transporting ATPase F
[17:02:18] Modify product: UPF0173 metal-dependent hydrolase SA1529 => hypothetical protein
[17:02:18] Modify product: Uncharacterized protease YhbU => putative protease YhbU
[17:02:18] Modify product: Probable ABC transporter binding protein NosD => putative ABC transporter binding protein NosD
[17:02:18] Modify product: Probable ABC transporter ATP-binding protein NosF => putative ABC transporter ATP-binding protein NosF
[17:02:18] Modify product: Probable ABC transporter permease protein NosY => putative ABC transporter permease protein NosY
[17:02:18] Modify product: Uncharacterized ABC transporter ATP-binding protein Rv0986 => putative ABC transporter ATP-binding protein
[17:02:18] Modify product: UPF0339 protein YegP => hypothetical protein
[17:02:18] Modify product: Uncharacterized protein YisK => putative protein YisK
[17:02:18] Modify product: Solute-binding protein Bpro_4736 => Solute-binding protein
[17:02:18] Modify product: Uncharacterized HTH-type transcriptional regulator Rv1985c => putative HTH-type transcriptional regulator
[17:02:18] Modify product: Probable acetoacetate decarboxylase => putative acetoacetate decarboxylase
[17:02:18] Modify product: Probable multidrug-efflux transporter Rv1634 => putative multidrug-efflux transporter
[17:02:18] Modify product: Probable D,D-dipeptide-binding periplasmic protein DdpA => putative D,D-dipeptide-binding periplasmic protein DdpA
[17:02:18] Modify product: Probable D,D-dipeptide transport system permease protein DdpC => putative D,D-dipeptide transport system permease protein DdpC
[17:02:18] Modify product: Acetyltransferase Atu2258 => Acetyltransferase
[17:02:18] Modify product: Probable D,D-dipeptide transport system permease protein DdpC => putative D,D-dipeptide transport system permease protein DdpC
[17:02:18] Modify product: Probable D,D-dipeptide-binding periplasmic protein DdpA => putative D,D-dipeptide-binding periplasmic protein DdpA
[17:02:18] Modify product: Probable aminotransferase Rv3329 => putative aminotransferase
[17:02:18] Modify product: Uncharacterized ABC transporter ATP-binding protein YknY => putative ABC transporter ATP-binding protein YknY
[17:02:18] Modify product: Probable 2-dehydro-3-deoxy-D-pentonate aldolase YjhH => putative 2-dehydro-3-deoxy-D-pentonate aldolase YjhH
[17:02:18] Modify product: Probable metallo-hydrolase BURPS1710b_2304 => putative metallo-hydrolase
[17:02:18] Modify product: Uncharacterized N-acetyltransferase YsnE => putative N-acetyltransferase YsnE
[17:02:18] Modify product: Uncharacterized acyl-CoA thioester hydrolase HI_0827 => putative acyl-CoA thioester hydrolase
[17:02:18] Modify product: Probable nicotinate-nucleotide pyrophosphorylase [carboxylating] => putative nicotinate-nucleotide pyrophosphorylase [carboxylating]
[17:02:18] Modify product: Putative multidrug export ATP-binding/permease protein SAV1866 => Putative multidrug export ATP-binding/permease protein
[17:02:18] Modify product: Putative acyltransferase Rv0859 => Putative acyltransferase
[17:02:18] Modify product: Cytochrome b561 homolog 2 => Cytochrome b561 
[17:02:18] Modify product: Probable enoyl-CoA hydratase echA8 => putative enoyl-CoA hydratase echA8
[17:02:18] Modify product: Probable protein kinase UbiB => putative protein kinase UbiB
[17:02:18] Modify product: Acetyltransferase SACOL1063 => Acetyltransferase
[17:02:19] Modify product: Putative 2-hydroxyacid dehydrogenase SA2098 => Putative 2-hydroxyacid dehydrogenase
[17:02:19] Modify product: Probable manganese-dependent inorganic pyrophosphatase => putative manganese-dependent inorganic pyrophosphatase
[17:02:19] Modify product: Probable lipoprotein YiaD => putative lipoprotein YiaD
[17:02:19] Modify product: Probable 2-ketoarginine decarboxylase AruI => putative 2-ketoarginine decarboxylase AruI
[17:02:19] Modify product: Uncharacterized HTH-type transcriptional regulator Rv0880 => putative HTH-type transcriptional regulator
[17:02:19] Modify product: UPF0126 inner membrane protein YicG => hypothetical protein
[17:02:19] Modify product: Probable D,D-dipeptide transport ATP-binding protein DdpF => putative D,D-dipeptide transport ATP-binding protein DdpF
[17:02:19] Modify product: TelA-like protein SA1238 => TelA-like protein
[17:02:19] Modify product: Probable GTPase Rv1496 => putative GTPase
[17:02:19] Modify product: Ribonuclease TTHA0252 => Ribonuclease
[17:02:19] Modify product: Probable sulfate transporter Rv1739c => putative sulfate transporter
[17:02:19] Modify product: Uncharacterized oxidoreductase SA2266 => putative oxidoreductase
[17:02:19] Modify product: Probable multidrug ABC transporter permease YbhR => putative multidrug ABC transporter permease YbhR
[17:02:19] Modify product: Probable multidrug ABC transporter ATP-binding protein YbhF => putative multidrug ABC transporter ATP-binding protein YbhF
[17:02:19] Modify product: Probable transport protein HsrA => putative transport protein HsrA
[17:02:19] Modify product: Uncharacterized metal-dependent hydrolase YcfH => putative metal-dependent hydrolase YcfH
[17:02:19] Modify product: UPF0394 membrane protein XF_0765 => hypothetical protein
[17:02:19] Modify product: UPF0394 membrane protein XF_0766 => hypothetical protein
[17:02:19] Modify product: Leu/Ile/Val-binding protein homolog 3 => Leu/Ile/Val-binding protein 
[17:02:19] Modify product: UPF0276 protein CCNA_03364 => hypothetical protein
[17:02:19] Modify product: Acetyltransferase PA3944 => Acetyltransferase
[17:02:19] Modify product: Acetyltransferase PA3944 => Acetyltransferase
[17:02:19] Modify product: Uncharacterized protein Rv2569c => putative protein
[17:02:19] Modify product: Uncharacterized protein Rv2411c => putative protein
[17:02:19] Modify product: Probable cardiolipin synthase YwiE => putative cardiolipin synthase YwiE
[17:02:19] Modify product: Bifunctional protein FolD => Bifunctional protein FolD protein
[17:02:19] Modify product: Bifunctional protein FolD => Bifunctional protein FolD protein
[17:02:19] Modify product: Probable riboflavin import permease protein RfuD => putative riboflavin import permease protein RfuD
[17:02:19] Modify product: UPF0337 protein YjbJ => hypothetical protein
[17:02:19] Modify product: Uncharacterized ABC transporter ATP-binding protein Rv0986 => putative ABC transporter ATP-binding protein
[17:02:19] Modify product: Probable parvulin-type peptidyl-prolyl cis-trans isomerase => putative parvulin-type peptidyl-prolyl cis-trans isomerase
[17:02:19] Modify product: Uncharacterized protein Rv2004c => putative protein
[17:02:19] Modify product: Uncharacterized protein Rv2004c => putative protein
[17:02:19] Modify product: UPF0178 protein YaiI => hypothetical protein
[17:02:19] Modify product: Probable aminotransferase Rv3329 => putative aminotransferase
[17:02:19] Modify product: Probable succinyl-CoA:3-ketoacid coenzyme A transferase subunit B => putative succinyl-CoA:3-ketoacid coenzyme A transferase subunit B
[17:02:19] Modify product: Probable enoyl-CoA hydratase echA8 => putative enoyl-CoA hydratase echA8
[17:02:19] Modify product: Uncharacterized ABC transporter permease Rv0072 => putative ABC transporter permease
[17:02:19] Modify product: Uncharacterized protein Rv0897c => putative protein
[17:02:19] Modify product: Probable D,D-dipeptide transport system permease protein DdpC => putative D,D-dipeptide transport system permease protein DdpC
[17:02:19] Modify product: Probable D,D-dipeptide-binding periplasmic protein DdpA => putative D,D-dipeptide-binding periplasmic protein DdpA
[17:02:19] Modify product: Potassium channel HX13_20290 => Potassium channel
[17:02:19] Modify product: Probable transporter SCO4007 => putative transporter
[17:02:19] Modify product: Probable bifunctional SAT/APS kinase => putative bifunctional SAT/APS kinase
[17:02:19] Cleaned 159 /product names
[17:02:19] Deleting unwanted file: gbk/Pet-1/GCF_004010155.1.prokka.sprot.tmp.749580.faa
[17:02:19] Deleting unwanted file: gbk/Pet-1/GCF_004010155.1.prokka.sprot.tmp.749580.blast
[17:02:19] There are still 2187 unannotated CDS left (started with 4441)
[17:02:19] Will use hmmer3 to search against /opt/anaconda3/envs/Prokka_Global/db/hmm/HAMAP.hmm with 20 CPUs
[17:02:19] Running: cat gbk\/Pet\-1\/GCF_004010155\.1\.prokka\.HAMAP\.hmm\.tmp\.749580\.faa | parallel --gnu --plain -j 20 --block 15418 --recstart '>' --pipe hmmscan --noali --notextw --acc -E 1e-09 --cpu 1 /opt/anaconda3/envs/Prokka_Global/db/hmm/HAMAP.hmm /dev/stdin > gbk\/Pet\-1\/GCF_004010155\.1\.prokka\.HAMAP\.hmm\.tmp\.749580\.hmmer3 2> /dev/null
[17:02:32] Modify product: Uncharacterized MFS-type transporter YcaD => putative MFS-type transporter YcaD
[17:02:32] Modify product: Uncharacterized MFS-type transporter YcaD => putative MFS-type transporter YcaD
[17:02:32] Modify product: Uncharacterized MFS-type transporter YcaD => putative MFS-type transporter YcaD
[17:02:32] Modify product: Uncharacterized Nudix hydrolase NudL => putative Nudix hydrolase NudL
[17:02:32] Cleaned 4 /product names
[17:02:32] Deleting unwanted file: gbk/Pet-1/GCF_004010155.1.prokka.HAMAP.hmm.tmp.749580.faa
[17:02:32] Deleting unwanted file: gbk/Pet-1/GCF_004010155.1.prokka.HAMAP.hmm.tmp.749580.hmmer3
[17:02:32] Labelling remaining 1847 proteins as 'hypothetical protein'
[17:02:32] Possible /pseudo 'Peptide deformylase' at NZ_RRYH01000011.1 position 30395
[17:02:32] Possible /pseudo 'tRNA 5-methylaminomethyl-2-thiouridine biosynthesis bifunctional protein MnmC' at NZ_RRYH01000011.1 position 39088
[17:02:32] Possible /pseudo 'DNA-binding transcriptional activator DecR' at NZ_RRYH01000012.1 position 27483
[17:02:32] Possible /pseudo 'Signal peptidase I' at NZ_RRYH01000012.1 position 189930
[17:02:32] Possible /pseudo 'Glycine betaine transport system permease protein OpuAB' at NZ_RRYH01000015.1 position 52725
[17:02:32] Possible /pseudo 'L-cystine transport system permease protein TcyB' at NZ_RRYH01000018.1 position 96175
[17:02:32] Possible /pseudo 'Ribose import ATP-binding protein RbsA' at NZ_RRYH01000002.1 position 295479
[17:02:32] Possible /pseudo 'Low affinity potassium transport system protein kup' at NZ_RRYH01000002.1 position 350415
[17:02:32] Possible /pseudo 'Hippurate hydrolase' at NZ_RRYH01000024.1 position 71200
[17:02:32] Possible /pseudo 'Nitrate/nitrite binding protein NrtA' at NZ_RRYH01000028.1 position 40768
[17:02:32] Possible /pseudo 'Flagellar basal-body rod protein FlgG' at NZ_RRYH01000003.1 position 254530
[17:02:32] Possible /pseudo 'IS6 family transposase ISPpa9' at NZ_RRYH01000030.1 position 13650
[17:02:32] Possible /pseudo 'Inositol 2-dehydrogenase/D-chiro-inositol 3-dehydrogenase' at NZ_RRYH01000030.1 position 63618
[17:02:32] Possible /pseudo 'Acetyltransferase' at NZ_RRYH01000033.1 position 21259
[17:02:32] Possible /pseudo 'Sensor histidine kinase RcsC' at NZ_RRYH01000034.1 position 21727
[17:02:32] Possible /pseudo 'D-aminopeptidase' at NZ_RRYH01000035.1 position 14817
[17:02:32] Possible /pseudo 'Sensor histidine kinase RcsC' at NZ_RRYH01000036.1 position 10867
[17:02:32] Possible /pseudo 'Riboflavin transporter' at NZ_RRYH01000004.1 position 10035
[17:02:32] Possible /pseudo 'Inositol 2-dehydrogenase/D-chiro-inositol 3-dehydrogenase' at NZ_RRYH01000041.1 position 36111
[17:02:32] Possible /pseudo 'Tyrosine recombinase XerC' at NZ_RRYH01000046.1 position 11575
[17:02:32] Possible /pseudo '4-methylaminobutanoate oxidase (formaldehyde-forming)' at NZ_RRYH01000005.1 position 44991
[17:02:32] Possible /pseudo 'IS3 family transposase ISDsh2' at NZ_RRYH01000057.1 position 6276
[17:02:32] Possible /pseudo 'RNA pyrophosphohydrolase' at NZ_RRYH01000007.1 position 12078
[17:02:32] Possible /pseudo 'Disulfide bond formation protein D' at NZ_RRYH01000008.1 position 36977
[17:02:32] Possible /pseudo 'Bifunctional protein FolD protein' at NZ_RRYH01000008.1 position 66622
[17:02:32] Possible /pseudo 'Intermembrane transport protein PqiA' at NZ_RRYH01000009.1 position 40103
[17:02:32] Possible /pseudo 'D-inositol-3-phosphate glycosyltransferase' at NZ_RRYH01000009.1 position 51496
[17:02:32] Found 1697 unique /gene codes.
[17:02:32] Fixed 2 duplicate /gene - rraA_1 rraA_2
[17:02:32] Fixed 8 duplicate /gene - gcvA_1 gcvA_2 gcvA_3 gcvA_4 gcvA_5 gcvA_6 gcvA_7 gcvA_8
[17:02:32] Fixed 2 duplicate /gene - hisA_1 hisA_2
[17:02:32] Fixed 2 duplicate /gene - clcA_1 clcA_2
[17:02:32] Fixed 2 duplicate /gene - rbsK_1 rbsK_2
[17:02:32] Fixed 2 duplicate /gene - tdcF_1 tdcF_2
[17:02:32] Fixed 2 duplicate /gene - clcB_1 clcB_2
[17:02:32] Fixed 2 duplicate /gene - icd_1 icd_2
[17:02:32] Fixed 2 duplicate /gene - stcD_1 stcD_2
[17:02:32] Fixed 2 duplicate /gene - hisB_1 hisB_2
[17:02:32] Fixed 2 duplicate /gene - carA_1 carA_2
[17:02:32] Fixed 5 duplicate /gene - melD_1 melD_2 melD_3 melD_4 melD_5
[17:02:32] Fixed 8 duplicate /gene - rbsC_1 rbsC_2 rbsC_3 rbsC_4 rbsC_5 rbsC_6 rbsC_7 rbsC_8
[17:02:32] Fixed 3 duplicate /gene - dmlR_1 dmlR_2 dmlR_3
[17:02:32] Fixed 2 duplicate /gene - murJ_1 murJ_2
[17:02:32] Fixed 2 duplicate /gene - dnaK_1 dnaK_2
[17:02:32] Fixed 2 duplicate /gene - atpE_1 atpE_2
[17:02:32] Fixed 2 duplicate /gene - clpP_1 clpP_2
[17:02:32] Fixed 6 duplicate /gene - lacF_1 lacF_2 lacF_3 lacF_4 lacF_5 lacF_6
[17:02:32] Fixed 2 duplicate /gene - hoxN_1 hoxN_2
[17:02:32] Fixed 2 duplicate /gene - ompA_1 ompA_2
[17:02:32] Fixed 2 duplicate /gene - leuC_1 leuC_2
[17:02:32] Fixed 4 duplicate /gene - COQ5_1 COQ5_2 COQ5_3 COQ5_4
[17:02:32] Fixed 2 duplicate /gene - pepA_1 pepA_2
[17:02:32] Fixed 2 duplicate /gene - occP_1 occP_2
[17:02:32] Fixed 2 duplicate /gene - pucI_1 pucI_2
[17:02:32] Fixed 2 duplicate /gene - rppH_1 rppH_2
[17:02:32] Fixed 2 duplicate /gene - anmK_1 anmK_2
[17:02:32] Fixed 2 duplicate /gene - mtlK_1 mtlK_2
[17:02:32] Fixed 8 duplicate /gene - lrp_1 lrp_2 lrp_3 lrp_4 lrp_5 lrp_6 lrp_7 lrp_8
[17:02:32] Fixed 2 duplicate /gene - waaA_1 waaA_2
[17:02:32] Fixed 9 duplicate /gene - livH_1 livH_2 livH_3 livH_4 livH_5 livH_6 livH_7 livH_8 livH_9
[17:02:32] Fixed 3 duplicate /gene - hvrA_1 hvrA_2 hvrA_3
[17:02:32] Fixed 2 duplicate /gene - lepB_1 lepB_2
[17:02:32] Fixed 2 duplicate /gene - recD2_1 recD2_2
[17:02:32] Fixed 6 duplicate /gene - betI_1 betI_2 betI_3 betI_4 betI_5 betI_6
[17:02:32] Fixed 2 duplicate /gene - cyoC_1 cyoC_2
[17:02:32] Fixed 3 duplicate /gene - lolD_1 lolD_2 lolD_3
[17:02:32] Fixed 2 duplicate /gene - mtgA_1 mtgA_2
[17:02:32] Fixed 2 duplicate /gene - hmp_1 hmp_2
[17:02:32] Fixed 2 duplicate /gene - thiE_1 thiE_2
[17:02:32] Fixed 2 duplicate /gene - thlA_1 thlA_2
[17:02:32] Fixed 3 duplicate /gene - nsaD_1 nsaD_2 nsaD_3
[17:02:32] Fixed 2 duplicate /gene - pld1_1 pld1_2
[17:02:32] Fixed 3 duplicate /gene - lutR_1 lutR_2 lutR_3
[17:02:32] Fixed 2 duplicate /gene - pip_1 pip_2
[17:02:32] Fixed 6 duplicate /gene - mtgB_1 mtgB_2 mtgB_3 mtgB_4 mtgB_5 mtgB_6
[17:02:32] Fixed 2 duplicate /gene - fadA_1 fadA_2
[17:02:32] Fixed 4 duplicate /gene - iolE_1 iolE_2 iolE_3 iolE_4
[17:02:32] Fixed 9 duplicate /gene - fabG_1 fabG_2 fabG_3 fabG_4 fabG_5 fabG_6 fabG_7 fabG_8 fabG_9
[17:02:32] Fixed 4 duplicate /gene - glaR_1 glaR_2 glaR_3 glaR_4
[17:02:32] Fixed 2 duplicate /gene - fucU_1 fucU_2
[17:02:32] Fixed 2 duplicate /gene - recF_1 recF_2
[17:02:32] Fixed 2 duplicate /gene - walR_1 walR_2
[17:02:32] Fixed 2 duplicate /gene - dthadh_1 dthadh_2
[17:02:32] Fixed 2 duplicate /gene - murQ_1 murQ_2
[17:02:32] Fixed 2 duplicate /gene - ptlI_1 ptlI_2
[17:02:32] Fixed 7 duplicate /gene - menH_1 menH_2 menH_3 menH_4 menH_5 menH_6 menH_7
[17:02:32] Fixed 5 duplicate /gene - cdhR_1 cdhR_2 cdhR_3 cdhR_4 cdhR_5
[17:02:32] Fixed 2 duplicate /gene - afr_1 afr_2
[17:02:32] Fixed 2 duplicate /gene - garR_1 garR_2
[17:02:32] Fixed 2 duplicate /gene - pdhC_1 pdhC_2
[17:02:32] Fixed 2 duplicate /gene - pdhR_1 pdhR_2
[17:02:32] Fixed 4 duplicate /gene - arnC_1 arnC_2 arnC_3 arnC_4
[17:02:32] Fixed 2 duplicate /gene - galE_1 galE_2
[17:02:32] Fixed 3 duplicate /gene - ddpC_1 ddpC_2 ddpC_3
[17:02:32] Fixed 2 duplicate /gene - ssuC_1 ssuC_2
[17:02:32] Fixed 2 duplicate /gene - araC_1 araC_2
[17:02:32] Fixed 2 duplicate /gene - copR_1 copR_2
[17:02:32] Fixed 2 duplicate /gene - sgaA_1 sgaA_2
[17:02:32] Fixed 2 duplicate /gene - fliG_1 fliG_2
[17:02:32] Fixed 2 duplicate /gene - uppP_1 uppP_2
[17:02:32] Fixed 2 duplicate /gene - occM_1 occM_2
[17:02:32] Fixed 2 duplicate /gene - alkB2_1 alkB2_2
[17:02:32] Fixed 2 duplicate /gene - folD_1 folD_2
[17:02:32] Fixed 5 duplicate /gene - dapA_1 dapA_2 dapA_3 dapA_4 dapA_5
[17:02:32] Fixed 4 duplicate /gene - potB_1 potB_2 potB_3 potB_4
[17:02:32] Fixed 2 duplicate /gene - atpF_1 atpF_2
[17:02:32] Fixed 4 duplicate /gene - potA_1 potA_2 potA_3 potA_4
[17:02:32] Fixed 2 duplicate /gene - dapB_1 dapB_2
[17:02:32] Fixed 2 duplicate /gene - motB_1 motB_2
[17:02:32] Fixed 2 duplicate /gene - mobA_1 mobA_2
[17:02:32] Fixed 2 duplicate /gene - ala_1 ala_2
[17:02:32] Fixed 2 duplicate /gene - metH_1 metH_2
[17:02:32] Fixed 2 duplicate /gene - uctC_1 uctC_2
[17:02:32] Fixed 2 duplicate /gene - hemB_1 hemB_2
[17:02:32] Fixed 2 duplicate /gene - sugB_1 sugB_2
[17:02:32] Fixed 2 duplicate /gene - hspA_1 hspA_2
[17:02:32] Fixed 3 duplicate /gene - ddpA_1 ddpA_2 ddpA_3
[17:02:32] Fixed 2 duplicate /gene - fixK_1 fixK_2
[17:02:32] Fixed 2 duplicate /gene - yhdY_1 yhdY_2
[17:02:32] Fixed 2 duplicate /gene - glmS_1 glmS_2
[17:02:32] Fixed 2 duplicate /gene - argP_1 argP_2
[17:02:32] Fixed 2 duplicate /gene - spuE_1 spuE_2
[17:02:32] Fixed 3 duplicate /gene - ssuB_1 ssuB_2 ssuB_3
[17:02:32] Fixed 3 duplicate /gene - dadA1_1 dadA1_2 dadA1_3
[17:02:32] Fixed 2 duplicate /gene - araB_1 araB_2
[17:02:32] Fixed 2 duplicate /gene - nhaA_1 nhaA_2
[17:02:32] Fixed 2 duplicate /gene - lcfB_1 lcfB_2
[17:02:32] Fixed 2 duplicate /gene - ilvB_1 ilvB_2
[17:02:32] Fixed 8 duplicate /gene - oppD_1 oppD_2 oppD_3 oppD_4 oppD_5 oppD_6 oppD_7 oppD_8
[17:02:32] Fixed 2 duplicate /gene - hemL_1 hemL_2
[17:02:32] Fixed 3 duplicate /gene - puuA_1 puuA_2 puuA_3
[17:02:32] Fixed 6 duplicate /gene - dppB_1 dppB_2 dppB_3 dppB_4 dppB_5 dppB_6
[17:02:32] Fixed 3 duplicate /gene - polS_1 polS_2 polS_3
[17:02:32] Fixed 7 duplicate /gene - hdfR_1 hdfR_2 hdfR_3 hdfR_4 hdfR_5 hdfR_6 hdfR_7
[17:02:32] Fixed 2 duplicate /gene - dnaE2_1 dnaE2_2
[17:02:32] Fixed 4 duplicate /gene - aroE_1 aroE_2 aroE_3 aroE_4
[17:02:32] Fixed 2 duplicate /gene - glnB_1 glnB_2
[17:02:32] Fixed 2 duplicate /gene - caiD_1 caiD_2
[17:02:32] Fixed 7 duplicate /gene - puuB_1 puuB_2 puuB_3 puuB_4 puuB_5 puuB_6 puuB_7
[17:02:32] Fixed 3 duplicate /gene - dctP_1 dctP_2 dctP_3
[17:02:32] Fixed 13 duplicate /gene - iolG_1 iolG_2 iolG_3 iolG_4 iolG_5 iolG_6 iolG_7 iolG_8 iolG_9 iolG_10 iolG_11 iolG_12 iolG_13
[17:02:32] Fixed 2 duplicate /gene - paaJ_1 paaJ_2
[17:02:32] Fixed 2 duplicate /gene - teaD_1 teaD_2
[17:02:32] Fixed 3 duplicate /gene - dppA_1 dppA_2 dppA_3
[17:02:32] Fixed 3 duplicate /gene - rhlE_1 rhlE_2 rhlE_3
[17:02:32] Fixed 2 duplicate /gene - emrA_1 emrA_2
[17:02:32] Fixed 2 duplicate /gene - gcvH_1 gcvH_2
[17:02:32] Fixed 2 duplicate /gene - tadA_1 tadA_2
[17:02:32] Fixed 3 duplicate /gene - xylF_1 xylF_2 xylF_3
[17:02:32] Fixed 3 duplicate /gene - gltC_1 gltC_2 gltC_3
[17:02:32] Fixed 2 duplicate /gene - rne_1 rne_2
[17:02:32] Fixed 3 duplicate /gene - dctB_1 dctB_2 dctB_3
[17:02:32] Fixed 2 duplicate /gene - cyoB_1 cyoB_2
[17:02:32] Fixed 2 duplicate /gene - scoB_1 scoB_2
[17:02:32] Fixed 2 duplicate /gene - mpdC_1 mpdC_2
[17:02:32] Fixed 3 duplicate /gene - emrB_1 emrB_2 emrB_3
[17:02:32] Fixed 4 duplicate /gene - cspA_1 cspA_2 cspA_3 cspA_4
[17:02:32] Fixed 2 duplicate /gene - cyoA_1 cyoA_2
[17:02:32] Fixed 4 duplicate /gene - pglC_1 pglC_2 pglC_3 pglC_4
[17:02:32] Fixed 2 duplicate /gene - fabF_1 fabF_2
[17:02:32] Fixed 25 duplicate /gene - btuD_1 btuD_2 btuD_3 btuD_4 btuD_5 btuD_6 btuD_7 btuD_8 btuD_9 btuD_10 btuD_11 btuD_12 btuD_13 btuD_14 btuD_15 btuD_16 btuD_17 btuD_18 btuD_19 btuD_20 btuD_21 btuD_22 btuD_23 btuD_24 btuD_25
[17:02:32] Fixed 2 duplicate /gene - gbpR_1 gbpR_2
[17:02:32] Fixed 2 duplicate /gene - yfkN_1 yfkN_2
[17:02:32] Fixed 11 duplicate /gene - sasA_1 sasA_2 sasA_3 sasA_4 sasA_5 sasA_6 sasA_7 sasA_8 sasA_9 sasA_10 sasA_11
[17:02:32] Fixed 2 duplicate /gene - crt_1 crt_2
[17:02:32] Fixed 2 duplicate /gene - gspK_1 gspK_2
[17:02:32] Fixed 3 duplicate /gene - mglA_1 mglA_2 mglA_3
[17:02:32] Fixed 2 duplicate /gene - rnd_1 rnd_2
[17:02:32] Fixed 3 duplicate /gene - gstB_1 gstB_2 gstB_3
[17:02:32] Fixed 2 duplicate /gene - yieH_1 yieH_2
[17:02:32] Fixed 2 duplicate /gene - mscS_1 mscS_2
[17:02:32] Fixed 2 duplicate /gene - ubiL_1 ubiL_2
[17:02:32] Fixed 2 duplicate /gene - pglK_1 pglK_2
[17:02:32] Fixed 2 duplicate /gene - yddA_1 yddA_2
[17:02:32] Fixed 3 duplicate /gene - pcm_1 pcm_2 pcm_3
[17:02:32] Fixed 2 duplicate /gene - cobS_1 cobS_2
[17:02:32] Fixed 2 duplicate /gene - acuC_1 acuC_2
[17:02:32] Fixed 2 duplicate /gene - rpe_1 rpe_2
[17:02:32] Fixed 3 duplicate /gene - dctD_1 dctD_2 dctD_3
[17:02:32] Fixed 2 duplicate /gene - cyoD_1 cyoD_2
[17:02:32] Fixed 3 duplicate /gene - acpP_1 acpP_2 acpP_3
[17:02:32] Fixed 2 duplicate /gene - rbsB_1 rbsB_2
[17:02:32] Fixed 2 duplicate /gene - cysA_1 cysA_2
[17:02:32] Fixed 2 duplicate /gene - proC_1 proC_2
[17:02:32] Fixed 5 duplicate /gene - rbsA_1 rbsA_2 rbsA_3 rbsA_4 rbsA_5
[17:02:32] Fixed 4 duplicate /gene - alkJ_1 alkJ_2 alkJ_3 alkJ_4
[17:02:32] Fixed 2 duplicate /gene - slyA_1 slyA_2
[17:02:32] Fixed 2 duplicate /gene - gnl_1 gnl_2
[17:02:32] Fixed 2 duplicate /gene - caiA_1 caiA_2
[17:02:32] Fixed 5 duplicate /gene - bepA_1 bepA_2 bepA_3 bepA_4 bepA_5
[17:02:32] Fixed 2 duplicate /gene - chaC_1 chaC_2
[17:02:32] Fixed 2 duplicate /gene - phaC_1 phaC_2
[17:02:32] Fixed 5 duplicate /gene - pal_1 pal_2 pal_3 pal_4 pal_5
[17:02:32] Fixed 4 duplicate /gene - hisC_1 hisC_2 hisC_3 hisC_4
[17:02:32] Fixed 3 duplicate /gene - dctM_1 dctM_2 dctM_3
[17:02:32] Fixed 3 duplicate /gene - atpG_1 atpG_2 atpG_3
[17:02:32] Fixed 2 duplicate /gene - rssB_1 rssB_2
[17:02:32] Fixed 4 duplicate /gene - nanR_1 nanR_2 nanR_3 nanR_4
[17:02:32] Fixed 2 duplicate /gene - kpsT_1 kpsT_2
[17:02:32] Fixed 2 duplicate /gene - degP_1 degP_2
[17:02:32] Fixed 2 duplicate /gene - malL_1 malL_2
[17:02:32] Fixed 2 duplicate /gene - msrP_1 msrP_2
[17:02:32] Fixed 3 duplicate /gene - pgrR_1 pgrR_2 pgrR_3
[17:02:32] Fixed 2 duplicate /gene - phoB_1 phoB_2
[17:02:32] Fixed 4 duplicate /gene - oxyR_1 oxyR_2 oxyR_3 oxyR_4
[17:02:32] Fixed 3 duplicate /gene - gph_1 gph_2 gph_3
[17:02:32] Fixed 7 duplicate /gene - frcA_1 frcA_2 frcA_3 frcA_4 frcA_5 frcA_6 frcA_7
[17:02:32] Fixed 6 duplicate /gene - abo_1 abo_2 abo_3 abo_4 abo_5 abo_6
[17:02:32] Fixed 2 duplicate /gene - yhdW_1 yhdW_2
[17:02:32] Fixed 2 duplicate /gene - nagC_1 nagC_2
[17:02:32] Fixed 3 duplicate /gene - nagR_1 nagR_2 nagR_3
[17:02:32] Fixed 2 duplicate /gene - accA1_1 accA1_2
[17:02:32] Fixed 4 duplicate /gene - msmX_1 msmX_2 msmX_3 msmX_4
[17:02:32] Fixed 2 duplicate /gene - bamA_1 bamA_2
[17:02:32] Fixed 2 duplicate /gene - dmdD_1 dmdD_2
[17:02:32] Fixed 2 duplicate /gene - alaS_1 alaS_2
[17:02:32] Fixed 3 duplicate /gene - degA_1 degA_2 degA_3
[17:02:32] Fixed 2 duplicate /gene - lysDH_1 lysDH_2
[17:02:32] Fixed 4 duplicate /gene - glnQ_1 glnQ_2 glnQ_3 glnQ_4
[17:02:32] Fixed 3 duplicate /gene - phoP_1 phoP_2 phoP_3
[17:02:32] Fixed 2 duplicate /gene - tctD_1 tctD_2
[17:02:32] Fixed 2 duplicate /gene - gppA_1 gppA_2
[17:02:32] Fixed 3 duplicate /gene - murR_1 murR_2 murR_3
[17:02:32] Fixed 5 duplicate /gene - hipO_1 hipO_2 hipO_3 hipO_4 hipO_5
[17:02:32] Fixed 3 duplicate /gene - soxD_1 soxD_2 soxD_3
[17:02:32] Fixed 2 duplicate /gene - ribBA_1 ribBA_2
[17:02:32] Fixed 2 duplicate /gene - rpoH_1 rpoH_2
[17:02:32] Fixed 2 duplicate /gene - atpA_1 atpA_2
[17:02:32] Fixed 3 duplicate /gene - echA8_1 echA8_2 echA8_3
[17:02:32] Fixed 2 duplicate /gene - entS_1 entS_2
[17:02:32] Fixed 2 duplicate /gene - dsbD_1 dsbD_2
[17:02:32] Fixed 2 duplicate /gene - amiD_1 amiD_2
[17:02:32] Fixed 3 duplicate /gene - iolD_1 iolD_2 iolD_3
[17:02:32] Fixed 2 duplicate /gene - atpB_1 atpB_2
[17:02:32] Fixed 2 duplicate /gene - araQ_1 araQ_2
[17:02:32] Fixed 2 duplicate /gene - fusA_1 fusA_2
[17:02:32] Fixed 2 duplicate /gene - cysG_1 cysG_2
[17:02:32] Fixed 6 duplicate /gene - ribN_1 ribN_2 ribN_3 ribN_4 ribN_5 ribN_6
[17:02:32] Fixed 5 duplicate /gene - kce_1 kce_2 kce_3 kce_4 kce_5
[17:02:32] Fixed 2 duplicate /gene - dksA_1 dksA_2
[17:02:32] Fixed 2 duplicate /gene - flgE_1 flgE_2
[17:02:32] Fixed 2 duplicate /gene - flhA_1 flhA_2
[17:02:32] Fixed 3 duplicate /gene - arsC_1 arsC_2 arsC_3
[17:02:32] Fixed 2 duplicate /gene - braC_1 braC_2
[17:02:32] Fixed 2 duplicate /gene - xthA_1 xthA_2
[17:02:32] Fixed 2 duplicate /gene - tsaC1_1 tsaC1_2
[17:02:32] Fixed 2 duplicate /gene - ugpB_1 ugpB_2
[17:02:32] Fixed 2 duplicate /gene - mnmC_1 mnmC_2
[17:02:32] Fixed 2 duplicate /gene - hemG_1 hemG_2
[17:02:32] Fixed 3 duplicate /gene - rutC_1 rutC_2 rutC_3
[17:02:32] Fixed 2 duplicate /gene - rutR_1 rutR_2
[17:02:32] Fixed 4 duplicate /gene - cheB_1 cheB_2 cheB_3 cheB_4
[17:02:32] Fixed 5 duplicate /gene - dapE_1 dapE_2 dapE_3 dapE_4 dapE_5
[17:02:32] Fixed 2 duplicate /gene - cynR_1 cynR_2
[17:02:32] Fixed 5 duplicate /gene - xerC_1 xerC_2 xerC_3 xerC_4 xerC_5
[17:02:32] Fixed 2 duplicate /gene - ugpA_1 ugpA_2
[17:02:32] Fixed 4 duplicate /gene - ribX_1 ribX_2 ribX_3 ribX_4
[17:02:32] Fixed 2 duplicate /gene - lapB_1 lapB_2
[17:02:32] Fixed 2 duplicate /gene - dmdA_1 dmdA_2
[17:02:32] Fixed 2 duplicate /gene - kup_1 kup_2
[17:02:32] Fixed 4 duplicate /gene - xylH_1 xylH_2 xylH_3 xylH_4
[17:02:32] Fixed 2 duplicate /gene - mdtC_1 mdtC_2
[17:02:32] Fixed 5 duplicate /gene - rspR_1 rspR_2 rspR_3 rspR_4 rspR_5
[17:02:32] Fixed 2 duplicate /gene - budC_1 budC_2
[17:02:32] Fixed 4 duplicate /gene - spuC_1 spuC_2 spuC_3 spuC_4
[17:02:32] Fixed 5 duplicate /gene - hcaB_1 hcaB_2 hcaB_3 hcaB_4 hcaB_5
[17:02:32] Fixed 2 duplicate /gene - panB_1 panB_2
[17:02:32] Fixed 2 duplicate /gene - nrtA_1 nrtA_2
[17:02:32] Fixed 3 duplicate /gene - gntR_1 gntR_2 gntR_3
[17:02:32] Fixed 2 duplicate /gene - tatA_1 tatA_2
[17:02:32] Fixed 7 duplicate /gene - mshA_1 mshA_2 mshA_3 mshA_4 mshA_5 mshA_6 mshA_7
[17:02:32] Fixed 2 duplicate /gene - des_1 des_2
[17:02:32] Fixed 2 duplicate /gene - ftsH_1 ftsH_2
[17:02:32] Fixed 2 duplicate /gene - prmC_1 prmC_2
[17:02:32] Fixed 3 duplicate /gene - ycaD_1 ycaD_2 ycaD_3
[17:02:32] Fixed 2 duplicate /gene - tktA_1 tktA_2
[17:02:32] Fixed 9 duplicate /gene - gsiC_1 gsiC_2 gsiC_3 gsiC_4 gsiC_5 gsiC_6 gsiC_7 gsiC_8 gsiC_9
[17:02:32] Fixed 3 duplicate /gene - soxB_1 soxB_2 soxB_3
[17:02:32] Fixed 3 duplicate /gene - gci_1 gci_2 gci_3
[17:02:32] Fixed 3 duplicate /gene - rfnT_1 rfnT_2 rfnT_3
[17:02:32] Fixed 2 duplicate /gene - gabD_1 gabD_2
[17:02:32] Fixed 8 duplicate /gene - lptB_1 lptB_2 lptB_3 lptB_4 lptB_5 lptB_6 lptB_7 lptB_8
[17:02:32] Fixed 2 duplicate /gene - wecA_1 wecA_2
[17:02:32] Fixed 2 duplicate /gene - atpD_1 atpD_2
[17:02:32] Fixed 2 duplicate /gene - iolB_1 iolB_2
[17:02:32] Fixed 3 duplicate /gene - mltF_1 mltF_2 mltF_3
[17:02:32] Fixed 3 duplicate /gene - soxA_1 soxA_2 soxA_3
[17:02:32] Fixed 3 duplicate /gene - kdgK_1 kdgK_2 kdgK_3
[17:02:32] Fixed 6 duplicate /gene - gsiB_1 gsiB_2 gsiB_3 gsiB_4 gsiB_5 gsiB_6
[17:02:32] Fixed 2 duplicate /gene - gltX_1 gltX_2
[17:02:32] Fixed 3 duplicate /gene - kynU_1 kynU_2 kynU_3
[17:02:32] Fixed 2 duplicate /gene - pcpR_1 pcpR_2
[17:02:32] Fixed 5 duplicate /gene - gsiA_1 gsiA_2 gsiA_3 gsiA_4 gsiA_5
[17:02:32] Fixed 2 duplicate /gene - iolC_1 iolC_2
[17:02:32] Fixed 2 duplicate /gene - amiC_1 amiC_2
[17:02:32] Fixed 2 duplicate /gene - cpnA_1 cpnA_2
[17:02:32] Fixed 2 duplicate /gene - mdoG_1 mdoG_2
[17:02:32] Fixed 4 duplicate /gene - ilvE_1 ilvE_2 ilvE_3 ilvE_4
[17:02:32] Fixed 2 duplicate /gene - lnpD_1 lnpD_2
[17:02:32] Fixed 2 duplicate /gene - dppE_1 dppE_2
[17:02:32] Fixed 3 duplicate /gene - macA_1 macA_2 macA_3
[17:02:32] Fixed 2 duplicate /gene - mcbR_1 mcbR_2
[17:02:32] Fixed 2 duplicate /gene - citA_1 citA_2
[17:02:32] Fixed 2 duplicate /gene - uxuA_1 uxuA_2
[17:02:32] Fixed 3 duplicate /gene - macB_1 macB_2 macB_3
[17:02:32] Fixed 2 duplicate /gene - chrR_1 chrR_2
[17:02:32] Fixed 2 duplicate /gene - adk_1 adk_2
[17:02:32] Fixed 2 duplicate /gene - gloB_1 gloB_2
[17:02:32] Fixed 2 duplicate /gene - cytR_1 cytR_2
[17:02:32] Fixed 2 duplicate /gene - mdtB_1 mdtB_2
[17:02:32] Fixed 2 duplicate /gene - sctC_1 sctC_2
[17:02:32] Fixed 2 duplicate /gene - suhB_1 suhB_2
[17:02:32] Fixed 3 duplicate /gene - acsA_1 acsA_2 acsA_3
[17:02:32] Fixed 2 duplicate /gene - nuoM_1 nuoM_2
[17:02:32] Fixed 2 duplicate /gene - crtI_1 crtI_2
[17:02:32] Fixed 3 duplicate /gene - lsrD_1 lsrD_2 lsrD_3
[17:02:32] Fixed 7 duplicate /gene - oppF_1 oppF_2 oppF_3 oppF_4 oppF_5 oppF_6 oppF_7
[17:02:32] Fixed 2 duplicate /gene - ntrC_1 ntrC_2
[17:02:32] Fixed 4 duplicate /gene - mdtA_1 mdtA_2 mdtA_3 mdtA_4
[17:02:32] Fixed 6 duplicate /gene - ugpC_1 ugpC_2 ugpC_3 ugpC_4 ugpC_5 ugpC_6
[17:02:32] Fixed 3 duplicate /gene - nsrR_1 nsrR_2 nsrR_3
[17:02:32] Fixed 2 duplicate /gene - dmdC_1 dmdC_2
[17:02:32] Fixed 2 duplicate /gene - nimR_1 nimR_2
[17:02:32] Fixed 3 duplicate /gene - opuAB_1 opuAB_2 opuAB_3
[17:02:32] Fixed 2 duplicate /gene - ald_1 ald_2
[17:02:32] Fixed 4 duplicate /gene - argE_1 argE_2 argE_3 argE_4
[17:02:32] Fixed 3 duplicate /gene - fadJ_1 fadJ_2 fadJ_3
[17:02:32] Fixed 2 duplicate /gene - tcyB_1 tcyB_2
[17:02:32] Fixed 2 duplicate /gene - dgoK1_1 dgoK1_2
[17:02:32] Fixed 2 duplicate /gene - hisQ_1 hisQ_2
[17:02:32] Fixed 2 duplicate /gene - dddP_1 dddP_2
[17:02:32] Fixed 2 duplicate /gene - pccR_1 pccR_2
[17:02:32] Fixed 2 duplicate /gene - bcr_1 bcr_2
[17:02:32] Fixed 2 duplicate /gene - aes_1 aes_2
[17:02:32] Fixed 2 duplicate /gene - aspC_1 aspC_2
[17:02:32] Fixed 16 duplicate /gene - rcsC_1 rcsC_2 rcsC_3 rcsC_4 rcsC_5 rcsC_6 rcsC_7 rcsC_8 rcsC_9 rcsC_10 rcsC_11 rcsC_12 rcsC_13 rcsC_14 rcsC_15 rcsC_16
[17:02:32] Fixed 2 duplicate /gene - nfuA_1 nfuA_2
[17:02:32] Fixed 2 duplicate /gene - tusA_1 tusA_2
[17:02:32] Fixed 2 duplicate /gene - rpsU_1 rpsU_2
[17:02:32] Fixed 2 duplicate /gene - fabI_1 fabI_2
[17:02:32] Fixed 3 duplicate /gene - acdA_1 acdA_2 acdA_3
[17:02:32] Fixed 6 duplicate /gene - decR_1 decR_2 decR_3 decR_4 decR_5 decR_6
[17:02:32] Fixed 9 duplicate /gene - livF_1 livF_2 livF_3 livF_4 livF_5 livF_6 livF_7 livF_8 livF_9
[17:02:32] Fixed 4 duplicate /gene - dasC_1 dasC_2 dasC_3 dasC_4
[17:02:32] Fixed 9 duplicate /gene - gsiD_1 gsiD_2 gsiD_3 gsiD_4 gsiD_5 gsiD_6 gsiD_7 gsiD_8 gsiD_9
[17:02:32] Fixed 2 duplicate /gene - apbE_1 apbE_2
[17:02:32] Fixed 6 duplicate /gene - malK_1 malK_2 malK_3 malK_4 malK_5 malK_6
[17:02:32] Fixed 2 duplicate /gene - ecfG_1 ecfG_2
[17:02:32] Fixed 4 duplicate /gene - dxs_1 dxs_2 dxs_3 dxs_4
[17:02:32] Fixed 2 duplicate /gene - flgG_1 flgG_2
[17:02:32] Fixed 2 duplicate /gene - bdbD_1 bdbD_2
[17:02:32] Fixed 2 duplicate /gene - atpC_1 atpC_2
[17:02:32] Fixed 3 duplicate /gene - rhaR_1 rhaR_2 rhaR_3
[17:02:32] Fixed 2 duplicate /gene - idhA_1 idhA_2
[17:02:32] Fixed 2 duplicate /gene - murA_1 murA_2
[17:02:32] Fixed 2 duplicate /gene - ywrD_1 ywrD_2
[17:02:32] Fixed 3 duplicate /gene - ngcG_1 ngcG_2 ngcG_3
[17:02:32] Fixed 3 duplicate /gene - eryD_1 eryD_2 eryD_3
[17:02:32] Fixed 2 duplicate /gene - thadh_1 thadh_2
[17:02:32] Fixed 2 duplicate /gene - nagA_1 nagA_2
[17:02:32] Fixed 2 duplicate /gene - gcvT_1 gcvT_2
[17:02:32] Fixed 2 duplicate /gene - menE_1 menE_2
[17:02:32] Fixed 6 duplicate /gene - ydcV_1 ydcV_2 ydcV_3 ydcV_4 ydcV_5 ydcV_6
[17:02:32] Fixed 2 duplicate /gene - xerD_1 xerD_2
[17:02:32] Fixed 2 duplicate /gene - purC_1 purC_2
[17:02:32] Fixed 3 duplicate /gene - purR_1 purR_2 purR_3
[17:02:32] Fixed 2 duplicate /gene - sufS_1 sufS_2
[17:02:32] Fixed 2 duplicate /gene - qorA_1 qorA_2
[17:02:32] Fixed 2 duplicate /gene - pqiA_1 pqiA_2
[17:02:32] Fixed 3 duplicate /gene - frcC_1 frcC_2 frcC_3
[17:02:32] Fixed 2 duplicate /gene - def_1 def_2
[17:02:32] Fixed 3 duplicate /gene - rhtB_1 rhtB_2 rhtB_3
[17:02:32] Fixed 3 duplicate /gene - acoA_1 acoA_2 acoA_3
[17:02:32] Fixed 2 duplicate /gene - coxM_1 coxM_2
[17:02:32] Fixed 2 duplicate /gene - yajR_1 yajR_2
[17:02:32] Fixed 3 duplicate /gene - siaM_1 siaM_2 siaM_3
[17:02:32] Fixed 348 colliding /gene names.
[17:02:32] Adding /locus_tag identifiers
[17:02:32] Assigned 4491 locus_tags to CDS and RNA features.
[17:02:32] Writing outputs to gbk/Pet-1/
[17:02:34] Generating annotation statistics file
[17:02:34] Generating Genbank and Sequin files
[17:02:34] Running: tbl2asn -V b -a r10k -l paired-ends -M n -N 1 -y 'Annotated using prokka 1.14.6 from https://github.com/tseemann/prokka' -Z gbk\/Pet\-1\/GCF_004010155\.1\.prokka\.err -i gbk\/Pet\-1\/GCF_004010155\.1\.prokka\.fsa 2> /dev/null
[17:02:40] Deleting unwanted file: gbk/Pet-1/errorsummary.val
[17:02:40] Deleting unwanted file: gbk/Pet-1/GCF_004010155.1.prokka.dr
[17:02:40] Deleting unwanted file: gbk/Pet-1/GCF_004010155.1.prokka.fixedproducts
[17:02:40] Deleting unwanted file: gbk/Pet-1/GCF_004010155.1.prokka.ecn
[17:02:40] Deleting unwanted file: gbk/Pet-1/GCF_004010155.1.prokka.val
[17:02:40] Repairing broken .GBK output that tbl2asn produces...
[17:02:40] Running: sed 's/COORDINATES: profile/COORDINATES:profile/' < gbk\/Pet\-1\/GCF_004010155\.1\.prokka\.gbf > gbk\/Pet\-1\/GCF_004010155\.1\.prokka\.gbk
[17:02:40] Deleting unwanted file: gbk/Pet-1/GCF_004010155.1.prokka.gbf
[17:02:40] Output files:
[17:02:40] gbk/Pet-1/GCF_004010155.1.prokka.tsv
[17:02:40] gbk/Pet-1/GCF_004010155.1.prokka.tbl
[17:02:40] gbk/Pet-1/GCF_004010155.1.prokka.sqn
[17:02:40] gbk/Pet-1/GCF_004010155.1.prokka.faa
[17:02:40] gbk/Pet-1/GCF_004010155.1.prokka.txt
[17:02:40] gbk/Pet-1/GCF_004010155.1.prokka.log
[17:02:40] gbk/Pet-1/GCF_004010155.1.prokka.fna
[17:02:40] gbk/Pet-1/GCF_004010155.1.prokka.gff
[17:02:40] gbk/Pet-1/GCF_004010155.1.prokka.fsa
[17:02:40] gbk/Pet-1/GCF_004010155.1.prokka.gbk
[17:02:40] gbk/Pet-1/GCF_004010155.1.prokka.ffn
[17:02:40] gbk/Pet-1/GCF_004010155.1.prokka.err
[17:02:40] Annotation finished successfully.
[17:02:40] Walltime used: 0.97 minutes
[17:02:40] If you use this result please cite the Prokka paper:
[17:02:40] Seemann T (2014) Prokka: rapid prokaryotic genome annotation. Bioinformatics. 30(14):2068-9.
[17:02:40] Type 'prokka --citation' for more details.
[17:02:40] Thank you, come again.
