[16:57:51] This is prokka 1.14.6
[16:57:51] Written by Torsten Seemann <torsten.seemann@gmail.com>
[16:57:51] Homepage is https://github.com/tseemann/prokka
[16:57:51] Local time is Mon Dec  5 16:57:51 2022
[16:57:51] You are shaday
[16:57:51] Operating system is linux
[16:57:51] You have BioPerl 1.7.8
[16:57:51] System has 32 cores.
[16:57:51] Will use maximum of 20 cores.
[16:57:51] Annotating as >>> Bacteria <<<
[16:57:51] Generating locus_tag from 'Rhodobacteraceae/GCF_003034985.1_ASM303498v1_genomic.fna' contents.
[16:57:51] Setting --locustag EOMLKCNM from MD5 e8654c76c877301bb01cf62b009f0fbf
[16:57:51] Creating new output folder: gbk/JA139JA139
[16:57:51] Running: mkdir -p gbk\/JA139JA139
[16:57:51] Using filename prefix: GCF_003034985.1.prokka.XXX
[16:57:51] Setting HMMER_NCPU=1
[16:57:51] Writing log to: gbk/JA139JA139/GCF_003034985.1.prokka.log
[16:57:51] Command: /opt/anaconda3/envs/Prokka_Global/bin/prokka --prefix GCF_003034985.1.prokka --outdir gbk/JA139JA139 --kingdom Bacteria --genus Cereibacter --species changlensis --strain JA139JA139 --usegenus --addgenes Rhodobacteraceae/GCF_003034985.1_ASM303498v1_genomic.fna --cpus 20
[16:57:51] Appending to PATH: /opt/anaconda3/envs/Prokka_Global/bin
[16:57:51] Looking for 'aragorn' - found /opt/anaconda3/envs/Prokka_Global/bin/aragorn
[16:57:51] Determined aragorn version is 001002 from 'ARAGORN v1.2.41 Dean Laslett'
[16:57:51] Looking for 'barrnap' - found /opt/anaconda3/envs/Prokka_Global/bin/barrnap
[16:57:51] Determined barrnap version is 000009 from 'barrnap 0.9'
[16:57:51] Looking for 'blastp' - found /opt/anaconda3/envs/Prokka_Global/bin/blastp
[16:57:51] Determined blastp version is 002012 from 'blastp: 2.12.0+'
[16:57:51] Looking for 'cmpress' - found /opt/anaconda3/envs/Prokka_Global/bin/cmpress
[16:57:51] Determined cmpress version is 001001 from '# INFERNAL 1.1.4 (Dec 2020)'
[16:57:51] Looking for 'cmscan' - found /opt/anaconda3/envs/Prokka_Global/bin/cmscan
[16:57:51] Determined cmscan version is 001001 from '# INFERNAL 1.1.4 (Dec 2020)'
[16:57:51] Looking for 'egrep' - found /usr/bin/egrep
[16:57:51] Looking for 'find' - found /usr/bin/find
[16:57:51] Looking for 'grep' - found /usr/bin/grep
[16:57:51] Looking for 'hmmpress' - found /opt/anaconda3/envs/Prokka_Global/bin/hmmpress
[16:57:51] Determined hmmpress version is 003003 from '# HMMER 3.3.2 (Nov 2020); http://hmmer.org/'
[16:57:51] Looking for 'hmmscan' - found /opt/anaconda3/envs/Prokka_Global/bin/hmmscan
[16:57:51] Determined hmmscan version is 003003 from '# HMMER 3.3.2 (Nov 2020); http://hmmer.org/'
[16:57:51] Looking for 'java' - found /opt/anaconda3/envs/Prokka_Global/bin/java
[16:57:51] Looking for 'makeblastdb' - found /opt/anaconda3/envs/Prokka_Global/bin/makeblastdb
[16:57:51] Determined makeblastdb version is 002012 from 'makeblastdb: 2.12.0+'
[16:57:51] Looking for 'minced' - found /opt/anaconda3/envs/Prokka_Global/bin/minced
[16:57:51] Determined minced version is 004002 from 'minced 0.4.2'
[16:57:51] Looking for 'parallel' - found /opt/anaconda3/envs/Prokka_Global/bin/parallel
[16:57:51] Determined parallel version is 20220222 from 'GNU parallel 20220222'
[16:57:51] Looking for 'prodigal' - found /opt/anaconda3/envs/Prokka_Global/bin/prodigal
[16:57:51] Determined prodigal version is 002006 from 'Prodigal V2.6.3: February, 2016'
[16:57:51] Looking for 'prokka-genbank_to_fasta_db' - found /opt/anaconda3/envs/Prokka_Global/bin/prokka-genbank_to_fasta_db
[16:57:51] Looking for 'sed' - found /usr/bin/sed
[16:57:51] Looking for 'tbl2asn' - found /opt/anaconda3/envs/Prokka_Global/bin/tbl2asn
[16:57:51] Determined tbl2asn version is 025007 from 'tbl2asn 25.7   arguments:'
[16:57:51] Using genetic code table 11.
[16:57:51] Loading and checking input file: Rhodobacteraceae/GCF_003034985.1_ASM303498v1_genomic.fna
[16:57:51] Wrote 480 contigs totalling 4881442 bp.
[16:57:51] Predicting tRNAs and tmRNAs
[16:57:51] Running: aragorn -l -gc11  -w gbk\/JA139JA139\/GCF_003034985\.1\.prokka\.fna
[16:57:53] 1 tRNA-Val [12778,12852] 33 (gac)
[16:57:53] 2 tRNA-Leu [45112,45196] 35 (cag)
[16:57:53] 1 tRNA-Leu [1670,1753] 34 (caa)
[16:57:53] 2 tRNA-Thr [7799,7872] 34 (tgt)
[16:57:53] 3 tRNA-Gly c[17284,17374] 37 (acc)
[16:57:53] 4 tRNA-Pro c[58372,58449] 36 (ggg)
[16:57:53] 1 tRNA-Arg [13778,13854] 35 (acg)
[16:57:53] 1 tRNA-Asp c[67721,67797] 35 (gtc)
[16:57:53] 2 tRNA-Asp c[67851,67927] 35 (gtc)
[16:57:53] 1 tRNA-Ser c[59556,59645] 35 (gct)
[16:57:53] 1 tRNA-Val c[18311,18409] 37 (gac)
[16:57:53] 1 tRNA-Lys c[17074,17148] 33 (ttt)
[16:57:53] 1 tRNA-Thr c[12271,12345] 33 (ggt)
[16:57:53] 2 tRNA-Phe [21868,21943] 34 (gaa)
[16:57:53] 1 tRNA-Met c[3787,3863] 35 (cat)
[16:57:53] 1 tRNA-Arg [5734,5810] 35 (ccg)
[16:57:53] 2 tRNA-Gly c[8323,8396] 33 (ccc)
[16:57:53] 3 tRNA-Gln c[31958,32032] 33 (ttg)
[16:57:53] 1 tRNA-Arg [44555,44631] 35 (tct)
[16:57:53] 1 tRNA-Met [42303,42378] 34 (cat)
[16:57:53] 1 tRNA-Thr c[18688,18763] 34 (cgt)
[16:57:53] 1 tRNA-Leu [842,926] 35 (tag)
[16:57:53] 1 tRNA-Glu c[15765,15839] 34 (ttc)
[16:57:53] 1 tRNA-Ala c[16503,16578] 34 (cgc)
[16:57:53] 1 tRNA-Leu [8293,8379] 35 (gag)
[16:57:53] 1 tRNA-Gly [11763,11837] 33 (gcc)
[16:57:54] 1 tRNA-Trp c[16960,17035] 34 (cca)
[16:57:54] 1 tRNA-Val [3444,3519] 34 (tac)
[16:57:54] 2 tRNA-Gly c[3835,3909] 33 (gcc)
[16:57:54] 1 tRNA-Glu c[770,844] 34 (ttc)
[16:57:54] 2 tmRNA* c[10025,10360] 207,245 ANDNRAPMALAA*
[16:57:54] 1 tRNA-Tyr [13562,13645] 33 (gta)
[16:57:54] 1 tRNA-Gly [503,576] 33 (tcc)
[16:57:54] 1 tRNA-Ser [11221,11310] 35 (tga)
[16:57:54] 1 tRNA-Ser [7874,7963] 35 (gga)
[16:57:54] 1 tRNA-His c[10701,10777] 35 (gtg)
[16:57:54] 1 tRNA-Cys [9084,9157] 33 (gca)
[16:57:54] 1 tRNA-Pro [7167,7243] 35 (cgg)
[16:57:54] 1 tRNA-Pro c[4795,4871] 35 (tgg)
[16:57:54] 1 tRNA-Leu c[1937,2022] 34 (taa)
[16:57:54] 1 tRNA-Asn c[1718,1792] 33 (gtt)
[16:57:54] 1 tRNA-Met c[8060,8136] 35 (cat)
[16:57:54] 1 tRNA-Ser [962,1051] 35 (cga)
[16:57:54] 1 tRNA-Val [1540,1614] 33 (cac)
[16:57:54] tRNA c[20,116] is a pseudo/wacky gene - skipping.
[16:57:54] 1 tRNA-Met c[118,194] 35 (cat)
[16:57:54] 2 tRNA-Ala c[3607,3682] 34 (tgc)
[16:57:54] 3 tRNA-Ile c[3704,3780] 35 (gat)
[16:57:54] 1 tRNA-Ala [1506,1581] 34 (ggc)
[16:57:54] Found 48 tRNAs
[16:57:54] Predicting Ribosomal RNAs
[16:57:54] Running Barrnap with 20 threads
[16:57:54] 1 NZ_PZKG01000195.1 239 5S ribosomal RNA
[16:57:54] 2 NZ_PZKG01000195.1 482 23S ribosomal RNA
[16:57:54] 3 NZ_PZKG01000195.1 4011 16S ribosomal RNA
[16:57:54] Found 3 rRNAs
[16:57:54] Skipping ncRNA search, enable with --rfam if desired.
[16:57:54] Total of 50 tRNA + rRNA features
[16:57:54] Searching for CRISPR repeats
[16:57:55] Found 0 CRISPRs
[16:57:55] Predicting coding sequences
[16:57:55] Contigs total 4881442 bp, so using single mode
[16:57:55] Running: prodigal -i gbk\/JA139JA139\/GCF_003034985\.1\.prokka\.fna -c -m -g 11 -p single -f sco -q
[16:57:58] Excluding CDS which overlaps existing RNA (tRNA) at NZ_PZKG01000002.1:16635..17639 on - strand
[16:57:58] Excluding CDS which overlaps existing RNA (tRNA) at NZ_PZKG01000010.1:18335..18490 on + strand
[16:57:58] Excluding CDS which overlaps existing RNA (tRNA) at NZ_PZKG01000019.1:2208..3830 on + strand
[16:57:59] Excluding CDS which overlaps existing RNA (tRNA) at NZ_PZKG01000155.1:6412..8103 on + strand
[16:57:59] Found 4633 CDS
[16:57:59] Connecting features back to sequences
[16:57:59] Skipping genus-specific proteins as can't see /opt/anaconda3/envs/Prokka_Global/db/Cereibacter
[16:57:59] Annotating CDS, please be patient.
[16:57:59] Will use 20 CPUs for similarity searching.
[16:58:00] There are still 4633 unannotated CDS left (started with 4633)
[16:58:00] Will use blast to search against /opt/anaconda3/envs/Prokka_Global/db/kingdom/Bacteria/IS with 20 CPUs
[16:58:00] Running: cat gbk\/JA139JA139\/GCF_003034985\.1\.prokka\.IS\.tmp\.736090\.faa | parallel --gnu --plain -j 20 --block 35543 --recstart '>' --pipe blastp -query - -db /opt/anaconda3/envs/Prokka_Global/db/kingdom/Bacteria/IS -evalue 1e-30 -qcov_hsp_perc 90 -num_threads 1 -num_descriptions 1 -num_alignments 1 -seg no > gbk\/JA139JA139\/GCF_003034985\.1\.prokka\.IS\.tmp\.736090\.blast 2> /dev/null
[16:58:05] Deleting unwanted file: gbk/JA139JA139/GCF_003034985.1.prokka.IS.tmp.736090.faa
[16:58:05] Deleting unwanted file: gbk/JA139JA139/GCF_003034985.1.prokka.IS.tmp.736090.blast
[16:58:06] There are still 4589 unannotated CDS left (started with 4633)
[16:58:06] Will use blast to search against /opt/anaconda3/envs/Prokka_Global/db/kingdom/Bacteria/AMR with 20 CPUs
[16:58:06] Running: cat gbk\/JA139JA139\/GCF_003034985\.1\.prokka\.AMR\.tmp\.736090\.faa | parallel --gnu --plain -j 20 --block 35290 --recstart '>' --pipe blastp -query - -db /opt/anaconda3/envs/Prokka_Global/db/kingdom/Bacteria/AMR -evalue 1e-300 -qcov_hsp_perc 90 -num_threads 1 -num_descriptions 1 -num_alignments 1 -seg no > gbk\/JA139JA139\/GCF_003034985\.1\.prokka\.AMR\.tmp\.736090\.blast 2> /dev/null
[16:58:09] Deleting unwanted file: gbk/JA139JA139/GCF_003034985.1.prokka.AMR.tmp.736090.faa
[16:58:09] Deleting unwanted file: gbk/JA139JA139/GCF_003034985.1.prokka.AMR.tmp.736090.blast
[16:58:10] There are still 4588 unannotated CDS left (started with 4633)
[16:58:10] Will use blast to search against /opt/anaconda3/envs/Prokka_Global/db/kingdom/Bacteria/sprot with 20 CPUs
[16:58:10] Running: cat gbk\/JA139JA139\/GCF_003034985\.1\.prokka\.sprot\.tmp\.736090\.faa | parallel --gnu --plain -j 20 --block 35263 --recstart '>' --pipe blastp -query - -db /opt/anaconda3/envs/Prokka_Global/db/kingdom/Bacteria/sprot -evalue 1e-09 -qcov_hsp_perc 80 -num_threads 1 -num_descriptions 1 -num_alignments 1 -seg no > gbk\/JA139JA139\/GCF_003034985\.1\.prokka\.sprot\.tmp\.736090\.blast 2> /dev/null
[16:58:26] Modify product: Probable ribonucleotide transport ATP-binding protein mkl => putative ribonucleotide transport ATP-binding protein mkl
[16:58:26] Modify product: Probable riboflavin import permease protein RfuD => putative riboflavin import permease protein RfuD
[16:58:26] Modify product: Probable lipid II flippase MurJ => putative lipid II flippase MurJ
[16:58:26] Modify product: UPF0102 protein RPA0323 => hypothetical protein
[16:58:26] Modify product: TelA-like protein SA1238 => TelA-like protein
[16:58:26] Modify product: Probable protein kinase UbiB => putative protein kinase UbiB
[16:58:26] Modify product: Probable enoyl-CoA hydratase echA8 => putative enoyl-CoA hydratase echA8
[16:58:26] Modify product: Probable CtpA-like serine protease => putative CtpA-like serine protease
[16:58:26] Modify product: Acetyltransferase SACOL1063 => Acetyltransferase
[16:58:26] Modify product: UPF0053 inner membrane protein YfjD => hypothetical protein
[16:58:26] Modify product: Uncharacterized protein HI_0933 => putative protein
[16:58:26] Modify product: UPF0394 membrane protein XF_0766 => hypothetical protein
[16:58:26] Modify product: UPF0394 membrane protein XF_0765 => hypothetical protein
[16:58:26] Modify product: UPF0394 inner membrane protein YeeE => hypothetical protein
[16:58:26] Modify product: UPF0394 inner membrane protein YeeE => hypothetical protein
[16:58:26] Modify product: Purine-binding protein BAB2_0673 => Purine-binding protein
[16:58:26] Modify product: Uncharacterized N-acetyltransferase YsnE => putative N-acetyltransferase YsnE
[16:58:26] Modify product: Peroxiredoxin sll1621 => Peroxiredoxin
[16:58:26] Modify product: UPF0073 inner membrane protein YqfA => hypothetical protein
[16:58:26] Modify product: Protease HtpX homolog => Protease HtpX 
[16:58:26] Modify product: Uncharacterized protein YcjX => putative protein YcjX
[16:58:26] Modify product: Uncharacterized FAD-linked oxidoreductase Rv2280 => putative FAD-linked oxidoreductase
[16:58:26] Modify product: Probable copper-transporting ATPase PacS => putative copper-transporting ATPase PacS
[16:58:26] Modify product: Cytochrome c oxidase subunit 1 homolog, bacteroid => Cytochrome c oxidase subunit 1 , bacteroid
[16:58:26] Modify product: Uncharacterized ABC transporter ATP-binding protein YejF => putative ABC transporter ATP-binding protein YejF
[16:58:26] Modify product: Probable D,D-dipeptide transport system permease protein DdpC => putative D,D-dipeptide transport system permease protein DdpC
[16:58:26] Modify product: Putative multidrug export ATP-binding/permease protein SAV1866 => Putative multidrug export ATP-binding/permease protein
[16:58:26] Modify product: UPF0053 inner membrane protein YoaE => hypothetical protein
[16:58:26] Modify product: Uncharacterized FAD-linked oxidoreductase Rv2280 => putative FAD-linked oxidoreductase
[16:58:26] Modify product: Uncharacterized zinc protease Rv2782c => putative zinc protease
[16:58:26] Modify product: Uncharacterized GST-like protein YibF => putative GST-like protein YibF
[16:58:27] Modify product: Probable parvulin-type peptidyl-prolyl cis-trans isomerase => putative parvulin-type peptidyl-prolyl cis-trans isomerase
[16:58:27] Modify product: UPF0758 protein => hypothetical protein
[16:58:27] Modify product: Putative multidrug export ATP-binding/permease protein SAV1866 => Putative multidrug export ATP-binding/permease protein
[16:58:27] Modify product: Putative multidrug export ATP-binding/permease protein SAV1866 => Putative multidrug export ATP-binding/permease protein
[16:58:27] Modify product: Uncharacterized protein Rv2575 => putative protein
[16:58:27] Modify product: UPF0701 protein HI_0467 => hypothetical protein
[16:58:27] Modify product: Uncharacterized protein RP812 => putative protein RP812
[16:58:27] Modify product: Uncharacterized oxidoreductase YjmC => putative oxidoreductase YjmC
[16:58:27] Modify product: Probable 3-hydroxyisobutyrate dehydrogenase => putative 3-hydroxyisobutyrate dehydrogenase
[16:58:27] Modify product: Probable ribonucleotide transport ATP-binding protein mkl => putative ribonucleotide transport ATP-binding protein mkl
[16:58:27] Modify product: Probable 2-dehydro-3-deoxygalactonokinase DgoK1 => putative 2-dehydro-3-deoxygalactonokinase DgoK1
[16:58:27] Modify product: Probable zinc-binding alcohol dehydrogenase Rv1895 => putative zinc-binding alcohol dehydrogenase
[16:58:27] Modify product: Solute-binding protein Veis_3954 => Solute-binding protein
[16:58:27] Modify product: Probable N-methylproline demethylase => putative N-methylproline demethylase
[16:58:27] Modify product: Probable amino-acid ABC transporter-binding protein HI_1080 => putative amino-acid ABC transporter-binding protein
[16:58:27] Modify product: Probable GTPase Rv1496 => putative GTPase
[16:58:27] Modify product: Solute-binding protein Dde_0634 => Solute-binding protein
[16:58:27] Modify product: Uncharacterized hydrolase HI_0588 => putative hydrolase
[16:58:27] Modify product: Uncharacterized protein HI_0131 => putative protein
[16:58:27] Modify product: UPF0056 inner membrane protein YhgN => hypothetical protein
[16:58:27] Modify product: Uncharacterized ABC transporter ATP-binding protein YheS => putative ABC transporter ATP-binding protein YheS
[16:58:27] Modify product: Uncharacterized protein Rv1276c => putative protein
[16:58:27] Modify product: Probable GTP-binding protein EngB => putative GTP-binding protein EngB
[16:58:27] Modify product: Acetyltransferase PA3944 => Acetyltransferase
[16:58:27] Modify product: Acetyltransferase PA3944 => Acetyltransferase
[16:58:27] Modify product: Putative anti-sigma factor antagonist TM_1442 => Putative anti-sigma factor antagonist
[16:58:27] Modify product: Uncharacterized zinc protease Rv2782c => putative zinc protease
[16:58:27] Modify product: Uncharacterized zinc protease Rv2782c => putative zinc protease
[16:58:27] Modify product: Putative formate dehydrogenase SA2102 => Putative formate dehydrogenase
[16:58:27] Modify product: Probable 3-hydroxybutyryl-CoA dehydrogenase => putative 3-hydroxybutyryl-CoA dehydrogenase
[16:58:27] Modify product: Uncharacterized protease YhbU => putative protease YhbU
[16:58:27] Modify product: Probable UbiX-like flavin prenyltransferase => putative UbiX-like flavin prenyltransferase
[16:58:27] Modify product: NAD(P)H-dependent FMN reductase PA1204 => NAD(P)H-dependent FMN reductase
[16:58:27] Modify product: Uncharacterized protein Rv2004c => putative protein
[16:58:27] Modify product: Uncharacterized oxidoreductase SA2266 => putative oxidoreductase
[16:58:27] Modify product: UPF0053 inner membrane protein YtfL => hypothetical protein
[16:58:27] Modify product: Cytochrome b561 homolog 2 => Cytochrome b561 
[16:58:27] Modify product: Probable D,D-dipeptide transport ATP-binding protein DdpF => putative D,D-dipeptide transport ATP-binding protein DdpF
[16:58:27] Modify product: Probable D,D-dipeptide transport system permease protein DdpC => putative D,D-dipeptide transport system permease protein DdpC
[16:58:27] Modify product: Solute-binding protein Veis_3954 => Solute-binding protein
[16:58:27] Modify product: Uncharacterized protein Rv1290c => putative protein
[16:58:27] Modify product: UPF0301 protein YqgE => hypothetical protein
[16:58:27] Modify product: Probable glycerol-3-phosphate acyltransferase => putative glycerol-3-phosphate acyltransferase
[16:58:27] Modify product: Uncharacterized protein YbaA => putative protein YbaA
[16:58:27] Modify product: Uncharacterized protein Rv2008c => putative protein
[16:58:27] Modify product: Uncharacterized protein Rv2569c => putative protein
[16:58:27] Modify product: Uncharacterized protein Rv2411c => putative protein
[16:58:27] Modify product: UPF0145 protein YbjQ => hypothetical protein
[16:58:27] Modify product: Probable ATP-dependent transporter SufC => putative ATP-dependent transporter SufC
[16:58:27] Modify product: Uncharacterized protein HI_1048 => putative protein
[16:58:27] Modify product: Uncharacterized oxidoreductase SA2266 => putative oxidoreductase
[16:58:27] Modify product: Probable ABC transporter permease protein HI_1471 => putative ABC transporter permease protein
[16:58:27] Modify product: Uncharacterized ABC transporter ATP-binding protein YejF => putative ABC transporter ATP-binding protein YejF
[16:58:27] Modify product: UPF0065 protein in clcB-clcD intergenic region => hypothetical protein
[16:58:27] Modify product: Probable D,D-dipeptide transport ATP-binding protein DdpF => putative D,D-dipeptide transport ATP-binding protein DdpF
[16:58:27] Modify product: Probable manganese-dependent inorganic pyrophosphatase => putative manganese-dependent inorganic pyrophosphatase
[16:58:27] Modify product: Probable 2-ketoarginine decarboxylase AruI => putative 2-ketoarginine decarboxylase AruI
[16:58:27] Modify product: Uncharacterized protein YaeQ => putative protein YaeQ
[16:58:27] Modify product: Putative NAD(P)H nitroreductase Rv3131 => Putative NAD(P)H nitroreductase
[16:58:27] Modify product: Probable phosphite transport system-binding protein PtxB => putative phosphite transport system-binding protein PtxB
[16:58:27] Modify product: Uncharacterized ABC transporter ATP-binding protein YadG => putative ABC transporter ATP-binding protein YadG
[16:58:27] Modify product: Solute-binding protein Veis_3954 => Solute-binding protein
[16:58:27] Modify product: UPF0173 metal-dependent hydrolase SA1529 => hypothetical protein
[16:58:27] Modify product: Probable chaperone CsaA => putative chaperone CsaA
[16:58:27] Modify product: Probable D,D-dipeptide transport system permease protein DdpC => putative D,D-dipeptide transport system permease protein DdpC
[16:58:27] Modify product: Probable cyclic di-GMP phosphodiesterase PdeC => putative cyclic di-GMP phosphodiesterase PdeC
[16:58:27] Modify product: Uncharacterized HTH-type transcriptional regulator Rv1985c => putative HTH-type transcriptional regulator
[16:58:27] Modify product: Probable transcriptional regulatory protein aq_1575 => putative transcriptional regulatory protein
[16:58:27] Modify product: Bifunctional protein FolD => Bifunctional protein FolD protein
[16:58:27] Modify product: Uncharacterized protein HI_1163 => putative protein
[16:58:27] Modify product: UPF0337 protein PA4738 => hypothetical protein
[16:58:27] Modify product: UPF0194 membrane protein YbhG => hypothetical protein
[16:58:27] Modify product: Probable multidrug ABC transporter permease YbhS => putative multidrug ABC transporter permease YbhS
[16:58:27] Modify product: Glycine betaine/proline/choline transporter VP1723 => Glycine betaine/proline/choline transporter
[16:58:27] Modify product: Uncharacterized protein YccU => putative protein YccU
[16:58:27] Modify product: Probable ABC transporter permease protein NosY => putative ABC transporter permease protein NosY
[16:58:27] Modify product: Probable ABC transporter ATP-binding protein NosF => putative ABC transporter ATP-binding protein NosF
[16:58:27] Modify product: Probable ABC transporter binding protein NosD => putative ABC transporter binding protein NosD
[16:58:27] Modify product: Uncharacterized MFS-type transporter YcaD => putative MFS-type transporter YcaD
[16:58:27] Modify product: Uncharacterized protein YqeY => putative protein YqeY
[16:58:27] Modify product: Uncharacterized metal-dependent hydrolase YcfH => putative metal-dependent hydrolase YcfH
[16:58:28] Modify product: Uncharacterized ABC transporter ATP-binding protein YheS => putative ABC transporter ATP-binding protein YheS
[16:58:28] Modify product: Glycogen operon protein GlgX homolog => Glycogen operon protein GlgX 
[16:58:28] Modify product: Probable D,D-dipeptide-binding periplasmic protein DdpA => putative D,D-dipeptide-binding periplasmic protein DdpA
[16:58:28] Modify product: Probable D,D-dipeptide transport system permease protein DdpC => putative D,D-dipeptide transport system permease protein DdpC
[16:58:28] Modify product: Probable 5-dehydro-4-deoxyglucarate dehydratase => putative 5-dehydro-4-deoxyglucarate dehydratase
[16:58:28] Modify product: Probable 5-dehydro-4-deoxyglucarate dehydratase => putative 5-dehydro-4-deoxyglucarate dehydratase
[16:58:28] Modify product: Probable manganese catalase => putative manganese catalase
[16:58:28] Modify product: Glycogen operon protein GlgX homolog => Glycogen operon protein GlgX 
[16:58:28] Modify product: UPF0126 inner membrane protein YicG => hypothetical protein
[16:58:28] Modify product: Purine-binding protein BAB2_0673 => Purine-binding protein
[16:58:28] Modify product: Probable riboflavin import permease protein RfuC => putative riboflavin import permease protein RfuC
[16:58:28] Modify product: Probable riboflavin import permease protein RfuD => putative riboflavin import permease protein RfuD
[16:58:28] Modify product: Probable RNA polymerase sigma factor FecI => putative RNA polymerase sigma factor FecI
[16:58:28] Modify product: Probable N-octanoylanthranilate hydrolase AqdA1 => putative N-octanoylanthranilate hydrolase AqdA1
[16:58:28] Modify product: Probable siderophore transport system permease protein YfiZ => putative siderophore transport system permease protein YfiZ
[16:58:28] Modify product: Probable siderophore transport system permease protein YfhA => putative siderophore transport system permease protein YfhA
[16:58:28] Modify product: Probable siderophore transport system ATP-binding protein YusV => putative siderophore transport system ATP-binding protein YusV
[16:58:28] Modify product: UPF0324 inner membrane protein YeiH => hypothetical protein
[16:58:28] Modify product: Putative thiamine biosynthesis protein HI_0357 => Putative thiamine biosynthesis protein
[16:58:28] Modify product: Probable lipoprotein YiaD => putative lipoprotein YiaD
[16:58:28] Modify product: Uncharacterized protein YcgM => putative protein YcgM
[16:58:28] Modify product: Probable sulfoacetate--CoA ligase => putative sulfoacetate--CoA ligase
[16:58:28] Modify product: Putative acyltransferase Rv0859 => Putative acyltransferase
[16:58:28] Modify product: Probable D-xylose utilization operon transcriptional repressor => putative D-xylose utilization operon transcriptional repressor
[16:58:28] Modify product: Probable glutamine ABC transporter permease protein GlnM => putative glutamine ABC transporter permease protein GlnM
[16:58:28] Modify product: UPF0053 protein Rv1842c => hypothetical protein
[16:58:28] Modify product: Uncharacterized protein Rv1841c => putative protein
[16:58:28] Modify product: Uncharacterized protein Rv3292 => putative protein
[16:58:28] Modify product: Probable peptidoglycan D,D-transpeptidase FtsI => putative peptidoglycan D,D-transpeptidase FtsI
[16:58:28] Modify product: Probable enoyl-CoA hydratase echA8 => putative enoyl-CoA hydratase echA8
[16:58:28] Modify product: Putative multidrug export ATP-binding/permease protein SAV1866 => Putative multidrug export ATP-binding/permease protein
[16:58:28] Modify product: UPF0060 membrane protein YnfA => hypothetical protein
[16:58:28] Modify product: Probable chromate transport protein => putative chromate transport protein
[16:58:28] Modify product: Uncharacterized sugar transferase EpsL => putative sugar transferase EpsL
[16:58:28] Modify product: UPF0178 protein YaiI => hypothetical protein
[16:58:28] Modify product: Probable sensor histidine kinase TcrY => putative sensor histidine kinase TcrY
[16:58:28] Modify product: Uncharacterized oxidoreductase YghA => putative oxidoreductase YghA
[16:58:28] Modify product: Probable RNA polymerase sigma factor FecI => putative RNA polymerase sigma factor FecI
[16:58:28] Modify product: Probable succinyl-CoA:3-ketoacid coenzyme A transferase subunit A => putative succinyl-CoA:3-ketoacid coenzyme A transferase subunit A
[16:58:28] Modify product: Probable succinyl-CoA:3-ketoacid coenzyme A transferase subunit B => putative succinyl-CoA:3-ketoacid coenzyme A transferase subunit B
[16:58:28] Modify product: Probable RNA polymerase sigma factor FecI => putative RNA polymerase sigma factor FecI
[16:58:28] Modify product: Probable D-xylose utilization operon transcriptional repressor => putative D-xylose utilization operon transcriptional repressor
[16:58:28] Modify product: UPF0434 protein YcaR => hypothetical protein
[16:58:28] Modify product: Glycogen operon protein GlgX homolog => Glycogen operon protein GlgX 
[16:58:28] Modify product: Probable peptidoglycan glycosyltransferase FtsW => putative peptidoglycan glycosyltransferase FtsW
[16:58:28] Modify product: Probable peptidoglycan D,D-transpeptidase FtsI => putative peptidoglycan D,D-transpeptidase FtsI
[16:58:28] Modify product: Solute-binding protein Csal_2479 => Solute-binding protein
[16:58:28] Modify product: Probable amino-acid-binding protein YxeM => putative amino-acid-binding protein YxeM
[16:58:28] Modify product: Probable amino-acid permease protein YxeN => putative amino-acid permease protein YxeN
[16:58:28] Modify product: Putative multidrug export ATP-binding/permease protein SAV1866 => Putative multidrug export ATP-binding/permease protein
[16:58:28] Modify product: UPF0324 inner membrane protein YeiH => hypothetical protein
[16:58:28] Modify product: Probable transcriptional regulatory protein TcrX => putative transcriptional regulatory protein TcrX
[16:58:28] Modify product: Uncharacterized FAD-linked oxidoreductase Rv2280 => putative FAD-linked oxidoreductase
[16:58:28] Modify product: Uncharacterized ABC transporter ATP-binding protein YejF => putative ABC transporter ATP-binding protein YejF
[16:58:28] Modify product: Uncharacterized ABC transporter ATP-binding protein YknY => putative ABC transporter ATP-binding protein YknY
[16:58:28] Modify product: UPF0335 protein CCNA_03428 => hypothetical protein
[16:58:28] Modify product: Uncharacterized protein Rv2567 => putative protein
[16:58:28] Modify product: Uncharacterized protein Rv2569c => putative protein
[16:58:28] Modify product: Uncharacterized ABC transporter ATP-binding protein Rv0986 => putative ABC transporter ATP-binding protein
[16:58:28] Modify product: Putative peptide transport permease protein Rv1282c => Putative peptide transport permease protein
[16:58:28] Modify product: Solute-binding protein RD1_1052 => Solute-binding protein
[16:58:28] Modify product: Probable transcriptional regulator PhnF => putative transcriptional regulator PhnF
[16:58:28] Modify product: UPF0702 transmembrane protein YetF => hypothetical protein
[16:58:28] Modify product: Probable efflux pump membrane transporter TtgB => putative efflux pump membrane transporter TtgB
[16:58:28] Modify product: Uncharacterized protein HI_0131 => putative protein
[16:58:28] Modify product: Uncharacterized protein HI_0103 => putative protein
[16:58:28] Cleaned 178 /product names
[16:58:28] Deleting unwanted file: gbk/JA139JA139/GCF_003034985.1.prokka.sprot.tmp.736090.faa
[16:58:28] Deleting unwanted file: gbk/JA139JA139/GCF_003034985.1.prokka.sprot.tmp.736090.blast
[16:58:29] There are still 2353 unannotated CDS left (started with 4633)
[16:58:29] Will use hmmer3 to search against /opt/anaconda3/envs/Prokka_Global/db/hmm/HAMAP.hmm with 20 CPUs
[16:58:29] Running: cat gbk\/JA139JA139\/GCF_003034985\.1\.prokka\.HAMAP\.hmm\.tmp\.736090\.faa | parallel --gnu --plain -j 20 --block 15750 --recstart '>' --pipe hmmscan --noali --notextw --acc -E 1e-09 --cpu 1 /opt/anaconda3/envs/Prokka_Global/db/hmm/HAMAP.hmm /dev/stdin > gbk\/JA139JA139\/GCF_003034985\.1\.prokka\.HAMAP\.hmm\.tmp\.736090\.hmmer3 2> /dev/null
[16:58:42] Modify product: Uncharacterized MFS-type transporter YcaD => putative MFS-type transporter YcaD
[16:58:42] Modify product: Uncharacterized Nudix hydrolase NudL => putative Nudix hydrolase NudL
[16:58:42] Cleaned 2 /product names
[16:58:42] Deleting unwanted file: gbk/JA139JA139/GCF_003034985.1.prokka.HAMAP.hmm.tmp.736090.faa
[16:58:42] Deleting unwanted file: gbk/JA139JA139/GCF_003034985.1.prokka.HAMAP.hmm.tmp.736090.hmmer3
[16:58:42] Labelling remaining 2063 proteins as 'hypothetical protein'
[16:58:42] Possible /pseudo 'Putative multidrug export ATP-binding/permease protein' at NZ_PZKG01000001.1 position 110810
[16:58:42] Possible /pseudo 'Pyrimidine-specific ribonucleoside hydrolase RihA' at NZ_PZKG01000002.1 position 74315
[16:58:42] Possible /pseudo 'Acetyltransferase' at NZ_PZKG01000003.1 position 18392
[16:58:42] Possible /pseudo 'putative zinc protease' at NZ_PZKG01000003.1 position 52824
[16:58:42] Possible /pseudo 'HTH-type transcriptional repressor GlaR' at NZ_PZKG01000006.1 position 59320
[16:58:42] Possible /pseudo 'L-cystine transport system permease protein YecS' at NZ_PZKG01000008.1 position 64462
[16:58:42] Possible /pseudo 'Non-homologous end joining protein Ku' at NZ_PZKG01000009.1 position 6056
[16:58:42] Possible /pseudo 'Flagellar basal-body rod protein FlgG' at NZ_PZKG01000012.1 position 36558
[16:58:42] Possible /pseudo 'Vitamin B12 import ATP-binding protein BtuD' at NZ_PZKG01000016.1 position 4824
[16:58:42] Possible /pseudo 'IS3 family transposase ISPye42' at NZ_PZKG01000021.1 position 49579
[16:58:42] Possible /pseudo 'Peptide deformylase' at NZ_PZKG01000030.1 position 3908
[16:58:42] Possible /pseudo 'tRNA 5-methylaminomethyl-2-thiouridine biosynthesis bifunctional protein MnmC' at NZ_PZKG01000030.1 position 16645
[16:58:42] Possible /pseudo 'Protein YceI' at NZ_PZKG01000032.1 position 5022
[16:58:42] Possible /pseudo 'Urocanate hydratase' at NZ_PZKG01000050.1 position 16361
[16:58:42] Possible /pseudo '4-methylaminobutanoate oxidase (formaldehyde-forming)' at NZ_PZKG01000050.1 position 24401
[16:58:42] Possible /pseudo '4-methylaminobutanoate oxidase (formaldehyde-forming)' at NZ_PZKG01000050.1 position 25565
[16:58:42] Possible /pseudo 'NAD(P) transhydrogenase subunit alpha' at NZ_PZKG01000051.1 position 17486
[16:58:42] Possible /pseudo 'Trk system potassium uptake protein TrkI' at NZ_PZKG01000056.1 position 8522
[16:58:42] Possible /pseudo 'DNA-binding transcriptional activator DecR' at NZ_PZKG01000056.1 position 25421
[16:58:42] Possible /pseudo 'Glycine dehydrogenase (decarboxylating)' at NZ_PZKG01000066.1 position 12122
[16:58:42] Possible /pseudo 'Regulator of RpoS' at NZ_PZKG01000072.1 position 14298
[16:58:42] Possible /pseudo 'High-affinity branched-chain amino acid transport ATP-binding protein LivF' at NZ_PZKG01000076.1 position 10751
[16:58:42] Possible /pseudo 'Dimethyl sulfoxide/trimethylamine N-oxide reductase' at NZ_PZKG01000111.1 position 9686
[16:58:42] Possible /pseudo 'UDP-N-acetylmuramoylalanine--D-glutamate ligase' at NZ_PZKG01000146.1 position 2247
[16:58:42] Possible /pseudo 'putative protein' at NZ_PZKG01000163.1 position 2398
[16:58:42] Possible /pseudo 'Cytochrome b562' at NZ_PZKG01000173.1 position 2008
[16:58:42] Possible /pseudo 'Tyrosine recombinase XerC' at NZ_PZKG01000182.1 position 4798
[16:58:42] Possible /pseudo 'Putative acetolactate synthase large subunit IlvX' at NZ_PZKG01000207.1 position 3184
[16:58:42] Found 1766 unique /gene codes.
[16:58:42] Fixed 2 duplicate /gene - crt_1 crt_2
[16:58:42] Fixed 2 duplicate /gene - lcdH_1 lcdH_2
[16:58:42] Fixed 2 duplicate /gene - glgB_1 glgB_2
[16:58:42] Fixed 2 duplicate /gene - nifS_1 nifS_2
[16:58:42] Fixed 2 duplicate /gene - yclQ_1 yclQ_2
[16:58:42] Fixed 2 duplicate /gene - htpX_1 htpX_2
[16:58:42] Fixed 4 duplicate /gene - xylB_1 xylB_2 xylB_3 xylB_4
[16:58:42] Fixed 8 duplicate /gene - livF_1 livF_2 livF_3 livF_4 livF_5 livF_6 livF_7 livF_8
[16:58:42] Fixed 3 duplicate /gene - mshA_1 mshA_2 mshA_3
[16:58:42] Fixed 2 duplicate /gene - pdhR_1 pdhR_2
[16:58:42] Fixed 2 duplicate /gene - dmdC_1 dmdC_2
[16:58:42] Fixed 4 duplicate /gene - alkJ_1 alkJ_2 alkJ_3 alkJ_4
[16:58:42] Fixed 2 duplicate /gene - ugpA_1 ugpA_2
[16:58:42] Fixed 4 duplicate /gene - suhB_1 suhB_2 suhB_3 suhB_4
[16:58:42] Fixed 3 duplicate /gene - frcA_1 frcA_2 frcA_3
[16:58:42] Fixed 2 duplicate /gene - ilvI_1 ilvI_2
[16:58:42] Fixed 2 duplicate /gene - clsB_1 clsB_2
[16:58:42] Fixed 3 duplicate /gene - cmpD_1 cmpD_2 cmpD_3
[16:58:42] Fixed 2 duplicate /gene - tatA_1 tatA_2
[16:58:42] Fixed 12 duplicate /gene - sasA_1 sasA_2 sasA_3 sasA_4 sasA_5 sasA_6 sasA_7 sasA_8 sasA_9 sasA_10 sasA_11 sasA_12
[16:58:42] Fixed 2 duplicate /gene - ndhC_1 ndhC_2
[16:58:42] Fixed 2 duplicate /gene - soxB_1 soxB_2
[16:58:42] Fixed 2 duplicate /gene - hmp_1 hmp_2
[16:58:42] Fixed 3 duplicate /gene - davD_1 davD_2 davD_3
[16:58:42] Fixed 2 duplicate /gene - atpB_1 atpB_2
[16:58:42] Fixed 2 duplicate /gene - cobO_1 cobO_2
[16:58:42] Fixed 2 duplicate /gene - smc_1 smc_2
[16:58:42] Fixed 5 duplicate /gene - gsiB_1 gsiB_2 gsiB_3 gsiB_4 gsiB_5
[16:58:42] Fixed 2 duplicate /gene - ilvD_1 ilvD_2
[16:58:42] Fixed 2 duplicate /gene - mtgB_1 mtgB_2
[16:58:42] Fixed 3 duplicate /gene - oppF_1 oppF_2 oppF_3
[16:58:42] Fixed 3 duplicate /gene - dxs_1 dxs_2 dxs_3
[16:58:42] Fixed 2 duplicate /gene - gpmA_1 gpmA_2
[16:58:42] Fixed 2 duplicate /gene - fabF_1 fabF_2
[16:58:42] Fixed 2 duplicate /gene - tadA_1 tadA_2
[16:58:42] Fixed 2 duplicate /gene - acyI_1 acyI_2
[16:58:42] Fixed 4 duplicate /gene - glpR_1 glpR_2 glpR_3 glpR_4
[16:58:42] Fixed 2 duplicate /gene - entS_1 entS_2
[16:58:42] Fixed 2 duplicate /gene - siaM_1 siaM_2
[16:58:42] Fixed 5 duplicate /gene - fixK_1 fixK_2 fixK_3 fixK_4 fixK_5
[16:58:42] Fixed 2 duplicate /gene - nuoN_1 nuoN_2
[16:58:42] Fixed 3 duplicate /gene - araB_1 araB_2 araB_3
[16:58:42] Fixed 2 duplicate /gene - uvrD_1 uvrD_2
[16:58:42] Fixed 2 duplicate /gene - bcp_1 bcp_2
[16:58:42] Fixed 2 duplicate /gene - fadA_1 fadA_2
[16:58:42] Fixed 4 duplicate /gene - prsE_1 prsE_2 prsE_3 prsE_4
[16:58:42] Fixed 3 duplicate /gene - decR_1 decR_2 decR_3
[16:58:42] Fixed 2 duplicate /gene - galE_1 galE_2
[16:58:42] Fixed 2 duplicate /gene - ndhB_1 ndhB_2
[16:58:42] Fixed 2 duplicate /gene - phnM_1 phnM_2
[16:58:42] Fixed 2 duplicate /gene - aroE_1 aroE_2
[16:58:42] Fixed 2 duplicate /gene - mcbR_1 mcbR_2
[16:58:42] Fixed 3 duplicate /gene - betI_1 betI_2 betI_3
[16:58:42] Fixed 2 duplicate /gene - nifK_1 nifK_2
[16:58:42] Fixed 3 duplicate /gene - tdh_1 tdh_2 tdh_3
[16:58:42] Fixed 2 duplicate /gene - iolE_1 iolE_2
[16:58:42] Fixed 2 duplicate /gene - phnC_1 phnC_2
[16:58:42] Fixed 4 duplicate /gene - bamA_1 bamA_2 bamA_3 bamA_4
[16:58:42] Fixed 2 duplicate /gene - cpdA_1 cpdA_2
[16:58:42] Fixed 2 duplicate /gene - glgC_1 glgC_2
[16:58:42] Fixed 2 duplicate /gene - hemN_1 hemN_2
[16:58:42] Fixed 2 duplicate /gene - dnaK_1 dnaK_2
[16:58:42] Fixed 10 duplicate /gene - fabG_1 fabG_2 fabG_3 fabG_4 fabG_5 fabG_6 fabG_7 fabG_8 fabG_9 fabG_10
[16:58:42] Fixed 2 duplicate /gene - emrB_1 emrB_2
[16:58:42] Fixed 2 duplicate /gene - macB_1 macB_2
[16:58:42] Fixed 2 duplicate /gene - araQ_1 araQ_2
[16:58:42] Fixed 5 duplicate /gene - rhaR_1 rhaR_2 rhaR_3 rhaR_4 rhaR_5
[16:58:42] Fixed 3 duplicate /gene - rhtB_1 rhtB_2 rhtB_3
[16:58:42] Fixed 6 duplicate /gene - rbsA_1 rbsA_2 rbsA_3 rbsA_4 rbsA_5 rbsA_6
[16:58:42] Fixed 2 duplicate /gene - bepE_1 bepE_2
[16:58:42] Fixed 2 duplicate /gene - paoA_1 paoA_2
[16:58:42] Fixed 2 duplicate /gene - phaC_1 phaC_2
[16:58:42] Fixed 2 duplicate /gene - yhhT_1 yhhT_2
[16:58:42] Fixed 2 duplicate /gene - rpoH_1 rpoH_2
[16:58:42] Fixed 2 duplicate /gene - srlR_1 srlR_2
[16:58:42] Fixed 2 duplicate /gene - mltF_1 mltF_2
[16:58:42] Fixed 3 duplicate /gene - hisC_1 hisC_2 hisC_3
[16:58:42] Fixed 2 duplicate /gene - bigR_1 bigR_2
[16:58:42] Fixed 3 duplicate /gene - yecS_1 yecS_2 yecS_3
[16:58:42] Fixed 3 duplicate /gene - proA_1 proA_2 proA_3
[16:58:42] Fixed 3 duplicate /gene - yejF_1 yejF_2 yejF_3
[16:58:42] Fixed 11 duplicate /gene - gsiC_1 gsiC_2 gsiC_3 gsiC_4 gsiC_5 gsiC_6 gsiC_7 gsiC_8 gsiC_9 gsiC_10 gsiC_11
[16:58:42] Fixed 2 duplicate /gene - cheA_1 cheA_2
[16:58:42] Fixed 4 duplicate /gene - malK_1 malK_2 malK_3 malK_4
[16:58:42] Fixed 3 duplicate /gene - yfcG_1 yfcG_2 yfcG_3
[16:58:42] Fixed 2 duplicate /gene - atpC_1 atpC_2
[16:58:42] Fixed 3 duplicate /gene - fecI_1 fecI_2 fecI_3
[16:58:42] Fixed 2 duplicate /gene - nagC_1 nagC_2
[16:58:42] Fixed 2 duplicate /gene - gcvP_1 gcvP_2
[16:58:42] Fixed 2 duplicate /gene - yieH_1 yieH_2
[16:58:42] Fixed 3 duplicate /gene - puuA_1 puuA_2 puuA_3
[16:58:42] Fixed 3 duplicate /gene - kce_1 kce_2 kce_3
[16:58:42] Fixed 2 duplicate /gene - degP_1 degP_2
[16:58:42] Fixed 2 duplicate /gene - ywrD_1 ywrD_2
[16:58:42] Fixed 2 duplicate /gene - rutD_1 rutD_2
[16:58:42] Fixed 5 duplicate /gene - dmlR_1 dmlR_2 dmlR_3 dmlR_4 dmlR_5
[16:58:42] Fixed 2 duplicate /gene - ku_1 ku_2
[16:58:42] Fixed 2 duplicate /gene - fhuB_1 fhuB_2
[16:58:42] Fixed 2 duplicate /gene - malL_1 malL_2
[16:58:42] Fixed 2 duplicate /gene - caiD_1 caiD_2
[16:58:42] Fixed 2 duplicate /gene - gno_1 gno_2
[16:58:42] Fixed 2 duplicate /gene - dctB_1 dctB_2
[16:58:42] Fixed 7 duplicate /gene - dppB_1 dppB_2 dppB_3 dppB_4 dppB_5 dppB_6 dppB_7
[16:58:42] Fixed 2 duplicate /gene - mdoG_1 mdoG_2
[16:58:42] Fixed 2 duplicate /gene - yciF_1 yciF_2
[16:58:42] Fixed 2 duplicate /gene - cobD_1 cobD_2
[16:58:42] Fixed 3 duplicate /gene - ghrA_1 ghrA_2 ghrA_3
[16:58:42] Fixed 3 duplicate /gene - dsbD_1 dsbD_2 dsbD_3
[16:58:42] Fixed 2 duplicate /gene - mobA_1 mobA_2
[16:58:42] Fixed 2 duplicate /gene - pksJ_1 pksJ_2
[16:58:42] Fixed 2 duplicate /gene - nsrR_1 nsrR_2
[16:58:42] Fixed 2 duplicate /gene - blh_1 blh_2
[16:58:42] Fixed 2 duplicate /gene - metH_1 metH_2
[16:58:42] Fixed 2 duplicate /gene - scaC_1 scaC_2
[16:58:42] Fixed 3 duplicate /gene - gntR_1 gntR_2 gntR_3
[16:58:42] Fixed 2 duplicate /gene - glpK_1 glpK_2
[16:58:42] Fixed 2 duplicate /gene - hbpA_1 hbpA_2
[16:58:42] Fixed 2 duplicate /gene - pgtC_1 pgtC_2
[16:58:42] Fixed 2 duplicate /gene - xerD_1 xerD_2
[16:58:42] Fixed 3 duplicate /gene - hexR_1 hexR_2 hexR_3
[16:58:42] Fixed 2 duplicate /gene - rihA_1 rihA_2
[16:58:42] Fixed 2 duplicate /gene - rhaS_1 rhaS_2
[16:58:42] Fixed 3 duplicate /gene - gcvA_1 gcvA_2 gcvA_3
[16:58:42] Fixed 3 duplicate /gene - dat_1 dat_2 dat_3
[16:58:42] Fixed 3 duplicate /gene - ecfG_1 ecfG_2 ecfG_3
[16:58:42] Fixed 2 duplicate /gene - efp_1 efp_2
[16:58:42] Fixed 3 duplicate /gene - ribX_1 ribX_2 ribX_3
[16:58:42] Fixed 2 duplicate /gene - bioY_1 bioY_2
[16:58:42] Fixed 2 duplicate /gene - cbbZC_1 cbbZC_2
[16:58:42] Fixed 6 duplicate /gene - dctM_1 dctM_2 dctM_3 dctM_4 dctM_5 dctM_6
[16:58:42] Fixed 3 duplicate /gene - mdtA_1 mdtA_2 mdtA_3
[16:58:42] Fixed 2 duplicate /gene - tolQ_1 tolQ_2
[16:58:42] Fixed 4 duplicate /gene - dppC_1 dppC_2 dppC_3 dppC_4
[16:58:42] Fixed 3 duplicate /gene - noc_1 noc_2 noc_3
[16:58:42] Fixed 2 duplicate /gene - mrpD_1 mrpD_2
[16:58:42] Fixed 2 duplicate /gene - nuoJ_1 nuoJ_2
[16:58:42] Fixed 2 duplicate /gene - acsA_1 acsA_2
[16:58:42] Fixed 2 duplicate /gene - mglA_1 mglA_2
[16:58:42] Fixed 4 duplicate /gene - oppD_1 oppD_2 oppD_3 oppD_4
[16:58:42] Fixed 2 duplicate /gene - nuoI_1 nuoI_2
[16:58:42] Fixed 2 duplicate /gene - cheY_1 cheY_2
[16:58:42] Fixed 2 duplicate /gene - ftsI_1 ftsI_2
[16:58:42] Fixed 2 duplicate /gene - pntA_1 pntA_2
[16:58:42] Fixed 2 duplicate /gene - acpP_1 acpP_2
[16:58:42] Fixed 2 duplicate /gene - ousW_1 ousW_2
[16:58:42] Fixed 2 duplicate /gene - pdeB_1 pdeB_2
[16:58:42] Fixed 8 duplicate /gene - ribN_1 ribN_2 ribN_3 ribN_4 ribN_5 ribN_6 ribN_7 ribN_8
[16:58:42] Fixed 2 duplicate /gene - fhuC_1 fhuC_2
[16:58:42] Fixed 2 duplicate /gene - petA_1 petA_2
[16:58:42] Fixed 2 duplicate /gene - aroQ_1 aroQ_2
[16:58:42] Fixed 2 duplicate /gene - mntB_1 mntB_2
[16:58:42] Fixed 3 duplicate /gene - fabI_1 fabI_2 fabI_3
[16:58:42] Fixed 2 duplicate /gene - flgG_1 flgG_2
[16:58:42] Fixed 2 duplicate /gene - yajO_1 yajO_2
[16:58:42] Fixed 2 duplicate /gene - nagR_1 nagR_2
[16:58:42] Fixed 2 duplicate /gene - occP_1 occP_2
[16:58:42] Fixed 2 duplicate /gene - trkI_1 trkI_2
[16:58:42] Fixed 3 duplicate /gene - dmsA_1 dmsA_2 dmsA_3
[16:58:42] Fixed 2 duplicate /gene - lolD_1 lolD_2
[16:58:42] Fixed 2 duplicate /gene - kduD_1 kduD_2
[16:58:42] Fixed 2 duplicate /gene - virC1_1 virC1_2
[16:58:42] Fixed 4 duplicate /gene - hvrA_1 hvrA_2 hvrA_3 hvrA_4
[16:58:42] Fixed 2 duplicate /gene - rsmB_1 rsmB_2
[16:58:42] Fixed 2 duplicate /gene - mnmC_1 mnmC_2
[16:58:42] Fixed 2 duplicate /gene - aspC_1 aspC_2
[16:58:42] Fixed 2 duplicate /gene - aatB_1 aatB_2
[16:58:42] Fixed 2 duplicate /gene - ilvX_1 ilvX_2
[16:58:42] Fixed 11 duplicate /gene - rcsC_1 rcsC_2 rcsC_3 rcsC_4 rcsC_5 rcsC_6 rcsC_7 rcsC_8 rcsC_9 rcsC_10 rcsC_11
[16:58:42] Fixed 4 duplicate /gene - ddpC_1 ddpC_2 ddpC_3 ddpC_4
[16:58:42] Fixed 3 duplicate /gene - COQ3_1 COQ3_2 COQ3_3
[16:58:42] Fixed 2 duplicate /gene - atpE_1 atpE_2
[16:58:42] Fixed 2 duplicate /gene - fhuD_1 fhuD_2
[16:58:42] Fixed 5 duplicate /gene - livH_1 livH_2 livH_3 livH_4 livH_5
[16:58:42] Fixed 3 duplicate /gene - ftsH_1 ftsH_2 ftsH_3
[16:58:42] Fixed 2 duplicate /gene - nuoH_1 nuoH_2
[16:58:42] Fixed 2 duplicate /gene - catD_1 catD_2
[16:58:42] Fixed 2 duplicate /gene - dksA_1 dksA_2
[16:58:42] Fixed 2 duplicate /gene - ybhL_1 ybhL_2
[16:58:42] Fixed 3 duplicate /gene - dctD_1 dctD_2 dctD_3
[16:58:42] Fixed 3 duplicate /gene - atpG_1 atpG_2 atpG_3
[16:58:42] Fixed 2 duplicate /gene - mrpC_1 mrpC_2
[16:58:42] Fixed 2 duplicate /gene - gppA_1 gppA_2
[16:58:42] Fixed 2 duplicate /gene - purC_1 purC_2
[16:58:42] Fixed 2 duplicate /gene - fecE_1 fecE_2
[16:58:42] Fixed 2 duplicate /gene - yclN_1 yclN_2
[16:58:42] Fixed 3 duplicate /gene - prsD_1 prsD_2 prsD_3
[16:58:42] Fixed 5 duplicate /gene - lptB_1 lptB_2 lptB_3 lptB_4 lptB_5
[16:58:42] Fixed 2 duplicate /gene - ackA_1 ackA_2
[16:58:42] Fixed 5 duplicate /gene - rspR_1 rspR_2 rspR_3 rspR_4 rspR_5
[16:58:42] Fixed 4 duplicate /gene - rssB_1 rssB_2 rssB_3 rssB_4
[16:58:42] Fixed 2 duplicate /gene - ybjJ_1 ybjJ_2
[16:58:42] Fixed 2 duplicate /gene - fecR_1 fecR_2
[16:58:42] Fixed 3 duplicate /gene - dppD_1 dppD_2 dppD_3
[16:58:42] Fixed 6 duplicate /gene - cysA_1 cysA_2 cysA_3 cysA_4 cysA_5 cysA_6
[16:58:42] Fixed 3 duplicate /gene - dapH_1 dapH_2 dapH_3
[16:58:42] Fixed 2 duplicate /gene - dadA_1 dadA_2
[16:58:42] Fixed 2 duplicate /gene - idnO_1 idnO_2
[16:58:42] Fixed 4 duplicate /gene - soxA_1 soxA_2 soxA_3 soxA_4
[16:58:42] Fixed 2 duplicate /gene - mkl_1 mkl_2
[16:58:42] Fixed 3 duplicate /gene - bacC_1 bacC_2 bacC_3
[16:58:42] Fixed 5 duplicate /gene - glnQ_1 glnQ_2 glnQ_3 glnQ_4 glnQ_5
[16:58:42] Fixed 2 duplicate /gene - thiQ_1 thiQ_2
[16:58:42] Fixed 7 duplicate /gene - rbsC_1 rbsC_2 rbsC_3 rbsC_4 rbsC_5 rbsC_6 rbsC_7
[16:58:42] Fixed 2 duplicate /gene - paoC_1 paoC_2
[16:58:42] Fixed 2 duplicate /gene - ycaD_1 ycaD_2
[16:58:42] Fixed 3 duplicate /gene - gpmB_1 gpmB_2 gpmB_3
[16:58:42] Fixed 2 duplicate /gene - ampR_1 ampR_2
[16:58:42] Fixed 2 duplicate /gene - argH_1 argH_2
[16:58:42] Fixed 2 duplicate /gene - lhgD_1 lhgD_2
[16:58:42] Fixed 2 duplicate /gene - proV_1 proV_2
[16:58:42] Fixed 2 duplicate /gene - alaS_1 alaS_2
[16:58:42] Fixed 3 duplicate /gene - mtgA_1 mtgA_2 mtgA_3
[16:58:42] Fixed 18 duplicate /gene - btuD_1 btuD_2 btuD_3 btuD_4 btuD_5 btuD_6 btuD_7 btuD_8 btuD_9 btuD_10 btuD_11 btuD_12 btuD_13 btuD_14 btuD_15 btuD_16 btuD_17 btuD_18
[16:58:42] Fixed 9 duplicate /gene - gsiA_1 gsiA_2 gsiA_3 gsiA_4 gsiA_5 gsiA_6 gsiA_7 gsiA_8 gsiA_9
[16:58:42] Fixed 3 duplicate /gene - ngcG_1 ngcG_2 ngcG_3
[16:58:42] Fixed 2 duplicate /gene - proC_1 proC_2
[16:58:42] Fixed 4 duplicate /gene - hdfR_1 hdfR_2 hdfR_3 hdfR_4
[16:58:42] Fixed 3 duplicate /gene - ydcV_1 ydcV_2 ydcV_3
[16:58:42] Fixed 2 duplicate /gene - atpA_1 atpA_2
[16:58:42] Fixed 3 duplicate /gene - spuC_1 spuC_2 spuC_3
[16:58:42] Fixed 2 duplicate /gene - xylG_1 xylG_2
[16:58:42] Fixed 2 duplicate /gene - glnH_1 glnH_2
[16:58:42] Fixed 2 duplicate /gene - hemS_1 hemS_2
[16:58:42] Fixed 2 duplicate /gene - arsC_1 arsC_2
[16:58:42] Fixed 2 duplicate /gene - lrp_1 lrp_2
[16:58:42] Fixed 2 duplicate /gene - ligK_1 ligK_2
[16:58:42] Fixed 3 duplicate /gene - dauA_1 dauA_2 dauA_3
[16:58:42] Fixed 2 duplicate /gene - nuoM_1 nuoM_2
[16:58:42] Fixed 2 duplicate /gene - nuoK_1 nuoK_2
[16:58:42] Fixed 2 duplicate /gene - secA_1 secA_2
[16:58:42] Fixed 2 duplicate /gene - hutU_1 hutU_2
[16:58:42] Fixed 2 duplicate /gene - yheS_1 yheS_2
[16:58:42] Fixed 2 duplicate /gene - ttgB_1 ttgB_2
[16:58:42] Fixed 3 duplicate /gene - siaT_1 siaT_2 siaT_3
[16:58:42] Fixed 2 duplicate /gene - tufA_1 tufA_2
[16:58:42] Fixed 2 duplicate /gene - cymR_1 cymR_2
[16:58:42] Fixed 2 duplicate /gene - qseB_1 qseB_2
[16:58:42] Fixed 2 duplicate /gene - nfdA_1 nfdA_2
[16:58:42] Fixed 3 duplicate /gene - cheW_1 cheW_2 cheW_3
[16:58:42] Fixed 2 duplicate /gene - glnB_1 glnB_2
[16:58:42] Fixed 2 duplicate /gene - mfd_1 mfd_2
[16:58:42] Fixed 2 duplicate /gene - ligU_1 ligU_2
[16:58:42] Fixed 3 duplicate /gene - cytR_1 cytR_2 cytR_3
[16:58:42] Fixed 2 duplicate /gene - pcm_1 pcm_2
[16:58:42] Fixed 2 duplicate /gene - FCS1_1 FCS1_2
[16:58:42] Fixed 2 duplicate /gene - rpoN_1 rpoN_2
[16:58:42] Fixed 2 duplicate /gene - bluF_1 bluF_2
[16:58:42] Fixed 2 duplicate /gene - bamB_1 bamB_2
[16:58:42] Fixed 2 duplicate /gene - frlB_1 frlB_2
[16:58:42] Fixed 3 duplicate /gene - glgX_1 glgX_2 glgX_3
[16:58:42] Fixed 2 duplicate /gene - carA_1 carA_2
[16:58:42] Fixed 2 duplicate /gene - mcl2_1 mcl2_2
[16:58:42] Fixed 3 duplicate /gene - ald_1 ald_2 ald_3
[16:58:42] Fixed 2 duplicate /gene - atpF_1 atpF_2
[16:58:42] Fixed 5 duplicate /gene - ugpC_1 ugpC_2 ugpC_3 ugpC_4 ugpC_5
[16:58:42] Fixed 2 duplicate /gene - ubiB_1 ubiB_2
[16:58:42] Fixed 4 duplicate /gene - amiC_1 amiC_2 amiC_3 amiC_4
[16:58:42] Fixed 2 duplicate /gene - acdA_1 acdA_2
[16:58:42] Fixed 2 duplicate /gene - qseC_1 qseC_2
[16:58:42] Fixed 2 duplicate /gene - gltR_1 gltR_2
[16:58:42] Fixed 3 duplicate /gene - macA_1 macA_2 macA_3
[16:58:42] Fixed 2 duplicate /gene - dpnM_1 dpnM_2
[16:58:42] Fixed 3 duplicate /gene - flhA_1 flhA_2 flhA_3
[16:58:42] Fixed 7 duplicate /gene - xerC_1 xerC_2 xerC_3 xerC_4 xerC_5 xerC_6 xerC_7
[16:58:42] Fixed 2 duplicate /gene - yclO_1 yclO_2
[16:58:42] Fixed 6 duplicate /gene - abo_1 abo_2 abo_3 abo_4 abo_5 abo_6
[16:58:42] Fixed 3 duplicate /gene - degU_1 degU_2 degU_3
[16:58:42] Fixed 2 duplicate /gene - cheB_1 cheB_2
[16:58:42] Fixed 2 duplicate /gene - nadE_1 nadE_2
[16:58:42] Fixed 2 duplicate /gene - gyrB_1 gyrB_2
[16:58:42] Fixed 2 duplicate /gene - nuoB_1 nuoB_2
[16:58:42] Fixed 4 duplicate /gene - rbsB_1 rbsB_2 rbsB_3 rbsB_4
[16:58:42] Fixed 2 duplicate /gene - paoB_1 paoB_2
[16:58:42] Fixed 3 duplicate /gene - ilvE_1 ilvE_2 ilvE_3
[16:58:42] Fixed 2 duplicate /gene - actP_1 actP_2
[16:58:42] Fixed 2 duplicate /gene - kefC_1 kefC_2
[16:58:42] Fixed 2 duplicate /gene - argE_1 argE_2
[16:58:42] Fixed 2 duplicate /gene - cocE_1 cocE_2
[16:58:42] Fixed 3 duplicate /gene - fhuA_1 fhuA_2 fhuA_3
[16:58:42] Fixed 3 duplicate /gene - cdhR_1 cdhR_2 cdhR_3
[16:58:42] Fixed 4 duplicate /gene - puuB_1 puuB_2 puuB_3 puuB_4
[16:58:42] Fixed 2 duplicate /gene - pepA_1 pepA_2
[16:58:42] Fixed 2 duplicate /gene - znuB_1 znuB_2
[16:58:42] Fixed 4 duplicate /gene - arcA_1 arcA_2 arcA_3 arcA_4
[16:58:42] Fixed 2 duplicate /gene - soxD_1 soxD_2
[16:58:42] Fixed 2 duplicate /gene - metN_1 metN_2
[16:58:42] Fixed 2 duplicate /gene - mdtC_1 mdtC_2
[16:58:42] Fixed 2 duplicate /gene - nifD_1 nifD_2
[16:58:42] Fixed 2 duplicate /gene - dnaE2_1 dnaE2_2
[16:58:42] Fixed 2 duplicate /gene - glmM_1 glmM_2
[16:58:42] Fixed 2 duplicate /gene - yclP_1 yclP_2
[16:58:42] Fixed 4 duplicate /gene - dppA_1 dppA_2 dppA_3 dppA_4
[16:58:42] Fixed 2 duplicate /gene - ctaC_1 ctaC_2
[16:58:42] Fixed 6 duplicate /gene - gsiD_1 gsiD_2 gsiD_3 gsiD_4 gsiD_5 gsiD_6
[16:58:42] Fixed 2 duplicate /gene - bepA_1 bepA_2
[16:58:42] Fixed 2 duplicate /gene - tal_1 tal_2
[16:58:42] Fixed 3 duplicate /gene - glaR_1 glaR_2 glaR_3
[16:58:42] Fixed 2 duplicate /gene - atpD_1 atpD_2
[16:58:42] Fixed 2 duplicate /gene - cynR_1 cynR_2
[16:58:42] Fixed 2 duplicate /gene - thiE_1 thiE_2
[16:58:42] Fixed 4 duplicate /gene - iolG_1 iolG_2 iolG_3 iolG_4
[16:58:42] Fixed 2 duplicate /gene - gatA_1 gatA_2
[16:58:42] Fixed 5 duplicate /gene - pal_1 pal_2 pal_3 pal_4 pal_5
[16:58:42] Fixed 3 duplicate /gene - sufS_1 sufS_2 sufS_3
[16:58:42] Fixed 2 duplicate /gene - siaP_1 siaP_2
[16:58:42] Fixed 2 duplicate /gene - cheR_1 cheR_2
[16:58:42] Fixed 2 duplicate /gene - araD_1 araD_2
[16:58:42] Fixed 3 duplicate /gene - xthA_1 xthA_2 xthA_3
[16:58:42] Fixed 2 duplicate /gene - fucU_1 fucU_2
[16:58:42] Fixed 4 duplicate /gene - potA_1 potA_2 potA_3 potA_4
[16:58:42] Fixed 3 duplicate /gene - pucC_1 pucC_2 pucC_3
[16:58:42] Fixed 4 duplicate /gene - dapE_1 dapE_2 dapE_3 dapE_4
[16:58:42] Fixed 2 duplicate /gene - echA8_1 echA8_2
[16:58:42] Fixed 2 duplicate /gene - trpD_1 trpD_2
[16:58:42] Fixed 2 duplicate /gene - rutR_1 rutR_2
[16:58:42] Fixed 3 duplicate /gene - bcr_1 bcr_2 bcr_3
[16:58:42] Fixed 2 duplicate /gene - def_1 def_2
[16:58:42] Fixed 2 duplicate /gene - msrB_1 msrB_2
[16:58:42] Fixed 2 duplicate /gene - accA1_1 accA1_2
[16:58:42] Fixed 2 duplicate /gene - ssuC_1 ssuC_2
[16:58:42] Fixed 2 duplicate /gene - carD_1 carD_2
[16:58:42] Fixed 2 duplicate /gene - map_1 map_2
[16:58:42] Fixed 2 duplicate /gene - recD2_1 recD2_2
[16:58:42] Fixed 3 duplicate /gene - cspA_1 cspA_2 cspA_3
[16:58:42] Fixed 2 duplicate /gene - gph_1 gph_2
[16:58:42] Fixed 2 duplicate /gene - hipO_1 hipO_2
[16:58:42] Fixed 2 duplicate /gene - murD_1 murD_2
[16:58:42] Fixed 2 duplicate /gene - yceI_1 yceI_2
[16:58:42] Fixed 2 duplicate /gene - ddpF_1 ddpF_2
[16:58:42] Fixed 2 duplicate /gene - oxyR_1 oxyR_2
[16:58:42] Fixed 2 duplicate /gene - gtaB_1 gtaB_2
[16:58:42] Fixed 2 duplicate /gene - ubiL_1 ubiL_2
[16:58:42] Fixed 2 duplicate /gene - tam_1 tam_2
[16:58:42] Fixed 2 duplicate /gene - dadA1_1 dadA1_2
[16:58:42] Fixed 2 duplicate /gene - rfuD_1 rfuD_2
[16:58:42] Fixed 4 duplicate /gene - COQ5_1 COQ5_2 COQ5_3 COQ5_4
[16:58:42] Fixed 2 duplicate /gene - adk_1 adk_2
[16:58:42] Fixed 2 duplicate /gene - mexB_1 mexB_2
[16:58:42] Fixed 2 duplicate /gene - baeR_1 baeR_2
[16:58:42] Fixed 2 duplicate /gene - hcaB_1 hcaB_2
[16:58:42] Fixed 2 duplicate /gene - rnd_1 rnd_2
[16:58:42] Fixed 2 duplicate /gene - vsr_1 vsr_2
[16:58:42] Fixed 2 duplicate /gene - cntI_1 cntI_2
[16:58:42] Fixed 2 duplicate /gene - betB_1 betB_2
[16:58:42] Fixed 2 duplicate /gene - phyR_1 phyR_2
[16:58:42] Fixed 2 duplicate /gene - mtlK_1 mtlK_2
[16:58:42] Fixed 2 duplicate /gene - lacF_1 lacF_2
[16:58:42] Fixed 347 colliding /gene names.
[16:58:42] Adding /locus_tag identifiers
[16:58:42] Assigned 4684 locus_tags to CDS and RNA features.
[16:58:42] Writing outputs to gbk/JA139JA139/
[16:58:44] Generating annotation statistics file
[16:58:44] Generating Genbank and Sequin files
[16:58:44] Running: tbl2asn -V b -a r10k -l paired-ends -M n -N 1 -y 'Annotated using prokka 1.14.6 from https://github.com/tseemann/prokka' -Z gbk\/JA139JA139\/GCF_003034985\.1\.prokka\.err -i gbk\/JA139JA139\/GCF_003034985\.1\.prokka\.fsa 2> /dev/null
[16:58:53] Deleting unwanted file: gbk/JA139JA139/errorsummary.val
[16:58:53] Deleting unwanted file: gbk/JA139JA139/GCF_003034985.1.prokka.dr
[16:58:53] Deleting unwanted file: gbk/JA139JA139/GCF_003034985.1.prokka.fixedproducts
[16:58:53] Deleting unwanted file: gbk/JA139JA139/GCF_003034985.1.prokka.ecn
[16:58:53] Deleting unwanted file: gbk/JA139JA139/GCF_003034985.1.prokka.val
[16:58:53] Repairing broken .GBK output that tbl2asn produces...
[16:58:53] Running: sed 's/COORDINATES: profile/COORDINATES:profile/' < gbk\/JA139JA139\/GCF_003034985\.1\.prokka\.gbf > gbk\/JA139JA139\/GCF_003034985\.1\.prokka\.gbk
[16:58:53] Deleting unwanted file: gbk/JA139JA139/GCF_003034985.1.prokka.gbf
[16:58:53] Output files:
[16:58:53] gbk/JA139JA139/GCF_003034985.1.prokka.fna
[16:58:53] gbk/JA139JA139/GCF_003034985.1.prokka.log
[16:58:53] gbk/JA139JA139/GCF_003034985.1.prokka.gbk
[16:58:53] gbk/JA139JA139/GCF_003034985.1.prokka.fsa
[16:58:53] gbk/JA139JA139/GCF_003034985.1.prokka.tsv
[16:58:53] gbk/JA139JA139/GCF_003034985.1.prokka.ffn
[16:58:53] gbk/JA139JA139/GCF_003034985.1.prokka.tbl
[16:58:53] gbk/JA139JA139/GCF_003034985.1.prokka.gff
[16:58:53] gbk/JA139JA139/GCF_003034985.1.prokka.err
[16:58:53] gbk/JA139JA139/GCF_003034985.1.prokka.txt
[16:58:53] gbk/JA139JA139/GCF_003034985.1.prokka.sqn
[16:58:53] gbk/JA139JA139/GCF_003034985.1.prokka.faa
[16:58:53] Annotation finished successfully.
[16:58:53] Walltime used: 1.03 minutes
[16:58:53] If you use this result please cite the Prokka paper:
[16:58:53] Seemann T (2014) Prokka: rapid prokaryotic genome annotation. Bioinformatics. 30(14):2068-9.
[16:58:53] Type 'prokka --citation' for more details.
[16:58:53] Thank you, come again.
