INFO     20/07 16:12:22   antiSMASH version: 7.0.0
INFO     20/07 16:12:22   diamond using executable: /usr/bin/diamond-aligner (2.0.7)
INFO     20/07 16:12:22   hmmpfam2 using executable: /usr/bin/hmm2pfam (2.3.2)
INFO     20/07 16:12:22   fasttree using executable: /usr/bin/fasttree
INFO     20/07 16:12:22   hmmsearch using executable: /usr/bin/hmmsearch (3.3.2)
INFO     20/07 16:12:22   hmmpress using executable: /usr/bin/hmmpress (3.3.2)
INFO     20/07 16:12:22   hmmscan using executable: /usr/bin/hmmscan (3.3.2)
INFO     20/07 16:12:24   meme using executable: /usr/bin/meme (4.11.2)
INFO     20/07 16:12:24   fimo using executable: /usr/bin/fimo (4.11.2)
INFO     20/07 16:12:24   glimmerhmm using executable: /usr/bin/glimmerhmm
INFO     20/07 16:12:24   prodigal using executable: /usr/bin/prodigal (V2.6.3)
INFO     20/07 16:12:24   blastp using executable: /usr/bin/blastp (2.11.0+)
INFO     20/07 16:12:24   makeblastdb using executable: /usr/bin/makeblastdb (2.11.0+)
DEBUG    20/07 16:12:24   Checking prerequisites for antismash.detection.hmm_detection
DEBUG    20/07 16:12:24   Found file '/usr/local/lib/python3.9/dist-packages/antismash/detection/hmm_detection/data/bgc_seeds.hmm'
DEBUG    20/07 16:12:24   Found file '/usr/local/lib/python3.9/dist-packages/antismash/detection/hmm_detection/data/bgc_seeds.hmm.h3f'
DEBUG    20/07 16:12:24   Found file '/usr/local/lib/python3.9/dist-packages/antismash/detection/hmm_detection/data/bgc_seeds.hmm.h3i'
DEBUG    20/07 16:12:24   Found file '/usr/local/lib/python3.9/dist-packages/antismash/detection/hmm_detection/data/bgc_seeds.hmm.h3m'
DEBUG    20/07 16:12:24   Found file '/usr/local/lib/python3.9/dist-packages/antismash/detection/hmm_detection/data/bgc_seeds.hmm.h3p'
DEBUG    20/07 16:12:24   Checking prerequisites for antismash.detection.cluster_hmmer
DEBUG    20/07 16:12:24   Found file '/databases/pfam/34.0/Pfam-A.hmm'
DEBUG    20/07 16:12:24   Found file '/databases/pfam/34.0/Pfam-A.hmm.h3f'
DEBUG    20/07 16:12:24   Found file '/databases/pfam/34.0/Pfam-A.hmm.h3i'
DEBUG    20/07 16:12:24   Found file '/databases/pfam/34.0/Pfam-A.hmm.h3m'
DEBUG    20/07 16:12:24   Found file '/databases/pfam/34.0/Pfam-A.hmm.h3p'
DEBUG    20/07 16:12:24   Checking prerequisites for antismash.detection.genefunctions
DEBUG    20/07 16:12:24   Found file '/databases/resfam/Resfams.hmm'
DEBUG    20/07 16:12:24   Found file '/usr/local/lib/python3.9/dist-packages/antismash/detection/genefunctions/data/smcogs.hmm.h3f'
DEBUG    20/07 16:12:24   Found file '/usr/local/lib/python3.9/dist-packages/antismash/detection/genefunctions/data/smcogs.hmm.h3i'
DEBUG    20/07 16:12:24   Found file '/usr/local/lib/python3.9/dist-packages/antismash/detection/genefunctions/data/smcogs.hmm.h3m'
DEBUG    20/07 16:12:24   Found file '/usr/local/lib/python3.9/dist-packages/antismash/detection/genefunctions/data/smcogs.hmm.h3p'
DEBUG    20/07 16:12:24   Found file '/databases/resfam/Resfams.hmm.h3f'
DEBUG    20/07 16:12:24   Found file '/databases/resfam/Resfams.hmm.h3i'
DEBUG    20/07 16:12:24   Found file '/databases/resfam/Resfams.hmm.h3m'
DEBUG    20/07 16:12:24   Found file '/databases/resfam/Resfams.hmm.h3p'
DEBUG    20/07 16:12:24   Checking prerequisites for antismash.detection.nrps_pks_domains
DEBUG    20/07 16:12:24   Found file '/usr/local/lib/python3.9/dist-packages/antismash/detection/nrps_pks_domains/data/abmotifs.hmm.h3f'
DEBUG    20/07 16:12:24   Found file '/usr/local/lib/python3.9/dist-packages/antismash/detection/nrps_pks_domains/data/abmotifs.hmm.h3i'
DEBUG    20/07 16:12:24   Found file '/usr/local/lib/python3.9/dist-packages/antismash/detection/nrps_pks_domains/data/abmotifs.hmm.h3m'
DEBUG    20/07 16:12:24   Found file '/usr/local/lib/python3.9/dist-packages/antismash/detection/nrps_pks_domains/data/abmotifs.hmm.h3p'
DEBUG    20/07 16:12:24   Found file '/usr/local/lib/python3.9/dist-packages/antismash/detection/nrps_pks_domains/data/dockingdomains.hmm.h3f'
DEBUG    20/07 16:12:24   Found file '/usr/local/lib/python3.9/dist-packages/antismash/detection/nrps_pks_domains/data/dockingdomains.hmm.h3i'
DEBUG    20/07 16:12:24   Found file '/usr/local/lib/python3.9/dist-packages/antismash/detection/nrps_pks_domains/data/dockingdomains.hmm.h3m'
DEBUG    20/07 16:12:24   Found file '/usr/local/lib/python3.9/dist-packages/antismash/detection/nrps_pks_domains/data/dockingdomains.hmm.h3p'
DEBUG    20/07 16:12:24   Found file '/usr/local/lib/python3.9/dist-packages/antismash/detection/nrps_pks_domains/data/ksdomains.hmm.h3f'
DEBUG    20/07 16:12:24   Found file '/usr/local/lib/python3.9/dist-packages/antismash/detection/nrps_pks_domains/data/ksdomains.hmm.h3i'
DEBUG    20/07 16:12:24   Found file '/usr/local/lib/python3.9/dist-packages/antismash/detection/nrps_pks_domains/data/ksdomains.hmm.h3m'
DEBUG    20/07 16:12:24   Found file '/usr/local/lib/python3.9/dist-packages/antismash/detection/nrps_pks_domains/data/ksdomains.hmm.h3p'
DEBUG    20/07 16:12:24   Found file '/usr/local/lib/python3.9/dist-packages/antismash/detection/nrps_pks_domains/data/nrpspksdomains.hmm.h3f'
DEBUG    20/07 16:12:24   Found file '/usr/local/lib/python3.9/dist-packages/antismash/detection/nrps_pks_domains/data/nrpspksdomains.hmm.h3i'
DEBUG    20/07 16:12:24   Found file '/usr/local/lib/python3.9/dist-packages/antismash/detection/nrps_pks_domains/data/nrpspksdomains.hmm.h3m'
DEBUG    20/07 16:12:24   Found file '/usr/local/lib/python3.9/dist-packages/antismash/detection/nrps_pks_domains/data/nrpspksdomains.hmm.h3p'
DEBUG    20/07 16:12:24   Found file '/databases/nrps_pks/transATor/2023.02.23/transATor.hmm.h3f'
DEBUG    20/07 16:12:24   Found file '/databases/nrps_pks/transATor/2023.02.23/transATor.hmm.h3i'
DEBUG    20/07 16:12:24   Found file '/databases/nrps_pks/transATor/2023.02.23/transATor.hmm.h3m'
DEBUG    20/07 16:12:24   Found file '/databases/nrps_pks/transATor/2023.02.23/transATor.hmm.h3p'
DEBUG    20/07 16:12:24   Checking prerequisites for antismash.detection.tigrfam
DEBUG    20/07 16:12:24   Found file '/databases/tigrfam/TIGRFam.hmm'
DEBUG    20/07 16:12:24   Found file '/databases/tigrfam/TIGRFam.hmm.h3f'
DEBUG    20/07 16:12:24   Found file '/databases/tigrfam/TIGRFam.hmm.h3i'
DEBUG    20/07 16:12:24   Found file '/databases/tigrfam/TIGRFam.hmm.h3m'
DEBUG    20/07 16:12:24   Found file '/databases/tigrfam/TIGRFam.hmm.h3p'
DEBUG    20/07 16:12:24   Checking prerequisites for antismash.modules.active_site_finder
DEBUG    20/07 16:12:24   Found file '/usr/local/lib/python3.9/dist-packages/antismash/modules/active_site_finder/data/PKSI-KR.hmm2'
DEBUG    20/07 16:12:24   Found file '/usr/local/lib/python3.9/dist-packages/antismash/modules/active_site_finder/data/PKSI-KS_N.hmm2'
DEBUG    20/07 16:12:24   Found file '/usr/local/lib/python3.9/dist-packages/antismash/modules/active_site_finder/data/PKSI-KS_C.hmm2'
DEBUG    20/07 16:12:24   Found file '/usr/local/lib/python3.9/dist-packages/antismash/modules/active_site_finder/data/PKSI-AT.hmm2'
DEBUG    20/07 16:12:24   Found file '/usr/local/lib/python3.9/dist-packages/antismash/modules/active_site_finder/data/PKSI-ACP.hmm2'
DEBUG    20/07 16:12:24   Found file '/usr/local/lib/python3.9/dist-packages/antismash/modules/active_site_finder/data/PKSI-DH.hmm2'
DEBUG    20/07 16:12:24   Found file '/usr/local/lib/python3.9/dist-packages/antismash/modules/active_site_finder/data/Thioesterase.hmm2'
DEBUG    20/07 16:12:24   Found file '/usr/local/lib/python3.9/dist-packages/antismash/modules/active_site_finder/data/PKSI-ER.hmm2'
DEBUG    20/07 16:12:24   Found file '/usr/local/lib/python3.9/dist-packages/antismash/modules/active_site_finder/data/p450.hmm2'
DEBUG    20/07 16:12:24   Checking prerequisites for antismash.modules.cluster_compare
DEBUG    20/07 16:12:24   Found file '/databases/clustercompare/mibig/3.1/data.json'
DEBUG    20/07 16:12:24   Found file '/databases/clustercompare/mibig/3.1/proteins.fasta'
DEBUG    20/07 16:12:24   Found file '/databases/clustercompare/mibig/3.1/proteins.dmnd'
DEBUG    20/07 16:12:24   Found file '/databases/clustercompare/mibig/3.1/proteins.dmnd'
DEBUG    20/07 16:12:24   Checking prerequisites for antismash.modules.clusterblast
DEBUG    20/07 16:12:24   Found file '/databases/knownclusterblast/3.1/clusters.txt'
DEBUG    20/07 16:12:24   Found file '/databases/knownclusterblast/3.1/proteins.fasta'
DEBUG    20/07 16:12:24   Found file '/databases/knownclusterblast/3.1/proteins.dmnd'
DEBUG    20/07 16:12:24   Found file '/databases/knownclusterblast/3.1/proteins.dmnd'
DEBUG    20/07 16:12:24   Found file '/databases/clusterblast/clusters.txt'
DEBUG    20/07 16:12:24   Found file '/databases/clusterblast/proteins.fasta'
DEBUG    20/07 16:12:24   Found file '/databases/clusterblast/proteins.dmnd'
DEBUG    20/07 16:12:24   Found file '/databases/clusterblast/proteins.dmnd'
DEBUG    20/07 16:12:24   Found file '/usr/local/lib/python3.9/dist-packages/antismash/modules/clusterblast/data/sub/proteins.fasta'
DEBUG    20/07 16:12:24   Found file '/usr/local/lib/python3.9/dist-packages/antismash/modules/clusterblast/data/sub/proteins.fasta.phr'
DEBUG    20/07 16:12:24   Found file '/usr/local/lib/python3.9/dist-packages/antismash/modules/clusterblast/data/sub/proteins.fasta.pin'
DEBUG    20/07 16:12:24   Found file '/usr/local/lib/python3.9/dist-packages/antismash/modules/clusterblast/data/sub/proteins.fasta.psq'
DEBUG    20/07 16:12:24   Found file '/usr/local/lib/python3.9/dist-packages/antismash/modules/clusterblast/data/sub/clusters.txt'
DEBUG    20/07 16:12:24   Checking prerequisites for antismash.modules.lanthipeptides
DEBUG    20/07 16:12:24   Found file '/databases/comparippson/asdb/3.0/cores.fa.pdb'
DEBUG    20/07 16:12:24   Found file '/databases/comparippson/asdb/3.0/cores.fa.phr'
DEBUG    20/07 16:12:24   Found file '/databases/comparippson/asdb/3.0/cores.fa.pin'
DEBUG    20/07 16:12:24   Found file '/databases/comparippson/asdb/3.0/cores.fa.pot'
DEBUG    20/07 16:12:24   Found file '/databases/comparippson/asdb/3.0/cores.fa.psq'
DEBUG    20/07 16:12:24   Found file '/databases/comparippson/asdb/3.0/cores.fa.ptf'
DEBUG    20/07 16:12:24   Found file '/databases/comparippson/asdb/3.0/cores.fa.pto'
DEBUG    20/07 16:12:24   Found file '/databases/comparippson/mibig/3.1/cores.fa.pdb'
DEBUG    20/07 16:12:24   Found file '/databases/comparippson/mibig/3.1/cores.fa.phr'
DEBUG    20/07 16:12:24   Found file '/databases/comparippson/mibig/3.1/cores.fa.pin'
DEBUG    20/07 16:12:24   Found file '/databases/comparippson/mibig/3.1/cores.fa.pot'
DEBUG    20/07 16:12:24   Found file '/databases/comparippson/mibig/3.1/cores.fa.psq'
DEBUG    20/07 16:12:24   Found file '/databases/comparippson/mibig/3.1/cores.fa.ptf'
DEBUG    20/07 16:12:24   Found file '/databases/comparippson/mibig/3.1/cores.fa.pto'
DEBUG    20/07 16:12:24   Checking prerequisites for antismash.modules.lassopeptides
DEBUG    20/07 16:12:24   Checking prerequisites for antismash.modules.nrps_pks
DEBUG    20/07 16:12:24   Found existing cache for /usr/local/lib/python3.9/dist-packages/antismash/modules/nrps_pks/data/terminals/cterm.fasta
DEBUG    20/07 16:12:24   Found existing cache for /usr/local/lib/python3.9/dist-packages/antismash/modules/nrps_pks/data/terminals/nterm.fasta
DEBUG    20/07 16:12:24   Found existing cache for /usr/local/lib/python3.9/dist-packages/antismash/modules/nrps_pks/at_analysis/data/AT_domains_muscle.fasta
DEBUG    20/07 16:12:24   Found existing cache for /usr/local/lib/python3.9/dist-packages/antismash/modules/nrps_pks/kr_analysis/data/KRdomains_muscle.fasta
DEBUG    20/07 16:12:24   Found existing cache for /usr/local/lib/python3.9/dist-packages/antismash/modules/nrps_pks/minowa/data/AT_domains_muscle.fasta
DEBUG    20/07 16:12:24   Found existing cache for /usr/local/lib/python3.9/dist-packages/antismash/modules/nrps_pks/minowa/data/CAL_domains_muscle.fasta
DEBUG    20/07 16:12:24   Checking prerequisites for antismash.modules.pfam2go
DEBUG    20/07 16:12:24   Found file '/usr/local/lib/python3.9/dist-packages/antismash/modules/pfam2go/data/pfam2go.txt'
DEBUG    20/07 16:12:24   Checking prerequisites for antismash.modules.rrefinder
DEBUG    20/07 16:12:24   Found file '/usr/local/lib/python3.9/dist-packages/antismash/modules/rrefinder/data/RREFam.hmm.h3f'
DEBUG    20/07 16:12:24   Found file '/usr/local/lib/python3.9/dist-packages/antismash/modules/rrefinder/data/RREFam.hmm.h3i'
DEBUG    20/07 16:12:24   Found file '/usr/local/lib/python3.9/dist-packages/antismash/modules/rrefinder/data/RREFam.hmm.h3m'
DEBUG    20/07 16:12:24   Found file '/usr/local/lib/python3.9/dist-packages/antismash/modules/rrefinder/data/RREFam.hmm.h3p'
DEBUG    20/07 16:12:24   Checking prerequisites for antismash.modules.sactipeptides
DEBUG    20/07 16:12:24   Checking prerequisites for antismash.modules.t2pks
DEBUG    20/07 16:12:24   Found file '/usr/local/lib/python3.9/dist-packages/antismash/modules/t2pks/data/KSIII.fasta'
DEBUG    20/07 16:12:24   Found file '/usr/local/lib/python3.9/dist-packages/antismash/modules/t2pks/data/KSIII.phr'
DEBUG    20/07 16:12:24   Found file '/usr/local/lib/python3.9/dist-packages/antismash/modules/t2pks/data/KSIII.pin'
DEBUG    20/07 16:12:24   Found file '/usr/local/lib/python3.9/dist-packages/antismash/modules/t2pks/data/KSIII.psq'
DEBUG    20/07 16:12:24   Found file '/usr/local/lib/python3.9/dist-packages/antismash/modules/t2pks/data/AT.fasta'
DEBUG    20/07 16:12:24   Found file '/usr/local/lib/python3.9/dist-packages/antismash/modules/t2pks/data/AT.phr'
DEBUG    20/07 16:12:24   Found file '/usr/local/lib/python3.9/dist-packages/antismash/modules/t2pks/data/AT.pin'
DEBUG    20/07 16:12:24   Found file '/usr/local/lib/python3.9/dist-packages/antismash/modules/t2pks/data/AT.psq'
DEBUG    20/07 16:12:24   Found file '/usr/local/lib/python3.9/dist-packages/antismash/modules/t2pks/data/LIG.fasta'
DEBUG    20/07 16:12:24   Found file '/usr/local/lib/python3.9/dist-packages/antismash/modules/t2pks/data/LIG.phr'
DEBUG    20/07 16:12:24   Found file '/usr/local/lib/python3.9/dist-packages/antismash/modules/t2pks/data/LIG.pin'
DEBUG    20/07 16:12:24   Found file '/usr/local/lib/python3.9/dist-packages/antismash/modules/t2pks/data/LIG.psq'
DEBUG    20/07 16:12:24   Found file '/usr/local/lib/python3.9/dist-packages/antismash/modules/t2pks/data/t2pks.hmm.h3f'
DEBUG    20/07 16:12:24   Found file '/usr/local/lib/python3.9/dist-packages/antismash/modules/t2pks/data/t2pks.hmm.h3i'
DEBUG    20/07 16:12:24   Found file '/usr/local/lib/python3.9/dist-packages/antismash/modules/t2pks/data/t2pks.hmm.h3m'
DEBUG    20/07 16:12:24   Found file '/usr/local/lib/python3.9/dist-packages/antismash/modules/t2pks/data/t2pks.hmm.h3p'
DEBUG    20/07 16:12:24   Checking prerequisites for antismash.modules.tfbs_finder
DEBUG    20/07 16:12:24   Found file '/usr/local/lib/python3.9/dist-packages/antismash/modules/tfbs_finder/data/PWMs.json'
DEBUG    20/07 16:12:24   Checking prerequisites for antismash.modules.thiopeptides
DEBUG    20/07 16:12:24   Found file '/usr/local/lib/python3.9/dist-packages/antismash/modules/thiopeptides/data/thiopep3.hmm.h3f'
DEBUG    20/07 16:12:24   Found file '/usr/local/lib/python3.9/dist-packages/antismash/modules/thiopeptides/data/thiopep3.hmm.h3i'
DEBUG    20/07 16:12:24   Found file '/usr/local/lib/python3.9/dist-packages/antismash/modules/thiopeptides/data/thiopep3.hmm.h3m'
DEBUG    20/07 16:12:24   Found file '/usr/local/lib/python3.9/dist-packages/antismash/modules/thiopeptides/data/thiopep3.hmm.h3p'
DEBUG    20/07 16:12:24   Checking prerequisites for antismash.modules.tta
DEBUG    20/07 16:12:24   Checking prerequisites for antismash.outputs.html
DEBUG    20/07 16:12:24   Found file '/usr/local/lib/python3.9/dist-packages/antismash/outputs/html/css/bacteria.css'
DEBUG    20/07 16:12:24   Found file '/usr/local/lib/python3.9/dist-packages/antismash/outputs/html/css/fungi.css'
DEBUG    20/07 16:12:24   Found file '/usr/local/lib/python3.9/dist-packages/antismash/outputs/html/css/plants.css'
DEBUG    20/07 16:12:24   Checking prerequisites for antismash.support.genefinding
DEBUG    20/07 16:12:24   Checking options for antismash.detection.hmm_detection
DEBUG    20/07 16:12:24   Checking options for antismash.detection.cluster_hmmer
DEBUG    20/07 16:12:24   Found file '/databases/pfam/34.0/Pfam-A.hmm'
DEBUG    20/07 16:12:24   Found file '/databases/pfam/34.0/Pfam-A.hmm.h3f'
DEBUG    20/07 16:12:24   Found file '/databases/pfam/34.0/Pfam-A.hmm.h3i'
DEBUG    20/07 16:12:24   Found file '/databases/pfam/34.0/Pfam-A.hmm.h3m'
DEBUG    20/07 16:12:24   Found file '/databases/pfam/34.0/Pfam-A.hmm.h3p'
DEBUG    20/07 16:12:24   Checking options for antismash.detection.genefunctions
DEBUG    20/07 16:12:24   Checking options for antismash.detection.nrps_pks_domains
DEBUG    20/07 16:12:24   Checking options for antismash.detection.tigrfam
DEBUG    20/07 16:12:24   Checking options for antismash.modules.active_site_finder
DEBUG    20/07 16:12:24   Checking options for antismash.modules.cluster_compare
DEBUG    20/07 16:12:24   Checking options for antismash.modules.clusterblast
DEBUG    20/07 16:12:24   Checking options for antismash.modules.lanthipeptides
DEBUG    20/07 16:12:24   Checking options for antismash.modules.lassopeptides
DEBUG    20/07 16:12:24   Checking options for antismash.modules.nrps_pks
DEBUG    20/07 16:12:24   Checking options for antismash.modules.pfam2go
DEBUG    20/07 16:12:24   Checking options for antismash.modules.rrefinder
DEBUG    20/07 16:12:24   Checking options for antismash.modules.sactipeptides
DEBUG    20/07 16:12:24   Checking options for antismash.modules.t2pks
DEBUG    20/07 16:12:24   Checking options for antismash.modules.tfbs_finder
DEBUG    20/07 16:12:24   Checking options for antismash.modules.thiopeptides
DEBUG    20/07 16:12:24   Checking options for antismash.modules.tta
DEBUG    20/07 16:12:24   Checking options for antismash.outputs.html
DEBUG    20/07 16:12:24   Checking options for antismash.support.genefinding
INFO     20/07 16:12:24   Parsing input sequence '/input/GCF_003122215.1_Pararhodobacter_marinus_CIC4N-9.gbk'
DEBUG    20/07 16:12:25   Stripping antiSMASH features and annotations from record: NZ_QEYD01000010.1
DEBUG    20/07 16:12:25   Stripping antiSMASH features and annotations from record: NZ_QEYD01000011.1
DEBUG    20/07 16:12:25   Stripping antiSMASH features and annotations from record: NZ_QEYD01000012.1
DEBUG    20/07 16:12:25   Stripping antiSMASH features and annotations from record: NZ_QEYD01000013.1
DEBUG    20/07 16:12:25   Stripping antiSMASH features and annotations from record: NZ_QEYD01000014.1
DEBUG    20/07 16:12:25   Stripping antiSMASH features and annotations from record: NZ_QEYD01000015.1
DEBUG    20/07 16:12:25   Stripping antiSMASH features and annotations from record: NZ_QEYD01000016.1
DEBUG    20/07 16:12:25   Stripping antiSMASH features and annotations from record: NZ_QEYD01000017.1
DEBUG    20/07 16:12:25   Stripping antiSMASH features and annotations from record: NZ_QEYD01000018.1
DEBUG    20/07 16:12:25   Stripping antiSMASH features and annotations from record: NZ_QEYD01000019.1
DEBUG    20/07 16:12:25   Stripping antiSMASH features and annotations from record: NZ_QEYD01000001.1
DEBUG    20/07 16:12:25   Stripping antiSMASH features and annotations from record: NZ_QEYD01000020.1
DEBUG    20/07 16:12:25   Stripping antiSMASH features and annotations from record: NZ_QEYD01000021.1
DEBUG    20/07 16:12:25   Stripping antiSMASH features and annotations from record: NZ_QEYD01000022.1
DEBUG    20/07 16:12:25   Stripping antiSMASH features and annotations from record: NZ_QEYD01000023.1
DEBUG    20/07 16:12:25   Stripping antiSMASH features and annotations from record: NZ_QEYD01000024.1
DEBUG    20/07 16:12:25   Stripping antiSMASH features and annotations from record: NZ_QEYD01000025.1
DEBUG    20/07 16:12:25   Stripping antiSMASH features and annotations from record: NZ_QEYD01000026.1
DEBUG    20/07 16:12:25   Stripping antiSMASH features and annotations from record: NZ_QEYD01000027.1
DEBUG    20/07 16:12:25   Stripping antiSMASH features and annotations from record: NZ_QEYD01000028.1
DEBUG    20/07 16:12:25   Stripping antiSMASH features and annotations from record: NZ_QEYD01000029.1
DEBUG    20/07 16:12:25   Stripping antiSMASH features and annotations from record: NZ_QEYD01000002.1
DEBUG    20/07 16:12:25   Stripping antiSMASH features and annotations from record: NZ_QEYD01000030.1
DEBUG    20/07 16:12:25   Stripping antiSMASH features and annotations from record: NZ_QEYD01000003.1
DEBUG    20/07 16:12:25   Stripping antiSMASH features and annotations from record: NZ_QEYD01000004.1
DEBUG    20/07 16:12:25   Stripping antiSMASH features and annotations from record: NZ_QEYD01000005.1
DEBUG    20/07 16:12:25   Stripping antiSMASH features and annotations from record: NZ_QEYD01000006.1
DEBUG    20/07 16:12:25   Stripping antiSMASH features and annotations from record: NZ_QEYD01000007.1
DEBUG    20/07 16:12:25   Stripping antiSMASH features and annotations from record: NZ_QEYD01000008.1
DEBUG    20/07 16:12:25   Stripping antiSMASH features and annotations from record: NZ_QEYD01000009.1
DEBUG    20/07 16:12:25   Converting records from biopython to secmet
DEBUG    20/07 16:12:25   Removing existing region genbank files
DEBUG    20/07 16:12:25   Reusing output directory: /data/antismash/upload/bacteria-753d0f25-c070-4543-aa7f-434342d631de
DEBUG    20/07 16:12:25   Preprocessing 30 sequences
DEBUG    20/07 16:12:25   Sanitising record ids and sequences
DEBUG    20/07 16:12:26   Removing sequences smaller than 1000 bases
DEBUG    20/07 16:12:26   Ensuring records have CDS features with all required information
INFO     20/07 16:12:26   No CDS features found in record 'NZ_QEYD01000020.1', running gene finding.
DEBUG    20/07 16:12:26   Running prodigal based genefinding
INFO     20/07 16:12:26   No CDS features found in record 'NZ_QEYD01000029.1', running gene finding.
DEBUG    20/07 16:12:26   Running prodigal based genefinding
DEBUG    20/07 16:12:26   prodigal found 6 CDS features
DEBUG    20/07 16:12:26   prodigal found 1 CDS features
INFO     20/07 16:12:27   Analysing record: NZ_QEYD01000010.1
INFO     20/07 16:12:27   Detecting secondary metabolite clusters
DEBUG    20/07 16:12:27   Checking if antismash.detection.hmm_detection should be run
INFO     20/07 16:12:27   Running antismash.detection.hmm_detection
INFO     20/07 16:12:27   HMM detection using strictness: relaxed
DEBUG    20/07 16:12:28   0 rule-based cluster(s) found in record
DEBUG    20/07 16:12:28   0 protoclusters found
DEBUG    20/07 16:12:28   0 subregions found
INFO     20/07 16:12:28   No regions detected, skipping record
INFO     20/07 16:12:28   Analysing record: NZ_QEYD01000011.1
INFO     20/07 16:12:28   Detecting secondary metabolite clusters
DEBUG    20/07 16:12:28   Checking if antismash.detection.hmm_detection should be run
INFO     20/07 16:12:28   Running antismash.detection.hmm_detection
INFO     20/07 16:12:28   HMM detection using strictness: relaxed
DEBUG    20/07 16:12:29   0 rule-based cluster(s) found in record
DEBUG    20/07 16:12:29   0 protoclusters found
DEBUG    20/07 16:12:29   0 subregions found
INFO     20/07 16:12:29   No regions detected, skipping record
INFO     20/07 16:12:29   Analysing record: NZ_QEYD01000012.1
INFO     20/07 16:12:29   Detecting secondary metabolite clusters
DEBUG    20/07 16:12:29   Checking if antismash.detection.hmm_detection should be run
INFO     20/07 16:12:29   Running antismash.detection.hmm_detection
INFO     20/07 16:12:29   HMM detection using strictness: relaxed
DEBUG    20/07 16:12:30   0 rule-based cluster(s) found in record
DEBUG    20/07 16:12:30   0 protoclusters found
DEBUG    20/07 16:12:30   0 subregions found
INFO     20/07 16:12:30   No regions detected, skipping record
INFO     20/07 16:12:30   Analysing record: NZ_QEYD01000013.1
INFO     20/07 16:12:30   Detecting secondary metabolite clusters
DEBUG    20/07 16:12:30   Checking if antismash.detection.hmm_detection should be run
INFO     20/07 16:12:30   Running antismash.detection.hmm_detection
INFO     20/07 16:12:30   HMM detection using strictness: relaxed
DEBUG    20/07 16:12:31   0 rule-based cluster(s) found in record
DEBUG    20/07 16:12:31   0 protoclusters found
DEBUG    20/07 16:12:31   0 subregions found
INFO     20/07 16:12:31   No regions detected, skipping record
INFO     20/07 16:12:31   Analysing record: NZ_QEYD01000014.1
INFO     20/07 16:12:31   Detecting secondary metabolite clusters
DEBUG    20/07 16:12:31   Checking if antismash.detection.hmm_detection should be run
INFO     20/07 16:12:31   Running antismash.detection.hmm_detection
INFO     20/07 16:12:31   HMM detection using strictness: relaxed
DEBUG    20/07 16:12:32   0 rule-based cluster(s) found in record
DEBUG    20/07 16:12:32   0 protoclusters found
DEBUG    20/07 16:12:32   0 subregions found
INFO     20/07 16:12:32   No regions detected, skipping record
INFO     20/07 16:12:32   Analysing record: NZ_QEYD01000015.1
INFO     20/07 16:12:32   Detecting secondary metabolite clusters
DEBUG    20/07 16:12:32   Checking if antismash.detection.hmm_detection should be run
INFO     20/07 16:12:32   Running antismash.detection.hmm_detection
INFO     20/07 16:12:32   HMM detection using strictness: relaxed
DEBUG    20/07 16:12:32   0 rule-based cluster(s) found in record
DEBUG    20/07 16:12:32   0 protoclusters found
DEBUG    20/07 16:12:32   0 subregions found
INFO     20/07 16:12:32   No regions detected, skipping record
INFO     20/07 16:12:32   Analysing record: NZ_QEYD01000016.1
INFO     20/07 16:12:32   Detecting secondary metabolite clusters
DEBUG    20/07 16:12:32   Checking if antismash.detection.hmm_detection should be run
INFO     20/07 16:12:32   Running antismash.detection.hmm_detection
INFO     20/07 16:12:32   HMM detection using strictness: relaxed
DEBUG    20/07 16:12:33   0 rule-based cluster(s) found in record
DEBUG    20/07 16:12:33   0 protoclusters found
DEBUG    20/07 16:12:33   0 subregions found
INFO     20/07 16:12:33   No regions detected, skipping record
INFO     20/07 16:12:33   Analysing record: NZ_QEYD01000017.1
INFO     20/07 16:12:33   Detecting secondary metabolite clusters
DEBUG    20/07 16:12:33   Checking if antismash.detection.hmm_detection should be run
INFO     20/07 16:12:33   Running antismash.detection.hmm_detection
INFO     20/07 16:12:33   HMM detection using strictness: relaxed
DEBUG    20/07 16:12:33   0 rule-based cluster(s) found in record
DEBUG    20/07 16:12:33   0 protoclusters found
DEBUG    20/07 16:12:33   0 subregions found
INFO     20/07 16:12:33   No regions detected, skipping record
INFO     20/07 16:12:33   Analysing record: NZ_QEYD01000018.1
INFO     20/07 16:12:33   Detecting secondary metabolite clusters
DEBUG    20/07 16:12:33   Checking if antismash.detection.hmm_detection should be run
INFO     20/07 16:12:33   Running antismash.detection.hmm_detection
INFO     20/07 16:12:33   HMM detection using strictness: relaxed
DEBUG    20/07 16:12:34   0 rule-based cluster(s) found in record
DEBUG    20/07 16:12:34   0 protoclusters found
DEBUG    20/07 16:12:34   0 subregions found
INFO     20/07 16:12:34   No regions detected, skipping record
INFO     20/07 16:12:34   Analysing record: NZ_QEYD01000019.1
INFO     20/07 16:12:34   Detecting secondary metabolite clusters
DEBUG    20/07 16:12:34   Checking if antismash.detection.hmm_detection should be run
INFO     20/07 16:12:34   Running antismash.detection.hmm_detection
INFO     20/07 16:12:34   HMM detection using strictness: relaxed
DEBUG    20/07 16:12:35   0 rule-based cluster(s) found in record
DEBUG    20/07 16:12:35   0 protoclusters found
DEBUG    20/07 16:12:35   0 subregions found
INFO     20/07 16:12:35   No regions detected, skipping record
INFO     20/07 16:12:35   Analysing record: NZ_QEYD01000001.1
INFO     20/07 16:12:35   Detecting secondary metabolite clusters
DEBUG    20/07 16:12:35   Checking if antismash.detection.hmm_detection should be run
INFO     20/07 16:12:35   Running antismash.detection.hmm_detection
INFO     20/07 16:12:35   HMM detection using strictness: relaxed
DEBUG    20/07 16:12:38   2 rule-based cluster(s) found in record
DEBUG    20/07 16:12:38   2 protoclusters found
DEBUG    20/07 16:12:38   0 subregions found
INFO     20/07 16:12:38   1 region(s) detected in record
DEBUG    20/07 16:12:38   Checking if antismash.detection.cluster_hmmer should be run
INFO     20/07 16:12:38   Running antismash.detection.cluster_hmmer
INFO     20/07 16:12:38   Running cluster PFAM search
DEBUG    20/07 16:12:54   Building name mapping for HMMer database Pfam-A.hmm
DEBUG    20/07 16:12:57   Building cutoff mapping for HMMer database /databases/pfam/34.0/Pfam-A.hmm
DEBUG    20/07 16:12:59   Adding detection results from antismash.detection.cluster_hmmer to record
DEBUG    20/07 16:12:59   Checking if antismash.detection.genefunctions should be run
INFO     20/07 16:12:59   Running antismash.detection.genefunctions
DEBUG    20/07 16:13:00   Adding detection results from antismash.detection.genefunctions to record
DEBUG    20/07 16:13:00   annotating CDS features with resist info: 0 CDSes
DEBUG    20/07 16:13:00   annotating CDS features with smcogs info: 11 CDSes
DEBUG    20/07 16:13:00   Checking if antismash.detection.nrps_pks_domains should be run
INFO     20/07 16:13:00   Running antismash.detection.nrps_pks_domains
DEBUG    20/07 16:13:00   Marking NRPS/PKS CDS features and domains in clusters
DEBUG    20/07 16:13:01   Adding detection results from antismash.detection.nrps_pks_domains to record
DEBUG    20/07 16:13:01   Checking if antismash.detection.tigrfam should be run
INFO     20/07 16:13:01   Running antismash.detection.tigrfam
INFO     20/07 16:13:01   Running TIGRFam search
DEBUG    20/07 16:13:05   Building name mapping for HMMer database TIGRFam.hmm
DEBUG    20/07 16:13:06   Adding detection results from antismash.detection.tigrfam to record
DEBUG    20/07 16:13:06   Checking if antismash.modules.active_site_finder should be run
INFO     20/07 16:13:06   Running antismash.modules.active_site_finder
DEBUG    20/07 16:13:06   Checking if antismash.modules.cluster_compare should be run
INFO     20/07 16:13:06   Running antismash.modules.cluster_compare
DEBUG    20/07 16:13:06   Loading comparison database: MIBiG
DEBUG    20/07 16:13:07   Comparison database loaded
INFO     20/07 16:13:07   Comparing regions to reference database
DEBUG    20/07 16:13:10   Checking if antismash.modules.clusterblast should be run
INFO     20/07 16:13:10   Running antismash.modules.clusterblast
INFO     20/07 16:13:10   Finding internal homologs in each gene cluster...
INFO     20/07 16:13:11   Running ClusterBlast
INFO     20/07 16:13:11   ClusterBlast: Loading gene cluster database into memory...
INFO     20/07 16:13:12   ClusterBlast: Loading gene cluster database proteins into memory...
INFO     20/07 16:13:25   Comparing regions to reference database
INFO     20/07 16:14:22   Running subcluster search
INFO     20/07 16:14:22   SubClusterBlast: Loading gene cluster database into memory...
INFO     20/07 16:14:22   SubClusterBlast: Loading gene cluster database proteins into memory...
INFO     20/07 16:14:23   Running known cluster search
INFO     20/07 16:14:23   KnownClusterBlast: Loading gene cluster database into memory...
INFO     20/07 16:14:23   KnownClusterBlast: Loading gene cluster database proteins into memory...
DEBUG    20/07 16:14:23   Running DIAMOND knowncluster searches..
INFO     20/07 16:14:23   Comparing regions to reference database
DEBUG    20/07 16:14:27   Checking if antismash.modules.lanthipeptides should be run
INFO     20/07 16:14:27   Running antismash.modules.lanthipeptides
DEBUG    20/07 16:14:27   Lanthipeptide module marked 0 motifs
DEBUG    20/07 16:14:28   Checking if antismash.modules.lassopeptides should be run
INFO     20/07 16:14:28   Running antismash.modules.lassopeptides
DEBUG    20/07 16:14:29   Lassopeptide module marked 0 motifs
DEBUG    20/07 16:14:29   Checking if antismash.modules.nrps_pks should be run
INFO     20/07 16:14:29   Running antismash.modules.nrps_pks
INFO     20/07 16:14:29   Predicting PKS AT domain substrate specificities by Yadav et al. PKS signature sequences
INFO     20/07 16:14:30   Predicting PKS AT domain substrate specificities by Minowa et al. method
INFO     20/07 16:14:31   Predicting CAL domain substrate specificities by Minowa et al. method
INFO     20/07 16:14:31   Predicting PKS KR activity and stereochemistry using KR fingerprints from Starcevic et al.
DEBUG    20/07 16:14:31   CandidateCluster 1 monomer ordering method: colinear
DEBUG    20/07 16:14:31   CandidateCluster 2 monomer ordering method: colinear
DEBUG    20/07 16:14:31   CandidateCluster 3 monomer ordering method: colinear
DEBUG    20/07 16:14:31   Checking if antismash.modules.pfam2go should be run
INFO     20/07 16:14:31   Running antismash.modules.pfam2go
DEBUG    20/07 16:14:31   Checking if antismash.modules.rrefinder should be run
INFO     20/07 16:14:31   Running antismash.modules.rrefinder
DEBUG    20/07 16:14:31   Checking if antismash.modules.sactipeptides should be run
INFO     20/07 16:14:31   Running antismash.modules.sactipeptides
DEBUG    20/07 16:14:31   Found no sactipeptide motifs
DEBUG    20/07 16:14:32   Checking if antismash.modules.t2pks should be run
INFO     20/07 16:14:32   Running antismash.modules.t2pks
DEBUG    20/07 16:14:32   No type II PKS clusters to analyze
DEBUG    20/07 16:14:32   Checking if antismash.modules.tfbs_finder should be run
INFO     20/07 16:14:32   Running antismash.modules.tfbs_finder
DEBUG    20/07 16:14:32   Checking if antismash.modules.thiopeptides should be run
INFO     20/07 16:14:32   Running antismash.modules.thiopeptides
DEBUG    20/07 16:14:32   Thiopeptides marked 0 motifs
DEBUG    20/07 16:14:34   Checking if antismash.modules.tta should be run
INFO     20/07 16:14:34   Running antismash.modules.tta
INFO     20/07 16:14:34   Detecting TTA codons
DEBUG    20/07 16:14:34   GC content: 67%
DEBUG    20/07 16:14:34   Detected 6 TTA codons
INFO     20/07 16:14:34   Analysing record: NZ_QEYD01000020.1
INFO     20/07 16:14:34   Detecting secondary metabolite clusters
DEBUG    20/07 16:14:34   Checking if antismash.detection.hmm_detection should be run
INFO     20/07 16:14:34   Running antismash.detection.hmm_detection
INFO     20/07 16:14:34   HMM detection using strictness: relaxed
DEBUG    20/07 16:14:34   0 rule-based cluster(s) found in record
DEBUG    20/07 16:14:34   0 protoclusters found
DEBUG    20/07 16:14:34   0 subregions found
INFO     20/07 16:14:34   No regions detected, skipping record
INFO     20/07 16:14:34   Analysing record: NZ_QEYD01000021.1
INFO     20/07 16:14:34   Detecting secondary metabolite clusters
DEBUG    20/07 16:14:34   Checking if antismash.detection.hmm_detection should be run
INFO     20/07 16:14:34   Running antismash.detection.hmm_detection
INFO     20/07 16:14:34   HMM detection using strictness: relaxed
DEBUG    20/07 16:14:34   0 rule-based cluster(s) found in record
DEBUG    20/07 16:14:34   0 protoclusters found
DEBUG    20/07 16:14:34   0 subregions found
INFO     20/07 16:14:34   No regions detected, skipping record
INFO     20/07 16:14:34   Analysing record: NZ_QEYD01000022.1
INFO     20/07 16:14:34   Detecting secondary metabolite clusters
DEBUG    20/07 16:14:34   Checking if antismash.detection.hmm_detection should be run
INFO     20/07 16:14:34   Running antismash.detection.hmm_detection
INFO     20/07 16:14:34   HMM detection using strictness: relaxed
DEBUG    20/07 16:14:35   0 rule-based cluster(s) found in record
DEBUG    20/07 16:14:35   0 protoclusters found
DEBUG    20/07 16:14:35   0 subregions found
INFO     20/07 16:14:35   No regions detected, skipping record
INFO     20/07 16:14:35   Analysing record: NZ_QEYD01000023.1
INFO     20/07 16:14:35   Detecting secondary metabolite clusters
DEBUG    20/07 16:14:35   Checking if antismash.detection.hmm_detection should be run
INFO     20/07 16:14:35   Running antismash.detection.hmm_detection
INFO     20/07 16:14:35   HMM detection using strictness: relaxed
DEBUG    20/07 16:14:35   0 rule-based cluster(s) found in record
DEBUG    20/07 16:14:35   0 protoclusters found
DEBUG    20/07 16:14:35   0 subregions found
INFO     20/07 16:14:35   No regions detected, skipping record
INFO     20/07 16:14:35   Analysing record: NZ_QEYD01000024.1
INFO     20/07 16:14:35   Detecting secondary metabolite clusters
DEBUG    20/07 16:14:35   Checking if antismash.detection.hmm_detection should be run
INFO     20/07 16:14:35   Running antismash.detection.hmm_detection
INFO     20/07 16:14:35   HMM detection using strictness: relaxed
DEBUG    20/07 16:14:36   0 rule-based cluster(s) found in record
DEBUG    20/07 16:14:36   0 protoclusters found
DEBUG    20/07 16:14:36   0 subregions found
INFO     20/07 16:14:36   No regions detected, skipping record
INFO     20/07 16:14:36   Analysing record: NZ_QEYD01000025.1
INFO     20/07 16:14:36   Detecting secondary metabolite clusters
DEBUG    20/07 16:14:36   Checking if antismash.detection.hmm_detection should be run
INFO     20/07 16:14:36   Running antismash.detection.hmm_detection
INFO     20/07 16:14:36   HMM detection using strictness: relaxed
DEBUG    20/07 16:14:36   0 rule-based cluster(s) found in record
DEBUG    20/07 16:14:36   0 protoclusters found
DEBUG    20/07 16:14:36   0 subregions found
INFO     20/07 16:14:36   No regions detected, skipping record
INFO     20/07 16:14:36   Analysing record: NZ_QEYD01000026.1
INFO     20/07 16:14:36   Detecting secondary metabolite clusters
DEBUG    20/07 16:14:36   Checking if antismash.detection.hmm_detection should be run
INFO     20/07 16:14:36   Running antismash.detection.hmm_detection
INFO     20/07 16:14:36   HMM detection using strictness: relaxed
DEBUG    20/07 16:14:36   0 rule-based cluster(s) found in record
DEBUG    20/07 16:14:36   0 protoclusters found
DEBUG    20/07 16:14:36   0 subregions found
INFO     20/07 16:14:36   No regions detected, skipping record
INFO     20/07 16:14:36   Analysing record: NZ_QEYD01000027.1
INFO     20/07 16:14:36   Detecting secondary metabolite clusters
DEBUG    20/07 16:14:36   Checking if antismash.detection.hmm_detection should be run
INFO     20/07 16:14:36   Running antismash.detection.hmm_detection
INFO     20/07 16:14:36   HMM detection using strictness: relaxed
DEBUG    20/07 16:14:37   0 rule-based cluster(s) found in record
DEBUG    20/07 16:14:37   0 protoclusters found
DEBUG    20/07 16:14:37   0 subregions found
INFO     20/07 16:14:37   No regions detected, skipping record
INFO     20/07 16:14:37   Analysing record: NZ_QEYD01000028.1
INFO     20/07 16:14:37   Detecting secondary metabolite clusters
DEBUG    20/07 16:14:37   Checking if antismash.detection.hmm_detection should be run
INFO     20/07 16:14:37   Running antismash.detection.hmm_detection
INFO     20/07 16:14:37   HMM detection using strictness: relaxed
DEBUG    20/07 16:14:37   0 rule-based cluster(s) found in record
DEBUG    20/07 16:14:37   0 protoclusters found
DEBUG    20/07 16:14:37   0 subregions found
INFO     20/07 16:14:37   No regions detected, skipping record
INFO     20/07 16:14:37   Analysing record: NZ_QEYD01000029.1
INFO     20/07 16:14:37   Detecting secondary metabolite clusters
DEBUG    20/07 16:14:37   Checking if antismash.detection.hmm_detection should be run
INFO     20/07 16:14:37   Running antismash.detection.hmm_detection
INFO     20/07 16:14:37   HMM detection using strictness: relaxed
DEBUG    20/07 16:14:38   0 rule-based cluster(s) found in record
DEBUG    20/07 16:14:38   0 protoclusters found
DEBUG    20/07 16:14:38   0 subregions found
INFO     20/07 16:14:38   No regions detected, skipping record
INFO     20/07 16:14:38   Analysing record: NZ_QEYD01000002.1
INFO     20/07 16:14:38   Detecting secondary metabolite clusters
DEBUG    20/07 16:14:38   Checking if antismash.detection.hmm_detection should be run
INFO     20/07 16:14:38   Running antismash.detection.hmm_detection
INFO     20/07 16:14:38   HMM detection using strictness: relaxed
DEBUG    20/07 16:14:40   0 rule-based cluster(s) found in record
DEBUG    20/07 16:14:40   0 protoclusters found
DEBUG    20/07 16:14:40   0 subregions found
INFO     20/07 16:14:40   No regions detected, skipping record
INFO     20/07 16:14:40   Analysing record: NZ_QEYD01000030.1
INFO     20/07 16:14:40   Detecting secondary metabolite clusters
DEBUG    20/07 16:14:40   Checking if antismash.detection.hmm_detection should be run
INFO     20/07 16:14:40   Running antismash.detection.hmm_detection
INFO     20/07 16:14:40   HMM detection using strictness: relaxed
DEBUG    20/07 16:14:40   0 rule-based cluster(s) found in record
DEBUG    20/07 16:14:40   0 protoclusters found
DEBUG    20/07 16:14:40   0 subregions found
INFO     20/07 16:14:40   No regions detected, skipping record
INFO     20/07 16:14:40   Analysing record: NZ_QEYD01000003.1
INFO     20/07 16:14:40   Detecting secondary metabolite clusters
DEBUG    20/07 16:14:40   Checking if antismash.detection.hmm_detection should be run
INFO     20/07 16:14:40   Running antismash.detection.hmm_detection
INFO     20/07 16:14:40   HMM detection using strictness: relaxed
DEBUG    20/07 16:14:42   0 rule-based cluster(s) found in record
DEBUG    20/07 16:14:42   0 protoclusters found
DEBUG    20/07 16:14:42   0 subregions found
INFO     20/07 16:14:42   No regions detected, skipping record
INFO     20/07 16:14:42   Analysing record: NZ_QEYD01000004.1
INFO     20/07 16:14:42   Detecting secondary metabolite clusters
DEBUG    20/07 16:14:42   Checking if antismash.detection.hmm_detection should be run
INFO     20/07 16:14:42   Running antismash.detection.hmm_detection
INFO     20/07 16:14:42   HMM detection using strictness: relaxed
DEBUG    20/07 16:14:44   1 rule-based cluster(s) found in record
DEBUG    20/07 16:14:44   1 protoclusters found
DEBUG    20/07 16:14:44   0 subregions found
INFO     20/07 16:14:44   1 region(s) detected in record
DEBUG    20/07 16:14:44   Checking if antismash.detection.cluster_hmmer should be run
INFO     20/07 16:14:44   Running antismash.detection.cluster_hmmer
INFO     20/07 16:14:44   Running cluster PFAM search
DEBUG    20/07 16:14:58   Adding detection results from antismash.detection.cluster_hmmer to record
DEBUG    20/07 16:14:58   Checking if antismash.detection.genefunctions should be run
INFO     20/07 16:14:58   Running antismash.detection.genefunctions
DEBUG    20/07 16:14:59   Adding detection results from antismash.detection.genefunctions to record
DEBUG    20/07 16:14:59   annotating CDS features with resist info: 0 CDSes
DEBUG    20/07 16:14:59   annotating CDS features with smcogs info: 16 CDSes
DEBUG    20/07 16:14:59   Checking if antismash.detection.nrps_pks_domains should be run
INFO     20/07 16:14:59   Running antismash.detection.nrps_pks_domains
DEBUG    20/07 16:14:59   Marking NRPS/PKS CDS features and domains in clusters
DEBUG    20/07 16:15:00   Adding detection results from antismash.detection.nrps_pks_domains to record
DEBUG    20/07 16:15:00   Checking if antismash.detection.tigrfam should be run
INFO     20/07 16:15:00   Running antismash.detection.tigrfam
INFO     20/07 16:15:00   Running TIGRFam search
DEBUG    20/07 16:15:04   Adding detection results from antismash.detection.tigrfam to record
DEBUG    20/07 16:15:04   Checking if antismash.modules.active_site_finder should be run
INFO     20/07 16:15:04   Running antismash.modules.active_site_finder
DEBUG    20/07 16:15:04   Checking if antismash.modules.cluster_compare should be run
INFO     20/07 16:15:04   Running antismash.modules.cluster_compare
DEBUG    20/07 16:15:04   Loading comparison database: MIBiG
DEBUG    20/07 16:15:04   Comparison database loaded
INFO     20/07 16:15:04   Comparing regions to reference database
DEBUG    20/07 16:15:07   Checking if antismash.modules.clusterblast should be run
INFO     20/07 16:15:07   Running antismash.modules.clusterblast
INFO     20/07 16:15:07   Finding internal homologs in each gene cluster...
INFO     20/07 16:15:08   Running ClusterBlast
INFO     20/07 16:15:08   ClusterBlast: Loading gene cluster database into memory...
INFO     20/07 16:15:09   ClusterBlast: Loading gene cluster database proteins into memory...
INFO     20/07 16:15:20   Comparing regions to reference database
INFO     20/07 16:16:15   Running subcluster search
INFO     20/07 16:16:15   SubClusterBlast: Loading gene cluster database into memory...
INFO     20/07 16:16:15   SubClusterBlast: Loading gene cluster database proteins into memory...
INFO     20/07 16:16:16   Running known cluster search
INFO     20/07 16:16:16   KnownClusterBlast: Loading gene cluster database into memory...
INFO     20/07 16:16:16   KnownClusterBlast: Loading gene cluster database proteins into memory...
DEBUG    20/07 16:16:17   Running DIAMOND knowncluster searches..
INFO     20/07 16:16:17   Comparing regions to reference database
DEBUG    20/07 16:16:20   Checking if antismash.modules.lanthipeptides should be run
INFO     20/07 16:16:20   Running antismash.modules.lanthipeptides
DEBUG    20/07 16:16:20   Lanthipeptide module marked 0 motifs
DEBUG    20/07 16:16:21   Checking if antismash.modules.lassopeptides should be run
INFO     20/07 16:16:21   Running antismash.modules.lassopeptides
DEBUG    20/07 16:16:22   Lassopeptide module marked 0 motifs
DEBUG    20/07 16:16:22   Checking if antismash.modules.nrps_pks should be run
INFO     20/07 16:16:22   Running antismash.modules.nrps_pks
INFO     20/07 16:16:22   Predicting A domain substrate specificities with nrpys
INFO     20/07 16:16:22   Predicting CAL domain substrate specificities by Minowa et al. method
INFO     20/07 16:16:22   Predicting PKS KR activity and stereochemistry using KR fingerprints from Starcevic et al.
DEBUG    20/07 16:16:22   CandidateCluster 1 monomer ordering method: colinear
DEBUG    20/07 16:16:22   Checking if antismash.modules.pfam2go should be run
INFO     20/07 16:16:22   Running antismash.modules.pfam2go
DEBUG    20/07 16:16:22   Checking if antismash.modules.rrefinder should be run
INFO     20/07 16:16:22   Running antismash.modules.rrefinder
DEBUG    20/07 16:16:22   Checking if antismash.modules.sactipeptides should be run
INFO     20/07 16:16:22   Running antismash.modules.sactipeptides
DEBUG    20/07 16:16:22   Found no sactipeptide motifs
DEBUG    20/07 16:16:24   Checking if antismash.modules.t2pks should be run
INFO     20/07 16:16:24   Running antismash.modules.t2pks
DEBUG    20/07 16:16:24   No type II PKS clusters to analyze
DEBUG    20/07 16:16:24   Checking if antismash.modules.tfbs_finder should be run
INFO     20/07 16:16:24   Running antismash.modules.tfbs_finder
DEBUG    20/07 16:16:24   Checking if antismash.modules.thiopeptides should be run
INFO     20/07 16:16:24   Running antismash.modules.thiopeptides
DEBUG    20/07 16:16:24   Thiopeptides marked 0 motifs
DEBUG    20/07 16:16:25   Checking if antismash.modules.tta should be run
INFO     20/07 16:16:25   Running antismash.modules.tta
INFO     20/07 16:16:25   Detecting TTA codons
DEBUG    20/07 16:16:25   GC content: 67%
DEBUG    20/07 16:16:25   Detected 1 TTA codons
INFO     20/07 16:16:25   Analysing record: NZ_QEYD01000005.1
INFO     20/07 16:16:25   Detecting secondary metabolite clusters
DEBUG    20/07 16:16:25   Checking if antismash.detection.hmm_detection should be run
INFO     20/07 16:16:25   Running antismash.detection.hmm_detection
INFO     20/07 16:16:25   HMM detection using strictness: relaxed
DEBUG    20/07 16:16:27   0 rule-based cluster(s) found in record
DEBUG    20/07 16:16:27   0 protoclusters found
DEBUG    20/07 16:16:27   0 subregions found
INFO     20/07 16:16:27   No regions detected, skipping record
INFO     20/07 16:16:27   Analysing record: NZ_QEYD01000006.1
INFO     20/07 16:16:27   Detecting secondary metabolite clusters
DEBUG    20/07 16:16:27   Checking if antismash.detection.hmm_detection should be run
INFO     20/07 16:16:27   Running antismash.detection.hmm_detection
INFO     20/07 16:16:27   HMM detection using strictness: relaxed
DEBUG    20/07 16:16:28   0 rule-based cluster(s) found in record
DEBUG    20/07 16:16:28   0 protoclusters found
DEBUG    20/07 16:16:28   0 subregions found
INFO     20/07 16:16:28   No regions detected, skipping record
INFO     20/07 16:16:28   Analysing record: NZ_QEYD01000007.1
INFO     20/07 16:16:28   Detecting secondary metabolite clusters
DEBUG    20/07 16:16:28   Checking if antismash.detection.hmm_detection should be run
INFO     20/07 16:16:28   Running antismash.detection.hmm_detection
INFO     20/07 16:16:28   HMM detection using strictness: relaxed
DEBUG    20/07 16:16:30   1 rule-based cluster(s) found in record
DEBUG    20/07 16:16:30   1 protoclusters found
DEBUG    20/07 16:16:30   0 subregions found
INFO     20/07 16:16:30   1 region(s) detected in record
DEBUG    20/07 16:16:30   Checking if antismash.detection.cluster_hmmer should be run
INFO     20/07 16:16:30   Running antismash.detection.cluster_hmmer
INFO     20/07 16:16:30   Running cluster PFAM search
DEBUG    20/07 16:16:32   Adding detection results from antismash.detection.cluster_hmmer to record
DEBUG    20/07 16:16:32   Checking if antismash.detection.genefunctions should be run
INFO     20/07 16:16:32   Running antismash.detection.genefunctions
DEBUG    20/07 16:16:32   Adding detection results from antismash.detection.genefunctions to record
DEBUG    20/07 16:16:32   annotating CDS features with resist info: 0 CDSes
DEBUG    20/07 16:16:32   annotating CDS features with smcogs info: 2 CDSes
DEBUG    20/07 16:16:32   Checking if antismash.detection.nrps_pks_domains should be run
INFO     20/07 16:16:32   Running antismash.detection.nrps_pks_domains
DEBUG    20/07 16:16:32   Marking NRPS/PKS CDS features and domains in clusters
DEBUG    20/07 16:16:33   Adding detection results from antismash.detection.nrps_pks_domains to record
DEBUG    20/07 16:16:33   Checking if antismash.detection.tigrfam should be run
INFO     20/07 16:16:33   Running antismash.detection.tigrfam
INFO     20/07 16:16:33   Running TIGRFam search
DEBUG    20/07 16:16:34   Adding detection results from antismash.detection.tigrfam to record
DEBUG    20/07 16:16:34   Checking if antismash.modules.active_site_finder should be run
INFO     20/07 16:16:34   Running antismash.modules.active_site_finder
DEBUG    20/07 16:16:34   Checking if antismash.modules.cluster_compare should be run
INFO     20/07 16:16:34   Running antismash.modules.cluster_compare
DEBUG    20/07 16:16:34   Loading comparison database: MIBiG
DEBUG    20/07 16:16:34   Comparison database loaded
INFO     20/07 16:16:34   Comparing regions to reference database
DEBUG    20/07 16:16:35   Checking if antismash.modules.clusterblast should be run
INFO     20/07 16:16:35   Running antismash.modules.clusterblast
INFO     20/07 16:16:35   Finding internal homologs in each gene cluster...
INFO     20/07 16:16:35   Running ClusterBlast
INFO     20/07 16:16:35   ClusterBlast: Loading gene cluster database into memory...
INFO     20/07 16:16:37   ClusterBlast: Loading gene cluster database proteins into memory...
INFO     20/07 16:16:49   Comparing regions to reference database
INFO     20/07 16:17:41   Running subcluster search
INFO     20/07 16:17:41   SubClusterBlast: Loading gene cluster database into memory...
INFO     20/07 16:17:41   SubClusterBlast: Loading gene cluster database proteins into memory...
INFO     20/07 16:17:42   Running known cluster search
INFO     20/07 16:17:42   KnownClusterBlast: Loading gene cluster database into memory...
INFO     20/07 16:17:42   KnownClusterBlast: Loading gene cluster database proteins into memory...
DEBUG    20/07 16:17:42   Running DIAMOND knowncluster searches..
INFO     20/07 16:17:42   Comparing regions to reference database
DEBUG    20/07 16:17:44   Checking if antismash.modules.lanthipeptides should be run
INFO     20/07 16:17:44   Running antismash.modules.lanthipeptides
DEBUG    20/07 16:17:44   Lanthipeptide module marked 0 motifs
DEBUG    20/07 16:17:46   Checking if antismash.modules.lassopeptides should be run
INFO     20/07 16:17:46   Running antismash.modules.lassopeptides
DEBUG    20/07 16:17:47   Lassopeptide module marked 0 motifs
DEBUG    20/07 16:17:47   Checking if antismash.modules.nrps_pks should be run
INFO     20/07 16:17:47   Running antismash.modules.nrps_pks
DEBUG    20/07 16:17:47   Checking if antismash.modules.pfam2go should be run
INFO     20/07 16:17:47   Running antismash.modules.pfam2go
DEBUG    20/07 16:17:47   Checking if antismash.modules.rrefinder should be run
INFO     20/07 16:17:47   Running antismash.modules.rrefinder
DEBUG    20/07 16:17:47   Checking if antismash.modules.sactipeptides should be run
INFO     20/07 16:17:47   Running antismash.modules.sactipeptides
DEBUG    20/07 16:17:47   Found no sactipeptide motifs
DEBUG    20/07 16:17:48   Checking if antismash.modules.t2pks should be run
INFO     20/07 16:17:48   Running antismash.modules.t2pks
DEBUG    20/07 16:17:48   No type II PKS clusters to analyze
DEBUG    20/07 16:17:48   Checking if antismash.modules.tfbs_finder should be run
INFO     20/07 16:17:48   Running antismash.modules.tfbs_finder
DEBUG    20/07 16:17:48   Checking if antismash.modules.thiopeptides should be run
INFO     20/07 16:17:48   Running antismash.modules.thiopeptides
DEBUG    20/07 16:17:48   Thiopeptides marked 0 motifs
DEBUG    20/07 16:17:49   Checking if antismash.modules.tta should be run
INFO     20/07 16:17:49   Running antismash.modules.tta
INFO     20/07 16:17:49   Detecting TTA codons
DEBUG    20/07 16:17:49   GC content: 67%
DEBUG    20/07 16:17:49   Detected 0 TTA codons
INFO     20/07 16:17:49   Analysing record: NZ_QEYD01000008.1
INFO     20/07 16:17:49   Detecting secondary metabolite clusters
DEBUG    20/07 16:17:49   Checking if antismash.detection.hmm_detection should be run
INFO     20/07 16:17:49   Running antismash.detection.hmm_detection
INFO     20/07 16:17:49   HMM detection using strictness: relaxed
DEBUG    20/07 16:17:51   0 rule-based cluster(s) found in record
DEBUG    20/07 16:17:51   0 protoclusters found
DEBUG    20/07 16:17:51   0 subregions found
INFO     20/07 16:17:51   No regions detected, skipping record
INFO     20/07 16:17:51   Analysing record: NZ_QEYD01000009.1
INFO     20/07 16:17:51   Detecting secondary metabolite clusters
DEBUG    20/07 16:17:51   Checking if antismash.detection.hmm_detection should be run
INFO     20/07 16:17:51   Running antismash.detection.hmm_detection
INFO     20/07 16:17:51   HMM detection using strictness: relaxed
DEBUG    20/07 16:17:52   1 rule-based cluster(s) found in record
DEBUG    20/07 16:17:52   1 protoclusters found
DEBUG    20/07 16:17:52   0 subregions found
INFO     20/07 16:17:52   1 region(s) detected in record
DEBUG    20/07 16:17:52   Checking if antismash.detection.cluster_hmmer should be run
INFO     20/07 16:17:52   Running antismash.detection.cluster_hmmer
INFO     20/07 16:17:52   Running cluster PFAM search
DEBUG    20/07 16:17:59   Adding detection results from antismash.detection.cluster_hmmer to record
DEBUG    20/07 16:17:59   Checking if antismash.detection.genefunctions should be run
INFO     20/07 16:17:59   Running antismash.detection.genefunctions
DEBUG    20/07 16:18:00   Adding detection results from antismash.detection.genefunctions to record
DEBUG    20/07 16:18:00   annotating CDS features with resist info: 0 CDSes
DEBUG    20/07 16:18:00   annotating CDS features with smcogs info: 8 CDSes
DEBUG    20/07 16:18:00   Checking if antismash.detection.nrps_pks_domains should be run
INFO     20/07 16:18:00   Running antismash.detection.nrps_pks_domains
DEBUG    20/07 16:18:00   Marking NRPS/PKS CDS features and domains in clusters
DEBUG    20/07 16:18:00   Adding detection results from antismash.detection.nrps_pks_domains to record
DEBUG    20/07 16:18:00   Checking if antismash.detection.tigrfam should be run
INFO     20/07 16:18:00   Running antismash.detection.tigrfam
INFO     20/07 16:18:00   Running TIGRFam search
DEBUG    20/07 16:18:02   Adding detection results from antismash.detection.tigrfam to record
DEBUG    20/07 16:18:02   Checking if antismash.modules.active_site_finder should be run
INFO     20/07 16:18:02   Running antismash.modules.active_site_finder
DEBUG    20/07 16:18:03   Checking if antismash.modules.cluster_compare should be run
INFO     20/07 16:18:03   Running antismash.modules.cluster_compare
DEBUG    20/07 16:18:03   Loading comparison database: MIBiG
DEBUG    20/07 16:18:03   Comparison database loaded
INFO     20/07 16:18:03   Comparing regions to reference database
DEBUG    20/07 16:18:04   Checking if antismash.modules.clusterblast should be run
INFO     20/07 16:18:04   Running antismash.modules.clusterblast
INFO     20/07 16:18:04   Finding internal homologs in each gene cluster...
INFO     20/07 16:18:05   Running ClusterBlast
INFO     20/07 16:18:05   ClusterBlast: Loading gene cluster database into memory...
INFO     20/07 16:18:06   ClusterBlast: Loading gene cluster database proteins into memory...
INFO     20/07 16:18:17   Comparing regions to reference database
INFO     20/07 16:19:10   Running subcluster search
INFO     20/07 16:19:10   SubClusterBlast: Loading gene cluster database into memory...
INFO     20/07 16:19:10   SubClusterBlast: Loading gene cluster database proteins into memory...
INFO     20/07 16:19:11   Running known cluster search
INFO     20/07 16:19:11   KnownClusterBlast: Loading gene cluster database into memory...
INFO     20/07 16:19:11   KnownClusterBlast: Loading gene cluster database proteins into memory...
DEBUG    20/07 16:19:11   Running DIAMOND knowncluster searches..
INFO     20/07 16:19:11   Comparing regions to reference database
DEBUG    20/07 16:19:13   Checking if antismash.modules.lanthipeptides should be run
INFO     20/07 16:19:13   Running antismash.modules.lanthipeptides
DEBUG    20/07 16:19:13   Lanthipeptide module marked 0 motifs
DEBUG    20/07 16:19:14   Checking if antismash.modules.lassopeptides should be run
INFO     20/07 16:19:14   Running antismash.modules.lassopeptides
DEBUG    20/07 16:19:16   Lassopeptide module marked 0 motifs
DEBUG    20/07 16:19:16   Checking if antismash.modules.nrps_pks should be run
INFO     20/07 16:19:16   Running antismash.modules.nrps_pks
INFO     20/07 16:19:16   Predicting A domain substrate specificities with nrpys
INFO     20/07 16:19:16   Predicting CAL domain substrate specificities by Minowa et al. method
INFO     20/07 16:19:16   Predicting PKS KR activity and stereochemistry using KR fingerprints from Starcevic et al.
DEBUG    20/07 16:19:16   Checking if antismash.modules.pfam2go should be run
INFO     20/07 16:19:16   Running antismash.modules.pfam2go
DEBUG    20/07 16:19:16   Checking if antismash.modules.rrefinder should be run
INFO     20/07 16:19:16   Running antismash.modules.rrefinder
DEBUG    20/07 16:19:16   Checking if antismash.modules.sactipeptides should be run
INFO     20/07 16:19:16   Running antismash.modules.sactipeptides
DEBUG    20/07 16:19:16   Found no sactipeptide motifs
DEBUG    20/07 16:19:17   Checking if antismash.modules.t2pks should be run
INFO     20/07 16:19:17   Running antismash.modules.t2pks
DEBUG    20/07 16:19:17   No type II PKS clusters to analyze
DEBUG    20/07 16:19:17   Checking if antismash.modules.tfbs_finder should be run
INFO     20/07 16:19:17   Running antismash.modules.tfbs_finder
DEBUG    20/07 16:19:18   Checking if antismash.modules.thiopeptides should be run
INFO     20/07 16:19:18   Running antismash.modules.thiopeptides
DEBUG    20/07 16:19:18   Thiopeptides marked 0 motifs
DEBUG    20/07 16:19:19   Checking if antismash.modules.tta should be run
INFO     20/07 16:19:19   Running antismash.modules.tta
INFO     20/07 16:19:19   Detecting TTA codons
DEBUG    20/07 16:19:19   GC content: 67%
DEBUG    20/07 16:19:19   Detected 0 TTA codons
DEBUG    20/07 16:19:19   Writing json results to '/data/antismash/upload/bacteria-753d0f25-c070-4543-aa7f-434342d631de/GCF_003122215.1_Pararhodobacter_marinus_CIC4N-9.json'
DEBUG    20/07 16:19:19   Record NZ_QEYD01000010.1 has results for modules: hmm_detection
DEBUG    20/07 16:19:19   Converting antismash.detection.hmm_detection results to json
DEBUG    20/07 16:19:19   Record NZ_QEYD01000011.1 has results for modules: hmm_detection
DEBUG    20/07 16:19:19   Converting antismash.detection.hmm_detection results to json
DEBUG    20/07 16:19:19   Record NZ_QEYD01000012.1 has results for modules: hmm_detection
DEBUG    20/07 16:19:19   Converting antismash.detection.hmm_detection results to json
DEBUG    20/07 16:19:19   Record NZ_QEYD01000013.1 has results for modules: hmm_detection
DEBUG    20/07 16:19:19   Converting antismash.detection.hmm_detection results to json
DEBUG    20/07 16:19:19   Record NZ_QEYD01000014.1 has results for modules: hmm_detection
DEBUG    20/07 16:19:19   Converting antismash.detection.hmm_detection results to json
DEBUG    20/07 16:19:19   Record NZ_QEYD01000015.1 has results for modules: hmm_detection
DEBUG    20/07 16:19:19   Converting antismash.detection.hmm_detection results to json
DEBUG    20/07 16:19:19   Record NZ_QEYD01000016.1 has results for modules: hmm_detection
DEBUG    20/07 16:19:19   Converting antismash.detection.hmm_detection results to json
DEBUG    20/07 16:19:19   Record NZ_QEYD01000017.1 has results for modules: hmm_detection
DEBUG    20/07 16:19:19   Converting antismash.detection.hmm_detection results to json
DEBUG    20/07 16:19:19   Record NZ_QEYD01000018.1 has results for modules: hmm_detection
DEBUG    20/07 16:19:19   Converting antismash.detection.hmm_detection results to json
DEBUG    20/07 16:19:19   Record NZ_QEYD01000019.1 has results for modules: hmm_detection
DEBUG    20/07 16:19:19   Converting antismash.detection.hmm_detection results to json
DEBUG    20/07 16:19:19   Record NZ_QEYD01000001.1 has results for modules: hmm_detection, cluster_hmmer, genefunctions, nrps_pks_domains, tigrfam, active_site_finder, cluster_compare, clusterblast, lanthipeptides, lassopeptides, nrps_pks, pfam2go, rrefinder, sactipeptides, t2pks, tfbs_finder, thiopeptides, tta
DEBUG    20/07 16:19:19   Converting antismash.detection.hmm_detection results to json
DEBUG    20/07 16:19:19   Converting antismash.detection.cluster_hmmer results to json
DEBUG    20/07 16:19:19   Converting antismash.detection.genefunctions results to json
DEBUG    20/07 16:19:19   Converting antismash.detection.nrps_pks_domains results to json
DEBUG    20/07 16:19:19   Converting antismash.detection.tigrfam results to json
DEBUG    20/07 16:19:19   Converting antismash.modules.active_site_finder results to json
DEBUG    20/07 16:19:19   Converting antismash.modules.cluster_compare results to json
DEBUG    20/07 16:19:19   Converting antismash.modules.clusterblast results to json
DEBUG    20/07 16:19:19   Converting antismash.modules.lanthipeptides results to json
DEBUG    20/07 16:19:19   Converting antismash.modules.lassopeptides results to json
DEBUG    20/07 16:19:19   Converting antismash.modules.nrps_pks results to json
DEBUG    20/07 16:19:19   Converting antismash.modules.pfam2go results to json
DEBUG    20/07 16:19:19   Converting antismash.modules.rrefinder results to json
DEBUG    20/07 16:19:19   Converting antismash.modules.sactipeptides results to json
DEBUG    20/07 16:19:19   Converting antismash.modules.t2pks results to json
DEBUG    20/07 16:19:19   Converting antismash.modules.tfbs_finder results to json
DEBUG    20/07 16:19:19   Converting antismash.modules.thiopeptides results to json
DEBUG    20/07 16:19:19   Converting antismash.modules.tta results to json
DEBUG    20/07 16:19:19   Record NZ_QEYD01000020.1 has results for modules: hmm_detection
DEBUG    20/07 16:19:19   Converting antismash.detection.hmm_detection results to json
DEBUG    20/07 16:19:19   Record NZ_QEYD01000021.1 has results for modules: hmm_detection
DEBUG    20/07 16:19:19   Converting antismash.detection.hmm_detection results to json
DEBUG    20/07 16:19:19   Record NZ_QEYD01000022.1 has results for modules: hmm_detection
DEBUG    20/07 16:19:19   Converting antismash.detection.hmm_detection results to json
DEBUG    20/07 16:19:19   Record NZ_QEYD01000023.1 has results for modules: hmm_detection
DEBUG    20/07 16:19:19   Converting antismash.detection.hmm_detection results to json
DEBUG    20/07 16:19:19   Record NZ_QEYD01000024.1 has results for modules: hmm_detection
DEBUG    20/07 16:19:19   Converting antismash.detection.hmm_detection results to json
DEBUG    20/07 16:19:19   Record NZ_QEYD01000025.1 has results for modules: hmm_detection
DEBUG    20/07 16:19:19   Converting antismash.detection.hmm_detection results to json
DEBUG    20/07 16:19:19   Record NZ_QEYD01000026.1 has results for modules: hmm_detection
DEBUG    20/07 16:19:19   Converting antismash.detection.hmm_detection results to json
DEBUG    20/07 16:19:19   Record NZ_QEYD01000027.1 has results for modules: hmm_detection
DEBUG    20/07 16:19:19   Converting antismash.detection.hmm_detection results to json
DEBUG    20/07 16:19:19   Record NZ_QEYD01000028.1 has results for modules: hmm_detection
DEBUG    20/07 16:19:19   Converting antismash.detection.hmm_detection results to json
DEBUG    20/07 16:19:19   Record NZ_QEYD01000029.1 has results for modules: hmm_detection
DEBUG    20/07 16:19:19   Converting antismash.detection.hmm_detection results to json
DEBUG    20/07 16:19:19   Record NZ_QEYD01000002.1 has results for modules: hmm_detection
DEBUG    20/07 16:19:19   Converting antismash.detection.hmm_detection results to json
DEBUG    20/07 16:19:19   Record NZ_QEYD01000030.1 has results for modules: hmm_detection
DEBUG    20/07 16:19:19   Converting antismash.detection.hmm_detection results to json
DEBUG    20/07 16:19:19   Record NZ_QEYD01000003.1 has results for modules: hmm_detection
DEBUG    20/07 16:19:19   Converting antismash.detection.hmm_detection results to json
DEBUG    20/07 16:19:19   Record NZ_QEYD01000004.1 has results for modules: hmm_detection, cluster_hmmer, genefunctions, nrps_pks_domains, tigrfam, active_site_finder, cluster_compare, clusterblast, lanthipeptides, lassopeptides, nrps_pks, pfam2go, rrefinder, sactipeptides, t2pks, tfbs_finder, thiopeptides, tta
DEBUG    20/07 16:19:19   Converting antismash.detection.hmm_detection results to json
DEBUG    20/07 16:19:19   Converting antismash.detection.cluster_hmmer results to json
DEBUG    20/07 16:19:19   Converting antismash.detection.genefunctions results to json
DEBUG    20/07 16:19:19   Converting antismash.detection.nrps_pks_domains results to json
DEBUG    20/07 16:19:19   Converting antismash.detection.tigrfam results to json
DEBUG    20/07 16:19:19   Converting antismash.modules.active_site_finder results to json
DEBUG    20/07 16:19:19   Converting antismash.modules.cluster_compare results to json
DEBUG    20/07 16:19:19   Converting antismash.modules.clusterblast results to json
DEBUG    20/07 16:19:19   Converting antismash.modules.lanthipeptides results to json
DEBUG    20/07 16:19:19   Converting antismash.modules.lassopeptides results to json
DEBUG    20/07 16:19:19   Converting antismash.modules.nrps_pks results to json
DEBUG    20/07 16:19:19   Converting antismash.modules.pfam2go results to json
DEBUG    20/07 16:19:19   Converting antismash.modules.rrefinder results to json
DEBUG    20/07 16:19:19   Converting antismash.modules.sactipeptides results to json
DEBUG    20/07 16:19:19   Converting antismash.modules.t2pks results to json
DEBUG    20/07 16:19:19   Converting antismash.modules.tfbs_finder results to json
DEBUG    20/07 16:19:19   Converting antismash.modules.thiopeptides results to json
DEBUG    20/07 16:19:19   Converting antismash.modules.tta results to json
DEBUG    20/07 16:19:19   Record NZ_QEYD01000005.1 has results for modules: hmm_detection
DEBUG    20/07 16:19:19   Converting antismash.detection.hmm_detection results to json
DEBUG    20/07 16:19:19   Record NZ_QEYD01000006.1 has results for modules: hmm_detection
DEBUG    20/07 16:19:19   Converting antismash.detection.hmm_detection results to json
DEBUG    20/07 16:19:19   Record NZ_QEYD01000007.1 has results for modules: hmm_detection, cluster_hmmer, genefunctions, nrps_pks_domains, tigrfam, active_site_finder, cluster_compare, clusterblast, lanthipeptides, lassopeptides, nrps_pks, pfam2go, rrefinder, sactipeptides, t2pks, tfbs_finder, thiopeptides
DEBUG    20/07 16:19:19   Converting antismash.detection.hmm_detection results to json
DEBUG    20/07 16:19:19   Converting antismash.detection.cluster_hmmer results to json
DEBUG    20/07 16:19:19   Converting antismash.detection.genefunctions results to json
DEBUG    20/07 16:19:19   Converting antismash.detection.nrps_pks_domains results to json
DEBUG    20/07 16:19:19   Converting antismash.detection.tigrfam results to json
DEBUG    20/07 16:19:19   Converting antismash.modules.active_site_finder results to json
DEBUG    20/07 16:19:19   Converting antismash.modules.cluster_compare results to json
DEBUG    20/07 16:19:19   Converting antismash.modules.clusterblast results to json
DEBUG    20/07 16:19:19   Converting antismash.modules.lanthipeptides results to json
DEBUG    20/07 16:19:19   Converting antismash.modules.lassopeptides results to json
DEBUG    20/07 16:19:19   Converting antismash.modules.nrps_pks results to json
DEBUG    20/07 16:19:19   Converting antismash.modules.pfam2go results to json
DEBUG    20/07 16:19:19   Converting antismash.modules.rrefinder results to json
DEBUG    20/07 16:19:19   Converting antismash.modules.sactipeptides results to json
DEBUG    20/07 16:19:19   Converting antismash.modules.t2pks results to json
DEBUG    20/07 16:19:19   Converting antismash.modules.tfbs_finder results to json
DEBUG    20/07 16:19:19   Converting antismash.modules.thiopeptides results to json
DEBUG    20/07 16:19:19   Converting antismash.modules.tta results to json
DEBUG    20/07 16:19:19   Record NZ_QEYD01000008.1 has results for modules: hmm_detection
DEBUG    20/07 16:19:19   Converting antismash.detection.hmm_detection results to json
DEBUG    20/07 16:19:19   Record NZ_QEYD01000009.1 has results for modules: hmm_detection, cluster_hmmer, genefunctions, nrps_pks_domains, tigrfam, active_site_finder, cluster_compare, clusterblast, lanthipeptides, lassopeptides, nrps_pks, pfam2go, rrefinder, sactipeptides, t2pks, tfbs_finder, thiopeptides
DEBUG    20/07 16:19:19   Converting antismash.detection.hmm_detection results to json
DEBUG    20/07 16:19:19   Converting antismash.detection.cluster_hmmer results to json
DEBUG    20/07 16:19:19   Converting antismash.detection.genefunctions results to json
DEBUG    20/07 16:19:19   Converting antismash.detection.nrps_pks_domains results to json
DEBUG    20/07 16:19:19   Converting antismash.detection.tigrfam results to json
DEBUG    20/07 16:19:19   Converting antismash.modules.active_site_finder results to json
DEBUG    20/07 16:19:19   Converting antismash.modules.cluster_compare results to json
DEBUG    20/07 16:19:19   Converting antismash.modules.clusterblast results to json
DEBUG    20/07 16:19:19   Converting antismash.modules.lanthipeptides results to json
DEBUG    20/07 16:19:19   Converting antismash.modules.lassopeptides results to json
DEBUG    20/07 16:19:19   Converting antismash.modules.nrps_pks results to json
DEBUG    20/07 16:19:19   Converting antismash.modules.pfam2go results to json
DEBUG    20/07 16:19:19   Converting antismash.modules.rrefinder results to json
DEBUG    20/07 16:19:19   Converting antismash.modules.sactipeptides results to json
DEBUG    20/07 16:19:19   Converting antismash.modules.t2pks results to json
DEBUG    20/07 16:19:19   Converting antismash.modules.tfbs_finder results to json
DEBUG    20/07 16:19:19   Converting antismash.modules.thiopeptides results to json
DEBUG    20/07 16:19:19   Converting antismash.modules.tta results to json
DEBUG    20/07 16:19:19   Not annotating skipped record NZ_QEYD01000010.1: No regions detected
DEBUG    20/07 16:19:19   Not annotating skipped record NZ_QEYD01000011.1: No regions detected
DEBUG    20/07 16:19:19   Not annotating skipped record NZ_QEYD01000012.1: No regions detected
DEBUG    20/07 16:19:19   Not annotating skipped record NZ_QEYD01000013.1: No regions detected
DEBUG    20/07 16:19:19   Not annotating skipped record NZ_QEYD01000014.1: No regions detected
DEBUG    20/07 16:19:19   Not annotating skipped record NZ_QEYD01000015.1: No regions detected
DEBUG    20/07 16:19:19   Not annotating skipped record NZ_QEYD01000016.1: No regions detected
DEBUG    20/07 16:19:19   Not annotating skipped record NZ_QEYD01000017.1: No regions detected
DEBUG    20/07 16:19:19   Not annotating skipped record NZ_QEYD01000018.1: No regions detected
DEBUG    20/07 16:19:19   Not annotating skipped record NZ_QEYD01000019.1: No regions detected
DEBUG    20/07 16:19:19   Annotating record NZ_QEYD01000001.1 with results from: hmm_detection, cluster_hmmer, genefunctions, nrps_pks_domains, tigrfam, active_site_finder, cluster_compare, clusterblast, lanthipeptides, lassopeptides, nrps_pks, pfam2go, rrefinder, sactipeptides, t2pks, tfbs_finder, thiopeptides, tta
DEBUG    20/07 16:19:19    Adding results from antismash.modules.active_site_finder
DEBUG    20/07 16:19:19    Adding results from antismash.modules.cluster_compare
DEBUG    20/07 16:19:19    Adding results from antismash.modules.clusterblast
DEBUG    20/07 16:19:19    Adding results from antismash.modules.lanthipeptides
DEBUG    20/07 16:19:19    Adding results from antismash.modules.lassopeptides
DEBUG    20/07 16:19:19    Adding results from antismash.modules.nrps_pks
DEBUG    20/07 16:19:19    Adding results from antismash.modules.pfam2go
DEBUG    20/07 16:19:19    Adding results from antismash.modules.rrefinder
DEBUG    20/07 16:19:19    Adding results from antismash.modules.sactipeptides
DEBUG    20/07 16:19:19    Adding results from antismash.modules.t2pks
DEBUG    20/07 16:19:19    Adding results from antismash.modules.tfbs_finder
DEBUG    20/07 16:19:19    Adding results from antismash.modules.thiopeptides
DEBUG    20/07 16:19:19    Adding results from antismash.modules.tta
DEBUG    20/07 16:19:19   Not annotating skipped record NZ_QEYD01000020.1: No regions detected
DEBUG    20/07 16:19:19   Not annotating skipped record NZ_QEYD01000021.1: No regions detected
DEBUG    20/07 16:19:19   Not annotating skipped record NZ_QEYD01000022.1: No regions detected
DEBUG    20/07 16:19:19   Not annotating skipped record NZ_QEYD01000023.1: No regions detected
DEBUG    20/07 16:19:19   Not annotating skipped record NZ_QEYD01000024.1: No regions detected
DEBUG    20/07 16:19:19   Not annotating skipped record NZ_QEYD01000025.1: No regions detected
DEBUG    20/07 16:19:19   Not annotating skipped record NZ_QEYD01000026.1: No regions detected
DEBUG    20/07 16:19:19   Not annotating skipped record NZ_QEYD01000027.1: No regions detected
DEBUG    20/07 16:19:19   Not annotating skipped record NZ_QEYD01000028.1: No regions detected
DEBUG    20/07 16:19:19   Not annotating skipped record NZ_QEYD01000029.1: No regions detected
DEBUG    20/07 16:19:19   Not annotating skipped record NZ_QEYD01000002.1: No regions detected
DEBUG    20/07 16:19:19   Not annotating skipped record NZ_QEYD01000030.1: No regions detected
DEBUG    20/07 16:19:19   Not annotating skipped record NZ_QEYD01000003.1: No regions detected
DEBUG    20/07 16:19:19   Annotating record NZ_QEYD01000004.1 with results from: hmm_detection, cluster_hmmer, genefunctions, nrps_pks_domains, tigrfam, active_site_finder, cluster_compare, clusterblast, lanthipeptides, lassopeptides, nrps_pks, pfam2go, rrefinder, sactipeptides, t2pks, tfbs_finder, thiopeptides, tta
DEBUG    20/07 16:19:19    Adding results from antismash.modules.active_site_finder
DEBUG    20/07 16:19:19    Adding results from antismash.modules.cluster_compare
DEBUG    20/07 16:19:19    Adding results from antismash.modules.clusterblast
DEBUG    20/07 16:19:19    Adding results from antismash.modules.lanthipeptides
DEBUG    20/07 16:19:19    Adding results from antismash.modules.lassopeptides
DEBUG    20/07 16:19:19    Adding results from antismash.modules.nrps_pks
DEBUG    20/07 16:19:19    Adding results from antismash.modules.pfam2go
DEBUG    20/07 16:19:19    Adding results from antismash.modules.rrefinder
DEBUG    20/07 16:19:19    Adding results from antismash.modules.sactipeptides
DEBUG    20/07 16:19:19    Adding results from antismash.modules.t2pks
DEBUG    20/07 16:19:19    Adding results from antismash.modules.tfbs_finder
DEBUG    20/07 16:19:19    Adding results from antismash.modules.thiopeptides
DEBUG    20/07 16:19:19    Adding results from antismash.modules.tta
DEBUG    20/07 16:19:19   Not annotating skipped record NZ_QEYD01000005.1: No regions detected
DEBUG    20/07 16:19:19   Not annotating skipped record NZ_QEYD01000006.1: No regions detected
DEBUG    20/07 16:19:19   Annotating record NZ_QEYD01000007.1 with results from: hmm_detection, cluster_hmmer, genefunctions, nrps_pks_domains, tigrfam, active_site_finder, cluster_compare, clusterblast, lanthipeptides, lassopeptides, nrps_pks, pfam2go, rrefinder, sactipeptides, t2pks, tfbs_finder, thiopeptides, tta
DEBUG    20/07 16:19:19    Adding results from antismash.modules.active_site_finder
DEBUG    20/07 16:19:19    Adding results from antismash.modules.cluster_compare
DEBUG    20/07 16:19:19    Adding results from antismash.modules.clusterblast
DEBUG    20/07 16:19:19    Adding results from antismash.modules.lanthipeptides
DEBUG    20/07 16:19:19    Adding results from antismash.modules.lassopeptides
DEBUG    20/07 16:19:19    Adding results from antismash.modules.nrps_pks
DEBUG    20/07 16:19:19    Adding results from antismash.modules.pfam2go
DEBUG    20/07 16:19:19    Adding results from antismash.modules.rrefinder
DEBUG    20/07 16:19:19    Adding results from antismash.modules.sactipeptides
DEBUG    20/07 16:19:19    Adding results from antismash.modules.t2pks
DEBUG    20/07 16:19:19    Adding results from antismash.modules.tfbs_finder
DEBUG    20/07 16:19:19    Adding results from antismash.modules.thiopeptides
DEBUG    20/07 16:19:19    Adding results from antismash.modules.tta
DEBUG    20/07 16:19:19   Not annotating skipped record NZ_QEYD01000008.1: No regions detected
DEBUG    20/07 16:19:19   Annotating record NZ_QEYD01000009.1 with results from: hmm_detection, cluster_hmmer, genefunctions, nrps_pks_domains, tigrfam, active_site_finder, cluster_compare, clusterblast, lanthipeptides, lassopeptides, nrps_pks, pfam2go, rrefinder, sactipeptides, t2pks, tfbs_finder, thiopeptides, tta
DEBUG    20/07 16:19:19    Adding results from antismash.modules.active_site_finder
DEBUG    20/07 16:19:19    Adding results from antismash.modules.cluster_compare
DEBUG    20/07 16:19:19    Adding results from antismash.modules.clusterblast
DEBUG    20/07 16:19:19    Adding results from antismash.modules.lanthipeptides
DEBUG    20/07 16:19:19    Adding results from antismash.modules.lassopeptides
DEBUG    20/07 16:19:19    Adding results from antismash.modules.nrps_pks
DEBUG    20/07 16:19:19    Adding results from antismash.modules.pfam2go
DEBUG    20/07 16:19:19    Adding results from antismash.modules.rrefinder
DEBUG    20/07 16:19:19    Adding results from antismash.modules.sactipeptides
DEBUG    20/07 16:19:19    Adding results from antismash.modules.t2pks
DEBUG    20/07 16:19:19    Adding results from antismash.modules.tfbs_finder
DEBUG    20/07 16:19:19    Adding results from antismash.modules.thiopeptides
DEBUG    20/07 16:19:19    Adding results from antismash.modules.tta
DEBUG    20/07 16:19:19   Creating results page
DEBUG    20/07 16:19:19   Results page using antismash.js from local copy: /databases/as-js/0.13/antismash.js
DEBUG    20/07 16:19:21   Creating results SVGs
DEBUG    20/07 16:19:21   Writing seq_records SVGs to '/data/antismash/upload/bacteria-753d0f25-c070-4543-aa7f-434342d631de/svg'
DEBUG    20/07 16:19:22   Writing cluster-specific genbank files
DEBUG    20/07 16:19:22   Writing final genbank file to '/data/antismash/upload/bacteria-753d0f25-c070-4543-aa7f-434342d631de/GCF_003122215.1_Pararhodobacter_marinus_CIC4N-9.gbk'
DEBUG    20/07 16:19:22   Zipping output to '/data/antismash/upload/bacteria-753d0f25-c070-4543-aa7f-434342d631de/GCF_003122215.1_Pararhodobacter_marinus_CIC4N-9.zip'
