INFO     20/07 15:59:17   antiSMASH version: 7.0.0
INFO     20/07 15:59:17   diamond using executable: /usr/bin/diamond-aligner (2.0.7)
INFO     20/07 15:59:17   hmmpfam2 using executable: /usr/bin/hmm2pfam (2.3.2)
INFO     20/07 15:59:17   fasttree using executable: /usr/bin/fasttree
INFO     20/07 15:59:17   hmmsearch using executable: /usr/bin/hmmsearch (3.3.2)
INFO     20/07 15:59:17   hmmpress using executable: /usr/bin/hmmpress (3.3.2)
INFO     20/07 15:59:17   hmmscan using executable: /usr/bin/hmmscan (3.3.2)
INFO     20/07 15:59:18   meme using executable: /usr/bin/meme (4.11.2)
INFO     20/07 15:59:18   fimo using executable: /usr/bin/fimo (4.11.2)
INFO     20/07 15:59:18   glimmerhmm using executable: /usr/bin/glimmerhmm
INFO     20/07 15:59:18   prodigal using executable: /usr/bin/prodigal (V2.6.3)
INFO     20/07 15:59:18   blastp using executable: /usr/bin/blastp (2.11.0+)
INFO     20/07 15:59:18   makeblastdb using executable: /usr/bin/makeblastdb (2.11.0+)
DEBUG    20/07 15:59:18   Checking prerequisites for antismash.detection.hmm_detection
DEBUG    20/07 15:59:18   Found file '/usr/local/lib/python3.9/dist-packages/antismash/detection/hmm_detection/data/bgc_seeds.hmm'
DEBUG    20/07 15:59:18   Found file '/usr/local/lib/python3.9/dist-packages/antismash/detection/hmm_detection/data/bgc_seeds.hmm.h3f'
DEBUG    20/07 15:59:18   Found file '/usr/local/lib/python3.9/dist-packages/antismash/detection/hmm_detection/data/bgc_seeds.hmm.h3i'
DEBUG    20/07 15:59:18   Found file '/usr/local/lib/python3.9/dist-packages/antismash/detection/hmm_detection/data/bgc_seeds.hmm.h3m'
DEBUG    20/07 15:59:18   Found file '/usr/local/lib/python3.9/dist-packages/antismash/detection/hmm_detection/data/bgc_seeds.hmm.h3p'
DEBUG    20/07 15:59:18   Checking prerequisites for antismash.detection.cluster_hmmer
DEBUG    20/07 15:59:18   Found file '/databases/pfam/34.0/Pfam-A.hmm'
DEBUG    20/07 15:59:18   Found file '/databases/pfam/34.0/Pfam-A.hmm.h3f'
DEBUG    20/07 15:59:18   Found file '/databases/pfam/34.0/Pfam-A.hmm.h3i'
DEBUG    20/07 15:59:18   Found file '/databases/pfam/34.0/Pfam-A.hmm.h3m'
DEBUG    20/07 15:59:18   Found file '/databases/pfam/34.0/Pfam-A.hmm.h3p'
DEBUG    20/07 15:59:18   Checking prerequisites for antismash.detection.genefunctions
DEBUG    20/07 15:59:18   Found file '/databases/resfam/Resfams.hmm'
DEBUG    20/07 15:59:18   Found file '/usr/local/lib/python3.9/dist-packages/antismash/detection/genefunctions/data/smcogs.hmm.h3f'
DEBUG    20/07 15:59:18   Found file '/usr/local/lib/python3.9/dist-packages/antismash/detection/genefunctions/data/smcogs.hmm.h3i'
DEBUG    20/07 15:59:18   Found file '/usr/local/lib/python3.9/dist-packages/antismash/detection/genefunctions/data/smcogs.hmm.h3m'
DEBUG    20/07 15:59:18   Found file '/usr/local/lib/python3.9/dist-packages/antismash/detection/genefunctions/data/smcogs.hmm.h3p'
DEBUG    20/07 15:59:18   Found file '/databases/resfam/Resfams.hmm.h3f'
DEBUG    20/07 15:59:18   Found file '/databases/resfam/Resfams.hmm.h3i'
DEBUG    20/07 15:59:18   Found file '/databases/resfam/Resfams.hmm.h3m'
DEBUG    20/07 15:59:18   Found file '/databases/resfam/Resfams.hmm.h3p'
DEBUG    20/07 15:59:18   Checking prerequisites for antismash.detection.nrps_pks_domains
DEBUG    20/07 15:59:18   Found file '/usr/local/lib/python3.9/dist-packages/antismash/detection/nrps_pks_domains/data/abmotifs.hmm.h3f'
DEBUG    20/07 15:59:18   Found file '/usr/local/lib/python3.9/dist-packages/antismash/detection/nrps_pks_domains/data/abmotifs.hmm.h3i'
DEBUG    20/07 15:59:18   Found file '/usr/local/lib/python3.9/dist-packages/antismash/detection/nrps_pks_domains/data/abmotifs.hmm.h3m'
DEBUG    20/07 15:59:18   Found file '/usr/local/lib/python3.9/dist-packages/antismash/detection/nrps_pks_domains/data/abmotifs.hmm.h3p'
DEBUG    20/07 15:59:18   Found file '/usr/local/lib/python3.9/dist-packages/antismash/detection/nrps_pks_domains/data/dockingdomains.hmm.h3f'
DEBUG    20/07 15:59:18   Found file '/usr/local/lib/python3.9/dist-packages/antismash/detection/nrps_pks_domains/data/dockingdomains.hmm.h3i'
DEBUG    20/07 15:59:18   Found file '/usr/local/lib/python3.9/dist-packages/antismash/detection/nrps_pks_domains/data/dockingdomains.hmm.h3m'
DEBUG    20/07 15:59:18   Found file '/usr/local/lib/python3.9/dist-packages/antismash/detection/nrps_pks_domains/data/dockingdomains.hmm.h3p'
DEBUG    20/07 15:59:18   Found file '/usr/local/lib/python3.9/dist-packages/antismash/detection/nrps_pks_domains/data/ksdomains.hmm.h3f'
DEBUG    20/07 15:59:18   Found file '/usr/local/lib/python3.9/dist-packages/antismash/detection/nrps_pks_domains/data/ksdomains.hmm.h3i'
DEBUG    20/07 15:59:18   Found file '/usr/local/lib/python3.9/dist-packages/antismash/detection/nrps_pks_domains/data/ksdomains.hmm.h3m'
DEBUG    20/07 15:59:18   Found file '/usr/local/lib/python3.9/dist-packages/antismash/detection/nrps_pks_domains/data/ksdomains.hmm.h3p'
DEBUG    20/07 15:59:18   Found file '/usr/local/lib/python3.9/dist-packages/antismash/detection/nrps_pks_domains/data/nrpspksdomains.hmm.h3f'
DEBUG    20/07 15:59:18   Found file '/usr/local/lib/python3.9/dist-packages/antismash/detection/nrps_pks_domains/data/nrpspksdomains.hmm.h3i'
DEBUG    20/07 15:59:18   Found file '/usr/local/lib/python3.9/dist-packages/antismash/detection/nrps_pks_domains/data/nrpspksdomains.hmm.h3m'
DEBUG    20/07 15:59:18   Found file '/usr/local/lib/python3.9/dist-packages/antismash/detection/nrps_pks_domains/data/nrpspksdomains.hmm.h3p'
DEBUG    20/07 15:59:18   Found file '/databases/nrps_pks/transATor/2023.02.23/transATor.hmm.h3f'
DEBUG    20/07 15:59:18   Found file '/databases/nrps_pks/transATor/2023.02.23/transATor.hmm.h3i'
DEBUG    20/07 15:59:18   Found file '/databases/nrps_pks/transATor/2023.02.23/transATor.hmm.h3m'
DEBUG    20/07 15:59:18   Found file '/databases/nrps_pks/transATor/2023.02.23/transATor.hmm.h3p'
DEBUG    20/07 15:59:18   Checking prerequisites for antismash.detection.tigrfam
DEBUG    20/07 15:59:18   Found file '/databases/tigrfam/TIGRFam.hmm'
DEBUG    20/07 15:59:18   Found file '/databases/tigrfam/TIGRFam.hmm.h3f'
DEBUG    20/07 15:59:18   Found file '/databases/tigrfam/TIGRFam.hmm.h3i'
DEBUG    20/07 15:59:18   Found file '/databases/tigrfam/TIGRFam.hmm.h3m'
DEBUG    20/07 15:59:18   Found file '/databases/tigrfam/TIGRFam.hmm.h3p'
DEBUG    20/07 15:59:18   Checking prerequisites for antismash.modules.active_site_finder
DEBUG    20/07 15:59:18   Found file '/usr/local/lib/python3.9/dist-packages/antismash/modules/active_site_finder/data/PKSI-KR.hmm2'
DEBUG    20/07 15:59:18   Found file '/usr/local/lib/python3.9/dist-packages/antismash/modules/active_site_finder/data/PKSI-KS_N.hmm2'
DEBUG    20/07 15:59:18   Found file '/usr/local/lib/python3.9/dist-packages/antismash/modules/active_site_finder/data/PKSI-KS_C.hmm2'
DEBUG    20/07 15:59:18   Found file '/usr/local/lib/python3.9/dist-packages/antismash/modules/active_site_finder/data/PKSI-AT.hmm2'
DEBUG    20/07 15:59:18   Found file '/usr/local/lib/python3.9/dist-packages/antismash/modules/active_site_finder/data/PKSI-ACP.hmm2'
DEBUG    20/07 15:59:18   Found file '/usr/local/lib/python3.9/dist-packages/antismash/modules/active_site_finder/data/PKSI-DH.hmm2'
DEBUG    20/07 15:59:18   Found file '/usr/local/lib/python3.9/dist-packages/antismash/modules/active_site_finder/data/Thioesterase.hmm2'
DEBUG    20/07 15:59:18   Found file '/usr/local/lib/python3.9/dist-packages/antismash/modules/active_site_finder/data/PKSI-ER.hmm2'
DEBUG    20/07 15:59:18   Found file '/usr/local/lib/python3.9/dist-packages/antismash/modules/active_site_finder/data/p450.hmm2'
DEBUG    20/07 15:59:18   Checking prerequisites for antismash.modules.cluster_compare
DEBUG    20/07 15:59:18   Found file '/databases/clustercompare/mibig/3.1/data.json'
DEBUG    20/07 15:59:18   Found file '/databases/clustercompare/mibig/3.1/proteins.fasta'
DEBUG    20/07 15:59:18   Found file '/databases/clustercompare/mibig/3.1/proteins.dmnd'
DEBUG    20/07 15:59:18   Found file '/databases/clustercompare/mibig/3.1/proteins.dmnd'
DEBUG    20/07 15:59:18   Checking prerequisites for antismash.modules.clusterblast
DEBUG    20/07 15:59:18   Found file '/databases/knownclusterblast/3.1/clusters.txt'
DEBUG    20/07 15:59:18   Found file '/databases/knownclusterblast/3.1/proteins.fasta'
DEBUG    20/07 15:59:18   Found file '/databases/knownclusterblast/3.1/proteins.dmnd'
DEBUG    20/07 15:59:18   Found file '/databases/knownclusterblast/3.1/proteins.dmnd'
DEBUG    20/07 15:59:18   Found file '/databases/clusterblast/clusters.txt'
DEBUG    20/07 15:59:18   Found file '/databases/clusterblast/proteins.fasta'
DEBUG    20/07 15:59:18   Found file '/databases/clusterblast/proteins.dmnd'
DEBUG    20/07 15:59:18   Found file '/databases/clusterblast/proteins.dmnd'
DEBUG    20/07 15:59:18   Found file '/usr/local/lib/python3.9/dist-packages/antismash/modules/clusterblast/data/sub/proteins.fasta'
DEBUG    20/07 15:59:18   Found file '/usr/local/lib/python3.9/dist-packages/antismash/modules/clusterblast/data/sub/proteins.fasta.phr'
DEBUG    20/07 15:59:18   Found file '/usr/local/lib/python3.9/dist-packages/antismash/modules/clusterblast/data/sub/proteins.fasta.pin'
DEBUG    20/07 15:59:18   Found file '/usr/local/lib/python3.9/dist-packages/antismash/modules/clusterblast/data/sub/proteins.fasta.psq'
DEBUG    20/07 15:59:18   Found file '/usr/local/lib/python3.9/dist-packages/antismash/modules/clusterblast/data/sub/clusters.txt'
DEBUG    20/07 15:59:18   Checking prerequisites for antismash.modules.lanthipeptides
DEBUG    20/07 15:59:18   Found file '/databases/comparippson/asdb/3.0/cores.fa.pdb'
DEBUG    20/07 15:59:18   Found file '/databases/comparippson/asdb/3.0/cores.fa.phr'
DEBUG    20/07 15:59:18   Found file '/databases/comparippson/asdb/3.0/cores.fa.pin'
DEBUG    20/07 15:59:18   Found file '/databases/comparippson/asdb/3.0/cores.fa.pot'
DEBUG    20/07 15:59:18   Found file '/databases/comparippson/asdb/3.0/cores.fa.psq'
DEBUG    20/07 15:59:18   Found file '/databases/comparippson/asdb/3.0/cores.fa.ptf'
DEBUG    20/07 15:59:18   Found file '/databases/comparippson/asdb/3.0/cores.fa.pto'
DEBUG    20/07 15:59:18   Found file '/databases/comparippson/mibig/3.1/cores.fa.pdb'
DEBUG    20/07 15:59:18   Found file '/databases/comparippson/mibig/3.1/cores.fa.phr'
DEBUG    20/07 15:59:18   Found file '/databases/comparippson/mibig/3.1/cores.fa.pin'
DEBUG    20/07 15:59:18   Found file '/databases/comparippson/mibig/3.1/cores.fa.pot'
DEBUG    20/07 15:59:18   Found file '/databases/comparippson/mibig/3.1/cores.fa.psq'
DEBUG    20/07 15:59:18   Found file '/databases/comparippson/mibig/3.1/cores.fa.ptf'
DEBUG    20/07 15:59:18   Found file '/databases/comparippson/mibig/3.1/cores.fa.pto'
DEBUG    20/07 15:59:18   Checking prerequisites for antismash.modules.lassopeptides
DEBUG    20/07 15:59:18   Checking prerequisites for antismash.modules.nrps_pks
DEBUG    20/07 15:59:18   Found existing cache for /usr/local/lib/python3.9/dist-packages/antismash/modules/nrps_pks/data/terminals/cterm.fasta
DEBUG    20/07 15:59:18   Found existing cache for /usr/local/lib/python3.9/dist-packages/antismash/modules/nrps_pks/data/terminals/nterm.fasta
DEBUG    20/07 15:59:19   Found existing cache for /usr/local/lib/python3.9/dist-packages/antismash/modules/nrps_pks/at_analysis/data/AT_domains_muscle.fasta
DEBUG    20/07 15:59:19   Found existing cache for /usr/local/lib/python3.9/dist-packages/antismash/modules/nrps_pks/kr_analysis/data/KRdomains_muscle.fasta
DEBUG    20/07 15:59:19   Found existing cache for /usr/local/lib/python3.9/dist-packages/antismash/modules/nrps_pks/minowa/data/AT_domains_muscle.fasta
DEBUG    20/07 15:59:19   Found existing cache for /usr/local/lib/python3.9/dist-packages/antismash/modules/nrps_pks/minowa/data/CAL_domains_muscle.fasta
DEBUG    20/07 15:59:19   Checking prerequisites for antismash.modules.pfam2go
DEBUG    20/07 15:59:19   Found file '/usr/local/lib/python3.9/dist-packages/antismash/modules/pfam2go/data/pfam2go.txt'
DEBUG    20/07 15:59:19   Checking prerequisites for antismash.modules.rrefinder
DEBUG    20/07 15:59:19   Found file '/usr/local/lib/python3.9/dist-packages/antismash/modules/rrefinder/data/RREFam.hmm.h3f'
DEBUG    20/07 15:59:19   Found file '/usr/local/lib/python3.9/dist-packages/antismash/modules/rrefinder/data/RREFam.hmm.h3i'
DEBUG    20/07 15:59:19   Found file '/usr/local/lib/python3.9/dist-packages/antismash/modules/rrefinder/data/RREFam.hmm.h3m'
DEBUG    20/07 15:59:19   Found file '/usr/local/lib/python3.9/dist-packages/antismash/modules/rrefinder/data/RREFam.hmm.h3p'
DEBUG    20/07 15:59:19   Checking prerequisites for antismash.modules.sactipeptides
DEBUG    20/07 15:59:19   Checking prerequisites for antismash.modules.t2pks
DEBUG    20/07 15:59:19   Found file '/usr/local/lib/python3.9/dist-packages/antismash/modules/t2pks/data/KSIII.fasta'
DEBUG    20/07 15:59:19   Found file '/usr/local/lib/python3.9/dist-packages/antismash/modules/t2pks/data/KSIII.phr'
DEBUG    20/07 15:59:19   Found file '/usr/local/lib/python3.9/dist-packages/antismash/modules/t2pks/data/KSIII.pin'
DEBUG    20/07 15:59:19   Found file '/usr/local/lib/python3.9/dist-packages/antismash/modules/t2pks/data/KSIII.psq'
DEBUG    20/07 15:59:19   Found file '/usr/local/lib/python3.9/dist-packages/antismash/modules/t2pks/data/AT.fasta'
DEBUG    20/07 15:59:19   Found file '/usr/local/lib/python3.9/dist-packages/antismash/modules/t2pks/data/AT.phr'
DEBUG    20/07 15:59:19   Found file '/usr/local/lib/python3.9/dist-packages/antismash/modules/t2pks/data/AT.pin'
DEBUG    20/07 15:59:19   Found file '/usr/local/lib/python3.9/dist-packages/antismash/modules/t2pks/data/AT.psq'
DEBUG    20/07 15:59:19   Found file '/usr/local/lib/python3.9/dist-packages/antismash/modules/t2pks/data/LIG.fasta'
DEBUG    20/07 15:59:19   Found file '/usr/local/lib/python3.9/dist-packages/antismash/modules/t2pks/data/LIG.phr'
DEBUG    20/07 15:59:19   Found file '/usr/local/lib/python3.9/dist-packages/antismash/modules/t2pks/data/LIG.pin'
DEBUG    20/07 15:59:19   Found file '/usr/local/lib/python3.9/dist-packages/antismash/modules/t2pks/data/LIG.psq'
DEBUG    20/07 15:59:19   Found file '/usr/local/lib/python3.9/dist-packages/antismash/modules/t2pks/data/t2pks.hmm.h3f'
DEBUG    20/07 15:59:19   Found file '/usr/local/lib/python3.9/dist-packages/antismash/modules/t2pks/data/t2pks.hmm.h3i'
DEBUG    20/07 15:59:19   Found file '/usr/local/lib/python3.9/dist-packages/antismash/modules/t2pks/data/t2pks.hmm.h3m'
DEBUG    20/07 15:59:19   Found file '/usr/local/lib/python3.9/dist-packages/antismash/modules/t2pks/data/t2pks.hmm.h3p'
DEBUG    20/07 15:59:19   Checking prerequisites for antismash.modules.tfbs_finder
DEBUG    20/07 15:59:19   Found file '/usr/local/lib/python3.9/dist-packages/antismash/modules/tfbs_finder/data/PWMs.json'
DEBUG    20/07 15:59:19   Checking prerequisites for antismash.modules.thiopeptides
DEBUG    20/07 15:59:19   Found file '/usr/local/lib/python3.9/dist-packages/antismash/modules/thiopeptides/data/thiopep3.hmm.h3f'
DEBUG    20/07 15:59:19   Found file '/usr/local/lib/python3.9/dist-packages/antismash/modules/thiopeptides/data/thiopep3.hmm.h3i'
DEBUG    20/07 15:59:19   Found file '/usr/local/lib/python3.9/dist-packages/antismash/modules/thiopeptides/data/thiopep3.hmm.h3m'
DEBUG    20/07 15:59:19   Found file '/usr/local/lib/python3.9/dist-packages/antismash/modules/thiopeptides/data/thiopep3.hmm.h3p'
DEBUG    20/07 15:59:19   Checking prerequisites for antismash.modules.tta
DEBUG    20/07 15:59:19   Checking prerequisites for antismash.outputs.html
DEBUG    20/07 15:59:19   Found file '/usr/local/lib/python3.9/dist-packages/antismash/outputs/html/css/bacteria.css'
DEBUG    20/07 15:59:19   Found file '/usr/local/lib/python3.9/dist-packages/antismash/outputs/html/css/fungi.css'
DEBUG    20/07 15:59:19   Found file '/usr/local/lib/python3.9/dist-packages/antismash/outputs/html/css/plants.css'
DEBUG    20/07 15:59:19   Checking prerequisites for antismash.support.genefinding
DEBUG    20/07 15:59:19   Checking options for antismash.detection.hmm_detection
DEBUG    20/07 15:59:19   Checking options for antismash.detection.cluster_hmmer
DEBUG    20/07 15:59:19   Found file '/databases/pfam/34.0/Pfam-A.hmm'
DEBUG    20/07 15:59:19   Found file '/databases/pfam/34.0/Pfam-A.hmm.h3f'
DEBUG    20/07 15:59:19   Found file '/databases/pfam/34.0/Pfam-A.hmm.h3i'
DEBUG    20/07 15:59:19   Found file '/databases/pfam/34.0/Pfam-A.hmm.h3m'
DEBUG    20/07 15:59:19   Found file '/databases/pfam/34.0/Pfam-A.hmm.h3p'
DEBUG    20/07 15:59:19   Checking options for antismash.detection.genefunctions
DEBUG    20/07 15:59:19   Checking options for antismash.detection.nrps_pks_domains
DEBUG    20/07 15:59:19   Checking options for antismash.detection.tigrfam
DEBUG    20/07 15:59:19   Checking options for antismash.modules.active_site_finder
DEBUG    20/07 15:59:19   Checking options for antismash.modules.cluster_compare
DEBUG    20/07 15:59:19   Checking options for antismash.modules.clusterblast
DEBUG    20/07 15:59:19   Checking options for antismash.modules.lanthipeptides
DEBUG    20/07 15:59:19   Checking options for antismash.modules.lassopeptides
DEBUG    20/07 15:59:19   Checking options for antismash.modules.nrps_pks
DEBUG    20/07 15:59:19   Checking options for antismash.modules.pfam2go
DEBUG    20/07 15:59:19   Checking options for antismash.modules.rrefinder
DEBUG    20/07 15:59:19   Checking options for antismash.modules.sactipeptides
DEBUG    20/07 15:59:19   Checking options for antismash.modules.t2pks
DEBUG    20/07 15:59:19   Checking options for antismash.modules.tfbs_finder
DEBUG    20/07 15:59:19   Checking options for antismash.modules.thiopeptides
DEBUG    20/07 15:59:19   Checking options for antismash.modules.tta
DEBUG    20/07 15:59:19   Checking options for antismash.outputs.html
DEBUG    20/07 15:59:19   Checking options for antismash.support.genefinding
INFO     20/07 15:59:19   Parsing input sequence '/input/GCF_002900975.1_Tabrizicola_aquatica_RCRI19.gbk'
DEBUG    20/07 15:59:19   Stripping antiSMASH features and annotations from record: NZ_PJON01000001.1
DEBUG    20/07 15:59:19   Stripping antiSMASH features and annotations from record: NZ_PJON01000010.1
DEBUG    20/07 15:59:19   Stripping antiSMASH features and annotations from record: NZ_PJON01000002.1
DEBUG    20/07 15:59:19   Stripping antiSMASH features and annotations from record: NZ_PJON01000003.1
DEBUG    20/07 15:59:19   Stripping antiSMASH features and annotations from record: NZ_PJON01000004.1
DEBUG    20/07 15:59:19   Stripping antiSMASH features and annotations from record: NZ_PJON01000005.1
DEBUG    20/07 15:59:19   Stripping antiSMASH features and annotations from record: NZ_PJON01000006.1
DEBUG    20/07 15:59:19   Stripping antiSMASH features and annotations from record: NZ_PJON01000007.1
DEBUG    20/07 15:59:19   Stripping antiSMASH features and annotations from record: NZ_PJON01000008.1
DEBUG    20/07 15:59:19   Stripping antiSMASH features and annotations from record: NZ_PJON01000009.1
DEBUG    20/07 15:59:19   Converting records from biopython to secmet
DEBUG    20/07 15:59:20   Removing existing region genbank files
DEBUG    20/07 15:59:20   Reusing output directory: /data/antismash/upload/bacteria-6459e792-28cc-4255-ab79-226d0aac5869
DEBUG    20/07 15:59:20   Preprocessing 10 sequences
DEBUG    20/07 15:59:20   Sanitising record ids and sequences
DEBUG    20/07 15:59:21   Removing sequences smaller than 1000 bases
DEBUG    20/07 15:59:21   Ensuring records have CDS features with all required information
INFO     20/07 15:59:21   No CDS features found in record 'NZ_PJON01000009.1', running gene finding.
DEBUG    20/07 15:59:21   Running prodigal based genefinding
DEBUG    20/07 15:59:21   prodigal found 6 CDS features
INFO     20/07 15:59:21   Analysing record: NZ_PJON01000001.1
INFO     20/07 15:59:21   Detecting secondary metabolite clusters
DEBUG    20/07 15:59:21   Checking if antismash.detection.hmm_detection should be run
INFO     20/07 15:59:21   Running antismash.detection.hmm_detection
INFO     20/07 15:59:21   HMM detection using strictness: relaxed
DEBUG    20/07 15:59:26   2 rule-based cluster(s) found in record
DEBUG    20/07 15:59:26   2 protoclusters found
DEBUG    20/07 15:59:26   0 subregions found
INFO     20/07 15:59:26   2 region(s) detected in record
DEBUG    20/07 15:59:26   Checking if antismash.detection.cluster_hmmer should be run
INFO     20/07 15:59:26   Running antismash.detection.cluster_hmmer
INFO     20/07 15:59:26   Running cluster PFAM search
DEBUG    20/07 15:59:39   Building name mapping for HMMer database Pfam-A.hmm
DEBUG    20/07 15:59:42   Building cutoff mapping for HMMer database /databases/pfam/34.0/Pfam-A.hmm
DEBUG    20/07 15:59:44   Adding detection results from antismash.detection.cluster_hmmer to record
DEBUG    20/07 15:59:44   Checking if antismash.detection.genefunctions should be run
INFO     20/07 15:59:44   Running antismash.detection.genefunctions
DEBUG    20/07 15:59:46   Adding detection results from antismash.detection.genefunctions to record
DEBUG    20/07 15:59:46   annotating CDS features with resist info: 0 CDSes
DEBUG    20/07 15:59:46   annotating CDS features with smcogs info: 8 CDSes
DEBUG    20/07 15:59:46   Checking if antismash.detection.nrps_pks_domains should be run
INFO     20/07 15:59:46   Running antismash.detection.nrps_pks_domains
DEBUG    20/07 15:59:46   Marking NRPS/PKS CDS features and domains in clusters
DEBUG    20/07 15:59:46   Adding detection results from antismash.detection.nrps_pks_domains to record
DEBUG    20/07 15:59:46   Checking if antismash.detection.tigrfam should be run
INFO     20/07 15:59:46   Running antismash.detection.tigrfam
INFO     20/07 15:59:46   Running TIGRFam search
DEBUG    20/07 15:59:50   Building name mapping for HMMer database TIGRFam.hmm
DEBUG    20/07 15:59:51   Adding detection results from antismash.detection.tigrfam to record
DEBUG    20/07 15:59:51   Checking if antismash.modules.active_site_finder should be run
INFO     20/07 15:59:51   Running antismash.modules.active_site_finder
DEBUG    20/07 15:59:52   Checking if antismash.modules.cluster_compare should be run
INFO     20/07 15:59:52   Running antismash.modules.cluster_compare
DEBUG    20/07 15:59:52   Loading comparison database: MIBiG
DEBUG    20/07 15:59:53   Comparison database loaded
INFO     20/07 15:59:53   Comparing regions to reference database
DEBUG    20/07 15:59:54   Checking if antismash.modules.clusterblast should be run
INFO     20/07 15:59:54   Running antismash.modules.clusterblast
INFO     20/07 15:59:54   Finding internal homologs in each gene cluster...
INFO     20/07 15:59:56   Running ClusterBlast
INFO     20/07 15:59:56   ClusterBlast: Loading gene cluster database into memory...
INFO     20/07 15:59:57   ClusterBlast: Loading gene cluster database proteins into memory...
INFO     20/07 16:00:09   Comparing regions to reference database
INFO     20/07 16:01:04   Running subcluster search
INFO     20/07 16:01:04   SubClusterBlast: Loading gene cluster database into memory...
INFO     20/07 16:01:04   SubClusterBlast: Loading gene cluster database proteins into memory...
INFO     20/07 16:01:05   Running known cluster search
INFO     20/07 16:01:05   KnownClusterBlast: Loading gene cluster database into memory...
INFO     20/07 16:01:05   KnownClusterBlast: Loading gene cluster database proteins into memory...
DEBUG    20/07 16:01:06   Running DIAMOND knowncluster searches..
INFO     20/07 16:01:06   Comparing regions to reference database
DEBUG    20/07 16:01:08   Checking if antismash.modules.lanthipeptides should be run
INFO     20/07 16:01:08   Running antismash.modules.lanthipeptides
DEBUG    20/07 16:01:08   Lanthipeptide module marked 0 motifs
DEBUG    20/07 16:01:09   Checking if antismash.modules.lassopeptides should be run
INFO     20/07 16:01:09   Running antismash.modules.lassopeptides
DEBUG    20/07 16:01:10   Lassopeptide module marked 0 motifs
DEBUG    20/07 16:01:10   Checking if antismash.modules.nrps_pks should be run
INFO     20/07 16:01:10   Running antismash.modules.nrps_pks
DEBUG    20/07 16:01:10   Checking if antismash.modules.pfam2go should be run
INFO     20/07 16:01:10   Running antismash.modules.pfam2go
DEBUG    20/07 16:01:10   Checking if antismash.modules.rrefinder should be run
INFO     20/07 16:01:10   Running antismash.modules.rrefinder
DEBUG    20/07 16:01:10   Checking if antismash.modules.sactipeptides should be run
INFO     20/07 16:01:10   Running antismash.modules.sactipeptides
DEBUG    20/07 16:01:10   Found no sactipeptide motifs
DEBUG    20/07 16:01:11   Checking if antismash.modules.t2pks should be run
INFO     20/07 16:01:11   Running antismash.modules.t2pks
DEBUG    20/07 16:01:11   No type II PKS clusters to analyze
DEBUG    20/07 16:01:11   Checking if antismash.modules.tfbs_finder should be run
INFO     20/07 16:01:11   Running antismash.modules.tfbs_finder
DEBUG    20/07 16:01:11   Checking if antismash.modules.thiopeptides should be run
INFO     20/07 16:01:11   Running antismash.modules.thiopeptides
DEBUG    20/07 16:01:11   Thiopeptides marked 0 motifs
DEBUG    20/07 16:01:12   Checking if antismash.modules.tta should be run
INFO     20/07 16:01:12   Running antismash.modules.tta
INFO     20/07 16:01:12   Detecting TTA codons
DEBUG    20/07 16:01:12   GC content: 66%
DEBUG    20/07 16:01:12   Detected 0 TTA codons
INFO     20/07 16:01:12   Analysing record: NZ_PJON01000010.1
INFO     20/07 16:01:12   Detecting secondary metabolite clusters
DEBUG    20/07 16:01:12   Checking if antismash.detection.hmm_detection should be run
INFO     20/07 16:01:12   Running antismash.detection.hmm_detection
INFO     20/07 16:01:12   HMM detection using strictness: relaxed
DEBUG    20/07 16:01:13   0 rule-based cluster(s) found in record
DEBUG    20/07 16:01:13   0 protoclusters found
DEBUG    20/07 16:01:13   0 subregions found
INFO     20/07 16:01:13   No regions detected, skipping record
INFO     20/07 16:01:13   Analysing record: NZ_PJON01000002.1
INFO     20/07 16:01:13   Detecting secondary metabolite clusters
DEBUG    20/07 16:01:13   Checking if antismash.detection.hmm_detection should be run
INFO     20/07 16:01:13   Running antismash.detection.hmm_detection
INFO     20/07 16:01:13   HMM detection using strictness: relaxed
DEBUG    20/07 16:01:16   0 rule-based cluster(s) found in record
DEBUG    20/07 16:01:16   0 protoclusters found
DEBUG    20/07 16:01:16   0 subregions found
INFO     20/07 16:01:16   No regions detected, skipping record
INFO     20/07 16:01:16   Analysing record: NZ_PJON01000003.1
INFO     20/07 16:01:16   Detecting secondary metabolite clusters
DEBUG    20/07 16:01:16   Checking if antismash.detection.hmm_detection should be run
INFO     20/07 16:01:16   Running antismash.detection.hmm_detection
INFO     20/07 16:01:16   HMM detection using strictness: relaxed
DEBUG    20/07 16:01:18   0 rule-based cluster(s) found in record
DEBUG    20/07 16:01:18   0 protoclusters found
DEBUG    20/07 16:01:18   0 subregions found
INFO     20/07 16:01:18   No regions detected, skipping record
INFO     20/07 16:01:18   Analysing record: NZ_PJON01000004.1
INFO     20/07 16:01:18   Detecting secondary metabolite clusters
DEBUG    20/07 16:01:18   Checking if antismash.detection.hmm_detection should be run
INFO     20/07 16:01:18   Running antismash.detection.hmm_detection
INFO     20/07 16:01:18   HMM detection using strictness: relaxed
DEBUG    20/07 16:01:19   0 rule-based cluster(s) found in record
DEBUG    20/07 16:01:20   0 protoclusters found
DEBUG    20/07 16:01:20   0 subregions found
INFO     20/07 16:01:20   No regions detected, skipping record
INFO     20/07 16:01:20   Analysing record: NZ_PJON01000005.1
INFO     20/07 16:01:20   Detecting secondary metabolite clusters
DEBUG    20/07 16:01:20   Checking if antismash.detection.hmm_detection should be run
INFO     20/07 16:01:20   Running antismash.detection.hmm_detection
INFO     20/07 16:01:20   HMM detection using strictness: relaxed
DEBUG    20/07 16:01:21   0 rule-based cluster(s) found in record
DEBUG    20/07 16:01:21   0 protoclusters found
DEBUG    20/07 16:01:21   0 subregions found
INFO     20/07 16:01:21   No regions detected, skipping record
INFO     20/07 16:01:21   Analysing record: NZ_PJON01000006.1
INFO     20/07 16:01:21   Detecting secondary metabolite clusters
DEBUG    20/07 16:01:21   Checking if antismash.detection.hmm_detection should be run
INFO     20/07 16:01:21   Running antismash.detection.hmm_detection
INFO     20/07 16:01:21   HMM detection using strictness: relaxed
DEBUG    20/07 16:01:22   0 rule-based cluster(s) found in record
DEBUG    20/07 16:01:22   0 protoclusters found
DEBUG    20/07 16:01:22   0 subregions found
INFO     20/07 16:01:22   No regions detected, skipping record
INFO     20/07 16:01:22   Analysing record: NZ_PJON01000007.1
INFO     20/07 16:01:22   Detecting secondary metabolite clusters
DEBUG    20/07 16:01:22   Checking if antismash.detection.hmm_detection should be run
INFO     20/07 16:01:22   Running antismash.detection.hmm_detection
INFO     20/07 16:01:22   HMM detection using strictness: relaxed
DEBUG    20/07 16:01:23   1 rule-based cluster(s) found in record
DEBUG    20/07 16:01:23   1 protoclusters found
DEBUG    20/07 16:01:23   0 subregions found
INFO     20/07 16:01:23   1 region(s) detected in record
DEBUG    20/07 16:01:23   Checking if antismash.detection.cluster_hmmer should be run
INFO     20/07 16:01:23   Running antismash.detection.cluster_hmmer
INFO     20/07 16:01:23   Running cluster PFAM search
DEBUG    20/07 16:01:34   Adding detection results from antismash.detection.cluster_hmmer to record
DEBUG    20/07 16:01:34   Checking if antismash.detection.genefunctions should be run
INFO     20/07 16:01:34   Running antismash.detection.genefunctions
DEBUG    20/07 16:01:35   Adding detection results from antismash.detection.genefunctions to record
DEBUG    20/07 16:01:35   annotating CDS features with resist info: 0 CDSes
DEBUG    20/07 16:01:35   annotating CDS features with smcogs info: 7 CDSes
DEBUG    20/07 16:01:35   Checking if antismash.detection.nrps_pks_domains should be run
INFO     20/07 16:01:35   Running antismash.detection.nrps_pks_domains
DEBUG    20/07 16:01:35   Marking NRPS/PKS CDS features and domains in clusters
DEBUG    20/07 16:01:35   Adding detection results from antismash.detection.nrps_pks_domains to record
DEBUG    20/07 16:01:35   Checking if antismash.detection.tigrfam should be run
INFO     20/07 16:01:35   Running antismash.detection.tigrfam
INFO     20/07 16:01:35   Running TIGRFam search
DEBUG    20/07 16:01:38   Adding detection results from antismash.detection.tigrfam to record
DEBUG    20/07 16:01:38   Checking if antismash.modules.active_site_finder should be run
INFO     20/07 16:01:38   Running antismash.modules.active_site_finder
DEBUG    20/07 16:01:38   Checking if antismash.modules.cluster_compare should be run
INFO     20/07 16:01:38   Running antismash.modules.cluster_compare
DEBUG    20/07 16:01:38   Loading comparison database: MIBiG
DEBUG    20/07 16:01:38   Comparison database loaded
INFO     20/07 16:01:38   Comparing regions to reference database
DEBUG    20/07 16:01:39   Checking if antismash.modules.clusterblast should be run
INFO     20/07 16:01:39   Running antismash.modules.clusterblast
INFO     20/07 16:01:39   Finding internal homologs in each gene cluster...
INFO     20/07 16:01:40   Running ClusterBlast
INFO     20/07 16:01:40   ClusterBlast: Loading gene cluster database into memory...
INFO     20/07 16:01:41   ClusterBlast: Loading gene cluster database proteins into memory...
INFO     20/07 16:01:52   Comparing regions to reference database
INFO     20/07 16:02:45   Running subcluster search
INFO     20/07 16:02:45   SubClusterBlast: Loading gene cluster database into memory...
INFO     20/07 16:02:45   SubClusterBlast: Loading gene cluster database proteins into memory...
INFO     20/07 16:02:46   Running known cluster search
INFO     20/07 16:02:46   KnownClusterBlast: Loading gene cluster database into memory...
INFO     20/07 16:02:46   KnownClusterBlast: Loading gene cluster database proteins into memory...
DEBUG    20/07 16:02:46   Running DIAMOND knowncluster searches..
INFO     20/07 16:02:46   Comparing regions to reference database
DEBUG    20/07 16:02:48   Checking if antismash.modules.lanthipeptides should be run
INFO     20/07 16:02:48   Running antismash.modules.lanthipeptides
DEBUG    20/07 16:02:48   Lanthipeptide module marked 0 motifs
DEBUG    20/07 16:02:49   Checking if antismash.modules.lassopeptides should be run
INFO     20/07 16:02:49   Running antismash.modules.lassopeptides
DEBUG    20/07 16:02:50   Lassopeptide module marked 0 motifs
DEBUG    20/07 16:02:50   Checking if antismash.modules.nrps_pks should be run
INFO     20/07 16:02:50   Running antismash.modules.nrps_pks
DEBUG    20/07 16:02:50   No NRPS or PKS genes found, skipping analysis
DEBUG    20/07 16:02:50   Checking if antismash.modules.pfam2go should be run
INFO     20/07 16:02:50   Running antismash.modules.pfam2go
DEBUG    20/07 16:02:50   Checking if antismash.modules.rrefinder should be run
INFO     20/07 16:02:50   Running antismash.modules.rrefinder
DEBUG    20/07 16:02:50   Checking if antismash.modules.sactipeptides should be run
INFO     20/07 16:02:50   Running antismash.modules.sactipeptides
DEBUG    20/07 16:02:50   Found no sactipeptide motifs
DEBUG    20/07 16:02:51   Checking if antismash.modules.t2pks should be run
INFO     20/07 16:02:51   Running antismash.modules.t2pks
DEBUG    20/07 16:02:51   No type II PKS clusters to analyze
DEBUG    20/07 16:02:51   Checking if antismash.modules.tfbs_finder should be run
INFO     20/07 16:02:51   Running antismash.modules.tfbs_finder
DEBUG    20/07 16:02:51   Checking if antismash.modules.thiopeptides should be run
INFO     20/07 16:02:51   Running antismash.modules.thiopeptides
DEBUG    20/07 16:02:51   Thiopeptides marked 0 motifs
DEBUG    20/07 16:02:53   Checking if antismash.modules.tta should be run
INFO     20/07 16:02:53   Running antismash.modules.tta
INFO     20/07 16:02:53   Skipping TTA codon detection, GC content too low: 64%
INFO     20/07 16:02:53   Analysing record: NZ_PJON01000008.1
INFO     20/07 16:02:53   Detecting secondary metabolite clusters
DEBUG    20/07 16:02:53   Checking if antismash.detection.hmm_detection should be run
INFO     20/07 16:02:53   Running antismash.detection.hmm_detection
INFO     20/07 16:02:53   HMM detection using strictness: relaxed
DEBUG    20/07 16:02:53   0 rule-based cluster(s) found in record
DEBUG    20/07 16:02:53   0 protoclusters found
DEBUG    20/07 16:02:53   0 subregions found
INFO     20/07 16:02:53   No regions detected, skipping record
INFO     20/07 16:02:53   Analysing record: NZ_PJON01000009.1
INFO     20/07 16:02:53   Detecting secondary metabolite clusters
DEBUG    20/07 16:02:53   Checking if antismash.detection.hmm_detection should be run
INFO     20/07 16:02:53   Running antismash.detection.hmm_detection
INFO     20/07 16:02:53   HMM detection using strictness: relaxed
DEBUG    20/07 16:02:53   0 rule-based cluster(s) found in record
DEBUG    20/07 16:02:53   0 protoclusters found
DEBUG    20/07 16:02:53   0 subregions found
INFO     20/07 16:02:53   No regions detected, skipping record
DEBUG    20/07 16:02:53   Writing json results to '/data/antismash/upload/bacteria-6459e792-28cc-4255-ab79-226d0aac5869/GCF_002900975.1_Tabrizicola_aquatica_RCRI19.json'
DEBUG    20/07 16:02:54   Record NZ_PJON01000001.1 has results for modules: hmm_detection, cluster_hmmer, genefunctions, nrps_pks_domains, tigrfam, active_site_finder, cluster_compare, clusterblast, lanthipeptides, lassopeptides, nrps_pks, pfam2go, rrefinder, sactipeptides, t2pks, tfbs_finder, thiopeptides
DEBUG    20/07 16:02:54   Converting antismash.detection.hmm_detection results to json
DEBUG    20/07 16:02:54   Converting antismash.detection.cluster_hmmer results to json
DEBUG    20/07 16:02:54   Converting antismash.detection.genefunctions results to json
DEBUG    20/07 16:02:54   Converting antismash.detection.nrps_pks_domains results to json
DEBUG    20/07 16:02:54   Converting antismash.detection.tigrfam results to json
DEBUG    20/07 16:02:54   Converting antismash.modules.active_site_finder results to json
DEBUG    20/07 16:02:54   Converting antismash.modules.cluster_compare results to json
DEBUG    20/07 16:02:54   Converting antismash.modules.clusterblast results to json
DEBUG    20/07 16:02:54   Converting antismash.modules.lanthipeptides results to json
DEBUG    20/07 16:02:54   Converting antismash.modules.lassopeptides results to json
DEBUG    20/07 16:02:54   Converting antismash.modules.nrps_pks results to json
DEBUG    20/07 16:02:54   Converting antismash.modules.pfam2go results to json
DEBUG    20/07 16:02:54   Converting antismash.modules.rrefinder results to json
DEBUG    20/07 16:02:54   Converting antismash.modules.sactipeptides results to json
DEBUG    20/07 16:02:54   Converting antismash.modules.t2pks results to json
DEBUG    20/07 16:02:54   Converting antismash.modules.tfbs_finder results to json
DEBUG    20/07 16:02:54   Converting antismash.modules.thiopeptides results to json
DEBUG    20/07 16:02:54   Converting antismash.modules.tta results to json
DEBUG    20/07 16:02:54   Record NZ_PJON01000010.1 has results for modules: hmm_detection
DEBUG    20/07 16:02:54   Converting antismash.detection.hmm_detection results to json
DEBUG    20/07 16:02:54   Record NZ_PJON01000002.1 has results for modules: hmm_detection
DEBUG    20/07 16:02:54   Converting antismash.detection.hmm_detection results to json
DEBUG    20/07 16:02:54   Record NZ_PJON01000003.1 has results for modules: hmm_detection
DEBUG    20/07 16:02:54   Converting antismash.detection.hmm_detection results to json
DEBUG    20/07 16:02:54   Record NZ_PJON01000004.1 has results for modules: hmm_detection
DEBUG    20/07 16:02:54   Converting antismash.detection.hmm_detection results to json
DEBUG    20/07 16:02:54   Record NZ_PJON01000005.1 has results for modules: hmm_detection
DEBUG    20/07 16:02:54   Converting antismash.detection.hmm_detection results to json
DEBUG    20/07 16:02:54   Record NZ_PJON01000006.1 has results for modules: hmm_detection
DEBUG    20/07 16:02:54   Converting antismash.detection.hmm_detection results to json
DEBUG    20/07 16:02:54   Record NZ_PJON01000007.1 has results for modules: hmm_detection, cluster_hmmer, genefunctions, nrps_pks_domains, tigrfam, active_site_finder, cluster_compare, clusterblast, lanthipeptides, lassopeptides, nrps_pks, pfam2go, rrefinder, sactipeptides, t2pks, tfbs_finder, thiopeptides
DEBUG    20/07 16:02:54   Converting antismash.detection.hmm_detection results to json
DEBUG    20/07 16:02:54   Converting antismash.detection.cluster_hmmer results to json
DEBUG    20/07 16:02:54   Converting antismash.detection.genefunctions results to json
DEBUG    20/07 16:02:54   Converting antismash.detection.nrps_pks_domains results to json
DEBUG    20/07 16:02:54   Converting antismash.detection.tigrfam results to json
DEBUG    20/07 16:02:54   Converting antismash.modules.active_site_finder results to json
DEBUG    20/07 16:02:54   Converting antismash.modules.cluster_compare results to json
DEBUG    20/07 16:02:54   Converting antismash.modules.clusterblast results to json
DEBUG    20/07 16:02:54   Converting antismash.modules.lanthipeptides results to json
DEBUG    20/07 16:02:54   Converting antismash.modules.lassopeptides results to json
DEBUG    20/07 16:02:54   Converting antismash.modules.nrps_pks results to json
DEBUG    20/07 16:02:54   Converting antismash.modules.pfam2go results to json
DEBUG    20/07 16:02:54   Converting antismash.modules.rrefinder results to json
DEBUG    20/07 16:02:54   Converting antismash.modules.sactipeptides results to json
DEBUG    20/07 16:02:54   Converting antismash.modules.t2pks results to json
DEBUG    20/07 16:02:54   Converting antismash.modules.tfbs_finder results to json
DEBUG    20/07 16:02:54   Converting antismash.modules.thiopeptides results to json
DEBUG    20/07 16:02:54   Converting antismash.modules.tta results to json
DEBUG    20/07 16:02:54   Record NZ_PJON01000008.1 has results for modules: hmm_detection
DEBUG    20/07 16:02:54   Converting antismash.detection.hmm_detection results to json
DEBUG    20/07 16:02:54   Record NZ_PJON01000009.1 has results for modules: hmm_detection
DEBUG    20/07 16:02:54   Converting antismash.detection.hmm_detection results to json
DEBUG    20/07 16:02:54   Annotating record NZ_PJON01000001.1 with results from: hmm_detection, cluster_hmmer, genefunctions, nrps_pks_domains, tigrfam, active_site_finder, cluster_compare, clusterblast, lanthipeptides, lassopeptides, nrps_pks, pfam2go, rrefinder, sactipeptides, t2pks, tfbs_finder, thiopeptides, tta
DEBUG    20/07 16:02:54    Adding results from antismash.modules.active_site_finder
DEBUG    20/07 16:02:54    Adding results from antismash.modules.cluster_compare
DEBUG    20/07 16:02:54    Adding results from antismash.modules.clusterblast
DEBUG    20/07 16:02:54    Adding results from antismash.modules.lanthipeptides
DEBUG    20/07 16:02:54    Adding results from antismash.modules.lassopeptides
DEBUG    20/07 16:02:54    Adding results from antismash.modules.nrps_pks
DEBUG    20/07 16:02:54    Adding results from antismash.modules.pfam2go
DEBUG    20/07 16:02:54    Adding results from antismash.modules.rrefinder
DEBUG    20/07 16:02:54    Adding results from antismash.modules.sactipeptides
DEBUG    20/07 16:02:54    Adding results from antismash.modules.t2pks
DEBUG    20/07 16:02:54    Adding results from antismash.modules.tfbs_finder
DEBUG    20/07 16:02:54    Adding results from antismash.modules.thiopeptides
DEBUG    20/07 16:02:54    Adding results from antismash.modules.tta
DEBUG    20/07 16:02:54   Not annotating skipped record NZ_PJON01000010.1: No regions detected
DEBUG    20/07 16:02:54   Not annotating skipped record NZ_PJON01000002.1: No regions detected
DEBUG    20/07 16:02:54   Not annotating skipped record NZ_PJON01000003.1: No regions detected
DEBUG    20/07 16:02:54   Not annotating skipped record NZ_PJON01000004.1: No regions detected
DEBUG    20/07 16:02:54   Not annotating skipped record NZ_PJON01000005.1: No regions detected
DEBUG    20/07 16:02:54   Not annotating skipped record NZ_PJON01000006.1: No regions detected
DEBUG    20/07 16:02:54   Annotating record NZ_PJON01000007.1 with results from: hmm_detection, cluster_hmmer, genefunctions, nrps_pks_domains, tigrfam, active_site_finder, cluster_compare, clusterblast, lanthipeptides, lassopeptides, nrps_pks, pfam2go, rrefinder, sactipeptides, t2pks, tfbs_finder, thiopeptides, tta
DEBUG    20/07 16:02:54    Adding results from antismash.modules.active_site_finder
DEBUG    20/07 16:02:54    Adding results from antismash.modules.cluster_compare
DEBUG    20/07 16:02:54    Adding results from antismash.modules.clusterblast
DEBUG    20/07 16:02:54    Adding results from antismash.modules.lanthipeptides
DEBUG    20/07 16:02:54    Adding results from antismash.modules.lassopeptides
DEBUG    20/07 16:02:54    Adding results from antismash.modules.nrps_pks
DEBUG    20/07 16:02:54    Adding results from antismash.modules.pfam2go
DEBUG    20/07 16:02:54    Adding results from antismash.modules.rrefinder
DEBUG    20/07 16:02:54    Adding results from antismash.modules.sactipeptides
DEBUG    20/07 16:02:54    Adding results from antismash.modules.t2pks
DEBUG    20/07 16:02:54    Adding results from antismash.modules.tfbs_finder
DEBUG    20/07 16:02:54    Adding results from antismash.modules.thiopeptides
DEBUG    20/07 16:02:54    Adding results from antismash.modules.tta
DEBUG    20/07 16:02:54   Not annotating skipped record NZ_PJON01000008.1: No regions detected
DEBUG    20/07 16:02:54   Not annotating skipped record NZ_PJON01000009.1: No regions detected
DEBUG    20/07 16:02:54   Creating results page
DEBUG    20/07 16:02:54   Results page using antismash.js from local copy: /databases/as-js/0.13/antismash.js
DEBUG    20/07 16:02:55   Creating results SVGs
DEBUG    20/07 16:02:55   Writing seq_records SVGs to '/data/antismash/upload/bacteria-6459e792-28cc-4255-ab79-226d0aac5869/svg'
DEBUG    20/07 16:02:55   Writing cluster-specific genbank files
DEBUG    20/07 16:02:56   Writing final genbank file to '/data/antismash/upload/bacteria-6459e792-28cc-4255-ab79-226d0aac5869/GCF_002900975.1_Tabrizicola_aquatica_RCRI19.gbk'
DEBUG    20/07 16:02:56   Zipping output to '/data/antismash/upload/bacteria-6459e792-28cc-4255-ab79-226d0aac5869/GCF_002900975.1_Tabrizicola_aquatica_RCRI19.zip'
