[16:48:56] This is prokka 1.14.6
[16:48:56] Written by Torsten Seemann <torsten.seemann@gmail.com>
[16:48:56] Homepage is https://github.com/tseemann/prokka
[16:48:56] Local time is Mon Dec  5 16:48:56 2022
[16:48:56] You are shaday
[16:48:56] Operating system is linux
[16:48:56] You have BioPerl 1.7.8
[16:48:56] System has 32 cores.
[16:48:56] Will use maximum of 20 cores.
[16:48:56] Annotating as >>> Bacteria <<<
[16:48:56] Generating locus_tag from 'Rhodobacteraceae/GCF_003034995.1_ASM303499v1_genomic.fna' contents.
[16:48:56] Setting --locustag PHGFGAAC from MD5 910f0aacefde995be1a2db8eab76470f
[16:48:56] Creating new output folder: gbk/DSM11550
[16:48:56] Running: mkdir -p gbk\/DSM11550
[16:48:56] Using filename prefix: GCF_003034995.1.prokka.XXX
[16:48:56] Setting HMMER_NCPU=1
[16:48:56] Writing log to: gbk/DSM11550/GCF_003034995.1.prokka.log
[16:48:56] Command: /opt/anaconda3/envs/Prokka_Global/bin/prokka --prefix GCF_003034995.1.prokka --outdir gbk/DSM11550 --kingdom Bacteria --genus Phaeovulum --species veldkampii --strain DSM11550 --usegenus --addgenes Rhodobacteraceae/GCF_003034995.1_ASM303499v1_genomic.fna --cpus 20
[16:48:56] Appending to PATH: /opt/anaconda3/envs/Prokka_Global/bin
[16:48:56] Looking for 'aragorn' - found /opt/anaconda3/envs/Prokka_Global/bin/aragorn
[16:48:56] Determined aragorn version is 001002 from 'ARAGORN v1.2.41 Dean Laslett'
[16:48:56] Looking for 'barrnap' - found /opt/anaconda3/envs/Prokka_Global/bin/barrnap
[16:48:56] Determined barrnap version is 000009 from 'barrnap 0.9'
[16:48:56] Looking for 'blastp' - found /opt/anaconda3/envs/Prokka_Global/bin/blastp
[16:48:56] Determined blastp version is 002012 from 'blastp: 2.12.0+'
[16:48:56] Looking for 'cmpress' - found /opt/anaconda3/envs/Prokka_Global/bin/cmpress
[16:48:56] Determined cmpress version is 001001 from '# INFERNAL 1.1.4 (Dec 2020)'
[16:48:56] Looking for 'cmscan' - found /opt/anaconda3/envs/Prokka_Global/bin/cmscan
[16:48:56] Determined cmscan version is 001001 from '# INFERNAL 1.1.4 (Dec 2020)'
[16:48:56] Looking for 'egrep' - found /usr/bin/egrep
[16:48:56] Looking for 'find' - found /usr/bin/find
[16:48:56] Looking for 'grep' - found /usr/bin/grep
[16:48:56] Looking for 'hmmpress' - found /opt/anaconda3/envs/Prokka_Global/bin/hmmpress
[16:48:56] Determined hmmpress version is 003003 from '# HMMER 3.3.2 (Nov 2020); http://hmmer.org/'
[16:48:56] Looking for 'hmmscan' - found /opt/anaconda3/envs/Prokka_Global/bin/hmmscan
[16:48:56] Determined hmmscan version is 003003 from '# HMMER 3.3.2 (Nov 2020); http://hmmer.org/'
[16:48:56] Looking for 'java' - found /opt/anaconda3/envs/Prokka_Global/bin/java
[16:48:56] Looking for 'makeblastdb' - found /opt/anaconda3/envs/Prokka_Global/bin/makeblastdb
[16:48:56] Determined makeblastdb version is 002012 from 'makeblastdb: 2.12.0+'
[16:48:56] Looking for 'minced' - found /opt/anaconda3/envs/Prokka_Global/bin/minced
[16:48:56] Determined minced version is 004002 from 'minced 0.4.2'
[16:48:56] Looking for 'parallel' - found /opt/anaconda3/envs/Prokka_Global/bin/parallel
[16:48:56] Determined parallel version is 20220222 from 'GNU parallel 20220222'
[16:48:56] Looking for 'prodigal' - found /opt/anaconda3/envs/Prokka_Global/bin/prodigal
[16:48:56] Determined prodigal version is 002006 from 'Prodigal V2.6.3: February, 2016'
[16:48:56] Looking for 'prokka-genbank_to_fasta_db' - found /opt/anaconda3/envs/Prokka_Global/bin/prokka-genbank_to_fasta_db
[16:48:56] Looking for 'sed' - found /usr/bin/sed
[16:48:56] Looking for 'tbl2asn' - found /opt/anaconda3/envs/Prokka_Global/bin/tbl2asn
[16:48:56] Determined tbl2asn version is 025007 from 'tbl2asn 25.7   arguments:'
[16:48:56] Using genetic code table 11.
[16:48:56] Loading and checking input file: Rhodobacteraceae/GCF_003034995.1_ASM303499v1_genomic.fna
[16:48:56] Wrote 160 contigs totalling 3264455 bp.
[16:48:56] Predicting tRNAs and tmRNAs
[16:48:56] Running: aragorn -l -gc11  -w gbk\/DSM11550\/GCF_003034995\.1\.prokka\.fna
[16:48:58] 1 tmRNA* [17341,17671] 202,240 ANDNRAPVALAA*
[16:48:58] 2 tRNA-Gly [182073,182146] 34 (gcc)
[16:48:58] 1 tRNA-Thr [138471,138546] 34 (tgt)
[16:48:58] 1 tRNA-Leu [3762,3845] 34 (caa)
[16:48:58] 2 tRNA-Ser c[33923,34012] 35 (cga)
[16:48:58] 1 tRNA-Val [43165,43239] 33 (gac)
[16:48:58] 1 tRNA-Lys c[58727,58802] 34 (ttt)
[16:48:58] 2 tRNA-Leu c[94715,94799] 35 (cag)
[16:48:58] 3 tRNA-Arg c[112588,112663] 34 (cct)
[16:48:58] 1 tRNA-Pro c[4426,4503] 36 (ggg)
[16:48:58] 1 tRNA-Leu [10668,10753] 34 (taa)
[16:48:58] 2 tRNA-Gly [15854,15927] 33 (tcc)
[16:48:58] 3 tRNA-Met [29960,30036] 35 (cat)
[16:48:58] 4 tRNA-Ser [42889,42969] 40 (gct)
[16:48:58] 1 tRNA-Met c[7434,7509] 34 (cat)
[16:48:58] 2 tRNA-Tyr c[7929,8012] 33 (gta)
[16:48:58] 3 tRNA-Pro [102763,102839] 35 (tgg)
[16:48:58] 1 tRNA-Arg [55776,55852] 35 (acg)
[16:48:58] 1 tRNA-Asn c[6283,6357] 33 (gtt)
[16:48:58] 2 tRNA-Val [13068,13142] 33 (cac)
[16:48:58] 3 tRNA-Val [19373,19448] 34 (tac)
[16:48:58] 1 tRNA-Thr c[20788,20863] 34 (cgt)
[16:48:58] 1 tRNA-Thr c[1496,1570] 33 (ggt)
[16:48:58] 1 tRNA-Gly [11831,11904] 33 (ccc)
[16:48:58] 2 tRNA-Gln [51165,51239] 33 (ttg)
[16:48:58] 3 tRNA-Ala c[51747,51822] 34 (cgc)
[16:48:58] 1 tRNA-Pro [29431,29507] 35 (cgg)
[16:48:58] 1 tRNA-Glu c[13446,13520] 34 (ttc)
[16:48:58] 2 tRNA-His [36297,36373] 35 (gtg)
[16:48:58] 3 tRNA-Ser c[41013,41100] 35 (tga)
[16:48:58] 4 tRNA-Ser [52937,53026] 35 (gct)
[16:48:58] 1 tRNA-Phe c[2678,2753] 34 (gaa)
[16:48:58] 2 tRNA-Arg c[23063,23153] 33 (acg)
[16:48:58] 3 tRNA-Gly c[25067,25141] 33 (gcc)
[16:48:58] 1 tRNA-Ala [37723,37798] 34 (ggc)
[16:48:58] 1 tRNA-Cys [32124,32197] 33 (gca)
[16:48:58] 1 tRNA-Arg c[3026,3102] 35 (ccg)
[16:48:58] 1 tRNA-Asp c[23371,23447] 35 (gtc)
[16:48:58] 2 tRNA-Asp c[23489,23565] 35 (gtc)
[16:48:58] 1 tRNA-Gly c[27113,27207] 35 (gcc)
[16:48:58] 1 tRNA-Met [22187,22262] 34 (cat)
[16:48:58] 1 tRNA-Leu [18187,18273] 35 (gag)
[16:48:58] 1 tRNA-Arg c[1034,1110] 35 (tct)
[16:48:58] 1 tRNA-Trp c[16787,16862] 34 (cca)
[16:48:58] 1 tRNA-Ser c[10524,10613] 35 (gga)
[16:48:58] 1 tRNA-Leu c[3253,3338] 35 (tag)
[16:48:58] 1 tRNA-Ala c[3344,3419] 34 (tgc)
[16:48:58] 2 tRNA-Ile c[3430,3506] 35 (gat)
[16:48:58] Found 48 tRNAs
[16:48:58] Predicting Ribosomal RNAs
[16:48:58] Running Barrnap with 20 threads
[16:48:58] 1 NZ_PZKF01000079.1 86 5S ribosomal RNA
[16:48:58] 2 NZ_PZKF01000079.1 273 23S ribosomal RNA
[16:48:58] 3 NZ_PZKF01000079.1 3737 16S ribosomal RNA (partial)
[16:48:58] 4 NZ_PZKF01000132.1 1 16S ribosomal RNA (partial)
[16:48:58] 5 NZ_PZKF01000137.1 1 16S ribosomal RNA (partial)
[16:48:58] Found 5 rRNAs
[16:48:58] Skipping ncRNA search, enable with --rfam if desired.
[16:48:58] Total of 52 tRNA + rRNA features
[16:48:58] Searching for CRISPR repeats
[16:48:59] CRISPR1 NZ_PZKF01000054.1 2653 with 5 spacers
[16:48:59] Found 1 CRISPRs
[16:48:59] Predicting coding sequences
[16:48:59] Contigs total 3264455 bp, so using single mode
[16:48:59] Running: prodigal -i gbk\/DSM11550\/GCF_003034995\.1\.prokka\.fna -c -m -g 11 -p single -f sco -q
[16:49:01] Excluding CDS which overlaps existing RNA (tRNA) at NZ_PZKF01000001.1:181229..182131 on + strand
[16:49:01] Excluding CDS which overlaps existing RNA (tRNA) at NZ_PZKF01000007.1:41957..43513 on + strand
[16:49:02] Excluding CDS which overlaps existing RNA (tRNA) at NZ_PZKF01000020.1:22477..23196 on - strand
[16:49:02] Excluding CDS which overlaps existing RNA (tRNA) at NZ_PZKF01000033.1:26115..27281 on - strand
[16:49:02] Excluding CDS which overlaps existing RNA (repeat_region) at NZ_PZKF01000054.1:2567..3214 on - strand
[16:49:02] Found 3149 CDS
[16:49:02] Connecting features back to sequences
[16:49:02] Skipping genus-specific proteins as can't see /opt/anaconda3/envs/Prokka_Global/db/Phaeovulum
[16:49:02] Annotating CDS, please be patient.
[16:49:02] Will use 20 CPUs for similarity searching.
[16:49:03] There are still 3149 unannotated CDS left (started with 3149)
[16:49:03] Will use blast to search against /opt/anaconda3/envs/Prokka_Global/db/kingdom/Bacteria/IS with 20 CPUs
[16:49:03] Running: cat gbk\/DSM11550\/GCF_003034995\.1\.prokka\.IS\.tmp\.701652\.faa | parallel --gnu --plain -j 20 --block 24639 --recstart '>' --pipe blastp -query - -db /opt/anaconda3/envs/Prokka_Global/db/kingdom/Bacteria/IS -evalue 1e-30 -qcov_hsp_perc 90 -num_threads 1 -num_descriptions 1 -num_alignments 1 -seg no > gbk\/DSM11550\/GCF_003034995\.1\.prokka\.IS\.tmp\.701652\.blast 2> /dev/null
[16:49:06] Deleting unwanted file: gbk/DSM11550/GCF_003034995.1.prokka.IS.tmp.701652.faa
[16:49:06] Deleting unwanted file: gbk/DSM11550/GCF_003034995.1.prokka.IS.tmp.701652.blast
[16:49:07] There are still 3101 unannotated CDS left (started with 3149)
[16:49:07] Will use blast to search against /opt/anaconda3/envs/Prokka_Global/db/kingdom/Bacteria/AMR with 20 CPUs
[16:49:07] Running: cat gbk\/DSM11550\/GCF_003034995\.1\.prokka\.AMR\.tmp\.701652\.faa | parallel --gnu --plain -j 20 --block 24287 --recstart '>' --pipe blastp -query - -db /opt/anaconda3/envs/Prokka_Global/db/kingdom/Bacteria/AMR -evalue 1e-300 -qcov_hsp_perc 90 -num_threads 1 -num_descriptions 1 -num_alignments 1 -seg no > gbk\/DSM11550\/GCF_003034995\.1\.prokka\.AMR\.tmp\.701652\.blast 2> /dev/null
[16:49:09] Deleting unwanted file: gbk/DSM11550/GCF_003034995.1.prokka.AMR.tmp.701652.faa
[16:49:09] Deleting unwanted file: gbk/DSM11550/GCF_003034995.1.prokka.AMR.tmp.701652.blast
[16:49:10] There are still 3101 unannotated CDS left (started with 3149)
[16:49:10] Will use blast to search against /opt/anaconda3/envs/Prokka_Global/db/kingdom/Bacteria/sprot with 20 CPUs
[16:49:10] Running: cat gbk\/DSM11550\/GCF_003034995\.1\.prokka\.sprot\.tmp\.701652\.faa | parallel --gnu --plain -j 20 --block 24287 --recstart '>' --pipe blastp -query - -db /opt/anaconda3/envs/Prokka_Global/db/kingdom/Bacteria/sprot -evalue 1e-09 -qcov_hsp_perc 80 -num_threads 1 -num_descriptions 1 -num_alignments 1 -seg no > gbk\/DSM11550\/GCF_003034995\.1\.prokka\.sprot\.tmp\.701652\.blast 2> /dev/null
[16:49:21] Modify product: Uncharacterized FAD-linked oxidoreductase Rv2280 => putative FAD-linked oxidoreductase
[16:49:21] Modify product: UPF0301 protein VC_0467 => hypothetical protein
[16:49:21] Modify product: Putative formate dehydrogenase SA2102 => Putative formate dehydrogenase
[16:49:21] Modify product: Uncharacterized protein Rv1276c => putative protein
[16:49:21] Modify product: Uncharacterized amino acid permease YhdG => putative amino acid permease YhdG
[16:49:21] Modify product: Uncharacterized oxidoreductase Rv1144 => putative oxidoreductase
[16:49:21] Modify product: Probable manganese-dependent inorganic pyrophosphatase => putative manganese-dependent inorganic pyrophosphatase
[16:49:21] Modify product: Bifunctional protein FolD => Bifunctional protein FolD protein
[16:49:21] Modify product: Probable ribonucleotide transport ATP-binding protein mkl => putative ribonucleotide transport ATP-binding protein mkl
[16:49:21] Modify product: Putative multidrug export ATP-binding/permease protein SAV1866 => Putative multidrug export ATP-binding/permease protein
[16:49:21] Modify product: Uncharacterized ABC transporter ATP-binding protein YejF => putative ABC transporter ATP-binding protein YejF
[16:49:21] Modify product: Cytochrome c oxidase subunit 1 homolog, bacteroid => Cytochrome c oxidase subunit 1 , bacteroid
[16:49:21] Modify product: Probable copper-transporting ATPase PacS => putative copper-transporting ATPase PacS
[16:49:21] Modify product: Probable GTP-binding protein EngB => putative GTP-binding protein EngB
[16:49:21] Modify product: Solute-binding protein Rfer_1840 => Solute-binding protein
[16:49:21] Modify product: Uncharacterized oxidoreductase Rv2073c => putative oxidoreductase
[16:49:21] Modify product: Probable succinyl-CoA:3-ketoacid coenzyme A transferase subunit B => putative succinyl-CoA:3-ketoacid coenzyme A transferase subunit B
[16:49:21] Modify product: Probable succinyl-CoA:3-ketoacid coenzyme A transferase subunit A => putative succinyl-CoA:3-ketoacid coenzyme A transferase subunit A
[16:49:21] Modify product: Uncharacterized zinc protease Rv2782c => putative zinc protease
[16:49:21] Modify product: Uncharacterized FAD-linked oxidoreductase Rv2280 => putative FAD-linked oxidoreductase
[16:49:21] Modify product: Putative anti-sigma factor antagonist TM_1442 => Putative anti-sigma factor antagonist
[16:49:21] Modify product: UPF0434 protein NMA0874 => hypothetical protein
[16:49:21] Modify product: Solute-binding protein Dde_0634 => Solute-binding protein
[16:49:21] Modify product: Probable membrane transporter protein YfcA => putative membrane transporter protein YfcA
[16:49:21] Modify product: Uncharacterized ABC transporter ATP-binding protein YejF => putative ABC transporter ATP-binding protein YejF
[16:49:21] Modify product: Uncharacterized protein RP812 => putative protein RP812
[16:49:21] Modify product: Probable ABC transporter ATP-binding/permease protein HI_0664 => putative ABC transporter ATP-binding/permease protein
[16:49:21] Modify product: Probable protein kinase UbiB => putative protein kinase UbiB
[16:49:21] Modify product: Probable enoyl-CoA hydratase echA8 => putative enoyl-CoA hydratase echA8
[16:49:21] Modify product: Uncharacterized zinc protease Rv2782c => putative zinc protease
[16:49:21] Modify product: Uncharacterized zinc protease Rv2782c => putative zinc protease
[16:49:21] Modify product: NAD(P)H-dependent FMN reductase PA1204 => NAD(P)H-dependent FMN reductase
[16:49:21] Modify product: Probable 3-hydroxyisobutyrate dehydrogenase => putative 3-hydroxyisobutyrate dehydrogenase
[16:49:21] Modify product: Probable enoyl-CoA hydratase echA8 => putative enoyl-CoA hydratase echA8
[16:49:21] Modify product: Uncharacterized ABC transporter ATP-binding protein Rv0986 => putative ABC transporter ATP-binding protein
[16:49:21] Modify product: Putative multidrug export ATP-binding/permease protein SAV1866 => Putative multidrug export ATP-binding/permease protein
[16:49:21] Modify product: Probable peptidoglycan D,D-transpeptidase FtsI => putative peptidoglycan D,D-transpeptidase FtsI
[16:49:21] Modify product: Probable peptidoglycan glycosyltransferase FtsW => putative peptidoglycan glycosyltransferase FtsW
[16:49:21] Modify product: Leu/Ile/Val-binding protein homolog 3 => Leu/Ile/Val-binding protein 
[16:49:21] Modify product: UPF0053 inner membrane protein YfjD => hypothetical protein
[16:49:21] Modify product: UPF0758 protein => hypothetical protein
[16:49:21] Modify product: Probable lipoprotein YiaD => putative lipoprotein YiaD
[16:49:21] Modify product: Probable 3-hydroxybutyryl-CoA dehydrogenase => putative 3-hydroxybutyryl-CoA dehydrogenase
[16:49:21] Modify product: UPF0701 protein HI_0467 => hypothetical protein
[16:49:21] Modify product: Glycogen operon protein GlgX homolog => Glycogen operon protein GlgX 
[16:49:21] Modify product: Probable quorum-quenching lactonase YtnP => putative quorum-quenching lactonase YtnP
[16:49:21] Modify product: Putative acyltransferase Rv0859 => Putative acyltransferase
[16:49:21] Modify product: Uncharacterized protein YccU => putative protein YccU
[16:49:21] Modify product: UPF0056 inner membrane protein YhgN => hypothetical protein
[16:49:21] Modify product: Putative phosphoribosyl transferase Rv0571c => Putative phosphoribosyl transferase
[16:49:21] Modify product: Peroxiredoxin sll1621 => Peroxiredoxin
[16:49:21] Modify product: Phosphate-specific transport system accessory protein PhoU homolog => Phosphate-specific transport system accessory protein PhoU 
[16:49:21] Modify product: Probable transcriptional regulatory protein TcrX => putative transcriptional regulatory protein TcrX
[16:49:21] Modify product: UPF0335 protein CCNA_03428 => hypothetical protein
[16:49:21] Modify product: Uncharacterized ABC transporter ATP-binding protein Rv0986 => putative ABC transporter ATP-binding protein
[16:49:21] Modify product: Probable nicotinate-nucleotide pyrophosphorylase [carboxylating] => putative nicotinate-nucleotide pyrophosphorylase [carboxylating]
[16:49:21] Modify product: Probable low molecular weight protein-tyrosine-phosphatase AmsI => putative low molecular weight protein-tyrosine-phosphatase AmsI
[16:49:21] Modify product: Protease HtpX homolog => Protease HtpX 
[16:49:21] Modify product: Probable CtpA-like serine protease => putative CtpA-like serine protease
[16:49:21] Modify product: Uncharacterized protein YcjX => putative protein YcjX
[16:49:21] Modify product: Uncharacterized protein Rv2004c => putative protein
[16:49:21] Modify product: Putative 2-hydroxyacid dehydrogenase SA2098 => Putative 2-hydroxyacid dehydrogenase
[16:49:21] Modify product: Purine-binding protein BAB2_0673 => Purine-binding protein
[16:49:21] Modify product: Uncharacterized protein HI_0933 => putative protein
[16:49:21] Modify product: UPF0126 inner membrane protein YadS => hypothetical protein
[16:49:21] Modify product: Probable dipeptidase PepE => putative dipeptidase PepE
[16:49:21] Modify product: Uncharacterized ABC transporter ATP-binding protein YknY => putative ABC transporter ATP-binding protein YknY
[16:49:21] Modify product: Probable UbiX-like flavin prenyltransferase => putative UbiX-like flavin prenyltransferase
[16:49:21] Modify product: Uncharacterized protease YhbU => putative protease YhbU
[16:49:21] Modify product: Probable efflux pump periplasmic linker TtgA => putative efflux pump periplasmic linker TtgA
[16:49:21] Modify product: Probable riboflavin import permease protein RfuD => putative riboflavin import permease protein RfuD
[16:49:22] Modify product: UPF0394 inner membrane protein YeeE => hypothetical protein
[16:49:22] Modify product: UPF0178 protein YaiI => hypothetical protein
[16:49:22] Modify product: Uncharacterized metal-dependent hydrolase YcfH => putative metal-dependent hydrolase YcfH
[16:49:22] Modify product: Uncharacterized protein HI_0103 => putative protein
[16:49:22] Modify product: Uncharacterized inner membrane transporter YedA => putative inner membrane transporter YedA
[16:49:22] Modify product: Uncharacterized N-acetyltransferase YsnE => putative N-acetyltransferase YsnE
[16:49:22] Modify product: Uncharacterized sugar transferase EpsL => putative sugar transferase EpsL
[16:49:22] Modify product: Uncharacterized protein Rv2411c => putative protein
[16:49:22] Modify product: UPF0173 metal-dependent hydrolase SA1529 => hypothetical protein
[16:49:22] Modify product: Probable D,D-dipeptide transport system permease protein DdpC => putative D,D-dipeptide transport system permease protein DdpC
[16:49:22] Modify product: Probable D,D-dipeptide-binding periplasmic protein DdpA => putative D,D-dipeptide-binding periplasmic protein DdpA
[16:49:22] Modify product: Uncharacterized ABC transporter permease Rv0072 => putative ABC transporter permease
[16:49:22] Modify product: Uncharacterized protein NMB0459 => putative protein
[16:49:22] Modify product: Probable chaperone CsaA => putative chaperone CsaA
[16:49:22] Modify product: Uncharacterized FAD-linked oxidoreductase Rv2280 => putative FAD-linked oxidoreductase
[16:49:22] Modify product: Uncharacterized aminopeptidase Rv1333 => putative aminopeptidase
[16:49:22] Modify product: Phosphate-specific transport system accessory protein PhoU homolog => Phosphate-specific transport system accessory protein PhoU 
[16:49:22] Modify product: Probable lipid II flippase MurJ => putative lipid II flippase MurJ
[16:49:22] Modify product: GTP-binding protein TypA/BipA homolog => GTP-binding protein TypA/BipA 
[16:49:22] Modify product: Uncharacterized protein Rv1278 => putative protein
[16:49:22] Modify product: TelA-like protein SA1238 => TelA-like protein
[16:49:22] Modify product: Probable GTPase Rv1496 => putative GTPase
[16:49:22] Modify product: Uncharacterized glycosyltransferase YkoT => putative glycosyltransferase YkoT
[16:49:22] Modify product: Probable ATP-dependent transporter SufC => putative ATP-dependent transporter SufC
[16:49:22] Modify product: Uncharacterized FAD-linked oxidoreductase Rv2280 => putative FAD-linked oxidoreductase
[16:49:22] Modify product: UPF0102 protein RPA0323 => hypothetical protein
[16:49:22] Modify product: Uncharacterized protein YqeY => putative protein YqeY
[16:49:22] Modify product: Probable phosphite transport system-binding protein PtxB => putative phosphite transport system-binding protein PtxB
[16:49:22] Modify product: Probable transcriptional regulator PhnF => putative transcriptional regulator PhnF
[16:49:22] Modify product: Uncharacterized ABC transporter ATP-binding protein YheS => putative ABC transporter ATP-binding protein YheS
[16:49:22] Modify product: Uncharacterized protein HI_0131 => putative protein
[16:49:22] Modify product: Solute-binding protein Dde_0634 => Solute-binding protein
[16:49:22] Cleaned 103 /product names
[16:49:22] Deleting unwanted file: gbk/DSM11550/GCF_003034995.1.prokka.sprot.tmp.701652.faa
[16:49:22] Deleting unwanted file: gbk/DSM11550/GCF_003034995.1.prokka.sprot.tmp.701652.blast
[16:49:22] There are still 1681 unannotated CDS left (started with 3149)
[16:49:22] Will use hmmer3 to search against /opt/anaconda3/envs/Prokka_Global/db/hmm/HAMAP.hmm with 20 CPUs
[16:49:22] Running: cat gbk\/DSM11550\/GCF_003034995\.1\.prokka\.HAMAP\.hmm\.tmp\.701652\.faa | parallel --gnu --plain -j 20 --block 11715 --recstart '>' --pipe hmmscan --noali --notextw --acc -E 1e-09 --cpu 1 /opt/anaconda3/envs/Prokka_Global/db/hmm/HAMAP.hmm /dev/stdin > gbk\/DSM11550\/GCF_003034995\.1\.prokka\.HAMAP\.hmm\.tmp\.701652\.hmmer3 2> /dev/null
[16:49:32] Modify product: Uncharacterized MFS-type transporter YcaD => putative MFS-type transporter YcaD
[16:49:32] Modify product: Uncharacterized Nudix hydrolase NudL => putative Nudix hydrolase NudL
[16:49:32] Modify product: Uncharacterized Nudix hydrolase NudL => putative Nudix hydrolase NudL
[16:49:32] Cleaned 3 /product names
[16:49:32] Deleting unwanted file: gbk/DSM11550/GCF_003034995.1.prokka.HAMAP.hmm.tmp.701652.faa
[16:49:32] Deleting unwanted file: gbk/DSM11550/GCF_003034995.1.prokka.HAMAP.hmm.tmp.701652.hmmer3
[16:49:32] Labelling remaining 1475 proteins as 'hypothetical protein'
[16:49:32] Possible /pseudo 'Cobyric acid synthase' at NZ_PZKF01000001.1 position 35796
[16:49:32] Possible /pseudo 'Flagellar basal-body rod protein FlgG' at NZ_PZKF01000004.1 position 7088
[16:49:32] Possible /pseudo 'putative zinc protease' at NZ_PZKF01000004.1 position 56692
[16:49:32] Possible /pseudo 'Peptide deformylase' at NZ_PZKF01000005.1 position 7472
[16:49:32] Possible /pseudo '33 kDa chaperonin' at NZ_PZKF01000006.1 position 103646
[16:49:32] Possible /pseudo 'Phosphopentomutase' at NZ_PZKF01000014.1 position 73462
[16:49:32] Possible /pseudo 'Aldehyde dehydrogenase' at NZ_PZKF01000015.1 position 38349
[16:49:32] Possible /pseudo 'Alpha-keto acid-binding periplasmic protein TakP' at NZ_PZKF01000018.1 position 56693
[16:49:32] Possible /pseudo 'DNA-binding transcriptional activator DecR' at NZ_PZKF01000020.1 position 45797
[16:49:32] Possible /pseudo '3-deoxy-D-manno-octulosonic acid transferase' at NZ_PZKF01000024.1 position 30212
[16:49:32] Possible /pseudo 'IS3 family transposase ISPbe1' at NZ_PZKF01000034.1 position 269
[16:49:32] Possible /pseudo 'IS3 family transposase ISKpn11' at NZ_PZKF01000057.1 position 4565
[16:49:32] Possible /pseudo 'IS5 family transposase ISPha1' at NZ_PZKF01000066.1 position 386
[16:49:32] Found 1330 unique /gene codes.
[16:49:32] Fixed 2 duplicate /gene - rnd_1 rnd_2
[16:49:32] Fixed 2 duplicate /gene - abo_1 abo_2
[16:49:32] Fixed 2 duplicate /gene - carD_1 carD_2
[16:49:32] Fixed 3 duplicate /gene - ndhB_1 ndhB_2 ndhB_3
[16:49:32] Fixed 2 duplicate /gene - ribX_1 ribX_2
[16:49:32] Fixed 2 duplicate /gene - chrA_1 chrA_2
[16:49:32] Fixed 2 duplicate /gene - dnaA_1 dnaA_2
[16:49:32] Fixed 2 duplicate /gene - nudL_1 nudL_2
[16:49:32] Fixed 7 duplicate /gene - btuD_1 btuD_2 btuD_3 btuD_4 btuD_5 btuD_6 btuD_7
[16:49:32] Fixed 2 duplicate /gene - slmA_1 slmA_2
[16:49:32] Fixed 2 duplicate /gene - rhlE_1 rhlE_2
[16:49:32] Fixed 3 duplicate /gene - acsA_1 acsA_2 acsA_3
[16:49:32] Fixed 2 duplicate /gene - gltD_1 gltD_2
[16:49:32] Fixed 3 duplicate /gene - lrp_1 lrp_2 lrp_3
[16:49:32] Fixed 2 duplicate /gene - menH_1 menH_2
[16:49:32] Fixed 2 duplicate /gene - fabI_1 fabI_2
[16:49:32] Fixed 2 duplicate /gene - dapE_1 dapE_2
[16:49:32] Fixed 4 duplicate /gene - livF_1 livF_2 livF_3 livF_4
[16:49:32] Fixed 2 duplicate /gene - surA_1 surA_2
[16:49:32] Fixed 2 duplicate /gene - ilvE_1 ilvE_2
[16:49:32] Fixed 2 duplicate /gene - hipO_1 hipO_2
[16:49:32] Fixed 2 duplicate /gene - ubiL_1 ubiL_2
[16:49:32] Fixed 2 duplicate /gene - rutR_1 rutR_2
[16:49:32] Fixed 2 duplicate /gene - deoB_1 deoB_2
[16:49:32] Fixed 2 duplicate /gene - bcr_1 bcr_2
[16:49:32] Fixed 2 duplicate /gene - dmdC_1 dmdC_2
[16:49:32] Fixed 4 duplicate /gene - dauA_1 dauA_2 dauA_3 dauA_4
[16:49:32] Fixed 2 duplicate /gene - acdA_1 acdA_2
[16:49:32] Fixed 2 duplicate /gene - dadA1_1 dadA1_2
[16:49:32] Fixed 2 duplicate /gene - ssb_1 ssb_2
[16:49:32] Fixed 2 duplicate /gene - prmC_1 prmC_2
[16:49:32] Fixed 2 duplicate /gene - tam_1 tam_2
[16:49:32] Fixed 2 duplicate /gene - bepA_1 bepA_2
[16:49:32] Fixed 2 duplicate /gene - mglA_1 mglA_2
[16:49:32] Fixed 4 duplicate /gene - dctM_1 dctM_2 dctM_3 dctM_4
[16:49:32] Fixed 2 duplicate /gene - fusA_1 fusA_2
[16:49:32] Fixed 2 duplicate /gene - rpoH_1 rpoH_2
[16:49:32] Fixed 2 duplicate /gene - gltX_1 gltX_2
[16:49:32] Fixed 2 duplicate /gene - adk_1 adk_2
[16:49:32] Fixed 2 duplicate /gene - dsbD_1 dsbD_2
[16:49:32] Fixed 2 duplicate /gene - gloB_1 gloB_2
[16:49:32] Fixed 2 duplicate /gene - betI_1 betI_2
[16:49:32] Fixed 3 duplicate /gene - lptB_1 lptB_2 lptB_3
[16:49:32] Fixed 2 duplicate /gene - hvrA_1 hvrA_2
[16:49:32] Fixed 2 duplicate /gene - gap_1 gap_2
[16:49:32] Fixed 3 duplicate /gene - pucC_1 pucC_2 pucC_3
[16:49:32] Fixed 2 duplicate /gene - ibpA_1 ibpA_2
[16:49:32] Fixed 2 duplicate /gene - accA1_1 accA1_2
[16:49:32] Fixed 2 duplicate /gene - mmsB_1 mmsB_2
[16:49:32] Fixed 2 duplicate /gene - adh_1 adh_2
[16:49:32] Fixed 2 duplicate /gene - sufS_1 sufS_2
[16:49:32] Fixed 2 duplicate /gene - gph_1 gph_2
[16:49:32] Fixed 3 duplicate /gene - mtgA_1 mtgA_2 mtgA_3
[16:49:32] Fixed 2 duplicate /gene - def_1 def_2
[16:49:32] Fixed 2 duplicate /gene - takP_1 takP_2
[16:49:32] Fixed 2 duplicate /gene - yfcG_1 yfcG_2
[16:49:32] Fixed 2 duplicate /gene - cmpR_1 cmpR_2
[16:49:32] Fixed 2 duplicate /gene - phoU_1 phoU_2
[16:49:32] Fixed 2 duplicate /gene - pucB_1 pucB_2
[16:49:32] Fixed 3 duplicate /gene - rcsC_1 rcsC_2 rcsC_3
[16:49:32] Fixed 2 duplicate /gene - nadC_1 nadC_2
[16:49:32] Fixed 2 duplicate /gene - pcm_1 pcm_2
[16:49:32] Fixed 3 duplicate /gene - ald_1 ald_2 ald_3
[16:49:32] Fixed 3 duplicate /gene - dppB_1 dppB_2 dppB_3
[16:49:32] Fixed 2 duplicate /gene - aspC_1 aspC_2
[16:49:32] Fixed 2 duplicate /gene - virB4_1 virB4_2
[16:49:32] Fixed 2 duplicate /gene - nagZ_1 nagZ_2
[16:49:32] Fixed 2 duplicate /gene - uctC_1 uctC_2
[16:49:32] Fixed 3 duplicate /gene - rssB_1 rssB_2 rssB_3
[16:49:32] Fixed 3 duplicate /gene - mdtA_1 mdtA_2 mdtA_3
[16:49:32] Fixed 2 duplicate /gene - soxA_1 soxA_2
[16:49:32] Fixed 3 duplicate /gene - cobQ_1 cobQ_2 cobQ_3
[16:49:32] Fixed 2 duplicate /gene - prsE_1 prsE_2
[16:49:32] Fixed 2 duplicate /gene - yejF_1 yejF_2
[16:49:32] Fixed 2 duplicate /gene - lon_1 lon_2
[16:49:32] Fixed 2 duplicate /gene - pyrC_1 pyrC_2
[16:49:32] Fixed 2 duplicate /gene - gcvA_1 gcvA_2
[16:49:32] Fixed 2 duplicate /gene - rhtB_1 rhtB_2
[16:49:32] Fixed 2 duplicate /gene - xthA_1 xthA_2
[16:49:32] Fixed 3 duplicate /gene - ribN_1 ribN_2 ribN_3
[16:49:32] Fixed 2 duplicate /gene - phaC_1 phaC_2
[16:49:32] Fixed 2 duplicate /gene - der_1 der_2
[16:49:32] Fixed 2 duplicate /gene - trkI_1 trkI_2
[16:49:32] Fixed 2 duplicate /gene - intS_1 intS_2
[16:49:32] Fixed 2 duplicate /gene - ubiB_1 ubiB_2
[16:49:32] Fixed 2 duplicate /gene - ompR_1 ompR_2
[16:49:32] Fixed 3 duplicate /gene - recD2_1 recD2_2 recD2_3
[16:49:32] Fixed 5 duplicate /gene - pal_1 pal_2 pal_3 pal_4 pal_5
[16:49:32] Fixed 3 duplicate /gene - hdfR_1 hdfR_2 hdfR_3
[16:49:32] Fixed 5 duplicate /gene - xerC_1 xerC_2 xerC_3 xerC_4 xerC_5
[16:49:32] Fixed 3 duplicate /gene - decR_1 decR_2 decR_3
[16:49:32] Fixed 2 duplicate /gene - gyrB_1 gyrB_2
[16:49:32] Fixed 3 duplicate /gene - rapA_1 rapA_2 rapA_3
[16:49:32] Fixed 2 duplicate /gene - thiE_1 thiE_2
[16:49:32] Fixed 2 duplicate /gene - fabF_1 fabF_2
[16:49:32] Fixed 2 duplicate /gene - mcbR_1 mcbR_2
[16:49:32] Fixed 3 duplicate /gene - xerD_1 xerD_2 xerD_3
[16:49:32] Fixed 2 duplicate /gene - thiQ_1 thiQ_2
[16:49:32] Fixed 3 duplicate /gene - kpsT_1 kpsT_2 kpsT_3
[16:49:32] Fixed 2 duplicate /gene - moeA_1 moeA_2
[16:49:32] Fixed 2 duplicate /gene - dksA_1 dksA_2
[16:49:32] Fixed 2 duplicate /gene - tolQ_1 tolQ_2
[16:49:32] Fixed 2 duplicate /gene - acpP_1 acpP_2
[16:49:32] Fixed 2 duplicate /gene - mltF_1 mltF_2
[16:49:32] Fixed 2 duplicate /gene - idi_1 idi_2
[16:49:32] Fixed 2 duplicate /gene - kpsM_1 kpsM_2
[16:49:32] Fixed 2 duplicate /gene - gsiA_1 gsiA_2
[16:49:32] Fixed 2 duplicate /gene - nifD_1 nifD_2
[16:49:32] Fixed 4 duplicate /gene - cntI_1 cntI_2 cntI_3 cntI_4
[16:49:32] Fixed 2 duplicate /gene - flhA_1 flhA_2
[16:49:32] Fixed 2 duplicate /gene - ccpA_1 ccpA_2
[16:49:32] Fixed 2 duplicate /gene - glnB_1 glnB_2
[16:49:32] Fixed 2 duplicate /gene - frcA_1 frcA_2
[16:49:32] Fixed 3 duplicate /gene - puuA_1 puuA_2 puuA_3
[16:49:32] Fixed 2 duplicate /gene - comM_1 comM_2
[16:49:32] Fixed 3 duplicate /gene - suhB_1 suhB_2 suhB_3
[16:49:32] Fixed 2 duplicate /gene - moaA_1 moaA_2
[16:49:32] Fixed 3 duplicate /gene - vapC_1 vapC_2 vapC_3
[16:49:32] Fixed 2 duplicate /gene - glpE_1 glpE_2
[16:49:32] Fixed 2 duplicate /gene - atpG_1 atpG_2
[16:49:32] Fixed 4 duplicate /gene - macB_1 macB_2 macB_3 macB_4
[16:49:32] Fixed 2 duplicate /gene - betB_1 betB_2
[16:49:32] Fixed 5 duplicate /gene - fabG_1 fabG_2 fabG_3 fabG_4 fabG_5
[16:49:32] Fixed 4 duplicate /gene - hisC_1 hisC_2 hisC_3 hisC_4
[16:49:32] Fixed 2 duplicate /gene - echA8_1 echA8_2
[16:49:32] Fixed 2 duplicate /gene - arnC_1 arnC_2
[16:49:32] Fixed 2 duplicate /gene - nifK_1 nifK_2
[16:49:32] Fixed 2 duplicate /gene - waaA_1 waaA_2
[16:49:32] Fixed 3 duplicate /gene - hslO_1 hslO_2 hslO_3
[16:49:32] Fixed 2 duplicate /gene - mupP_1 mupP_2
[16:49:32] Fixed 2 duplicate /gene - lolD_1 lolD_2
[16:49:32] Fixed 2 duplicate /gene - hipA_1 hipA_2
[16:49:32] Fixed 2 duplicate /gene - acrB_1 acrB_2
[16:49:32] Fixed 2 duplicate /gene - trpB_1 trpB_2
[16:49:32] Fixed 3 duplicate /gene - actP_1 actP_2 actP_3
[16:49:32] Fixed 2 duplicate /gene - ousW_1 ousW_2
[16:49:32] Fixed 5 duplicate /gene - ftsH_1 ftsH_2 ftsH_3 ftsH_4 ftsH_5
[16:49:32] Fixed 2 duplicate /gene - pepA_1 pepA_2
[16:49:32] Fixed 2 duplicate /gene - yhhT_1 yhhT_2
[16:49:32] Fixed 3 duplicate /gene - rep_1 rep_2 rep_3
[16:49:32] Fixed 4 duplicate /gene - dxs_1 dxs_2 dxs_3 dxs_4
[16:49:32] Fixed 3 duplicate /gene - cspA_1 cspA_2 cspA_3
[16:49:32] Fixed 3 duplicate /gene - livH_1 livH_2 livH_3
[16:49:32] Fixed 2 duplicate /gene - nifS_1 nifS_2
[16:49:32] Fixed 2 duplicate /gene - arsC_1 arsC_2
[16:49:32] Fixed 2 duplicate /gene - wecA_1 wecA_2
[16:49:32] Fixed 2 duplicate /gene - phnM_1 phnM_2
[16:49:32] Fixed 2 duplicate /gene - flgG_1 flgG_2
[16:49:32] Fixed 7 duplicate /gene - sasA_1 sasA_2 sasA_3 sasA_4 sasA_5 sasA_6 sasA_7
[16:49:32] Fixed 149 colliding /gene names.
[16:49:32] Adding /locus_tag identifiers
[16:49:32] Assigned 3202 locus_tags to CDS and RNA features.
[16:49:32] Writing outputs to gbk/DSM11550/
[16:49:33] Generating annotation statistics file
[16:49:33] Generating Genbank and Sequin files
[16:49:33] Running: tbl2asn -V b -a r10k -l paired-ends -M n -N 1 -y 'Annotated using prokka 1.14.6 from https://github.com/tseemann/prokka' -Z gbk\/DSM11550\/GCF_003034995\.1\.prokka\.err -i gbk\/DSM11550\/GCF_003034995\.1\.prokka\.fsa 2> /dev/null
[16:49:39] Deleting unwanted file: gbk/DSM11550/errorsummary.val
[16:49:39] Deleting unwanted file: gbk/DSM11550/GCF_003034995.1.prokka.dr
[16:49:39] Deleting unwanted file: gbk/DSM11550/GCF_003034995.1.prokka.fixedproducts
[16:49:39] Deleting unwanted file: gbk/DSM11550/GCF_003034995.1.prokka.ecn
[16:49:39] Deleting unwanted file: gbk/DSM11550/GCF_003034995.1.prokka.val
[16:49:39] Repairing broken .GBK output that tbl2asn produces...
[16:49:39] Running: sed 's/COORDINATES: profile/COORDINATES:profile/' < gbk\/DSM11550\/GCF_003034995\.1\.prokka\.gbf > gbk\/DSM11550\/GCF_003034995\.1\.prokka\.gbk
[16:49:39] Deleting unwanted file: gbk/DSM11550/GCF_003034995.1.prokka.gbf
[16:49:39] Output files:
[16:49:39] gbk/DSM11550/GCF_003034995.1.prokka.err
[16:49:39] gbk/DSM11550/GCF_003034995.1.prokka.fsa
[16:49:39] gbk/DSM11550/GCF_003034995.1.prokka.fna
[16:49:39] gbk/DSM11550/GCF_003034995.1.prokka.log
[16:49:39] gbk/DSM11550/GCF_003034995.1.prokka.ffn
[16:49:39] gbk/DSM11550/GCF_003034995.1.prokka.tsv
[16:49:39] gbk/DSM11550/GCF_003034995.1.prokka.gbk
[16:49:39] gbk/DSM11550/GCF_003034995.1.prokka.sqn
[16:49:39] gbk/DSM11550/GCF_003034995.1.prokka.txt
[16:49:39] gbk/DSM11550/GCF_003034995.1.prokka.tbl
[16:49:39] gbk/DSM11550/GCF_003034995.1.prokka.faa
[16:49:39] gbk/DSM11550/GCF_003034995.1.prokka.gff
[16:49:39] Annotation finished successfully.
[16:49:39] Walltime used: 0.72 minutes
[16:49:39] If you use this result please cite the Prokka paper:
[16:49:39] Seemann T (2014) Prokka: rapid prokaryotic genome annotation. Bioinformatics. 30(14):2068-9.
[16:49:39] Type 'prokka --citation' for more details.
[16:49:39] Share and enjoy!
