INFO     20/07 19:24:54   antiSMASH version: 7.0.0
INFO     20/07 19:24:54   diamond using executable: /usr/bin/diamond-aligner (2.0.7)
INFO     20/07 19:24:54   hmmpfam2 using executable: /usr/bin/hmm2pfam (2.3.2)
INFO     20/07 19:24:54   fasttree using executable: /usr/bin/fasttree
INFO     20/07 19:24:54   hmmsearch using executable: /usr/bin/hmmsearch (3.3.2)
INFO     20/07 19:24:54   hmmpress using executable: /usr/bin/hmmpress (3.3.2)
INFO     20/07 19:24:54   hmmscan using executable: /usr/bin/hmmscan (3.3.2)
INFO     20/07 19:24:55   meme using executable: /usr/bin/meme (4.11.2)
INFO     20/07 19:24:55   fimo using executable: /usr/bin/fimo (4.11.2)
INFO     20/07 19:24:55   glimmerhmm using executable: /usr/bin/glimmerhmm
INFO     20/07 19:24:55   prodigal using executable: /usr/bin/prodigal (V2.6.3)
INFO     20/07 19:24:55   blastp using executable: /usr/bin/blastp (2.11.0+)
INFO     20/07 19:24:55   makeblastdb using executable: /usr/bin/makeblastdb (2.11.0+)
DEBUG    20/07 19:24:55   Checking prerequisites for antismash.detection.hmm_detection
DEBUG    20/07 19:24:55   Found file '/usr/local/lib/python3.9/dist-packages/antismash/detection/hmm_detection/data/bgc_seeds.hmm'
DEBUG    20/07 19:24:55   Found file '/usr/local/lib/python3.9/dist-packages/antismash/detection/hmm_detection/data/bgc_seeds.hmm.h3f'
DEBUG    20/07 19:24:55   Found file '/usr/local/lib/python3.9/dist-packages/antismash/detection/hmm_detection/data/bgc_seeds.hmm.h3i'
DEBUG    20/07 19:24:55   Found file '/usr/local/lib/python3.9/dist-packages/antismash/detection/hmm_detection/data/bgc_seeds.hmm.h3m'
DEBUG    20/07 19:24:55   Found file '/usr/local/lib/python3.9/dist-packages/antismash/detection/hmm_detection/data/bgc_seeds.hmm.h3p'
DEBUG    20/07 19:24:55   Checking prerequisites for antismash.detection.cluster_hmmer
DEBUG    20/07 19:24:55   Found file '/databases/pfam/34.0/Pfam-A.hmm'
DEBUG    20/07 19:24:55   Found file '/databases/pfam/34.0/Pfam-A.hmm.h3f'
DEBUG    20/07 19:24:55   Found file '/databases/pfam/34.0/Pfam-A.hmm.h3i'
DEBUG    20/07 19:24:55   Found file '/databases/pfam/34.0/Pfam-A.hmm.h3m'
DEBUG    20/07 19:24:55   Found file '/databases/pfam/34.0/Pfam-A.hmm.h3p'
DEBUG    20/07 19:24:55   Checking prerequisites for antismash.detection.genefunctions
DEBUG    20/07 19:24:55   Found file '/databases/resfam/Resfams.hmm'
DEBUG    20/07 19:24:55   Found file '/usr/local/lib/python3.9/dist-packages/antismash/detection/genefunctions/data/smcogs.hmm.h3f'
DEBUG    20/07 19:24:55   Found file '/usr/local/lib/python3.9/dist-packages/antismash/detection/genefunctions/data/smcogs.hmm.h3i'
DEBUG    20/07 19:24:55   Found file '/usr/local/lib/python3.9/dist-packages/antismash/detection/genefunctions/data/smcogs.hmm.h3m'
DEBUG    20/07 19:24:55   Found file '/usr/local/lib/python3.9/dist-packages/antismash/detection/genefunctions/data/smcogs.hmm.h3p'
DEBUG    20/07 19:24:55   Found file '/databases/resfam/Resfams.hmm.h3f'
DEBUG    20/07 19:24:55   Found file '/databases/resfam/Resfams.hmm.h3i'
DEBUG    20/07 19:24:55   Found file '/databases/resfam/Resfams.hmm.h3m'
DEBUG    20/07 19:24:55   Found file '/databases/resfam/Resfams.hmm.h3p'
DEBUG    20/07 19:24:55   Checking prerequisites for antismash.detection.nrps_pks_domains
DEBUG    20/07 19:24:55   Found file '/usr/local/lib/python3.9/dist-packages/antismash/detection/nrps_pks_domains/data/abmotifs.hmm.h3f'
DEBUG    20/07 19:24:55   Found file '/usr/local/lib/python3.9/dist-packages/antismash/detection/nrps_pks_domains/data/abmotifs.hmm.h3i'
DEBUG    20/07 19:24:55   Found file '/usr/local/lib/python3.9/dist-packages/antismash/detection/nrps_pks_domains/data/abmotifs.hmm.h3m'
DEBUG    20/07 19:24:55   Found file '/usr/local/lib/python3.9/dist-packages/antismash/detection/nrps_pks_domains/data/abmotifs.hmm.h3p'
DEBUG    20/07 19:24:55   Found file '/usr/local/lib/python3.9/dist-packages/antismash/detection/nrps_pks_domains/data/dockingdomains.hmm.h3f'
DEBUG    20/07 19:24:55   Found file '/usr/local/lib/python3.9/dist-packages/antismash/detection/nrps_pks_domains/data/dockingdomains.hmm.h3i'
DEBUG    20/07 19:24:55   Found file '/usr/local/lib/python3.9/dist-packages/antismash/detection/nrps_pks_domains/data/dockingdomains.hmm.h3m'
DEBUG    20/07 19:24:55   Found file '/usr/local/lib/python3.9/dist-packages/antismash/detection/nrps_pks_domains/data/dockingdomains.hmm.h3p'
DEBUG    20/07 19:24:55   Found file '/usr/local/lib/python3.9/dist-packages/antismash/detection/nrps_pks_domains/data/ksdomains.hmm.h3f'
DEBUG    20/07 19:24:55   Found file '/usr/local/lib/python3.9/dist-packages/antismash/detection/nrps_pks_domains/data/ksdomains.hmm.h3i'
DEBUG    20/07 19:24:55   Found file '/usr/local/lib/python3.9/dist-packages/antismash/detection/nrps_pks_domains/data/ksdomains.hmm.h3m'
DEBUG    20/07 19:24:55   Found file '/usr/local/lib/python3.9/dist-packages/antismash/detection/nrps_pks_domains/data/ksdomains.hmm.h3p'
DEBUG    20/07 19:24:55   Found file '/usr/local/lib/python3.9/dist-packages/antismash/detection/nrps_pks_domains/data/nrpspksdomains.hmm.h3f'
DEBUG    20/07 19:24:55   Found file '/usr/local/lib/python3.9/dist-packages/antismash/detection/nrps_pks_domains/data/nrpspksdomains.hmm.h3i'
DEBUG    20/07 19:24:55   Found file '/usr/local/lib/python3.9/dist-packages/antismash/detection/nrps_pks_domains/data/nrpspksdomains.hmm.h3m'
DEBUG    20/07 19:24:55   Found file '/usr/local/lib/python3.9/dist-packages/antismash/detection/nrps_pks_domains/data/nrpspksdomains.hmm.h3p'
DEBUG    20/07 19:24:55   Found file '/databases/nrps_pks/transATor/2023.02.23/transATor.hmm.h3f'
DEBUG    20/07 19:24:55   Found file '/databases/nrps_pks/transATor/2023.02.23/transATor.hmm.h3i'
DEBUG    20/07 19:24:55   Found file '/databases/nrps_pks/transATor/2023.02.23/transATor.hmm.h3m'
DEBUG    20/07 19:24:55   Found file '/databases/nrps_pks/transATor/2023.02.23/transATor.hmm.h3p'
DEBUG    20/07 19:24:55   Checking prerequisites for antismash.detection.tigrfam
DEBUG    20/07 19:24:55   Found file '/databases/tigrfam/TIGRFam.hmm'
DEBUG    20/07 19:24:55   Found file '/databases/tigrfam/TIGRFam.hmm.h3f'
DEBUG    20/07 19:24:55   Found file '/databases/tigrfam/TIGRFam.hmm.h3i'
DEBUG    20/07 19:24:55   Found file '/databases/tigrfam/TIGRFam.hmm.h3m'
DEBUG    20/07 19:24:55   Found file '/databases/tigrfam/TIGRFam.hmm.h3p'
DEBUG    20/07 19:24:55   Checking prerequisites for antismash.modules.active_site_finder
DEBUG    20/07 19:24:55   Found file '/usr/local/lib/python3.9/dist-packages/antismash/modules/active_site_finder/data/PKSI-KR.hmm2'
DEBUG    20/07 19:24:55   Found file '/usr/local/lib/python3.9/dist-packages/antismash/modules/active_site_finder/data/PKSI-KS_N.hmm2'
DEBUG    20/07 19:24:55   Found file '/usr/local/lib/python3.9/dist-packages/antismash/modules/active_site_finder/data/PKSI-KS_C.hmm2'
DEBUG    20/07 19:24:55   Found file '/usr/local/lib/python3.9/dist-packages/antismash/modules/active_site_finder/data/PKSI-AT.hmm2'
DEBUG    20/07 19:24:55   Found file '/usr/local/lib/python3.9/dist-packages/antismash/modules/active_site_finder/data/PKSI-ACP.hmm2'
DEBUG    20/07 19:24:55   Found file '/usr/local/lib/python3.9/dist-packages/antismash/modules/active_site_finder/data/PKSI-DH.hmm2'
DEBUG    20/07 19:24:55   Found file '/usr/local/lib/python3.9/dist-packages/antismash/modules/active_site_finder/data/Thioesterase.hmm2'
DEBUG    20/07 19:24:55   Found file '/usr/local/lib/python3.9/dist-packages/antismash/modules/active_site_finder/data/PKSI-ER.hmm2'
DEBUG    20/07 19:24:55   Found file '/usr/local/lib/python3.9/dist-packages/antismash/modules/active_site_finder/data/p450.hmm2'
DEBUG    20/07 19:24:55   Checking prerequisites for antismash.modules.cluster_compare
DEBUG    20/07 19:24:55   Found file '/databases/clustercompare/mibig/3.1/data.json'
DEBUG    20/07 19:24:55   Found file '/databases/clustercompare/mibig/3.1/proteins.fasta'
DEBUG    20/07 19:24:55   Found file '/databases/clustercompare/mibig/3.1/proteins.dmnd'
DEBUG    20/07 19:24:55   Found file '/databases/clustercompare/mibig/3.1/proteins.dmnd'
DEBUG    20/07 19:24:55   Checking prerequisites for antismash.modules.clusterblast
DEBUG    20/07 19:24:55   Found file '/databases/knownclusterblast/3.1/clusters.txt'
DEBUG    20/07 19:24:55   Found file '/databases/knownclusterblast/3.1/proteins.fasta'
DEBUG    20/07 19:24:55   Found file '/databases/knownclusterblast/3.1/proteins.dmnd'
DEBUG    20/07 19:24:55   Found file '/databases/knownclusterblast/3.1/proteins.dmnd'
DEBUG    20/07 19:24:55   Found file '/databases/clusterblast/clusters.txt'
DEBUG    20/07 19:24:55   Found file '/databases/clusterblast/proteins.fasta'
DEBUG    20/07 19:24:55   Found file '/databases/clusterblast/proteins.dmnd'
DEBUG    20/07 19:24:55   Found file '/databases/clusterblast/proteins.dmnd'
DEBUG    20/07 19:24:55   Found file '/usr/local/lib/python3.9/dist-packages/antismash/modules/clusterblast/data/sub/proteins.fasta'
DEBUG    20/07 19:24:55   Found file '/usr/local/lib/python3.9/dist-packages/antismash/modules/clusterblast/data/sub/proteins.fasta.phr'
DEBUG    20/07 19:24:55   Found file '/usr/local/lib/python3.9/dist-packages/antismash/modules/clusterblast/data/sub/proteins.fasta.pin'
DEBUG    20/07 19:24:55   Found file '/usr/local/lib/python3.9/dist-packages/antismash/modules/clusterblast/data/sub/proteins.fasta.psq'
DEBUG    20/07 19:24:55   Found file '/usr/local/lib/python3.9/dist-packages/antismash/modules/clusterblast/data/sub/clusters.txt'
DEBUG    20/07 19:24:55   Checking prerequisites for antismash.modules.lanthipeptides
DEBUG    20/07 19:24:55   Found file '/databases/comparippson/asdb/3.0/cores.fa.pdb'
DEBUG    20/07 19:24:55   Found file '/databases/comparippson/asdb/3.0/cores.fa.phr'
DEBUG    20/07 19:24:55   Found file '/databases/comparippson/asdb/3.0/cores.fa.pin'
DEBUG    20/07 19:24:55   Found file '/databases/comparippson/asdb/3.0/cores.fa.pot'
DEBUG    20/07 19:24:55   Found file '/databases/comparippson/asdb/3.0/cores.fa.psq'
DEBUG    20/07 19:24:55   Found file '/databases/comparippson/asdb/3.0/cores.fa.ptf'
DEBUG    20/07 19:24:55   Found file '/databases/comparippson/asdb/3.0/cores.fa.pto'
DEBUG    20/07 19:24:55   Found file '/databases/comparippson/mibig/3.1/cores.fa.pdb'
DEBUG    20/07 19:24:55   Found file '/databases/comparippson/mibig/3.1/cores.fa.phr'
DEBUG    20/07 19:24:55   Found file '/databases/comparippson/mibig/3.1/cores.fa.pin'
DEBUG    20/07 19:24:55   Found file '/databases/comparippson/mibig/3.1/cores.fa.pot'
DEBUG    20/07 19:24:55   Found file '/databases/comparippson/mibig/3.1/cores.fa.psq'
DEBUG    20/07 19:24:55   Found file '/databases/comparippson/mibig/3.1/cores.fa.ptf'
DEBUG    20/07 19:24:55   Found file '/databases/comparippson/mibig/3.1/cores.fa.pto'
DEBUG    20/07 19:24:55   Checking prerequisites for antismash.modules.lassopeptides
DEBUG    20/07 19:24:55   Checking prerequisites for antismash.modules.nrps_pks
DEBUG    20/07 19:24:55   Found existing cache for /usr/local/lib/python3.9/dist-packages/antismash/modules/nrps_pks/data/terminals/cterm.fasta
DEBUG    20/07 19:24:55   Found existing cache for /usr/local/lib/python3.9/dist-packages/antismash/modules/nrps_pks/data/terminals/nterm.fasta
DEBUG    20/07 19:24:55   Found existing cache for /usr/local/lib/python3.9/dist-packages/antismash/modules/nrps_pks/at_analysis/data/AT_domains_muscle.fasta
DEBUG    20/07 19:24:55   Found existing cache for /usr/local/lib/python3.9/dist-packages/antismash/modules/nrps_pks/kr_analysis/data/KRdomains_muscle.fasta
DEBUG    20/07 19:24:55   Found existing cache for /usr/local/lib/python3.9/dist-packages/antismash/modules/nrps_pks/minowa/data/AT_domains_muscle.fasta
DEBUG    20/07 19:24:55   Found existing cache for /usr/local/lib/python3.9/dist-packages/antismash/modules/nrps_pks/minowa/data/CAL_domains_muscle.fasta
DEBUG    20/07 19:24:55   Checking prerequisites for antismash.modules.pfam2go
DEBUG    20/07 19:24:55   Found file '/usr/local/lib/python3.9/dist-packages/antismash/modules/pfam2go/data/pfam2go.txt'
DEBUG    20/07 19:24:55   Checking prerequisites for antismash.modules.rrefinder
DEBUG    20/07 19:24:55   Found file '/usr/local/lib/python3.9/dist-packages/antismash/modules/rrefinder/data/RREFam.hmm.h3f'
DEBUG    20/07 19:24:55   Found file '/usr/local/lib/python3.9/dist-packages/antismash/modules/rrefinder/data/RREFam.hmm.h3i'
DEBUG    20/07 19:24:55   Found file '/usr/local/lib/python3.9/dist-packages/antismash/modules/rrefinder/data/RREFam.hmm.h3m'
DEBUG    20/07 19:24:55   Found file '/usr/local/lib/python3.9/dist-packages/antismash/modules/rrefinder/data/RREFam.hmm.h3p'
DEBUG    20/07 19:24:55   Checking prerequisites for antismash.modules.sactipeptides
DEBUG    20/07 19:24:55   Checking prerequisites for antismash.modules.t2pks
DEBUG    20/07 19:24:55   Found file '/usr/local/lib/python3.9/dist-packages/antismash/modules/t2pks/data/KSIII.fasta'
DEBUG    20/07 19:24:55   Found file '/usr/local/lib/python3.9/dist-packages/antismash/modules/t2pks/data/KSIII.phr'
DEBUG    20/07 19:24:55   Found file '/usr/local/lib/python3.9/dist-packages/antismash/modules/t2pks/data/KSIII.pin'
DEBUG    20/07 19:24:55   Found file '/usr/local/lib/python3.9/dist-packages/antismash/modules/t2pks/data/KSIII.psq'
DEBUG    20/07 19:24:55   Found file '/usr/local/lib/python3.9/dist-packages/antismash/modules/t2pks/data/AT.fasta'
DEBUG    20/07 19:24:55   Found file '/usr/local/lib/python3.9/dist-packages/antismash/modules/t2pks/data/AT.phr'
DEBUG    20/07 19:24:55   Found file '/usr/local/lib/python3.9/dist-packages/antismash/modules/t2pks/data/AT.pin'
DEBUG    20/07 19:24:55   Found file '/usr/local/lib/python3.9/dist-packages/antismash/modules/t2pks/data/AT.psq'
DEBUG    20/07 19:24:55   Found file '/usr/local/lib/python3.9/dist-packages/antismash/modules/t2pks/data/LIG.fasta'
DEBUG    20/07 19:24:55   Found file '/usr/local/lib/python3.9/dist-packages/antismash/modules/t2pks/data/LIG.phr'
DEBUG    20/07 19:24:55   Found file '/usr/local/lib/python3.9/dist-packages/antismash/modules/t2pks/data/LIG.pin'
DEBUG    20/07 19:24:55   Found file '/usr/local/lib/python3.9/dist-packages/antismash/modules/t2pks/data/LIG.psq'
DEBUG    20/07 19:24:55   Found file '/usr/local/lib/python3.9/dist-packages/antismash/modules/t2pks/data/t2pks.hmm.h3f'
DEBUG    20/07 19:24:55   Found file '/usr/local/lib/python3.9/dist-packages/antismash/modules/t2pks/data/t2pks.hmm.h3i'
DEBUG    20/07 19:24:55   Found file '/usr/local/lib/python3.9/dist-packages/antismash/modules/t2pks/data/t2pks.hmm.h3m'
DEBUG    20/07 19:24:55   Found file '/usr/local/lib/python3.9/dist-packages/antismash/modules/t2pks/data/t2pks.hmm.h3p'
DEBUG    20/07 19:24:55   Checking prerequisites for antismash.modules.tfbs_finder
DEBUG    20/07 19:24:55   Found file '/usr/local/lib/python3.9/dist-packages/antismash/modules/tfbs_finder/data/PWMs.json'
DEBUG    20/07 19:24:55   Checking prerequisites for antismash.modules.thiopeptides
DEBUG    20/07 19:24:55   Found file '/usr/local/lib/python3.9/dist-packages/antismash/modules/thiopeptides/data/thiopep3.hmm.h3f'
DEBUG    20/07 19:24:55   Found file '/usr/local/lib/python3.9/dist-packages/antismash/modules/thiopeptides/data/thiopep3.hmm.h3i'
DEBUG    20/07 19:24:55   Found file '/usr/local/lib/python3.9/dist-packages/antismash/modules/thiopeptides/data/thiopep3.hmm.h3m'
DEBUG    20/07 19:24:55   Found file '/usr/local/lib/python3.9/dist-packages/antismash/modules/thiopeptides/data/thiopep3.hmm.h3p'
DEBUG    20/07 19:24:55   Checking prerequisites for antismash.modules.tta
DEBUG    20/07 19:24:55   Checking prerequisites for antismash.outputs.html
DEBUG    20/07 19:24:55   Found file '/usr/local/lib/python3.9/dist-packages/antismash/outputs/html/css/bacteria.css'
DEBUG    20/07 19:24:55   Found file '/usr/local/lib/python3.9/dist-packages/antismash/outputs/html/css/fungi.css'
DEBUG    20/07 19:24:55   Found file '/usr/local/lib/python3.9/dist-packages/antismash/outputs/html/css/plants.css'
DEBUG    20/07 19:24:55   Checking prerequisites for antismash.support.genefinding
DEBUG    20/07 19:24:55   Checking options for antismash.detection.hmm_detection
DEBUG    20/07 19:24:55   Checking options for antismash.detection.cluster_hmmer
DEBUG    20/07 19:24:55   Found file '/databases/pfam/34.0/Pfam-A.hmm'
DEBUG    20/07 19:24:55   Found file '/databases/pfam/34.0/Pfam-A.hmm.h3f'
DEBUG    20/07 19:24:55   Found file '/databases/pfam/34.0/Pfam-A.hmm.h3i'
DEBUG    20/07 19:24:55   Found file '/databases/pfam/34.0/Pfam-A.hmm.h3m'
DEBUG    20/07 19:24:55   Found file '/databases/pfam/34.0/Pfam-A.hmm.h3p'
DEBUG    20/07 19:24:55   Checking options for antismash.detection.genefunctions
DEBUG    20/07 19:24:55   Checking options for antismash.detection.nrps_pks_domains
DEBUG    20/07 19:24:55   Checking options for antismash.detection.tigrfam
DEBUG    20/07 19:24:55   Checking options for antismash.modules.active_site_finder
DEBUG    20/07 19:24:55   Checking options for antismash.modules.cluster_compare
DEBUG    20/07 19:24:55   Checking options for antismash.modules.clusterblast
DEBUG    20/07 19:24:55   Checking options for antismash.modules.lanthipeptides
DEBUG    20/07 19:24:55   Checking options for antismash.modules.lassopeptides
DEBUG    20/07 19:24:55   Checking options for antismash.modules.nrps_pks
DEBUG    20/07 19:24:55   Checking options for antismash.modules.pfam2go
DEBUG    20/07 19:24:55   Checking options for antismash.modules.rrefinder
DEBUG    20/07 19:24:55   Checking options for antismash.modules.sactipeptides
DEBUG    20/07 19:24:55   Checking options for antismash.modules.t2pks
DEBUG    20/07 19:24:55   Checking options for antismash.modules.tfbs_finder
DEBUG    20/07 19:24:55   Checking options for antismash.modules.thiopeptides
DEBUG    20/07 19:24:55   Checking options for antismash.modules.tta
DEBUG    20/07 19:24:55   Checking options for antismash.outputs.html
DEBUG    20/07 19:24:55   Checking options for antismash.support.genefinding
INFO     20/07 19:24:55   Parsing input sequence '/input/GCF_020667835.1_Roseibaca_sp._Y0-43_Y0-43.fna'
DEBUG    20/07 19:24:55   Stripping antiSMASH features and annotations from record: NZ_JAFMPR010000010.1
DEBUG    20/07 19:24:55   Stripping antiSMASH features and annotations from record: NZ_JAFMPR010000011.1
DEBUG    20/07 19:24:55   Stripping antiSMASH features and annotations from record: NZ_JAFMPR010000012.1
DEBUG    20/07 19:24:55   Stripping antiSMASH features and annotations from record: NZ_JAFMPR010000013.1
DEBUG    20/07 19:24:55   Stripping antiSMASH features and annotations from record: NZ_JAFMPR010000014.1
DEBUG    20/07 19:24:55   Stripping antiSMASH features and annotations from record: NZ_JAFMPR010000015.1
DEBUG    20/07 19:24:55   Stripping antiSMASH features and annotations from record: NZ_JAFMPR010000016.1
DEBUG    20/07 19:24:55   Stripping antiSMASH features and annotations from record: NZ_JAFMPR010000017.1
DEBUG    20/07 19:24:55   Stripping antiSMASH features and annotations from record: NZ_JAFMPR010000018.1
DEBUG    20/07 19:24:55   Stripping antiSMASH features and annotations from record: NZ_JAFMPR010000019.1
DEBUG    20/07 19:24:55   Stripping antiSMASH features and annotations from record: NZ_JAFMPR010000001.1
DEBUG    20/07 19:24:55   Stripping antiSMASH features and annotations from record: NZ_JAFMPR010000020.1
DEBUG    20/07 19:24:55   Stripping antiSMASH features and annotations from record: NZ_JAFMPR010000021.1
DEBUG    20/07 19:24:55   Stripping antiSMASH features and annotations from record: NZ_JAFMPR010000022.1
DEBUG    20/07 19:24:55   Stripping antiSMASH features and annotations from record: NZ_JAFMPR010000023.1
DEBUG    20/07 19:24:55   Stripping antiSMASH features and annotations from record: NZ_JAFMPR010000024.1
DEBUG    20/07 19:24:55   Stripping antiSMASH features and annotations from record: NZ_JAFMPR010000025.1
DEBUG    20/07 19:24:55   Stripping antiSMASH features and annotations from record: NZ_JAFMPR010000026.1
DEBUG    20/07 19:24:55   Stripping antiSMASH features and annotations from record: NZ_JAFMPR010000027.1
DEBUG    20/07 19:24:55   Stripping antiSMASH features and annotations from record: NZ_JAFMPR010000028.1
DEBUG    20/07 19:24:55   Stripping antiSMASH features and annotations from record: NZ_JAFMPR010000029.1
DEBUG    20/07 19:24:55   Stripping antiSMASH features and annotations from record: NZ_JAFMPR010000002.1
DEBUG    20/07 19:24:55   Stripping antiSMASH features and annotations from record: NZ_JAFMPR010000030.1
DEBUG    20/07 19:24:55   Stripping antiSMASH features and annotations from record: NZ_JAFMPR010000031.1
DEBUG    20/07 19:24:55   Stripping antiSMASH features and annotations from record: NZ_JAFMPR010000032.1
DEBUG    20/07 19:24:55   Stripping antiSMASH features and annotations from record: NZ_JAFMPR010000033.1
DEBUG    20/07 19:24:55   Stripping antiSMASH features and annotations from record: NZ_JAFMPR010000034.1
DEBUG    20/07 19:24:55   Stripping antiSMASH features and annotations from record: NZ_JAFMPR010000035.1
DEBUG    20/07 19:24:55   Stripping antiSMASH features and annotations from record: NZ_JAFMPR010000036.1
DEBUG    20/07 19:24:55   Stripping antiSMASH features and annotations from record: NZ_JAFMPR010000037.1
DEBUG    20/07 19:24:55   Stripping antiSMASH features and annotations from record: NZ_JAFMPR010000038.1
DEBUG    20/07 19:24:55   Stripping antiSMASH features and annotations from record: NZ_JAFMPR010000039.1
DEBUG    20/07 19:24:55   Stripping antiSMASH features and annotations from record: NZ_JAFMPR010000003.1
DEBUG    20/07 19:24:55   Stripping antiSMASH features and annotations from record: NZ_JAFMPR010000040.1
DEBUG    20/07 19:24:55   Stripping antiSMASH features and annotations from record: NZ_JAFMPR010000041.1
DEBUG    20/07 19:24:55   Stripping antiSMASH features and annotations from record: NZ_JAFMPR010000004.1
DEBUG    20/07 19:24:55   Stripping antiSMASH features and annotations from record: NZ_JAFMPR010000005.1
DEBUG    20/07 19:24:55   Stripping antiSMASH features and annotations from record: NZ_JAFMPR010000006.1
DEBUG    20/07 19:24:55   Stripping antiSMASH features and annotations from record: NZ_JAFMPR010000007.1
DEBUG    20/07 19:24:55   Stripping antiSMASH features and annotations from record: NZ_JAFMPR010000008.1
DEBUG    20/07 19:24:55   Stripping antiSMASH features and annotations from record: NZ_JAFMPR010000009.1
DEBUG    20/07 19:24:55   Converting records from biopython to secmet
DEBUG    20/07 19:24:55   Removing existing region genbank files
DEBUG    20/07 19:24:56   Reusing output directory: /data/antismash/upload/bacteria-7d81e2f7-9f45-49a2-a386-5a799ae0715e
DEBUG    20/07 19:24:56   Preprocessing 41 sequences
DEBUG    20/07 19:24:56   Sanitising record ids and sequences
DEBUG    20/07 19:24:56   Removing sequences smaller than 1000 bases
DEBUG    20/07 19:24:56   Ensuring records have CDS features with all required information
INFO     20/07 19:24:56   No CDS features found in record 'NZ_JAFMPR010000010.1', running gene finding.
INFO     20/07 19:24:56   No CDS features found in record 'NZ_JAFMPR010000013.1', running gene finding.
DEBUG    20/07 19:24:56   Running prodigal based genefinding
DEBUG    20/07 19:24:56   Running prodigal based genefinding
INFO     20/07 19:24:56   No CDS features found in record 'NZ_JAFMPR010000016.1', running gene finding.
DEBUG    20/07 19:24:56   Running prodigal based genefinding
INFO     20/07 19:24:56   No CDS features found in record 'NZ_JAFMPR010000019.1', running gene finding.
DEBUG    20/07 19:24:56   Running prodigal based genefinding
DEBUG    20/07 19:24:56   prodigal found 41 CDS features
INFO     20/07 19:24:56   No CDS features found in record 'NZ_JAFMPR010000017.1', running gene finding.
DEBUG    20/07 19:24:56   Running prodigal based genefinding
DEBUG    20/07 19:24:56   prodigal found 53 CDS features
INFO     20/07 19:24:56   No CDS features found in record 'NZ_JAFMPR010000014.1', running gene finding.
DEBUG    20/07 19:24:56   Running prodigal based genefinding
DEBUG    20/07 19:24:56   prodigal found 15 CDS features
INFO     20/07 19:24:56   No CDS features found in record 'NZ_JAFMPR010000001.1', running gene finding.
DEBUG    20/07 19:24:56   Running prodigal based genefinding
DEBUG    20/07 19:24:56   prodigal found 27 CDS features
INFO     20/07 19:24:56   No CDS features found in record 'NZ_JAFMPR010000018.1', running gene finding.
DEBUG    20/07 19:24:56   Running prodigal based genefinding
DEBUG    20/07 19:24:56   prodigal found 28 CDS features
INFO     20/07 19:24:56   No CDS features found in record 'NZ_JAFMPR010000015.1', running gene finding.
DEBUG    20/07 19:24:56   Running prodigal based genefinding
DEBUG    20/07 19:24:56   prodigal found 30 CDS features
INFO     20/07 19:24:56   No CDS features found in record 'NZ_JAFMPR010000021.1', running gene finding.
DEBUG    20/07 19:24:56   Running prodigal based genefinding
DEBUG    20/07 19:24:56   prodigal found 29 CDS features
INFO     20/07 19:24:56   No CDS features found in record 'NZ_JAFMPR010000024.1', running gene finding.
DEBUG    20/07 19:24:56   Running prodigal based genefinding
DEBUG    20/07 19:24:56   prodigal found 12 CDS features
INFO     20/07 19:24:56   No CDS features found in record 'NZ_JAFMPR010000022.1', running gene finding.
DEBUG    20/07 19:24:56   Running prodigal based genefinding
DEBUG    20/07 19:24:56   prodigal found 126 CDS features
INFO     20/07 19:24:56   No CDS features found in record 'NZ_JAFMPR010000011.1', running gene finding.
DEBUG    20/07 19:24:56   Running prodigal based genefinding
DEBUG    20/07 19:24:56   prodigal found 8 CDS features
INFO     20/07 19:24:56   No CDS features found in record 'NZ_JAFMPR010000025.1', running gene finding.
DEBUG    20/07 19:24:56   Running prodigal based genefinding
DEBUG    20/07 19:24:56   prodigal found 8 CDS features
INFO     20/07 19:24:56   No CDS features found in record 'NZ_JAFMPR010000026.1', running gene finding.
DEBUG    20/07 19:24:56   Running prodigal based genefinding
DEBUG    20/07 19:24:56   prodigal found 13 CDS features
INFO     20/07 19:24:56   No CDS features found in record 'NZ_JAFMPR010000023.1', running gene finding.
DEBUG    20/07 19:24:56   Running prodigal based genefinding
DEBUG    20/07 19:24:56   prodigal found 4 CDS features
INFO     20/07 19:24:56   No CDS features found in record 'NZ_JAFMPR010000027.1', running gene finding.
DEBUG    20/07 19:24:56   Running prodigal based genefinding
DEBUG    20/07 19:24:57   prodigal found 4 CDS features
INFO     20/07 19:24:57   No CDS features found in record 'NZ_JAFMPR010000028.1', running gene finding.
DEBUG    20/07 19:24:57   Running prodigal based genefinding
DEBUG    20/07 19:24:57   prodigal found 3 CDS features
INFO     20/07 19:24:57   No CDS features found in record 'NZ_JAFMPR010000029.1', running gene finding.
DEBUG    20/07 19:24:57   Running prodigal based genefinding
DEBUG    20/07 19:24:57   prodigal found 7 CDS features
INFO     20/07 19:24:57   No CDS features found in record 'NZ_JAFMPR010000002.1', running gene finding.
DEBUG    20/07 19:24:57   Running prodigal based genefinding
DEBUG    20/07 19:24:57   prodigal found 4 CDS features
INFO     20/07 19:24:57   No CDS features found in record 'NZ_JAFMPR010000032.1', running gene finding.
DEBUG    20/07 19:24:57   Running prodigal based genefinding
DEBUG    20/07 19:24:57   prodigal found 3 CDS features
INFO     20/07 19:24:57   No CDS features found in record 'NZ_JAFMPR010000033.1', running gene finding.
DEBUG    20/07 19:24:57   Running prodigal based genefinding
DEBUG    20/07 19:24:57   prodigal found 1 CDS features
INFO     20/07 19:24:57   No CDS features found in record 'NZ_JAFMPR010000034.1', running gene finding.
DEBUG    20/07 19:24:57   Running prodigal based genefinding
DEBUG    20/07 19:24:57   prodigal found 1 CDS features
INFO     20/07 19:24:57   No CDS features found in record 'NZ_JAFMPR010000035.1', running gene finding.
DEBUG    20/07 19:24:57   Running prodigal based genefinding
DEBUG    20/07 19:24:57   prodigal found 2 CDS features
INFO     20/07 19:24:57   No CDS features found in record 'NZ_JAFMPR010000036.1', running gene finding.
DEBUG    20/07 19:24:57   Running prodigal based genefinding
DEBUG    20/07 19:24:57   prodigal found 2 CDS features
INFO     20/07 19:24:57   No CDS features found in record 'NZ_JAFMPR010000037.1', running gene finding.
DEBUG    20/07 19:24:57   Running prodigal based genefinding
DEBUG    20/07 19:24:57   prodigal found 106 CDS features
INFO     20/07 19:24:57   No CDS features found in record 'NZ_JAFMPR010000012.1', running gene finding.
DEBUG    20/07 19:24:57   Running prodigal based genefinding
DEBUG    20/07 19:24:57   prodigal found 1 CDS features
INFO     20/07 19:24:57   No CDS features found in record 'NZ_JAFMPR010000038.1', running gene finding.
DEBUG    20/07 19:24:57   Running prodigal based genefinding
DEBUG    20/07 19:24:57   prodigal found 2 CDS features
INFO     20/07 19:24:57   No CDS features found in record 'NZ_JAFMPR010000039.1', running gene finding.
DEBUG    20/07 19:24:57   Running prodigal based genefinding
DEBUG    20/07 19:24:57   prodigal found 2 CDS features
INFO     20/07 19:24:57   No CDS features found in record 'NZ_JAFMPR010000003.1', running gene finding.
DEBUG    20/07 19:24:57   Running prodigal based genefinding
DEBUG    20/07 19:24:57   prodigal found 42 CDS features
INFO     20/07 19:24:57   No CDS features found in record 'NZ_JAFMPR010000040.1', running gene finding.
DEBUG    20/07 19:24:57   Running prodigal based genefinding
DEBUG    20/07 19:24:57   prodigal found 1 CDS features
INFO     20/07 19:24:57   No CDS features found in record 'NZ_JAFMPR010000041.1', running gene finding.
DEBUG    20/07 19:24:57   Running prodigal based genefinding
DEBUG    20/07 19:24:57   prodigal found 3 CDS features
INFO     20/07 19:24:57   No CDS features found in record 'NZ_JAFMPR010000004.1', running gene finding.
DEBUG    20/07 19:24:57   Running prodigal based genefinding
DEBUG    20/07 19:24:58   prodigal found 448 CDS features
INFO     20/07 19:24:58   No CDS features found in record 'NZ_JAFMPR010000020.1', running gene finding.
DEBUG    20/07 19:24:58   Running prodigal based genefinding
DEBUG    20/07 19:24:58   prodigal found 12 CDS features
INFO     20/07 19:24:58   No CDS features found in record 'NZ_JAFMPR010000005.1', running gene finding.
DEBUG    20/07 19:24:58   Running prodigal based genefinding
DEBUG    20/07 19:24:58   prodigal found 374 CDS features
INFO     20/07 19:24:58   No CDS features found in record 'NZ_JAFMPR010000030.1', running gene finding.
DEBUG    20/07 19:24:58   Running prodigal based genefinding
DEBUG    20/07 19:24:58   prodigal found 3 CDS features
INFO     20/07 19:24:58   No CDS features found in record 'NZ_JAFMPR010000031.1', running gene finding.
DEBUG    20/07 19:24:58   Running prodigal based genefinding
DEBUG    20/07 19:24:59   prodigal found 2 CDS features
INFO     20/07 19:24:59   No CDS features found in record 'NZ_JAFMPR010000008.1', running gene finding.
DEBUG    20/07 19:24:59   Running prodigal based genefinding
DEBUG    20/07 19:24:59   prodigal found 323 CDS features
DEBUG    20/07 19:24:59   prodigal found 290 CDS features
DEBUG    20/07 19:24:59   prodigal found 150 CDS features
INFO     20/07 19:24:59   No CDS features found in record 'NZ_JAFMPR010000009.1', running gene finding.
DEBUG    20/07 19:24:59   Running prodigal based genefinding
DEBUG    20/07 19:25:00   prodigal found 113 CDS features
DEBUG    20/07 19:25:00   prodigal found 312 CDS features
INFO     20/07 19:25:00   No CDS features found in record 'NZ_JAFMPR010000006.1', running gene finding.
DEBUG    20/07 19:25:00   Running prodigal based genefinding
DEBUG    20/07 19:25:01   prodigal found 253 CDS features
INFO     20/07 19:25:01   No CDS features found in record 'NZ_JAFMPR010000007.1', running gene finding.
DEBUG    20/07 19:25:01   Running prodigal based genefinding
DEBUG    20/07 19:25:02   prodigal found 137 CDS features
INFO     20/07 19:25:02   Analysing record: NZ_JAFMPR010000010.1
INFO     20/07 19:25:02   Detecting secondary metabolite clusters
DEBUG    20/07 19:25:02   Checking if antismash.detection.hmm_detection should be run
INFO     20/07 19:25:02   Running antismash.detection.hmm_detection
INFO     20/07 19:25:02   HMM detection using strictness: relaxed
DEBUG    20/07 19:25:03   0 rule-based cluster(s) found in record
DEBUG    20/07 19:25:03   0 protoclusters found
DEBUG    20/07 19:25:03   0 subregions found
INFO     20/07 19:25:03   No regions detected, skipping record
INFO     20/07 19:25:03   Analysing record: NZ_JAFMPR010000011.1
INFO     20/07 19:25:03   Detecting secondary metabolite clusters
DEBUG    20/07 19:25:03   Checking if antismash.detection.hmm_detection should be run
INFO     20/07 19:25:03   Running antismash.detection.hmm_detection
INFO     20/07 19:25:03   HMM detection using strictness: relaxed
DEBUG    20/07 19:25:04   0 rule-based cluster(s) found in record
DEBUG    20/07 19:25:04   0 protoclusters found
DEBUG    20/07 19:25:04   0 subregions found
INFO     20/07 19:25:04   No regions detected, skipping record
INFO     20/07 19:25:04   Analysing record: NZ_JAFMPR010000012.1
INFO     20/07 19:25:04   Detecting secondary metabolite clusters
DEBUG    20/07 19:25:04   Checking if antismash.detection.hmm_detection should be run
INFO     20/07 19:25:04   Running antismash.detection.hmm_detection
INFO     20/07 19:25:04   HMM detection using strictness: relaxed
DEBUG    20/07 19:25:04   2 rule-based cluster(s) found in record
DEBUG    20/07 19:25:04   2 protoclusters found
DEBUG    20/07 19:25:04   0 subregions found
INFO     20/07 19:25:04   1 region(s) detected in record
DEBUG    20/07 19:25:04   Checking if antismash.detection.cluster_hmmer should be run
INFO     20/07 19:25:04   Running antismash.detection.cluster_hmmer
INFO     20/07 19:25:04   Running cluster PFAM search
DEBUG    20/07 19:25:21   Building name mapping for HMMer database Pfam-A.hmm
DEBUG    20/07 19:25:24   Building cutoff mapping for HMMer database /databases/pfam/34.0/Pfam-A.hmm
DEBUG    20/07 19:25:26   Adding detection results from antismash.detection.cluster_hmmer to record
DEBUG    20/07 19:25:26   Checking if antismash.detection.genefunctions should be run
INFO     20/07 19:25:26   Running antismash.detection.genefunctions
DEBUG    20/07 19:25:28   Adding detection results from antismash.detection.genefunctions to record
DEBUG    20/07 19:25:28   annotating CDS features with resist info: 0 CDSes
DEBUG    20/07 19:25:28   annotating CDS features with smcogs info: 11 CDSes
DEBUG    20/07 19:25:28   Checking if antismash.detection.nrps_pks_domains should be run
INFO     20/07 19:25:28   Running antismash.detection.nrps_pks_domains
DEBUG    20/07 19:25:28   Marking NRPS/PKS CDS features and domains in clusters
DEBUG    20/07 19:25:28   Adding detection results from antismash.detection.nrps_pks_domains to record
DEBUG    20/07 19:25:28   Checking if antismash.detection.tigrfam should be run
INFO     20/07 19:25:28   Running antismash.detection.tigrfam
INFO     20/07 19:25:28   Running TIGRFam search
DEBUG    20/07 19:25:32   Building name mapping for HMMer database TIGRFam.hmm
DEBUG    20/07 19:25:33   Adding detection results from antismash.detection.tigrfam to record
DEBUG    20/07 19:25:33   Checking if antismash.modules.active_site_finder should be run
INFO     20/07 19:25:33   Running antismash.modules.active_site_finder
DEBUG    20/07 19:25:34   Checking if antismash.modules.cluster_compare should be run
INFO     20/07 19:25:34   Running antismash.modules.cluster_compare
DEBUG    20/07 19:25:34   Loading comparison database: MIBiG
DEBUG    20/07 19:25:35   Comparison database loaded
INFO     20/07 19:25:35   Comparing regions to reference database
DEBUG    20/07 19:25:39   Checking if antismash.modules.clusterblast should be run
INFO     20/07 19:25:39   Running antismash.modules.clusterblast
INFO     20/07 19:25:39   Finding internal homologs in each gene cluster...
INFO     20/07 19:25:40   Running ClusterBlast
INFO     20/07 19:25:40   ClusterBlast: Loading gene cluster database into memory...
INFO     20/07 19:25:41   ClusterBlast: Loading gene cluster database proteins into memory...
INFO     20/07 19:25:53   Comparing regions to reference database
INFO     20/07 19:26:50   Running subcluster search
INFO     20/07 19:26:50   SubClusterBlast: Loading gene cluster database into memory...
INFO     20/07 19:26:50   SubClusterBlast: Loading gene cluster database proteins into memory...
INFO     20/07 19:26:52   Running known cluster search
INFO     20/07 19:26:52   KnownClusterBlast: Loading gene cluster database into memory...
INFO     20/07 19:26:52   KnownClusterBlast: Loading gene cluster database proteins into memory...
DEBUG    20/07 19:26:53   Running DIAMOND knowncluster searches..
INFO     20/07 19:26:53   Comparing regions to reference database
DEBUG    20/07 19:26:57   Checking if antismash.modules.lanthipeptides should be run
INFO     20/07 19:26:57   Running antismash.modules.lanthipeptides
DEBUG    20/07 19:26:57   Lanthipeptide module marked 0 motifs
DEBUG    20/07 19:26:58   Checking if antismash.modules.lassopeptides should be run
INFO     20/07 19:26:58   Running antismash.modules.lassopeptides
DEBUG    20/07 19:26:59   Lassopeptide module marked 0 motifs
DEBUG    20/07 19:26:59   Checking if antismash.modules.nrps_pks should be run
INFO     20/07 19:26:59   Running antismash.modules.nrps_pks
INFO     20/07 19:26:59   Predicting PKS AT domain substrate specificities by Yadav et al. PKS signature sequences
INFO     20/07 19:27:00   Predicting PKS AT domain substrate specificities by Minowa et al. method
INFO     20/07 19:27:01   Predicting CAL domain substrate specificities by Minowa et al. method
INFO     20/07 19:27:01   Predicting PKS KR activity and stereochemistry using KR fingerprints from Starcevic et al.
DEBUG    20/07 19:27:01   CandidateCluster 1 monomer ordering method: colinear
DEBUG    20/07 19:27:01   CandidateCluster 2 monomer ordering method: colinear
DEBUG    20/07 19:27:01   CandidateCluster 3 monomer ordering method: colinear
DEBUG    20/07 19:27:01   Checking if antismash.modules.pfam2go should be run
INFO     20/07 19:27:01   Running antismash.modules.pfam2go
DEBUG    20/07 19:27:01   Checking if antismash.modules.rrefinder should be run
INFO     20/07 19:27:01   Running antismash.modules.rrefinder
DEBUG    20/07 19:27:01   Checking if antismash.modules.sactipeptides should be run
INFO     20/07 19:27:01   Running antismash.modules.sactipeptides
DEBUG    20/07 19:27:01   Found no sactipeptide motifs
DEBUG    20/07 19:27:03   Checking if antismash.modules.t2pks should be run
INFO     20/07 19:27:03   Running antismash.modules.t2pks
DEBUG    20/07 19:27:03   No type II PKS clusters to analyze
DEBUG    20/07 19:27:03   Checking if antismash.modules.tfbs_finder should be run
INFO     20/07 19:27:03   Running antismash.modules.tfbs_finder
DEBUG    20/07 19:27:03   Checking if antismash.modules.thiopeptides should be run
INFO     20/07 19:27:03   Running antismash.modules.thiopeptides
DEBUG    20/07 19:27:03   Thiopeptides marked 0 motifs
DEBUG    20/07 19:27:04   Checking if antismash.modules.tta should be run
INFO     20/07 19:27:04   Running antismash.modules.tta
INFO     20/07 19:27:04   Detecting TTA codons
DEBUG    20/07 19:27:04   GC content: 65%
DEBUG    20/07 19:27:04   Detected 7 TTA codons
INFO     20/07 19:27:04   Analysing record: NZ_JAFMPR010000013.1
INFO     20/07 19:27:04   Detecting secondary metabolite clusters
DEBUG    20/07 19:27:04   Checking if antismash.detection.hmm_detection should be run
INFO     20/07 19:27:04   Running antismash.detection.hmm_detection
INFO     20/07 19:27:04   HMM detection using strictness: relaxed
DEBUG    20/07 19:27:05   0 rule-based cluster(s) found in record
DEBUG    20/07 19:27:05   0 protoclusters found
DEBUG    20/07 19:27:05   0 subregions found
INFO     20/07 19:27:05   No regions detected, skipping record
INFO     20/07 19:27:05   Analysing record: NZ_JAFMPR010000014.1
INFO     20/07 19:27:05   Detecting secondary metabolite clusters
DEBUG    20/07 19:27:05   Checking if antismash.detection.hmm_detection should be run
INFO     20/07 19:27:05   Running antismash.detection.hmm_detection
INFO     20/07 19:27:05   HMM detection using strictness: relaxed
DEBUG    20/07 19:27:05   0 rule-based cluster(s) found in record
DEBUG    20/07 19:27:05   0 protoclusters found
DEBUG    20/07 19:27:05   0 subregions found
INFO     20/07 19:27:05   No regions detected, skipping record
INFO     20/07 19:27:05   Analysing record: NZ_JAFMPR010000015.1
INFO     20/07 19:27:05   Detecting secondary metabolite clusters
DEBUG    20/07 19:27:05   Checking if antismash.detection.hmm_detection should be run
INFO     20/07 19:27:05   Running antismash.detection.hmm_detection
INFO     20/07 19:27:05   HMM detection using strictness: relaxed
DEBUG    20/07 19:27:06   0 rule-based cluster(s) found in record
DEBUG    20/07 19:27:06   0 protoclusters found
DEBUG    20/07 19:27:06   0 subregions found
INFO     20/07 19:27:06   No regions detected, skipping record
INFO     20/07 19:27:06   Analysing record: NZ_JAFMPR010000016.1
INFO     20/07 19:27:06   Detecting secondary metabolite clusters
DEBUG    20/07 19:27:06   Checking if antismash.detection.hmm_detection should be run
INFO     20/07 19:27:06   Running antismash.detection.hmm_detection
INFO     20/07 19:27:06   HMM detection using strictness: relaxed
DEBUG    20/07 19:27:06   0 rule-based cluster(s) found in record
DEBUG    20/07 19:27:06   0 protoclusters found
DEBUG    20/07 19:27:06   0 subregions found
INFO     20/07 19:27:06   No regions detected, skipping record
INFO     20/07 19:27:06   Analysing record: NZ_JAFMPR010000017.1
INFO     20/07 19:27:06   Detecting secondary metabolite clusters
DEBUG    20/07 19:27:06   Checking if antismash.detection.hmm_detection should be run
INFO     20/07 19:27:06   Running antismash.detection.hmm_detection
INFO     20/07 19:27:06   HMM detection using strictness: relaxed
DEBUG    20/07 19:27:07   0 rule-based cluster(s) found in record
DEBUG    20/07 19:27:07   0 protoclusters found
DEBUG    20/07 19:27:07   0 subregions found
INFO     20/07 19:27:07   No regions detected, skipping record
INFO     20/07 19:27:07   Analysing record: NZ_JAFMPR010000018.1
INFO     20/07 19:27:07   Detecting secondary metabolite clusters
DEBUG    20/07 19:27:07   Checking if antismash.detection.hmm_detection should be run
INFO     20/07 19:27:07   Running antismash.detection.hmm_detection
INFO     20/07 19:27:07   HMM detection using strictness: relaxed
DEBUG    20/07 19:27:07   0 rule-based cluster(s) found in record
DEBUG    20/07 19:27:07   0 protoclusters found
DEBUG    20/07 19:27:07   0 subregions found
INFO     20/07 19:27:07   No regions detected, skipping record
INFO     20/07 19:27:07   Analysing record: NZ_JAFMPR010000019.1
INFO     20/07 19:27:07   Detecting secondary metabolite clusters
DEBUG    20/07 19:27:07   Checking if antismash.detection.hmm_detection should be run
INFO     20/07 19:27:07   Running antismash.detection.hmm_detection
INFO     20/07 19:27:07   HMM detection using strictness: relaxed
DEBUG    20/07 19:27:08   0 rule-based cluster(s) found in record
DEBUG    20/07 19:27:08   0 protoclusters found
DEBUG    20/07 19:27:08   0 subregions found
INFO     20/07 19:27:08   No regions detected, skipping record
INFO     20/07 19:27:08   Analysing record: NZ_JAFMPR010000001.1
INFO     20/07 19:27:08   Detecting secondary metabolite clusters
DEBUG    20/07 19:27:08   Checking if antismash.detection.hmm_detection should be run
INFO     20/07 19:27:08   Running antismash.detection.hmm_detection
INFO     20/07 19:27:08   HMM detection using strictness: relaxed
DEBUG    20/07 19:27:10   1 rule-based cluster(s) found in record
DEBUG    20/07 19:27:10   1 protoclusters found
DEBUG    20/07 19:27:10   0 subregions found
INFO     20/07 19:27:10   1 region(s) detected in record
DEBUG    20/07 19:27:10   Checking if antismash.detection.cluster_hmmer should be run
INFO     20/07 19:27:10   Running antismash.detection.cluster_hmmer
INFO     20/07 19:27:10   Running cluster PFAM search
DEBUG    20/07 19:27:14   Adding detection results from antismash.detection.cluster_hmmer to record
DEBUG    20/07 19:27:14   Checking if antismash.detection.genefunctions should be run
INFO     20/07 19:27:14   Running antismash.detection.genefunctions
DEBUG    20/07 19:27:14   Adding detection results from antismash.detection.genefunctions to record
DEBUG    20/07 19:27:14   annotating CDS features with resist info: 0 CDSes
DEBUG    20/07 19:27:14   annotating CDS features with smcogs info: 2 CDSes
DEBUG    20/07 19:27:14   Checking if antismash.detection.nrps_pks_domains should be run
INFO     20/07 19:27:14   Running antismash.detection.nrps_pks_domains
DEBUG    20/07 19:27:14   Marking NRPS/PKS CDS features and domains in clusters
DEBUG    20/07 19:27:15   Adding detection results from antismash.detection.nrps_pks_domains to record
DEBUG    20/07 19:27:15   Checking if antismash.detection.tigrfam should be run
INFO     20/07 19:27:15   Running antismash.detection.tigrfam
INFO     20/07 19:27:15   Running TIGRFam search
DEBUG    20/07 19:27:16   Adding detection results from antismash.detection.tigrfam to record
DEBUG    20/07 19:27:16   Checking if antismash.modules.active_site_finder should be run
INFO     20/07 19:27:16   Running antismash.modules.active_site_finder
DEBUG    20/07 19:27:16   Checking if antismash.modules.cluster_compare should be run
INFO     20/07 19:27:16   Running antismash.modules.cluster_compare
DEBUG    20/07 19:27:16   Loading comparison database: MIBiG
DEBUG    20/07 19:27:16   Comparison database loaded
INFO     20/07 19:27:16   Comparing regions to reference database
DEBUG    20/07 19:27:17   Checking if antismash.modules.clusterblast should be run
INFO     20/07 19:27:17   Running antismash.modules.clusterblast
INFO     20/07 19:27:17   Finding internal homologs in each gene cluster...
INFO     20/07 19:27:18   Running ClusterBlast
INFO     20/07 19:27:18   ClusterBlast: Loading gene cluster database into memory...
INFO     20/07 19:27:19   ClusterBlast: Loading gene cluster database proteins into memory...
INFO     20/07 19:27:30   Comparing regions to reference database
INFO     20/07 19:28:22   Running subcluster search
INFO     20/07 19:28:22   SubClusterBlast: Loading gene cluster database into memory...
INFO     20/07 19:28:22   SubClusterBlast: Loading gene cluster database proteins into memory...
INFO     20/07 19:28:24   Running known cluster search
INFO     20/07 19:28:24   KnownClusterBlast: Loading gene cluster database into memory...
INFO     20/07 19:28:24   KnownClusterBlast: Loading gene cluster database proteins into memory...
DEBUG    20/07 19:28:24   Running DIAMOND knowncluster searches..
INFO     20/07 19:28:24   Comparing regions to reference database
DEBUG    20/07 19:28:27   Checking if antismash.modules.lanthipeptides should be run
INFO     20/07 19:28:27   Running antismash.modules.lanthipeptides
DEBUG    20/07 19:28:27   Lanthipeptide module marked 0 motifs
DEBUG    20/07 19:28:28   Checking if antismash.modules.lassopeptides should be run
INFO     20/07 19:28:28   Running antismash.modules.lassopeptides
DEBUG    20/07 19:28:30   Lassopeptide module marked 0 motifs
DEBUG    20/07 19:28:30   Checking if antismash.modules.nrps_pks should be run
INFO     20/07 19:28:30   Running antismash.modules.nrps_pks
DEBUG    20/07 19:28:30   Checking if antismash.modules.pfam2go should be run
INFO     20/07 19:28:30   Running antismash.modules.pfam2go
DEBUG    20/07 19:28:30   Checking if antismash.modules.rrefinder should be run
INFO     20/07 19:28:30   Running antismash.modules.rrefinder
DEBUG    20/07 19:28:30   Checking if antismash.modules.sactipeptides should be run
INFO     20/07 19:28:30   Running antismash.modules.sactipeptides
DEBUG    20/07 19:28:30   Found no sactipeptide motifs
DEBUG    20/07 19:28:32   Checking if antismash.modules.t2pks should be run
INFO     20/07 19:28:32   Running antismash.modules.t2pks
DEBUG    20/07 19:28:32   No type II PKS clusters to analyze
DEBUG    20/07 19:28:32   Checking if antismash.modules.tfbs_finder should be run
INFO     20/07 19:28:32   Running antismash.modules.tfbs_finder
DEBUG    20/07 19:28:32   Checking if antismash.modules.thiopeptides should be run
INFO     20/07 19:28:32   Running antismash.modules.thiopeptides
DEBUG    20/07 19:28:32   Thiopeptides marked 0 motifs
DEBUG    20/07 19:28:33   Checking if antismash.modules.tta should be run
INFO     20/07 19:28:33   Running antismash.modules.tta
INFO     20/07 19:28:33   Skipping TTA codon detection, GC content too low: 64%
INFO     20/07 19:28:33   Analysing record: NZ_JAFMPR010000020.1
INFO     20/07 19:28:33   Detecting secondary metabolite clusters
DEBUG    20/07 19:28:33   Checking if antismash.detection.hmm_detection should be run
INFO     20/07 19:28:33   Running antismash.detection.hmm_detection
INFO     20/07 19:28:33   HMM detection using strictness: relaxed
DEBUG    20/07 19:28:33   0 rule-based cluster(s) found in record
DEBUG    20/07 19:28:33   0 protoclusters found
DEBUG    20/07 19:28:33   0 subregions found
INFO     20/07 19:28:33   No regions detected, skipping record
INFO     20/07 19:28:33   Analysing record: NZ_JAFMPR010000021.1
INFO     20/07 19:28:33   Detecting secondary metabolite clusters
DEBUG    20/07 19:28:33   Checking if antismash.detection.hmm_detection should be run
INFO     20/07 19:28:33   Running antismash.detection.hmm_detection
INFO     20/07 19:28:33   HMM detection using strictness: relaxed
DEBUG    20/07 19:28:34   0 rule-based cluster(s) found in record
DEBUG    20/07 19:28:34   0 protoclusters found
DEBUG    20/07 19:28:34   0 subregions found
INFO     20/07 19:28:34   No regions detected, skipping record
INFO     20/07 19:28:34   Analysing record: NZ_JAFMPR010000022.1
INFO     20/07 19:28:34   Detecting secondary metabolite clusters
DEBUG    20/07 19:28:34   Checking if antismash.detection.hmm_detection should be run
INFO     20/07 19:28:34   Running antismash.detection.hmm_detection
INFO     20/07 19:28:34   HMM detection using strictness: relaxed
DEBUG    20/07 19:28:34   0 rule-based cluster(s) found in record
DEBUG    20/07 19:28:34   0 protoclusters found
DEBUG    20/07 19:28:34   0 subregions found
INFO     20/07 19:28:34   No regions detected, skipping record
INFO     20/07 19:28:34   Analysing record: NZ_JAFMPR010000023.1
INFO     20/07 19:28:34   Detecting secondary metabolite clusters
DEBUG    20/07 19:28:34   Checking if antismash.detection.hmm_detection should be run
INFO     20/07 19:28:34   Running antismash.detection.hmm_detection
INFO     20/07 19:28:34   HMM detection using strictness: relaxed
DEBUG    20/07 19:28:35   0 rule-based cluster(s) found in record
DEBUG    20/07 19:28:35   0 protoclusters found
DEBUG    20/07 19:28:35   0 subregions found
INFO     20/07 19:28:35   No regions detected, skipping record
INFO     20/07 19:28:35   Analysing record: NZ_JAFMPR010000024.1
INFO     20/07 19:28:35   Detecting secondary metabolite clusters
DEBUG    20/07 19:28:35   Checking if antismash.detection.hmm_detection should be run
INFO     20/07 19:28:35   Running antismash.detection.hmm_detection
INFO     20/07 19:28:35   HMM detection using strictness: relaxed
DEBUG    20/07 19:28:35   0 rule-based cluster(s) found in record
DEBUG    20/07 19:28:35   0 protoclusters found
DEBUG    20/07 19:28:35   0 subregions found
INFO     20/07 19:28:35   No regions detected, skipping record
INFO     20/07 19:28:35   Analysing record: NZ_JAFMPR010000025.1
INFO     20/07 19:28:35   Detecting secondary metabolite clusters
DEBUG    20/07 19:28:35   Checking if antismash.detection.hmm_detection should be run
INFO     20/07 19:28:35   Running antismash.detection.hmm_detection
INFO     20/07 19:28:35   HMM detection using strictness: relaxed
DEBUG    20/07 19:28:36   0 rule-based cluster(s) found in record
DEBUG    20/07 19:28:36   0 protoclusters found
DEBUG    20/07 19:28:36   0 subregions found
INFO     20/07 19:28:36   No regions detected, skipping record
INFO     20/07 19:28:36   Analysing record: NZ_JAFMPR010000026.1
INFO     20/07 19:28:36   Detecting secondary metabolite clusters
DEBUG    20/07 19:28:36   Checking if antismash.detection.hmm_detection should be run
INFO     20/07 19:28:36   Running antismash.detection.hmm_detection
INFO     20/07 19:28:36   HMM detection using strictness: relaxed
DEBUG    20/07 19:28:36   0 rule-based cluster(s) found in record
DEBUG    20/07 19:28:36   0 protoclusters found
DEBUG    20/07 19:28:36   0 subregions found
INFO     20/07 19:28:36   No regions detected, skipping record
INFO     20/07 19:28:36   Analysing record: NZ_JAFMPR010000027.1
INFO     20/07 19:28:36   Detecting secondary metabolite clusters
DEBUG    20/07 19:28:36   Checking if antismash.detection.hmm_detection should be run
INFO     20/07 19:28:36   Running antismash.detection.hmm_detection
INFO     20/07 19:28:36   HMM detection using strictness: relaxed
DEBUG    20/07 19:28:37   0 rule-based cluster(s) found in record
DEBUG    20/07 19:28:37   0 protoclusters found
DEBUG    20/07 19:28:37   0 subregions found
INFO     20/07 19:28:37   No regions detected, skipping record
INFO     20/07 19:28:37   Analysing record: NZ_JAFMPR010000028.1
INFO     20/07 19:28:37   Detecting secondary metabolite clusters
DEBUG    20/07 19:28:37   Checking if antismash.detection.hmm_detection should be run
INFO     20/07 19:28:37   Running antismash.detection.hmm_detection
INFO     20/07 19:28:37   HMM detection using strictness: relaxed
DEBUG    20/07 19:28:37   0 rule-based cluster(s) found in record
DEBUG    20/07 19:28:37   0 protoclusters found
DEBUG    20/07 19:28:37   0 subregions found
INFO     20/07 19:28:37   No regions detected, skipping record
INFO     20/07 19:28:37   Analysing record: NZ_JAFMPR010000029.1
INFO     20/07 19:28:37   Detecting secondary metabolite clusters
DEBUG    20/07 19:28:37   Checking if antismash.detection.hmm_detection should be run
INFO     20/07 19:28:37   Running antismash.detection.hmm_detection
INFO     20/07 19:28:37   HMM detection using strictness: relaxed
DEBUG    20/07 19:28:38   0 rule-based cluster(s) found in record
DEBUG    20/07 19:28:38   0 protoclusters found
DEBUG    20/07 19:28:38   0 subregions found
INFO     20/07 19:28:38   No regions detected, skipping record
INFO     20/07 19:28:38   Analysing record: NZ_JAFMPR010000002.1
INFO     20/07 19:28:38   Detecting secondary metabolite clusters
DEBUG    20/07 19:28:38   Checking if antismash.detection.hmm_detection should be run
INFO     20/07 19:28:38   Running antismash.detection.hmm_detection
INFO     20/07 19:28:38   HMM detection using strictness: relaxed
DEBUG    20/07 19:28:40   0 rule-based cluster(s) found in record
DEBUG    20/07 19:28:40   0 protoclusters found
DEBUG    20/07 19:28:40   0 subregions found
INFO     20/07 19:28:40   No regions detected, skipping record
INFO     20/07 19:28:40   Analysing record: NZ_JAFMPR010000030.1
INFO     20/07 19:28:40   Detecting secondary metabolite clusters
DEBUG    20/07 19:28:40   Checking if antismash.detection.hmm_detection should be run
INFO     20/07 19:28:40   Running antismash.detection.hmm_detection
INFO     20/07 19:28:40   HMM detection using strictness: relaxed
DEBUG    20/07 19:28:40   0 rule-based cluster(s) found in record
DEBUG    20/07 19:28:40   0 protoclusters found
DEBUG    20/07 19:28:40   0 subregions found
INFO     20/07 19:28:40   No regions detected, skipping record
INFO     20/07 19:28:40   Analysing record: NZ_JAFMPR010000031.1
INFO     20/07 19:28:40   Detecting secondary metabolite clusters
DEBUG    20/07 19:28:40   Checking if antismash.detection.hmm_detection should be run
INFO     20/07 19:28:40   Running antismash.detection.hmm_detection
INFO     20/07 19:28:40   HMM detection using strictness: relaxed
DEBUG    20/07 19:28:41   0 rule-based cluster(s) found in record
DEBUG    20/07 19:28:41   0 protoclusters found
DEBUG    20/07 19:28:41   0 subregions found
INFO     20/07 19:28:41   No regions detected, skipping record
INFO     20/07 19:28:41   Analysing record: NZ_JAFMPR010000032.1
INFO     20/07 19:28:41   Detecting secondary metabolite clusters
DEBUG    20/07 19:28:41   Checking if antismash.detection.hmm_detection should be run
INFO     20/07 19:28:41   Running antismash.detection.hmm_detection
INFO     20/07 19:28:41   HMM detection using strictness: relaxed
DEBUG    20/07 19:28:41   0 rule-based cluster(s) found in record
DEBUG    20/07 19:28:41   0 protoclusters found
DEBUG    20/07 19:28:41   0 subregions found
INFO     20/07 19:28:41   No regions detected, skipping record
INFO     20/07 19:28:41   Analysing record: NZ_JAFMPR010000033.1
INFO     20/07 19:28:41   Detecting secondary metabolite clusters
DEBUG    20/07 19:28:41   Checking if antismash.detection.hmm_detection should be run
INFO     20/07 19:28:41   Running antismash.detection.hmm_detection
INFO     20/07 19:28:41   HMM detection using strictness: relaxed
DEBUG    20/07 19:28:42   0 rule-based cluster(s) found in record
DEBUG    20/07 19:28:42   0 protoclusters found
DEBUG    20/07 19:28:42   0 subregions found
INFO     20/07 19:28:42   No regions detected, skipping record
INFO     20/07 19:28:42   Analysing record: NZ_JAFMPR010000034.1
INFO     20/07 19:28:42   Detecting secondary metabolite clusters
DEBUG    20/07 19:28:42   Checking if antismash.detection.hmm_detection should be run
INFO     20/07 19:28:42   Running antismash.detection.hmm_detection
INFO     20/07 19:28:42   HMM detection using strictness: relaxed
DEBUG    20/07 19:28:42   0 rule-based cluster(s) found in record
DEBUG    20/07 19:28:42   0 protoclusters found
DEBUG    20/07 19:28:42   0 subregions found
INFO     20/07 19:28:42   No regions detected, skipping record
INFO     20/07 19:28:42   Analysing record: NZ_JAFMPR010000035.1
INFO     20/07 19:28:42   Detecting secondary metabolite clusters
DEBUG    20/07 19:28:42   Checking if antismash.detection.hmm_detection should be run
INFO     20/07 19:28:42   Running antismash.detection.hmm_detection
INFO     20/07 19:28:42   HMM detection using strictness: relaxed
DEBUG    20/07 19:28:43   0 rule-based cluster(s) found in record
DEBUG    20/07 19:28:43   0 protoclusters found
DEBUG    20/07 19:28:43   0 subregions found
INFO     20/07 19:28:43   No regions detected, skipping record
INFO     20/07 19:28:43   Analysing record: NZ_JAFMPR010000036.1
INFO     20/07 19:28:43   Detecting secondary metabolite clusters
DEBUG    20/07 19:28:43   Checking if antismash.detection.hmm_detection should be run
INFO     20/07 19:28:43   Running antismash.detection.hmm_detection
INFO     20/07 19:28:43   HMM detection using strictness: relaxed
DEBUG    20/07 19:28:43   0 rule-based cluster(s) found in record
DEBUG    20/07 19:28:43   0 protoclusters found
DEBUG    20/07 19:28:43   0 subregions found
INFO     20/07 19:28:43   No regions detected, skipping record
INFO     20/07 19:28:43   Analysing record: NZ_JAFMPR010000037.1
INFO     20/07 19:28:43   Detecting secondary metabolite clusters
DEBUG    20/07 19:28:43   Checking if antismash.detection.hmm_detection should be run
INFO     20/07 19:28:43   Running antismash.detection.hmm_detection
INFO     20/07 19:28:43   HMM detection using strictness: relaxed
DEBUG    20/07 19:28:44   0 rule-based cluster(s) found in record
DEBUG    20/07 19:28:44   0 protoclusters found
DEBUG    20/07 19:28:44   0 subregions found
INFO     20/07 19:28:44   No regions detected, skipping record
INFO     20/07 19:28:44   Analysing record: NZ_JAFMPR010000038.1
INFO     20/07 19:28:44   Detecting secondary metabolite clusters
DEBUG    20/07 19:28:44   Checking if antismash.detection.hmm_detection should be run
INFO     20/07 19:28:44   Running antismash.detection.hmm_detection
INFO     20/07 19:28:44   HMM detection using strictness: relaxed
DEBUG    20/07 19:28:44   0 rule-based cluster(s) found in record
DEBUG    20/07 19:28:44   0 protoclusters found
DEBUG    20/07 19:28:44   0 subregions found
INFO     20/07 19:28:44   No regions detected, skipping record
INFO     20/07 19:28:44   Analysing record: NZ_JAFMPR010000039.1
INFO     20/07 19:28:44   Detecting secondary metabolite clusters
DEBUG    20/07 19:28:44   Checking if antismash.detection.hmm_detection should be run
INFO     20/07 19:28:44   Running antismash.detection.hmm_detection
INFO     20/07 19:28:44   HMM detection using strictness: relaxed
DEBUG    20/07 19:28:45   0 rule-based cluster(s) found in record
DEBUG    20/07 19:28:45   0 protoclusters found
DEBUG    20/07 19:28:45   0 subregions found
INFO     20/07 19:28:45   No regions detected, skipping record
INFO     20/07 19:28:45   Analysing record: NZ_JAFMPR010000003.1
INFO     20/07 19:28:45   Detecting secondary metabolite clusters
DEBUG    20/07 19:28:45   Checking if antismash.detection.hmm_detection should be run
INFO     20/07 19:28:45   Running antismash.detection.hmm_detection
INFO     20/07 19:28:45   HMM detection using strictness: relaxed
DEBUG    20/07 19:28:46   1 rule-based cluster(s) found in record
DEBUG    20/07 19:28:46   1 protoclusters found
DEBUG    20/07 19:28:46   0 subregions found
INFO     20/07 19:28:46   1 region(s) detected in record
DEBUG    20/07 19:28:46   Checking if antismash.detection.cluster_hmmer should be run
INFO     20/07 19:28:46   Running antismash.detection.cluster_hmmer
INFO     20/07 19:28:46   Running cluster PFAM search
DEBUG    20/07 19:28:57   Adding detection results from antismash.detection.cluster_hmmer to record
DEBUG    20/07 19:28:57   Checking if antismash.detection.genefunctions should be run
INFO     20/07 19:28:57   Running antismash.detection.genefunctions
DEBUG    20/07 19:28:59   Adding detection results from antismash.detection.genefunctions to record
DEBUG    20/07 19:28:59   annotating CDS features with resist info: 0 CDSes
DEBUG    20/07 19:28:59   annotating CDS features with smcogs info: 11 CDSes
DEBUG    20/07 19:28:59   Checking if antismash.detection.nrps_pks_domains should be run
INFO     20/07 19:28:59   Running antismash.detection.nrps_pks_domains
DEBUG    20/07 19:28:59   Marking NRPS/PKS CDS features and domains in clusters
DEBUG    20/07 19:28:59   Adding detection results from antismash.detection.nrps_pks_domains to record
DEBUG    20/07 19:28:59   Checking if antismash.detection.tigrfam should be run
INFO     20/07 19:28:59   Running antismash.detection.tigrfam
INFO     20/07 19:28:59   Running TIGRFam search
DEBUG    20/07 19:29:02   Adding detection results from antismash.detection.tigrfam to record
DEBUG    20/07 19:29:02   Checking if antismash.modules.active_site_finder should be run
INFO     20/07 19:29:02   Running antismash.modules.active_site_finder
DEBUG    20/07 19:29:02   Checking if antismash.modules.cluster_compare should be run
INFO     20/07 19:29:02   Running antismash.modules.cluster_compare
DEBUG    20/07 19:29:02   Loading comparison database: MIBiG
DEBUG    20/07 19:29:02   Comparison database loaded
INFO     20/07 19:29:02   Comparing regions to reference database
DEBUG    20/07 19:29:04   Checking if antismash.modules.clusterblast should be run
INFO     20/07 19:29:04   Running antismash.modules.clusterblast
INFO     20/07 19:29:04   Finding internal homologs in each gene cluster...
INFO     20/07 19:29:05   Running ClusterBlast
INFO     20/07 19:29:05   ClusterBlast: Loading gene cluster database into memory...
INFO     20/07 19:29:07   ClusterBlast: Loading gene cluster database proteins into memory...
INFO     20/07 19:29:18   Comparing regions to reference database
INFO     20/07 19:30:12   Running subcluster search
INFO     20/07 19:30:12   SubClusterBlast: Loading gene cluster database into memory...
INFO     20/07 19:30:12   SubClusterBlast: Loading gene cluster database proteins into memory...
INFO     20/07 19:30:13   Running known cluster search
INFO     20/07 19:30:13   KnownClusterBlast: Loading gene cluster database into memory...
INFO     20/07 19:30:13   KnownClusterBlast: Loading gene cluster database proteins into memory...
DEBUG    20/07 19:30:13   Running DIAMOND knowncluster searches..
INFO     20/07 19:30:13   Comparing regions to reference database
DEBUG    20/07 19:30:15   Checking if antismash.modules.lanthipeptides should be run
INFO     20/07 19:30:15   Running antismash.modules.lanthipeptides
DEBUG    20/07 19:30:15   Lanthipeptide module marked 0 motifs
DEBUG    20/07 19:30:16   Checking if antismash.modules.lassopeptides should be run
INFO     20/07 19:30:16   Running antismash.modules.lassopeptides
DEBUG    20/07 19:30:18   Lassopeptide module marked 0 motifs
DEBUG    20/07 19:30:18   Checking if antismash.modules.nrps_pks should be run
INFO     20/07 19:30:18   Running antismash.modules.nrps_pks
DEBUG    20/07 19:30:18   CandidateCluster 1 monomer ordering method: colinear
DEBUG    20/07 19:30:18   Checking if antismash.modules.pfam2go should be run
INFO     20/07 19:30:18   Running antismash.modules.pfam2go
DEBUG    20/07 19:30:18   Checking if antismash.modules.rrefinder should be run
INFO     20/07 19:30:18   Running antismash.modules.rrefinder
DEBUG    20/07 19:30:18   Checking if antismash.modules.sactipeptides should be run
INFO     20/07 19:30:18   Running antismash.modules.sactipeptides
DEBUG    20/07 19:30:18   Found no sactipeptide motifs
DEBUG    20/07 19:30:20   Checking if antismash.modules.t2pks should be run
INFO     20/07 19:30:20   Running antismash.modules.t2pks
DEBUG    20/07 19:30:20   No type II PKS clusters to analyze
DEBUG    20/07 19:30:20   Checking if antismash.modules.tfbs_finder should be run
INFO     20/07 19:30:20   Running antismash.modules.tfbs_finder
DEBUG    20/07 19:30:20   Checking if antismash.modules.thiopeptides should be run
INFO     20/07 19:30:20   Running antismash.modules.thiopeptides
DEBUG    20/07 19:30:20   Thiopeptides marked 0 motifs
DEBUG    20/07 19:30:21   Checking if antismash.modules.tta should be run
INFO     20/07 19:30:21   Running antismash.modules.tta
INFO     20/07 19:30:21   Skipping TTA codon detection, GC content too low: 64%
INFO     20/07 19:30:21   Analysing record: NZ_JAFMPR010000040.1
INFO     20/07 19:30:21   Detecting secondary metabolite clusters
DEBUG    20/07 19:30:21   Checking if antismash.detection.hmm_detection should be run
INFO     20/07 19:30:21   Running antismash.detection.hmm_detection
INFO     20/07 19:30:21   HMM detection using strictness: relaxed
DEBUG    20/07 19:30:21   0 rule-based cluster(s) found in record
DEBUG    20/07 19:30:21   0 protoclusters found
DEBUG    20/07 19:30:21   0 subregions found
INFO     20/07 19:30:21   No regions detected, skipping record
INFO     20/07 19:30:21   Analysing record: NZ_JAFMPR010000041.1
INFO     20/07 19:30:21   Detecting secondary metabolite clusters
DEBUG    20/07 19:30:21   Checking if antismash.detection.hmm_detection should be run
INFO     20/07 19:30:21   Running antismash.detection.hmm_detection
INFO     20/07 19:30:21   HMM detection using strictness: relaxed
DEBUG    20/07 19:30:22   0 rule-based cluster(s) found in record
DEBUG    20/07 19:30:22   0 protoclusters found
DEBUG    20/07 19:30:22   0 subregions found
INFO     20/07 19:30:22   No regions detected, skipping record
INFO     20/07 19:30:22   Analysing record: NZ_JAFMPR010000004.1
INFO     20/07 19:30:22   Detecting secondary metabolite clusters
DEBUG    20/07 19:30:22   Checking if antismash.detection.hmm_detection should be run
INFO     20/07 19:30:22   Running antismash.detection.hmm_detection
INFO     20/07 19:30:22   HMM detection using strictness: relaxed
DEBUG    20/07 19:30:23   0 rule-based cluster(s) found in record
DEBUG    20/07 19:30:23   0 protoclusters found
DEBUG    20/07 19:30:23   0 subregions found
INFO     20/07 19:30:23   No regions detected, skipping record
INFO     20/07 19:30:23   Analysing record: NZ_JAFMPR010000005.1
INFO     20/07 19:30:23   Detecting secondary metabolite clusters
DEBUG    20/07 19:30:23   Checking if antismash.detection.hmm_detection should be run
INFO     20/07 19:30:23   Running antismash.detection.hmm_detection
INFO     20/07 19:30:23   HMM detection using strictness: relaxed
DEBUG    20/07 19:30:25   0 rule-based cluster(s) found in record
DEBUG    20/07 19:30:25   0 protoclusters found
DEBUG    20/07 19:30:25   0 subregions found
INFO     20/07 19:30:25   No regions detected, skipping record
INFO     20/07 19:30:25   Analysing record: NZ_JAFMPR010000006.1
INFO     20/07 19:30:25   Detecting secondary metabolite clusters
DEBUG    20/07 19:30:25   Checking if antismash.detection.hmm_detection should be run
INFO     20/07 19:30:25   Running antismash.detection.hmm_detection
INFO     20/07 19:30:25   HMM detection using strictness: relaxed
DEBUG    20/07 19:30:26   0 rule-based cluster(s) found in record
DEBUG    20/07 19:30:26   0 protoclusters found
DEBUG    20/07 19:30:26   0 subregions found
INFO     20/07 19:30:26   No regions detected, skipping record
INFO     20/07 19:30:26   Analysing record: NZ_JAFMPR010000007.1
INFO     20/07 19:30:26   Detecting secondary metabolite clusters
DEBUG    20/07 19:30:26   Checking if antismash.detection.hmm_detection should be run
INFO     20/07 19:30:26   Running antismash.detection.hmm_detection
INFO     20/07 19:30:26   HMM detection using strictness: relaxed
DEBUG    20/07 19:30:27   0 rule-based cluster(s) found in record
DEBUG    20/07 19:30:27   0 protoclusters found
DEBUG    20/07 19:30:27   0 subregions found
INFO     20/07 19:30:27   No regions detected, skipping record
INFO     20/07 19:30:27   Analysing record: NZ_JAFMPR010000008.1
INFO     20/07 19:30:27   Detecting secondary metabolite clusters
DEBUG    20/07 19:30:27   Checking if antismash.detection.hmm_detection should be run
INFO     20/07 19:30:27   Running antismash.detection.hmm_detection
INFO     20/07 19:30:27   HMM detection using strictness: relaxed
DEBUG    20/07 19:30:28   1 rule-based cluster(s) found in record
DEBUG    20/07 19:30:28   1 protoclusters found
DEBUG    20/07 19:30:28   0 subregions found
INFO     20/07 19:30:28   1 region(s) detected in record
DEBUG    20/07 19:30:28   Checking if antismash.detection.cluster_hmmer should be run
INFO     20/07 19:30:28   Running antismash.detection.cluster_hmmer
INFO     20/07 19:30:28   Running cluster PFAM search
DEBUG    20/07 19:30:36   Adding detection results from antismash.detection.cluster_hmmer to record
DEBUG    20/07 19:30:36   Checking if antismash.detection.genefunctions should be run
INFO     20/07 19:30:36   Running antismash.detection.genefunctions
DEBUG    20/07 19:30:37   Adding detection results from antismash.detection.genefunctions to record
DEBUG    20/07 19:30:37   annotating CDS features with resist info: 0 CDSes
DEBUG    20/07 19:30:37   annotating CDS features with smcogs info: 4 CDSes
DEBUG    20/07 19:30:37   Checking if antismash.detection.nrps_pks_domains should be run
INFO     20/07 19:30:37   Running antismash.detection.nrps_pks_domains
DEBUG    20/07 19:30:37   Marking NRPS/PKS CDS features and domains in clusters
DEBUG    20/07 19:30:37   Adding detection results from antismash.detection.nrps_pks_domains to record
DEBUG    20/07 19:30:37   Checking if antismash.detection.tigrfam should be run
INFO     20/07 19:30:37   Running antismash.detection.tigrfam
INFO     20/07 19:30:37   Running TIGRFam search
DEBUG    20/07 19:30:39   Adding detection results from antismash.detection.tigrfam to record
DEBUG    20/07 19:30:39   Checking if antismash.modules.active_site_finder should be run
INFO     20/07 19:30:39   Running antismash.modules.active_site_finder
DEBUG    20/07 19:30:39   Checking if antismash.modules.cluster_compare should be run
INFO     20/07 19:30:39   Running antismash.modules.cluster_compare
DEBUG    20/07 19:30:39   Loading comparison database: MIBiG
DEBUG    20/07 19:30:39   Comparison database loaded
INFO     20/07 19:30:39   Comparing regions to reference database
DEBUG    20/07 19:30:41   Checking if antismash.modules.clusterblast should be run
INFO     20/07 19:30:41   Running antismash.modules.clusterblast
INFO     20/07 19:30:41   Finding internal homologs in each gene cluster...
INFO     20/07 19:30:41   Running ClusterBlast
INFO     20/07 19:30:41   ClusterBlast: Loading gene cluster database into memory...
INFO     20/07 19:30:43   ClusterBlast: Loading gene cluster database proteins into memory...
INFO     20/07 19:30:54   Comparing regions to reference database
INFO     20/07 19:31:47   Running subcluster search
INFO     20/07 19:31:47   SubClusterBlast: Loading gene cluster database into memory...
INFO     20/07 19:31:47   SubClusterBlast: Loading gene cluster database proteins into memory...
INFO     20/07 19:31:48   Running known cluster search
INFO     20/07 19:31:48   KnownClusterBlast: Loading gene cluster database into memory...
INFO     20/07 19:31:48   KnownClusterBlast: Loading gene cluster database proteins into memory...
DEBUG    20/07 19:31:48   Running DIAMOND knowncluster searches..
INFO     20/07 19:31:48   Comparing regions to reference database
DEBUG    20/07 19:31:50   Checking if antismash.modules.lanthipeptides should be run
INFO     20/07 19:31:50   Running antismash.modules.lanthipeptides
DEBUG    20/07 19:31:50   Lanthipeptide module marked 0 motifs
DEBUG    20/07 19:31:51   Checking if antismash.modules.lassopeptides should be run
INFO     20/07 19:31:51   Running antismash.modules.lassopeptides
DEBUG    20/07 19:31:53   Lassopeptide module marked 0 motifs
DEBUG    20/07 19:31:53   Checking if antismash.modules.nrps_pks should be run
INFO     20/07 19:31:53   Running antismash.modules.nrps_pks
DEBUG    20/07 19:31:53   Checking if antismash.modules.pfam2go should be run
INFO     20/07 19:31:53   Running antismash.modules.pfam2go
DEBUG    20/07 19:31:53   Checking if antismash.modules.rrefinder should be run
INFO     20/07 19:31:53   Running antismash.modules.rrefinder
DEBUG    20/07 19:31:53   Checking if antismash.modules.sactipeptides should be run
INFO     20/07 19:31:53   Running antismash.modules.sactipeptides
DEBUG    20/07 19:31:53   Found no sactipeptide motifs
DEBUG    20/07 19:31:54   Checking if antismash.modules.t2pks should be run
INFO     20/07 19:31:54   Running antismash.modules.t2pks
DEBUG    20/07 19:31:54   No type II PKS clusters to analyze
DEBUG    20/07 19:31:54   Checking if antismash.modules.tfbs_finder should be run
INFO     20/07 19:31:54   Running antismash.modules.tfbs_finder
DEBUG    20/07 19:31:54   Checking if antismash.modules.thiopeptides should be run
INFO     20/07 19:31:54   Running antismash.modules.thiopeptides
DEBUG    20/07 19:31:54   Thiopeptides marked 0 motifs
DEBUG    20/07 19:31:55   Checking if antismash.modules.tta should be run
INFO     20/07 19:31:55   Running antismash.modules.tta
INFO     20/07 19:31:55   Skipping TTA codon detection, GC content too low: 64%
INFO     20/07 19:31:55   Analysing record: NZ_JAFMPR010000009.1
INFO     20/07 19:31:55   Detecting secondary metabolite clusters
DEBUG    20/07 19:31:55   Checking if antismash.detection.hmm_detection should be run
INFO     20/07 19:31:55   Running antismash.detection.hmm_detection
INFO     20/07 19:31:55   HMM detection using strictness: relaxed
DEBUG    20/07 19:31:56   0 rule-based cluster(s) found in record
DEBUG    20/07 19:31:56   0 protoclusters found
DEBUG    20/07 19:31:56   0 subregions found
INFO     20/07 19:31:56   No regions detected, skipping record
DEBUG    20/07 19:31:56   Writing json results to '/data/antismash/upload/bacteria-7d81e2f7-9f45-49a2-a386-5a799ae0715e/GCF_020667835.1_Roseibaca_sp._Y0-43_Y0-43.json'
DEBUG    20/07 19:31:56   Record NZ_JAFMPR010000010.1 has results for modules: hmm_detection
DEBUG    20/07 19:31:56   Converting antismash.detection.hmm_detection results to json
DEBUG    20/07 19:31:56   Record NZ_JAFMPR010000011.1 has results for modules: hmm_detection
DEBUG    20/07 19:31:56   Converting antismash.detection.hmm_detection results to json
DEBUG    20/07 19:31:56   Record NZ_JAFMPR010000012.1 has results for modules: hmm_detection, cluster_hmmer, genefunctions, nrps_pks_domains, tigrfam, active_site_finder, cluster_compare, clusterblast, lanthipeptides, lassopeptides, nrps_pks, pfam2go, rrefinder, sactipeptides, t2pks, tfbs_finder, thiopeptides, tta
DEBUG    20/07 19:31:56   Converting antismash.detection.hmm_detection results to json
DEBUG    20/07 19:31:56   Converting antismash.detection.cluster_hmmer results to json
DEBUG    20/07 19:31:56   Converting antismash.detection.genefunctions results to json
DEBUG    20/07 19:31:56   Converting antismash.detection.nrps_pks_domains results to json
DEBUG    20/07 19:31:56   Converting antismash.detection.tigrfam results to json
DEBUG    20/07 19:31:56   Converting antismash.modules.active_site_finder results to json
DEBUG    20/07 19:31:56   Converting antismash.modules.cluster_compare results to json
DEBUG    20/07 19:31:56   Converting antismash.modules.clusterblast results to json
DEBUG    20/07 19:31:56   Converting antismash.modules.lanthipeptides results to json
DEBUG    20/07 19:31:56   Converting antismash.modules.lassopeptides results to json
DEBUG    20/07 19:31:56   Converting antismash.modules.nrps_pks results to json
DEBUG    20/07 19:31:56   Converting antismash.modules.pfam2go results to json
DEBUG    20/07 19:31:56   Converting antismash.modules.rrefinder results to json
DEBUG    20/07 19:31:56   Converting antismash.modules.sactipeptides results to json
DEBUG    20/07 19:31:56   Converting antismash.modules.t2pks results to json
DEBUG    20/07 19:31:56   Converting antismash.modules.tfbs_finder results to json
DEBUG    20/07 19:31:56   Converting antismash.modules.thiopeptides results to json
DEBUG    20/07 19:31:56   Converting antismash.modules.tta results to json
DEBUG    20/07 19:31:56   Record NZ_JAFMPR010000013.1 has results for modules: hmm_detection
DEBUG    20/07 19:31:56   Converting antismash.detection.hmm_detection results to json
DEBUG    20/07 19:31:56   Record NZ_JAFMPR010000014.1 has results for modules: hmm_detection
DEBUG    20/07 19:31:56   Converting antismash.detection.hmm_detection results to json
DEBUG    20/07 19:31:56   Record NZ_JAFMPR010000015.1 has results for modules: hmm_detection
DEBUG    20/07 19:31:56   Converting antismash.detection.hmm_detection results to json
DEBUG    20/07 19:31:56   Record NZ_JAFMPR010000016.1 has results for modules: hmm_detection
DEBUG    20/07 19:31:56   Converting antismash.detection.hmm_detection results to json
DEBUG    20/07 19:31:56   Record NZ_JAFMPR010000017.1 has results for modules: hmm_detection
DEBUG    20/07 19:31:56   Converting antismash.detection.hmm_detection results to json
DEBUG    20/07 19:31:56   Record NZ_JAFMPR010000018.1 has results for modules: hmm_detection
DEBUG    20/07 19:31:56   Converting antismash.detection.hmm_detection results to json
DEBUG    20/07 19:31:56   Record NZ_JAFMPR010000019.1 has results for modules: hmm_detection
DEBUG    20/07 19:31:56   Converting antismash.detection.hmm_detection results to json
DEBUG    20/07 19:31:56   Record NZ_JAFMPR010000001.1 has results for modules: hmm_detection, cluster_hmmer, genefunctions, nrps_pks_domains, tigrfam, active_site_finder, cluster_compare, clusterblast, lanthipeptides, lassopeptides, nrps_pks, pfam2go, rrefinder, sactipeptides, t2pks, tfbs_finder, thiopeptides
DEBUG    20/07 19:31:56   Converting antismash.detection.hmm_detection results to json
DEBUG    20/07 19:31:56   Converting antismash.detection.cluster_hmmer results to json
DEBUG    20/07 19:31:56   Converting antismash.detection.genefunctions results to json
DEBUG    20/07 19:31:56   Converting antismash.detection.nrps_pks_domains results to json
DEBUG    20/07 19:31:56   Converting antismash.detection.tigrfam results to json
DEBUG    20/07 19:31:56   Converting antismash.modules.active_site_finder results to json
DEBUG    20/07 19:31:56   Converting antismash.modules.cluster_compare results to json
DEBUG    20/07 19:31:56   Converting antismash.modules.clusterblast results to json
DEBUG    20/07 19:31:56   Converting antismash.modules.lanthipeptides results to json
DEBUG    20/07 19:31:56   Converting antismash.modules.lassopeptides results to json
DEBUG    20/07 19:31:56   Converting antismash.modules.nrps_pks results to json
DEBUG    20/07 19:31:56   Converting antismash.modules.pfam2go results to json
DEBUG    20/07 19:31:56   Converting antismash.modules.rrefinder results to json
DEBUG    20/07 19:31:56   Converting antismash.modules.sactipeptides results to json
DEBUG    20/07 19:31:56   Converting antismash.modules.t2pks results to json
DEBUG    20/07 19:31:56   Converting antismash.modules.tfbs_finder results to json
DEBUG    20/07 19:31:56   Converting antismash.modules.thiopeptides results to json
DEBUG    20/07 19:31:56   Converting antismash.modules.tta results to json
DEBUG    20/07 19:31:56   Record NZ_JAFMPR010000020.1 has results for modules: hmm_detection
DEBUG    20/07 19:31:56   Converting antismash.detection.hmm_detection results to json
DEBUG    20/07 19:31:56   Record NZ_JAFMPR010000021.1 has results for modules: hmm_detection
DEBUG    20/07 19:31:56   Converting antismash.detection.hmm_detection results to json
DEBUG    20/07 19:31:56   Record NZ_JAFMPR010000022.1 has results for modules: hmm_detection
DEBUG    20/07 19:31:56   Converting antismash.detection.hmm_detection results to json
DEBUG    20/07 19:31:56   Record NZ_JAFMPR010000023.1 has results for modules: hmm_detection
DEBUG    20/07 19:31:56   Converting antismash.detection.hmm_detection results to json
DEBUG    20/07 19:31:56   Record NZ_JAFMPR010000024.1 has results for modules: hmm_detection
DEBUG    20/07 19:31:56   Converting antismash.detection.hmm_detection results to json
DEBUG    20/07 19:31:56   Record NZ_JAFMPR010000025.1 has results for modules: hmm_detection
DEBUG    20/07 19:31:56   Converting antismash.detection.hmm_detection results to json
DEBUG    20/07 19:31:56   Record NZ_JAFMPR010000026.1 has results for modules: hmm_detection
DEBUG    20/07 19:31:56   Converting antismash.detection.hmm_detection results to json
DEBUG    20/07 19:31:56   Record NZ_JAFMPR010000027.1 has results for modules: hmm_detection
DEBUG    20/07 19:31:56   Converting antismash.detection.hmm_detection results to json
DEBUG    20/07 19:31:56   Record NZ_JAFMPR010000028.1 has results for modules: hmm_detection
DEBUG    20/07 19:31:56   Converting antismash.detection.hmm_detection results to json
DEBUG    20/07 19:31:56   Record NZ_JAFMPR010000029.1 has results for modules: hmm_detection
DEBUG    20/07 19:31:56   Converting antismash.detection.hmm_detection results to json
DEBUG    20/07 19:31:56   Record NZ_JAFMPR010000002.1 has results for modules: hmm_detection
DEBUG    20/07 19:31:56   Converting antismash.detection.hmm_detection results to json
DEBUG    20/07 19:31:56   Record NZ_JAFMPR010000030.1 has results for modules: hmm_detection
DEBUG    20/07 19:31:56   Converting antismash.detection.hmm_detection results to json
DEBUG    20/07 19:31:56   Record NZ_JAFMPR010000031.1 has results for modules: hmm_detection
DEBUG    20/07 19:31:56   Converting antismash.detection.hmm_detection results to json
DEBUG    20/07 19:31:56   Record NZ_JAFMPR010000032.1 has results for modules: hmm_detection
DEBUG    20/07 19:31:56   Converting antismash.detection.hmm_detection results to json
DEBUG    20/07 19:31:56   Record NZ_JAFMPR010000033.1 has results for modules: hmm_detection
DEBUG    20/07 19:31:56   Converting antismash.detection.hmm_detection results to json
DEBUG    20/07 19:31:56   Record NZ_JAFMPR010000034.1 has results for modules: hmm_detection
DEBUG    20/07 19:31:56   Converting antismash.detection.hmm_detection results to json
DEBUG    20/07 19:31:56   Record NZ_JAFMPR010000035.1 has results for modules: hmm_detection
DEBUG    20/07 19:31:56   Converting antismash.detection.hmm_detection results to json
DEBUG    20/07 19:31:56   Record NZ_JAFMPR010000036.1 has results for modules: hmm_detection
DEBUG    20/07 19:31:56   Converting antismash.detection.hmm_detection results to json
DEBUG    20/07 19:31:56   Record NZ_JAFMPR010000037.1 has results for modules: hmm_detection
DEBUG    20/07 19:31:56   Converting antismash.detection.hmm_detection results to json
DEBUG    20/07 19:31:56   Record NZ_JAFMPR010000038.1 has results for modules: hmm_detection
DEBUG    20/07 19:31:56   Converting antismash.detection.hmm_detection results to json
DEBUG    20/07 19:31:56   Record NZ_JAFMPR010000039.1 has results for modules: hmm_detection
DEBUG    20/07 19:31:56   Converting antismash.detection.hmm_detection results to json
DEBUG    20/07 19:31:56   Record NZ_JAFMPR010000003.1 has results for modules: hmm_detection, cluster_hmmer, genefunctions, nrps_pks_domains, tigrfam, active_site_finder, cluster_compare, clusterblast, lanthipeptides, lassopeptides, nrps_pks, pfam2go, rrefinder, sactipeptides, t2pks, tfbs_finder, thiopeptides
DEBUG    20/07 19:31:56   Converting antismash.detection.hmm_detection results to json
DEBUG    20/07 19:31:56   Converting antismash.detection.cluster_hmmer results to json
DEBUG    20/07 19:31:56   Converting antismash.detection.genefunctions results to json
DEBUG    20/07 19:31:56   Converting antismash.detection.nrps_pks_domains results to json
DEBUG    20/07 19:31:56   Converting antismash.detection.tigrfam results to json
DEBUG    20/07 19:31:56   Converting antismash.modules.active_site_finder results to json
DEBUG    20/07 19:31:56   Converting antismash.modules.cluster_compare results to json
DEBUG    20/07 19:31:56   Converting antismash.modules.clusterblast results to json
DEBUG    20/07 19:31:56   Converting antismash.modules.lanthipeptides results to json
DEBUG    20/07 19:31:56   Converting antismash.modules.lassopeptides results to json
DEBUG    20/07 19:31:56   Converting antismash.modules.nrps_pks results to json
DEBUG    20/07 19:31:56   Converting antismash.modules.pfam2go results to json
DEBUG    20/07 19:31:56   Converting antismash.modules.rrefinder results to json
DEBUG    20/07 19:31:56   Converting antismash.modules.sactipeptides results to json
DEBUG    20/07 19:31:56   Converting antismash.modules.t2pks results to json
DEBUG    20/07 19:31:56   Converting antismash.modules.tfbs_finder results to json
DEBUG    20/07 19:31:56   Converting antismash.modules.thiopeptides results to json
DEBUG    20/07 19:31:56   Converting antismash.modules.tta results to json
DEBUG    20/07 19:31:56   Record NZ_JAFMPR010000040.1 has results for modules: hmm_detection
DEBUG    20/07 19:31:56   Converting antismash.detection.hmm_detection results to json
DEBUG    20/07 19:31:56   Record NZ_JAFMPR010000041.1 has results for modules: hmm_detection
DEBUG    20/07 19:31:56   Converting antismash.detection.hmm_detection results to json
DEBUG    20/07 19:31:56   Record NZ_JAFMPR010000004.1 has results for modules: hmm_detection
DEBUG    20/07 19:31:56   Converting antismash.detection.hmm_detection results to json
DEBUG    20/07 19:31:56   Record NZ_JAFMPR010000005.1 has results for modules: hmm_detection
DEBUG    20/07 19:31:56   Converting antismash.detection.hmm_detection results to json
DEBUG    20/07 19:31:56   Record NZ_JAFMPR010000006.1 has results for modules: hmm_detection
DEBUG    20/07 19:31:56   Converting antismash.detection.hmm_detection results to json
DEBUG    20/07 19:31:56   Record NZ_JAFMPR010000007.1 has results for modules: hmm_detection
DEBUG    20/07 19:31:56   Converting antismash.detection.hmm_detection results to json
DEBUG    20/07 19:31:56   Record NZ_JAFMPR010000008.1 has results for modules: hmm_detection, cluster_hmmer, genefunctions, nrps_pks_domains, tigrfam, active_site_finder, cluster_compare, clusterblast, lanthipeptides, lassopeptides, nrps_pks, pfam2go, rrefinder, sactipeptides, t2pks, tfbs_finder, thiopeptides
DEBUG    20/07 19:31:56   Converting antismash.detection.hmm_detection results to json
DEBUG    20/07 19:31:56   Converting antismash.detection.cluster_hmmer results to json
DEBUG    20/07 19:31:56   Converting antismash.detection.genefunctions results to json
DEBUG    20/07 19:31:56   Converting antismash.detection.nrps_pks_domains results to json
DEBUG    20/07 19:31:56   Converting antismash.detection.tigrfam results to json
DEBUG    20/07 19:31:56   Converting antismash.modules.active_site_finder results to json
DEBUG    20/07 19:31:56   Converting antismash.modules.cluster_compare results to json
DEBUG    20/07 19:31:56   Converting antismash.modules.clusterblast results to json
DEBUG    20/07 19:31:56   Converting antismash.modules.lanthipeptides results to json
DEBUG    20/07 19:31:56   Converting antismash.modules.lassopeptides results to json
DEBUG    20/07 19:31:56   Converting antismash.modules.nrps_pks results to json
DEBUG    20/07 19:31:56   Converting antismash.modules.pfam2go results to json
DEBUG    20/07 19:31:56   Converting antismash.modules.rrefinder results to json
DEBUG    20/07 19:31:56   Converting antismash.modules.sactipeptides results to json
DEBUG    20/07 19:31:56   Converting antismash.modules.t2pks results to json
DEBUG    20/07 19:31:56   Converting antismash.modules.tfbs_finder results to json
DEBUG    20/07 19:31:56   Converting antismash.modules.thiopeptides results to json
DEBUG    20/07 19:31:56   Converting antismash.modules.tta results to json
DEBUG    20/07 19:31:56   Record NZ_JAFMPR010000009.1 has results for modules: hmm_detection
DEBUG    20/07 19:31:56   Converting antismash.detection.hmm_detection results to json
DEBUG    20/07 19:31:56   Not annotating skipped record NZ_JAFMPR010000010.1: No regions detected
DEBUG    20/07 19:31:56   Not annotating skipped record NZ_JAFMPR010000011.1: No regions detected
DEBUG    20/07 19:31:56   Annotating record NZ_JAFMPR010000012.1 with results from: hmm_detection, cluster_hmmer, genefunctions, nrps_pks_domains, tigrfam, active_site_finder, cluster_compare, clusterblast, lanthipeptides, lassopeptides, nrps_pks, pfam2go, rrefinder, sactipeptides, t2pks, tfbs_finder, thiopeptides, tta
DEBUG    20/07 19:31:56    Adding results from antismash.modules.active_site_finder
DEBUG    20/07 19:31:56    Adding results from antismash.modules.cluster_compare
DEBUG    20/07 19:31:56    Adding results from antismash.modules.clusterblast
DEBUG    20/07 19:31:56    Adding results from antismash.modules.lanthipeptides
DEBUG    20/07 19:31:56    Adding results from antismash.modules.lassopeptides
DEBUG    20/07 19:31:56    Adding results from antismash.modules.nrps_pks
DEBUG    20/07 19:31:56    Adding results from antismash.modules.pfam2go
DEBUG    20/07 19:31:56    Adding results from antismash.modules.rrefinder
DEBUG    20/07 19:31:56    Adding results from antismash.modules.sactipeptides
DEBUG    20/07 19:31:56    Adding results from antismash.modules.t2pks
DEBUG    20/07 19:31:56    Adding results from antismash.modules.tfbs_finder
DEBUG    20/07 19:31:56    Adding results from antismash.modules.thiopeptides
DEBUG    20/07 19:31:56    Adding results from antismash.modules.tta
DEBUG    20/07 19:31:56   Not annotating skipped record NZ_JAFMPR010000013.1: No regions detected
DEBUG    20/07 19:31:56   Not annotating skipped record NZ_JAFMPR010000014.1: No regions detected
DEBUG    20/07 19:31:56   Not annotating skipped record NZ_JAFMPR010000015.1: No regions detected
DEBUG    20/07 19:31:56   Not annotating skipped record NZ_JAFMPR010000016.1: No regions detected
DEBUG    20/07 19:31:56   Not annotating skipped record NZ_JAFMPR010000017.1: No regions detected
DEBUG    20/07 19:31:56   Not annotating skipped record NZ_JAFMPR010000018.1: No regions detected
DEBUG    20/07 19:31:56   Not annotating skipped record NZ_JAFMPR010000019.1: No regions detected
DEBUG    20/07 19:31:56   Annotating record NZ_JAFMPR010000001.1 with results from: hmm_detection, cluster_hmmer, genefunctions, nrps_pks_domains, tigrfam, active_site_finder, cluster_compare, clusterblast, lanthipeptides, lassopeptides, nrps_pks, pfam2go, rrefinder, sactipeptides, t2pks, tfbs_finder, thiopeptides, tta
DEBUG    20/07 19:31:56    Adding results from antismash.modules.active_site_finder
DEBUG    20/07 19:31:56    Adding results from antismash.modules.cluster_compare
DEBUG    20/07 19:31:56    Adding results from antismash.modules.clusterblast
DEBUG    20/07 19:31:56    Adding results from antismash.modules.lanthipeptides
DEBUG    20/07 19:31:56    Adding results from antismash.modules.lassopeptides
DEBUG    20/07 19:31:56    Adding results from antismash.modules.nrps_pks
DEBUG    20/07 19:31:56    Adding results from antismash.modules.pfam2go
DEBUG    20/07 19:31:56    Adding results from antismash.modules.rrefinder
DEBUG    20/07 19:31:56    Adding results from antismash.modules.sactipeptides
DEBUG    20/07 19:31:56    Adding results from antismash.modules.t2pks
DEBUG    20/07 19:31:56    Adding results from antismash.modules.tfbs_finder
DEBUG    20/07 19:31:56    Adding results from antismash.modules.thiopeptides
DEBUG    20/07 19:31:56    Adding results from antismash.modules.tta
DEBUG    20/07 19:31:56   Not annotating skipped record NZ_JAFMPR010000020.1: No regions detected
DEBUG    20/07 19:31:56   Not annotating skipped record NZ_JAFMPR010000021.1: No regions detected
DEBUG    20/07 19:31:56   Not annotating skipped record NZ_JAFMPR010000022.1: No regions detected
DEBUG    20/07 19:31:56   Not annotating skipped record NZ_JAFMPR010000023.1: No regions detected
DEBUG    20/07 19:31:56   Not annotating skipped record NZ_JAFMPR010000024.1: No regions detected
DEBUG    20/07 19:31:56   Not annotating skipped record NZ_JAFMPR010000025.1: No regions detected
DEBUG    20/07 19:31:56   Not annotating skipped record NZ_JAFMPR010000026.1: No regions detected
DEBUG    20/07 19:31:56   Not annotating skipped record NZ_JAFMPR010000027.1: No regions detected
DEBUG    20/07 19:31:56   Not annotating skipped record NZ_JAFMPR010000028.1: No regions detected
DEBUG    20/07 19:31:56   Not annotating skipped record NZ_JAFMPR010000029.1: No regions detected
DEBUG    20/07 19:31:56   Not annotating skipped record NZ_JAFMPR010000002.1: No regions detected
DEBUG    20/07 19:31:56   Not annotating skipped record NZ_JAFMPR010000030.1: No regions detected
DEBUG    20/07 19:31:56   Not annotating skipped record NZ_JAFMPR010000031.1: No regions detected
DEBUG    20/07 19:31:56   Not annotating skipped record NZ_JAFMPR010000032.1: No regions detected
DEBUG    20/07 19:31:56   Not annotating skipped record NZ_JAFMPR010000033.1: No regions detected
DEBUG    20/07 19:31:56   Not annotating skipped record NZ_JAFMPR010000034.1: No regions detected
DEBUG    20/07 19:31:56   Not annotating skipped record NZ_JAFMPR010000035.1: No regions detected
DEBUG    20/07 19:31:56   Not annotating skipped record NZ_JAFMPR010000036.1: No regions detected
DEBUG    20/07 19:31:56   Not annotating skipped record NZ_JAFMPR010000037.1: No regions detected
DEBUG    20/07 19:31:56   Not annotating skipped record NZ_JAFMPR010000038.1: No regions detected
DEBUG    20/07 19:31:56   Not annotating skipped record NZ_JAFMPR010000039.1: No regions detected
DEBUG    20/07 19:31:56   Annotating record NZ_JAFMPR010000003.1 with results from: hmm_detection, cluster_hmmer, genefunctions, nrps_pks_domains, tigrfam, active_site_finder, cluster_compare, clusterblast, lanthipeptides, lassopeptides, nrps_pks, pfam2go, rrefinder, sactipeptides, t2pks, tfbs_finder, thiopeptides, tta
DEBUG    20/07 19:31:56    Adding results from antismash.modules.active_site_finder
DEBUG    20/07 19:31:56    Adding results from antismash.modules.cluster_compare
DEBUG    20/07 19:31:56    Adding results from antismash.modules.clusterblast
DEBUG    20/07 19:31:56    Adding results from antismash.modules.lanthipeptides
DEBUG    20/07 19:31:56    Adding results from antismash.modules.lassopeptides
DEBUG    20/07 19:31:56    Adding results from antismash.modules.nrps_pks
DEBUG    20/07 19:31:56    Adding results from antismash.modules.pfam2go
DEBUG    20/07 19:31:56    Adding results from antismash.modules.rrefinder
DEBUG    20/07 19:31:56    Adding results from antismash.modules.sactipeptides
DEBUG    20/07 19:31:56    Adding results from antismash.modules.t2pks
DEBUG    20/07 19:31:56    Adding results from antismash.modules.tfbs_finder
DEBUG    20/07 19:31:56    Adding results from antismash.modules.thiopeptides
DEBUG    20/07 19:31:56    Adding results from antismash.modules.tta
DEBUG    20/07 19:31:56   Not annotating skipped record NZ_JAFMPR010000040.1: No regions detected
DEBUG    20/07 19:31:56   Not annotating skipped record NZ_JAFMPR010000041.1: No regions detected
DEBUG    20/07 19:31:56   Not annotating skipped record NZ_JAFMPR010000004.1: No regions detected
DEBUG    20/07 19:31:56   Not annotating skipped record NZ_JAFMPR010000005.1: No regions detected
DEBUG    20/07 19:31:56   Not annotating skipped record NZ_JAFMPR010000006.1: No regions detected
DEBUG    20/07 19:31:56   Not annotating skipped record NZ_JAFMPR010000007.1: No regions detected
DEBUG    20/07 19:31:56   Annotating record NZ_JAFMPR010000008.1 with results from: hmm_detection, cluster_hmmer, genefunctions, nrps_pks_domains, tigrfam, active_site_finder, cluster_compare, clusterblast, lanthipeptides, lassopeptides, nrps_pks, pfam2go, rrefinder, sactipeptides, t2pks, tfbs_finder, thiopeptides, tta
DEBUG    20/07 19:31:56    Adding results from antismash.modules.active_site_finder
DEBUG    20/07 19:31:56    Adding results from antismash.modules.cluster_compare
DEBUG    20/07 19:31:56    Adding results from antismash.modules.clusterblast
DEBUG    20/07 19:31:56    Adding results from antismash.modules.lanthipeptides
DEBUG    20/07 19:31:56    Adding results from antismash.modules.lassopeptides
DEBUG    20/07 19:31:56    Adding results from antismash.modules.nrps_pks
DEBUG    20/07 19:31:56    Adding results from antismash.modules.pfam2go
DEBUG    20/07 19:31:56    Adding results from antismash.modules.rrefinder
DEBUG    20/07 19:31:56    Adding results from antismash.modules.sactipeptides
DEBUG    20/07 19:31:56    Adding results from antismash.modules.t2pks
DEBUG    20/07 19:31:56    Adding results from antismash.modules.tfbs_finder
DEBUG    20/07 19:31:56    Adding results from antismash.modules.thiopeptides
DEBUG    20/07 19:31:56    Adding results from antismash.modules.tta
DEBUG    20/07 19:31:56   Not annotating skipped record NZ_JAFMPR010000009.1: No regions detected
DEBUG    20/07 19:31:56   Creating results page
DEBUG    20/07 19:31:56   Results page using antismash.js from local copy: /databases/as-js/0.13/antismash.js
DEBUG    20/07 19:31:58   Creating results SVGs
DEBUG    20/07 19:31:58   Writing seq_records SVGs to '/data/antismash/upload/bacteria-7d81e2f7-9f45-49a2-a386-5a799ae0715e/svg'
DEBUG    20/07 19:31:58   Writing cluster-specific genbank files
DEBUG    20/07 19:31:59   Writing final genbank file to '/data/antismash/upload/bacteria-7d81e2f7-9f45-49a2-a386-5a799ae0715e/GCF_020667835.1_Roseibaca_sp._Y0-43_Y0-43.gbk'
DEBUG    20/07 19:31:59   Zipping output to '/data/antismash/upload/bacteria-7d81e2f7-9f45-49a2-a386-5a799ae0715e/GCF_020667835.1_Roseibaca_sp._Y0-43_Y0-43.zip'
