[16:52:18] This is prokka 1.14.6
[16:52:18] Written by Torsten Seemann <torsten.seemann@gmail.com>
[16:52:18] Homepage is https://github.com/tseemann/prokka
[16:52:18] Local time is Mon Dec  5 16:52:18 2022
[16:52:18] You are shaday
[16:52:18] Operating system is linux
[16:52:18] You have BioPerl 1.7.8
[16:52:18] System has 32 cores.
[16:52:18] Will use maximum of 20 cores.
[16:52:18] Annotating as >>> Bacteria <<<
[16:52:18] Generating locus_tag from 'Rhodobacteraceae/GCF_003034965.1_ASM303496v1_genomic.fna' contents.
[16:52:18] Setting --locustag OCIILLLM from MD5 8c225556520797259f548210dba0dd1d
[16:52:18] Creating new output folder: gbk/DSM2131
[16:52:18] Running: mkdir -p gbk\/DSM2131
[16:52:18] Using filename prefix: GCF_003034965.1.prokka.XXX
[16:52:18] Setting HMMER_NCPU=1
[16:52:18] Writing log to: gbk/DSM2131/GCF_003034965.1.prokka.log
[16:52:18] Command: /opt/anaconda3/envs/Prokka_Global/bin/prokka --prefix GCF_003034965.1.prokka --outdir gbk/DSM2131 --kingdom Bacteria --genus Fuscovulum --species blasticum --strain DSM2131 --usegenus --addgenes Rhodobacteraceae/GCF_003034965.1_ASM303496v1_genomic.fna --cpus 20
[16:52:18] Appending to PATH: /opt/anaconda3/envs/Prokka_Global/bin
[16:52:18] Looking for 'aragorn' - found /opt/anaconda3/envs/Prokka_Global/bin/aragorn
[16:52:18] Determined aragorn version is 001002 from 'ARAGORN v1.2.41 Dean Laslett'
[16:52:18] Looking for 'barrnap' - found /opt/anaconda3/envs/Prokka_Global/bin/barrnap
[16:52:18] Determined barrnap version is 000009 from 'barrnap 0.9'
[16:52:18] Looking for 'blastp' - found /opt/anaconda3/envs/Prokka_Global/bin/blastp
[16:52:18] Determined blastp version is 002012 from 'blastp: 2.12.0+'
[16:52:18] Looking for 'cmpress' - found /opt/anaconda3/envs/Prokka_Global/bin/cmpress
[16:52:18] Determined cmpress version is 001001 from '# INFERNAL 1.1.4 (Dec 2020)'
[16:52:18] Looking for 'cmscan' - found /opt/anaconda3/envs/Prokka_Global/bin/cmscan
[16:52:18] Determined cmscan version is 001001 from '# INFERNAL 1.1.4 (Dec 2020)'
[16:52:18] Looking for 'egrep' - found /usr/bin/egrep
[16:52:18] Looking for 'find' - found /usr/bin/find
[16:52:18] Looking for 'grep' - found /usr/bin/grep
[16:52:18] Looking for 'hmmpress' - found /opt/anaconda3/envs/Prokka_Global/bin/hmmpress
[16:52:18] Determined hmmpress version is 003003 from '# HMMER 3.3.2 (Nov 2020); http://hmmer.org/'
[16:52:18] Looking for 'hmmscan' - found /opt/anaconda3/envs/Prokka_Global/bin/hmmscan
[16:52:18] Determined hmmscan version is 003003 from '# HMMER 3.3.2 (Nov 2020); http://hmmer.org/'
[16:52:18] Looking for 'java' - found /opt/anaconda3/envs/Prokka_Global/bin/java
[16:52:18] Looking for 'makeblastdb' - found /opt/anaconda3/envs/Prokka_Global/bin/makeblastdb
[16:52:18] Determined makeblastdb version is 002012 from 'makeblastdb: 2.12.0+'
[16:52:18] Looking for 'minced' - found /opt/anaconda3/envs/Prokka_Global/bin/minced
[16:52:18] Determined minced version is 004002 from 'minced 0.4.2'
[16:52:18] Looking for 'parallel' - found /opt/anaconda3/envs/Prokka_Global/bin/parallel
[16:52:19] Determined parallel version is 20220222 from 'GNU parallel 20220222'
[16:52:19] Looking for 'prodigal' - found /opt/anaconda3/envs/Prokka_Global/bin/prodigal
[16:52:19] Determined prodigal version is 002006 from 'Prodigal V2.6.3: February, 2016'
[16:52:19] Looking for 'prokka-genbank_to_fasta_db' - found /opt/anaconda3/envs/Prokka_Global/bin/prokka-genbank_to_fasta_db
[16:52:19] Looking for 'sed' - found /usr/bin/sed
[16:52:19] Looking for 'tbl2asn' - found /opt/anaconda3/envs/Prokka_Global/bin/tbl2asn
[16:52:19] Determined tbl2asn version is 025007 from 'tbl2asn 25.7   arguments:'
[16:52:19] Using genetic code table 11.
[16:52:19] Loading and checking input file: Rhodobacteraceae/GCF_003034965.1_ASM303496v1_genomic.fna
[16:52:19] Wrote 69 contigs totalling 3588034 bp.
[16:52:19] Predicting tRNAs and tmRNAs
[16:52:19] Running: aragorn -l -gc11  -w gbk\/DSM2131\/GCF_003034965\.1\.prokka\.fna
[16:52:20] 1 tRNA-Leu [42852,42936] 35 (cag)
[16:52:20] 2 tRNA-Thr c[335695,335770] 34 (cgt)
[16:52:20] 1 tRNA-Met c[96764,96838] 33 (cat)
[16:52:20] 2 tRNA-Ser c[119122,119211] 35 (gga)
[16:52:20] 3 tRNA-Ser c[147409,147498] 35 (tga)
[16:52:20] 4 tRNA-Leu c[159291,159377] 35 (gag)
[16:52:20] 5 tmRNA* [257095,257428] 205,243 ANDNRAPVALAA*
[16:52:20] 6 tRNA-Gly c[265569,265665] 35 (acc)
[16:52:20] 7 tRNA-His c[277874,277950] 35 (gtg)
[16:52:20] 8 tRNA-Glu [308520,308594] 34 (ttc)
[16:52:20] 1 tRNA-Thr c[266961,267035] 33 (ggt)
[16:52:20] 1 tRNA-Val [19854,19928] 33 (gac)
[16:52:20] 2 tRNA-Pro c[177680,177756] 35 (cgg)
[16:52:20] 3 tRNA-Arg [241252,241345] 34 (cct)
[16:52:20] 1 tRNA-Leu [128756,128840] 35 (tag)
[16:52:20] 2 tRNA-Val c[136005,136080] 34 (tac)
[16:52:20] 3 tRNA-Val c[136460,136534] 33 (cac)
[16:52:20] 4 tRNA-Gln [187211,187285] 33 (ttg)
[16:52:20] 5 tRNA-Pro [212205,212282] 36 (ggg)
[16:52:20] 1 tRNA-Leu [123435,123518] 34 (caa)
[16:52:20] 1 tRNA-Lys c[30384,30459] 34 (ttt)
[16:52:20] 2 tRNA-Lys c[30531,30606] 34 (ctt)
[16:52:20] 3 tRNA-Arg [34607,34682] 34 (cct)
[16:52:20] 1 tRNA-Met c[132809,132884] 34 (cat)
[16:52:20] 1 tRNA-Ser [82465,82555] 35 (gct)
[16:52:20] 2 tRNA-Met c[115110,115186] 35 (cat)
[16:52:20] 1 tRNA-Asp c[42411,42487] 35 (gtc)
[16:52:20] 2 tRNA-Asp c[42655,42731] 35 (gtc)
[16:52:20] 3 tRNA-Ser c[89455,89528] 36 (tga)
[16:52:20] 1 tRNA-Ala [7927,8002] 34 (ggc)
[16:52:20] 2 tRNA-Arg c[10156,10232] 35 (acg)
[16:52:20] 1 tRNA-Phe [30288,30363] 34 (gaa)
[16:52:20] 2 tRNA-Pro [95764,95832] 31 (ggg)
[16:52:20] 1 tRNA-Ala [46433,46508] 34 (cgc)
[16:52:20] 2 tRNA-Ile c[82352,82449] 37 (tat)
[16:52:20] 1 tRNA-Asn c[3377,3451] 33 (gtt)
[16:52:20] 2 tRNA-Thr [44417,44492] 34 (tgt)
[16:52:20] 1 tRNA-Ser [18777,18866] 35 (cga)
[16:52:20] 2 tRNA-Pro c[37789,37865] 35 (tgg)
[16:52:20] tRNA [56013,56112] is a pseudo/wacky gene - skipping.
[16:52:20] 1 tRNA-Val c[42904,42996] 33 (aac)
[16:52:20] 1 tRNA-Arg c[21250,21326] 35 (tct)
[16:52:20] 1 tRNA-Cys c[16161,16234] 33 (gca)
[16:52:20] 1 tRNA-Tyr c[8968,9051] 33 (gta)
[16:52:20] 2 tRNA-Gly c[16015,16089] 33 (gcc)
[16:52:20] 1 tRNA-Gly c[11923,11996] 33 (tcc)
[16:52:20] 1 tRNA-Gly [2853,2926] 33 (ccc)
[16:52:20] 2 tRNA-Arg c[11714,11790] 35 (ccg)
[16:52:20] 1 tRNA-Trp c[18063,18138] 34 (cca)
[16:52:20] 1 tRNA-Leu c[5340,5425] 34 (taa)
[16:52:20] 1 tRNA-Ile [1834,1910] 35 (gat)
[16:52:20] 2 tRNA-Ala [1934,2009] 34 (tgc)
[16:52:20] 3 tRNA-Met [5378,5454] 35 (cat)
[16:52:20] Found 52 tRNAs
[16:52:20] Predicting Ribosomal RNAs
[16:52:20] Running Barrnap with 20 threads
[16:52:21] 1 NZ_PZKE01000038.1 236 16S ribosomal RNA
[16:52:21] 2 NZ_PZKE01000038.1 2293 23S ribosomal RNA
[16:52:21] 3 NZ_PZKE01000038.1 5202 5S ribosomal RNA
[16:52:21] Found 3 rRNAs
[16:52:21] Skipping ncRNA search, enable with --rfam if desired.
[16:52:21] Total of 54 tRNA + rRNA features
[16:52:21] Searching for CRISPR repeats
[16:52:21] CRISPR1 NZ_PZKE01000002.1 319405 with 14 spacers
[16:52:21] CRISPR2 NZ_PZKE01000007.1 16 with 10 spacers
[16:52:21] CRISPR3 NZ_PZKE01000019.1 17 with 6 spacers
[16:52:21] CRISPR4 NZ_PZKE01000034.1 250 with 13 spacers
[16:52:21] CRISPR5 NZ_PZKE01000060.1 20 with 14 spacers
[16:52:21] CRISPR6 NZ_PZKE01000063.1 35 with 12 spacers
[16:52:21] Found 6 CRISPRs
[16:52:21] Predicting coding sequences
[16:52:21] Contigs total 3588034 bp, so using single mode
[16:52:21] Running: prodigal -i gbk\/DSM2131\/GCF_003034965\.1\.prokka\.fna -c -m -g 11 -p single -f sco -q
[16:52:24] Excluding CDS which overlaps existing RNA (tRNA) at NZ_PZKE01000002.1:264829..266013 on + strand
[16:52:24] Excluding CDS which overlaps existing RNA (repeat_region) at NZ_PZKE01000002.1:319561..320481 on - strand
[16:52:24] Excluding CDS which overlaps existing RNA (tRNA) at NZ_PZKE01000004.1:240770..241990 on + strand
[16:52:25] Excluding CDS which overlaps existing RNA (tRNA) at NZ_PZKE01000011.1:88551..89594 on - strand
[16:52:25] Excluding CDS which overlaps existing RNA (tRNA) at NZ_PZKE01000013.1:95762..96214 on + strand
[16:52:25] Excluding CDS which overlaps existing RNA (tRNA) at NZ_PZKE01000014.1:81613..82515 on - strand
[16:52:25] Excluding CDS which overlaps existing RNA (tRNA) at NZ_PZKE01000018.1:42963..43106 on - strand
[16:52:25] Excluding CDS which overlaps existing RNA (tRNA) at NZ_PZKE01000020.1:15756..16475 on + strand
[16:52:25] Found 3482 CDS
[16:52:25] Connecting features back to sequences
[16:52:25] Skipping genus-specific proteins as can't see /opt/anaconda3/envs/Prokka_Global/db/Fuscovulum
[16:52:25] Annotating CDS, please be patient.
[16:52:25] Will use 20 CPUs for similarity searching.
[16:52:26] There are still 3482 unannotated CDS left (started with 3482)
[16:52:26] Will use blast to search against /opt/anaconda3/envs/Prokka_Global/db/kingdom/Bacteria/IS with 20 CPUs
[16:52:26] Running: cat gbk\/DSM2131\/GCF_003034965\.1\.prokka\.IS\.tmp\.714535\.faa | parallel --gnu --plain -j 20 --block 27530 --recstart '>' --pipe blastp -query - -db /opt/anaconda3/envs/Prokka_Global/db/kingdom/Bacteria/IS -evalue 1e-30 -qcov_hsp_perc 90 -num_threads 1 -num_descriptions 1 -num_alignments 1 -seg no > gbk\/DSM2131\/GCF_003034965\.1\.prokka\.IS\.tmp\.714535\.blast 2> /dev/null
[16:52:30] Deleting unwanted file: gbk/DSM2131/GCF_003034965.1.prokka.IS.tmp.714535.faa
[16:52:30] Deleting unwanted file: gbk/DSM2131/GCF_003034965.1.prokka.IS.tmp.714535.blast
[16:52:30] There are still 3475 unannotated CDS left (started with 3482)
[16:52:30] Will use blast to search against /opt/anaconda3/envs/Prokka_Global/db/kingdom/Bacteria/AMR with 20 CPUs
[16:52:30] Running: cat gbk\/DSM2131\/GCF_003034965\.1\.prokka\.AMR\.tmp\.714535\.faa | parallel --gnu --plain -j 20 --block 27468 --recstart '>' --pipe blastp -query - -db /opt/anaconda3/envs/Prokka_Global/db/kingdom/Bacteria/AMR -evalue 1e-300 -qcov_hsp_perc 90 -num_threads 1 -num_descriptions 1 -num_alignments 1 -seg no > gbk\/DSM2131\/GCF_003034965\.1\.prokka\.AMR\.tmp\.714535\.blast 2> /dev/null
[16:52:33] Deleting unwanted file: gbk/DSM2131/GCF_003034965.1.prokka.AMR.tmp.714535.faa
[16:52:33] Deleting unwanted file: gbk/DSM2131/GCF_003034965.1.prokka.AMR.tmp.714535.blast
[16:52:34] There are still 3475 unannotated CDS left (started with 3482)
[16:52:34] Will use blast to search against /opt/anaconda3/envs/Prokka_Global/db/kingdom/Bacteria/sprot with 20 CPUs
[16:52:34] Running: cat gbk\/DSM2131\/GCF_003034965\.1\.prokka\.sprot\.tmp\.714535\.faa | parallel --gnu --plain -j 20 --block 27468 --recstart '>' --pipe blastp -query - -db /opt/anaconda3/envs/Prokka_Global/db/kingdom/Bacteria/sprot -evalue 1e-09 -qcov_hsp_perc 80 -num_threads 1 -num_descriptions 1 -num_alignments 1 -seg no > gbk\/DSM2131\/GCF_003034965\.1\.prokka\.sprot\.tmp\.714535\.blast 2> /dev/null
[16:52:47] Modify product: Uncharacterized metal-dependent hydrolase YcfH => putative metal-dependent hydrolase YcfH
[16:52:47] Modify product: UPF0060 membrane protein YnfA => hypothetical protein
[16:52:47] Modify product: Uncharacterized protein YqeY => putative protein YqeY
[16:52:47] Modify product: UPF0073 inner membrane protein YqfA => hypothetical protein
[16:52:47] Modify product: Uncharacterized protein YedJ => putative protein YedJ
[16:52:47] Modify product: Probable chromate transport protein => putative chromate transport protein
[16:52:47] Modify product: Probable ABC transporter binding protein NosD => putative ABC transporter binding protein NosD
[16:52:47] Modify product: Probable ABC transporter ATP-binding protein NosF => putative ABC transporter ATP-binding protein NosF
[16:52:47] Modify product: Probable ABC transporter permease protein NosY => putative ABC transporter permease protein NosY
[16:52:47] Modify product: Probable D,D-dipeptide transport ATP-binding protein DdpF => putative D,D-dipeptide transport ATP-binding protein DdpF
[16:52:47] Modify product: Probable membrane transporter protein YfcA => putative membrane transporter protein YfcA
[16:52:47] Modify product: Leu/Ile/Val-binding protein homolog 3 => Leu/Ile/Val-binding protein 
[16:52:47] Modify product: UPF0701 protein HI_0467 => hypothetical protein
[16:52:47] Modify product: Probable D,D-dipeptide transport system permease protein DdpC => putative D,D-dipeptide transport system permease protein DdpC
[16:52:47] Modify product: Uncharacterized protein Rv2569c => putative protein
[16:52:47] Modify product: Probable lipoprotein YiaD => putative lipoprotein YiaD
[16:52:47] Modify product: Uncharacterized protein HI_0933 => putative protein
[16:52:47] Modify product: UPF0053 inner membrane protein YfjD => hypothetical protein
[16:52:47] Modify product: Uncharacterized protein RP812 => putative protein RP812
[16:52:47] Modify product: Uncharacterized GST-like protein YibF => putative GST-like protein YibF
[16:52:47] Modify product: Probable protein kinase UbiB => putative protein kinase UbiB
[16:52:47] Modify product: Probable enoyl-CoA hydratase echA8 => putative enoyl-CoA hydratase echA8
[16:52:47] Modify product: Probable N-methylproline demethylase => putative N-methylproline demethylase
[16:52:47] Modify product: NAD(P)H-dependent FMN reductase PA1204 => NAD(P)H-dependent FMN reductase
[16:52:47] Modify product: Uncharacterized ABC transporter ATP-binding protein YknY => putative ABC transporter ATP-binding protein YknY
[16:52:47] Modify product: Uncharacterized GST-like protein YibF => putative GST-like protein YibF
[16:52:47] Modify product: Uncharacterized protein Rv2569c => putative protein
[16:52:47] Modify product: Uncharacterized protein Rv2567 => putative protein
[16:52:47] Modify product: Purine-binding protein BAB2_0673 => Purine-binding protein
[16:52:47] Modify product: Uncharacterized ABC transporter ATP-binding protein Rv1281c => putative ABC transporter ATP-binding protein
[16:52:47] Modify product: Probable D,D-dipeptide transport system permease protein DdpC => putative D,D-dipeptide transport system permease protein DdpC
[16:52:47] Modify product: Probable D,D-dipeptide-binding periplasmic protein DdpA => putative D,D-dipeptide-binding periplasmic protein DdpA
[16:52:47] Modify product: Uncharacterized protein YcjX => putative protein YcjX
[16:52:47] Modify product: Probable 2-ketoarginine decarboxylase AruI => putative 2-ketoarginine decarboxylase AruI
[16:52:47] Modify product: Putative 2-hydroxyacid dehydrogenase SA2098 => Putative 2-hydroxyacid dehydrogenase
[16:52:47] Modify product: Glycogen operon protein GlgX homolog => Glycogen operon protein GlgX 
[16:52:47] Modify product: Uncharacterized ABC transporter ATP-binding protein YheS => putative ABC transporter ATP-binding protein YheS
[16:52:47] Modify product: UPF0056 inner membrane protein YhgN => hypothetical protein
[16:52:47] Modify product: Phosphate-specific transport system accessory protein PhoU homolog => Phosphate-specific transport system accessory protein PhoU 
[16:52:47] Modify product: Putative formate dehydrogenase SA2102 => Putative formate dehydrogenase
[16:52:47] Modify product: UPF0178 protein YaiI => hypothetical protein
[16:52:47] Modify product: Probable multidrug ABC transporter permease YbhS => putative multidrug ABC transporter permease YbhS
[16:52:47] Modify product: Probable multidrug ABC transporter ATP-binding protein YbhF => putative multidrug ABC transporter ATP-binding protein YbhF
[16:52:47] Modify product: UPF0194 membrane protein YbhG => hypothetical protein
[16:52:47] Modify product: Probable parvulin-type peptidyl-prolyl cis-trans isomerase => putative parvulin-type peptidyl-prolyl cis-trans isomerase
[16:52:47] Modify product: Uncharacterized protein Rv2569c => putative protein
[16:52:47] Modify product: Uncharacterized protein Rv2411c => putative protein
[16:52:47] Modify product: Uncharacterized signaling protein PA1727 => putative signaling protein
[16:52:47] Modify product: UPF0434 protein YcaR => hypothetical protein
[16:52:47] Modify product: Probable transcriptional regulator PhnF => putative transcriptional regulator PhnF
[16:52:47] Modify product: Acetyltransferase SACOL1063 => Acetyltransferase
[16:52:47] Modify product: Probable 4-hydroxyproline 2-epimerase => putative 4-hydroxyproline 2-epimerase
[16:52:47] Modify product: UPF0758 protein => hypothetical protein
[16:52:47] Modify product: Putative multidrug export ATP-binding/permease protein SAV1866 => Putative multidrug export ATP-binding/permease protein
[16:52:47] Modify product: Probable L,D-transpeptidase ErfK/SrfK => putative L,D-transpeptidase ErfK/SrfK
[16:52:47] Modify product: Phosphate-specific transport system accessory protein PhoU homolog => Phosphate-specific transport system accessory protein PhoU 
[16:52:47] Modify product: Lactate-binding periplasmic protein TTHA0766 => Lactate-binding periplasmic protein
[16:52:47] Modify product: Probable riboflavin import permease protein RfuD => putative riboflavin import permease protein RfuD
[16:52:47] Modify product: Putative acyltransferase Rv0859 => Putative acyltransferase
[16:52:47] Modify product: Probable chaperone CsaA => putative chaperone CsaA
[16:52:47] Modify product: Probable lipid II flippase MurJ => putative lipid II flippase MurJ
[16:52:47] Modify product: Uncharacterized protein NMB0459 => putative protein
[16:52:47] Modify product: Uncharacterized oxidoreductase SA2266 => putative oxidoreductase
[16:52:48] Modify product: Uncharacterized zinc protease Rv2782c => putative zinc protease
[16:52:48] Modify product: Uncharacterized zinc protease Rv2782c => putative zinc protease
[16:52:48] Modify product: Uncharacterized aminopeptidase Rv1333 => putative aminopeptidase
[16:52:48] Modify product: UPF0301 protein YqgE => hypothetical protein
[16:52:48] Modify product: Probable glycerol-3-phosphate acyltransferase => putative glycerol-3-phosphate acyltransferase
[16:52:48] Modify product: Uncharacterized FAD-linked oxidoreductase Rv2280 => putative FAD-linked oxidoreductase
[16:52:48] Modify product: Uncharacterized HTH-type transcriptional regulator HI_0186 => putative HTH-type transcriptional regulator
[16:52:48] Modify product: Uncharacterized HIT-like protein HP_0404 => putative HIT-like protein
[16:52:48] Modify product: Probable Ni/Fe-hydrogenase B-type cytochrome subunit => putative Ni/Fe-hydrogenase B-type cytochrome subunit
[16:52:48] Modify product: Probable UbiX-like flavin prenyltransferase => putative UbiX-like flavin prenyltransferase
[16:52:48] Modify product: Uncharacterized protease YhbU => putative protease YhbU
[16:52:48] Modify product: Probable D,D-dipeptide transport system permease protein DdpC => putative D,D-dipeptide transport system permease protein DdpC
[16:52:48] Modify product: Probable D,D-dipeptide transport system permease protein DdpB => putative D,D-dipeptide transport system permease protein DdpB
[16:52:48] Modify product: Probable D,D-dipeptide-binding periplasmic protein DdpA => putative D,D-dipeptide-binding periplasmic protein DdpA
[16:52:48] Modify product: Probable sugar-binding periplasmic protein => putative sugar-binding periplasmic protein
[16:52:48] Modify product: Uncharacterized protein YccU => putative protein YccU
[16:52:48] Modify product: Uncharacterized HTH-type transcriptional regulator Rv1556 => putative HTH-type transcriptional regulator
[16:52:48] Modify product: Probable peptidoglycan D,D-transpeptidase FtsI => putative peptidoglycan D,D-transpeptidase FtsI
[16:52:48] Modify product: Peroxiredoxin sll1621 => Peroxiredoxin
[16:52:48] Modify product: Uncharacterized ABC transporter ATP-binding protein YbiT => putative ABC transporter ATP-binding protein YbiT
[16:52:48] Modify product: Probable CtpA-like serine protease => putative CtpA-like serine protease
[16:52:48] Modify product: Uncharacterized oxidoreductase MSMEG_2408/MSMEI_2347 => putative oxidoreductase/MSMEI_2347
[16:52:48] Modify product: Probable N-methylproline demethylase => putative N-methylproline demethylase
[16:52:48] Modify product: Uncharacterized zinc protease Rv2782c => putative zinc protease
[16:52:48] Modify product: Uncharacterized FAD-linked oxidoreductase Rv2280 => putative FAD-linked oxidoreductase
[16:52:48] Modify product: Putative multidrug export ATP-binding/permease protein SAV1866 => Putative multidrug export ATP-binding/permease protein
[16:52:48] Modify product: Uncharacterized FAD-linked oxidoreductase Rv2280 => putative FAD-linked oxidoreductase
[16:52:48] Modify product: Uncharacterized HTH-type transcriptional regulator Rv1985c => putative HTH-type transcriptional regulator
[16:52:48] Modify product: Probable transcriptional regulatory protein aq_1575 => putative transcriptional regulatory protein
[16:52:48] Modify product: Bifunctional protein FolD => Bifunctional protein FolD protein
[16:52:48] Modify product: Bifunctional protein FolD => Bifunctional protein FolD protein
[16:52:48] Modify product: Uncharacterized protein HI_0131 => putative protein
[16:52:48] Modify product: Phosphorylated carbohydrates phosphatase TM_1254 => Phosphorylated carbohydrates phosphatase
[16:52:48] Modify product: UPF0053 inner membrane protein YtfL => hypothetical protein
[16:52:48] Modify product: Probable transcriptional regulatory protein TcrX => putative transcriptional regulatory protein TcrX
[16:52:48] Modify product: Probable metallo-hydrolase BURPS1710b_2304 => putative metallo-hydrolase
[16:52:48] Modify product: UPF0335 protein CCNA_03428 => hypothetical protein
[16:52:48] Modify product: Probable peptidoglycan glycosyltransferase FtsW => putative peptidoglycan glycosyltransferase FtsW
[16:52:48] Modify product: Probable HTH-type transcriptional regulator YgaV => putative HTH-type transcriptional regulator YgaV
[16:52:48] Modify product: Probable 2-dehydro-3-deoxygalactonokinase DgoK1 => putative 2-dehydro-3-deoxygalactonokinase DgoK1
[16:52:48] Modify product: Uncharacterized FAD-linked oxidoreductase Rv2280 => putative FAD-linked oxidoreductase
[16:52:48] Modify product: Uncharacterized protein YbaA => putative protein YbaA
[16:52:48] Modify product: Uncharacterized protein Rv1276c => putative protein
[16:52:48] Modify product: Probable GTP-binding protein EngB => putative GTP-binding protein EngB
[16:52:48] Modify product: Uncharacterized signaling protein PA1727 => putative signaling protein
[16:52:48] Modify product: Probable copper-transporting ATPase PacS => putative copper-transporting ATPase PacS
[16:52:48] Modify product: Cytochrome c oxidase subunit 1 homolog, bacteroid => Cytochrome c oxidase subunit 1 , bacteroid
[16:52:48] Modify product: Uncharacterized ABC transporter ATP-binding protein YejF => putative ABC transporter ATP-binding protein YejF
[16:52:48] Modify product: Probable cysteine desulfurase => putative cysteine desulfurase
[16:52:48] Modify product: Probable ATP-dependent transporter SufC => putative ATP-dependent transporter SufC
[16:52:48] Modify product: Probable GTPase Rv1496 => putative GTPase
[16:52:48] Modify product: Uncharacterized ABC transporter ATP-binding protein YheS => putative ABC transporter ATP-binding protein YheS
[16:52:48] Modify product: Uncharacterized N-acetyltransferase YsnE => putative N-acetyltransferase YsnE
[16:52:48] Modify product: Putative multidrug export ATP-binding/permease protein SAV1866 => Putative multidrug export ATP-binding/permease protein
[16:52:48] Modify product: Probable manganese-dependent inorganic pyrophosphatase => putative manganese-dependent inorganic pyrophosphatase
[16:52:48] Modify product: Solute-binding protein Csal_2479 => Solute-binding protein
[16:52:48] Modify product: Probable succinyl-CoA:3-ketoacid coenzyme A transferase subunit A => putative succinyl-CoA:3-ketoacid coenzyme A transferase subunit A
[16:52:48] Modify product: Probable succinyl-CoA:3-ketoacid coenzyme A transferase subunit B => putative succinyl-CoA:3-ketoacid coenzyme A transferase subunit B
[16:52:48] Modify product: Uncharacterized protein YjdJ => putative protein YjdJ
[16:52:48] Modify product: TelA-like protein SA1238 => TelA-like protein
[16:52:48] Modify product: Probable ribonucleotide transport ATP-binding protein mkl => putative ribonucleotide transport ATP-binding protein mkl
[16:52:48] Modify product: Solute-binding protein RD1_1052 => Solute-binding protein
[16:52:48] Modify product: Probable dipeptidase PepE => putative dipeptidase PepE
[16:52:48] Modify product: UPF0173 metal-dependent hydrolase TM_1162 => hypothetical protein
[16:52:48] Cleaned 127 /product names
[16:52:48] Deleting unwanted file: gbk/DSM2131/GCF_003034965.1.prokka.sprot.tmp.714535.faa
[16:52:48] Deleting unwanted file: gbk/DSM2131/GCF_003034965.1.prokka.sprot.tmp.714535.blast
[16:52:49] There are still 1694 unannotated CDS left (started with 3482)
[16:52:49] Will use hmmer3 to search against /opt/anaconda3/envs/Prokka_Global/db/hmm/HAMAP.hmm with 20 CPUs
[16:52:49] Running: cat gbk\/DSM2131\/GCF_003034965\.1\.prokka\.HAMAP\.hmm\.tmp\.714535\.faa | parallel --gnu --plain -j 20 --block 11609 --recstart '>' --pipe hmmscan --noali --notextw --acc -E 1e-09 --cpu 1 /opt/anaconda3/envs/Prokka_Global/db/hmm/HAMAP.hmm /dev/stdin > gbk\/DSM2131\/GCF_003034965\.1\.prokka\.HAMAP\.hmm\.tmp\.714535\.hmmer3 2> /dev/null
[16:52:58] Modify product: Uncharacterized Nudix hydrolase NudL => putative Nudix hydrolase NudL
[16:52:58] Modify product: Uncharacterized MFS-type transporter YcaD => putative MFS-type transporter YcaD
[16:52:59] Cleaned 2 /product names
[16:52:59] Deleting unwanted file: gbk/DSM2131/GCF_003034965.1.prokka.HAMAP.hmm.tmp.714535.faa
[16:52:59] Deleting unwanted file: gbk/DSM2131/GCF_003034965.1.prokka.HAMAP.hmm.tmp.714535.hmmer3
[16:52:59] Labelling remaining 1453 proteins as 'hypothetical protein'
[16:52:59] Possible /pseudo 'L-cystine transport system permease protein YecS' at NZ_PZKE01000001.1 position 185840
[16:52:59] Possible /pseudo 'Flagellar basal-body rod protein FlgG' at NZ_PZKE01000001.1 position 402195
[16:52:59] Possible /pseudo 'DNA-binding transcriptional activator DecR' at NZ_PZKE01000002.1 position 177387
[16:52:59] Possible /pseudo 'Methionine synthase' at NZ_PZKE01000002.1 position 266086
[16:52:59] Possible /pseudo 'Dihydroxyacetone kinase' at NZ_PZKE01000002.1 position 286924
[16:52:59] Possible /pseudo 'Gamma-aminobutyraldehyde dehydrogenase' at NZ_PZKE01000002.1 position 302253
[16:52:59] Possible /pseudo 'putative protein' at NZ_PZKE01000004.1 position 72991
[16:52:59] Possible /pseudo 'Chromosome partition protein Smc' at NZ_PZKE01000004.1 position 212220
[16:52:59] Possible /pseudo 'Peptide deformylase' at NZ_PZKE01000004.1 position 220951
[16:52:59] Possible /pseudo '4-methylaminobutanoate oxidase (formaldehyde-forming)' at NZ_PZKE01000006.1 position 18367
[16:52:59] Possible /pseudo 'Cobyric acid synthase' at NZ_PZKE01000007.1 position 10468
[16:52:59] Possible /pseudo 'Glycerol kinase' at NZ_PZKE01000007.1 position 37844
[16:52:59] Possible /pseudo 'tRNA 5-methylaminomethyl-2-thiouridine biosynthesis bifunctional protein MnmC' at NZ_PZKE01000007.1 position 70730
[16:52:59] Possible /pseudo 'putative zinc protease' at NZ_PZKE01000007.1 position 143549
[16:52:59] Possible /pseudo '3-deoxy-D-manno-octulosonic acid transferase' at NZ_PZKE01000008.1 position 95891
[16:52:59] Possible /pseudo 'Bifunctional protein FolD protein' at NZ_PZKE01000010.1 position 17847
[16:52:59] Possible /pseudo 'Carnitine monooxygenase oxygenase subunit' at NZ_PZKE01000014.1 position 71621
[16:52:59] Possible /pseudo '2-succinylbenzoate--CoA ligase' at NZ_PZKE01000016.1 position 52411
[16:52:59] Possible /pseudo 'Orotate phosphoribosyltransferase' at NZ_PZKE01000035.1 position 9373
[16:52:59] Found 1570 unique /gene codes.
[16:52:59] Fixed 2 duplicate /gene - cdhR_1 cdhR_2
[16:52:59] Fixed 2 duplicate /gene - frcA_1 frcA_2
[16:52:59] Fixed 2 duplicate /gene - COQ5_1 COQ5_2
[16:52:59] Fixed 2 duplicate /gene - nuoJ_1 nuoJ_2
[16:52:59] Fixed 2 duplicate /gene - rhtB_1 rhtB_2
[16:52:59] Fixed 2 duplicate /gene - deaD_1 deaD_2
[16:52:59] Fixed 3 duplicate /gene - yceI_1 yceI_2 yceI_3
[16:52:59] Fixed 2 duplicate /gene - melD_1 melD_2
[16:52:59] Fixed 2 duplicate /gene - kynU_1 kynU_2
[16:52:59] Fixed 2 duplicate /gene - soxD_1 soxD_2
[16:52:59] Fixed 2 duplicate /gene - cbiM_1 cbiM_2
[16:52:59] Fixed 3 duplicate /gene - mcbR_1 mcbR_2 mcbR_3
[16:52:59] Fixed 2 duplicate /gene - rsmB_1 rsmB_2
[16:52:59] Fixed 3 duplicate /gene - alkJ_1 alkJ_2 alkJ_3
[16:52:59] Fixed 4 duplicate /gene - dppA_1 dppA_2 dppA_3 dppA_4
[16:52:59] Fixed 2 duplicate /gene - dksA_1 dksA_2
[16:52:59] Fixed 7 duplicate /gene - pal_1 pal_2 pal_3 pal_4 pal_5 pal_6 pal_7
[16:52:59] Fixed 6 duplicate /gene - abo_1 abo_2 abo_3 abo_4 abo_5 abo_6
[16:52:59] Fixed 2 duplicate /gene - arsC_1 arsC_2
[16:52:59] Fixed 2 duplicate /gene - pdhC_1 pdhC_2
[16:52:59] Fixed 2 duplicate /gene - rutC_1 rutC_2
[16:52:59] Fixed 2 duplicate /gene - gstB_1 gstB_2
[16:52:59] Fixed 2 duplicate /gene - araC_1 araC_2
[16:52:59] Fixed 2 duplicate /gene - fabH_1 fabH_2
[16:52:59] Fixed 2 duplicate /gene - Hgd_1 Hgd_2
[16:52:59] Fixed 5 duplicate /gene - dmlR_1 dmlR_2 dmlR_3 dmlR_4 dmlR_5
[16:52:59] Fixed 2 duplicate /gene - adk_1 adk_2
[16:52:59] Fixed 2 duplicate /gene - tdh_1 tdh_2
[16:52:59] Fixed 4 duplicate /gene - gsiD_1 gsiD_2 gsiD_3 gsiD_4
[16:52:59] Fixed 2 duplicate /gene - yfkN_1 yfkN_2
[16:52:59] Fixed 2 duplicate /gene - ddpA_1 ddpA_2
[16:52:59] Fixed 2 duplicate /gene - lpxD_1 lpxD_2
[16:52:59] Fixed 3 duplicate /gene - lptB_1 lptB_2 lptB_3
[16:52:59] Fixed 3 duplicate /gene - dppB_1 dppB_2 dppB_3
[16:52:59] Fixed 2 duplicate /gene - malL_1 malL_2
[16:52:59] Fixed 3 duplicate /gene - xerC_1 xerC_2 xerC_3
[16:52:59] Fixed 2 duplicate /gene - betB_1 betB_2
[16:52:59] Fixed 2 duplicate /gene - fadJ_1 fadJ_2
[16:52:59] Fixed 2 duplicate /gene - rnd_1 rnd_2
[16:52:59] Fixed 3 duplicate /gene - dapE_1 dapE_2 dapE_3
[16:52:59] Fixed 2 duplicate /gene - gppA_1 gppA_2
[16:52:59] Fixed 2 duplicate /gene - lysA_1 lysA_2
[16:52:59] Fixed 3 duplicate /gene - cobQ_1 cobQ_2 cobQ_3
[16:52:59] Fixed 2 duplicate /gene - aruH_1 aruH_2
[16:52:59] Fixed 2 duplicate /gene - glnQ_1 glnQ_2
[16:52:59] Fixed 2 duplicate /gene - rfbC_1 rfbC_2
[16:52:59] Fixed 2 duplicate /gene - btuB_1 btuB_2
[16:52:59] Fixed 2 duplicate /gene - mnmC_1 mnmC_2
[16:52:59] Fixed 2 duplicate /gene - ubiB_1 ubiB_2
[16:52:59] Fixed 2 duplicate /gene - tetA_1 tetA_2
[16:52:59] Fixed 3 duplicate /gene - lcfB_1 lcfB_2 lcfB_3
[16:52:59] Fixed 2 duplicate /gene - def_1 def_2
[16:52:59] Fixed 2 duplicate /gene - hemA_1 hemA_2
[16:52:59] Fixed 2 duplicate /gene - pcm_1 pcm_2
[16:52:59] Fixed 2 duplicate /gene - degP_1 degP_2
[16:52:59] Fixed 2 duplicate /gene - cycA_1 cycA_2
[16:52:59] Fixed 2 duplicate /gene - hipO_1 hipO_2
[16:52:59] Fixed 12 duplicate /gene - sasA_1 sasA_2 sasA_3 sasA_4 sasA_5 sasA_6 sasA_7 sasA_8 sasA_9 sasA_10 sasA_11 sasA_12
[16:52:59] Fixed 2 duplicate /gene - xylH_1 xylH_2
[16:52:59] Fixed 6 duplicate /gene - gsiC_1 gsiC_2 gsiC_3 gsiC_4 gsiC_5 gsiC_6
[16:52:59] Fixed 3 duplicate /gene - mltF_1 mltF_2 mltF_3
[16:52:59] Fixed 2 duplicate /gene - mrpD_1 mrpD_2
[16:52:59] Fixed 2 duplicate /gene - xerD_1 xerD_2
[16:52:59] Fixed 2 duplicate /gene - msrB_1 msrB_2
[16:52:59] Fixed 6 duplicate /gene - potA_1 potA_2 potA_3 potA_4 potA_5 potA_6
[16:52:59] Fixed 2 duplicate /gene - mtgA_1 mtgA_2
[16:52:59] Fixed 2 duplicate /gene - allA_1 allA_2
[16:52:59] Fixed 2 duplicate /gene - bamA_1 bamA_2
[16:52:59] Fixed 2 duplicate /gene - fusA_1 fusA_2
[16:52:59] Fixed 3 duplicate /gene - pucC_1 pucC_2 pucC_3
[16:52:59] Fixed 2 duplicate /gene - suhB_1 suhB_2
[16:52:59] Fixed 2 duplicate /gene - mrpF_1 mrpF_2
[16:52:59] Fixed 3 duplicate /gene - hdfR_1 hdfR_2 hdfR_3
[16:52:59] Fixed 2 duplicate /gene - atpG_1 atpG_2
[16:52:59] Fixed 2 duplicate /gene - dnaK_1 dnaK_2
[16:52:59] Fixed 2 duplicate /gene - livF_1 livF_2
[16:52:59] Fixed 2 duplicate /gene - phnM_1 phnM_2
[16:52:59] Fixed 2 duplicate /gene - ibpA_1 ibpA_2
[16:52:59] Fixed 2 duplicate /gene - cmpR_1 cmpR_2
[16:52:59] Fixed 4 duplicate /gene - dxs_1 dxs_2 dxs_3 dxs_4
[16:52:59] Fixed 2 duplicate /gene - nuoM_1 nuoM_2
[16:52:59] Fixed 2 duplicate /gene - nylB_1 nylB_2
[16:52:59] Fixed 2 duplicate /gene - dmdC_1 dmdC_2
[16:52:59] Fixed 2 duplicate /gene - sufS_1 sufS_2
[16:52:59] Fixed 4 duplicate /gene - iolG_1 iolG_2 iolG_3 iolG_4
[16:52:59] Fixed 2 duplicate /gene - dhaK_1 dhaK_2
[16:52:59] Fixed 2 duplicate /gene - dauA_1 dauA_2
[16:52:59] Fixed 2 duplicate /gene - glpK_1 glpK_2
[16:52:59] Fixed 2 duplicate /gene - iolC_1 iolC_2
[16:52:59] Fixed 2 duplicate /gene - cbiO_1 cbiO_2
[16:52:59] Fixed 2 duplicate /gene - cysG_1 cysG_2
[16:52:59] Fixed 2 duplicate /gene - nuoI_1 nuoI_2
[16:52:59] Fixed 2 duplicate /gene - rutR_1 rutR_2
[16:52:59] Fixed 2 duplicate /gene - glnB_1 glnB_2
[16:52:59] Fixed 2 duplicate /gene - iolE_1 iolE_2
[16:52:59] Fixed 2 duplicate /gene - mobA_1 mobA_2
[16:52:59] Fixed 5 duplicate /gene - ydcV_1 ydcV_2 ydcV_3 ydcV_4 ydcV_5
[16:52:59] Fixed 2 duplicate /gene - yecS_1 yecS_2
[16:52:59] Fixed 2 duplicate /gene - carD_1 carD_2
[16:52:59] Fixed 2 duplicate /gene - ureG_1 ureG_2
[16:52:59] Fixed 2 duplicate /gene - dctP_1 dctP_2
[16:52:59] Fixed 2 duplicate /gene - thiK_1 thiK_2
[16:52:59] Fixed 4 duplicate /gene - hisC_1 hisC_2 hisC_3 hisC_4
[16:52:59] Fixed 2 duplicate /gene - alkB2_1 alkB2_2
[16:52:59] Fixed 2 duplicate /gene - nuoN_1 nuoN_2
[16:52:59] Fixed 2 duplicate /gene - apbE_1 apbE_2
[16:52:59] Fixed 3 duplicate /gene - pepA_1 pepA_2 pepA_3
[16:52:59] Fixed 3 duplicate /gene - potB_1 potB_2 potB_3
[16:52:59] Fixed 3 duplicate /gene - bepA_1 bepA_2 bepA_3
[16:52:59] Fixed 2 duplicate /gene - rutD_1 rutD_2
[16:52:59] Fixed 3 duplicate /gene - cntI_1 cntI_2 cntI_3
[16:52:59] Fixed 2 duplicate /gene - prmC_1 prmC_2
[16:52:59] Fixed 2 duplicate /gene - folD_1 folD_2
[16:52:59] Fixed 2 duplicate /gene - gbuA_1 gbuA_2
[16:52:59] Fixed 2 duplicate /gene - dnaA_1 dnaA_2
[16:52:59] Fixed 2 duplicate /gene - metH_1 metH_2
[16:52:59] Fixed 2 duplicate /gene - ndhC_1 ndhC_2
[16:52:59] Fixed 2 duplicate /gene - gabD_1 gabD_2
[16:52:59] Fixed 2 duplicate /gene - ybjJ_1 ybjJ_2
[16:52:59] Fixed 2 duplicate /gene - nifD_1 nifD_2
[16:52:59] Fixed 3 duplicate /gene - ngcG_1 ngcG_2 ngcG_3
[16:52:59] Fixed 2 duplicate /gene - crt_1 crt_2
[16:52:59] Fixed 6 duplicate /gene - mtgB_1 mtgB_2 mtgB_3 mtgB_4 mtgB_5 mtgB_6
[16:52:59] Fixed 2 duplicate /gene - purC_1 purC_2
[16:52:59] Fixed 2 duplicate /gene - corA_1 corA_2
[16:52:59] Fixed 4 duplicate /gene - oppD_1 oppD_2 oppD_3 oppD_4
[16:52:59] Fixed 4 duplicate /gene - decR_1 decR_2 decR_3 decR_4
[16:52:59] Fixed 2 duplicate /gene - bepE_1 bepE_2
[16:52:59] Fixed 2 duplicate /gene - hmuU_1 hmuU_2
[16:52:59] Fixed 4 duplicate /gene - oppF_1 oppF_2 oppF_3 oppF_4
[16:52:59] Fixed 2 duplicate /gene - gph_1 gph_2
[16:52:59] Fixed 3 duplicate /gene - mdtA_1 mdtA_2 mdtA_3
[16:52:59] Fixed 2 duplicate /gene - scpB_1 scpB_2
[16:52:59] Fixed 4 duplicate /gene - dppD_1 dppD_2 dppD_3 dppD_4
[16:52:59] Fixed 3 duplicate /gene - ald_1 ald_2 ald_3
[16:52:59] Fixed 2 duplicate /gene - glnG_1 glnG_2
[16:52:59] Fixed 2 duplicate /gene - acpP_1 acpP_2
[16:52:59] Fixed 2 duplicate /gene - yibF_1 yibF_2
[16:52:59] Fixed 7 duplicate /gene - ribN_1 ribN_2 ribN_3 ribN_4 ribN_5 ribN_6 ribN_7
[16:52:59] Fixed 2 duplicate /gene - soxA_1 soxA_2
[16:52:59] Fixed 2 duplicate /gene - rcsC_1 rcsC_2
[16:52:59] Fixed 2 duplicate /gene - pyrC_1 pyrC_2
[16:52:59] Fixed 2 duplicate /gene - dgoD_1 dgoD_2
[16:52:59] Fixed 2 duplicate /gene - cspA_1 cspA_2
[16:52:59] Fixed 2 duplicate /gene - nagK_1 nagK_2
[16:52:59] Fixed 2 duplicate /gene - cysT_1 cysT_2
[16:52:59] Fixed 4 duplicate /gene - lrp_1 lrp_2 lrp_3 lrp_4
[16:52:59] Fixed 6 duplicate /gene - btuD_1 btuD_2 btuD_3 btuD_4 btuD_5 btuD_6
[16:52:59] Fixed 2 duplicate /gene - spuE_1 spuE_2
[16:52:59] Fixed 2 duplicate /gene - ubiL_1 ubiL_2
[16:52:59] Fixed 4 duplicate /gene - malK_1 malK_2 malK_3 malK_4
[16:52:59] Fixed 2 duplicate /gene - exbD_1 exbD_2
[16:52:59] Fixed 2 duplicate /gene - pyrE_1 pyrE_2
[16:52:59] Fixed 2 duplicate /gene - stcD_1 stcD_2
[16:52:59] Fixed 2 duplicate /gene - kpsT_1 kpsT_2
[16:52:59] Fixed 2 duplicate /gene - amiC_1 amiC_2
[16:52:59] Fixed 2 duplicate /gene - gltR_1 gltR_2
[16:52:59] Fixed 3 duplicate /gene - soxB_1 soxB_2 soxB_3
[16:52:59] Fixed 3 duplicate /gene - cysA_1 cysA_2 cysA_3
[16:52:59] Fixed 3 duplicate /gene - dadA1_1 dadA1_2 dadA1_3
[16:52:59] Fixed 2 duplicate /gene - nuoH_1 nuoH_2
[16:52:59] Fixed 2 duplicate /gene - ftsH_1 ftsH_2
[16:52:59] Fixed 2 duplicate /gene - nuoK_1 nuoK_2
[16:52:59] Fixed 2 duplicate /gene - greA_1 greA_2
[16:52:59] Fixed 2 duplicate /gene - nifS_1 nifS_2
[16:52:59] Fixed 2 duplicate /gene - sigE_1 sigE_2
[16:52:59] Fixed 2 duplicate /gene - fabF_1 fabF_2
[16:52:59] Fixed 2 duplicate /gene - ybaK_1 ybaK_2
[16:52:59] Fixed 2 duplicate /gene - arnB_1 arnB_2
[16:52:59] Fixed 2 duplicate /gene - xthA_1 xthA_2
[16:52:59] Fixed 2 duplicate /gene - acsA_1 acsA_2
[16:52:59] Fixed 3 duplicate /gene - oxyR_1 oxyR_2 oxyR_3
[16:52:59] Fixed 2 duplicate /gene - ndhB_1 ndhB_2
[16:52:59] Fixed 2 duplicate /gene - nuoB_1 nuoB_2
[16:52:59] Fixed 2 duplicate /gene - prr_1 prr_2
[16:52:59] Fixed 4 duplicate /gene - gsiA_1 gsiA_2 gsiA_3 gsiA_4
[16:52:59] Fixed 2 duplicate /gene - mopII_1 mopII_2
[16:52:59] Fixed 3 duplicate /gene - cysQ_1 cysQ_2 cysQ_3
[16:52:59] Fixed 2 duplicate /gene - gcvT_1 gcvT_2
[16:52:59] Fixed 2 duplicate /gene - nifK_1 nifK_2
[16:52:59] Fixed 2 duplicate /gene - tauB_1 tauB_2
[16:52:59] Fixed 2 duplicate /gene - tolQ_1 tolQ_2
[16:52:59] Fixed 2 duplicate /gene - alaS_1 alaS_2
[16:52:59] Fixed 2 duplicate /gene - glpR_1 glpR_2
[16:52:59] Fixed 3 duplicate /gene - waaA_1 waaA_2 waaA_3
[16:52:59] Fixed 3 duplicate /gene - puuA_1 puuA_2 puuA_3
[16:52:59] Fixed 2 duplicate /gene - macB_1 macB_2
[16:52:59] Fixed 2 duplicate /gene - iolS_1 iolS_2
[16:52:59] Fixed 2 duplicate /gene - gloB_1 gloB_2
[16:52:59] Fixed 2 duplicate /gene - gltC_1 gltC_2
[16:52:59] Fixed 2 duplicate /gene - nsrR_1 nsrR_2
[16:52:59] Fixed 2 duplicate /gene - flgG_1 flgG_2
[16:52:59] Fixed 2 duplicate /gene - flhA_1 flhA_2
[16:52:59] Fixed 2 duplicate /gene - dgkA_1 dgkA_2
[16:52:59] Fixed 3 duplicate /gene - gltX_1 gltX_2 gltX_3
[16:52:59] Fixed 3 duplicate /gene - menE_1 menE_2 menE_3
[16:52:59] Fixed 2 duplicate /gene - cysW_1 cysW_2
[16:52:59] Fixed 2 duplicate /gene - smc_1 smc_2
[16:52:59] Fixed 2 duplicate /gene - phoU_1 phoU_2
[16:52:59] Fixed 2 duplicate /gene - dpnM_1 dpnM_2
[16:52:59] Fixed 2 duplicate /gene - dapA_1 dapA_2
[16:52:59] Fixed 2 duplicate /gene - fabI_1 fabI_2
[16:52:59] Fixed 3 duplicate /gene - ddpC_1 ddpC_2 ddpC_3
[16:52:59] Fixed 2 duplicate /gene - rpoH_1 rpoH_2
[16:52:59] Fixed 2 duplicate /gene - gyrB_1 gyrB_2
[16:52:59] Fixed 3 duplicate /gene - macA_1 macA_2 macA_3
[16:52:59] Fixed 2 duplicate /gene - gloA_1 gloA_2
[16:52:59] Fixed 2 duplicate /gene - gapA_1 gapA_2
[16:52:59] Fixed 2 duplicate /gene - livH_1 livH_2
[16:52:59] Fixed 2 duplicate /gene - apc3_1 apc3_2
[16:52:59] Fixed 2 duplicate /gene - entS_1 entS_2
[16:52:59] Fixed 2 duplicate /gene - occP_1 occP_2
[16:52:59] Fixed 3 duplicate /gene - carA_1 carA_2 carA_3
[16:52:59] Fixed 2 duplicate /gene - argE_1 argE_2
[16:52:59] Fixed 2 duplicate /gene - yheS_1 yheS_2
[16:52:59] Fixed 2 duplicate /gene - dctM_1 dctM_2
[16:52:59] Fixed 2 duplicate /gene - nfdA_1 nfdA_2
[16:52:59] Fixed 3 duplicate /gene - puuB_1 puuB_2 puuB_3
[16:52:59] Fixed 4 duplicate /gene - gcvA_1 gcvA_2 gcvA_3 gcvA_4
[16:52:59] Fixed 2 duplicate /gene - kefC_1 kefC_2
[16:52:59] Fixed 2 duplicate /gene - cobO_1 cobO_2
[16:52:59] Fixed 2 duplicate /gene - kce_1 kce_2
[16:52:59] Fixed 7 duplicate /gene - fabG_1 fabG_2 fabG_3 fabG_4 fabG_5 fabG_6 fabG_7
[16:52:59] Fixed 4 duplicate /gene - betI_1 betI_2 betI_3 betI_4
[16:52:59] Fixed 224 colliding /gene names.
[16:52:59] Adding /locus_tag identifiers
[16:52:59] Assigned 3537 locus_tags to CDS and RNA features.
[16:52:59] Writing outputs to gbk/DSM2131/
[16:53:00] Generating annotation statistics file
[16:53:00] Generating Genbank and Sequin files
[16:53:00] Running: tbl2asn -V b -a r10k -l paired-ends -M n -N 1 -y 'Annotated using prokka 1.14.6 from https://github.com/tseemann/prokka' -Z gbk\/DSM2131\/GCF_003034965\.1\.prokka\.err -i gbk\/DSM2131\/GCF_003034965\.1\.prokka\.fsa 2> /dev/null
[16:53:05] Deleting unwanted file: gbk/DSM2131/errorsummary.val
[16:53:05] Deleting unwanted file: gbk/DSM2131/GCF_003034965.1.prokka.dr
[16:53:05] Deleting unwanted file: gbk/DSM2131/GCF_003034965.1.prokka.fixedproducts
[16:53:05] Deleting unwanted file: gbk/DSM2131/GCF_003034965.1.prokka.ecn
[16:53:05] Deleting unwanted file: gbk/DSM2131/GCF_003034965.1.prokka.val
[16:53:05] Repairing broken .GBK output that tbl2asn produces...
[16:53:05] Running: sed 's/COORDINATES: profile/COORDINATES:profile/' < gbk\/DSM2131\/GCF_003034965\.1\.prokka\.gbf > gbk\/DSM2131\/GCF_003034965\.1\.prokka\.gbk
[16:53:06] Deleting unwanted file: gbk/DSM2131/GCF_003034965.1.prokka.gbf
[16:53:06] Output files:
[16:53:06] gbk/DSM2131/GCF_003034965.1.prokka.tsv
[16:53:06] gbk/DSM2131/GCF_003034965.1.prokka.sqn
[16:53:06] gbk/DSM2131/GCF_003034965.1.prokka.gff
[16:53:06] gbk/DSM2131/GCF_003034965.1.prokka.fna
[16:53:06] gbk/DSM2131/GCF_003034965.1.prokka.txt
[16:53:06] gbk/DSM2131/GCF_003034965.1.prokka.log
[16:53:06] gbk/DSM2131/GCF_003034965.1.prokka.faa
[16:53:06] gbk/DSM2131/GCF_003034965.1.prokka.fsa
[16:53:06] gbk/DSM2131/GCF_003034965.1.prokka.tbl
[16:53:06] gbk/DSM2131/GCF_003034965.1.prokka.err
[16:53:06] gbk/DSM2131/GCF_003034965.1.prokka.ffn
[16:53:06] gbk/DSM2131/GCF_003034965.1.prokka.gbk
[16:53:06] Annotation finished successfully.
[16:53:06] Walltime used: 0.80 minutes
[16:53:06] If you use this result please cite the Prokka paper:
[16:53:06] Seemann T (2014) Prokka: rapid prokaryotic genome annotation. Bioinformatics. 30(14):2068-9.
[16:53:06] Type 'prokka --citation' for more details.
[16:53:06] Thank you, come again.
