INFO     20/07 15:25:25   antiSMASH version: 7.0.0
INFO     20/07 15:25:25   diamond using executable: /usr/bin/diamond-aligner (2.0.7)
INFO     20/07 15:25:25   hmmpfam2 using executable: /usr/bin/hmm2pfam (2.3.2)
INFO     20/07 15:25:25   fasttree using executable: /usr/bin/fasttree
INFO     20/07 15:25:25   hmmsearch using executable: /usr/bin/hmmsearch (3.3.2)
INFO     20/07 15:25:25   hmmpress using executable: /usr/bin/hmmpress (3.3.2)
INFO     20/07 15:25:25   hmmscan using executable: /usr/bin/hmmscan (3.3.2)
INFO     20/07 15:25:27   meme using executable: /usr/bin/meme (4.11.2)
INFO     20/07 15:25:27   fimo using executable: /usr/bin/fimo (4.11.2)
INFO     20/07 15:25:27   glimmerhmm using executable: /usr/bin/glimmerhmm
INFO     20/07 15:25:27   prodigal using executable: /usr/bin/prodigal (V2.6.3)
INFO     20/07 15:25:27   blastp using executable: /usr/bin/blastp (2.11.0+)
INFO     20/07 15:25:27   makeblastdb using executable: /usr/bin/makeblastdb (2.11.0+)
DEBUG    20/07 15:25:27   Checking prerequisites for antismash.detection.hmm_detection
DEBUG    20/07 15:25:27   Found file '/usr/local/lib/python3.9/dist-packages/antismash/detection/hmm_detection/data/bgc_seeds.hmm'
DEBUG    20/07 15:25:27   Found file '/usr/local/lib/python3.9/dist-packages/antismash/detection/hmm_detection/data/bgc_seeds.hmm.h3f'
DEBUG    20/07 15:25:27   Found file '/usr/local/lib/python3.9/dist-packages/antismash/detection/hmm_detection/data/bgc_seeds.hmm.h3i'
DEBUG    20/07 15:25:27   Found file '/usr/local/lib/python3.9/dist-packages/antismash/detection/hmm_detection/data/bgc_seeds.hmm.h3m'
DEBUG    20/07 15:25:27   Found file '/usr/local/lib/python3.9/dist-packages/antismash/detection/hmm_detection/data/bgc_seeds.hmm.h3p'
DEBUG    20/07 15:25:27   Checking prerequisites for antismash.detection.cluster_hmmer
DEBUG    20/07 15:25:27   Found file '/databases/pfam/34.0/Pfam-A.hmm'
DEBUG    20/07 15:25:27   Found file '/databases/pfam/34.0/Pfam-A.hmm.h3f'
DEBUG    20/07 15:25:27   Found file '/databases/pfam/34.0/Pfam-A.hmm.h3i'
DEBUG    20/07 15:25:27   Found file '/databases/pfam/34.0/Pfam-A.hmm.h3m'
DEBUG    20/07 15:25:27   Found file '/databases/pfam/34.0/Pfam-A.hmm.h3p'
DEBUG    20/07 15:25:27   Checking prerequisites for antismash.detection.genefunctions
DEBUG    20/07 15:25:27   Found file '/databases/resfam/Resfams.hmm'
DEBUG    20/07 15:25:27   Found file '/usr/local/lib/python3.9/dist-packages/antismash/detection/genefunctions/data/smcogs.hmm.h3f'
DEBUG    20/07 15:25:27   Found file '/usr/local/lib/python3.9/dist-packages/antismash/detection/genefunctions/data/smcogs.hmm.h3i'
DEBUG    20/07 15:25:27   Found file '/usr/local/lib/python3.9/dist-packages/antismash/detection/genefunctions/data/smcogs.hmm.h3m'
DEBUG    20/07 15:25:27   Found file '/usr/local/lib/python3.9/dist-packages/antismash/detection/genefunctions/data/smcogs.hmm.h3p'
DEBUG    20/07 15:25:27   Found file '/databases/resfam/Resfams.hmm.h3f'
DEBUG    20/07 15:25:27   Found file '/databases/resfam/Resfams.hmm.h3i'
DEBUG    20/07 15:25:27   Found file '/databases/resfam/Resfams.hmm.h3m'
DEBUG    20/07 15:25:27   Found file '/databases/resfam/Resfams.hmm.h3p'
DEBUG    20/07 15:25:27   Checking prerequisites for antismash.detection.nrps_pks_domains
DEBUG    20/07 15:25:27   Found file '/usr/local/lib/python3.9/dist-packages/antismash/detection/nrps_pks_domains/data/abmotifs.hmm.h3f'
DEBUG    20/07 15:25:27   Found file '/usr/local/lib/python3.9/dist-packages/antismash/detection/nrps_pks_domains/data/abmotifs.hmm.h3i'
DEBUG    20/07 15:25:27   Found file '/usr/local/lib/python3.9/dist-packages/antismash/detection/nrps_pks_domains/data/abmotifs.hmm.h3m'
DEBUG    20/07 15:25:27   Found file '/usr/local/lib/python3.9/dist-packages/antismash/detection/nrps_pks_domains/data/abmotifs.hmm.h3p'
DEBUG    20/07 15:25:27   Found file '/usr/local/lib/python3.9/dist-packages/antismash/detection/nrps_pks_domains/data/dockingdomains.hmm.h3f'
DEBUG    20/07 15:25:27   Found file '/usr/local/lib/python3.9/dist-packages/antismash/detection/nrps_pks_domains/data/dockingdomains.hmm.h3i'
DEBUG    20/07 15:25:27   Found file '/usr/local/lib/python3.9/dist-packages/antismash/detection/nrps_pks_domains/data/dockingdomains.hmm.h3m'
DEBUG    20/07 15:25:27   Found file '/usr/local/lib/python3.9/dist-packages/antismash/detection/nrps_pks_domains/data/dockingdomains.hmm.h3p'
DEBUG    20/07 15:25:27   Found file '/usr/local/lib/python3.9/dist-packages/antismash/detection/nrps_pks_domains/data/ksdomains.hmm.h3f'
DEBUG    20/07 15:25:27   Found file '/usr/local/lib/python3.9/dist-packages/antismash/detection/nrps_pks_domains/data/ksdomains.hmm.h3i'
DEBUG    20/07 15:25:27   Found file '/usr/local/lib/python3.9/dist-packages/antismash/detection/nrps_pks_domains/data/ksdomains.hmm.h3m'
DEBUG    20/07 15:25:27   Found file '/usr/local/lib/python3.9/dist-packages/antismash/detection/nrps_pks_domains/data/ksdomains.hmm.h3p'
DEBUG    20/07 15:25:27   Found file '/usr/local/lib/python3.9/dist-packages/antismash/detection/nrps_pks_domains/data/nrpspksdomains.hmm.h3f'
DEBUG    20/07 15:25:27   Found file '/usr/local/lib/python3.9/dist-packages/antismash/detection/nrps_pks_domains/data/nrpspksdomains.hmm.h3i'
DEBUG    20/07 15:25:27   Found file '/usr/local/lib/python3.9/dist-packages/antismash/detection/nrps_pks_domains/data/nrpspksdomains.hmm.h3m'
DEBUG    20/07 15:25:27   Found file '/usr/local/lib/python3.9/dist-packages/antismash/detection/nrps_pks_domains/data/nrpspksdomains.hmm.h3p'
DEBUG    20/07 15:25:27   Found file '/databases/nrps_pks/transATor/2023.02.23/transATor.hmm.h3f'
DEBUG    20/07 15:25:27   Found file '/databases/nrps_pks/transATor/2023.02.23/transATor.hmm.h3i'
DEBUG    20/07 15:25:27   Found file '/databases/nrps_pks/transATor/2023.02.23/transATor.hmm.h3m'
DEBUG    20/07 15:25:27   Found file '/databases/nrps_pks/transATor/2023.02.23/transATor.hmm.h3p'
DEBUG    20/07 15:25:27   Checking prerequisites for antismash.detection.tigrfam
DEBUG    20/07 15:25:27   Found file '/databases/tigrfam/TIGRFam.hmm'
DEBUG    20/07 15:25:27   Found file '/databases/tigrfam/TIGRFam.hmm.h3f'
DEBUG    20/07 15:25:27   Found file '/databases/tigrfam/TIGRFam.hmm.h3i'
DEBUG    20/07 15:25:27   Found file '/databases/tigrfam/TIGRFam.hmm.h3m'
DEBUG    20/07 15:25:27   Found file '/databases/tigrfam/TIGRFam.hmm.h3p'
DEBUG    20/07 15:25:27   Checking prerequisites for antismash.modules.active_site_finder
DEBUG    20/07 15:25:27   Found file '/usr/local/lib/python3.9/dist-packages/antismash/modules/active_site_finder/data/PKSI-KR.hmm2'
DEBUG    20/07 15:25:27   Found file '/usr/local/lib/python3.9/dist-packages/antismash/modules/active_site_finder/data/PKSI-KS_N.hmm2'
DEBUG    20/07 15:25:27   Found file '/usr/local/lib/python3.9/dist-packages/antismash/modules/active_site_finder/data/PKSI-KS_C.hmm2'
DEBUG    20/07 15:25:27   Found file '/usr/local/lib/python3.9/dist-packages/antismash/modules/active_site_finder/data/PKSI-AT.hmm2'
DEBUG    20/07 15:25:27   Found file '/usr/local/lib/python3.9/dist-packages/antismash/modules/active_site_finder/data/PKSI-ACP.hmm2'
DEBUG    20/07 15:25:27   Found file '/usr/local/lib/python3.9/dist-packages/antismash/modules/active_site_finder/data/PKSI-DH.hmm2'
DEBUG    20/07 15:25:27   Found file '/usr/local/lib/python3.9/dist-packages/antismash/modules/active_site_finder/data/Thioesterase.hmm2'
DEBUG    20/07 15:25:27   Found file '/usr/local/lib/python3.9/dist-packages/antismash/modules/active_site_finder/data/PKSI-ER.hmm2'
DEBUG    20/07 15:25:27   Found file '/usr/local/lib/python3.9/dist-packages/antismash/modules/active_site_finder/data/p450.hmm2'
DEBUG    20/07 15:25:27   Checking prerequisites for antismash.modules.cluster_compare
DEBUG    20/07 15:25:27   Found file '/databases/clustercompare/mibig/3.1/data.json'
DEBUG    20/07 15:25:27   Found file '/databases/clustercompare/mibig/3.1/proteins.fasta'
DEBUG    20/07 15:25:27   Found file '/databases/clustercompare/mibig/3.1/proteins.dmnd'
DEBUG    20/07 15:25:27   Found file '/databases/clustercompare/mibig/3.1/proteins.dmnd'
DEBUG    20/07 15:25:27   Checking prerequisites for antismash.modules.clusterblast
DEBUG    20/07 15:25:27   Found file '/databases/knownclusterblast/3.1/clusters.txt'
DEBUG    20/07 15:25:27   Found file '/databases/knownclusterblast/3.1/proteins.fasta'
DEBUG    20/07 15:25:27   Found file '/databases/knownclusterblast/3.1/proteins.dmnd'
DEBUG    20/07 15:25:27   Found file '/databases/knownclusterblast/3.1/proteins.dmnd'
DEBUG    20/07 15:25:27   Found file '/databases/clusterblast/clusters.txt'
DEBUG    20/07 15:25:27   Found file '/databases/clusterblast/proteins.fasta'
DEBUG    20/07 15:25:27   Found file '/databases/clusterblast/proteins.dmnd'
DEBUG    20/07 15:25:27   Found file '/databases/clusterblast/proteins.dmnd'
DEBUG    20/07 15:25:27   Found file '/usr/local/lib/python3.9/dist-packages/antismash/modules/clusterblast/data/sub/proteins.fasta'
DEBUG    20/07 15:25:27   Found file '/usr/local/lib/python3.9/dist-packages/antismash/modules/clusterblast/data/sub/proteins.fasta.phr'
DEBUG    20/07 15:25:27   Found file '/usr/local/lib/python3.9/dist-packages/antismash/modules/clusterblast/data/sub/proteins.fasta.pin'
DEBUG    20/07 15:25:27   Found file '/usr/local/lib/python3.9/dist-packages/antismash/modules/clusterblast/data/sub/proteins.fasta.psq'
DEBUG    20/07 15:25:27   Found file '/usr/local/lib/python3.9/dist-packages/antismash/modules/clusterblast/data/sub/clusters.txt'
DEBUG    20/07 15:25:27   Checking prerequisites for antismash.modules.lanthipeptides
DEBUG    20/07 15:25:27   Found file '/databases/comparippson/asdb/3.0/cores.fa.pdb'
DEBUG    20/07 15:25:27   Found file '/databases/comparippson/asdb/3.0/cores.fa.phr'
DEBUG    20/07 15:25:27   Found file '/databases/comparippson/asdb/3.0/cores.fa.pin'
DEBUG    20/07 15:25:27   Found file '/databases/comparippson/asdb/3.0/cores.fa.pot'
DEBUG    20/07 15:25:27   Found file '/databases/comparippson/asdb/3.0/cores.fa.psq'
DEBUG    20/07 15:25:27   Found file '/databases/comparippson/asdb/3.0/cores.fa.ptf'
DEBUG    20/07 15:25:27   Found file '/databases/comparippson/asdb/3.0/cores.fa.pto'
DEBUG    20/07 15:25:27   Found file '/databases/comparippson/mibig/3.1/cores.fa.pdb'
DEBUG    20/07 15:25:27   Found file '/databases/comparippson/mibig/3.1/cores.fa.phr'
DEBUG    20/07 15:25:27   Found file '/databases/comparippson/mibig/3.1/cores.fa.pin'
DEBUG    20/07 15:25:27   Found file '/databases/comparippson/mibig/3.1/cores.fa.pot'
DEBUG    20/07 15:25:27   Found file '/databases/comparippson/mibig/3.1/cores.fa.psq'
DEBUG    20/07 15:25:27   Found file '/databases/comparippson/mibig/3.1/cores.fa.ptf'
DEBUG    20/07 15:25:27   Found file '/databases/comparippson/mibig/3.1/cores.fa.pto'
DEBUG    20/07 15:25:27   Checking prerequisites for antismash.modules.lassopeptides
DEBUG    20/07 15:25:27   Checking prerequisites for antismash.modules.nrps_pks
DEBUG    20/07 15:25:27   Found existing cache for /usr/local/lib/python3.9/dist-packages/antismash/modules/nrps_pks/data/terminals/cterm.fasta
DEBUG    20/07 15:25:27   Found existing cache for /usr/local/lib/python3.9/dist-packages/antismash/modules/nrps_pks/data/terminals/nterm.fasta
DEBUG    20/07 15:25:27   Found existing cache for /usr/local/lib/python3.9/dist-packages/antismash/modules/nrps_pks/at_analysis/data/AT_domains_muscle.fasta
DEBUG    20/07 15:25:27   Found existing cache for /usr/local/lib/python3.9/dist-packages/antismash/modules/nrps_pks/kr_analysis/data/KRdomains_muscle.fasta
DEBUG    20/07 15:25:27   Found existing cache for /usr/local/lib/python3.9/dist-packages/antismash/modules/nrps_pks/minowa/data/AT_domains_muscle.fasta
DEBUG    20/07 15:25:27   Found existing cache for /usr/local/lib/python3.9/dist-packages/antismash/modules/nrps_pks/minowa/data/CAL_domains_muscle.fasta
DEBUG    20/07 15:25:27   Checking prerequisites for antismash.modules.pfam2go
DEBUG    20/07 15:25:27   Found file '/usr/local/lib/python3.9/dist-packages/antismash/modules/pfam2go/data/pfam2go.txt'
DEBUG    20/07 15:25:27   Checking prerequisites for antismash.modules.rrefinder
DEBUG    20/07 15:25:27   Found file '/usr/local/lib/python3.9/dist-packages/antismash/modules/rrefinder/data/RREFam.hmm.h3f'
DEBUG    20/07 15:25:27   Found file '/usr/local/lib/python3.9/dist-packages/antismash/modules/rrefinder/data/RREFam.hmm.h3i'
DEBUG    20/07 15:25:27   Found file '/usr/local/lib/python3.9/dist-packages/antismash/modules/rrefinder/data/RREFam.hmm.h3m'
DEBUG    20/07 15:25:27   Found file '/usr/local/lib/python3.9/dist-packages/antismash/modules/rrefinder/data/RREFam.hmm.h3p'
DEBUG    20/07 15:25:27   Checking prerequisites for antismash.modules.sactipeptides
DEBUG    20/07 15:25:27   Checking prerequisites for antismash.modules.t2pks
DEBUG    20/07 15:25:27   Found file '/usr/local/lib/python3.9/dist-packages/antismash/modules/t2pks/data/KSIII.fasta'
DEBUG    20/07 15:25:27   Found file '/usr/local/lib/python3.9/dist-packages/antismash/modules/t2pks/data/KSIII.phr'
DEBUG    20/07 15:25:27   Found file '/usr/local/lib/python3.9/dist-packages/antismash/modules/t2pks/data/KSIII.pin'
DEBUG    20/07 15:25:27   Found file '/usr/local/lib/python3.9/dist-packages/antismash/modules/t2pks/data/KSIII.psq'
DEBUG    20/07 15:25:27   Found file '/usr/local/lib/python3.9/dist-packages/antismash/modules/t2pks/data/AT.fasta'
DEBUG    20/07 15:25:27   Found file '/usr/local/lib/python3.9/dist-packages/antismash/modules/t2pks/data/AT.phr'
DEBUG    20/07 15:25:27   Found file '/usr/local/lib/python3.9/dist-packages/antismash/modules/t2pks/data/AT.pin'
DEBUG    20/07 15:25:27   Found file '/usr/local/lib/python3.9/dist-packages/antismash/modules/t2pks/data/AT.psq'
DEBUG    20/07 15:25:27   Found file '/usr/local/lib/python3.9/dist-packages/antismash/modules/t2pks/data/LIG.fasta'
DEBUG    20/07 15:25:27   Found file '/usr/local/lib/python3.9/dist-packages/antismash/modules/t2pks/data/LIG.phr'
DEBUG    20/07 15:25:27   Found file '/usr/local/lib/python3.9/dist-packages/antismash/modules/t2pks/data/LIG.pin'
DEBUG    20/07 15:25:27   Found file '/usr/local/lib/python3.9/dist-packages/antismash/modules/t2pks/data/LIG.psq'
DEBUG    20/07 15:25:27   Found file '/usr/local/lib/python3.9/dist-packages/antismash/modules/t2pks/data/t2pks.hmm.h3f'
DEBUG    20/07 15:25:27   Found file '/usr/local/lib/python3.9/dist-packages/antismash/modules/t2pks/data/t2pks.hmm.h3i'
DEBUG    20/07 15:25:27   Found file '/usr/local/lib/python3.9/dist-packages/antismash/modules/t2pks/data/t2pks.hmm.h3m'
DEBUG    20/07 15:25:27   Found file '/usr/local/lib/python3.9/dist-packages/antismash/modules/t2pks/data/t2pks.hmm.h3p'
DEBUG    20/07 15:25:27   Checking prerequisites for antismash.modules.tfbs_finder
DEBUG    20/07 15:25:27   Found file '/usr/local/lib/python3.9/dist-packages/antismash/modules/tfbs_finder/data/PWMs.json'
DEBUG    20/07 15:25:27   Checking prerequisites for antismash.modules.thiopeptides
DEBUG    20/07 15:25:27   Found file '/usr/local/lib/python3.9/dist-packages/antismash/modules/thiopeptides/data/thiopep3.hmm.h3f'
DEBUG    20/07 15:25:27   Found file '/usr/local/lib/python3.9/dist-packages/antismash/modules/thiopeptides/data/thiopep3.hmm.h3i'
DEBUG    20/07 15:25:27   Found file '/usr/local/lib/python3.9/dist-packages/antismash/modules/thiopeptides/data/thiopep3.hmm.h3m'
DEBUG    20/07 15:25:27   Found file '/usr/local/lib/python3.9/dist-packages/antismash/modules/thiopeptides/data/thiopep3.hmm.h3p'
DEBUG    20/07 15:25:27   Checking prerequisites for antismash.modules.tta
DEBUG    20/07 15:25:27   Checking prerequisites for antismash.outputs.html
DEBUG    20/07 15:25:27   Found file '/usr/local/lib/python3.9/dist-packages/antismash/outputs/html/css/bacteria.css'
DEBUG    20/07 15:25:27   Found file '/usr/local/lib/python3.9/dist-packages/antismash/outputs/html/css/fungi.css'
DEBUG    20/07 15:25:27   Found file '/usr/local/lib/python3.9/dist-packages/antismash/outputs/html/css/plants.css'
DEBUG    20/07 15:25:27   Checking prerequisites for antismash.support.genefinding
DEBUG    20/07 15:25:27   Checking options for antismash.detection.hmm_detection
DEBUG    20/07 15:25:27   Checking options for antismash.detection.cluster_hmmer
DEBUG    20/07 15:25:27   Found file '/databases/pfam/34.0/Pfam-A.hmm'
DEBUG    20/07 15:25:27   Found file '/databases/pfam/34.0/Pfam-A.hmm.h3f'
DEBUG    20/07 15:25:27   Found file '/databases/pfam/34.0/Pfam-A.hmm.h3i'
DEBUG    20/07 15:25:27   Found file '/databases/pfam/34.0/Pfam-A.hmm.h3m'
DEBUG    20/07 15:25:27   Found file '/databases/pfam/34.0/Pfam-A.hmm.h3p'
DEBUG    20/07 15:25:27   Checking options for antismash.detection.genefunctions
DEBUG    20/07 15:25:27   Checking options for antismash.detection.nrps_pks_domains
DEBUG    20/07 15:25:27   Checking options for antismash.detection.tigrfam
DEBUG    20/07 15:25:27   Checking options for antismash.modules.active_site_finder
DEBUG    20/07 15:25:27   Checking options for antismash.modules.cluster_compare
DEBUG    20/07 15:25:27   Checking options for antismash.modules.clusterblast
DEBUG    20/07 15:25:27   Checking options for antismash.modules.lanthipeptides
DEBUG    20/07 15:25:27   Checking options for antismash.modules.lassopeptides
DEBUG    20/07 15:25:27   Checking options for antismash.modules.nrps_pks
DEBUG    20/07 15:25:27   Checking options for antismash.modules.pfam2go
DEBUG    20/07 15:25:27   Checking options for antismash.modules.rrefinder
DEBUG    20/07 15:25:27   Checking options for antismash.modules.sactipeptides
DEBUG    20/07 15:25:27   Checking options for antismash.modules.t2pks
DEBUG    20/07 15:25:27   Checking options for antismash.modules.tfbs_finder
DEBUG    20/07 15:25:27   Checking options for antismash.modules.thiopeptides
DEBUG    20/07 15:25:27   Checking options for antismash.modules.tta
DEBUG    20/07 15:25:27   Checking options for antismash.outputs.html
DEBUG    20/07 15:25:27   Checking options for antismash.support.genefinding
INFO     20/07 15:25:27   Parsing input sequence '/input/GCF_000714535.1_Thioclava_pacifica_DSM_10166.gbk'
DEBUG    20/07 15:25:28   Stripping antiSMASH features and annotations from record: NZ_AUND01000001.1
DEBUG    20/07 15:25:28   Stripping antiSMASH features and annotations from record: NZ_AUND01000002.1
DEBUG    20/07 15:25:28   Stripping antiSMASH features and annotations from record: NZ_AUND01000003.1
DEBUG    20/07 15:25:28   Stripping antiSMASH features and annotations from record: NZ_AUND01000004.1
DEBUG    20/07 15:25:28   Stripping antiSMASH features and annotations from record: NZ_AUND01000005.1
DEBUG    20/07 15:25:28   Stripping antiSMASH features and annotations from record: NZ_AUND01000006.1
DEBUG    20/07 15:25:28   Stripping antiSMASH features and annotations from record: NZ_AUND01000007.1
DEBUG    20/07 15:25:28   Stripping antiSMASH features and annotations from record: NZ_AUND01000008.1
DEBUG    20/07 15:25:28   Stripping antiSMASH features and annotations from record: NZ_AUND01000009.1
DEBUG    20/07 15:25:28   Stripping antiSMASH features and annotations from record: NZ_AUND01000010.1
DEBUG    20/07 15:25:28   Stripping antiSMASH features and annotations from record: NZ_AUND01000011.1
DEBUG    20/07 15:25:28   Stripping antiSMASH features and annotations from record: NZ_AUND01000012.1
DEBUG    20/07 15:25:28   Stripping antiSMASH features and annotations from record: NZ_AUND01000013.1
DEBUG    20/07 15:25:28   Stripping antiSMASH features and annotations from record: NZ_AUND01000014.1
DEBUG    20/07 15:25:28   Stripping antiSMASH features and annotations from record: NZ_AUND01000015.1
DEBUG    20/07 15:25:28   Stripping antiSMASH features and annotations from record: NZ_AUND01000016.1
DEBUG    20/07 15:25:28   Stripping antiSMASH features and annotations from record: NZ_AUND01000017.1
DEBUG    20/07 15:25:28   Stripping antiSMASH features and annotations from record: NZ_AUND01000018.1
DEBUG    20/07 15:25:28   Stripping antiSMASH features and annotations from record: NZ_AUND01000019.1
DEBUG    20/07 15:25:28   Stripping antiSMASH features and annotations from record: NZ_AUND01000020.1
DEBUG    20/07 15:25:28   Stripping antiSMASH features and annotations from record: NZ_AUND01000021.1
DEBUG    20/07 15:25:28   Stripping antiSMASH features and annotations from record: NZ_AUND01000022.1
DEBUG    20/07 15:25:28   Stripping antiSMASH features and annotations from record: NZ_AUND01000023.1
DEBUG    20/07 15:25:28   Stripping antiSMASH features and annotations from record: NZ_AUND01000024.1
DEBUG    20/07 15:25:28   Stripping antiSMASH features and annotations from record: NZ_AUND01000025.1
DEBUG    20/07 15:25:28   Stripping antiSMASH features and annotations from record: NZ_AUND01000026.1
DEBUG    20/07 15:25:28   Stripping antiSMASH features and annotations from record: NZ_AUND01000027.1
DEBUG    20/07 15:25:28   Stripping antiSMASH features and annotations from record: NZ_AUND01000028.1
DEBUG    20/07 15:25:28   Stripping antiSMASH features and annotations from record: NZ_AUND01000029.1
DEBUG    20/07 15:25:28   Stripping antiSMASH features and annotations from record: NZ_AUND01000030.1
DEBUG    20/07 15:25:28   Stripping antiSMASH features and annotations from record: NZ_AUND01000034.1
DEBUG    20/07 15:25:28   Stripping antiSMASH features and annotations from record: NZ_AUND01000038.1
DEBUG    20/07 15:25:28   Stripping antiSMASH features and annotations from record: NZ_AUND01000039.1
DEBUG    20/07 15:25:28   Stripping antiSMASH features and annotations from record: NZ_AUND01000040.1
DEBUG    20/07 15:25:28   Stripping antiSMASH features and annotations from record: NZ_AUND01000041.1
DEBUG    20/07 15:25:28   Stripping antiSMASH features and annotations from record: NZ_AUND01000042.1
DEBUG    20/07 15:25:28   Converting records from biopython to secmet
DEBUG    20/07 15:25:28   Removing existing region genbank files
DEBUG    20/07 15:25:28   Reusing output directory: /data/antismash/upload/bacteria-6e2e599a-f732-4b25-a945-9cd217d1bfde
DEBUG    20/07 15:25:28   Preprocessing 36 sequences
DEBUG    20/07 15:25:28   Sanitising record ids and sequences
DEBUG    20/07 15:25:29   Removing sequences smaller than 1000 bases
DEBUG    20/07 15:25:29   Ensuring records have CDS features with all required information
INFO     20/07 15:25:29   No CDS features found in record 'NZ_AUND01000019.1', running gene finding.
DEBUG    20/07 15:25:29   Running prodigal based genefinding
INFO     20/07 15:25:29   No CDS features found in record 'NZ_AUND01000024.1', running gene finding.
DEBUG    20/07 15:25:29   Running prodigal based genefinding
DEBUG    20/07 15:25:29   prodigal found 4 CDS features
INFO     20/07 15:25:29   No CDS features found in record 'NZ_AUND01000028.1', running gene finding.
DEBUG    20/07 15:25:29   Running prodigal based genefinding
DEBUG    20/07 15:25:29   prodigal found 3 CDS features
DEBUG    20/07 15:25:29   prodigal found 1 CDS features
INFO     20/07 15:25:29   Analysing record: NZ_AUND01000001.1
INFO     20/07 15:25:29   Detecting secondary metabolite clusters
DEBUG    20/07 15:25:29   Checking if antismash.detection.hmm_detection should be run
INFO     20/07 15:25:29   Running antismash.detection.hmm_detection
INFO     20/07 15:25:29   HMM detection using strictness: relaxed
DEBUG    20/07 15:25:33   1 rule-based cluster(s) found in record
DEBUG    20/07 15:25:33   1 protoclusters found
DEBUG    20/07 15:25:33   0 subregions found
INFO     20/07 15:25:33   1 region(s) detected in record
DEBUG    20/07 15:25:33   Checking if antismash.detection.cluster_hmmer should be run
INFO     20/07 15:25:33   Running antismash.detection.cluster_hmmer
INFO     20/07 15:25:33   Running cluster PFAM search
DEBUG    20/07 15:25:38   Building name mapping for HMMer database Pfam-A.hmm
DEBUG    20/07 15:25:40   Building cutoff mapping for HMMer database /databases/pfam/34.0/Pfam-A.hmm
DEBUG    20/07 15:25:43   Adding detection results from antismash.detection.cluster_hmmer to record
DEBUG    20/07 15:25:43   Checking if antismash.detection.genefunctions should be run
INFO     20/07 15:25:43   Running antismash.detection.genefunctions
DEBUG    20/07 15:25:43   Adding detection results from antismash.detection.genefunctions to record
DEBUG    20/07 15:25:43   annotating CDS features with resist info: 0 CDSes
DEBUG    20/07 15:25:43   annotating CDS features with smcogs info: 4 CDSes
DEBUG    20/07 15:25:43   Checking if antismash.detection.nrps_pks_domains should be run
INFO     20/07 15:25:43   Running antismash.detection.nrps_pks_domains
DEBUG    20/07 15:25:43   Marking NRPS/PKS CDS features and domains in clusters
DEBUG    20/07 15:25:44   Adding detection results from antismash.detection.nrps_pks_domains to record
DEBUG    20/07 15:25:44   Checking if antismash.detection.tigrfam should be run
INFO     20/07 15:25:44   Running antismash.detection.tigrfam
INFO     20/07 15:25:44   Running TIGRFam search
DEBUG    20/07 15:25:45   Building name mapping for HMMer database TIGRFam.hmm
DEBUG    20/07 15:25:46   Adding detection results from antismash.detection.tigrfam to record
DEBUG    20/07 15:25:46   Checking if antismash.modules.active_site_finder should be run
INFO     20/07 15:25:46   Running antismash.modules.active_site_finder
DEBUG    20/07 15:25:46   Checking if antismash.modules.cluster_compare should be run
INFO     20/07 15:25:46   Running antismash.modules.cluster_compare
DEBUG    20/07 15:25:46   Loading comparison database: MIBiG
DEBUG    20/07 15:25:47   Comparison database loaded
INFO     20/07 15:25:47   Comparing regions to reference database
DEBUG    20/07 15:25:48   Checking if antismash.modules.clusterblast should be run
INFO     20/07 15:25:48   Running antismash.modules.clusterblast
INFO     20/07 15:25:48   Finding internal homologs in each gene cluster...
INFO     20/07 15:25:49   Running ClusterBlast
INFO     20/07 15:25:49   ClusterBlast: Loading gene cluster database into memory...
INFO     20/07 15:25:51   ClusterBlast: Loading gene cluster database proteins into memory...
INFO     20/07 15:26:03   Comparing regions to reference database
INFO     20/07 15:26:55   Running subcluster search
INFO     20/07 15:26:55   SubClusterBlast: Loading gene cluster database into memory...
INFO     20/07 15:26:55   SubClusterBlast: Loading gene cluster database proteins into memory...
INFO     20/07 15:26:58   Running known cluster search
INFO     20/07 15:26:58   KnownClusterBlast: Loading gene cluster database into memory...
INFO     20/07 15:26:58   KnownClusterBlast: Loading gene cluster database proteins into memory...
DEBUG    20/07 15:26:58   Running DIAMOND knowncluster searches..
INFO     20/07 15:26:58   Comparing regions to reference database
DEBUG    20/07 15:27:00   Checking if antismash.modules.lanthipeptides should be run
INFO     20/07 15:27:00   Running antismash.modules.lanthipeptides
DEBUG    20/07 15:27:00   Lanthipeptide module marked 0 motifs
DEBUG    20/07 15:27:01   Checking if antismash.modules.lassopeptides should be run
INFO     20/07 15:27:01   Running antismash.modules.lassopeptides
DEBUG    20/07 15:27:02   Lassopeptide module marked 0 motifs
DEBUG    20/07 15:27:02   Checking if antismash.modules.nrps_pks should be run
INFO     20/07 15:27:02   Running antismash.modules.nrps_pks
DEBUG    20/07 15:27:02   Checking if antismash.modules.pfam2go should be run
INFO     20/07 15:27:02   Running antismash.modules.pfam2go
DEBUG    20/07 15:27:02   Checking if antismash.modules.rrefinder should be run
INFO     20/07 15:27:02   Running antismash.modules.rrefinder
DEBUG    20/07 15:27:02   Checking if antismash.modules.sactipeptides should be run
INFO     20/07 15:27:02   Running antismash.modules.sactipeptides
DEBUG    20/07 15:27:02   Found no sactipeptide motifs
DEBUG    20/07 15:27:03   Checking if antismash.modules.t2pks should be run
INFO     20/07 15:27:03   Running antismash.modules.t2pks
DEBUG    20/07 15:27:03   No type II PKS clusters to analyze
DEBUG    20/07 15:27:03   Checking if antismash.modules.tfbs_finder should be run
INFO     20/07 15:27:03   Running antismash.modules.tfbs_finder
DEBUG    20/07 15:27:03   Checking if antismash.modules.thiopeptides should be run
INFO     20/07 15:27:03   Running antismash.modules.thiopeptides
DEBUG    20/07 15:27:03   Thiopeptides marked 0 motifs
DEBUG    20/07 15:27:05   Checking if antismash.modules.tta should be run
INFO     20/07 15:27:05   Running antismash.modules.tta
INFO     20/07 15:27:05   Skipping TTA codon detection, GC content too low: 65%
INFO     20/07 15:27:05   Analysing record: NZ_AUND01000002.1
INFO     20/07 15:27:05   Detecting secondary metabolite clusters
DEBUG    20/07 15:27:05   Checking if antismash.detection.hmm_detection should be run
INFO     20/07 15:27:05   Running antismash.detection.hmm_detection
INFO     20/07 15:27:05   HMM detection using strictness: relaxed
DEBUG    20/07 15:27:06   0 rule-based cluster(s) found in record
DEBUG    20/07 15:27:06   0 protoclusters found
DEBUG    20/07 15:27:06   0 subregions found
INFO     20/07 15:27:06   No regions detected, skipping record
INFO     20/07 15:27:06   Analysing record: NZ_AUND01000003.1
INFO     20/07 15:27:06   Detecting secondary metabolite clusters
DEBUG    20/07 15:27:06   Checking if antismash.detection.hmm_detection should be run
INFO     20/07 15:27:06   Running antismash.detection.hmm_detection
INFO     20/07 15:27:06   HMM detection using strictness: relaxed
DEBUG    20/07 15:27:06   0 rule-based cluster(s) found in record
DEBUG    20/07 15:27:06   0 protoclusters found
DEBUG    20/07 15:27:06   0 subregions found
INFO     20/07 15:27:06   No regions detected, skipping record
INFO     20/07 15:27:06   Analysing record: NZ_AUND01000004.1
INFO     20/07 15:27:06   Detecting secondary metabolite clusters
DEBUG    20/07 15:27:06   Checking if antismash.detection.hmm_detection should be run
INFO     20/07 15:27:06   Running antismash.detection.hmm_detection
INFO     20/07 15:27:06   HMM detection using strictness: relaxed
DEBUG    20/07 15:27:07   0 rule-based cluster(s) found in record
DEBUG    20/07 15:27:07   0 protoclusters found
DEBUG    20/07 15:27:07   0 subregions found
INFO     20/07 15:27:07   No regions detected, skipping record
INFO     20/07 15:27:07   Analysing record: NZ_AUND01000005.1
INFO     20/07 15:27:07   Detecting secondary metabolite clusters
DEBUG    20/07 15:27:07   Checking if antismash.detection.hmm_detection should be run
INFO     20/07 15:27:07   Running antismash.detection.hmm_detection
INFO     20/07 15:27:07   HMM detection using strictness: relaxed
DEBUG    20/07 15:27:07   0 rule-based cluster(s) found in record
DEBUG    20/07 15:27:07   0 protoclusters found
DEBUG    20/07 15:27:07   0 subregions found
INFO     20/07 15:27:07   No regions detected, skipping record
INFO     20/07 15:27:07   Analysing record: NZ_AUND01000006.1
INFO     20/07 15:27:07   Detecting secondary metabolite clusters
DEBUG    20/07 15:27:07   Checking if antismash.detection.hmm_detection should be run
INFO     20/07 15:27:07   Running antismash.detection.hmm_detection
INFO     20/07 15:27:07   HMM detection using strictness: relaxed
DEBUG    20/07 15:27:08   1 rule-based cluster(s) found in record
DEBUG    20/07 15:27:08   1 protoclusters found
DEBUG    20/07 15:27:08   0 subregions found
INFO     20/07 15:27:08   1 region(s) detected in record
DEBUG    20/07 15:27:08   Checking if antismash.detection.cluster_hmmer should be run
INFO     20/07 15:27:08   Running antismash.detection.cluster_hmmer
INFO     20/07 15:27:08   Running cluster PFAM search
DEBUG    20/07 15:27:12   Adding detection results from antismash.detection.cluster_hmmer to record
DEBUG    20/07 15:27:12   Checking if antismash.detection.genefunctions should be run
INFO     20/07 15:27:12   Running antismash.detection.genefunctions
DEBUG    20/07 15:27:13   Adding detection results from antismash.detection.genefunctions to record
DEBUG    20/07 15:27:13   annotating CDS features with resist info: 0 CDSes
DEBUG    20/07 15:27:13   annotating CDS features with smcogs info: 3 CDSes
DEBUG    20/07 15:27:13   Checking if antismash.detection.nrps_pks_domains should be run
INFO     20/07 15:27:13   Running antismash.detection.nrps_pks_domains
DEBUG    20/07 15:27:13   Marking NRPS/PKS CDS features and domains in clusters
DEBUG    20/07 15:27:13   Adding detection results from antismash.detection.nrps_pks_domains to record
DEBUG    20/07 15:27:13   Checking if antismash.detection.tigrfam should be run
INFO     20/07 15:27:13   Running antismash.detection.tigrfam
INFO     20/07 15:27:13   Running TIGRFam search
DEBUG    20/07 15:27:14   Adding detection results from antismash.detection.tigrfam to record
DEBUG    20/07 15:27:14   Checking if antismash.modules.active_site_finder should be run
INFO     20/07 15:27:14   Running antismash.modules.active_site_finder
DEBUG    20/07 15:27:14   Checking if antismash.modules.cluster_compare should be run
INFO     20/07 15:27:14   Running antismash.modules.cluster_compare
DEBUG    20/07 15:27:14   Loading comparison database: MIBiG
DEBUG    20/07 15:27:14   Comparison database loaded
INFO     20/07 15:27:14   Comparing regions to reference database
DEBUG    20/07 15:27:16   Checking if antismash.modules.clusterblast should be run
INFO     20/07 15:27:16   Running antismash.modules.clusterblast
INFO     20/07 15:27:16   Finding internal homologs in each gene cluster...
INFO     20/07 15:27:19   Running ClusterBlast
INFO     20/07 15:27:19   ClusterBlast: Loading gene cluster database into memory...
INFO     20/07 15:27:20   ClusterBlast: Loading gene cluster database proteins into memory...
INFO     20/07 15:27:31   Comparing regions to reference database
INFO     20/07 15:28:23   Running subcluster search
INFO     20/07 15:28:23   SubClusterBlast: Loading gene cluster database into memory...
INFO     20/07 15:28:23   SubClusterBlast: Loading gene cluster database proteins into memory...
INFO     20/07 15:28:24   Running known cluster search
INFO     20/07 15:28:24   KnownClusterBlast: Loading gene cluster database into memory...
INFO     20/07 15:28:24   KnownClusterBlast: Loading gene cluster database proteins into memory...
DEBUG    20/07 15:28:24   Running DIAMOND knowncluster searches..
INFO     20/07 15:28:24   Comparing regions to reference database
DEBUG    20/07 15:28:26   Checking if antismash.modules.lanthipeptides should be run
INFO     20/07 15:28:26   Running antismash.modules.lanthipeptides
DEBUG    20/07 15:28:26   Lanthipeptide module marked 0 motifs
DEBUG    20/07 15:28:28   Checking if antismash.modules.lassopeptides should be run
INFO     20/07 15:28:28   Running antismash.modules.lassopeptides
DEBUG    20/07 15:28:29   Lassopeptide module marked 0 motifs
DEBUG    20/07 15:28:29   Checking if antismash.modules.nrps_pks should be run
INFO     20/07 15:28:29   Running antismash.modules.nrps_pks
DEBUG    20/07 15:28:29   No NRPS or PKS genes found, skipping analysis
DEBUG    20/07 15:28:29   Checking if antismash.modules.pfam2go should be run
INFO     20/07 15:28:29   Running antismash.modules.pfam2go
DEBUG    20/07 15:28:29   Checking if antismash.modules.rrefinder should be run
INFO     20/07 15:28:29   Running antismash.modules.rrefinder
DEBUG    20/07 15:28:29   Checking if antismash.modules.sactipeptides should be run
INFO     20/07 15:28:29   Running antismash.modules.sactipeptides
DEBUG    20/07 15:28:29   Found no sactipeptide motifs
DEBUG    20/07 15:28:30   Checking if antismash.modules.t2pks should be run
INFO     20/07 15:28:30   Running antismash.modules.t2pks
DEBUG    20/07 15:28:30   No type II PKS clusters to analyze
DEBUG    20/07 15:28:30   Checking if antismash.modules.tfbs_finder should be run
INFO     20/07 15:28:30   Running antismash.modules.tfbs_finder
DEBUG    20/07 15:28:30   Checking if antismash.modules.thiopeptides should be run
INFO     20/07 15:28:30   Running antismash.modules.thiopeptides
DEBUG    20/07 15:28:30   Thiopeptides marked 0 motifs
DEBUG    20/07 15:28:31   Checking if antismash.modules.tta should be run
INFO     20/07 15:28:31   Running antismash.modules.tta
INFO     20/07 15:28:31   Skipping TTA codon detection, GC content too low: 62%
INFO     20/07 15:28:31   Analysing record: NZ_AUND01000007.1
INFO     20/07 15:28:31   Detecting secondary metabolite clusters
DEBUG    20/07 15:28:31   Checking if antismash.detection.hmm_detection should be run
INFO     20/07 15:28:31   Running antismash.detection.hmm_detection
INFO     20/07 15:28:31   HMM detection using strictness: relaxed
DEBUG    20/07 15:28:32   0 rule-based cluster(s) found in record
DEBUG    20/07 15:28:32   0 protoclusters found
DEBUG    20/07 15:28:32   0 subregions found
INFO     20/07 15:28:32   No regions detected, skipping record
INFO     20/07 15:28:32   Analysing record: NZ_AUND01000008.1
INFO     20/07 15:28:32   Detecting secondary metabolite clusters
DEBUG    20/07 15:28:32   Checking if antismash.detection.hmm_detection should be run
INFO     20/07 15:28:32   Running antismash.detection.hmm_detection
INFO     20/07 15:28:32   HMM detection using strictness: relaxed
DEBUG    20/07 15:28:32   0 rule-based cluster(s) found in record
DEBUG    20/07 15:28:32   0 protoclusters found
DEBUG    20/07 15:28:32   0 subregions found
INFO     20/07 15:28:32   No regions detected, skipping record
INFO     20/07 15:28:32   Analysing record: NZ_AUND01000009.1
INFO     20/07 15:28:32   Detecting secondary metabolite clusters
DEBUG    20/07 15:28:32   Checking if antismash.detection.hmm_detection should be run
INFO     20/07 15:28:32   Running antismash.detection.hmm_detection
INFO     20/07 15:28:32   HMM detection using strictness: relaxed
DEBUG    20/07 15:28:33   0 rule-based cluster(s) found in record
DEBUG    20/07 15:28:33   0 protoclusters found
DEBUG    20/07 15:28:33   0 subregions found
INFO     20/07 15:28:33   No regions detected, skipping record
INFO     20/07 15:28:33   Analysing record: NZ_AUND01000010.1
INFO     20/07 15:28:33   Detecting secondary metabolite clusters
DEBUG    20/07 15:28:33   Checking if antismash.detection.hmm_detection should be run
INFO     20/07 15:28:33   Running antismash.detection.hmm_detection
INFO     20/07 15:28:33   HMM detection using strictness: relaxed
DEBUG    20/07 15:28:34   0 rule-based cluster(s) found in record
DEBUG    20/07 15:28:34   0 protoclusters found
DEBUG    20/07 15:28:34   0 subregions found
INFO     20/07 15:28:34   No regions detected, skipping record
INFO     20/07 15:28:34   Analysing record: NZ_AUND01000011.1
INFO     20/07 15:28:34   Detecting secondary metabolite clusters
DEBUG    20/07 15:28:34   Checking if antismash.detection.hmm_detection should be run
INFO     20/07 15:28:34   Running antismash.detection.hmm_detection
INFO     20/07 15:28:34   HMM detection using strictness: relaxed
DEBUG    20/07 15:28:34   0 rule-based cluster(s) found in record
DEBUG    20/07 15:28:34   0 protoclusters found
DEBUG    20/07 15:28:34   0 subregions found
INFO     20/07 15:28:34   No regions detected, skipping record
INFO     20/07 15:28:34   Analysing record: NZ_AUND01000012.1
INFO     20/07 15:28:34   Detecting secondary metabolite clusters
DEBUG    20/07 15:28:34   Checking if antismash.detection.hmm_detection should be run
INFO     20/07 15:28:34   Running antismash.detection.hmm_detection
INFO     20/07 15:28:34   HMM detection using strictness: relaxed
DEBUG    20/07 15:28:37   0 rule-based cluster(s) found in record
DEBUG    20/07 15:28:37   0 protoclusters found
DEBUG    20/07 15:28:37   0 subregions found
INFO     20/07 15:28:37   No regions detected, skipping record
INFO     20/07 15:28:37   Analysing record: NZ_AUND01000013.1
INFO     20/07 15:28:37   Detecting secondary metabolite clusters
DEBUG    20/07 15:28:37   Checking if antismash.detection.hmm_detection should be run
INFO     20/07 15:28:37   Running antismash.detection.hmm_detection
INFO     20/07 15:28:37   HMM detection using strictness: relaxed
DEBUG    20/07 15:28:38   0 rule-based cluster(s) found in record
DEBUG    20/07 15:28:38   0 protoclusters found
DEBUG    20/07 15:28:38   0 subregions found
INFO     20/07 15:28:38   No regions detected, skipping record
INFO     20/07 15:28:38   Analysing record: NZ_AUND01000014.1
INFO     20/07 15:28:38   Detecting secondary metabolite clusters
DEBUG    20/07 15:28:38   Checking if antismash.detection.hmm_detection should be run
INFO     20/07 15:28:38   Running antismash.detection.hmm_detection
INFO     20/07 15:28:38   HMM detection using strictness: relaxed
DEBUG    20/07 15:28:38   0 rule-based cluster(s) found in record
DEBUG    20/07 15:28:38   0 protoclusters found
DEBUG    20/07 15:28:38   0 subregions found
INFO     20/07 15:28:38   No regions detected, skipping record
INFO     20/07 15:28:38   Analysing record: NZ_AUND01000015.1
INFO     20/07 15:28:38   Detecting secondary metabolite clusters
DEBUG    20/07 15:28:38   Checking if antismash.detection.hmm_detection should be run
INFO     20/07 15:28:38   Running antismash.detection.hmm_detection
INFO     20/07 15:28:38   HMM detection using strictness: relaxed
DEBUG    20/07 15:28:39   0 rule-based cluster(s) found in record
DEBUG    20/07 15:28:39   0 protoclusters found
DEBUG    20/07 15:28:39   0 subregions found
INFO     20/07 15:28:39   No regions detected, skipping record
INFO     20/07 15:28:39   Analysing record: NZ_AUND01000016.1
INFO     20/07 15:28:39   Detecting secondary metabolite clusters
DEBUG    20/07 15:28:39   Checking if antismash.detection.hmm_detection should be run
INFO     20/07 15:28:39   Running antismash.detection.hmm_detection
INFO     20/07 15:28:39   HMM detection using strictness: relaxed
DEBUG    20/07 15:28:39   0 rule-based cluster(s) found in record
DEBUG    20/07 15:28:39   0 protoclusters found
DEBUG    20/07 15:28:39   0 subregions found
INFO     20/07 15:28:39   No regions detected, skipping record
INFO     20/07 15:28:39   Analysing record: NZ_AUND01000017.1
INFO     20/07 15:28:39   Detecting secondary metabolite clusters
DEBUG    20/07 15:28:39   Checking if antismash.detection.hmm_detection should be run
INFO     20/07 15:28:39   Running antismash.detection.hmm_detection
INFO     20/07 15:28:39   HMM detection using strictness: relaxed
DEBUG    20/07 15:28:40   0 rule-based cluster(s) found in record
DEBUG    20/07 15:28:40   0 protoclusters found
DEBUG    20/07 15:28:40   0 subregions found
INFO     20/07 15:28:40   No regions detected, skipping record
INFO     20/07 15:28:40   Analysing record: NZ_AUND01000018.1
INFO     20/07 15:28:40   Detecting secondary metabolite clusters
DEBUG    20/07 15:28:40   Checking if antismash.detection.hmm_detection should be run
INFO     20/07 15:28:40   Running antismash.detection.hmm_detection
INFO     20/07 15:28:40   HMM detection using strictness: relaxed
DEBUG    20/07 15:28:40   0 rule-based cluster(s) found in record
DEBUG    20/07 15:28:40   0 protoclusters found
DEBUG    20/07 15:28:40   0 subregions found
INFO     20/07 15:28:40   No regions detected, skipping record
INFO     20/07 15:28:40   Analysing record: NZ_AUND01000019.1
INFO     20/07 15:28:40   Detecting secondary metabolite clusters
DEBUG    20/07 15:28:40   Checking if antismash.detection.hmm_detection should be run
INFO     20/07 15:28:40   Running antismash.detection.hmm_detection
INFO     20/07 15:28:40   HMM detection using strictness: relaxed
DEBUG    20/07 15:28:40   0 rule-based cluster(s) found in record
DEBUG    20/07 15:28:40   0 protoclusters found
DEBUG    20/07 15:28:40   0 subregions found
INFO     20/07 15:28:40   No regions detected, skipping record
INFO     20/07 15:28:40   Analysing record: NZ_AUND01000020.1
INFO     20/07 15:28:40   Detecting secondary metabolite clusters
DEBUG    20/07 15:28:40   Checking if antismash.detection.hmm_detection should be run
INFO     20/07 15:28:40   Running antismash.detection.hmm_detection
INFO     20/07 15:28:40   HMM detection using strictness: relaxed
DEBUG    20/07 15:28:41   0 rule-based cluster(s) found in record
DEBUG    20/07 15:28:41   0 protoclusters found
DEBUG    20/07 15:28:41   0 subregions found
INFO     20/07 15:28:41   No regions detected, skipping record
INFO     20/07 15:28:41   Analysing record: NZ_AUND01000021.1
INFO     20/07 15:28:41   Detecting secondary metabolite clusters
DEBUG    20/07 15:28:41   Checking if antismash.detection.hmm_detection should be run
INFO     20/07 15:28:41   Running antismash.detection.hmm_detection
INFO     20/07 15:28:41   HMM detection using strictness: relaxed
DEBUG    20/07 15:28:41   0 rule-based cluster(s) found in record
DEBUG    20/07 15:28:41   0 protoclusters found
DEBUG    20/07 15:28:41   0 subregions found
INFO     20/07 15:28:41   No regions detected, skipping record
INFO     20/07 15:28:41   Analysing record: NZ_AUND01000022.1
INFO     20/07 15:28:41   Detecting secondary metabolite clusters
DEBUG    20/07 15:28:41   Checking if antismash.detection.hmm_detection should be run
INFO     20/07 15:28:41   Running antismash.detection.hmm_detection
INFO     20/07 15:28:41   HMM detection using strictness: relaxed
DEBUG    20/07 15:28:42   0 rule-based cluster(s) found in record
DEBUG    20/07 15:28:42   0 protoclusters found
DEBUG    20/07 15:28:42   0 subregions found
INFO     20/07 15:28:42   No regions detected, skipping record
INFO     20/07 15:28:42   Analysing record: NZ_AUND01000023.1
INFO     20/07 15:28:42   Detecting secondary metabolite clusters
DEBUG    20/07 15:28:42   Checking if antismash.detection.hmm_detection should be run
INFO     20/07 15:28:42   Running antismash.detection.hmm_detection
INFO     20/07 15:28:42   HMM detection using strictness: relaxed
DEBUG    20/07 15:28:45   2 rule-based cluster(s) found in record
DEBUG    20/07 15:28:45   2 protoclusters found
DEBUG    20/07 15:28:45   0 subregions found
INFO     20/07 15:28:45   2 region(s) detected in record
DEBUG    20/07 15:28:45   Checking if antismash.detection.cluster_hmmer should be run
INFO     20/07 15:28:45   Running antismash.detection.cluster_hmmer
INFO     20/07 15:28:45   Running cluster PFAM search
DEBUG    20/07 15:28:57   Adding detection results from antismash.detection.cluster_hmmer to record
DEBUG    20/07 15:28:57   Checking if antismash.detection.genefunctions should be run
INFO     20/07 15:28:57   Running antismash.detection.genefunctions
DEBUG    20/07 15:28:58   Adding detection results from antismash.detection.genefunctions to record
DEBUG    20/07 15:28:58   annotating CDS features with resist info: 0 CDSes
DEBUG    20/07 15:28:58   annotating CDS features with smcogs info: 9 CDSes
DEBUG    20/07 15:28:58   Checking if antismash.detection.nrps_pks_domains should be run
INFO     20/07 15:28:58   Running antismash.detection.nrps_pks_domains
DEBUG    20/07 15:28:58   Marking NRPS/PKS CDS features and domains in clusters
DEBUG    20/07 15:28:58   Adding detection results from antismash.detection.nrps_pks_domains to record
DEBUG    20/07 15:28:58   Checking if antismash.detection.tigrfam should be run
INFO     20/07 15:28:58   Running antismash.detection.tigrfam
INFO     20/07 15:28:58   Running TIGRFam search
DEBUG    20/07 15:29:01   Adding detection results from antismash.detection.tigrfam to record
DEBUG    20/07 15:29:01   Checking if antismash.modules.active_site_finder should be run
INFO     20/07 15:29:01   Running antismash.modules.active_site_finder
DEBUG    20/07 15:29:01   Checking if antismash.modules.cluster_compare should be run
INFO     20/07 15:29:01   Running antismash.modules.cluster_compare
DEBUG    20/07 15:29:01   Loading comparison database: MIBiG
DEBUG    20/07 15:29:01   Comparison database loaded
INFO     20/07 15:29:01   Comparing regions to reference database
DEBUG    20/07 15:29:03   Checking if antismash.modules.clusterblast should be run
INFO     20/07 15:29:03   Running antismash.modules.clusterblast
INFO     20/07 15:29:03   Finding internal homologs in each gene cluster...
INFO     20/07 15:29:04   Running ClusterBlast
INFO     20/07 15:29:04   ClusterBlast: Loading gene cluster database into memory...
INFO     20/07 15:29:06   ClusterBlast: Loading gene cluster database proteins into memory...
INFO     20/07 15:29:18   Comparing regions to reference database
INFO     20/07 15:30:14   Running subcluster search
INFO     20/07 15:30:14   SubClusterBlast: Loading gene cluster database into memory...
INFO     20/07 15:30:14   SubClusterBlast: Loading gene cluster database proteins into memory...
INFO     20/07 15:30:16   Running known cluster search
INFO     20/07 15:30:16   KnownClusterBlast: Loading gene cluster database into memory...
INFO     20/07 15:30:16   KnownClusterBlast: Loading gene cluster database proteins into memory...
DEBUG    20/07 15:30:16   Running DIAMOND knowncluster searches..
INFO     20/07 15:30:16   Comparing regions to reference database
DEBUG    20/07 15:30:18   Checking if antismash.modules.lanthipeptides should be run
INFO     20/07 15:30:18   Running antismash.modules.lanthipeptides
DEBUG    20/07 15:30:18   Lanthipeptide module marked 0 motifs
DEBUG    20/07 15:30:19   Checking if antismash.modules.lassopeptides should be run
INFO     20/07 15:30:19   Running antismash.modules.lassopeptides
DEBUG    20/07 15:30:21   Lassopeptide module marked 0 motifs
DEBUG    20/07 15:30:21   Checking if antismash.modules.nrps_pks should be run
INFO     20/07 15:30:21   Running antismash.modules.nrps_pks
DEBUG    20/07 15:30:21   Checking if antismash.modules.pfam2go should be run
INFO     20/07 15:30:21   Running antismash.modules.pfam2go
DEBUG    20/07 15:30:21   Checking if antismash.modules.rrefinder should be run
INFO     20/07 15:30:21   Running antismash.modules.rrefinder
DEBUG    20/07 15:30:21   Checking if antismash.modules.sactipeptides should be run
INFO     20/07 15:30:21   Running antismash.modules.sactipeptides
DEBUG    20/07 15:30:21   Found no sactipeptide motifs
DEBUG    20/07 15:30:22   Checking if antismash.modules.t2pks should be run
INFO     20/07 15:30:22   Running antismash.modules.t2pks
DEBUG    20/07 15:30:22   No type II PKS clusters to analyze
DEBUG    20/07 15:30:22   Checking if antismash.modules.tfbs_finder should be run
INFO     20/07 15:30:22   Running antismash.modules.tfbs_finder
DEBUG    20/07 15:30:22   Checking if antismash.modules.thiopeptides should be run
INFO     20/07 15:30:22   Running antismash.modules.thiopeptides
DEBUG    20/07 15:30:22   Thiopeptides marked 0 motifs
DEBUG    20/07 15:30:23   Checking if antismash.modules.tta should be run
INFO     20/07 15:30:23   Running antismash.modules.tta
INFO     20/07 15:30:23   Skipping TTA codon detection, GC content too low: 64%
INFO     20/07 15:30:23   Analysing record: NZ_AUND01000024.1
INFO     20/07 15:30:23   Detecting secondary metabolite clusters
DEBUG    20/07 15:30:23   Checking if antismash.detection.hmm_detection should be run
INFO     20/07 15:30:23   Running antismash.detection.hmm_detection
INFO     20/07 15:30:23   HMM detection using strictness: relaxed
DEBUG    20/07 15:30:24   0 rule-based cluster(s) found in record
DEBUG    20/07 15:30:24   0 protoclusters found
DEBUG    20/07 15:30:24   0 subregions found
INFO     20/07 15:30:24   No regions detected, skipping record
INFO     20/07 15:30:24   Analysing record: NZ_AUND01000025.1
INFO     20/07 15:30:24   Detecting secondary metabolite clusters
DEBUG    20/07 15:30:24   Checking if antismash.detection.hmm_detection should be run
INFO     20/07 15:30:24   Running antismash.detection.hmm_detection
INFO     20/07 15:30:24   HMM detection using strictness: relaxed
DEBUG    20/07 15:30:24   0 rule-based cluster(s) found in record
DEBUG    20/07 15:30:24   0 protoclusters found
DEBUG    20/07 15:30:24   0 subregions found
INFO     20/07 15:30:24   No regions detected, skipping record
INFO     20/07 15:30:24   Analysing record: NZ_AUND01000026.1
INFO     20/07 15:30:24   Detecting secondary metabolite clusters
DEBUG    20/07 15:30:24   Checking if antismash.detection.hmm_detection should be run
INFO     20/07 15:30:24   Running antismash.detection.hmm_detection
INFO     20/07 15:30:24   HMM detection using strictness: relaxed
DEBUG    20/07 15:30:24   0 rule-based cluster(s) found in record
DEBUG    20/07 15:30:24   0 protoclusters found
DEBUG    20/07 15:30:24   0 subregions found
INFO     20/07 15:30:24   No regions detected, skipping record
INFO     20/07 15:30:24   Analysing record: NZ_AUND01000027.1
INFO     20/07 15:30:24   Detecting secondary metabolite clusters
DEBUG    20/07 15:30:24   Checking if antismash.detection.hmm_detection should be run
INFO     20/07 15:30:24   Running antismash.detection.hmm_detection
INFO     20/07 15:30:24   HMM detection using strictness: relaxed
DEBUG    20/07 15:30:25   0 rule-based cluster(s) found in record
DEBUG    20/07 15:30:25   0 protoclusters found
DEBUG    20/07 15:30:25   0 subregions found
INFO     20/07 15:30:25   No regions detected, skipping record
INFO     20/07 15:30:25   Analysing record: NZ_AUND01000028.1
INFO     20/07 15:30:25   Detecting secondary metabolite clusters
DEBUG    20/07 15:30:25   Checking if antismash.detection.hmm_detection should be run
INFO     20/07 15:30:25   Running antismash.detection.hmm_detection
INFO     20/07 15:30:25   HMM detection using strictness: relaxed
DEBUG    20/07 15:30:25   0 rule-based cluster(s) found in record
DEBUG    20/07 15:30:25   0 protoclusters found
DEBUG    20/07 15:30:25   0 subregions found
INFO     20/07 15:30:25   No regions detected, skipping record
INFO     20/07 15:30:25   Analysing record: NZ_AUND01000029.1
INFO     20/07 15:30:25   Detecting secondary metabolite clusters
DEBUG    20/07 15:30:25   Checking if antismash.detection.hmm_detection should be run
INFO     20/07 15:30:25   Running antismash.detection.hmm_detection
INFO     20/07 15:30:25   HMM detection using strictness: relaxed
DEBUG    20/07 15:30:26   0 rule-based cluster(s) found in record
DEBUG    20/07 15:30:26   0 protoclusters found
DEBUG    20/07 15:30:26   0 subregions found
INFO     20/07 15:30:26   No regions detected, skipping record
INFO     20/07 15:30:26   Analysing record: NZ_AUND01000030.1
INFO     20/07 15:30:26   Detecting secondary metabolite clusters
DEBUG    20/07 15:30:26   Checking if antismash.detection.hmm_detection should be run
INFO     20/07 15:30:26   Running antismash.detection.hmm_detection
INFO     20/07 15:30:26   HMM detection using strictness: relaxed
DEBUG    20/07 15:30:26   0 rule-based cluster(s) found in record
DEBUG    20/07 15:30:26   0 protoclusters found
DEBUG    20/07 15:30:26   0 subregions found
INFO     20/07 15:30:26   No regions detected, skipping record
INFO     20/07 15:30:26   Analysing record: NZ_AUND01000034.1
INFO     20/07 15:30:26   Detecting secondary metabolite clusters
DEBUG    20/07 15:30:26   Checking if antismash.detection.hmm_detection should be run
INFO     20/07 15:30:26   Running antismash.detection.hmm_detection
INFO     20/07 15:30:26   HMM detection using strictness: relaxed
DEBUG    20/07 15:30:28   0 rule-based cluster(s) found in record
DEBUG    20/07 15:30:28   0 protoclusters found
DEBUG    20/07 15:30:28   0 subregions found
INFO     20/07 15:30:28   No regions detected, skipping record
INFO     20/07 15:30:28   Analysing record: NZ_AUND01000038.1
INFO     20/07 15:30:28   Detecting secondary metabolite clusters
DEBUG    20/07 15:30:28   Checking if antismash.detection.hmm_detection should be run
INFO     20/07 15:30:28   Running antismash.detection.hmm_detection
INFO     20/07 15:30:28   HMM detection using strictness: relaxed
DEBUG    20/07 15:30:30   0 rule-based cluster(s) found in record
DEBUG    20/07 15:30:30   0 protoclusters found
DEBUG    20/07 15:30:30   0 subregions found
INFO     20/07 15:30:30   No regions detected, skipping record
INFO     20/07 15:30:30   Analysing record: NZ_AUND01000039.1
INFO     20/07 15:30:30   Detecting secondary metabolite clusters
DEBUG    20/07 15:30:30   Checking if antismash.detection.hmm_detection should be run
INFO     20/07 15:30:30   Running antismash.detection.hmm_detection
INFO     20/07 15:30:30   HMM detection using strictness: relaxed
DEBUG    20/07 15:30:31   1 rule-based cluster(s) found in record
DEBUG    20/07 15:30:31   1 protoclusters found
DEBUG    20/07 15:30:31   0 subregions found
INFO     20/07 15:30:31   1 region(s) detected in record
DEBUG    20/07 15:30:31   Checking if antismash.detection.cluster_hmmer should be run
INFO     20/07 15:30:31   Running antismash.detection.cluster_hmmer
INFO     20/07 15:30:31   Running cluster PFAM search
DEBUG    20/07 15:30:38   Adding detection results from antismash.detection.cluster_hmmer to record
DEBUG    20/07 15:30:38   Checking if antismash.detection.genefunctions should be run
INFO     20/07 15:30:38   Running antismash.detection.genefunctions
DEBUG    20/07 15:30:39   Adding detection results from antismash.detection.genefunctions to record
DEBUG    20/07 15:30:39   annotating CDS features with resist info: 0 CDSes
DEBUG    20/07 15:30:39   annotating CDS features with smcogs info: 4 CDSes
DEBUG    20/07 15:30:39   Checking if antismash.detection.nrps_pks_domains should be run
INFO     20/07 15:30:39   Running antismash.detection.nrps_pks_domains
DEBUG    20/07 15:30:39   Marking NRPS/PKS CDS features and domains in clusters
DEBUG    20/07 15:30:39   Adding detection results from antismash.detection.nrps_pks_domains to record
DEBUG    20/07 15:30:39   Checking if antismash.detection.tigrfam should be run
INFO     20/07 15:30:39   Running antismash.detection.tigrfam
INFO     20/07 15:30:39   Running TIGRFam search
DEBUG    20/07 15:30:41   Adding detection results from antismash.detection.tigrfam to record
DEBUG    20/07 15:30:41   Checking if antismash.modules.active_site_finder should be run
INFO     20/07 15:30:41   Running antismash.modules.active_site_finder
DEBUG    20/07 15:30:42   Checking if antismash.modules.cluster_compare should be run
INFO     20/07 15:30:42   Running antismash.modules.cluster_compare
DEBUG    20/07 15:30:42   Loading comparison database: MIBiG
DEBUG    20/07 15:30:42   Comparison database loaded
INFO     20/07 15:30:42   Comparing regions to reference database
DEBUG    20/07 15:30:43   Checking if antismash.modules.clusterblast should be run
INFO     20/07 15:30:43   Running antismash.modules.clusterblast
INFO     20/07 15:30:43   Finding internal homologs in each gene cluster...
INFO     20/07 15:30:44   Running ClusterBlast
INFO     20/07 15:30:44   ClusterBlast: Loading gene cluster database into memory...
INFO     20/07 15:30:45   ClusterBlast: Loading gene cluster database proteins into memory...
INFO     20/07 15:30:57   Comparing regions to reference database
INFO     20/07 15:31:50   Running subcluster search
INFO     20/07 15:31:50   SubClusterBlast: Loading gene cluster database into memory...
INFO     20/07 15:31:50   SubClusterBlast: Loading gene cluster database proteins into memory...
INFO     20/07 15:31:51   Running known cluster search
INFO     20/07 15:31:51   KnownClusterBlast: Loading gene cluster database into memory...
INFO     20/07 15:31:51   KnownClusterBlast: Loading gene cluster database proteins into memory...
DEBUG    20/07 15:31:51   Running DIAMOND knowncluster searches..
INFO     20/07 15:31:51   Comparing regions to reference database
DEBUG    20/07 15:31:53   Checking if antismash.modules.lanthipeptides should be run
INFO     20/07 15:31:53   Running antismash.modules.lanthipeptides
DEBUG    20/07 15:31:53   Lanthipeptide module marked 0 motifs
DEBUG    20/07 15:31:55   Checking if antismash.modules.lassopeptides should be run
INFO     20/07 15:31:55   Running antismash.modules.lassopeptides
DEBUG    20/07 15:31:56   Lassopeptide module marked 0 motifs
DEBUG    20/07 15:31:56   Checking if antismash.modules.nrps_pks should be run
INFO     20/07 15:31:56   Running antismash.modules.nrps_pks
INFO     20/07 15:31:56   Predicting CAL domain substrate specificities by Minowa et al. method
INFO     20/07 15:31:56   Predicting PKS KR activity and stereochemistry using KR fingerprints from Starcevic et al.
DEBUG    20/07 15:31:57   Checking if antismash.modules.pfam2go should be run
INFO     20/07 15:31:57   Running antismash.modules.pfam2go
DEBUG    20/07 15:31:57   Checking if antismash.modules.rrefinder should be run
INFO     20/07 15:31:57   Running antismash.modules.rrefinder
DEBUG    20/07 15:31:57   Building name mapping for HMMer database RREFam.hmm
DEBUG    20/07 15:31:57   Checking if antismash.modules.sactipeptides should be run
INFO     20/07 15:31:57   Running antismash.modules.sactipeptides
DEBUG    20/07 15:31:57   Found no sactipeptide motifs
DEBUG    20/07 15:31:58   Checking if antismash.modules.t2pks should be run
INFO     20/07 15:31:58   Running antismash.modules.t2pks
DEBUG    20/07 15:31:58   No type II PKS clusters to analyze
DEBUG    20/07 15:31:58   Checking if antismash.modules.tfbs_finder should be run
INFO     20/07 15:31:58   Running antismash.modules.tfbs_finder
DEBUG    20/07 15:31:58   Checking if antismash.modules.thiopeptides should be run
INFO     20/07 15:31:58   Running antismash.modules.thiopeptides
DEBUG    20/07 15:31:58   Thiopeptides marked 0 motifs
DEBUG    20/07 15:31:59   Checking if antismash.modules.tta should be run
INFO     20/07 15:31:59   Running antismash.modules.tta
INFO     20/07 15:31:59   Skipping TTA codon detection, GC content too low: 65%
INFO     20/07 15:31:59   Analysing record: NZ_AUND01000040.1
INFO     20/07 15:31:59   Detecting secondary metabolite clusters
DEBUG    20/07 15:31:59   Checking if antismash.detection.hmm_detection should be run
INFO     20/07 15:31:59   Running antismash.detection.hmm_detection
INFO     20/07 15:31:59   HMM detection using strictness: relaxed
DEBUG    20/07 15:32:00   0 rule-based cluster(s) found in record
DEBUG    20/07 15:32:00   0 protoclusters found
DEBUG    20/07 15:32:00   0 subregions found
INFO     20/07 15:32:00   No regions detected, skipping record
INFO     20/07 15:32:00   Analysing record: NZ_AUND01000041.1
INFO     20/07 15:32:00   Detecting secondary metabolite clusters
DEBUG    20/07 15:32:00   Checking if antismash.detection.hmm_detection should be run
INFO     20/07 15:32:00   Running antismash.detection.hmm_detection
INFO     20/07 15:32:00   HMM detection using strictness: relaxed
DEBUG    20/07 15:32:01   0 rule-based cluster(s) found in record
DEBUG    20/07 15:32:01   0 protoclusters found
DEBUG    20/07 15:32:01   0 subregions found
INFO     20/07 15:32:01   No regions detected, skipping record
INFO     20/07 15:32:01   Analysing record: NZ_AUND01000042.1
INFO     20/07 15:32:01   Detecting secondary metabolite clusters
DEBUG    20/07 15:32:01   Checking if antismash.detection.hmm_detection should be run
INFO     20/07 15:32:01   Running antismash.detection.hmm_detection
INFO     20/07 15:32:01   HMM detection using strictness: relaxed
DEBUG    20/07 15:32:02   0 rule-based cluster(s) found in record
DEBUG    20/07 15:32:02   0 protoclusters found
DEBUG    20/07 15:32:02   0 subregions found
INFO     20/07 15:32:02   No regions detected, skipping record
DEBUG    20/07 15:32:02   Writing json results to '/data/antismash/upload/bacteria-6e2e599a-f732-4b25-a945-9cd217d1bfde/GCF_000714535.1_Thioclava_pacifica_DSM_10166.json'
DEBUG    20/07 15:32:02   Record NZ_AUND01000001.1 has results for modules: hmm_detection, cluster_hmmer, genefunctions, nrps_pks_domains, tigrfam, active_site_finder, cluster_compare, clusterblast, lanthipeptides, lassopeptides, nrps_pks, pfam2go, rrefinder, sactipeptides, t2pks, tfbs_finder, thiopeptides
DEBUG    20/07 15:32:02   Converting antismash.detection.hmm_detection results to json
DEBUG    20/07 15:32:02   Converting antismash.detection.cluster_hmmer results to json
DEBUG    20/07 15:32:02   Converting antismash.detection.genefunctions results to json
DEBUG    20/07 15:32:02   Converting antismash.detection.nrps_pks_domains results to json
DEBUG    20/07 15:32:02   Converting antismash.detection.tigrfam results to json
DEBUG    20/07 15:32:02   Converting antismash.modules.active_site_finder results to json
DEBUG    20/07 15:32:02   Converting antismash.modules.cluster_compare results to json
DEBUG    20/07 15:32:02   Converting antismash.modules.clusterblast results to json
DEBUG    20/07 15:32:02   Converting antismash.modules.lanthipeptides results to json
DEBUG    20/07 15:32:02   Converting antismash.modules.lassopeptides results to json
DEBUG    20/07 15:32:02   Converting antismash.modules.nrps_pks results to json
DEBUG    20/07 15:32:02   Converting antismash.modules.pfam2go results to json
DEBUG    20/07 15:32:02   Converting antismash.modules.rrefinder results to json
DEBUG    20/07 15:32:02   Converting antismash.modules.sactipeptides results to json
DEBUG    20/07 15:32:02   Converting antismash.modules.t2pks results to json
DEBUG    20/07 15:32:02   Converting antismash.modules.tfbs_finder results to json
DEBUG    20/07 15:32:02   Converting antismash.modules.thiopeptides results to json
DEBUG    20/07 15:32:02   Converting antismash.modules.tta results to json
DEBUG    20/07 15:32:02   Record NZ_AUND01000002.1 has results for modules: hmm_detection
DEBUG    20/07 15:32:02   Converting antismash.detection.hmm_detection results to json
DEBUG    20/07 15:32:02   Record NZ_AUND01000003.1 has results for modules: hmm_detection
DEBUG    20/07 15:32:02   Converting antismash.detection.hmm_detection results to json
DEBUG    20/07 15:32:02   Record NZ_AUND01000004.1 has results for modules: hmm_detection
DEBUG    20/07 15:32:02   Converting antismash.detection.hmm_detection results to json
DEBUG    20/07 15:32:02   Record NZ_AUND01000005.1 has results for modules: hmm_detection
DEBUG    20/07 15:32:02   Converting antismash.detection.hmm_detection results to json
DEBUG    20/07 15:32:02   Record NZ_AUND01000006.1 has results for modules: hmm_detection, cluster_hmmer, genefunctions, nrps_pks_domains, tigrfam, active_site_finder, cluster_compare, clusterblast, lanthipeptides, lassopeptides, nrps_pks, pfam2go, rrefinder, sactipeptides, t2pks, tfbs_finder, thiopeptides
DEBUG    20/07 15:32:02   Converting antismash.detection.hmm_detection results to json
DEBUG    20/07 15:32:02   Converting antismash.detection.cluster_hmmer results to json
DEBUG    20/07 15:32:02   Converting antismash.detection.genefunctions results to json
DEBUG    20/07 15:32:02   Converting antismash.detection.nrps_pks_domains results to json
DEBUG    20/07 15:32:02   Converting antismash.detection.tigrfam results to json
DEBUG    20/07 15:32:02   Converting antismash.modules.active_site_finder results to json
DEBUG    20/07 15:32:02   Converting antismash.modules.cluster_compare results to json
DEBUG    20/07 15:32:02   Converting antismash.modules.clusterblast results to json
DEBUG    20/07 15:32:02   Converting antismash.modules.lanthipeptides results to json
DEBUG    20/07 15:32:02   Converting antismash.modules.lassopeptides results to json
DEBUG    20/07 15:32:02   Converting antismash.modules.nrps_pks results to json
DEBUG    20/07 15:32:02   Converting antismash.modules.pfam2go results to json
DEBUG    20/07 15:32:02   Converting antismash.modules.rrefinder results to json
DEBUG    20/07 15:32:02   Converting antismash.modules.sactipeptides results to json
DEBUG    20/07 15:32:02   Converting antismash.modules.t2pks results to json
DEBUG    20/07 15:32:02   Converting antismash.modules.tfbs_finder results to json
DEBUG    20/07 15:32:02   Converting antismash.modules.thiopeptides results to json
DEBUG    20/07 15:32:02   Converting antismash.modules.tta results to json
DEBUG    20/07 15:32:02   Record NZ_AUND01000007.1 has results for modules: hmm_detection
DEBUG    20/07 15:32:02   Converting antismash.detection.hmm_detection results to json
DEBUG    20/07 15:32:02   Record NZ_AUND01000008.1 has results for modules: hmm_detection
DEBUG    20/07 15:32:02   Converting antismash.detection.hmm_detection results to json
DEBUG    20/07 15:32:02   Record NZ_AUND01000009.1 has results for modules: hmm_detection
DEBUG    20/07 15:32:02   Converting antismash.detection.hmm_detection results to json
DEBUG    20/07 15:32:02   Record NZ_AUND01000010.1 has results for modules: hmm_detection
DEBUG    20/07 15:32:02   Converting antismash.detection.hmm_detection results to json
DEBUG    20/07 15:32:02   Record NZ_AUND01000011.1 has results for modules: hmm_detection
DEBUG    20/07 15:32:02   Converting antismash.detection.hmm_detection results to json
DEBUG    20/07 15:32:02   Record NZ_AUND01000012.1 has results for modules: hmm_detection
DEBUG    20/07 15:32:02   Converting antismash.detection.hmm_detection results to json
DEBUG    20/07 15:32:02   Record NZ_AUND01000013.1 has results for modules: hmm_detection
DEBUG    20/07 15:32:02   Converting antismash.detection.hmm_detection results to json
DEBUG    20/07 15:32:02   Record NZ_AUND01000014.1 has results for modules: hmm_detection
DEBUG    20/07 15:32:02   Converting antismash.detection.hmm_detection results to json
DEBUG    20/07 15:32:02   Record NZ_AUND01000015.1 has results for modules: hmm_detection
DEBUG    20/07 15:32:02   Converting antismash.detection.hmm_detection results to json
DEBUG    20/07 15:32:02   Record NZ_AUND01000016.1 has results for modules: hmm_detection
DEBUG    20/07 15:32:02   Converting antismash.detection.hmm_detection results to json
DEBUG    20/07 15:32:02   Record NZ_AUND01000017.1 has results for modules: hmm_detection
DEBUG    20/07 15:32:02   Converting antismash.detection.hmm_detection results to json
DEBUG    20/07 15:32:02   Record NZ_AUND01000018.1 has results for modules: hmm_detection
DEBUG    20/07 15:32:02   Converting antismash.detection.hmm_detection results to json
DEBUG    20/07 15:32:02   Record NZ_AUND01000019.1 has results for modules: hmm_detection
DEBUG    20/07 15:32:02   Converting antismash.detection.hmm_detection results to json
DEBUG    20/07 15:32:02   Record NZ_AUND01000020.1 has results for modules: hmm_detection
DEBUG    20/07 15:32:02   Converting antismash.detection.hmm_detection results to json
DEBUG    20/07 15:32:02   Record NZ_AUND01000021.1 has results for modules: hmm_detection
DEBUG    20/07 15:32:02   Converting antismash.detection.hmm_detection results to json
DEBUG    20/07 15:32:02   Record NZ_AUND01000022.1 has results for modules: hmm_detection
DEBUG    20/07 15:32:02   Converting antismash.detection.hmm_detection results to json
DEBUG    20/07 15:32:02   Record NZ_AUND01000023.1 has results for modules: hmm_detection, cluster_hmmer, genefunctions, nrps_pks_domains, tigrfam, active_site_finder, cluster_compare, clusterblast, lanthipeptides, lassopeptides, nrps_pks, pfam2go, rrefinder, sactipeptides, t2pks, tfbs_finder, thiopeptides
DEBUG    20/07 15:32:02   Converting antismash.detection.hmm_detection results to json
DEBUG    20/07 15:32:02   Converting antismash.detection.cluster_hmmer results to json
DEBUG    20/07 15:32:02   Converting antismash.detection.genefunctions results to json
DEBUG    20/07 15:32:02   Converting antismash.detection.nrps_pks_domains results to json
DEBUG    20/07 15:32:02   Converting antismash.detection.tigrfam results to json
DEBUG    20/07 15:32:02   Converting antismash.modules.active_site_finder results to json
DEBUG    20/07 15:32:02   Converting antismash.modules.cluster_compare results to json
DEBUG    20/07 15:32:02   Converting antismash.modules.clusterblast results to json
DEBUG    20/07 15:32:02   Converting antismash.modules.lanthipeptides results to json
DEBUG    20/07 15:32:02   Converting antismash.modules.lassopeptides results to json
DEBUG    20/07 15:32:02   Converting antismash.modules.nrps_pks results to json
DEBUG    20/07 15:32:02   Converting antismash.modules.pfam2go results to json
DEBUG    20/07 15:32:02   Converting antismash.modules.rrefinder results to json
DEBUG    20/07 15:32:02   Converting antismash.modules.sactipeptides results to json
DEBUG    20/07 15:32:02   Converting antismash.modules.t2pks results to json
DEBUG    20/07 15:32:02   Converting antismash.modules.tfbs_finder results to json
DEBUG    20/07 15:32:02   Converting antismash.modules.thiopeptides results to json
DEBUG    20/07 15:32:02   Converting antismash.modules.tta results to json
DEBUG    20/07 15:32:02   Record NZ_AUND01000024.1 has results for modules: hmm_detection
DEBUG    20/07 15:32:02   Converting antismash.detection.hmm_detection results to json
DEBUG    20/07 15:32:02   Record NZ_AUND01000025.1 has results for modules: hmm_detection
DEBUG    20/07 15:32:02   Converting antismash.detection.hmm_detection results to json
DEBUG    20/07 15:32:02   Record NZ_AUND01000026.1 has results for modules: hmm_detection
DEBUG    20/07 15:32:02   Converting antismash.detection.hmm_detection results to json
DEBUG    20/07 15:32:02   Record NZ_AUND01000027.1 has results for modules: hmm_detection
DEBUG    20/07 15:32:02   Converting antismash.detection.hmm_detection results to json
DEBUG    20/07 15:32:02   Record NZ_AUND01000028.1 has results for modules: hmm_detection
DEBUG    20/07 15:32:02   Converting antismash.detection.hmm_detection results to json
DEBUG    20/07 15:32:02   Record NZ_AUND01000029.1 has results for modules: hmm_detection
DEBUG    20/07 15:32:02   Converting antismash.detection.hmm_detection results to json
DEBUG    20/07 15:32:02   Record NZ_AUND01000030.1 has results for modules: hmm_detection
DEBUG    20/07 15:32:02   Converting antismash.detection.hmm_detection results to json
DEBUG    20/07 15:32:02   Record NZ_AUND01000034.1 has results for modules: hmm_detection
DEBUG    20/07 15:32:02   Converting antismash.detection.hmm_detection results to json
DEBUG    20/07 15:32:02   Record NZ_AUND01000038.1 has results for modules: hmm_detection
DEBUG    20/07 15:32:02   Converting antismash.detection.hmm_detection results to json
DEBUG    20/07 15:32:02   Record NZ_AUND01000039.1 has results for modules: hmm_detection, cluster_hmmer, genefunctions, nrps_pks_domains, tigrfam, active_site_finder, cluster_compare, clusterblast, lanthipeptides, lassopeptides, nrps_pks, pfam2go, rrefinder, sactipeptides, t2pks, tfbs_finder, thiopeptides
DEBUG    20/07 15:32:02   Converting antismash.detection.hmm_detection results to json
DEBUG    20/07 15:32:02   Converting antismash.detection.cluster_hmmer results to json
DEBUG    20/07 15:32:02   Converting antismash.detection.genefunctions results to json
DEBUG    20/07 15:32:02   Converting antismash.detection.nrps_pks_domains results to json
DEBUG    20/07 15:32:02   Converting antismash.detection.tigrfam results to json
DEBUG    20/07 15:32:02   Converting antismash.modules.active_site_finder results to json
DEBUG    20/07 15:32:02   Converting antismash.modules.cluster_compare results to json
DEBUG    20/07 15:32:02   Converting antismash.modules.clusterblast results to json
DEBUG    20/07 15:32:02   Converting antismash.modules.lanthipeptides results to json
DEBUG    20/07 15:32:02   Converting antismash.modules.lassopeptides results to json
DEBUG    20/07 15:32:02   Converting antismash.modules.nrps_pks results to json
DEBUG    20/07 15:32:02   Converting antismash.modules.pfam2go results to json
DEBUG    20/07 15:32:02   Converting antismash.modules.rrefinder results to json
DEBUG    20/07 15:32:02   Converting antismash.modules.sactipeptides results to json
DEBUG    20/07 15:32:02   Converting antismash.modules.t2pks results to json
DEBUG    20/07 15:32:02   Converting antismash.modules.tfbs_finder results to json
DEBUG    20/07 15:32:02   Converting antismash.modules.thiopeptides results to json
DEBUG    20/07 15:32:02   Converting antismash.modules.tta results to json
DEBUG    20/07 15:32:02   Record NZ_AUND01000040.1 has results for modules: hmm_detection
DEBUG    20/07 15:32:02   Converting antismash.detection.hmm_detection results to json
DEBUG    20/07 15:32:02   Record NZ_AUND01000041.1 has results for modules: hmm_detection
DEBUG    20/07 15:32:02   Converting antismash.detection.hmm_detection results to json
DEBUG    20/07 15:32:02   Record NZ_AUND01000042.1 has results for modules: hmm_detection
DEBUG    20/07 15:32:02   Converting antismash.detection.hmm_detection results to json
DEBUG    20/07 15:32:03   Annotating record NZ_AUND01000001.1 with results from: hmm_detection, cluster_hmmer, genefunctions, nrps_pks_domains, tigrfam, active_site_finder, cluster_compare, clusterblast, lanthipeptides, lassopeptides, nrps_pks, pfam2go, rrefinder, sactipeptides, t2pks, tfbs_finder, thiopeptides, tta
DEBUG    20/07 15:32:03    Adding results from antismash.modules.active_site_finder
DEBUG    20/07 15:32:03    Adding results from antismash.modules.cluster_compare
DEBUG    20/07 15:32:03    Adding results from antismash.modules.clusterblast
DEBUG    20/07 15:32:03    Adding results from antismash.modules.lanthipeptides
DEBUG    20/07 15:32:03    Adding results from antismash.modules.lassopeptides
DEBUG    20/07 15:32:03    Adding results from antismash.modules.nrps_pks
DEBUG    20/07 15:32:03    Adding results from antismash.modules.pfam2go
DEBUG    20/07 15:32:03    Adding results from antismash.modules.rrefinder
DEBUG    20/07 15:32:03    Adding results from antismash.modules.sactipeptides
DEBUG    20/07 15:32:03    Adding results from antismash.modules.t2pks
DEBUG    20/07 15:32:03    Adding results from antismash.modules.tfbs_finder
DEBUG    20/07 15:32:03    Adding results from antismash.modules.thiopeptides
DEBUG    20/07 15:32:03    Adding results from antismash.modules.tta
DEBUG    20/07 15:32:03   Not annotating skipped record NZ_AUND01000002.1: No regions detected
DEBUG    20/07 15:32:03   Not annotating skipped record NZ_AUND01000003.1: No regions detected
DEBUG    20/07 15:32:03   Not annotating skipped record NZ_AUND01000004.1: No regions detected
DEBUG    20/07 15:32:03   Not annotating skipped record NZ_AUND01000005.1: No regions detected
DEBUG    20/07 15:32:03   Annotating record NZ_AUND01000006.1 with results from: hmm_detection, cluster_hmmer, genefunctions, nrps_pks_domains, tigrfam, active_site_finder, cluster_compare, clusterblast, lanthipeptides, lassopeptides, nrps_pks, pfam2go, rrefinder, sactipeptides, t2pks, tfbs_finder, thiopeptides, tta
DEBUG    20/07 15:32:03    Adding results from antismash.modules.active_site_finder
DEBUG    20/07 15:32:03    Adding results from antismash.modules.cluster_compare
DEBUG    20/07 15:32:03    Adding results from antismash.modules.clusterblast
DEBUG    20/07 15:32:03    Adding results from antismash.modules.lanthipeptides
DEBUG    20/07 15:32:03    Adding results from antismash.modules.lassopeptides
DEBUG    20/07 15:32:03    Adding results from antismash.modules.nrps_pks
DEBUG    20/07 15:32:03    Adding results from antismash.modules.pfam2go
DEBUG    20/07 15:32:03    Adding results from antismash.modules.rrefinder
DEBUG    20/07 15:32:03    Adding results from antismash.modules.sactipeptides
DEBUG    20/07 15:32:03    Adding results from antismash.modules.t2pks
DEBUG    20/07 15:32:03    Adding results from antismash.modules.tfbs_finder
DEBUG    20/07 15:32:03    Adding results from antismash.modules.thiopeptides
DEBUG    20/07 15:32:03    Adding results from antismash.modules.tta
DEBUG    20/07 15:32:03   Not annotating skipped record NZ_AUND01000007.1: No regions detected
DEBUG    20/07 15:32:03   Not annotating skipped record NZ_AUND01000008.1: No regions detected
DEBUG    20/07 15:32:03   Not annotating skipped record NZ_AUND01000009.1: No regions detected
DEBUG    20/07 15:32:03   Not annotating skipped record NZ_AUND01000010.1: No regions detected
DEBUG    20/07 15:32:03   Not annotating skipped record NZ_AUND01000011.1: No regions detected
DEBUG    20/07 15:32:03   Not annotating skipped record NZ_AUND01000012.1: No regions detected
DEBUG    20/07 15:32:03   Not annotating skipped record NZ_AUND01000013.1: No regions detected
DEBUG    20/07 15:32:03   Not annotating skipped record NZ_AUND01000014.1: No regions detected
DEBUG    20/07 15:32:03   Not annotating skipped record NZ_AUND01000015.1: No regions detected
DEBUG    20/07 15:32:03   Not annotating skipped record NZ_AUND01000016.1: No regions detected
DEBUG    20/07 15:32:03   Not annotating skipped record NZ_AUND01000017.1: No regions detected
DEBUG    20/07 15:32:03   Not annotating skipped record NZ_AUND01000018.1: No regions detected
DEBUG    20/07 15:32:03   Not annotating skipped record NZ_AUND01000019.1: No regions detected
DEBUG    20/07 15:32:03   Not annotating skipped record NZ_AUND01000020.1: No regions detected
DEBUG    20/07 15:32:03   Not annotating skipped record NZ_AUND01000021.1: No regions detected
DEBUG    20/07 15:32:03   Not annotating skipped record NZ_AUND01000022.1: No regions detected
DEBUG    20/07 15:32:03   Annotating record NZ_AUND01000023.1 with results from: hmm_detection, cluster_hmmer, genefunctions, nrps_pks_domains, tigrfam, active_site_finder, cluster_compare, clusterblast, lanthipeptides, lassopeptides, nrps_pks, pfam2go, rrefinder, sactipeptides, t2pks, tfbs_finder, thiopeptides, tta
DEBUG    20/07 15:32:03    Adding results from antismash.modules.active_site_finder
DEBUG    20/07 15:32:03    Adding results from antismash.modules.cluster_compare
DEBUG    20/07 15:32:03    Adding results from antismash.modules.clusterblast
DEBUG    20/07 15:32:03    Adding results from antismash.modules.lanthipeptides
DEBUG    20/07 15:32:03    Adding results from antismash.modules.lassopeptides
DEBUG    20/07 15:32:03    Adding results from antismash.modules.nrps_pks
DEBUG    20/07 15:32:03    Adding results from antismash.modules.pfam2go
DEBUG    20/07 15:32:03    Adding results from antismash.modules.rrefinder
DEBUG    20/07 15:32:03    Adding results from antismash.modules.sactipeptides
DEBUG    20/07 15:32:03    Adding results from antismash.modules.t2pks
DEBUG    20/07 15:32:03    Adding results from antismash.modules.tfbs_finder
DEBUG    20/07 15:32:03    Adding results from antismash.modules.thiopeptides
DEBUG    20/07 15:32:03    Adding results from antismash.modules.tta
DEBUG    20/07 15:32:03   Not annotating skipped record NZ_AUND01000024.1: No regions detected
DEBUG    20/07 15:32:03   Not annotating skipped record NZ_AUND01000025.1: No regions detected
DEBUG    20/07 15:32:03   Not annotating skipped record NZ_AUND01000026.1: No regions detected
DEBUG    20/07 15:32:03   Not annotating skipped record NZ_AUND01000027.1: No regions detected
DEBUG    20/07 15:32:03   Not annotating skipped record NZ_AUND01000028.1: No regions detected
DEBUG    20/07 15:32:03   Not annotating skipped record NZ_AUND01000029.1: No regions detected
DEBUG    20/07 15:32:03   Not annotating skipped record NZ_AUND01000030.1: No regions detected
DEBUG    20/07 15:32:03   Not annotating skipped record NZ_AUND01000034.1: No regions detected
DEBUG    20/07 15:32:03   Not annotating skipped record NZ_AUND01000038.1: No regions detected
DEBUG    20/07 15:32:03   Annotating record NZ_AUND01000039.1 with results from: hmm_detection, cluster_hmmer, genefunctions, nrps_pks_domains, tigrfam, active_site_finder, cluster_compare, clusterblast, lanthipeptides, lassopeptides, nrps_pks, pfam2go, rrefinder, sactipeptides, t2pks, tfbs_finder, thiopeptides, tta
DEBUG    20/07 15:32:03    Adding results from antismash.modules.active_site_finder
DEBUG    20/07 15:32:03    Adding results from antismash.modules.cluster_compare
DEBUG    20/07 15:32:03    Adding results from antismash.modules.clusterblast
DEBUG    20/07 15:32:03    Adding results from antismash.modules.lanthipeptides
DEBUG    20/07 15:32:03    Adding results from antismash.modules.lassopeptides
DEBUG    20/07 15:32:03    Adding results from antismash.modules.nrps_pks
DEBUG    20/07 15:32:03    Adding results from antismash.modules.pfam2go
DEBUG    20/07 15:32:03    Adding results from antismash.modules.rrefinder
DEBUG    20/07 15:32:03    Adding results from antismash.modules.sactipeptides
DEBUG    20/07 15:32:03    Adding results from antismash.modules.t2pks
DEBUG    20/07 15:32:03    Adding results from antismash.modules.tfbs_finder
DEBUG    20/07 15:32:03    Adding results from antismash.modules.thiopeptides
DEBUG    20/07 15:32:03    Adding results from antismash.modules.tta
DEBUG    20/07 15:32:03   Not annotating skipped record NZ_AUND01000040.1: No regions detected
DEBUG    20/07 15:32:03   Not annotating skipped record NZ_AUND01000041.1: No regions detected
DEBUG    20/07 15:32:03   Not annotating skipped record NZ_AUND01000042.1: No regions detected
DEBUG    20/07 15:32:03   Creating results page
DEBUG    20/07 15:32:03   Results page using antismash.js from local copy: /databases/as-js/0.13/antismash.js
DEBUG    20/07 15:32:04   Creating results SVGs
DEBUG    20/07 15:32:04   Writing seq_records SVGs to '/data/antismash/upload/bacteria-6e2e599a-f732-4b25-a945-9cd217d1bfde/svg'
DEBUG    20/07 15:32:05   Writing cluster-specific genbank files
DEBUG    20/07 15:32:05   Writing final genbank file to '/data/antismash/upload/bacteria-6e2e599a-f732-4b25-a945-9cd217d1bfde/GCF_000714535.1_Thioclava_pacifica_DSM_10166.gbk'
DEBUG    20/07 15:32:05   Zipping output to '/data/antismash/upload/bacteria-6e2e599a-f732-4b25-a945-9cd217d1bfde/GCF_000714535.1_Thioclava_pacifica_DSM_10166.zip'
