INFO     20/07 16:27:03   antiSMASH version: 7.0.0
INFO     20/07 16:27:03   diamond using executable: /usr/bin/diamond-aligner (2.0.7)
INFO     20/07 16:27:03   hmmpfam2 using executable: /usr/bin/hmm2pfam (2.3.2)
INFO     20/07 16:27:03   fasttree using executable: /usr/bin/fasttree
INFO     20/07 16:27:03   hmmsearch using executable: /usr/bin/hmmsearch (3.3.2)
INFO     20/07 16:27:03   hmmpress using executable: /usr/bin/hmmpress (3.3.2)
INFO     20/07 16:27:03   hmmscan using executable: /usr/bin/hmmscan (3.3.2)
INFO     20/07 16:27:05   meme using executable: /usr/bin/meme (4.11.2)
INFO     20/07 16:27:05   fimo using executable: /usr/bin/fimo (4.11.2)
INFO     20/07 16:27:05   glimmerhmm using executable: /usr/bin/glimmerhmm
INFO     20/07 16:27:05   prodigal using executable: /usr/bin/prodigal (V2.6.3)
INFO     20/07 16:27:05   blastp using executable: /usr/bin/blastp (2.11.0+)
INFO     20/07 16:27:05   makeblastdb using executable: /usr/bin/makeblastdb (2.11.0+)
DEBUG    20/07 16:27:05   Checking prerequisites for antismash.detection.hmm_detection
DEBUG    20/07 16:27:05   Found file '/usr/local/lib/python3.9/dist-packages/antismash/detection/hmm_detection/data/bgc_seeds.hmm'
DEBUG    20/07 16:27:05   Found file '/usr/local/lib/python3.9/dist-packages/antismash/detection/hmm_detection/data/bgc_seeds.hmm.h3f'
DEBUG    20/07 16:27:05   Found file '/usr/local/lib/python3.9/dist-packages/antismash/detection/hmm_detection/data/bgc_seeds.hmm.h3i'
DEBUG    20/07 16:27:05   Found file '/usr/local/lib/python3.9/dist-packages/antismash/detection/hmm_detection/data/bgc_seeds.hmm.h3m'
DEBUG    20/07 16:27:05   Found file '/usr/local/lib/python3.9/dist-packages/antismash/detection/hmm_detection/data/bgc_seeds.hmm.h3p'
DEBUG    20/07 16:27:05   Checking prerequisites for antismash.detection.cluster_hmmer
DEBUG    20/07 16:27:05   Found file '/databases/pfam/34.0/Pfam-A.hmm'
DEBUG    20/07 16:27:05   Found file '/databases/pfam/34.0/Pfam-A.hmm.h3f'
DEBUG    20/07 16:27:05   Found file '/databases/pfam/34.0/Pfam-A.hmm.h3i'
DEBUG    20/07 16:27:05   Found file '/databases/pfam/34.0/Pfam-A.hmm.h3m'
DEBUG    20/07 16:27:05   Found file '/databases/pfam/34.0/Pfam-A.hmm.h3p'
DEBUG    20/07 16:27:05   Checking prerequisites for antismash.detection.genefunctions
DEBUG    20/07 16:27:05   Found file '/databases/resfam/Resfams.hmm'
DEBUG    20/07 16:27:05   Found file '/usr/local/lib/python3.9/dist-packages/antismash/detection/genefunctions/data/smcogs.hmm.h3f'
DEBUG    20/07 16:27:05   Found file '/usr/local/lib/python3.9/dist-packages/antismash/detection/genefunctions/data/smcogs.hmm.h3i'
DEBUG    20/07 16:27:05   Found file '/usr/local/lib/python3.9/dist-packages/antismash/detection/genefunctions/data/smcogs.hmm.h3m'
DEBUG    20/07 16:27:05   Found file '/usr/local/lib/python3.9/dist-packages/antismash/detection/genefunctions/data/smcogs.hmm.h3p'
DEBUG    20/07 16:27:05   Found file '/databases/resfam/Resfams.hmm.h3f'
DEBUG    20/07 16:27:05   Found file '/databases/resfam/Resfams.hmm.h3i'
DEBUG    20/07 16:27:05   Found file '/databases/resfam/Resfams.hmm.h3m'
DEBUG    20/07 16:27:05   Found file '/databases/resfam/Resfams.hmm.h3p'
DEBUG    20/07 16:27:05   Checking prerequisites for antismash.detection.nrps_pks_domains
DEBUG    20/07 16:27:05   Found file '/usr/local/lib/python3.9/dist-packages/antismash/detection/nrps_pks_domains/data/abmotifs.hmm.h3f'
DEBUG    20/07 16:27:05   Found file '/usr/local/lib/python3.9/dist-packages/antismash/detection/nrps_pks_domains/data/abmotifs.hmm.h3i'
DEBUG    20/07 16:27:05   Found file '/usr/local/lib/python3.9/dist-packages/antismash/detection/nrps_pks_domains/data/abmotifs.hmm.h3m'
DEBUG    20/07 16:27:05   Found file '/usr/local/lib/python3.9/dist-packages/antismash/detection/nrps_pks_domains/data/abmotifs.hmm.h3p'
DEBUG    20/07 16:27:05   Found file '/usr/local/lib/python3.9/dist-packages/antismash/detection/nrps_pks_domains/data/dockingdomains.hmm.h3f'
DEBUG    20/07 16:27:05   Found file '/usr/local/lib/python3.9/dist-packages/antismash/detection/nrps_pks_domains/data/dockingdomains.hmm.h3i'
DEBUG    20/07 16:27:05   Found file '/usr/local/lib/python3.9/dist-packages/antismash/detection/nrps_pks_domains/data/dockingdomains.hmm.h3m'
DEBUG    20/07 16:27:05   Found file '/usr/local/lib/python3.9/dist-packages/antismash/detection/nrps_pks_domains/data/dockingdomains.hmm.h3p'
DEBUG    20/07 16:27:05   Found file '/usr/local/lib/python3.9/dist-packages/antismash/detection/nrps_pks_domains/data/ksdomains.hmm.h3f'
DEBUG    20/07 16:27:05   Found file '/usr/local/lib/python3.9/dist-packages/antismash/detection/nrps_pks_domains/data/ksdomains.hmm.h3i'
DEBUG    20/07 16:27:05   Found file '/usr/local/lib/python3.9/dist-packages/antismash/detection/nrps_pks_domains/data/ksdomains.hmm.h3m'
DEBUG    20/07 16:27:05   Found file '/usr/local/lib/python3.9/dist-packages/antismash/detection/nrps_pks_domains/data/ksdomains.hmm.h3p'
DEBUG    20/07 16:27:05   Found file '/usr/local/lib/python3.9/dist-packages/antismash/detection/nrps_pks_domains/data/nrpspksdomains.hmm.h3f'
DEBUG    20/07 16:27:05   Found file '/usr/local/lib/python3.9/dist-packages/antismash/detection/nrps_pks_domains/data/nrpspksdomains.hmm.h3i'
DEBUG    20/07 16:27:05   Found file '/usr/local/lib/python3.9/dist-packages/antismash/detection/nrps_pks_domains/data/nrpspksdomains.hmm.h3m'
DEBUG    20/07 16:27:05   Found file '/usr/local/lib/python3.9/dist-packages/antismash/detection/nrps_pks_domains/data/nrpspksdomains.hmm.h3p'
DEBUG    20/07 16:27:05   Found file '/databases/nrps_pks/transATor/2023.02.23/transATor.hmm.h3f'
DEBUG    20/07 16:27:05   Found file '/databases/nrps_pks/transATor/2023.02.23/transATor.hmm.h3i'
DEBUG    20/07 16:27:05   Found file '/databases/nrps_pks/transATor/2023.02.23/transATor.hmm.h3m'
DEBUG    20/07 16:27:05   Found file '/databases/nrps_pks/transATor/2023.02.23/transATor.hmm.h3p'
DEBUG    20/07 16:27:05   Checking prerequisites for antismash.detection.tigrfam
DEBUG    20/07 16:27:05   Found file '/databases/tigrfam/TIGRFam.hmm'
DEBUG    20/07 16:27:05   Found file '/databases/tigrfam/TIGRFam.hmm.h3f'
DEBUG    20/07 16:27:05   Found file '/databases/tigrfam/TIGRFam.hmm.h3i'
DEBUG    20/07 16:27:05   Found file '/databases/tigrfam/TIGRFam.hmm.h3m'
DEBUG    20/07 16:27:05   Found file '/databases/tigrfam/TIGRFam.hmm.h3p'
DEBUG    20/07 16:27:05   Checking prerequisites for antismash.modules.active_site_finder
DEBUG    20/07 16:27:05   Found file '/usr/local/lib/python3.9/dist-packages/antismash/modules/active_site_finder/data/PKSI-KR.hmm2'
DEBUG    20/07 16:27:05   Found file '/usr/local/lib/python3.9/dist-packages/antismash/modules/active_site_finder/data/PKSI-KS_N.hmm2'
DEBUG    20/07 16:27:05   Found file '/usr/local/lib/python3.9/dist-packages/antismash/modules/active_site_finder/data/PKSI-KS_C.hmm2'
DEBUG    20/07 16:27:05   Found file '/usr/local/lib/python3.9/dist-packages/antismash/modules/active_site_finder/data/PKSI-AT.hmm2'
DEBUG    20/07 16:27:05   Found file '/usr/local/lib/python3.9/dist-packages/antismash/modules/active_site_finder/data/PKSI-ACP.hmm2'
DEBUG    20/07 16:27:05   Found file '/usr/local/lib/python3.9/dist-packages/antismash/modules/active_site_finder/data/PKSI-DH.hmm2'
DEBUG    20/07 16:27:05   Found file '/usr/local/lib/python3.9/dist-packages/antismash/modules/active_site_finder/data/Thioesterase.hmm2'
DEBUG    20/07 16:27:05   Found file '/usr/local/lib/python3.9/dist-packages/antismash/modules/active_site_finder/data/PKSI-ER.hmm2'
DEBUG    20/07 16:27:05   Found file '/usr/local/lib/python3.9/dist-packages/antismash/modules/active_site_finder/data/p450.hmm2'
DEBUG    20/07 16:27:05   Checking prerequisites for antismash.modules.cluster_compare
DEBUG    20/07 16:27:05   Found file '/databases/clustercompare/mibig/3.1/data.json'
DEBUG    20/07 16:27:05   Found file '/databases/clustercompare/mibig/3.1/proteins.fasta'
DEBUG    20/07 16:27:05   Found file '/databases/clustercompare/mibig/3.1/proteins.dmnd'
DEBUG    20/07 16:27:05   Found file '/databases/clustercompare/mibig/3.1/proteins.dmnd'
DEBUG    20/07 16:27:05   Checking prerequisites for antismash.modules.clusterblast
DEBUG    20/07 16:27:05   Found file '/databases/knownclusterblast/3.1/clusters.txt'
DEBUG    20/07 16:27:05   Found file '/databases/knownclusterblast/3.1/proteins.fasta'
DEBUG    20/07 16:27:05   Found file '/databases/knownclusterblast/3.1/proteins.dmnd'
DEBUG    20/07 16:27:05   Found file '/databases/knownclusterblast/3.1/proteins.dmnd'
DEBUG    20/07 16:27:05   Found file '/databases/clusterblast/clusters.txt'
DEBUG    20/07 16:27:05   Found file '/databases/clusterblast/proteins.fasta'
DEBUG    20/07 16:27:05   Found file '/databases/clusterblast/proteins.dmnd'
DEBUG    20/07 16:27:05   Found file '/databases/clusterblast/proteins.dmnd'
DEBUG    20/07 16:27:05   Found file '/usr/local/lib/python3.9/dist-packages/antismash/modules/clusterblast/data/sub/proteins.fasta'
DEBUG    20/07 16:27:05   Found file '/usr/local/lib/python3.9/dist-packages/antismash/modules/clusterblast/data/sub/proteins.fasta.phr'
DEBUG    20/07 16:27:05   Found file '/usr/local/lib/python3.9/dist-packages/antismash/modules/clusterblast/data/sub/proteins.fasta.pin'
DEBUG    20/07 16:27:05   Found file '/usr/local/lib/python3.9/dist-packages/antismash/modules/clusterblast/data/sub/proteins.fasta.psq'
DEBUG    20/07 16:27:05   Found file '/usr/local/lib/python3.9/dist-packages/antismash/modules/clusterblast/data/sub/clusters.txt'
DEBUG    20/07 16:27:05   Checking prerequisites for antismash.modules.lanthipeptides
DEBUG    20/07 16:27:05   Found file '/databases/comparippson/asdb/3.0/cores.fa.pdb'
DEBUG    20/07 16:27:05   Found file '/databases/comparippson/asdb/3.0/cores.fa.phr'
DEBUG    20/07 16:27:05   Found file '/databases/comparippson/asdb/3.0/cores.fa.pin'
DEBUG    20/07 16:27:05   Found file '/databases/comparippson/asdb/3.0/cores.fa.pot'
DEBUG    20/07 16:27:05   Found file '/databases/comparippson/asdb/3.0/cores.fa.psq'
DEBUG    20/07 16:27:05   Found file '/databases/comparippson/asdb/3.0/cores.fa.ptf'
DEBUG    20/07 16:27:05   Found file '/databases/comparippson/asdb/3.0/cores.fa.pto'
DEBUG    20/07 16:27:05   Found file '/databases/comparippson/mibig/3.1/cores.fa.pdb'
DEBUG    20/07 16:27:05   Found file '/databases/comparippson/mibig/3.1/cores.fa.phr'
DEBUG    20/07 16:27:05   Found file '/databases/comparippson/mibig/3.1/cores.fa.pin'
DEBUG    20/07 16:27:05   Found file '/databases/comparippson/mibig/3.1/cores.fa.pot'
DEBUG    20/07 16:27:05   Found file '/databases/comparippson/mibig/3.1/cores.fa.psq'
DEBUG    20/07 16:27:05   Found file '/databases/comparippson/mibig/3.1/cores.fa.ptf'
DEBUG    20/07 16:27:05   Found file '/databases/comparippson/mibig/3.1/cores.fa.pto'
DEBUG    20/07 16:27:05   Checking prerequisites for antismash.modules.lassopeptides
DEBUG    20/07 16:27:05   Checking prerequisites for antismash.modules.nrps_pks
DEBUG    20/07 16:27:05   Found existing cache for /usr/local/lib/python3.9/dist-packages/antismash/modules/nrps_pks/data/terminals/cterm.fasta
DEBUG    20/07 16:27:05   Found existing cache for /usr/local/lib/python3.9/dist-packages/antismash/modules/nrps_pks/data/terminals/nterm.fasta
DEBUG    20/07 16:27:05   Found existing cache for /usr/local/lib/python3.9/dist-packages/antismash/modules/nrps_pks/at_analysis/data/AT_domains_muscle.fasta
DEBUG    20/07 16:27:05   Found existing cache for /usr/local/lib/python3.9/dist-packages/antismash/modules/nrps_pks/kr_analysis/data/KRdomains_muscle.fasta
DEBUG    20/07 16:27:05   Found existing cache for /usr/local/lib/python3.9/dist-packages/antismash/modules/nrps_pks/minowa/data/AT_domains_muscle.fasta
DEBUG    20/07 16:27:05   Found existing cache for /usr/local/lib/python3.9/dist-packages/antismash/modules/nrps_pks/minowa/data/CAL_domains_muscle.fasta
DEBUG    20/07 16:27:05   Checking prerequisites for antismash.modules.pfam2go
DEBUG    20/07 16:27:05   Found file '/usr/local/lib/python3.9/dist-packages/antismash/modules/pfam2go/data/pfam2go.txt'
DEBUG    20/07 16:27:05   Checking prerequisites for antismash.modules.rrefinder
DEBUG    20/07 16:27:05   Found file '/usr/local/lib/python3.9/dist-packages/antismash/modules/rrefinder/data/RREFam.hmm.h3f'
DEBUG    20/07 16:27:05   Found file '/usr/local/lib/python3.9/dist-packages/antismash/modules/rrefinder/data/RREFam.hmm.h3i'
DEBUG    20/07 16:27:05   Found file '/usr/local/lib/python3.9/dist-packages/antismash/modules/rrefinder/data/RREFam.hmm.h3m'
DEBUG    20/07 16:27:05   Found file '/usr/local/lib/python3.9/dist-packages/antismash/modules/rrefinder/data/RREFam.hmm.h3p'
DEBUG    20/07 16:27:05   Checking prerequisites for antismash.modules.sactipeptides
DEBUG    20/07 16:27:05   Checking prerequisites for antismash.modules.t2pks
DEBUG    20/07 16:27:05   Found file '/usr/local/lib/python3.9/dist-packages/antismash/modules/t2pks/data/KSIII.fasta'
DEBUG    20/07 16:27:05   Found file '/usr/local/lib/python3.9/dist-packages/antismash/modules/t2pks/data/KSIII.phr'
DEBUG    20/07 16:27:05   Found file '/usr/local/lib/python3.9/dist-packages/antismash/modules/t2pks/data/KSIII.pin'
DEBUG    20/07 16:27:05   Found file '/usr/local/lib/python3.9/dist-packages/antismash/modules/t2pks/data/KSIII.psq'
DEBUG    20/07 16:27:05   Found file '/usr/local/lib/python3.9/dist-packages/antismash/modules/t2pks/data/AT.fasta'
DEBUG    20/07 16:27:05   Found file '/usr/local/lib/python3.9/dist-packages/antismash/modules/t2pks/data/AT.phr'
DEBUG    20/07 16:27:05   Found file '/usr/local/lib/python3.9/dist-packages/antismash/modules/t2pks/data/AT.pin'
DEBUG    20/07 16:27:05   Found file '/usr/local/lib/python3.9/dist-packages/antismash/modules/t2pks/data/AT.psq'
DEBUG    20/07 16:27:05   Found file '/usr/local/lib/python3.9/dist-packages/antismash/modules/t2pks/data/LIG.fasta'
DEBUG    20/07 16:27:05   Found file '/usr/local/lib/python3.9/dist-packages/antismash/modules/t2pks/data/LIG.phr'
DEBUG    20/07 16:27:05   Found file '/usr/local/lib/python3.9/dist-packages/antismash/modules/t2pks/data/LIG.pin'
DEBUG    20/07 16:27:05   Found file '/usr/local/lib/python3.9/dist-packages/antismash/modules/t2pks/data/LIG.psq'
DEBUG    20/07 16:27:05   Found file '/usr/local/lib/python3.9/dist-packages/antismash/modules/t2pks/data/t2pks.hmm.h3f'
DEBUG    20/07 16:27:05   Found file '/usr/local/lib/python3.9/dist-packages/antismash/modules/t2pks/data/t2pks.hmm.h3i'
DEBUG    20/07 16:27:05   Found file '/usr/local/lib/python3.9/dist-packages/antismash/modules/t2pks/data/t2pks.hmm.h3m'
DEBUG    20/07 16:27:05   Found file '/usr/local/lib/python3.9/dist-packages/antismash/modules/t2pks/data/t2pks.hmm.h3p'
DEBUG    20/07 16:27:05   Checking prerequisites for antismash.modules.tfbs_finder
DEBUG    20/07 16:27:05   Found file '/usr/local/lib/python3.9/dist-packages/antismash/modules/tfbs_finder/data/PWMs.json'
DEBUG    20/07 16:27:05   Checking prerequisites for antismash.modules.thiopeptides
DEBUG    20/07 16:27:05   Found file '/usr/local/lib/python3.9/dist-packages/antismash/modules/thiopeptides/data/thiopep3.hmm.h3f'
DEBUG    20/07 16:27:05   Found file '/usr/local/lib/python3.9/dist-packages/antismash/modules/thiopeptides/data/thiopep3.hmm.h3i'
DEBUG    20/07 16:27:05   Found file '/usr/local/lib/python3.9/dist-packages/antismash/modules/thiopeptides/data/thiopep3.hmm.h3m'
DEBUG    20/07 16:27:05   Found file '/usr/local/lib/python3.9/dist-packages/antismash/modules/thiopeptides/data/thiopep3.hmm.h3p'
DEBUG    20/07 16:27:05   Checking prerequisites for antismash.modules.tta
DEBUG    20/07 16:27:05   Checking prerequisites for antismash.outputs.html
DEBUG    20/07 16:27:05   Found file '/usr/local/lib/python3.9/dist-packages/antismash/outputs/html/css/bacteria.css'
DEBUG    20/07 16:27:05   Found file '/usr/local/lib/python3.9/dist-packages/antismash/outputs/html/css/fungi.css'
DEBUG    20/07 16:27:05   Found file '/usr/local/lib/python3.9/dist-packages/antismash/outputs/html/css/plants.css'
DEBUG    20/07 16:27:05   Checking prerequisites for antismash.support.genefinding
DEBUG    20/07 16:27:05   Checking options for antismash.detection.hmm_detection
DEBUG    20/07 16:27:05   Checking options for antismash.detection.cluster_hmmer
DEBUG    20/07 16:27:05   Found file '/databases/pfam/34.0/Pfam-A.hmm'
DEBUG    20/07 16:27:05   Found file '/databases/pfam/34.0/Pfam-A.hmm.h3f'
DEBUG    20/07 16:27:05   Found file '/databases/pfam/34.0/Pfam-A.hmm.h3i'
DEBUG    20/07 16:27:05   Found file '/databases/pfam/34.0/Pfam-A.hmm.h3m'
DEBUG    20/07 16:27:05   Found file '/databases/pfam/34.0/Pfam-A.hmm.h3p'
DEBUG    20/07 16:27:05   Checking options for antismash.detection.genefunctions
DEBUG    20/07 16:27:05   Checking options for antismash.detection.nrps_pks_domains
DEBUG    20/07 16:27:05   Checking options for antismash.detection.tigrfam
DEBUG    20/07 16:27:05   Checking options for antismash.modules.active_site_finder
DEBUG    20/07 16:27:05   Checking options for antismash.modules.cluster_compare
DEBUG    20/07 16:27:05   Checking options for antismash.modules.clusterblast
DEBUG    20/07 16:27:05   Checking options for antismash.modules.lanthipeptides
DEBUG    20/07 16:27:05   Checking options for antismash.modules.lassopeptides
DEBUG    20/07 16:27:05   Checking options for antismash.modules.nrps_pks
DEBUG    20/07 16:27:05   Checking options for antismash.modules.pfam2go
DEBUG    20/07 16:27:05   Checking options for antismash.modules.rrefinder
DEBUG    20/07 16:27:05   Checking options for antismash.modules.sactipeptides
DEBUG    20/07 16:27:05   Checking options for antismash.modules.t2pks
DEBUG    20/07 16:27:05   Checking options for antismash.modules.tfbs_finder
DEBUG    20/07 16:27:05   Checking options for antismash.modules.thiopeptides
DEBUG    20/07 16:27:05   Checking options for antismash.modules.tta
DEBUG    20/07 16:27:05   Checking options for antismash.outputs.html
DEBUG    20/07 16:27:05   Checking options for antismash.support.genefinding
INFO     20/07 16:27:05   Parsing input sequence '/input/GCF_003990445.1_Pararhodobacter_zhoushanensis_ZQ420.gbk'
DEBUG    20/07 16:27:06   Stripping antiSMASH features and annotations from record: NZ_REEZ01000001.1
DEBUG    20/07 16:27:06   Stripping antiSMASH features and annotations from record: NZ_REEZ01000010.1
DEBUG    20/07 16:27:06   Stripping antiSMASH features and annotations from record: NZ_REEZ01000011.1
DEBUG    20/07 16:27:06   Stripping antiSMASH features and annotations from record: NZ_REEZ01000012.1
DEBUG    20/07 16:27:06   Stripping antiSMASH features and annotations from record: NZ_REEZ01000013.1
DEBUG    20/07 16:27:06   Stripping antiSMASH features and annotations from record: NZ_REEZ01000014.1
DEBUG    20/07 16:27:06   Stripping antiSMASH features and annotations from record: NZ_REEZ01000015.1
DEBUG    20/07 16:27:06   Stripping antiSMASH features and annotations from record: NZ_REEZ01000016.1
DEBUG    20/07 16:27:06   Stripping antiSMASH features and annotations from record: NZ_REEZ01000017.1
DEBUG    20/07 16:27:06   Stripping antiSMASH features and annotations from record: NZ_REEZ01000018.1
DEBUG    20/07 16:27:06   Stripping antiSMASH features and annotations from record: NZ_REEZ01000019.1
DEBUG    20/07 16:27:06   Stripping antiSMASH features and annotations from record: NZ_REEZ01000002.1
DEBUG    20/07 16:27:06   Stripping antiSMASH features and annotations from record: NZ_REEZ01000020.1
DEBUG    20/07 16:27:06   Stripping antiSMASH features and annotations from record: NZ_REEZ01000021.1
DEBUG    20/07 16:27:06   Stripping antiSMASH features and annotations from record: NZ_REEZ01000022.1
DEBUG    20/07 16:27:06   Stripping antiSMASH features and annotations from record: NZ_REEZ01000023.1
DEBUG    20/07 16:27:06   Stripping antiSMASH features and annotations from record: NZ_REEZ01000024.1
DEBUG    20/07 16:27:06   Stripping antiSMASH features and annotations from record: NZ_REEZ01000025.1
DEBUG    20/07 16:27:06   Stripping antiSMASH features and annotations from record: NZ_REEZ01000026.1
DEBUG    20/07 16:27:06   Stripping antiSMASH features and annotations from record: NZ_REEZ01000027.1
DEBUG    20/07 16:27:06   Stripping antiSMASH features and annotations from record: NZ_REEZ01000028.1
DEBUG    20/07 16:27:06   Stripping antiSMASH features and annotations from record: NZ_REEZ01000029.1
DEBUG    20/07 16:27:06   Stripping antiSMASH features and annotations from record: NZ_REEZ01000003.1
DEBUG    20/07 16:27:06   Stripping antiSMASH features and annotations from record: NZ_REEZ01000030.1
DEBUG    20/07 16:27:06   Stripping antiSMASH features and annotations from record: NZ_REEZ01000031.1
DEBUG    20/07 16:27:06   Stripping antiSMASH features and annotations from record: NZ_REEZ01000004.1
DEBUG    20/07 16:27:06   Stripping antiSMASH features and annotations from record: NZ_REEZ01000005.1
DEBUG    20/07 16:27:06   Stripping antiSMASH features and annotations from record: NZ_REEZ01000006.1
DEBUG    20/07 16:27:06   Stripping antiSMASH features and annotations from record: NZ_REEZ01000007.1
DEBUG    20/07 16:27:06   Stripping antiSMASH features and annotations from record: NZ_REEZ01000008.1
DEBUG    20/07 16:27:06   Stripping antiSMASH features and annotations from record: NZ_REEZ01000009.1
DEBUG    20/07 16:27:06   Converting records from biopython to secmet
DEBUG    20/07 16:27:07   Removing existing region genbank files
DEBUG    20/07 16:27:07   Reusing output directory: /data/antismash/upload/bacteria-0bbeb631-b566-4607-b56f-6381ed9a36c9
DEBUG    20/07 16:27:07   Preprocessing 31 sequences
DEBUG    20/07 16:27:07   Sanitising record ids and sequences
DEBUG    20/07 16:27:08   Removing sequences smaller than 1000 bases
DEBUG    20/07 16:27:08   Ensuring records have CDS features with all required information
INFO     20/07 16:27:08   No CDS features found in record 'NZ_REEZ01000021.1', running gene finding.
DEBUG    20/07 16:27:08   Running prodigal based genefinding
INFO     20/07 16:27:08   No CDS features found in record 'NZ_REEZ01000024.1', running gene finding.
DEBUG    20/07 16:27:08   Running prodigal based genefinding
INFO     20/07 16:27:08   No CDS features found in record 'NZ_REEZ01000026.1', running gene finding.
DEBUG    20/07 16:27:08   Running prodigal based genefinding
DEBUG    20/07 16:27:08   prodigal found 7 CDS features
DEBUG    20/07 16:27:08   prodigal found 1 CDS features
INFO     20/07 16:27:08   No CDS features found in record 'NZ_REEZ01000028.1', running gene finding.
DEBUG    20/07 16:27:08   Running prodigal based genefinding
DEBUG    20/07 16:27:08   prodigal found 2 CDS features
DEBUG    20/07 16:27:08   prodigal found 0 CDS features
INFO     20/07 16:27:08   No genes found, skipping record
INFO     20/07 16:27:08   No CDS features found in record 'NZ_REEZ01000029.1', running gene finding.
DEBUG    20/07 16:27:08   Running prodigal based genefinding
DEBUG    20/07 16:27:08   prodigal found 1 CDS features
INFO     20/07 16:27:08   Analysing record: NZ_REEZ01000001.1
INFO     20/07 16:27:08   Detecting secondary metabolite clusters
DEBUG    20/07 16:27:08   Checking if antismash.detection.hmm_detection should be run
INFO     20/07 16:27:08   Running antismash.detection.hmm_detection
INFO     20/07 16:27:08   HMM detection using strictness: relaxed
DEBUG    20/07 16:27:14   0 rule-based cluster(s) found in record
DEBUG    20/07 16:27:14   0 protoclusters found
DEBUG    20/07 16:27:14   0 subregions found
INFO     20/07 16:27:14   No regions detected, skipping record
INFO     20/07 16:27:14   Analysing record: NZ_REEZ01000010.1
INFO     20/07 16:27:14   Detecting secondary metabolite clusters
DEBUG    20/07 16:27:14   Checking if antismash.detection.hmm_detection should be run
INFO     20/07 16:27:14   Running antismash.detection.hmm_detection
INFO     20/07 16:27:14   HMM detection using strictness: relaxed
DEBUG    20/07 16:27:15   0 rule-based cluster(s) found in record
DEBUG    20/07 16:27:15   0 protoclusters found
DEBUG    20/07 16:27:15   0 subregions found
INFO     20/07 16:27:15   No regions detected, skipping record
INFO     20/07 16:27:15   Analysing record: NZ_REEZ01000011.1
INFO     20/07 16:27:15   Detecting secondary metabolite clusters
DEBUG    20/07 16:27:15   Checking if antismash.detection.hmm_detection should be run
INFO     20/07 16:27:15   Running antismash.detection.hmm_detection
INFO     20/07 16:27:15   HMM detection using strictness: relaxed
DEBUG    20/07 16:27:16   0 rule-based cluster(s) found in record
DEBUG    20/07 16:27:16   0 protoclusters found
DEBUG    20/07 16:27:16   0 subregions found
INFO     20/07 16:27:16   No regions detected, skipping record
INFO     20/07 16:27:16   Analysing record: NZ_REEZ01000012.1
INFO     20/07 16:27:16   Detecting secondary metabolite clusters
DEBUG    20/07 16:27:16   Checking if antismash.detection.hmm_detection should be run
INFO     20/07 16:27:16   Running antismash.detection.hmm_detection
INFO     20/07 16:27:16   HMM detection using strictness: relaxed
DEBUG    20/07 16:27:17   0 rule-based cluster(s) found in record
DEBUG    20/07 16:27:17   0 protoclusters found
DEBUG    20/07 16:27:17   0 subregions found
INFO     20/07 16:27:17   No regions detected, skipping record
INFO     20/07 16:27:17   Analysing record: NZ_REEZ01000013.1
INFO     20/07 16:27:17   Detecting secondary metabolite clusters
DEBUG    20/07 16:27:17   Checking if antismash.detection.hmm_detection should be run
INFO     20/07 16:27:17   Running antismash.detection.hmm_detection
INFO     20/07 16:27:17   HMM detection using strictness: relaxed
DEBUG    20/07 16:27:18   0 rule-based cluster(s) found in record
DEBUG    20/07 16:27:18   0 protoclusters found
DEBUG    20/07 16:27:18   0 subregions found
INFO     20/07 16:27:18   No regions detected, skipping record
INFO     20/07 16:27:18   Analysing record: NZ_REEZ01000014.1
INFO     20/07 16:27:18   Detecting secondary metabolite clusters
DEBUG    20/07 16:27:18   Checking if antismash.detection.hmm_detection should be run
INFO     20/07 16:27:18   Running antismash.detection.hmm_detection
INFO     20/07 16:27:18   HMM detection using strictness: relaxed
DEBUG    20/07 16:27:19   0 rule-based cluster(s) found in record
DEBUG    20/07 16:27:19   0 protoclusters found
DEBUG    20/07 16:27:19   0 subregions found
INFO     20/07 16:27:19   No regions detected, skipping record
INFO     20/07 16:27:19   Analysing record: NZ_REEZ01000015.1
INFO     20/07 16:27:19   Detecting secondary metabolite clusters
DEBUG    20/07 16:27:19   Checking if antismash.detection.hmm_detection should be run
INFO     20/07 16:27:19   Running antismash.detection.hmm_detection
INFO     20/07 16:27:19   HMM detection using strictness: relaxed
DEBUG    20/07 16:27:20   0 rule-based cluster(s) found in record
DEBUG    20/07 16:27:20   0 protoclusters found
DEBUG    20/07 16:27:20   0 subregions found
INFO     20/07 16:27:20   No regions detected, skipping record
INFO     20/07 16:27:20   Analysing record: NZ_REEZ01000016.1
INFO     20/07 16:27:20   Detecting secondary metabolite clusters
DEBUG    20/07 16:27:20   Checking if antismash.detection.hmm_detection should be run
INFO     20/07 16:27:20   Running antismash.detection.hmm_detection
INFO     20/07 16:27:20   HMM detection using strictness: relaxed
DEBUG    20/07 16:27:21   0 rule-based cluster(s) found in record
DEBUG    20/07 16:27:21   0 protoclusters found
DEBUG    20/07 16:27:21   0 subregions found
INFO     20/07 16:27:21   No regions detected, skipping record
INFO     20/07 16:27:21   Analysing record: NZ_REEZ01000017.1
INFO     20/07 16:27:21   Detecting secondary metabolite clusters
DEBUG    20/07 16:27:21   Checking if antismash.detection.hmm_detection should be run
INFO     20/07 16:27:21   Running antismash.detection.hmm_detection
INFO     20/07 16:27:21   HMM detection using strictness: relaxed
DEBUG    20/07 16:27:22   0 rule-based cluster(s) found in record
DEBUG    20/07 16:27:22   0 protoclusters found
DEBUG    20/07 16:27:22   0 subregions found
INFO     20/07 16:27:22   No regions detected, skipping record
INFO     20/07 16:27:22   Analysing record: NZ_REEZ01000018.1
INFO     20/07 16:27:22   Detecting secondary metabolite clusters
DEBUG    20/07 16:27:22   Checking if antismash.detection.hmm_detection should be run
INFO     20/07 16:27:22   Running antismash.detection.hmm_detection
INFO     20/07 16:27:22   HMM detection using strictness: relaxed
DEBUG    20/07 16:27:23   0 rule-based cluster(s) found in record
DEBUG    20/07 16:27:23   0 protoclusters found
DEBUG    20/07 16:27:23   0 subregions found
INFO     20/07 16:27:23   No regions detected, skipping record
INFO     20/07 16:27:23   Analysing record: NZ_REEZ01000019.1
INFO     20/07 16:27:23   Detecting secondary metabolite clusters
DEBUG    20/07 16:27:23   Checking if antismash.detection.hmm_detection should be run
INFO     20/07 16:27:23   Running antismash.detection.hmm_detection
INFO     20/07 16:27:23   HMM detection using strictness: relaxed
DEBUG    20/07 16:27:23   0 rule-based cluster(s) found in record
DEBUG    20/07 16:27:23   0 protoclusters found
DEBUG    20/07 16:27:23   0 subregions found
INFO     20/07 16:27:23   No regions detected, skipping record
INFO     20/07 16:27:23   Analysing record: NZ_REEZ01000002.1
INFO     20/07 16:27:23   Detecting secondary metabolite clusters
DEBUG    20/07 16:27:23   Checking if antismash.detection.hmm_detection should be run
INFO     20/07 16:27:23   Running antismash.detection.hmm_detection
INFO     20/07 16:27:23   HMM detection using strictness: relaxed
DEBUG    20/07 16:27:28   0 rule-based cluster(s) found in record
DEBUG    20/07 16:27:28   0 protoclusters found
DEBUG    20/07 16:27:28   0 subregions found
INFO     20/07 16:27:28   No regions detected, skipping record
INFO     20/07 16:27:28   Analysing record: NZ_REEZ01000020.1
INFO     20/07 16:27:28   Detecting secondary metabolite clusters
DEBUG    20/07 16:27:28   Checking if antismash.detection.hmm_detection should be run
INFO     20/07 16:27:28   Running antismash.detection.hmm_detection
INFO     20/07 16:27:28   HMM detection using strictness: relaxed
DEBUG    20/07 16:27:28   0 rule-based cluster(s) found in record
DEBUG    20/07 16:27:28   0 protoclusters found
DEBUG    20/07 16:27:28   0 subregions found
INFO     20/07 16:27:28   No regions detected, skipping record
INFO     20/07 16:27:28   Analysing record: NZ_REEZ01000021.1
INFO     20/07 16:27:28   Detecting secondary metabolite clusters
DEBUG    20/07 16:27:28   Checking if antismash.detection.hmm_detection should be run
INFO     20/07 16:27:28   Running antismash.detection.hmm_detection
INFO     20/07 16:27:28   HMM detection using strictness: relaxed
DEBUG    20/07 16:27:28   0 rule-based cluster(s) found in record
DEBUG    20/07 16:27:29   0 protoclusters found
DEBUG    20/07 16:27:29   0 subregions found
INFO     20/07 16:27:29   No regions detected, skipping record
INFO     20/07 16:27:29   Analysing record: NZ_REEZ01000022.1
INFO     20/07 16:27:29   Detecting secondary metabolite clusters
DEBUG    20/07 16:27:29   Checking if antismash.detection.hmm_detection should be run
INFO     20/07 16:27:29   Running antismash.detection.hmm_detection
INFO     20/07 16:27:29   HMM detection using strictness: relaxed
DEBUG    20/07 16:27:29   0 rule-based cluster(s) found in record
DEBUG    20/07 16:27:29   0 protoclusters found
DEBUG    20/07 16:27:29   0 subregions found
INFO     20/07 16:27:29   No regions detected, skipping record
INFO     20/07 16:27:29   Analysing record: NZ_REEZ01000023.1
INFO     20/07 16:27:29   Detecting secondary metabolite clusters
DEBUG    20/07 16:27:29   Checking if antismash.detection.hmm_detection should be run
INFO     20/07 16:27:29   Running antismash.detection.hmm_detection
INFO     20/07 16:27:29   HMM detection using strictness: relaxed
DEBUG    20/07 16:27:29   0 rule-based cluster(s) found in record
DEBUG    20/07 16:27:29   0 protoclusters found
DEBUG    20/07 16:27:29   0 subregions found
INFO     20/07 16:27:29   No regions detected, skipping record
INFO     20/07 16:27:29   Analysing record: NZ_REEZ01000024.1
INFO     20/07 16:27:29   Detecting secondary metabolite clusters
DEBUG    20/07 16:27:29   Checking if antismash.detection.hmm_detection should be run
INFO     20/07 16:27:29   Running antismash.detection.hmm_detection
INFO     20/07 16:27:29   HMM detection using strictness: relaxed
DEBUG    20/07 16:27:30   0 rule-based cluster(s) found in record
DEBUG    20/07 16:27:30   0 protoclusters found
DEBUG    20/07 16:27:30   0 subregions found
INFO     20/07 16:27:30   No regions detected, skipping record
INFO     20/07 16:27:30   Analysing record: NZ_REEZ01000025.1
INFO     20/07 16:27:30   Detecting secondary metabolite clusters
DEBUG    20/07 16:27:30   Checking if antismash.detection.hmm_detection should be run
INFO     20/07 16:27:30   Running antismash.detection.hmm_detection
INFO     20/07 16:27:30   HMM detection using strictness: relaxed
DEBUG    20/07 16:27:30   0 rule-based cluster(s) found in record
DEBUG    20/07 16:27:30   0 protoclusters found
DEBUG    20/07 16:27:30   0 subregions found
INFO     20/07 16:27:30   No regions detected, skipping record
INFO     20/07 16:27:30   Analysing record: NZ_REEZ01000026.1
INFO     20/07 16:27:30   Detecting secondary metabolite clusters
DEBUG    20/07 16:27:30   Checking if antismash.detection.hmm_detection should be run
INFO     20/07 16:27:30   Running antismash.detection.hmm_detection
INFO     20/07 16:27:30   HMM detection using strictness: relaxed
DEBUG    20/07 16:27:31   0 rule-based cluster(s) found in record
DEBUG    20/07 16:27:31   0 protoclusters found
DEBUG    20/07 16:27:31   0 subregions found
INFO     20/07 16:27:31   No regions detected, skipping record
INFO     20/07 16:27:31   Analysing record: NZ_REEZ01000027.1
INFO     20/07 16:27:31   Detecting secondary metabolite clusters
DEBUG    20/07 16:27:31   Checking if antismash.detection.hmm_detection should be run
INFO     20/07 16:27:31   Running antismash.detection.hmm_detection
INFO     20/07 16:27:31   HMM detection using strictness: relaxed
DEBUG    20/07 16:27:31   0 rule-based cluster(s) found in record
DEBUG    20/07 16:27:31   0 protoclusters found
DEBUG    20/07 16:27:31   0 subregions found
INFO     20/07 16:27:31   No regions detected, skipping record
INFO     20/07 16:27:31   Analysing record: NZ_REEZ01000029.1
INFO     20/07 16:27:31   Detecting secondary metabolite clusters
DEBUG    20/07 16:27:31   Checking if antismash.detection.hmm_detection should be run
INFO     20/07 16:27:31   Running antismash.detection.hmm_detection
INFO     20/07 16:27:31   HMM detection using strictness: relaxed
DEBUG    20/07 16:27:32   0 rule-based cluster(s) found in record
DEBUG    20/07 16:27:32   0 protoclusters found
DEBUG    20/07 16:27:32   0 subregions found
INFO     20/07 16:27:32   No regions detected, skipping record
INFO     20/07 16:27:32   Analysing record: NZ_REEZ01000003.1
INFO     20/07 16:27:32   Detecting secondary metabolite clusters
DEBUG    20/07 16:27:32   Checking if antismash.detection.hmm_detection should be run
INFO     20/07 16:27:32   Running antismash.detection.hmm_detection
INFO     20/07 16:27:32   HMM detection using strictness: relaxed
DEBUG    20/07 16:27:35   1 rule-based cluster(s) found in record
DEBUG    20/07 16:27:35   1 protoclusters found
DEBUG    20/07 16:27:35   0 subregions found
INFO     20/07 16:27:35   1 region(s) detected in record
DEBUG    20/07 16:27:35   Checking if antismash.detection.cluster_hmmer should be run
INFO     20/07 16:27:35   Running antismash.detection.cluster_hmmer
INFO     20/07 16:27:35   Running cluster PFAM search
DEBUG    20/07 16:27:50   Building name mapping for HMMer database Pfam-A.hmm
DEBUG    20/07 16:27:55   Building cutoff mapping for HMMer database /databases/pfam/34.0/Pfam-A.hmm
DEBUG    20/07 16:27:59   Adding detection results from antismash.detection.cluster_hmmer to record
DEBUG    20/07 16:27:59   Checking if antismash.detection.genefunctions should be run
INFO     20/07 16:27:59   Running antismash.detection.genefunctions
DEBUG    20/07 16:28:01   Adding detection results from antismash.detection.genefunctions to record
DEBUG    20/07 16:28:01   annotating CDS features with resist info: 0 CDSes
DEBUG    20/07 16:28:01   annotating CDS features with smcogs info: 11 CDSes
DEBUG    20/07 16:28:01   Checking if antismash.detection.nrps_pks_domains should be run
INFO     20/07 16:28:01   Running antismash.detection.nrps_pks_domains
DEBUG    20/07 16:28:01   Marking NRPS/PKS CDS features and domains in clusters
DEBUG    20/07 16:28:01   Adding detection results from antismash.detection.nrps_pks_domains to record
DEBUG    20/07 16:28:01   Checking if antismash.detection.tigrfam should be run
INFO     20/07 16:28:01   Running antismash.detection.tigrfam
INFO     20/07 16:28:01   Running TIGRFam search
DEBUG    20/07 16:28:06   Building name mapping for HMMer database TIGRFam.hmm
DEBUG    20/07 16:28:08   Adding detection results from antismash.detection.tigrfam to record
DEBUG    20/07 16:28:08   Checking if antismash.modules.active_site_finder should be run
INFO     20/07 16:28:08   Running antismash.modules.active_site_finder
DEBUG    20/07 16:28:08   Checking if antismash.modules.cluster_compare should be run
INFO     20/07 16:28:08   Running antismash.modules.cluster_compare
DEBUG    20/07 16:28:08   Loading comparison database: MIBiG
DEBUG    20/07 16:28:09   Comparison database loaded
INFO     20/07 16:28:09   Comparing regions to reference database
DEBUG    20/07 16:28:13   Checking if antismash.modules.clusterblast should be run
INFO     20/07 16:28:13   Running antismash.modules.clusterblast
INFO     20/07 16:28:13   Finding internal homologs in each gene cluster...
INFO     20/07 16:28:13   Running ClusterBlast
INFO     20/07 16:28:13   ClusterBlast: Loading gene cluster database into memory...
INFO     20/07 16:28:16   ClusterBlast: Loading gene cluster database proteins into memory...
INFO     20/07 16:28:30   Comparing regions to reference database
INFO     20/07 16:29:39   Running subcluster search
INFO     20/07 16:29:39   SubClusterBlast: Loading gene cluster database into memory...
INFO     20/07 16:29:39   SubClusterBlast: Loading gene cluster database proteins into memory...
INFO     20/07 16:29:40   Running known cluster search
INFO     20/07 16:29:40   KnownClusterBlast: Loading gene cluster database into memory...
INFO     20/07 16:29:40   KnownClusterBlast: Loading gene cluster database proteins into memory...
DEBUG    20/07 16:29:40   Running DIAMOND knowncluster searches..
INFO     20/07 16:29:40   Comparing regions to reference database
DEBUG    20/07 16:29:44   Checking if antismash.modules.lanthipeptides should be run
INFO     20/07 16:29:44   Running antismash.modules.lanthipeptides
DEBUG    20/07 16:29:44   Lanthipeptide module marked 0 motifs
DEBUG    20/07 16:29:45   Checking if antismash.modules.lassopeptides should be run
INFO     20/07 16:29:45   Running antismash.modules.lassopeptides
DEBUG    20/07 16:29:47   Lassopeptide module marked 0 motifs
DEBUG    20/07 16:29:47   Checking if antismash.modules.nrps_pks should be run
INFO     20/07 16:29:47   Running antismash.modules.nrps_pks
INFO     20/07 16:29:47   Predicting CAL domain substrate specificities by Minowa et al. method
INFO     20/07 16:29:48   Predicting PKS KR activity and stereochemistry using KR fingerprints from Starcevic et al.
DEBUG    20/07 16:29:48   missing Acetyl-CoA from SMILES parts for domain nrpspksdomains_PADFOAJF_02840_CAL_domain.1
DEBUG    20/07 16:29:48   CandidateCluster 1 monomer ordering method: colinear
DEBUG    20/07 16:29:48   Checking if antismash.modules.pfam2go should be run
INFO     20/07 16:29:48   Running antismash.modules.pfam2go
DEBUG    20/07 16:29:48   Checking if antismash.modules.rrefinder should be run
INFO     20/07 16:29:48   Running antismash.modules.rrefinder
DEBUG    20/07 16:29:48   Checking if antismash.modules.sactipeptides should be run
INFO     20/07 16:29:48   Running antismash.modules.sactipeptides
DEBUG    20/07 16:29:48   Found no sactipeptide motifs
DEBUG    20/07 16:29:49   Checking if antismash.modules.t2pks should be run
INFO     20/07 16:29:49   Running antismash.modules.t2pks
DEBUG    20/07 16:29:49   No type II PKS clusters to analyze
DEBUG    20/07 16:29:49   Checking if antismash.modules.tfbs_finder should be run
INFO     20/07 16:29:49   Running antismash.modules.tfbs_finder
DEBUG    20/07 16:29:49   Checking if antismash.modules.thiopeptides should be run
INFO     20/07 16:29:49   Running antismash.modules.thiopeptides
DEBUG    20/07 16:29:49   Thiopeptides marked 0 motifs
DEBUG    20/07 16:29:50   Checking if antismash.modules.tta should be run
INFO     20/07 16:29:50   Running antismash.modules.tta
INFO     20/07 16:29:50   Detecting TTA codons
DEBUG    20/07 16:29:50   GC content: 65%
DEBUG    20/07 16:29:50   Detected 7 TTA codons
INFO     20/07 16:29:50   Analysing record: NZ_REEZ01000030.1
INFO     20/07 16:29:50   Detecting secondary metabolite clusters
DEBUG    20/07 16:29:50   Checking if antismash.detection.hmm_detection should be run
INFO     20/07 16:29:50   Running antismash.detection.hmm_detection
INFO     20/07 16:29:50   HMM detection using strictness: relaxed
DEBUG    20/07 16:29:51   0 rule-based cluster(s) found in record
DEBUG    20/07 16:29:51   0 protoclusters found
DEBUG    20/07 16:29:51   0 subregions found
INFO     20/07 16:29:51   No regions detected, skipping record
INFO     20/07 16:29:51   Analysing record: NZ_REEZ01000031.1
INFO     20/07 16:29:51   Detecting secondary metabolite clusters
DEBUG    20/07 16:29:51   Checking if antismash.detection.hmm_detection should be run
INFO     20/07 16:29:51   Running antismash.detection.hmm_detection
INFO     20/07 16:29:51   HMM detection using strictness: relaxed
DEBUG    20/07 16:29:51   0 rule-based cluster(s) found in record
DEBUG    20/07 16:29:51   0 protoclusters found
DEBUG    20/07 16:29:51   0 subregions found
INFO     20/07 16:29:51   No regions detected, skipping record
INFO     20/07 16:29:51   Analysing record: NZ_REEZ01000004.1
INFO     20/07 16:29:51   Detecting secondary metabolite clusters
DEBUG    20/07 16:29:51   Checking if antismash.detection.hmm_detection should be run
INFO     20/07 16:29:51   Running antismash.detection.hmm_detection
INFO     20/07 16:29:51   HMM detection using strictness: relaxed
DEBUG    20/07 16:29:55   2 rule-based cluster(s) found in record
DEBUG    20/07 16:29:55   2 protoclusters found
DEBUG    20/07 16:29:55   0 subregions found
INFO     20/07 16:29:55   1 region(s) detected in record
DEBUG    20/07 16:29:55   Checking if antismash.detection.cluster_hmmer should be run
INFO     20/07 16:29:55   Running antismash.detection.cluster_hmmer
INFO     20/07 16:29:55   Running cluster PFAM search
DEBUG    20/07 16:30:10   Adding detection results from antismash.detection.cluster_hmmer to record
DEBUG    20/07 16:30:10   Checking if antismash.detection.genefunctions should be run
INFO     20/07 16:30:10   Running antismash.detection.genefunctions
DEBUG    20/07 16:30:12   Adding detection results from antismash.detection.genefunctions to record
DEBUG    20/07 16:30:12   annotating CDS features with resist info: 0 CDSes
DEBUG    20/07 16:30:12   annotating CDS features with smcogs info: 13 CDSes
DEBUG    20/07 16:30:12   Checking if antismash.detection.nrps_pks_domains should be run
INFO     20/07 16:30:12   Running antismash.detection.nrps_pks_domains
DEBUG    20/07 16:30:12   Marking NRPS/PKS CDS features and domains in clusters
DEBUG    20/07 16:30:13   Adding detection results from antismash.detection.nrps_pks_domains to record
DEBUG    20/07 16:30:13   Checking if antismash.detection.tigrfam should be run
INFO     20/07 16:30:13   Running antismash.detection.tigrfam
INFO     20/07 16:30:13   Running TIGRFam search
DEBUG    20/07 16:30:19   Adding detection results from antismash.detection.tigrfam to record
DEBUG    20/07 16:30:19   Checking if antismash.modules.active_site_finder should be run
INFO     20/07 16:30:19   Running antismash.modules.active_site_finder
DEBUG    20/07 16:30:19   Checking if antismash.modules.cluster_compare should be run
INFO     20/07 16:30:19   Running antismash.modules.cluster_compare
DEBUG    20/07 16:30:19   Loading comparison database: MIBiG
DEBUG    20/07 16:30:19   Comparison database loaded
INFO     20/07 16:30:19   Comparing regions to reference database
DEBUG    20/07 16:30:23   Checking if antismash.modules.clusterblast should be run
INFO     20/07 16:30:23   Running antismash.modules.clusterblast
INFO     20/07 16:30:23   Finding internal homologs in each gene cluster...
INFO     20/07 16:30:24   Running ClusterBlast
INFO     20/07 16:30:24   ClusterBlast: Loading gene cluster database into memory...
INFO     20/07 16:30:25   ClusterBlast: Loading gene cluster database proteins into memory...
INFO     20/07 16:30:40   Comparing regions to reference database
INFO     20/07 16:31:56   Running subcluster search
INFO     20/07 16:31:56   SubClusterBlast: Loading gene cluster database into memory...
INFO     20/07 16:31:56   SubClusterBlast: Loading gene cluster database proteins into memory...
INFO     20/07 16:31:57   Running known cluster search
INFO     20/07 16:31:57   KnownClusterBlast: Loading gene cluster database into memory...
INFO     20/07 16:31:57   KnownClusterBlast: Loading gene cluster database proteins into memory...
DEBUG    20/07 16:31:57   Running DIAMOND knowncluster searches..
INFO     20/07 16:31:57   Comparing regions to reference database
DEBUG    20/07 16:32:02   Checking if antismash.modules.lanthipeptides should be run
INFO     20/07 16:32:02   Running antismash.modules.lanthipeptides
DEBUG    20/07 16:32:02   Lanthipeptide module marked 0 motifs
DEBUG    20/07 16:32:03   Checking if antismash.modules.lassopeptides should be run
INFO     20/07 16:32:03   Running antismash.modules.lassopeptides
DEBUG    20/07 16:32:04   Lassopeptide module marked 0 motifs
DEBUG    20/07 16:32:04   Checking if antismash.modules.nrps_pks should be run
INFO     20/07 16:32:04   Running antismash.modules.nrps_pks
INFO     20/07 16:32:04   Predicting A domain substrate specificities with nrpys
INFO     20/07 16:32:05   Predicting PKS AT domain substrate specificities by Yadav et al. PKS signature sequences
INFO     20/07 16:32:05   Predicting PKS AT domain substrate specificities by Minowa et al. method
INFO     20/07 16:32:07   Predicting CAL domain substrate specificities by Minowa et al. method
INFO     20/07 16:32:07   Predicting PKS KR activity and stereochemistry using KR fingerprints from Starcevic et al.
DEBUG    20/07 16:32:07   CandidateCluster 1 monomer ordering method: colinear
DEBUG    20/07 16:32:07   CandidateCluster 2 monomer ordering method: colinear
DEBUG    20/07 16:32:07   CandidateCluster 3 monomer ordering method: colinear
DEBUG    20/07 16:32:07   Checking if antismash.modules.pfam2go should be run
INFO     20/07 16:32:07   Running antismash.modules.pfam2go
DEBUG    20/07 16:32:07   Checking if antismash.modules.rrefinder should be run
INFO     20/07 16:32:07   Running antismash.modules.rrefinder
DEBUG    20/07 16:32:07   Checking if antismash.modules.sactipeptides should be run
INFO     20/07 16:32:07   Running antismash.modules.sactipeptides
DEBUG    20/07 16:32:07   Found no sactipeptide motifs
DEBUG    20/07 16:32:09   Checking if antismash.modules.t2pks should be run
INFO     20/07 16:32:09   Running antismash.modules.t2pks
DEBUG    20/07 16:32:09   No type II PKS clusters to analyze
DEBUG    20/07 16:32:09   Checking if antismash.modules.tfbs_finder should be run
INFO     20/07 16:32:09   Running antismash.modules.tfbs_finder
DEBUG    20/07 16:32:09   Checking if antismash.modules.thiopeptides should be run
INFO     20/07 16:32:09   Running antismash.modules.thiopeptides
DEBUG    20/07 16:32:09   Thiopeptides marked 0 motifs
DEBUG    20/07 16:32:10   Checking if antismash.modules.tta should be run
INFO     20/07 16:32:10   Running antismash.modules.tta
INFO     20/07 16:32:10   Skipping TTA codon detection, GC content too low: 65%
INFO     20/07 16:32:10   Analysing record: NZ_REEZ01000005.1
INFO     20/07 16:32:10   Detecting secondary metabolite clusters
DEBUG    20/07 16:32:10   Checking if antismash.detection.hmm_detection should be run
INFO     20/07 16:32:10   Running antismash.detection.hmm_detection
INFO     20/07 16:32:10   HMM detection using strictness: relaxed
DEBUG    20/07 16:32:12   0 rule-based cluster(s) found in record
DEBUG    20/07 16:32:12   0 protoclusters found
DEBUG    20/07 16:32:12   0 subregions found
INFO     20/07 16:32:12   No regions detected, skipping record
INFO     20/07 16:32:12   Analysing record: NZ_REEZ01000006.1
INFO     20/07 16:32:12   Detecting secondary metabolite clusters
DEBUG    20/07 16:32:12   Checking if antismash.detection.hmm_detection should be run
INFO     20/07 16:32:12   Running antismash.detection.hmm_detection
INFO     20/07 16:32:12   HMM detection using strictness: relaxed
DEBUG    20/07 16:32:14   0 rule-based cluster(s) found in record
DEBUG    20/07 16:32:14   0 protoclusters found
DEBUG    20/07 16:32:14   0 subregions found
INFO     20/07 16:32:14   No regions detected, skipping record
INFO     20/07 16:32:14   Analysing record: NZ_REEZ01000007.1
INFO     20/07 16:32:14   Detecting secondary metabolite clusters
DEBUG    20/07 16:32:14   Checking if antismash.detection.hmm_detection should be run
INFO     20/07 16:32:14   Running antismash.detection.hmm_detection
INFO     20/07 16:32:14   HMM detection using strictness: relaxed
DEBUG    20/07 16:32:16   0 rule-based cluster(s) found in record
DEBUG    20/07 16:32:16   0 protoclusters found
DEBUG    20/07 16:32:16   0 subregions found
INFO     20/07 16:32:16   No regions detected, skipping record
INFO     20/07 16:32:16   Analysing record: NZ_REEZ01000008.1
INFO     20/07 16:32:16   Detecting secondary metabolite clusters
DEBUG    20/07 16:32:16   Checking if antismash.detection.hmm_detection should be run
INFO     20/07 16:32:16   Running antismash.detection.hmm_detection
INFO     20/07 16:32:16   HMM detection using strictness: relaxed
DEBUG    20/07 16:32:18   0 rule-based cluster(s) found in record
DEBUG    20/07 16:32:18   0 protoclusters found
DEBUG    20/07 16:32:18   0 subregions found
INFO     20/07 16:32:18   No regions detected, skipping record
INFO     20/07 16:32:18   Analysing record: NZ_REEZ01000009.1
INFO     20/07 16:32:18   Detecting secondary metabolite clusters
DEBUG    20/07 16:32:18   Checking if antismash.detection.hmm_detection should be run
INFO     20/07 16:32:18   Running antismash.detection.hmm_detection
INFO     20/07 16:32:18   HMM detection using strictness: relaxed
DEBUG    20/07 16:32:19   0 rule-based cluster(s) found in record
DEBUG    20/07 16:32:19   0 protoclusters found
DEBUG    20/07 16:32:19   0 subregions found
INFO     20/07 16:32:19   No regions detected, skipping record
DEBUG    20/07 16:32:19   Writing json results to '/data/antismash/upload/bacteria-0bbeb631-b566-4607-b56f-6381ed9a36c9/GCF_003990445.1_Pararhodobacter_zhoushanensis_ZQ420.json'
DEBUG    20/07 16:32:19   Record NZ_REEZ01000001.1 has results for modules: hmm_detection
DEBUG    20/07 16:32:19   Converting antismash.detection.hmm_detection results to json
DEBUG    20/07 16:32:19   Record NZ_REEZ01000010.1 has results for modules: hmm_detection
DEBUG    20/07 16:32:19   Converting antismash.detection.hmm_detection results to json
DEBUG    20/07 16:32:19   Record NZ_REEZ01000011.1 has results for modules: hmm_detection
DEBUG    20/07 16:32:19   Converting antismash.detection.hmm_detection results to json
DEBUG    20/07 16:32:19   Record NZ_REEZ01000012.1 has results for modules: hmm_detection
DEBUG    20/07 16:32:19   Converting antismash.detection.hmm_detection results to json
DEBUG    20/07 16:32:19   Record NZ_REEZ01000013.1 has results for modules: hmm_detection
DEBUG    20/07 16:32:19   Converting antismash.detection.hmm_detection results to json
DEBUG    20/07 16:32:19   Record NZ_REEZ01000014.1 has results for modules: hmm_detection
DEBUG    20/07 16:32:19   Converting antismash.detection.hmm_detection results to json
DEBUG    20/07 16:32:19   Record NZ_REEZ01000015.1 has results for modules: hmm_detection
DEBUG    20/07 16:32:19   Converting antismash.detection.hmm_detection results to json
DEBUG    20/07 16:32:19   Record NZ_REEZ01000016.1 has results for modules: hmm_detection
DEBUG    20/07 16:32:19   Converting antismash.detection.hmm_detection results to json
DEBUG    20/07 16:32:19   Record NZ_REEZ01000017.1 has results for modules: hmm_detection
DEBUG    20/07 16:32:19   Converting antismash.detection.hmm_detection results to json
DEBUG    20/07 16:32:19   Record NZ_REEZ01000018.1 has results for modules: hmm_detection
DEBUG    20/07 16:32:19   Converting antismash.detection.hmm_detection results to json
DEBUG    20/07 16:32:19   Record NZ_REEZ01000019.1 has results for modules: hmm_detection
DEBUG    20/07 16:32:19   Converting antismash.detection.hmm_detection results to json
DEBUG    20/07 16:32:19   Record NZ_REEZ01000002.1 has results for modules: hmm_detection
DEBUG    20/07 16:32:19   Converting antismash.detection.hmm_detection results to json
DEBUG    20/07 16:32:19   Record NZ_REEZ01000020.1 has results for modules: hmm_detection
DEBUG    20/07 16:32:19   Converting antismash.detection.hmm_detection results to json
DEBUG    20/07 16:32:19   Record NZ_REEZ01000021.1 has results for modules: hmm_detection
DEBUG    20/07 16:32:19   Converting antismash.detection.hmm_detection results to json
DEBUG    20/07 16:32:19   Record NZ_REEZ01000022.1 has results for modules: hmm_detection
DEBUG    20/07 16:32:19   Converting antismash.detection.hmm_detection results to json
DEBUG    20/07 16:32:19   Record NZ_REEZ01000023.1 has results for modules: hmm_detection
DEBUG    20/07 16:32:19   Converting antismash.detection.hmm_detection results to json
DEBUG    20/07 16:32:19   Record NZ_REEZ01000024.1 has results for modules: hmm_detection
DEBUG    20/07 16:32:19   Converting antismash.detection.hmm_detection results to json
DEBUG    20/07 16:32:19   Record NZ_REEZ01000025.1 has results for modules: hmm_detection
DEBUG    20/07 16:32:19   Converting antismash.detection.hmm_detection results to json
DEBUG    20/07 16:32:19   Record NZ_REEZ01000026.1 has results for modules: hmm_detection
DEBUG    20/07 16:32:19   Converting antismash.detection.hmm_detection results to json
DEBUG    20/07 16:32:19   Record NZ_REEZ01000027.1 has results for modules: hmm_detection
DEBUG    20/07 16:32:19   Converting antismash.detection.hmm_detection results to json
DEBUG    20/07 16:32:19   Record NZ_REEZ01000029.1 has results for modules: hmm_detection
DEBUG    20/07 16:32:19   Converting antismash.detection.hmm_detection results to json
DEBUG    20/07 16:32:19   Record NZ_REEZ01000003.1 has results for modules: hmm_detection, cluster_hmmer, genefunctions, nrps_pks_domains, tigrfam, active_site_finder, cluster_compare, clusterblast, lanthipeptides, lassopeptides, nrps_pks, pfam2go, rrefinder, sactipeptides, t2pks, tfbs_finder, thiopeptides, tta
DEBUG    20/07 16:32:19   Converting antismash.detection.hmm_detection results to json
DEBUG    20/07 16:32:19   Converting antismash.detection.cluster_hmmer results to json
DEBUG    20/07 16:32:19   Converting antismash.detection.genefunctions results to json
DEBUG    20/07 16:32:19   Converting antismash.detection.nrps_pks_domains results to json
DEBUG    20/07 16:32:19   Converting antismash.detection.tigrfam results to json
DEBUG    20/07 16:32:19   Converting antismash.modules.active_site_finder results to json
DEBUG    20/07 16:32:19   Converting antismash.modules.cluster_compare results to json
DEBUG    20/07 16:32:19   Converting antismash.modules.clusterblast results to json
DEBUG    20/07 16:32:19   Converting antismash.modules.lanthipeptides results to json
DEBUG    20/07 16:32:19   Converting antismash.modules.lassopeptides results to json
DEBUG    20/07 16:32:19   Converting antismash.modules.nrps_pks results to json
DEBUG    20/07 16:32:19   Converting antismash.modules.pfam2go results to json
DEBUG    20/07 16:32:19   Converting antismash.modules.rrefinder results to json
DEBUG    20/07 16:32:19   Converting antismash.modules.sactipeptides results to json
DEBUG    20/07 16:32:19   Converting antismash.modules.t2pks results to json
DEBUG    20/07 16:32:19   Converting antismash.modules.tfbs_finder results to json
DEBUG    20/07 16:32:19   Converting antismash.modules.thiopeptides results to json
DEBUG    20/07 16:32:19   Converting antismash.modules.tta results to json
DEBUG    20/07 16:32:19   Record NZ_REEZ01000030.1 has results for modules: hmm_detection
DEBUG    20/07 16:32:19   Converting antismash.detection.hmm_detection results to json
DEBUG    20/07 16:32:19   Record NZ_REEZ01000031.1 has results for modules: hmm_detection
DEBUG    20/07 16:32:19   Converting antismash.detection.hmm_detection results to json
DEBUG    20/07 16:32:19   Record NZ_REEZ01000004.1 has results for modules: hmm_detection, cluster_hmmer, genefunctions, nrps_pks_domains, tigrfam, active_site_finder, cluster_compare, clusterblast, lanthipeptides, lassopeptides, nrps_pks, pfam2go, rrefinder, sactipeptides, t2pks, tfbs_finder, thiopeptides
DEBUG    20/07 16:32:19   Converting antismash.detection.hmm_detection results to json
DEBUG    20/07 16:32:19   Converting antismash.detection.cluster_hmmer results to json
DEBUG    20/07 16:32:19   Converting antismash.detection.genefunctions results to json
DEBUG    20/07 16:32:19   Converting antismash.detection.nrps_pks_domains results to json
DEBUG    20/07 16:32:19   Converting antismash.detection.tigrfam results to json
DEBUG    20/07 16:32:19   Converting antismash.modules.active_site_finder results to json
DEBUG    20/07 16:32:19   Converting antismash.modules.cluster_compare results to json
DEBUG    20/07 16:32:19   Converting antismash.modules.clusterblast results to json
DEBUG    20/07 16:32:19   Converting antismash.modules.lanthipeptides results to json
DEBUG    20/07 16:32:19   Converting antismash.modules.lassopeptides results to json
DEBUG    20/07 16:32:19   Converting antismash.modules.nrps_pks results to json
DEBUG    20/07 16:32:19   Converting antismash.modules.pfam2go results to json
DEBUG    20/07 16:32:19   Converting antismash.modules.rrefinder results to json
DEBUG    20/07 16:32:19   Converting antismash.modules.sactipeptides results to json
DEBUG    20/07 16:32:19   Converting antismash.modules.t2pks results to json
DEBUG    20/07 16:32:19   Converting antismash.modules.tfbs_finder results to json
DEBUG    20/07 16:32:19   Converting antismash.modules.thiopeptides results to json
DEBUG    20/07 16:32:19   Converting antismash.modules.tta results to json
DEBUG    20/07 16:32:19   Record NZ_REEZ01000005.1 has results for modules: hmm_detection
DEBUG    20/07 16:32:19   Converting antismash.detection.hmm_detection results to json
DEBUG    20/07 16:32:19   Record NZ_REEZ01000006.1 has results for modules: hmm_detection
DEBUG    20/07 16:32:19   Converting antismash.detection.hmm_detection results to json
DEBUG    20/07 16:32:19   Record NZ_REEZ01000007.1 has results for modules: hmm_detection
DEBUG    20/07 16:32:19   Converting antismash.detection.hmm_detection results to json
DEBUG    20/07 16:32:19   Record NZ_REEZ01000008.1 has results for modules: hmm_detection
DEBUG    20/07 16:32:19   Converting antismash.detection.hmm_detection results to json
DEBUG    20/07 16:32:19   Record NZ_REEZ01000009.1 has results for modules: hmm_detection
DEBUG    20/07 16:32:19   Converting antismash.detection.hmm_detection results to json
DEBUG    20/07 16:32:19   Not annotating skipped record NZ_REEZ01000001.1: No regions detected
DEBUG    20/07 16:32:19   Not annotating skipped record NZ_REEZ01000010.1: No regions detected
DEBUG    20/07 16:32:19   Not annotating skipped record NZ_REEZ01000011.1: No regions detected
DEBUG    20/07 16:32:19   Not annotating skipped record NZ_REEZ01000012.1: No regions detected
DEBUG    20/07 16:32:19   Not annotating skipped record NZ_REEZ01000013.1: No regions detected
DEBUG    20/07 16:32:19   Not annotating skipped record NZ_REEZ01000014.1: No regions detected
DEBUG    20/07 16:32:19   Not annotating skipped record NZ_REEZ01000015.1: No regions detected
DEBUG    20/07 16:32:19   Not annotating skipped record NZ_REEZ01000016.1: No regions detected
DEBUG    20/07 16:32:19   Not annotating skipped record NZ_REEZ01000017.1: No regions detected
DEBUG    20/07 16:32:19   Not annotating skipped record NZ_REEZ01000018.1: No regions detected
DEBUG    20/07 16:32:19   Not annotating skipped record NZ_REEZ01000019.1: No regions detected
DEBUG    20/07 16:32:19   Not annotating skipped record NZ_REEZ01000002.1: No regions detected
DEBUG    20/07 16:32:19   Not annotating skipped record NZ_REEZ01000020.1: No regions detected
DEBUG    20/07 16:32:19   Not annotating skipped record NZ_REEZ01000021.1: No regions detected
DEBUG    20/07 16:32:19   Not annotating skipped record NZ_REEZ01000022.1: No regions detected
DEBUG    20/07 16:32:19   Not annotating skipped record NZ_REEZ01000023.1: No regions detected
DEBUG    20/07 16:32:19   Not annotating skipped record NZ_REEZ01000024.1: No regions detected
DEBUG    20/07 16:32:19   Not annotating skipped record NZ_REEZ01000025.1: No regions detected
DEBUG    20/07 16:32:19   Not annotating skipped record NZ_REEZ01000026.1: No regions detected
DEBUG    20/07 16:32:19   Not annotating skipped record NZ_REEZ01000027.1: No regions detected
DEBUG    20/07 16:32:19   Not annotating skipped record NZ_REEZ01000028.1: No genes found
DEBUG    20/07 16:32:19   Not annotating skipped record NZ_REEZ01000029.1: No regions detected
DEBUG    20/07 16:32:19   Annotating record NZ_REEZ01000003.1 with results from: hmm_detection, cluster_hmmer, genefunctions, nrps_pks_domains, tigrfam, active_site_finder, cluster_compare, clusterblast, lanthipeptides, lassopeptides, nrps_pks, pfam2go, rrefinder, sactipeptides, t2pks, tfbs_finder, thiopeptides, tta
DEBUG    20/07 16:32:19    Adding results from antismash.modules.active_site_finder
DEBUG    20/07 16:32:19    Adding results from antismash.modules.cluster_compare
DEBUG    20/07 16:32:19    Adding results from antismash.modules.clusterblast
DEBUG    20/07 16:32:19    Adding results from antismash.modules.lanthipeptides
DEBUG    20/07 16:32:19    Adding results from antismash.modules.lassopeptides
DEBUG    20/07 16:32:19    Adding results from antismash.modules.nrps_pks
DEBUG    20/07 16:32:19    Adding results from antismash.modules.pfam2go
DEBUG    20/07 16:32:19    Adding results from antismash.modules.rrefinder
DEBUG    20/07 16:32:19    Adding results from antismash.modules.sactipeptides
DEBUG    20/07 16:32:19    Adding results from antismash.modules.t2pks
DEBUG    20/07 16:32:19    Adding results from antismash.modules.tfbs_finder
DEBUG    20/07 16:32:19    Adding results from antismash.modules.thiopeptides
DEBUG    20/07 16:32:19    Adding results from antismash.modules.tta
DEBUG    20/07 16:32:19   Not annotating skipped record NZ_REEZ01000030.1: No regions detected
DEBUG    20/07 16:32:19   Not annotating skipped record NZ_REEZ01000031.1: No regions detected
DEBUG    20/07 16:32:19   Annotating record NZ_REEZ01000004.1 with results from: hmm_detection, cluster_hmmer, genefunctions, nrps_pks_domains, tigrfam, active_site_finder, cluster_compare, clusterblast, lanthipeptides, lassopeptides, nrps_pks, pfam2go, rrefinder, sactipeptides, t2pks, tfbs_finder, thiopeptides, tta
DEBUG    20/07 16:32:19    Adding results from antismash.modules.active_site_finder
DEBUG    20/07 16:32:19    Adding results from antismash.modules.cluster_compare
DEBUG    20/07 16:32:19    Adding results from antismash.modules.clusterblast
DEBUG    20/07 16:32:19    Adding results from antismash.modules.lanthipeptides
DEBUG    20/07 16:32:19    Adding results from antismash.modules.lassopeptides
DEBUG    20/07 16:32:19    Adding results from antismash.modules.nrps_pks
DEBUG    20/07 16:32:19    Adding results from antismash.modules.pfam2go
DEBUG    20/07 16:32:19    Adding results from antismash.modules.rrefinder
DEBUG    20/07 16:32:19    Adding results from antismash.modules.sactipeptides
DEBUG    20/07 16:32:19    Adding results from antismash.modules.t2pks
DEBUG    20/07 16:32:19    Adding results from antismash.modules.tfbs_finder
DEBUG    20/07 16:32:19    Adding results from antismash.modules.thiopeptides
DEBUG    20/07 16:32:19    Adding results from antismash.modules.tta
DEBUG    20/07 16:32:19   Not annotating skipped record NZ_REEZ01000005.1: No regions detected
DEBUG    20/07 16:32:19   Not annotating skipped record NZ_REEZ01000006.1: No regions detected
DEBUG    20/07 16:32:19   Not annotating skipped record NZ_REEZ01000007.1: No regions detected
DEBUG    20/07 16:32:19   Not annotating skipped record NZ_REEZ01000008.1: No regions detected
DEBUG    20/07 16:32:19   Not annotating skipped record NZ_REEZ01000009.1: No regions detected
DEBUG    20/07 16:32:19   Creating results page
DEBUG    20/07 16:32:19   Results page using antismash.js from local copy: /databases/as-js/0.13/antismash.js
DEBUG    20/07 16:32:22   Creating results SVGs
DEBUG    20/07 16:32:22   Writing seq_records SVGs to '/data/antismash/upload/bacteria-0bbeb631-b566-4607-b56f-6381ed9a36c9/svg'
DEBUG    20/07 16:32:22   Writing cluster-specific genbank files
DEBUG    20/07 16:32:22   Writing final genbank file to '/data/antismash/upload/bacteria-0bbeb631-b566-4607-b56f-6381ed9a36c9/GCF_003990445.1_Pararhodobacter_zhoushanensis_ZQ420.gbk'
DEBUG    20/07 16:32:22   Zipping output to '/data/antismash/upload/bacteria-0bbeb631-b566-4607-b56f-6381ed9a36c9/GCF_003990445.1_Pararhodobacter_zhoushanensis_ZQ420.zip'
