INFO     20/07 19:23:52   antiSMASH version: 7.0.0
INFO     20/07 19:23:52   diamond using executable: /usr/bin/diamond-aligner (2.0.7)
INFO     20/07 19:23:52   hmmpfam2 using executable: /usr/bin/hmm2pfam (2.3.2)
INFO     20/07 19:23:52   fasttree using executable: /usr/bin/fasttree
INFO     20/07 19:23:52   hmmsearch using executable: /usr/bin/hmmsearch (3.3.2)
INFO     20/07 19:23:52   hmmpress using executable: /usr/bin/hmmpress (3.3.2)
INFO     20/07 19:23:52   hmmscan using executable: /usr/bin/hmmscan (3.3.2)
INFO     20/07 19:23:53   meme using executable: /usr/bin/meme (4.11.2)
INFO     20/07 19:23:53   fimo using executable: /usr/bin/fimo (4.11.2)
INFO     20/07 19:23:53   glimmerhmm using executable: /usr/bin/glimmerhmm
INFO     20/07 19:23:53   prodigal using executable: /usr/bin/prodigal (V2.6.3)
INFO     20/07 19:23:53   blastp using executable: /usr/bin/blastp (2.11.0+)
INFO     20/07 19:23:53   makeblastdb using executable: /usr/bin/makeblastdb (2.11.0+)
DEBUG    20/07 19:23:53   Checking prerequisites for antismash.detection.hmm_detection
DEBUG    20/07 19:23:53   Found file '/usr/local/lib/python3.9/dist-packages/antismash/detection/hmm_detection/data/bgc_seeds.hmm'
DEBUG    20/07 19:23:53   Found file '/usr/local/lib/python3.9/dist-packages/antismash/detection/hmm_detection/data/bgc_seeds.hmm.h3f'
DEBUG    20/07 19:23:53   Found file '/usr/local/lib/python3.9/dist-packages/antismash/detection/hmm_detection/data/bgc_seeds.hmm.h3i'
DEBUG    20/07 19:23:53   Found file '/usr/local/lib/python3.9/dist-packages/antismash/detection/hmm_detection/data/bgc_seeds.hmm.h3m'
DEBUG    20/07 19:23:53   Found file '/usr/local/lib/python3.9/dist-packages/antismash/detection/hmm_detection/data/bgc_seeds.hmm.h3p'
DEBUG    20/07 19:23:53   Checking prerequisites for antismash.detection.cluster_hmmer
DEBUG    20/07 19:23:53   Found file '/databases/pfam/34.0/Pfam-A.hmm'
DEBUG    20/07 19:23:53   Found file '/databases/pfam/34.0/Pfam-A.hmm.h3f'
DEBUG    20/07 19:23:53   Found file '/databases/pfam/34.0/Pfam-A.hmm.h3i'
DEBUG    20/07 19:23:53   Found file '/databases/pfam/34.0/Pfam-A.hmm.h3m'
DEBUG    20/07 19:23:53   Found file '/databases/pfam/34.0/Pfam-A.hmm.h3p'
DEBUG    20/07 19:23:53   Checking prerequisites for antismash.detection.genefunctions
DEBUG    20/07 19:23:53   Found file '/databases/resfam/Resfams.hmm'
DEBUG    20/07 19:23:53   Found file '/usr/local/lib/python3.9/dist-packages/antismash/detection/genefunctions/data/smcogs.hmm.h3f'
DEBUG    20/07 19:23:53   Found file '/usr/local/lib/python3.9/dist-packages/antismash/detection/genefunctions/data/smcogs.hmm.h3i'
DEBUG    20/07 19:23:53   Found file '/usr/local/lib/python3.9/dist-packages/antismash/detection/genefunctions/data/smcogs.hmm.h3m'
DEBUG    20/07 19:23:53   Found file '/usr/local/lib/python3.9/dist-packages/antismash/detection/genefunctions/data/smcogs.hmm.h3p'
DEBUG    20/07 19:23:53   Found file '/databases/resfam/Resfams.hmm.h3f'
DEBUG    20/07 19:23:53   Found file '/databases/resfam/Resfams.hmm.h3i'
DEBUG    20/07 19:23:53   Found file '/databases/resfam/Resfams.hmm.h3m'
DEBUG    20/07 19:23:53   Found file '/databases/resfam/Resfams.hmm.h3p'
DEBUG    20/07 19:23:53   Checking prerequisites for antismash.detection.nrps_pks_domains
DEBUG    20/07 19:23:53   Found file '/usr/local/lib/python3.9/dist-packages/antismash/detection/nrps_pks_domains/data/abmotifs.hmm.h3f'
DEBUG    20/07 19:23:53   Found file '/usr/local/lib/python3.9/dist-packages/antismash/detection/nrps_pks_domains/data/abmotifs.hmm.h3i'
DEBUG    20/07 19:23:53   Found file '/usr/local/lib/python3.9/dist-packages/antismash/detection/nrps_pks_domains/data/abmotifs.hmm.h3m'
DEBUG    20/07 19:23:53   Found file '/usr/local/lib/python3.9/dist-packages/antismash/detection/nrps_pks_domains/data/abmotifs.hmm.h3p'
DEBUG    20/07 19:23:53   Found file '/usr/local/lib/python3.9/dist-packages/antismash/detection/nrps_pks_domains/data/dockingdomains.hmm.h3f'
DEBUG    20/07 19:23:53   Found file '/usr/local/lib/python3.9/dist-packages/antismash/detection/nrps_pks_domains/data/dockingdomains.hmm.h3i'
DEBUG    20/07 19:23:53   Found file '/usr/local/lib/python3.9/dist-packages/antismash/detection/nrps_pks_domains/data/dockingdomains.hmm.h3m'
DEBUG    20/07 19:23:53   Found file '/usr/local/lib/python3.9/dist-packages/antismash/detection/nrps_pks_domains/data/dockingdomains.hmm.h3p'
DEBUG    20/07 19:23:53   Found file '/usr/local/lib/python3.9/dist-packages/antismash/detection/nrps_pks_domains/data/ksdomains.hmm.h3f'
DEBUG    20/07 19:23:53   Found file '/usr/local/lib/python3.9/dist-packages/antismash/detection/nrps_pks_domains/data/ksdomains.hmm.h3i'
DEBUG    20/07 19:23:53   Found file '/usr/local/lib/python3.9/dist-packages/antismash/detection/nrps_pks_domains/data/ksdomains.hmm.h3m'
DEBUG    20/07 19:23:53   Found file '/usr/local/lib/python3.9/dist-packages/antismash/detection/nrps_pks_domains/data/ksdomains.hmm.h3p'
DEBUG    20/07 19:23:53   Found file '/usr/local/lib/python3.9/dist-packages/antismash/detection/nrps_pks_domains/data/nrpspksdomains.hmm.h3f'
DEBUG    20/07 19:23:53   Found file '/usr/local/lib/python3.9/dist-packages/antismash/detection/nrps_pks_domains/data/nrpspksdomains.hmm.h3i'
DEBUG    20/07 19:23:53   Found file '/usr/local/lib/python3.9/dist-packages/antismash/detection/nrps_pks_domains/data/nrpspksdomains.hmm.h3m'
DEBUG    20/07 19:23:53   Found file '/usr/local/lib/python3.9/dist-packages/antismash/detection/nrps_pks_domains/data/nrpspksdomains.hmm.h3p'
DEBUG    20/07 19:23:53   Found file '/databases/nrps_pks/transATor/2023.02.23/transATor.hmm.h3f'
DEBUG    20/07 19:23:53   Found file '/databases/nrps_pks/transATor/2023.02.23/transATor.hmm.h3i'
DEBUG    20/07 19:23:53   Found file '/databases/nrps_pks/transATor/2023.02.23/transATor.hmm.h3m'
DEBUG    20/07 19:23:53   Found file '/databases/nrps_pks/transATor/2023.02.23/transATor.hmm.h3p'
DEBUG    20/07 19:23:53   Checking prerequisites for antismash.detection.tigrfam
DEBUG    20/07 19:23:53   Found file '/databases/tigrfam/TIGRFam.hmm'
DEBUG    20/07 19:23:53   Found file '/databases/tigrfam/TIGRFam.hmm.h3f'
DEBUG    20/07 19:23:53   Found file '/databases/tigrfam/TIGRFam.hmm.h3i'
DEBUG    20/07 19:23:53   Found file '/databases/tigrfam/TIGRFam.hmm.h3m'
DEBUG    20/07 19:23:53   Found file '/databases/tigrfam/TIGRFam.hmm.h3p'
DEBUG    20/07 19:23:53   Checking prerequisites for antismash.modules.active_site_finder
DEBUG    20/07 19:23:53   Found file '/usr/local/lib/python3.9/dist-packages/antismash/modules/active_site_finder/data/PKSI-KR.hmm2'
DEBUG    20/07 19:23:53   Found file '/usr/local/lib/python3.9/dist-packages/antismash/modules/active_site_finder/data/PKSI-KS_N.hmm2'
DEBUG    20/07 19:23:53   Found file '/usr/local/lib/python3.9/dist-packages/antismash/modules/active_site_finder/data/PKSI-KS_C.hmm2'
DEBUG    20/07 19:23:53   Found file '/usr/local/lib/python3.9/dist-packages/antismash/modules/active_site_finder/data/PKSI-AT.hmm2'
DEBUG    20/07 19:23:53   Found file '/usr/local/lib/python3.9/dist-packages/antismash/modules/active_site_finder/data/PKSI-ACP.hmm2'
DEBUG    20/07 19:23:53   Found file '/usr/local/lib/python3.9/dist-packages/antismash/modules/active_site_finder/data/PKSI-DH.hmm2'
DEBUG    20/07 19:23:53   Found file '/usr/local/lib/python3.9/dist-packages/antismash/modules/active_site_finder/data/Thioesterase.hmm2'
DEBUG    20/07 19:23:53   Found file '/usr/local/lib/python3.9/dist-packages/antismash/modules/active_site_finder/data/PKSI-ER.hmm2'
DEBUG    20/07 19:23:53   Found file '/usr/local/lib/python3.9/dist-packages/antismash/modules/active_site_finder/data/p450.hmm2'
DEBUG    20/07 19:23:53   Checking prerequisites for antismash.modules.cluster_compare
DEBUG    20/07 19:23:53   Found file '/databases/clustercompare/mibig/3.1/data.json'
DEBUG    20/07 19:23:53   Found file '/databases/clustercompare/mibig/3.1/proteins.fasta'
DEBUG    20/07 19:23:53   Found file '/databases/clustercompare/mibig/3.1/proteins.dmnd'
DEBUG    20/07 19:23:53   Found file '/databases/clustercompare/mibig/3.1/proteins.dmnd'
DEBUG    20/07 19:23:53   Checking prerequisites for antismash.modules.clusterblast
DEBUG    20/07 19:23:53   Found file '/databases/knownclusterblast/3.1/clusters.txt'
DEBUG    20/07 19:23:53   Found file '/databases/knownclusterblast/3.1/proteins.fasta'
DEBUG    20/07 19:23:53   Found file '/databases/knownclusterblast/3.1/proteins.dmnd'
DEBUG    20/07 19:23:53   Found file '/databases/knownclusterblast/3.1/proteins.dmnd'
DEBUG    20/07 19:23:53   Found file '/databases/clusterblast/clusters.txt'
DEBUG    20/07 19:23:53   Found file '/databases/clusterblast/proteins.fasta'
DEBUG    20/07 19:23:53   Found file '/databases/clusterblast/proteins.dmnd'
DEBUG    20/07 19:23:53   Found file '/databases/clusterblast/proteins.dmnd'
DEBUG    20/07 19:23:53   Found file '/usr/local/lib/python3.9/dist-packages/antismash/modules/clusterblast/data/sub/proteins.fasta'
DEBUG    20/07 19:23:53   Found file '/usr/local/lib/python3.9/dist-packages/antismash/modules/clusterblast/data/sub/proteins.fasta.phr'
DEBUG    20/07 19:23:53   Found file '/usr/local/lib/python3.9/dist-packages/antismash/modules/clusterblast/data/sub/proteins.fasta.pin'
DEBUG    20/07 19:23:53   Found file '/usr/local/lib/python3.9/dist-packages/antismash/modules/clusterblast/data/sub/proteins.fasta.psq'
DEBUG    20/07 19:23:53   Found file '/usr/local/lib/python3.9/dist-packages/antismash/modules/clusterblast/data/sub/clusters.txt'
DEBUG    20/07 19:23:53   Checking prerequisites for antismash.modules.lanthipeptides
DEBUG    20/07 19:23:53   Found file '/databases/comparippson/asdb/3.0/cores.fa.pdb'
DEBUG    20/07 19:23:53   Found file '/databases/comparippson/asdb/3.0/cores.fa.phr'
DEBUG    20/07 19:23:53   Found file '/databases/comparippson/asdb/3.0/cores.fa.pin'
DEBUG    20/07 19:23:53   Found file '/databases/comparippson/asdb/3.0/cores.fa.pot'
DEBUG    20/07 19:23:53   Found file '/databases/comparippson/asdb/3.0/cores.fa.psq'
DEBUG    20/07 19:23:53   Found file '/databases/comparippson/asdb/3.0/cores.fa.ptf'
DEBUG    20/07 19:23:53   Found file '/databases/comparippson/asdb/3.0/cores.fa.pto'
DEBUG    20/07 19:23:53   Found file '/databases/comparippson/mibig/3.1/cores.fa.pdb'
DEBUG    20/07 19:23:53   Found file '/databases/comparippson/mibig/3.1/cores.fa.phr'
DEBUG    20/07 19:23:53   Found file '/databases/comparippson/mibig/3.1/cores.fa.pin'
DEBUG    20/07 19:23:53   Found file '/databases/comparippson/mibig/3.1/cores.fa.pot'
DEBUG    20/07 19:23:53   Found file '/databases/comparippson/mibig/3.1/cores.fa.psq'
DEBUG    20/07 19:23:53   Found file '/databases/comparippson/mibig/3.1/cores.fa.ptf'
DEBUG    20/07 19:23:53   Found file '/databases/comparippson/mibig/3.1/cores.fa.pto'
DEBUG    20/07 19:23:53   Checking prerequisites for antismash.modules.lassopeptides
DEBUG    20/07 19:23:53   Checking prerequisites for antismash.modules.nrps_pks
DEBUG    20/07 19:23:53   Found existing cache for /usr/local/lib/python3.9/dist-packages/antismash/modules/nrps_pks/data/terminals/cterm.fasta
DEBUG    20/07 19:23:53   Found existing cache for /usr/local/lib/python3.9/dist-packages/antismash/modules/nrps_pks/data/terminals/nterm.fasta
DEBUG    20/07 19:23:54   Found existing cache for /usr/local/lib/python3.9/dist-packages/antismash/modules/nrps_pks/at_analysis/data/AT_domains_muscle.fasta
DEBUG    20/07 19:23:54   Found existing cache for /usr/local/lib/python3.9/dist-packages/antismash/modules/nrps_pks/kr_analysis/data/KRdomains_muscle.fasta
DEBUG    20/07 19:23:54   Found existing cache for /usr/local/lib/python3.9/dist-packages/antismash/modules/nrps_pks/minowa/data/AT_domains_muscle.fasta
DEBUG    20/07 19:23:54   Found existing cache for /usr/local/lib/python3.9/dist-packages/antismash/modules/nrps_pks/minowa/data/CAL_domains_muscle.fasta
DEBUG    20/07 19:23:54   Checking prerequisites for antismash.modules.pfam2go
DEBUG    20/07 19:23:54   Found file '/usr/local/lib/python3.9/dist-packages/antismash/modules/pfam2go/data/pfam2go.txt'
DEBUG    20/07 19:23:54   Checking prerequisites for antismash.modules.rrefinder
DEBUG    20/07 19:23:54   Found file '/usr/local/lib/python3.9/dist-packages/antismash/modules/rrefinder/data/RREFam.hmm.h3f'
DEBUG    20/07 19:23:54   Found file '/usr/local/lib/python3.9/dist-packages/antismash/modules/rrefinder/data/RREFam.hmm.h3i'
DEBUG    20/07 19:23:54   Found file '/usr/local/lib/python3.9/dist-packages/antismash/modules/rrefinder/data/RREFam.hmm.h3m'
DEBUG    20/07 19:23:54   Found file '/usr/local/lib/python3.9/dist-packages/antismash/modules/rrefinder/data/RREFam.hmm.h3p'
DEBUG    20/07 19:23:54   Checking prerequisites for antismash.modules.sactipeptides
DEBUG    20/07 19:23:54   Checking prerequisites for antismash.modules.t2pks
DEBUG    20/07 19:23:54   Found file '/usr/local/lib/python3.9/dist-packages/antismash/modules/t2pks/data/KSIII.fasta'
DEBUG    20/07 19:23:54   Found file '/usr/local/lib/python3.9/dist-packages/antismash/modules/t2pks/data/KSIII.phr'
DEBUG    20/07 19:23:54   Found file '/usr/local/lib/python3.9/dist-packages/antismash/modules/t2pks/data/KSIII.pin'
DEBUG    20/07 19:23:54   Found file '/usr/local/lib/python3.9/dist-packages/antismash/modules/t2pks/data/KSIII.psq'
DEBUG    20/07 19:23:54   Found file '/usr/local/lib/python3.9/dist-packages/antismash/modules/t2pks/data/AT.fasta'
DEBUG    20/07 19:23:54   Found file '/usr/local/lib/python3.9/dist-packages/antismash/modules/t2pks/data/AT.phr'
DEBUG    20/07 19:23:54   Found file '/usr/local/lib/python3.9/dist-packages/antismash/modules/t2pks/data/AT.pin'
DEBUG    20/07 19:23:54   Found file '/usr/local/lib/python3.9/dist-packages/antismash/modules/t2pks/data/AT.psq'
DEBUG    20/07 19:23:54   Found file '/usr/local/lib/python3.9/dist-packages/antismash/modules/t2pks/data/LIG.fasta'
DEBUG    20/07 19:23:54   Found file '/usr/local/lib/python3.9/dist-packages/antismash/modules/t2pks/data/LIG.phr'
DEBUG    20/07 19:23:54   Found file '/usr/local/lib/python3.9/dist-packages/antismash/modules/t2pks/data/LIG.pin'
DEBUG    20/07 19:23:54   Found file '/usr/local/lib/python3.9/dist-packages/antismash/modules/t2pks/data/LIG.psq'
DEBUG    20/07 19:23:54   Found file '/usr/local/lib/python3.9/dist-packages/antismash/modules/t2pks/data/t2pks.hmm.h3f'
DEBUG    20/07 19:23:54   Found file '/usr/local/lib/python3.9/dist-packages/antismash/modules/t2pks/data/t2pks.hmm.h3i'
DEBUG    20/07 19:23:54   Found file '/usr/local/lib/python3.9/dist-packages/antismash/modules/t2pks/data/t2pks.hmm.h3m'
DEBUG    20/07 19:23:54   Found file '/usr/local/lib/python3.9/dist-packages/antismash/modules/t2pks/data/t2pks.hmm.h3p'
DEBUG    20/07 19:23:54   Checking prerequisites for antismash.modules.tfbs_finder
DEBUG    20/07 19:23:54   Found file '/usr/local/lib/python3.9/dist-packages/antismash/modules/tfbs_finder/data/PWMs.json'
DEBUG    20/07 19:23:54   Checking prerequisites for antismash.modules.thiopeptides
DEBUG    20/07 19:23:54   Found file '/usr/local/lib/python3.9/dist-packages/antismash/modules/thiopeptides/data/thiopep3.hmm.h3f'
DEBUG    20/07 19:23:54   Found file '/usr/local/lib/python3.9/dist-packages/antismash/modules/thiopeptides/data/thiopep3.hmm.h3i'
DEBUG    20/07 19:23:54   Found file '/usr/local/lib/python3.9/dist-packages/antismash/modules/thiopeptides/data/thiopep3.hmm.h3m'
DEBUG    20/07 19:23:54   Found file '/usr/local/lib/python3.9/dist-packages/antismash/modules/thiopeptides/data/thiopep3.hmm.h3p'
DEBUG    20/07 19:23:54   Checking prerequisites for antismash.modules.tta
DEBUG    20/07 19:23:54   Checking prerequisites for antismash.outputs.html
DEBUG    20/07 19:23:54   Found file '/usr/local/lib/python3.9/dist-packages/antismash/outputs/html/css/bacteria.css'
DEBUG    20/07 19:23:54   Found file '/usr/local/lib/python3.9/dist-packages/antismash/outputs/html/css/fungi.css'
DEBUG    20/07 19:23:54   Found file '/usr/local/lib/python3.9/dist-packages/antismash/outputs/html/css/plants.css'
DEBUG    20/07 19:23:54   Checking prerequisites for antismash.support.genefinding
DEBUG    20/07 19:23:54   Checking options for antismash.detection.hmm_detection
DEBUG    20/07 19:23:54   Checking options for antismash.detection.cluster_hmmer
DEBUG    20/07 19:23:54   Found file '/databases/pfam/34.0/Pfam-A.hmm'
DEBUG    20/07 19:23:54   Found file '/databases/pfam/34.0/Pfam-A.hmm.h3f'
DEBUG    20/07 19:23:54   Found file '/databases/pfam/34.0/Pfam-A.hmm.h3i'
DEBUG    20/07 19:23:54   Found file '/databases/pfam/34.0/Pfam-A.hmm.h3m'
DEBUG    20/07 19:23:54   Found file '/databases/pfam/34.0/Pfam-A.hmm.h3p'
DEBUG    20/07 19:23:54   Checking options for antismash.detection.genefunctions
DEBUG    20/07 19:23:54   Checking options for antismash.detection.nrps_pks_domains
DEBUG    20/07 19:23:54   Checking options for antismash.detection.tigrfam
DEBUG    20/07 19:23:54   Checking options for antismash.modules.active_site_finder
DEBUG    20/07 19:23:54   Checking options for antismash.modules.cluster_compare
DEBUG    20/07 19:23:54   Checking options for antismash.modules.clusterblast
DEBUG    20/07 19:23:54   Checking options for antismash.modules.lanthipeptides
DEBUG    20/07 19:23:54   Checking options for antismash.modules.lassopeptides
DEBUG    20/07 19:23:54   Checking options for antismash.modules.nrps_pks
DEBUG    20/07 19:23:54   Checking options for antismash.modules.pfam2go
DEBUG    20/07 19:23:54   Checking options for antismash.modules.rrefinder
DEBUG    20/07 19:23:54   Checking options for antismash.modules.sactipeptides
DEBUG    20/07 19:23:54   Checking options for antismash.modules.t2pks
DEBUG    20/07 19:23:54   Checking options for antismash.modules.tfbs_finder
DEBUG    20/07 19:23:54   Checking options for antismash.modules.thiopeptides
DEBUG    20/07 19:23:54   Checking options for antismash.modules.tta
DEBUG    20/07 19:23:54   Checking options for antismash.outputs.html
DEBUG    20/07 19:23:54   Checking options for antismash.support.genefinding
INFO     20/07 19:23:54   Parsing input sequence '/input/GCF_001884735.1_Natronohydrobacter_thiooxidans_AH01.fna'
DEBUG    20/07 19:23:54   Stripping antiSMASH features and annotations from record: NZ_MJAP01000039.1
DEBUG    20/07 19:23:54   Stripping antiSMASH features and annotations from record: NZ_MJAP01000001.1
DEBUG    20/07 19:23:54   Stripping antiSMASH features and annotations from record: NZ_MJAP01000010.1
DEBUG    20/07 19:23:54   Stripping antiSMASH features and annotations from record: NZ_MJAP01000011.1
DEBUG    20/07 19:23:54   Stripping antiSMASH features and annotations from record: NZ_MJAP01000012.1
DEBUG    20/07 19:23:54   Stripping antiSMASH features and annotations from record: NZ_MJAP01000013.1
DEBUG    20/07 19:23:54   Stripping antiSMASH features and annotations from record: NZ_MJAP01000014.1
DEBUG    20/07 19:23:54   Stripping antiSMASH features and annotations from record: NZ_MJAP01000015.1
DEBUG    20/07 19:23:54   Stripping antiSMASH features and annotations from record: NZ_MJAP01000016.1
DEBUG    20/07 19:23:54   Stripping antiSMASH features and annotations from record: NZ_MJAP01000017.1
DEBUG    20/07 19:23:54   Stripping antiSMASH features and annotations from record: NZ_MJAP01000018.1
DEBUG    20/07 19:23:54   Stripping antiSMASH features and annotations from record: NZ_MJAP01000019.1
DEBUG    20/07 19:23:54   Stripping antiSMASH features and annotations from record: NZ_MJAP01000002.1
DEBUG    20/07 19:23:54   Stripping antiSMASH features and annotations from record: NZ_MJAP01000020.1
DEBUG    20/07 19:23:54   Stripping antiSMASH features and annotations from record: NZ_MJAP01000021.1
DEBUG    20/07 19:23:54   Stripping antiSMASH features and annotations from record: NZ_MJAP01000022.1
DEBUG    20/07 19:23:54   Stripping antiSMASH features and annotations from record: NZ_MJAP01000023.1
DEBUG    20/07 19:23:54   Stripping antiSMASH features and annotations from record: NZ_MJAP01000024.1
DEBUG    20/07 19:23:54   Stripping antiSMASH features and annotations from record: NZ_MJAP01000025.1
DEBUG    20/07 19:23:54   Stripping antiSMASH features and annotations from record: NZ_MJAP01000026.1
DEBUG    20/07 19:23:54   Stripping antiSMASH features and annotations from record: NZ_MJAP01000027.1
DEBUG    20/07 19:23:54   Stripping antiSMASH features and annotations from record: NZ_MJAP01000028.1
DEBUG    20/07 19:23:54   Stripping antiSMASH features and annotations from record: NZ_MJAP01000029.1
DEBUG    20/07 19:23:54   Stripping antiSMASH features and annotations from record: NZ_MJAP01000003.1
DEBUG    20/07 19:23:54   Stripping antiSMASH features and annotations from record: NZ_MJAP01000030.1
DEBUG    20/07 19:23:54   Stripping antiSMASH features and annotations from record: NZ_MJAP01000031.1
DEBUG    20/07 19:23:54   Stripping antiSMASH features and annotations from record: NZ_MJAP01000032.1
DEBUG    20/07 19:23:54   Stripping antiSMASH features and annotations from record: NZ_MJAP01000033.1
DEBUG    20/07 19:23:54   Stripping antiSMASH features and annotations from record: NZ_MJAP01000034.1
DEBUG    20/07 19:23:54   Stripping antiSMASH features and annotations from record: NZ_MJAP01000035.1
DEBUG    20/07 19:23:54   Stripping antiSMASH features and annotations from record: NZ_MJAP01000036.1
DEBUG    20/07 19:23:54   Stripping antiSMASH features and annotations from record: NZ_MJAP01000037.1
DEBUG    20/07 19:23:54   Stripping antiSMASH features and annotations from record: NZ_MJAP01000038.1
DEBUG    20/07 19:23:54   Stripping antiSMASH features and annotations from record: NZ_MJAP01000004.1
DEBUG    20/07 19:23:54   Stripping antiSMASH features and annotations from record: NZ_MJAP01000005.1
DEBUG    20/07 19:23:54   Stripping antiSMASH features and annotations from record: NZ_MJAP01000006.1
DEBUG    20/07 19:23:54   Stripping antiSMASH features and annotations from record: NZ_MJAP01000007.1
DEBUG    20/07 19:23:54   Stripping antiSMASH features and annotations from record: NZ_MJAP01000008.1
DEBUG    20/07 19:23:54   Stripping antiSMASH features and annotations from record: NZ_MJAP01000009.1
DEBUG    20/07 19:23:54   Converting records from biopython to secmet
DEBUG    20/07 19:23:54   Removing existing region genbank files
DEBUG    20/07 19:23:54   Reusing output directory: /data/antismash/upload/bacteria-80216b44-3bef-4830-8f52-56cdad60a54f
DEBUG    20/07 19:23:54   Preprocessing 39 sequences
DEBUG    20/07 19:23:54   Sanitising record ids and sequences
DEBUG    20/07 19:23:54   Removing sequences smaller than 1000 bases
DEBUG    20/07 19:23:54   Ensuring records have CDS features with all required information
INFO     20/07 19:23:54   No CDS features found in record 'NZ_MJAP01000039.1', running gene finding.
DEBUG    20/07 19:23:54   Running prodigal based genefinding
INFO     20/07 19:23:55   No CDS features found in record 'NZ_MJAP01000014.1', running gene finding.
INFO     20/07 19:23:55   No CDS features found in record 'NZ_MJAP01000011.1', running gene finding.
DEBUG    20/07 19:23:55   Running prodigal based genefinding
INFO     20/07 19:23:55   No CDS features found in record 'NZ_MJAP01000017.1', running gene finding.
DEBUG    20/07 19:23:55   Running prodigal based genefinding
DEBUG    20/07 19:23:55   Running prodigal based genefinding
DEBUG    20/07 19:23:55   prodigal found 40 CDS features
INFO     20/07 19:23:55   No CDS features found in record 'NZ_MJAP01000001.1', running gene finding.
DEBUG    20/07 19:23:55   Running prodigal based genefinding
DEBUG    20/07 19:23:55   prodigal found 17 CDS features
INFO     20/07 19:23:55   No CDS features found in record 'NZ_MJAP01000018.1', running gene finding.
DEBUG    20/07 19:23:55   Running prodigal based genefinding
DEBUG    20/07 19:23:55   prodigal found 64 CDS features
INFO     20/07 19:23:55   No CDS features found in record 'NZ_MJAP01000012.1', running gene finding.
DEBUG    20/07 19:23:55   Running prodigal based genefinding
DEBUG    20/07 19:23:55   prodigal found 91 CDS features
INFO     20/07 19:23:55   No CDS features found in record 'NZ_MJAP01000015.1', running gene finding.
DEBUG    20/07 19:23:55   Running prodigal based genefinding
DEBUG    20/07 19:23:55   prodigal found 5 CDS features
INFO     20/07 19:23:55   No CDS features found in record 'NZ_MJAP01000016.1', running gene finding.
DEBUG    20/07 19:23:55   Running prodigal based genefinding
DEBUG    20/07 19:23:55   prodigal found 12 CDS features
INFO     20/07 19:23:55   No CDS features found in record 'NZ_MJAP01000002.1', running gene finding.
DEBUG    20/07 19:23:55   Running prodigal based genefinding
DEBUG    20/07 19:23:55   prodigal found 112 CDS features
INFO     20/07 19:23:55   No CDS features found in record 'NZ_MJAP01000019.1', running gene finding.
DEBUG    20/07 19:23:55   Running prodigal based genefinding
DEBUG    20/07 19:23:56   prodigal found 99 CDS features
INFO     20/07 19:23:56   No CDS features found in record 'NZ_MJAP01000022.1', running gene finding.
DEBUG    20/07 19:23:56   Running prodigal based genefinding
DEBUG    20/07 19:23:56   prodigal found 3 CDS features
INFO     20/07 19:23:56   No CDS features found in record 'NZ_MJAP01000023.1', running gene finding.
DEBUG    20/07 19:23:56   Running prodigal based genefinding
DEBUG    20/07 19:23:56   prodigal found 6 CDS features
INFO     20/07 19:23:56   No CDS features found in record 'NZ_MJAP01000024.1', running gene finding.
DEBUG    20/07 19:23:56   Running prodigal based genefinding
DEBUG    20/07 19:23:56   prodigal found 232 CDS features
INFO     20/07 19:23:56   No CDS features found in record 'NZ_MJAP01000010.1', running gene finding.
DEBUG    20/07 19:23:56   Running prodigal based genefinding
DEBUG    20/07 19:23:56   prodigal found 11 CDS features
INFO     20/07 19:23:56   No CDS features found in record 'NZ_MJAP01000025.1', running gene finding.
DEBUG    20/07 19:23:56   Running prodigal based genefinding
DEBUG    20/07 19:23:56   prodigal found 5 CDS features
INFO     20/07 19:23:56   No CDS features found in record 'NZ_MJAP01000026.1', running gene finding.
DEBUG    20/07 19:23:56   Running prodigal based genefinding
DEBUG    20/07 19:23:57   prodigal found 295 CDS features
INFO     20/07 19:23:57   No CDS features found in record 'NZ_MJAP01000013.1', running gene finding.
DEBUG    20/07 19:23:57   Running prodigal based genefinding
DEBUG    20/07 19:23:57   prodigal found 18 CDS features
INFO     20/07 19:23:57   No CDS features found in record 'NZ_MJAP01000027.1', running gene finding.
DEBUG    20/07 19:23:57   Running prodigal based genefinding
DEBUG    20/07 19:23:57   prodigal found 12 CDS features
INFO     20/07 19:23:57   No CDS features found in record 'NZ_MJAP01000028.1', running gene finding.
DEBUG    20/07 19:23:57   Running prodigal based genefinding
DEBUG    20/07 19:23:57   prodigal found 11 CDS features
INFO     20/07 19:23:57   No CDS features found in record 'NZ_MJAP01000029.1', running gene finding.
DEBUG    20/07 19:23:57   Running prodigal based genefinding
DEBUG    20/07 19:23:57   prodigal found 1 CDS features
INFO     20/07 19:23:57   No CDS features found in record 'NZ_MJAP01000003.1', running gene finding.
DEBUG    20/07 19:23:57   Running prodigal based genefinding
DEBUG    20/07 19:23:57   prodigal found 162 CDS features
INFO     20/07 19:23:57   No CDS features found in record 'NZ_MJAP01000030.1', running gene finding.
DEBUG    20/07 19:23:57   Running prodigal based genefinding
DEBUG    20/07 19:23:57   prodigal found 3 CDS features
INFO     20/07 19:23:57   No CDS features found in record 'NZ_MJAP01000031.1', running gene finding.
DEBUG    20/07 19:23:57   Running prodigal based genefinding
DEBUG    20/07 19:23:57   prodigal found 287 CDS features
INFO     20/07 19:23:57   No CDS features found in record 'NZ_MJAP01000020.1', running gene finding.
DEBUG    20/07 19:23:57   Running prodigal based genefinding
DEBUG    20/07 19:23:57   prodigal found 2 CDS features
INFO     20/07 19:23:57   No CDS features found in record 'NZ_MJAP01000032.1', running gene finding.
DEBUG    20/07 19:23:57   Running prodigal based genefinding
DEBUG    20/07 19:23:58   prodigal found 17 CDS features
INFO     20/07 19:23:58   No CDS features found in record 'NZ_MJAP01000021.1', running gene finding.
DEBUG    20/07 19:23:58   Running prodigal based genefinding
DEBUG    20/07 19:23:58   prodigal found 7 CDS features
INFO     20/07 19:23:58   No CDS features found in record 'NZ_MJAP01000033.1', running gene finding.
DEBUG    20/07 19:23:58   Running prodigal based genefinding
DEBUG    20/07 19:23:58   prodigal found 226 CDS features
INFO     20/07 19:23:58   No CDS features found in record 'NZ_MJAP01000036.1', running gene finding.
DEBUG    20/07 19:23:58   Running prodigal based genefinding
DEBUG    20/07 19:23:58   prodigal found 45 CDS features
INFO     20/07 19:23:58   No CDS features found in record 'NZ_MJAP01000037.1', running gene finding.
DEBUG    20/07 19:23:58   Running prodigal based genefinding
DEBUG    20/07 19:23:59   prodigal found 39 CDS features
INFO     20/07 19:23:59   No CDS features found in record 'NZ_MJAP01000038.1', running gene finding.
DEBUG    20/07 19:23:59   Running prodigal based genefinding
DEBUG    20/07 19:23:59   prodigal found 174 CDS features
INFO     20/07 19:23:59   No CDS features found in record 'NZ_MJAP01000034.1', running gene finding.
DEBUG    20/07 19:23:59   Running prodigal based genefinding
DEBUG    20/07 19:23:59   prodigal found 260 CDS features
INFO     20/07 19:23:59   No CDS features found in record 'NZ_MJAP01000004.1', running gene finding.
DEBUG    20/07 19:23:59   Running prodigal based genefinding
DEBUG    20/07 19:23:59   prodigal found 55 CDS features
INFO     20/07 19:23:59   No CDS features found in record 'NZ_MJAP01000007.1', running gene finding.
DEBUG    20/07 19:23:59   Running prodigal based genefinding
DEBUG    20/07 19:23:59   prodigal found 40 CDS features
INFO     20/07 19:23:59   No CDS features found in record 'NZ_MJAP01000005.1', running gene finding.
DEBUG    20/07 19:23:59   Running prodigal based genefinding
DEBUG    20/07 19:23:59   prodigal found 42 CDS features
INFO     20/07 19:23:59   No CDS features found in record 'NZ_MJAP01000008.1', running gene finding.
DEBUG    20/07 19:23:59   Running prodigal based genefinding
DEBUG    20/07 19:23:59   prodigal found 7 CDS features
INFO     20/07 19:23:59   No CDS features found in record 'NZ_MJAP01000006.1', running gene finding.
DEBUG    20/07 19:23:59   Running prodigal based genefinding
DEBUG    20/07 19:23:59   prodigal found 8 CDS features
INFO     20/07 19:23:59   No CDS features found in record 'NZ_MJAP01000009.1', running gene finding.
DEBUG    20/07 19:23:59   Running prodigal based genefinding
DEBUG    20/07 19:23:59   prodigal found 44 CDS features
DEBUG    20/07 19:24:00   prodigal found 73 CDS features
DEBUG    20/07 19:24:01   prodigal found 631 CDS features
DEBUG    20/07 19:24:03   prodigal found 717 CDS features
INFO     20/07 19:24:03   No CDS features found in record 'NZ_MJAP01000035.1', running gene finding.
DEBUG    20/07 19:24:03   Running prodigal based genefinding
DEBUG    20/07 19:24:04   prodigal found 105 CDS features
INFO     20/07 19:24:04   Analysing record: NZ_MJAP01000039.1
INFO     20/07 19:24:04   Detecting secondary metabolite clusters
DEBUG    20/07 19:24:04   Checking if antismash.detection.hmm_detection should be run
INFO     20/07 19:24:04   Running antismash.detection.hmm_detection
INFO     20/07 19:24:04   HMM detection using strictness: relaxed
DEBUG    20/07 19:24:04   0 rule-based cluster(s) found in record
DEBUG    20/07 19:24:05   0 protoclusters found
DEBUG    20/07 19:24:05   0 subregions found
INFO     20/07 19:24:05   No regions detected, skipping record
INFO     20/07 19:24:05   Analysing record: NZ_MJAP01000001.1
INFO     20/07 19:24:05   Detecting secondary metabolite clusters
DEBUG    20/07 19:24:05   Checking if antismash.detection.hmm_detection should be run
INFO     20/07 19:24:05   Running antismash.detection.hmm_detection
INFO     20/07 19:24:05   HMM detection using strictness: relaxed
DEBUG    20/07 19:24:06   2 rule-based cluster(s) found in record
DEBUG    20/07 19:24:06   2 protoclusters found
DEBUG    20/07 19:24:06   0 subregions found
INFO     20/07 19:24:06   1 region(s) detected in record
DEBUG    20/07 19:24:06   Checking if antismash.detection.cluster_hmmer should be run
INFO     20/07 19:24:06   Running antismash.detection.cluster_hmmer
INFO     20/07 19:24:06   Running cluster PFAM search
DEBUG    20/07 19:24:20   Building name mapping for HMMer database Pfam-A.hmm
DEBUG    20/07 19:24:25   Building cutoff mapping for HMMer database /databases/pfam/34.0/Pfam-A.hmm
DEBUG    20/07 19:24:29   Adding detection results from antismash.detection.cluster_hmmer to record
DEBUG    20/07 19:24:29   Checking if antismash.detection.genefunctions should be run
INFO     20/07 19:24:29   Running antismash.detection.genefunctions
DEBUG    20/07 19:24:32   Adding detection results from antismash.detection.genefunctions to record
DEBUG    20/07 19:24:32   annotating CDS features with resist info: 0 CDSes
DEBUG    20/07 19:24:32   annotating CDS features with smcogs info: 13 CDSes
DEBUG    20/07 19:24:32   Checking if antismash.detection.nrps_pks_domains should be run
INFO     20/07 19:24:32   Running antismash.detection.nrps_pks_domains
DEBUG    20/07 19:24:32   Marking NRPS/PKS CDS features and domains in clusters
DEBUG    20/07 19:24:32   Adding detection results from antismash.detection.nrps_pks_domains to record
DEBUG    20/07 19:24:32   Checking if antismash.detection.tigrfam should be run
INFO     20/07 19:24:32   Running antismash.detection.tigrfam
INFO     20/07 19:24:32   Running TIGRFam search
DEBUG    20/07 19:24:37   Building name mapping for HMMer database TIGRFam.hmm
DEBUG    20/07 19:24:39   Adding detection results from antismash.detection.tigrfam to record
DEBUG    20/07 19:24:39   Checking if antismash.modules.active_site_finder should be run
INFO     20/07 19:24:39   Running antismash.modules.active_site_finder
DEBUG    20/07 19:24:40   Checking if antismash.modules.cluster_compare should be run
INFO     20/07 19:24:40   Running antismash.modules.cluster_compare
DEBUG    20/07 19:24:40   Loading comparison database: MIBiG
DEBUG    20/07 19:24:41   Comparison database loaded
INFO     20/07 19:24:41   Comparing regions to reference database
DEBUG    20/07 19:24:45   Checking if antismash.modules.clusterblast should be run
INFO     20/07 19:24:45   Running antismash.modules.clusterblast
INFO     20/07 19:24:45   Finding internal homologs in each gene cluster...
INFO     20/07 19:24:46   Running ClusterBlast
INFO     20/07 19:24:46   ClusterBlast: Loading gene cluster database into memory...
INFO     20/07 19:24:48   ClusterBlast: Loading gene cluster database proteins into memory...
INFO     20/07 19:25:02   Comparing regions to reference database
INFO     20/07 19:26:16   Running subcluster search
INFO     20/07 19:26:16   SubClusterBlast: Loading gene cluster database into memory...
INFO     20/07 19:26:16   SubClusterBlast: Loading gene cluster database proteins into memory...
INFO     20/07 19:26:18   Running known cluster search
INFO     20/07 19:26:18   KnownClusterBlast: Loading gene cluster database into memory...
INFO     20/07 19:26:18   KnownClusterBlast: Loading gene cluster database proteins into memory...
DEBUG    20/07 19:26:18   Running DIAMOND knowncluster searches..
INFO     20/07 19:26:18   Comparing regions to reference database
DEBUG    20/07 19:26:23   Checking if antismash.modules.lanthipeptides should be run
INFO     20/07 19:26:23   Running antismash.modules.lanthipeptides
DEBUG    20/07 19:26:23   Lanthipeptide module marked 0 motifs
DEBUG    20/07 19:26:25   Checking if antismash.modules.lassopeptides should be run
INFO     20/07 19:26:25   Running antismash.modules.lassopeptides
DEBUG    20/07 19:26:26   Lassopeptide module marked 0 motifs
DEBUG    20/07 19:26:26   Checking if antismash.modules.nrps_pks should be run
INFO     20/07 19:26:26   Running antismash.modules.nrps_pks
INFO     20/07 19:26:26   Predicting PKS AT domain substrate specificities by Yadav et al. PKS signature sequences
INFO     20/07 19:26:26   Predicting PKS AT domain substrate specificities by Minowa et al. method
INFO     20/07 19:26:28   Predicting CAL domain substrate specificities by Minowa et al. method
INFO     20/07 19:26:28   Predicting PKS KR activity and stereochemistry using KR fingerprints from Starcevic et al.
DEBUG    20/07 19:26:29   CandidateCluster 1 monomer ordering method: colinear
DEBUG    20/07 19:26:29   CandidateCluster 2 monomer ordering method: colinear
DEBUG    20/07 19:26:29   CandidateCluster 3 monomer ordering method: colinear
DEBUG    20/07 19:26:29   Checking if antismash.modules.pfam2go should be run
INFO     20/07 19:26:29   Running antismash.modules.pfam2go
DEBUG    20/07 19:26:29   Checking if antismash.modules.rrefinder should be run
INFO     20/07 19:26:29   Running antismash.modules.rrefinder
DEBUG    20/07 19:26:29   Checking if antismash.modules.sactipeptides should be run
INFO     20/07 19:26:29   Running antismash.modules.sactipeptides
DEBUG    20/07 19:26:29   Found no sactipeptide motifs
DEBUG    20/07 19:26:31   Checking if antismash.modules.t2pks should be run
INFO     20/07 19:26:31   Running antismash.modules.t2pks
DEBUG    20/07 19:26:31   No type II PKS clusters to analyze
DEBUG    20/07 19:26:31   Checking if antismash.modules.tfbs_finder should be run
INFO     20/07 19:26:31   Running antismash.modules.tfbs_finder
DEBUG    20/07 19:26:31   Checking if antismash.modules.thiopeptides should be run
INFO     20/07 19:26:31   Running antismash.modules.thiopeptides
DEBUG    20/07 19:26:31   Thiopeptides marked 0 motifs
DEBUG    20/07 19:26:33   Checking if antismash.modules.tta should be run
INFO     20/07 19:26:33   Running antismash.modules.tta
INFO     20/07 19:26:33   Skipping TTA codon detection, GC content too low: 64%
INFO     20/07 19:26:33   Analysing record: NZ_MJAP01000010.1
INFO     20/07 19:26:33   Detecting secondary metabolite clusters
DEBUG    20/07 19:26:33   Checking if antismash.detection.hmm_detection should be run
INFO     20/07 19:26:33   Running antismash.detection.hmm_detection
INFO     20/07 19:26:33   HMM detection using strictness: relaxed
DEBUG    20/07 19:26:34   1 rule-based cluster(s) found in record
DEBUG    20/07 19:26:34   1 protoclusters found
DEBUG    20/07 19:26:34   0 subregions found
INFO     20/07 19:26:34   1 region(s) detected in record
DEBUG    20/07 19:26:34   Checking if antismash.detection.cluster_hmmer should be run
INFO     20/07 19:26:34   Running antismash.detection.cluster_hmmer
INFO     20/07 19:26:34   Running cluster PFAM search
DEBUG    20/07 19:26:41   Adding detection results from antismash.detection.cluster_hmmer to record
DEBUG    20/07 19:26:41   Checking if antismash.detection.genefunctions should be run
INFO     20/07 19:26:41   Running antismash.detection.genefunctions
DEBUG    20/07 19:26:42   Adding detection results from antismash.detection.genefunctions to record
DEBUG    20/07 19:26:42   annotating CDS features with resist info: 0 CDSes
DEBUG    20/07 19:26:42   annotating CDS features with smcogs info: 4 CDSes
DEBUG    20/07 19:26:42   Checking if antismash.detection.nrps_pks_domains should be run
INFO     20/07 19:26:42   Running antismash.detection.nrps_pks_domains
DEBUG    20/07 19:26:42   Marking NRPS/PKS CDS features and domains in clusters
DEBUG    20/07 19:26:42   Adding detection results from antismash.detection.nrps_pks_domains to record
DEBUG    20/07 19:26:42   Checking if antismash.detection.tigrfam should be run
INFO     20/07 19:26:42   Running antismash.detection.tigrfam
INFO     20/07 19:26:42   Running TIGRFam search
DEBUG    20/07 19:26:45   Adding detection results from antismash.detection.tigrfam to record
DEBUG    20/07 19:26:45   Checking if antismash.modules.active_site_finder should be run
INFO     20/07 19:26:45   Running antismash.modules.active_site_finder
DEBUG    20/07 19:26:45   Checking if antismash.modules.cluster_compare should be run
INFO     20/07 19:26:45   Running antismash.modules.cluster_compare
DEBUG    20/07 19:26:45   Loading comparison database: MIBiG
DEBUG    20/07 19:26:45   Comparison database loaded
INFO     20/07 19:26:45   Comparing regions to reference database
DEBUG    20/07 19:26:47   Checking if antismash.modules.clusterblast should be run
INFO     20/07 19:26:47   Running antismash.modules.clusterblast
INFO     20/07 19:26:47   Finding internal homologs in each gene cluster...
INFO     20/07 19:26:48   Running ClusterBlast
INFO     20/07 19:26:48   ClusterBlast: Loading gene cluster database into memory...
INFO     20/07 19:26:50   ClusterBlast: Loading gene cluster database proteins into memory...
INFO     20/07 19:27:04   Comparing regions to reference database
INFO     20/07 19:28:10   Running subcluster search
INFO     20/07 19:28:10   SubClusterBlast: Loading gene cluster database into memory...
INFO     20/07 19:28:10   SubClusterBlast: Loading gene cluster database proteins into memory...
INFO     20/07 19:28:11   Running known cluster search
INFO     20/07 19:28:11   KnownClusterBlast: Loading gene cluster database into memory...
INFO     20/07 19:28:11   KnownClusterBlast: Loading gene cluster database proteins into memory...
DEBUG    20/07 19:28:11   Running DIAMOND knowncluster searches..
INFO     20/07 19:28:11   Comparing regions to reference database
DEBUG    20/07 19:28:14   Checking if antismash.modules.lanthipeptides should be run
INFO     20/07 19:28:14   Running antismash.modules.lanthipeptides
DEBUG    20/07 19:28:14   Lanthipeptide module marked 0 motifs
DEBUG    20/07 19:28:15   Checking if antismash.modules.lassopeptides should be run
INFO     20/07 19:28:15   Running antismash.modules.lassopeptides
DEBUG    20/07 19:28:17   Lassopeptide module marked 0 motifs
DEBUG    20/07 19:28:17   Checking if antismash.modules.nrps_pks should be run
INFO     20/07 19:28:17   Running antismash.modules.nrps_pks
DEBUG    20/07 19:28:17   No NRPS or PKS genes found, skipping analysis
DEBUG    20/07 19:28:17   Checking if antismash.modules.pfam2go should be run
INFO     20/07 19:28:17   Running antismash.modules.pfam2go
DEBUG    20/07 19:28:17   Checking if antismash.modules.rrefinder should be run
INFO     20/07 19:28:17   Running antismash.modules.rrefinder
DEBUG    20/07 19:28:17   Checking if antismash.modules.sactipeptides should be run
INFO     20/07 19:28:17   Running antismash.modules.sactipeptides
DEBUG    20/07 19:28:17   Found no sactipeptide motifs
DEBUG    20/07 19:28:18   Checking if antismash.modules.t2pks should be run
INFO     20/07 19:28:18   Running antismash.modules.t2pks
DEBUG    20/07 19:28:18   No type II PKS clusters to analyze
DEBUG    20/07 19:28:18   Checking if antismash.modules.tfbs_finder should be run
INFO     20/07 19:28:18   Running antismash.modules.tfbs_finder
DEBUG    20/07 19:28:18   Checking if antismash.modules.thiopeptides should be run
INFO     20/07 19:28:18   Running antismash.modules.thiopeptides
DEBUG    20/07 19:28:18   Thiopeptides marked 0 motifs
DEBUG    20/07 19:28:19   Checking if antismash.modules.tta should be run
INFO     20/07 19:28:19   Running antismash.modules.tta
INFO     20/07 19:28:19   Skipping TTA codon detection, GC content too low: 64%
INFO     20/07 19:28:19   Analysing record: NZ_MJAP01000011.1
INFO     20/07 19:28:19   Detecting secondary metabolite clusters
DEBUG    20/07 19:28:19   Checking if antismash.detection.hmm_detection should be run
INFO     20/07 19:28:19   Running antismash.detection.hmm_detection
INFO     20/07 19:28:19   HMM detection using strictness: relaxed
DEBUG    20/07 19:28:20   0 rule-based cluster(s) found in record
DEBUG    20/07 19:28:20   0 protoclusters found
DEBUG    20/07 19:28:20   0 subregions found
INFO     20/07 19:28:20   No regions detected, skipping record
INFO     20/07 19:28:20   Analysing record: NZ_MJAP01000012.1
INFO     20/07 19:28:20   Detecting secondary metabolite clusters
DEBUG    20/07 19:28:20   Checking if antismash.detection.hmm_detection should be run
INFO     20/07 19:28:20   Running antismash.detection.hmm_detection
INFO     20/07 19:28:20   HMM detection using strictness: relaxed
DEBUG    20/07 19:28:23   0 rule-based cluster(s) found in record
DEBUG    20/07 19:28:23   0 protoclusters found
DEBUG    20/07 19:28:23   0 subregions found
INFO     20/07 19:28:23   No regions detected, skipping record
INFO     20/07 19:28:23   Analysing record: NZ_MJAP01000013.1
INFO     20/07 19:28:23   Detecting secondary metabolite clusters
DEBUG    20/07 19:28:23   Checking if antismash.detection.hmm_detection should be run
INFO     20/07 19:28:23   Running antismash.detection.hmm_detection
INFO     20/07 19:28:23   HMM detection using strictness: relaxed
DEBUG    20/07 19:28:24   0 rule-based cluster(s) found in record
DEBUG    20/07 19:28:24   0 protoclusters found
DEBUG    20/07 19:28:24   0 subregions found
INFO     20/07 19:28:24   No regions detected, skipping record
INFO     20/07 19:28:24   Analysing record: NZ_MJAP01000014.1
INFO     20/07 19:28:24   Detecting secondary metabolite clusters
DEBUG    20/07 19:28:24   Checking if antismash.detection.hmm_detection should be run
INFO     20/07 19:28:24   Running antismash.detection.hmm_detection
INFO     20/07 19:28:24   HMM detection using strictness: relaxed
DEBUG    20/07 19:28:25   0 rule-based cluster(s) found in record
DEBUG    20/07 19:28:25   0 protoclusters found
DEBUG    20/07 19:28:25   0 subregions found
INFO     20/07 19:28:25   No regions detected, skipping record
INFO     20/07 19:28:25   Analysing record: NZ_MJAP01000015.1
INFO     20/07 19:28:25   Detecting secondary metabolite clusters
DEBUG    20/07 19:28:25   Checking if antismash.detection.hmm_detection should be run
INFO     20/07 19:28:25   Running antismash.detection.hmm_detection
INFO     20/07 19:28:25   HMM detection using strictness: relaxed
DEBUG    20/07 19:28:26   0 rule-based cluster(s) found in record
DEBUG    20/07 19:28:26   0 protoclusters found
DEBUG    20/07 19:28:26   0 subregions found
INFO     20/07 19:28:26   No regions detected, skipping record
INFO     20/07 19:28:26   Analysing record: NZ_MJAP01000016.1
INFO     20/07 19:28:26   Detecting secondary metabolite clusters
DEBUG    20/07 19:28:26   Checking if antismash.detection.hmm_detection should be run
INFO     20/07 19:28:26   Running antismash.detection.hmm_detection
INFO     20/07 19:28:26   HMM detection using strictness: relaxed
DEBUG    20/07 19:28:26   0 rule-based cluster(s) found in record
DEBUG    20/07 19:28:26   0 protoclusters found
DEBUG    20/07 19:28:26   0 subregions found
INFO     20/07 19:28:26   No regions detected, skipping record
INFO     20/07 19:28:26   Analysing record: NZ_MJAP01000017.1
INFO     20/07 19:28:26   Detecting secondary metabolite clusters
DEBUG    20/07 19:28:26   Checking if antismash.detection.hmm_detection should be run
INFO     20/07 19:28:26   Running antismash.detection.hmm_detection
INFO     20/07 19:28:26   HMM detection using strictness: relaxed
DEBUG    20/07 19:28:27   0 rule-based cluster(s) found in record
DEBUG    20/07 19:28:27   0 protoclusters found
DEBUG    20/07 19:28:27   0 subregions found
INFO     20/07 19:28:27   No regions detected, skipping record
INFO     20/07 19:28:27   Analysing record: NZ_MJAP01000018.1
INFO     20/07 19:28:27   Detecting secondary metabolite clusters
DEBUG    20/07 19:28:27   Checking if antismash.detection.hmm_detection should be run
INFO     20/07 19:28:27   Running antismash.detection.hmm_detection
INFO     20/07 19:28:27   HMM detection using strictness: relaxed
DEBUG    20/07 19:28:28   0 rule-based cluster(s) found in record
DEBUG    20/07 19:28:28   0 protoclusters found
DEBUG    20/07 19:28:28   0 subregions found
INFO     20/07 19:28:28   No regions detected, skipping record
INFO     20/07 19:28:28   Analysing record: NZ_MJAP01000019.1
INFO     20/07 19:28:28   Detecting secondary metabolite clusters
DEBUG    20/07 19:28:28   Checking if antismash.detection.hmm_detection should be run
INFO     20/07 19:28:28   Running antismash.detection.hmm_detection
INFO     20/07 19:28:28   HMM detection using strictness: relaxed
DEBUG    20/07 19:28:29   0 rule-based cluster(s) found in record
DEBUG    20/07 19:28:29   0 protoclusters found
DEBUG    20/07 19:28:29   0 subregions found
INFO     20/07 19:28:29   No regions detected, skipping record
INFO     20/07 19:28:29   Analysing record: NZ_MJAP01000002.1
INFO     20/07 19:28:29   Detecting secondary metabolite clusters
DEBUG    20/07 19:28:29   Checking if antismash.detection.hmm_detection should be run
INFO     20/07 19:28:29   Running antismash.detection.hmm_detection
INFO     20/07 19:28:29   HMM detection using strictness: relaxed
DEBUG    20/07 19:28:31   1 rule-based cluster(s) found in record
DEBUG    20/07 19:28:31   1 protoclusters found
DEBUG    20/07 19:28:31   0 subregions found
INFO     20/07 19:28:31   1 region(s) detected in record
DEBUG    20/07 19:28:31   Checking if antismash.detection.cluster_hmmer should be run
INFO     20/07 19:28:31   Running antismash.detection.cluster_hmmer
INFO     20/07 19:28:31   Running cluster PFAM search
DEBUG    20/07 19:28:35   Adding detection results from antismash.detection.cluster_hmmer to record
DEBUG    20/07 19:28:35   Checking if antismash.detection.genefunctions should be run
INFO     20/07 19:28:35   Running antismash.detection.genefunctions
DEBUG    20/07 19:28:36   Adding detection results from antismash.detection.genefunctions to record
DEBUG    20/07 19:28:36   annotating CDS features with resist info: 0 CDSes
DEBUG    20/07 19:28:36   annotating CDS features with smcogs info: 6 CDSes
DEBUG    20/07 19:28:36   Checking if antismash.detection.nrps_pks_domains should be run
INFO     20/07 19:28:36   Running antismash.detection.nrps_pks_domains
DEBUG    20/07 19:28:36   Marking NRPS/PKS CDS features and domains in clusters
DEBUG    20/07 19:28:36   Adding detection results from antismash.detection.nrps_pks_domains to record
DEBUG    20/07 19:28:36   Checking if antismash.detection.tigrfam should be run
INFO     20/07 19:28:36   Running antismash.detection.tigrfam
INFO     20/07 19:28:36   Running TIGRFam search
DEBUG    20/07 19:28:38   Adding detection results from antismash.detection.tigrfam to record
DEBUG    20/07 19:28:38   Checking if antismash.modules.active_site_finder should be run
INFO     20/07 19:28:38   Running antismash.modules.active_site_finder
DEBUG    20/07 19:28:38   Checking if antismash.modules.cluster_compare should be run
INFO     20/07 19:28:38   Running antismash.modules.cluster_compare
DEBUG    20/07 19:28:38   Loading comparison database: MIBiG
DEBUG    20/07 19:28:38   Comparison database loaded
INFO     20/07 19:28:38   Comparing regions to reference database
DEBUG    20/07 19:28:39   Checking if antismash.modules.clusterblast should be run
INFO     20/07 19:28:39   Running antismash.modules.clusterblast
INFO     20/07 19:28:39   Finding internal homologs in each gene cluster...
INFO     20/07 19:28:40   Running ClusterBlast
INFO     20/07 19:28:40   ClusterBlast: Loading gene cluster database into memory...
INFO     20/07 19:28:41   ClusterBlast: Loading gene cluster database proteins into memory...
INFO     20/07 19:28:57   Comparing regions to reference database
INFO     20/07 19:30:04   Running subcluster search
INFO     20/07 19:30:04   SubClusterBlast: Loading gene cluster database into memory...
INFO     20/07 19:30:04   SubClusterBlast: Loading gene cluster database proteins into memory...
INFO     20/07 19:30:05   Running known cluster search
INFO     20/07 19:30:05   KnownClusterBlast: Loading gene cluster database into memory...
INFO     20/07 19:30:05   KnownClusterBlast: Loading gene cluster database proteins into memory...
DEBUG    20/07 19:30:05   Running DIAMOND knowncluster searches..
INFO     20/07 19:30:05   Comparing regions to reference database
DEBUG    20/07 19:30:08   Checking if antismash.modules.lanthipeptides should be run
INFO     20/07 19:30:08   Running antismash.modules.lanthipeptides
DEBUG    20/07 19:30:08   Lanthipeptide module marked 0 motifs
DEBUG    20/07 19:30:09   Checking if antismash.modules.lassopeptides should be run
INFO     20/07 19:30:09   Running antismash.modules.lassopeptides
DEBUG    20/07 19:30:10   Lassopeptide module marked 0 motifs
DEBUG    20/07 19:30:10   Checking if antismash.modules.nrps_pks should be run
INFO     20/07 19:30:10   Running antismash.modules.nrps_pks
DEBUG    20/07 19:30:10   Checking if antismash.modules.pfam2go should be run
INFO     20/07 19:30:10   Running antismash.modules.pfam2go
DEBUG    20/07 19:30:10   Checking if antismash.modules.rrefinder should be run
INFO     20/07 19:30:10   Running antismash.modules.rrefinder
DEBUG    20/07 19:30:10   Checking if antismash.modules.sactipeptides should be run
INFO     20/07 19:30:10   Running antismash.modules.sactipeptides
DEBUG    20/07 19:30:10   Found no sactipeptide motifs
DEBUG    20/07 19:30:13   Checking if antismash.modules.t2pks should be run
INFO     20/07 19:30:13   Running antismash.modules.t2pks
DEBUG    20/07 19:30:13   No type II PKS clusters to analyze
DEBUG    20/07 19:30:13   Checking if antismash.modules.tfbs_finder should be run
INFO     20/07 19:30:13   Running antismash.modules.tfbs_finder
DEBUG    20/07 19:30:13   Checking if antismash.modules.thiopeptides should be run
INFO     20/07 19:30:13   Running antismash.modules.thiopeptides
DEBUG    20/07 19:30:13   Thiopeptides marked 0 motifs
DEBUG    20/07 19:30:14   Checking if antismash.modules.tta should be run
INFO     20/07 19:30:14   Running antismash.modules.tta
INFO     20/07 19:30:14   Skipping TTA codon detection, GC content too low: 63%
INFO     20/07 19:30:14   Analysing record: NZ_MJAP01000020.1
INFO     20/07 19:30:14   Detecting secondary metabolite clusters
DEBUG    20/07 19:30:14   Checking if antismash.detection.hmm_detection should be run
INFO     20/07 19:30:14   Running antismash.detection.hmm_detection
INFO     20/07 19:30:14   HMM detection using strictness: relaxed
DEBUG    20/07 19:30:15   0 rule-based cluster(s) found in record
DEBUG    20/07 19:30:15   0 protoclusters found
DEBUG    20/07 19:30:15   0 subregions found
INFO     20/07 19:30:15   No regions detected, skipping record
INFO     20/07 19:30:15   Analysing record: NZ_MJAP01000021.1
INFO     20/07 19:30:15   Detecting secondary metabolite clusters
DEBUG    20/07 19:30:15   Checking if antismash.detection.hmm_detection should be run
INFO     20/07 19:30:15   Running antismash.detection.hmm_detection
INFO     20/07 19:30:15   HMM detection using strictness: relaxed
DEBUG    20/07 19:30:15   0 rule-based cluster(s) found in record
DEBUG    20/07 19:30:15   0 protoclusters found
DEBUG    20/07 19:30:15   0 subregions found
INFO     20/07 19:30:15   No regions detected, skipping record
INFO     20/07 19:30:15   Analysing record: NZ_MJAP01000022.1
INFO     20/07 19:30:15   Detecting secondary metabolite clusters
DEBUG    20/07 19:30:15   Checking if antismash.detection.hmm_detection should be run
INFO     20/07 19:30:15   Running antismash.detection.hmm_detection
INFO     20/07 19:30:15   HMM detection using strictness: relaxed
DEBUG    20/07 19:30:16   0 rule-based cluster(s) found in record
DEBUG    20/07 19:30:16   0 protoclusters found
DEBUG    20/07 19:30:16   0 subregions found
INFO     20/07 19:30:16   No regions detected, skipping record
INFO     20/07 19:30:16   Analysing record: NZ_MJAP01000023.1
INFO     20/07 19:30:16   Detecting secondary metabolite clusters
DEBUG    20/07 19:30:16   Checking if antismash.detection.hmm_detection should be run
INFO     20/07 19:30:16   Running antismash.detection.hmm_detection
INFO     20/07 19:30:16   HMM detection using strictness: relaxed
DEBUG    20/07 19:30:16   0 rule-based cluster(s) found in record
DEBUG    20/07 19:30:17   0 protoclusters found
DEBUG    20/07 19:30:17   0 subregions found
INFO     20/07 19:30:17   No regions detected, skipping record
INFO     20/07 19:30:17   Analysing record: NZ_MJAP01000024.1
INFO     20/07 19:30:17   Detecting secondary metabolite clusters
DEBUG    20/07 19:30:17   Checking if antismash.detection.hmm_detection should be run
INFO     20/07 19:30:17   Running antismash.detection.hmm_detection
INFO     20/07 19:30:17   HMM detection using strictness: relaxed
DEBUG    20/07 19:30:17   0 rule-based cluster(s) found in record
DEBUG    20/07 19:30:17   0 protoclusters found
DEBUG    20/07 19:30:17   0 subregions found
INFO     20/07 19:30:17   No regions detected, skipping record
INFO     20/07 19:30:17   Analysing record: NZ_MJAP01000025.1
INFO     20/07 19:30:17   Detecting secondary metabolite clusters
DEBUG    20/07 19:30:17   Checking if antismash.detection.hmm_detection should be run
INFO     20/07 19:30:17   Running antismash.detection.hmm_detection
INFO     20/07 19:30:17   HMM detection using strictness: relaxed
DEBUG    20/07 19:30:17   0 rule-based cluster(s) found in record
DEBUG    20/07 19:30:18   0 protoclusters found
DEBUG    20/07 19:30:18   0 subregions found
INFO     20/07 19:30:18   No regions detected, skipping record
INFO     20/07 19:30:18   Analysing record: NZ_MJAP01000026.1
INFO     20/07 19:30:18   Detecting secondary metabolite clusters
DEBUG    20/07 19:30:18   Checking if antismash.detection.hmm_detection should be run
INFO     20/07 19:30:18   Running antismash.detection.hmm_detection
INFO     20/07 19:30:18   HMM detection using strictness: relaxed
DEBUG    20/07 19:30:18   0 rule-based cluster(s) found in record
DEBUG    20/07 19:30:18   0 protoclusters found
DEBUG    20/07 19:30:18   0 subregions found
INFO     20/07 19:30:18   No regions detected, skipping record
INFO     20/07 19:30:18   Analysing record: NZ_MJAP01000027.1
INFO     20/07 19:30:18   Detecting secondary metabolite clusters
DEBUG    20/07 19:30:18   Checking if antismash.detection.hmm_detection should be run
INFO     20/07 19:30:18   Running antismash.detection.hmm_detection
INFO     20/07 19:30:18   HMM detection using strictness: relaxed
DEBUG    20/07 19:30:19   0 rule-based cluster(s) found in record
DEBUG    20/07 19:30:19   0 protoclusters found
DEBUG    20/07 19:30:19   0 subregions found
INFO     20/07 19:30:19   No regions detected, skipping record
INFO     20/07 19:30:19   Analysing record: NZ_MJAP01000028.1
INFO     20/07 19:30:19   Detecting secondary metabolite clusters
DEBUG    20/07 19:30:19   Checking if antismash.detection.hmm_detection should be run
INFO     20/07 19:30:19   Running antismash.detection.hmm_detection
INFO     20/07 19:30:19   HMM detection using strictness: relaxed
DEBUG    20/07 19:30:19   0 rule-based cluster(s) found in record
DEBUG    20/07 19:30:19   0 protoclusters found
DEBUG    20/07 19:30:19   0 subregions found
INFO     20/07 19:30:19   No regions detected, skipping record
INFO     20/07 19:30:19   Analysing record: NZ_MJAP01000029.1
INFO     20/07 19:30:19   Detecting secondary metabolite clusters
DEBUG    20/07 19:30:19   Checking if antismash.detection.hmm_detection should be run
INFO     20/07 19:30:19   Running antismash.detection.hmm_detection
INFO     20/07 19:30:19   HMM detection using strictness: relaxed
DEBUG    20/07 19:30:20   0 rule-based cluster(s) found in record
DEBUG    20/07 19:30:20   0 protoclusters found
DEBUG    20/07 19:30:20   0 subregions found
INFO     20/07 19:30:20   No regions detected, skipping record
INFO     20/07 19:30:20   Analysing record: NZ_MJAP01000003.1
INFO     20/07 19:30:20   Detecting secondary metabolite clusters
DEBUG    20/07 19:30:20   Checking if antismash.detection.hmm_detection should be run
INFO     20/07 19:30:20   Running antismash.detection.hmm_detection
INFO     20/07 19:30:20   HMM detection using strictness: relaxed
DEBUG    20/07 19:30:24   0 rule-based cluster(s) found in record
DEBUG    20/07 19:30:24   0 protoclusters found
DEBUG    20/07 19:30:24   0 subregions found
INFO     20/07 19:30:24   No regions detected, skipping record
INFO     20/07 19:30:24   Analysing record: NZ_MJAP01000030.1
INFO     20/07 19:30:24   Detecting secondary metabolite clusters
DEBUG    20/07 19:30:24   Checking if antismash.detection.hmm_detection should be run
INFO     20/07 19:30:24   Running antismash.detection.hmm_detection
INFO     20/07 19:30:24   HMM detection using strictness: relaxed
DEBUG    20/07 19:30:24   0 rule-based cluster(s) found in record
DEBUG    20/07 19:30:24   0 protoclusters found
DEBUG    20/07 19:30:24   0 subregions found
INFO     20/07 19:30:24   No regions detected, skipping record
INFO     20/07 19:30:24   Analysing record: NZ_MJAP01000031.1
INFO     20/07 19:30:24   Detecting secondary metabolite clusters
DEBUG    20/07 19:30:24   Checking if antismash.detection.hmm_detection should be run
INFO     20/07 19:30:24   Running antismash.detection.hmm_detection
INFO     20/07 19:30:24   HMM detection using strictness: relaxed
DEBUG    20/07 19:30:25   0 rule-based cluster(s) found in record
DEBUG    20/07 19:30:25   0 protoclusters found
DEBUG    20/07 19:30:25   0 subregions found
INFO     20/07 19:30:25   No regions detected, skipping record
INFO     20/07 19:30:25   Analysing record: NZ_MJAP01000032.1
INFO     20/07 19:30:25   Detecting secondary metabolite clusters
DEBUG    20/07 19:30:25   Checking if antismash.detection.hmm_detection should be run
INFO     20/07 19:30:25   Running antismash.detection.hmm_detection
INFO     20/07 19:30:25   HMM detection using strictness: relaxed
DEBUG    20/07 19:30:26   0 rule-based cluster(s) found in record
DEBUG    20/07 19:30:26   0 protoclusters found
DEBUG    20/07 19:30:26   0 subregions found
INFO     20/07 19:30:26   No regions detected, skipping record
INFO     20/07 19:30:26   Analysing record: NZ_MJAP01000033.1
INFO     20/07 19:30:26   Detecting secondary metabolite clusters
DEBUG    20/07 19:30:26   Checking if antismash.detection.hmm_detection should be run
INFO     20/07 19:30:26   Running antismash.detection.hmm_detection
INFO     20/07 19:30:26   HMM detection using strictness: relaxed
DEBUG    20/07 19:30:28   0 rule-based cluster(s) found in record
DEBUG    20/07 19:30:28   0 protoclusters found
DEBUG    20/07 19:30:28   0 subregions found
INFO     20/07 19:30:28   No regions detected, skipping record
INFO     20/07 19:30:28   Analysing record: NZ_MJAP01000034.1
INFO     20/07 19:30:28   Detecting secondary metabolite clusters
DEBUG    20/07 19:30:28   Checking if antismash.detection.hmm_detection should be run
INFO     20/07 19:30:28   Running antismash.detection.hmm_detection
INFO     20/07 19:30:28   HMM detection using strictness: relaxed
DEBUG    20/07 19:30:33   0 rule-based cluster(s) found in record
DEBUG    20/07 19:30:33   0 protoclusters found
DEBUG    20/07 19:30:33   0 subregions found
INFO     20/07 19:30:33   No regions detected, skipping record
INFO     20/07 19:30:33   Analysing record: NZ_MJAP01000035.1
INFO     20/07 19:30:33   Detecting secondary metabolite clusters
DEBUG    20/07 19:30:33   Checking if antismash.detection.hmm_detection should be run
INFO     20/07 19:30:33   Running antismash.detection.hmm_detection
INFO     20/07 19:30:33   HMM detection using strictness: relaxed
DEBUG    20/07 19:30:34   0 rule-based cluster(s) found in record
DEBUG    20/07 19:30:34   0 protoclusters found
DEBUG    20/07 19:30:34   0 subregions found
INFO     20/07 19:30:34   No regions detected, skipping record
INFO     20/07 19:30:34   Analysing record: NZ_MJAP01000036.1
INFO     20/07 19:30:34   Detecting secondary metabolite clusters
DEBUG    20/07 19:30:34   Checking if antismash.detection.hmm_detection should be run
INFO     20/07 19:30:34   Running antismash.detection.hmm_detection
INFO     20/07 19:30:34   HMM detection using strictness: relaxed
DEBUG    20/07 19:30:34   0 rule-based cluster(s) found in record
DEBUG    20/07 19:30:34   0 protoclusters found
DEBUG    20/07 19:30:34   0 subregions found
INFO     20/07 19:30:34   No regions detected, skipping record
INFO     20/07 19:30:34   Analysing record: NZ_MJAP01000037.1
INFO     20/07 19:30:34   Detecting secondary metabolite clusters
DEBUG    20/07 19:30:34   Checking if antismash.detection.hmm_detection should be run
INFO     20/07 19:30:34   Running antismash.detection.hmm_detection
INFO     20/07 19:30:34   HMM detection using strictness: relaxed
DEBUG    20/07 19:30:35   0 rule-based cluster(s) found in record
DEBUG    20/07 19:30:35   0 protoclusters found
DEBUG    20/07 19:30:35   0 subregions found
INFO     20/07 19:30:35   No regions detected, skipping record
INFO     20/07 19:30:35   Analysing record: NZ_MJAP01000038.1
INFO     20/07 19:30:35   Detecting secondary metabolite clusters
DEBUG    20/07 19:30:35   Checking if antismash.detection.hmm_detection should be run
INFO     20/07 19:30:35   Running antismash.detection.hmm_detection
INFO     20/07 19:30:35   HMM detection using strictness: relaxed
DEBUG    20/07 19:30:36   0 rule-based cluster(s) found in record
DEBUG    20/07 19:30:36   0 protoclusters found
DEBUG    20/07 19:30:36   0 subregions found
INFO     20/07 19:30:36   No regions detected, skipping record
INFO     20/07 19:30:36   Analysing record: NZ_MJAP01000004.1
INFO     20/07 19:30:36   Detecting secondary metabolite clusters
DEBUG    20/07 19:30:36   Checking if antismash.detection.hmm_detection should be run
INFO     20/07 19:30:36   Running antismash.detection.hmm_detection
INFO     20/07 19:30:36   HMM detection using strictness: relaxed
DEBUG    20/07 19:30:36   0 rule-based cluster(s) found in record
DEBUG    20/07 19:30:36   0 protoclusters found
DEBUG    20/07 19:30:36   0 subregions found
INFO     20/07 19:30:36   No regions detected, skipping record
INFO     20/07 19:30:36   Analysing record: NZ_MJAP01000005.1
INFO     20/07 19:30:36   Detecting secondary metabolite clusters
DEBUG    20/07 19:30:36   Checking if antismash.detection.hmm_detection should be run
INFO     20/07 19:30:36   Running antismash.detection.hmm_detection
INFO     20/07 19:30:36   HMM detection using strictness: relaxed
DEBUG    20/07 19:30:37   0 rule-based cluster(s) found in record
DEBUG    20/07 19:30:37   0 protoclusters found
DEBUG    20/07 19:30:37   0 subregions found
INFO     20/07 19:30:37   No regions detected, skipping record
INFO     20/07 19:30:37   Analysing record: NZ_MJAP01000006.1
INFO     20/07 19:30:37   Detecting secondary metabolite clusters
DEBUG    20/07 19:30:37   Checking if antismash.detection.hmm_detection should be run
INFO     20/07 19:30:37   Running antismash.detection.hmm_detection
INFO     20/07 19:30:37   HMM detection using strictness: relaxed
DEBUG    20/07 19:30:37   0 rule-based cluster(s) found in record
DEBUG    20/07 19:30:37   0 protoclusters found
DEBUG    20/07 19:30:37   0 subregions found
INFO     20/07 19:30:37   No regions detected, skipping record
INFO     20/07 19:30:37   Analysing record: NZ_MJAP01000007.1
INFO     20/07 19:30:37   Detecting secondary metabolite clusters
DEBUG    20/07 19:30:37   Checking if antismash.detection.hmm_detection should be run
INFO     20/07 19:30:37   Running antismash.detection.hmm_detection
INFO     20/07 19:30:37   HMM detection using strictness: relaxed
DEBUG    20/07 19:30:38   0 rule-based cluster(s) found in record
DEBUG    20/07 19:30:38   0 protoclusters found
DEBUG    20/07 19:30:38   0 subregions found
INFO     20/07 19:30:38   No regions detected, skipping record
INFO     20/07 19:30:38   Analysing record: NZ_MJAP01000008.1
INFO     20/07 19:30:38   Detecting secondary metabolite clusters
DEBUG    20/07 19:30:38   Checking if antismash.detection.hmm_detection should be run
INFO     20/07 19:30:38   Running antismash.detection.hmm_detection
INFO     20/07 19:30:38   HMM detection using strictness: relaxed
DEBUG    20/07 19:30:39   0 rule-based cluster(s) found in record
DEBUG    20/07 19:30:39   0 protoclusters found
DEBUG    20/07 19:30:39   0 subregions found
INFO     20/07 19:30:39   No regions detected, skipping record
INFO     20/07 19:30:39   Analysing record: NZ_MJAP01000009.1
INFO     20/07 19:30:39   Detecting secondary metabolite clusters
DEBUG    20/07 19:30:39   Checking if antismash.detection.hmm_detection should be run
INFO     20/07 19:30:39   Running antismash.detection.hmm_detection
INFO     20/07 19:30:39   HMM detection using strictness: relaxed
DEBUG    20/07 19:30:40   0 rule-based cluster(s) found in record
DEBUG    20/07 19:30:40   0 protoclusters found
DEBUG    20/07 19:30:40   0 subregions found
INFO     20/07 19:30:40   No regions detected, skipping record
DEBUG    20/07 19:30:40   Writing json results to '/data/antismash/upload/bacteria-80216b44-3bef-4830-8f52-56cdad60a54f/GCF_001884735.1_Natronohydrobacter_thiooxidans_AH01.json'
DEBUG    20/07 19:30:40   Record NZ_MJAP01000039.1 has results for modules: hmm_detection
DEBUG    20/07 19:30:40   Converting antismash.detection.hmm_detection results to json
DEBUG    20/07 19:30:40   Record NZ_MJAP01000001.1 has results for modules: hmm_detection, cluster_hmmer, genefunctions, nrps_pks_domains, tigrfam, active_site_finder, cluster_compare, clusterblast, lanthipeptides, lassopeptides, nrps_pks, pfam2go, rrefinder, sactipeptides, t2pks, tfbs_finder, thiopeptides
DEBUG    20/07 19:30:40   Converting antismash.detection.hmm_detection results to json
DEBUG    20/07 19:30:40   Converting antismash.detection.cluster_hmmer results to json
DEBUG    20/07 19:30:40   Converting antismash.detection.genefunctions results to json
DEBUG    20/07 19:30:40   Converting antismash.detection.nrps_pks_domains results to json
DEBUG    20/07 19:30:40   Converting antismash.detection.tigrfam results to json
DEBUG    20/07 19:30:40   Converting antismash.modules.active_site_finder results to json
DEBUG    20/07 19:30:40   Converting antismash.modules.cluster_compare results to json
DEBUG    20/07 19:30:40   Converting antismash.modules.clusterblast results to json
DEBUG    20/07 19:30:40   Converting antismash.modules.lanthipeptides results to json
DEBUG    20/07 19:30:40   Converting antismash.modules.lassopeptides results to json
DEBUG    20/07 19:30:40   Converting antismash.modules.nrps_pks results to json
DEBUG    20/07 19:30:40   Converting antismash.modules.pfam2go results to json
DEBUG    20/07 19:30:40   Converting antismash.modules.rrefinder results to json
DEBUG    20/07 19:30:40   Converting antismash.modules.sactipeptides results to json
DEBUG    20/07 19:30:40   Converting antismash.modules.t2pks results to json
DEBUG    20/07 19:30:40   Converting antismash.modules.tfbs_finder results to json
DEBUG    20/07 19:30:40   Converting antismash.modules.thiopeptides results to json
DEBUG    20/07 19:30:40   Converting antismash.modules.tta results to json
DEBUG    20/07 19:30:40   Record NZ_MJAP01000010.1 has results for modules: hmm_detection, cluster_hmmer, genefunctions, nrps_pks_domains, tigrfam, active_site_finder, cluster_compare, clusterblast, lanthipeptides, lassopeptides, nrps_pks, pfam2go, rrefinder, sactipeptides, t2pks, tfbs_finder, thiopeptides
DEBUG    20/07 19:30:40   Converting antismash.detection.hmm_detection results to json
DEBUG    20/07 19:30:40   Converting antismash.detection.cluster_hmmer results to json
DEBUG    20/07 19:30:40   Converting antismash.detection.genefunctions results to json
DEBUG    20/07 19:30:40   Converting antismash.detection.nrps_pks_domains results to json
DEBUG    20/07 19:30:40   Converting antismash.detection.tigrfam results to json
DEBUG    20/07 19:30:40   Converting antismash.modules.active_site_finder results to json
DEBUG    20/07 19:30:40   Converting antismash.modules.cluster_compare results to json
DEBUG    20/07 19:30:40   Converting antismash.modules.clusterblast results to json
DEBUG    20/07 19:30:40   Converting antismash.modules.lanthipeptides results to json
DEBUG    20/07 19:30:40   Converting antismash.modules.lassopeptides results to json
DEBUG    20/07 19:30:40   Converting antismash.modules.nrps_pks results to json
DEBUG    20/07 19:30:40   Converting antismash.modules.pfam2go results to json
DEBUG    20/07 19:30:40   Converting antismash.modules.rrefinder results to json
DEBUG    20/07 19:30:40   Converting antismash.modules.sactipeptides results to json
DEBUG    20/07 19:30:40   Converting antismash.modules.t2pks results to json
DEBUG    20/07 19:30:40   Converting antismash.modules.tfbs_finder results to json
DEBUG    20/07 19:30:40   Converting antismash.modules.thiopeptides results to json
DEBUG    20/07 19:30:40   Converting antismash.modules.tta results to json
DEBUG    20/07 19:30:40   Record NZ_MJAP01000011.1 has results for modules: hmm_detection
DEBUG    20/07 19:30:40   Converting antismash.detection.hmm_detection results to json
DEBUG    20/07 19:30:40   Record NZ_MJAP01000012.1 has results for modules: hmm_detection
DEBUG    20/07 19:30:40   Converting antismash.detection.hmm_detection results to json
DEBUG    20/07 19:30:40   Record NZ_MJAP01000013.1 has results for modules: hmm_detection
DEBUG    20/07 19:30:40   Converting antismash.detection.hmm_detection results to json
DEBUG    20/07 19:30:40   Record NZ_MJAP01000014.1 has results for modules: hmm_detection
DEBUG    20/07 19:30:40   Converting antismash.detection.hmm_detection results to json
DEBUG    20/07 19:30:40   Record NZ_MJAP01000015.1 has results for modules: hmm_detection
DEBUG    20/07 19:30:40   Converting antismash.detection.hmm_detection results to json
DEBUG    20/07 19:30:40   Record NZ_MJAP01000016.1 has results for modules: hmm_detection
DEBUG    20/07 19:30:40   Converting antismash.detection.hmm_detection results to json
DEBUG    20/07 19:30:40   Record NZ_MJAP01000017.1 has results for modules: hmm_detection
DEBUG    20/07 19:30:40   Converting antismash.detection.hmm_detection results to json
DEBUG    20/07 19:30:40   Record NZ_MJAP01000018.1 has results for modules: hmm_detection
DEBUG    20/07 19:30:40   Converting antismash.detection.hmm_detection results to json
DEBUG    20/07 19:30:40   Record NZ_MJAP01000019.1 has results for modules: hmm_detection
DEBUG    20/07 19:30:40   Converting antismash.detection.hmm_detection results to json
DEBUG    20/07 19:30:40   Record NZ_MJAP01000002.1 has results for modules: hmm_detection, cluster_hmmer, genefunctions, nrps_pks_domains, tigrfam, active_site_finder, cluster_compare, clusterblast, lanthipeptides, lassopeptides, nrps_pks, pfam2go, rrefinder, sactipeptides, t2pks, tfbs_finder, thiopeptides
DEBUG    20/07 19:30:40   Converting antismash.detection.hmm_detection results to json
DEBUG    20/07 19:30:40   Converting antismash.detection.cluster_hmmer results to json
DEBUG    20/07 19:30:40   Converting antismash.detection.genefunctions results to json
DEBUG    20/07 19:30:40   Converting antismash.detection.nrps_pks_domains results to json
DEBUG    20/07 19:30:40   Converting antismash.detection.tigrfam results to json
DEBUG    20/07 19:30:40   Converting antismash.modules.active_site_finder results to json
DEBUG    20/07 19:30:40   Converting antismash.modules.cluster_compare results to json
DEBUG    20/07 19:30:40   Converting antismash.modules.clusterblast results to json
DEBUG    20/07 19:30:40   Converting antismash.modules.lanthipeptides results to json
DEBUG    20/07 19:30:40   Converting antismash.modules.lassopeptides results to json
DEBUG    20/07 19:30:40   Converting antismash.modules.nrps_pks results to json
DEBUG    20/07 19:30:40   Converting antismash.modules.pfam2go results to json
DEBUG    20/07 19:30:40   Converting antismash.modules.rrefinder results to json
DEBUG    20/07 19:30:40   Converting antismash.modules.sactipeptides results to json
DEBUG    20/07 19:30:40   Converting antismash.modules.t2pks results to json
DEBUG    20/07 19:30:40   Converting antismash.modules.tfbs_finder results to json
DEBUG    20/07 19:30:40   Converting antismash.modules.thiopeptides results to json
DEBUG    20/07 19:30:40   Converting antismash.modules.tta results to json
DEBUG    20/07 19:30:40   Record NZ_MJAP01000020.1 has results for modules: hmm_detection
DEBUG    20/07 19:30:40   Converting antismash.detection.hmm_detection results to json
DEBUG    20/07 19:30:40   Record NZ_MJAP01000021.1 has results for modules: hmm_detection
DEBUG    20/07 19:30:40   Converting antismash.detection.hmm_detection results to json
DEBUG    20/07 19:30:40   Record NZ_MJAP01000022.1 has results for modules: hmm_detection
DEBUG    20/07 19:30:40   Converting antismash.detection.hmm_detection results to json
DEBUG    20/07 19:30:40   Record NZ_MJAP01000023.1 has results for modules: hmm_detection
DEBUG    20/07 19:30:40   Converting antismash.detection.hmm_detection results to json
DEBUG    20/07 19:30:40   Record NZ_MJAP01000024.1 has results for modules: hmm_detection
DEBUG    20/07 19:30:40   Converting antismash.detection.hmm_detection results to json
DEBUG    20/07 19:30:40   Record NZ_MJAP01000025.1 has results for modules: hmm_detection
DEBUG    20/07 19:30:40   Converting antismash.detection.hmm_detection results to json
DEBUG    20/07 19:30:40   Record NZ_MJAP01000026.1 has results for modules: hmm_detection
DEBUG    20/07 19:30:40   Converting antismash.detection.hmm_detection results to json
DEBUG    20/07 19:30:40   Record NZ_MJAP01000027.1 has results for modules: hmm_detection
DEBUG    20/07 19:30:40   Converting antismash.detection.hmm_detection results to json
DEBUG    20/07 19:30:40   Record NZ_MJAP01000028.1 has results for modules: hmm_detection
DEBUG    20/07 19:30:40   Converting antismash.detection.hmm_detection results to json
DEBUG    20/07 19:30:40   Record NZ_MJAP01000029.1 has results for modules: hmm_detection
DEBUG    20/07 19:30:40   Converting antismash.detection.hmm_detection results to json
DEBUG    20/07 19:30:40   Record NZ_MJAP01000003.1 has results for modules: hmm_detection
DEBUG    20/07 19:30:40   Converting antismash.detection.hmm_detection results to json
DEBUG    20/07 19:30:40   Record NZ_MJAP01000030.1 has results for modules: hmm_detection
DEBUG    20/07 19:30:40   Converting antismash.detection.hmm_detection results to json
DEBUG    20/07 19:30:40   Record NZ_MJAP01000031.1 has results for modules: hmm_detection
DEBUG    20/07 19:30:40   Converting antismash.detection.hmm_detection results to json
DEBUG    20/07 19:30:40   Record NZ_MJAP01000032.1 has results for modules: hmm_detection
DEBUG    20/07 19:30:40   Converting antismash.detection.hmm_detection results to json
DEBUG    20/07 19:30:40   Record NZ_MJAP01000033.1 has results for modules: hmm_detection
DEBUG    20/07 19:30:40   Converting antismash.detection.hmm_detection results to json
DEBUG    20/07 19:30:40   Record NZ_MJAP01000034.1 has results for modules: hmm_detection
DEBUG    20/07 19:30:40   Converting antismash.detection.hmm_detection results to json
DEBUG    20/07 19:30:40   Record NZ_MJAP01000035.1 has results for modules: hmm_detection
DEBUG    20/07 19:30:40   Converting antismash.detection.hmm_detection results to json
DEBUG    20/07 19:30:40   Record NZ_MJAP01000036.1 has results for modules: hmm_detection
DEBUG    20/07 19:30:40   Converting antismash.detection.hmm_detection results to json
DEBUG    20/07 19:30:40   Record NZ_MJAP01000037.1 has results for modules: hmm_detection
DEBUG    20/07 19:30:40   Converting antismash.detection.hmm_detection results to json
DEBUG    20/07 19:30:40   Record NZ_MJAP01000038.1 has results for modules: hmm_detection
DEBUG    20/07 19:30:40   Converting antismash.detection.hmm_detection results to json
DEBUG    20/07 19:30:40   Record NZ_MJAP01000004.1 has results for modules: hmm_detection
DEBUG    20/07 19:30:40   Converting antismash.detection.hmm_detection results to json
DEBUG    20/07 19:30:40   Record NZ_MJAP01000005.1 has results for modules: hmm_detection
DEBUG    20/07 19:30:40   Converting antismash.detection.hmm_detection results to json
DEBUG    20/07 19:30:40   Record NZ_MJAP01000006.1 has results for modules: hmm_detection
DEBUG    20/07 19:30:40   Converting antismash.detection.hmm_detection results to json
DEBUG    20/07 19:30:40   Record NZ_MJAP01000007.1 has results for modules: hmm_detection
DEBUG    20/07 19:30:40   Converting antismash.detection.hmm_detection results to json
DEBUG    20/07 19:30:40   Record NZ_MJAP01000008.1 has results for modules: hmm_detection
DEBUG    20/07 19:30:40   Converting antismash.detection.hmm_detection results to json
DEBUG    20/07 19:30:40   Record NZ_MJAP01000009.1 has results for modules: hmm_detection
DEBUG    20/07 19:30:40   Converting antismash.detection.hmm_detection results to json
DEBUG    20/07 19:30:40   Not annotating skipped record NZ_MJAP01000039.1: No regions detected
DEBUG    20/07 19:30:40   Annotating record NZ_MJAP01000001.1 with results from: hmm_detection, cluster_hmmer, genefunctions, nrps_pks_domains, tigrfam, active_site_finder, cluster_compare, clusterblast, lanthipeptides, lassopeptides, nrps_pks, pfam2go, rrefinder, sactipeptides, t2pks, tfbs_finder, thiopeptides, tta
DEBUG    20/07 19:30:40    Adding results from antismash.modules.active_site_finder
DEBUG    20/07 19:30:40    Adding results from antismash.modules.cluster_compare
DEBUG    20/07 19:30:40    Adding results from antismash.modules.clusterblast
DEBUG    20/07 19:30:40    Adding results from antismash.modules.lanthipeptides
DEBUG    20/07 19:30:40    Adding results from antismash.modules.lassopeptides
DEBUG    20/07 19:30:40    Adding results from antismash.modules.nrps_pks
DEBUG    20/07 19:30:40    Adding results from antismash.modules.pfam2go
DEBUG    20/07 19:30:40    Adding results from antismash.modules.rrefinder
DEBUG    20/07 19:30:40    Adding results from antismash.modules.sactipeptides
DEBUG    20/07 19:30:40    Adding results from antismash.modules.t2pks
DEBUG    20/07 19:30:40    Adding results from antismash.modules.tfbs_finder
DEBUG    20/07 19:30:40    Adding results from antismash.modules.thiopeptides
DEBUG    20/07 19:30:40    Adding results from antismash.modules.tta
DEBUG    20/07 19:30:40   Annotating record NZ_MJAP01000010.1 with results from: hmm_detection, cluster_hmmer, genefunctions, nrps_pks_domains, tigrfam, active_site_finder, cluster_compare, clusterblast, lanthipeptides, lassopeptides, nrps_pks, pfam2go, rrefinder, sactipeptides, t2pks, tfbs_finder, thiopeptides, tta
DEBUG    20/07 19:30:40    Adding results from antismash.modules.active_site_finder
DEBUG    20/07 19:30:40    Adding results from antismash.modules.cluster_compare
DEBUG    20/07 19:30:40    Adding results from antismash.modules.clusterblast
DEBUG    20/07 19:30:40    Adding results from antismash.modules.lanthipeptides
DEBUG    20/07 19:30:40    Adding results from antismash.modules.lassopeptides
DEBUG    20/07 19:30:40    Adding results from antismash.modules.nrps_pks
DEBUG    20/07 19:30:40    Adding results from antismash.modules.pfam2go
DEBUG    20/07 19:30:40    Adding results from antismash.modules.rrefinder
DEBUG    20/07 19:30:40    Adding results from antismash.modules.sactipeptides
DEBUG    20/07 19:30:40    Adding results from antismash.modules.t2pks
DEBUG    20/07 19:30:40    Adding results from antismash.modules.tfbs_finder
DEBUG    20/07 19:30:40    Adding results from antismash.modules.thiopeptides
DEBUG    20/07 19:30:40    Adding results from antismash.modules.tta
DEBUG    20/07 19:30:40   Not annotating skipped record NZ_MJAP01000011.1: No regions detected
DEBUG    20/07 19:30:40   Not annotating skipped record NZ_MJAP01000012.1: No regions detected
DEBUG    20/07 19:30:40   Not annotating skipped record NZ_MJAP01000013.1: No regions detected
DEBUG    20/07 19:30:40   Not annotating skipped record NZ_MJAP01000014.1: No regions detected
DEBUG    20/07 19:30:40   Not annotating skipped record NZ_MJAP01000015.1: No regions detected
DEBUG    20/07 19:30:40   Not annotating skipped record NZ_MJAP01000016.1: No regions detected
DEBUG    20/07 19:30:40   Not annotating skipped record NZ_MJAP01000017.1: No regions detected
DEBUG    20/07 19:30:40   Not annotating skipped record NZ_MJAP01000018.1: No regions detected
DEBUG    20/07 19:30:40   Not annotating skipped record NZ_MJAP01000019.1: No regions detected
DEBUG    20/07 19:30:40   Annotating record NZ_MJAP01000002.1 with results from: hmm_detection, cluster_hmmer, genefunctions, nrps_pks_domains, tigrfam, active_site_finder, cluster_compare, clusterblast, lanthipeptides, lassopeptides, nrps_pks, pfam2go, rrefinder, sactipeptides, t2pks, tfbs_finder, thiopeptides, tta
DEBUG    20/07 19:30:40    Adding results from antismash.modules.active_site_finder
DEBUG    20/07 19:30:40    Adding results from antismash.modules.cluster_compare
DEBUG    20/07 19:30:40    Adding results from antismash.modules.clusterblast
DEBUG    20/07 19:30:40    Adding results from antismash.modules.lanthipeptides
DEBUG    20/07 19:30:40    Adding results from antismash.modules.lassopeptides
DEBUG    20/07 19:30:40    Adding results from antismash.modules.nrps_pks
DEBUG    20/07 19:30:40    Adding results from antismash.modules.pfam2go
DEBUG    20/07 19:30:40    Adding results from antismash.modules.rrefinder
DEBUG    20/07 19:30:40    Adding results from antismash.modules.sactipeptides
DEBUG    20/07 19:30:40    Adding results from antismash.modules.t2pks
DEBUG    20/07 19:30:40    Adding results from antismash.modules.tfbs_finder
DEBUG    20/07 19:30:40    Adding results from antismash.modules.thiopeptides
DEBUG    20/07 19:30:40    Adding results from antismash.modules.tta
DEBUG    20/07 19:30:40   Not annotating skipped record NZ_MJAP01000020.1: No regions detected
DEBUG    20/07 19:30:40   Not annotating skipped record NZ_MJAP01000021.1: No regions detected
DEBUG    20/07 19:30:40   Not annotating skipped record NZ_MJAP01000022.1: No regions detected
DEBUG    20/07 19:30:40   Not annotating skipped record NZ_MJAP01000023.1: No regions detected
DEBUG    20/07 19:30:40   Not annotating skipped record NZ_MJAP01000024.1: No regions detected
DEBUG    20/07 19:30:40   Not annotating skipped record NZ_MJAP01000025.1: No regions detected
DEBUG    20/07 19:30:40   Not annotating skipped record NZ_MJAP01000026.1: No regions detected
DEBUG    20/07 19:30:40   Not annotating skipped record NZ_MJAP01000027.1: No regions detected
DEBUG    20/07 19:30:40   Not annotating skipped record NZ_MJAP01000028.1: No regions detected
DEBUG    20/07 19:30:40   Not annotating skipped record NZ_MJAP01000029.1: No regions detected
DEBUG    20/07 19:30:40   Not annotating skipped record NZ_MJAP01000003.1: No regions detected
DEBUG    20/07 19:30:40   Not annotating skipped record NZ_MJAP01000030.1: No regions detected
DEBUG    20/07 19:30:40   Not annotating skipped record NZ_MJAP01000031.1: No regions detected
DEBUG    20/07 19:30:40   Not annotating skipped record NZ_MJAP01000032.1: No regions detected
DEBUG    20/07 19:30:40   Not annotating skipped record NZ_MJAP01000033.1: No regions detected
DEBUG    20/07 19:30:40   Not annotating skipped record NZ_MJAP01000034.1: No regions detected
DEBUG    20/07 19:30:40   Not annotating skipped record NZ_MJAP01000035.1: No regions detected
DEBUG    20/07 19:30:40   Not annotating skipped record NZ_MJAP01000036.1: No regions detected
DEBUG    20/07 19:30:40   Not annotating skipped record NZ_MJAP01000037.1: No regions detected
DEBUG    20/07 19:30:40   Not annotating skipped record NZ_MJAP01000038.1: No regions detected
DEBUG    20/07 19:30:40   Not annotating skipped record NZ_MJAP01000004.1: No regions detected
DEBUG    20/07 19:30:40   Not annotating skipped record NZ_MJAP01000005.1: No regions detected
DEBUG    20/07 19:30:40   Not annotating skipped record NZ_MJAP01000006.1: No regions detected
DEBUG    20/07 19:30:40   Not annotating skipped record NZ_MJAP01000007.1: No regions detected
DEBUG    20/07 19:30:40   Not annotating skipped record NZ_MJAP01000008.1: No regions detected
DEBUG    20/07 19:30:40   Not annotating skipped record NZ_MJAP01000009.1: No regions detected
DEBUG    20/07 19:30:40   Creating results page
DEBUG    20/07 19:30:40   Results page using antismash.js from local copy: /databases/as-js/0.13/antismash.js
DEBUG    20/07 19:30:42   Creating results SVGs
DEBUG    20/07 19:30:42   Writing seq_records SVGs to '/data/antismash/upload/bacteria-80216b44-3bef-4830-8f52-56cdad60a54f/svg'
DEBUG    20/07 19:30:42   Writing cluster-specific genbank files
DEBUG    20/07 19:30:42   Writing final genbank file to '/data/antismash/upload/bacteria-80216b44-3bef-4830-8f52-56cdad60a54f/GCF_001884735.1_Natronohydrobacter_thiooxidans_AH01.gbk'
DEBUG    20/07 19:30:43   Zipping output to '/data/antismash/upload/bacteria-80216b44-3bef-4830-8f52-56cdad60a54f/GCF_001884735.1_Natronohydrobacter_thiooxidans_AH01.zip'
