[13:38:51] This is prokka 1.14.6
[13:38:51] Written by Torsten Seemann <torsten.seemann@gmail.com>
[13:38:51] Homepage is https://github.com/tseemann/prokka
[13:38:51] Local time is Fri Jul 21 13:38:51 2023
[13:38:51] You are shaday
[13:38:51] Operating system is linux
[13:38:51] You have BioPerl 1.7.8
[13:38:51] System has 32 cores.
[13:38:51] Will use maximum of 8 cores.
[13:38:51] Annotating as >>> Bacteria <<<
[13:38:51] Generating locus_tag from 'GCF_001884735.1_Natronohydrobacter_thiooxidans_AH01.fna' contents.
[13:38:51] Setting --locustag BJPBECLI from MD5 b39bec52c2940c4fc46bfc46d598a949
[13:38:51] Creating new output folder: annotated2/AH01/GCF_001884735.1_Natronohydrobacter_thiooxidans_AH01_prokka
[13:38:51] Running: mkdir -p annotated2\/AH01\/GCF_001884735\.1_Natronohydrobacter_thiooxidans_AH01_prokka
[13:38:51] Using filename prefix: GCF_001884735.1_Natronohydrobacter_thiooxidans_AH01.XXX
[13:38:51] Setting HMMER_NCPU=1
[13:38:51] Writing log to: annotated2/AH01/GCF_001884735.1_Natronohydrobacter_thiooxidans_AH01_prokka/GCF_001884735.1_Natronohydrobacter_thiooxidans_AH01.log
[13:38:51] Command: /miniconda3/envs/Prokka_Global/bin/prokka GCF_001884735.1_Natronohydrobacter_thiooxidans_AH01.fna --kingdom Bacteria --genus Natronohydrobacter --species thiooxidans --strain AH01 --usegenus --addgenes --prefix GCF_001884735.1_Natronohydrobacter_thiooxidans_AH01 --outdir annotated2/AH01/GCF_001884735.1_Natronohydrobacter_thiooxidans_AH01_prokka
[13:38:51] Appending to PATH: /miniconda3/envs/Prokka_Global/bin
[13:38:51] Looking for 'aragorn' - found /miniconda3/envs/Prokka_Global/bin/aragorn
[13:38:51] Determined aragorn version is 001002 from 'ARAGORN v1.2.41 Dean Laslett'
[13:38:51] Looking for 'barrnap' - found /miniconda3/envs/Prokka_Global/bin/barrnap
[13:38:51] Determined barrnap version is 000009 from 'barrnap 0.9'
[13:38:51] Looking for 'blastp' - found /miniconda3/envs/Prokka_Global/bin/blastp
[13:38:51] Determined blastp version is 002012 from 'blastp: 2.12.0+'
[13:38:51] Looking for 'cmpress' - found /miniconda3/envs/Prokka_Global/bin/cmpress
[13:38:51] Determined cmpress version is 001001 from '# INFERNAL 1.1.4 (Dec 2020)'
[13:38:51] Looking for 'cmscan' - found /miniconda3/envs/Prokka_Global/bin/cmscan
[13:38:51] Determined cmscan version is 001001 from '# INFERNAL 1.1.4 (Dec 2020)'
[13:38:51] Looking for 'egrep' - found /usr/bin/egrep
[13:38:51] Looking for 'find' - found /usr/bin/find
[13:38:51] Looking for 'grep' - found /usr/bin/grep
[13:38:51] Looking for 'hmmpress' - found /miniconda3/envs/Prokka_Global/bin/hmmpress
[13:38:51] Determined hmmpress version is 003003 from '# HMMER 3.3.2 (Nov 2020); http://hmmer.org/'
[13:38:51] Looking for 'hmmscan' - found /miniconda3/envs/Prokka_Global/bin/hmmscan
[13:38:51] Determined hmmscan version is 003003 from '# HMMER 3.3.2 (Nov 2020); http://hmmer.org/'
[13:38:51] Looking for 'java' - found /miniconda3/envs/Prokka_Global/bin/java
[13:38:51] Looking for 'makeblastdb' - found /miniconda3/envs/Prokka_Global/bin/makeblastdb
[13:38:51] Determined makeblastdb version is 002012 from 'makeblastdb: 2.12.0+'
[13:38:51] Looking for 'minced' - found /miniconda3/envs/Prokka_Global/bin/minced
[13:38:51] Determined minced version is 004002 from 'minced 0.4.2'
[13:38:51] Looking for 'parallel' - found /miniconda3/envs/Prokka_Global/bin/parallel
[13:38:51] Determined parallel version is 20220222 from 'GNU parallel 20220222'
[13:38:51] Looking for 'prodigal' - found /miniconda3/envs/Prokka_Global/bin/prodigal
[13:38:51] Determined prodigal version is 002006 from 'Prodigal V2.6.3: February, 2016'
[13:38:51] Looking for 'prokka-genbank_to_fasta_db' - found /miniconda3/envs/Prokka_Global/bin/prokka-genbank_to_fasta_db
[13:38:51] Looking for 'sed' - found /usr/bin/sed
[13:38:51] Looking for 'tbl2asn' - found /miniconda3/envs/Prokka_Global/bin/tbl2asn
[13:38:51] Determined tbl2asn version is 025007 from 'tbl2asn 25.7   arguments:'
[13:38:51] Using genetic code table 11.
[13:38:51] Loading and checking input file: GCF_001884735.1_Natronohydrobacter_thiooxidans_AH01.fna
[13:38:51] Wrote 39 contigs totalling 4073955 bp.
[13:38:51] Predicting tRNAs and tmRNAs
[13:38:51] Running: aragorn -l -gc11  -w annotated2\/AH01\/GCF_001884735\.1_Natronohydrobacter_thiooxidans_AH01_prokka\/GCF_001884735\.1_Natronohydrobacter_thiooxidans_AH01\.fna
[13:38:53] 1 tRNA-Gln c[25647,25721] 33 (ttg)
[13:38:53] 2 tRNA-Lys [59433,59508] 34 (ttt)
[13:38:53] 3 tRNA-Val c[59969,60043] 33 (gac)
[13:38:53] 4 tRNA-Asp [130701,130777] 35 (gtc)
[13:38:53] 5 tRNA-Gly c[184264,184337] 33 (tcc)
[13:38:53] 6 tRNA-Arg c[232176,232252] 35 (tct)
[13:38:53] 1 tRNA-Ser c[62884,62973] 35 (tga)
[13:38:53] 1 tRNA-Met c[178308,178384] 35 (cat)
[13:38:53] 2 tRNA-Tyr [182483,182566] 33 (gta)
[13:38:53] 1 tRNA-Pro [61774,61850] 35 (tgg)
[13:38:53] 1 tRNA-Ser c[52059,52148] 35 (gct)
[13:38:53] 2 tRNA-Pro [66249,66325] 35 (cgg)
[13:38:53] 3 tRNA-Phe [107551,107625] 33 (gaa)
[13:38:53] 1 tRNA-Arg c[57746,57822] 35 (acg)
[13:38:53] 1 tRNA-Met c[1,77] 35 (cat)
[13:38:53] 2 tRNA-Ile c[3728,3804] 35 (gat)
[13:38:53] 3 tRNA-Ala c[3872,3947] 34 (tgc)
[13:38:53] 1 tRNA-Arg [129994,130070] 35 (cct)
[13:38:53] 2 tRNA-Glu c[143489,143563] 34 (ttc)
[13:38:53] 3 tRNA-Ala c[263020,263095] 34 (ggc)
[13:38:53] 4 tRNA-Leu c[333861,333947] 35 (taa)
[13:38:53] 5 tRNA-Ser [353194,353283] 35 (cga)
[13:38:53] 6 tRNA-Val [431841,431915] 33 (cac)
[13:38:53] 7 tRNA-Met c[448069,448145] 35 (cat)
[13:38:53] 8 tRNA-Leu [493116,493202] 35 (cag)
[13:38:53] 9 tRNA-Pro c[507018,507114] 37 (cgg)
[13:38:53] 1 tRNA-Ser c[25683,25772] 35 (gga)
[13:38:53] 2 tRNA-Asn [158075,158149] 33 (gtt)
[13:38:53] 3 tRNA-Leu c[214637,214728] 35 (cag)
[13:38:53] 1 tRNA-Gly c[13529,13608] 30 (gcc)
[13:38:53] 2 tRNA-Gly c[30930,31004] 33 (gcc)
[13:38:53] 3 tRNA-Cys c[33287,33360] 33 (gca)
[13:38:53] 4 tRNA-Thr [85607,85682] 34 (tgt)
[13:38:53] 5 tRNA-Leu [105891,105974] 34 (caa)
[13:38:53] 6 tRNA-His [136685,136761] 35 (gtg)
[13:38:53] 7 tRNA-Leu [166310,166396] 35 (gag)
[13:38:53] 8 tRNA-Pro c[176262,176338] 35 (ggg)
[13:38:53] 1 tRNA-Val [29178,29253] 34 (tac)
[13:38:53] 2 tRNA-Ala [134221,134310] 35 (cgc)
[13:38:53] 3 tRNA-Thr c[229783,229857] 33 (ggt)
[13:38:53] 4 tRNA-Leu [326237,326321] 35 (tag)
[13:38:53] 5 tRNA-Arg [500213,500289] 35 (ccg)
[13:38:53] 6 tRNA-Thr [583756,583831] 34 (cgt)
[13:38:53] 7 tRNA-Gly c[590995,591068] 33 (ccc)
[13:38:53] 8 tRNA-Trp c[747549,747624] 34 (cca)
[13:38:53] 1 tmRNA* c[1669,2000] 203,241 ANDNRAPVAVAA*
[13:38:53] Found 46 tRNAs
[13:38:53] Predicting Ribosomal RNAs
[13:38:53] Running Barrnap with 8 threads
[13:38:53] 1 NZ_MJAP01000025.1 125 5S ribosomal RNA
[13:38:53] 2 NZ_MJAP01000025.1 367 23S ribosomal RNA
[13:38:53] 3 NZ_MJAP01000025.1 4101 16S ribosomal RNA
[13:38:53] Found 3 rRNAs
[13:38:53] Skipping ncRNA search, enable with --rfam if desired.
[13:38:53] Total of 48 tRNA + rRNA features
[13:38:53] Searching for CRISPR repeats
[13:38:54] CRISPR1 NZ_MJAP01000037.1 25087 with 30 spacers
[13:38:54] Found 1 CRISPRs
[13:38:54] Predicting coding sequences
[13:38:54] Contigs total 4073955 bp, so using single mode
[13:38:54] Running: prodigal -i annotated2\/AH01\/GCF_001884735\.1_Natronohydrobacter_thiooxidans_AH01_prokka\/GCF_001884735\.1_Natronohydrobacter_thiooxidans_AH01\.fna -c -m -g 11 -p single -f sco -q
[13:38:57] Excluding CDS which overlaps existing RNA (tRNA) at NZ_MJAP01000003.1:506172..508289 on + strand
[13:38:58] Excluding CDS which overlaps existing RNA (tRNA) at NZ_MJAP01000032.1:214296..215168 on + strand
[13:38:58] Excluding CDS which overlaps existing RNA (tRNA) at NZ_MJAP01000033.1:12347..13720 on - strand
[13:38:58] Excluding CDS which overlaps existing RNA (tRNA) at NZ_MJAP01000033.1:136717..137469 on + strand
[13:38:58] Excluding CDS which overlaps existing RNA (tRNA) at NZ_MJAP01000034.1:131754..134561 on - strand
[13:38:58] Excluding CDS which overlaps existing RNA (repeat_region) at NZ_MJAP01000037.1:24858..25808 on - strand
[13:38:58] Found 3882 CDS
[13:38:58] Connecting features back to sequences
[13:38:58] Skipping genus-specific proteins as can't see /miniconda3/envs/Prokka_Global/db/Natronohydrobacter
[13:38:58] Annotating CDS, please be patient.
[13:38:58] Will use 8 CPUs for similarity searching.
[13:38:59] There are still 3882 unannotated CDS left (started with 3882)
[13:38:59] Will use blast to search against /miniconda3/envs/Prokka_Global/db/kingdom/Bacteria/IS with 8 CPUs
[13:38:59] Running: cat annotated2\/AH01\/GCF_001884735\.1_Natronohydrobacter_thiooxidans_AH01_prokka\/GCF_001884735\.1_Natronohydrobacter_thiooxidans_AH01\.IS\.tmp\.118529\.faa | parallel --gnu --plain -j 8 --block 77874 --recstart '>' --pipe blastp -query - -db /miniconda3/envs/Prokka_Global/db/kingdom/Bacteria/IS -evalue 1e-30 -qcov_hsp_perc 90 -num_threads 1 -num_descriptions 1 -num_alignments 1 -seg no > annotated2\/AH01\/GCF_001884735\.1_Natronohydrobacter_thiooxidans_AH01_prokka\/GCF_001884735\.1_Natronohydrobacter_thiooxidans_AH01\.IS\.tmp\.118529\.blast 2> /dev/null
[13:39:06] Deleting unwanted file: annotated2/AH01/GCF_001884735.1_Natronohydrobacter_thiooxidans_AH01_prokka/GCF_001884735.1_Natronohydrobacter_thiooxidans_AH01.IS.tmp.118529.faa
[13:39:06] Deleting unwanted file: annotated2/AH01/GCF_001884735.1_Natronohydrobacter_thiooxidans_AH01_prokka/GCF_001884735.1_Natronohydrobacter_thiooxidans_AH01.IS.tmp.118529.blast
[13:39:06] There are still 3854 unannotated CDS left (started with 3882)
[13:39:06] Will use blast to search against /miniconda3/envs/Prokka_Global/db/kingdom/Bacteria/AMR with 8 CPUs
[13:39:06] Running: cat annotated2\/AH01\/GCF_001884735\.1_Natronohydrobacter_thiooxidans_AH01_prokka\/GCF_001884735\.1_Natronohydrobacter_thiooxidans_AH01\.AMR\.tmp\.118529\.faa | parallel --gnu --plain -j 8 --block 77360 --recstart '>' --pipe blastp -query - -db /miniconda3/envs/Prokka_Global/db/kingdom/Bacteria/AMR -evalue 1e-300 -qcov_hsp_perc 90 -num_threads 1 -num_descriptions 1 -num_alignments 1 -seg no > annotated2\/AH01\/GCF_001884735\.1_Natronohydrobacter_thiooxidans_AH01_prokka\/GCF_001884735\.1_Natronohydrobacter_thiooxidans_AH01\.AMR\.tmp\.118529\.blast 2> /dev/null
[13:39:11] Deleting unwanted file: annotated2/AH01/GCF_001884735.1_Natronohydrobacter_thiooxidans_AH01_prokka/GCF_001884735.1_Natronohydrobacter_thiooxidans_AH01.AMR.tmp.118529.faa
[13:39:11] Deleting unwanted file: annotated2/AH01/GCF_001884735.1_Natronohydrobacter_thiooxidans_AH01_prokka/GCF_001884735.1_Natronohydrobacter_thiooxidans_AH01.AMR.tmp.118529.blast
[13:39:11] There are still 3854 unannotated CDS left (started with 3882)
[13:39:11] Will use blast to search against /miniconda3/envs/Prokka_Global/db/kingdom/Bacteria/sprot with 8 CPUs
[13:39:11] Running: cat annotated2\/AH01\/GCF_001884735\.1_Natronohydrobacter_thiooxidans_AH01_prokka\/GCF_001884735\.1_Natronohydrobacter_thiooxidans_AH01\.sprot\.tmp\.118529\.faa | parallel --gnu --plain -j 8 --block 77360 --recstart '>' --pipe blastp -query - -db /miniconda3/envs/Prokka_Global/db/kingdom/Bacteria/sprot -evalue 1e-09 -qcov_hsp_perc 80 -num_threads 1 -num_descriptions 1 -num_alignments 1 -seg no > annotated2\/AH01\/GCF_001884735\.1_Natronohydrobacter_thiooxidans_AH01_prokka\/GCF_001884735\.1_Natronohydrobacter_thiooxidans_AH01\.sprot\.tmp\.118529\.blast 2> /dev/null
[13:39:37] Modify product: UPF0701 protein HI_0467 => hypothetical protein
[13:39:37] Modify product: Uncharacterized protein Rv2568c => putative protein
[13:39:37] Modify product: Uncharacterized FAD-linked oxidoreductase Rv2280 => putative FAD-linked oxidoreductase
[13:39:37] Modify product: Solute-binding protein Veis_3954 => Solute-binding protein
[13:39:37] Modify product: Uncharacterized protein YqeY => putative protein YqeY
[13:39:37] Modify product: Solute-binding protein Csal_2479 => Solute-binding protein
[13:39:37] Modify product: UPF0394 inner membrane protein YeeE => hypothetical protein
[13:39:37] Modify product: Uncharacterized protein HI_0131 => putative protein
[13:39:37] Modify product: Chemotaxis protein CheY homolog => Chemotaxis protein CheY 
[13:39:37] Modify product: Uncharacterized protein YyaP => putative protein YyaP
[13:39:37] Modify product: Uncharacterized protein YyaP => putative protein YyaP
[13:39:37] Modify product: Uncharacterized protein Rv0887c => putative protein
[13:39:38] Modify product: Probable N-methylproline demethylase => putative N-methylproline demethylase
[13:39:38] Modify product: Probable protein kinase UbiB => putative protein kinase UbiB
[13:39:38] Modify product: Probable enoyl-CoA hydratase echA8 => putative enoyl-CoA hydratase echA8
[13:39:38] Modify product: Uncharacterized protein HI_1028 => putative protein
[13:39:38] Modify product: Uncharacterized ABC transporter ATP-binding protein YejF => putative ABC transporter ATP-binding protein YejF
[13:39:38] Modify product: Probable GTPase Rv1496 => putative GTPase
[13:39:38] Modify product: UPF0213 protein SP_1535 => hypothetical protein
[13:39:38] Modify product: Probable Ni/Fe-hydrogenase B-type cytochrome subunit => putative Ni/Fe-hydrogenase B-type cytochrome subunit
[13:39:38] Modify product: Uncharacterized protein YyaP => putative protein YyaP
[13:39:38] Modify product: Probable D,D-dipeptide transport system permease protein DdpC => putative D,D-dipeptide transport system permease protein DdpC
[13:39:38] Modify product: Uncharacterized ABC transporter ATP-binding protein YejF => putative ABC transporter ATP-binding protein YejF
[13:39:38] Modify product: UPF0394 inner membrane protein YeeE => hypothetical protein
[13:39:38] Modify product: UPF0299 membrane protein YohJ => hypothetical protein
[13:39:38] Modify product: Uncharacterized inner membrane transporter YedA => putative inner membrane transporter YedA
[13:39:38] Modify product: Probable D,D-dipeptide transport ATP-binding protein DdpD => putative D,D-dipeptide transport ATP-binding protein DdpD
[13:39:38] Modify product: UPF0065 protein in clcB-clcD intergenic region => hypothetical protein
[13:39:38] Modify product: Uncharacterized protein Rv1276c => putative protein
[13:39:38] Modify product: Probable tartrate dehydrogenase/decarboxylase TtuC' => putative tartrate dehydrogenase/decarboxylase TtuC'
[13:39:38] Modify product: Probable ABC transporter permease protein HI_1471 => putative ABC transporter permease protein
[13:39:38] Modify product: Probable sugar-binding periplasmic protein => putative sugar-binding periplasmic protein
[13:39:38] Modify product: Probable enoyl-CoA hydratase echA6 => putative enoyl-CoA hydratase echA6
[13:39:38] Modify product: Probable cation-transporting ATPase F => putative cation-transporting ATPase F
[13:39:38] Modify product: Uncharacterized ABC transporter ATP-binding protein Rv0986 => putative ABC transporter ATP-binding protein
[13:39:38] Modify product: Uncharacterized oxidoreductase Rv1144 => putative oxidoreductase
[13:39:38] Modify product: Purine-binding protein BAB2_0673 => Purine-binding protein
[13:39:38] Modify product: Probable ABC transporter permease protein HI_1471 => putative ABC transporter permease protein
[13:39:38] Modify product: Uncharacterized protein HI_1028 => putative protein
[13:39:38] Modify product: Probable formate transporter 1 => putative formate transporter 1
[13:39:38] Modify product: UPF0337 protein YjbJ => hypothetical protein
[13:39:38] Modify product: Uncharacterized protein HI_0131 => putative protein
[13:39:38] Modify product: NAD(P)H-dependent FMN reductase PA1204 => NAD(P)H-dependent FMN reductase
[13:39:38] Modify product: Uncharacterized ABC transporter ATP-binding protein Rv1281c => putative ABC transporter ATP-binding protein
[13:39:38] Modify product: Probable enoyl-CoA hydratase echA8 => putative enoyl-CoA hydratase echA8
[13:39:38] Modify product: UPF0073 inner membrane protein YqfA => hypothetical protein
[13:39:38] Modify product: UPF0126 inner membrane protein YicG => hypothetical protein
[13:39:38] Modify product: Glycine betaine/proline/choline transporter VP1723 => Glycine betaine/proline/choline transporter
[13:39:38] Modify product: Uncharacterized ABC transporter ATP-binding protein Rv0986 => putative ABC transporter ATP-binding protein
[13:39:38] Modify product: Solute-binding protein Bpro_3107 => Solute-binding protein
[13:39:38] Modify product: Uncharacterized acyl-CoA thioester hydrolase HI_0827 => putative acyl-CoA thioester hydrolase
[13:39:38] Modify product: Probable D,D-dipeptide transport ATP-binding protein DdpF => putative D,D-dipeptide transport ATP-binding protein DdpF
[13:39:38] Modify product: UPF0337 protein PA4738 => hypothetical protein
[13:39:38] Modify product: Solute-binding protein Rfer_1840 => Solute-binding protein
[13:39:38] Modify product: Uncharacterized oxidoreductase Rv1144 => putative oxidoreductase
[13:39:38] Modify product: Solute-binding protein Dde_0634 => Solute-binding protein
[13:39:38] Modify product: Probable chromate transport protein => putative chromate transport protein
[13:39:38] Modify product: Purine-binding protein BAB2_0673 => Purine-binding protein
[13:39:38] Modify product: Phosphate-specific transport system accessory protein PhoU homolog => Phosphate-specific transport system accessory protein PhoU 
[13:39:38] Modify product: Probable HTH-type transcriptional regulator LgoR => putative HTH-type transcriptional regulator LgoR
[13:39:38] Modify product: Probable aminotransferase Rv3329 => putative aminotransferase
[13:39:38] Modify product: Segregation and condensation protein B homolog => Segregation and condensation protein B 
[13:39:38] Modify product: Uncharacterized HTH-type transcriptional regulator YybR => putative HTH-type transcriptional regulator YybR
[13:39:38] Modify product: Uncharacterized ABC transporter ATP-binding protein YejF => putative ABC transporter ATP-binding protein YejF
[13:39:38] Modify product: Probable enoyl-CoA hydratase echA8 => putative enoyl-CoA hydratase echA8
[13:39:38] Modify product: Monocarboxylate 2-oxoacid-binding periplasmic protein all3028 => Monocarboxylate 2-oxoacid-binding periplasmic protein
[13:39:38] Modify product: Probable D-xylose utilization operon transcriptional repressor => putative D-xylose utilization operon transcriptional repressor
[13:39:38] Modify product: Uncharacterized protein YcjX => putative protein YcjX
[13:39:38] Modify product: Probable ABC transporter-binding protein DR_1438 => putative ABC transporter-binding protein
[13:39:38] Modify product: Uncharacterized protein Rv2411c => putative protein
[13:39:38] Modify product: Uncharacterized protein Rv2569c => putative protein
[13:39:38] Modify product: Probable lipoprotein YiaD => putative lipoprotein YiaD
[13:39:38] Modify product: Bifunctional protein FolD => Bifunctional protein FolD protein
[13:39:38] Modify product: Bifunctional protein FolD => Bifunctional protein FolD protein
[13:39:38] Modify product: UPF0301 protein VC_0467 => hypothetical protein
[13:39:38] Modify product: Probable 3-hydroxybutyryl-CoA dehydrogenase => putative 3-hydroxybutyryl-CoA dehydrogenase
[13:39:38] Modify product: Probable manganese-dependent inorganic pyrophosphatase => putative manganese-dependent inorganic pyrophosphatase
[13:39:38] Modify product: Probable succinyl-CoA:3-ketoacid coenzyme A transferase subunit B => putative succinyl-CoA:3-ketoacid coenzyme A transferase subunit B
[13:39:38] Modify product: Probable succinyl-CoA:3-ketoacid coenzyme A transferase subunit A => putative succinyl-CoA:3-ketoacid coenzyme A transferase subunit A
[13:39:38] Modify product: Uncharacterized zinc protease Rv2782c => putative zinc protease
[13:39:38] Modify product: Uncharacterized FAD-linked oxidoreductase Rv2280 => putative FAD-linked oxidoreductase
[13:39:38] Modify product: Protease HtpX homolog => Protease HtpX 
[13:39:38] Modify product: Uncharacterized GST-like protein YibF => putative GST-like protein YibF
[13:39:38] Modify product: Uncharacterized aminopeptidase Rv1333 => putative aminopeptidase
[13:39:38] Modify product: Uncharacterized HIT-like protein HP_0404 => putative HIT-like protein
[13:39:38] Modify product: Uncharacterized oxidoreductase SA2266 => putative oxidoreductase
[13:39:38] Modify product: Probable sulfate transporter Rv1739c => putative sulfate transporter
[13:39:38] Modify product: TelA-like protein SA1238 => TelA-like protein
[13:39:38] Modify product: Probable chaperone CsaA => putative chaperone CsaA
[13:39:38] Modify product: Uncharacterized ABC transporter ATP-binding protein TM_0288 => putative ABC transporter ATP-binding protein
[13:39:38] Modify product: Uncharacterized HTH-type transcriptional regulator Rv1985c => putative HTH-type transcriptional regulator
[13:39:38] Modify product: Probable lipid II flippase MurJ => putative lipid II flippase MurJ
[13:39:38] Modify product: UPF0102 protein RPA0323 => hypothetical protein
[13:39:38] Modify product: Probable copper-transporting ATPase PacS => putative copper-transporting ATPase PacS
[13:39:38] Modify product: Cytochrome c oxidase subunit 1 homolog, bacteroid => Cytochrome c oxidase subunit 1 , bacteroid
[13:39:38] Modify product: Uncharacterized ABC transporter ATP-binding protein YejF => putative ABC transporter ATP-binding protein YejF
[13:39:38] Modify product: UPF0434 protein NMA0874 => hypothetical protein
[13:39:38] Modify product: UPF0758 protein => hypothetical protein
[13:39:38] Modify product: Probable sugar-binding periplasmic protein => putative sugar-binding periplasmic protein
[13:39:38] Modify product: Solute-binding protein Dde_0634 => Solute-binding protein
[13:39:38] Modify product: Uncharacterized protein RP812 => putative protein RP812
[13:39:38] Modify product: Probable CtpA-like serine protease => putative CtpA-like serine protease
[13:39:38] Modify product: Putative multidrug export ATP-binding/permease protein SAV1866 => Putative multidrug export ATP-binding/permease protein
[13:39:38] Modify product: Uncharacterized protein YccU => putative protein YccU
[13:39:38] Modify product: Probable D,D-dipeptide transport system permease protein DdpC => putative D,D-dipeptide transport system permease protein DdpC
[13:39:38] Modify product: Probable D,D-dipeptide-binding periplasmic protein DdpA => putative D,D-dipeptide-binding periplasmic protein DdpA
[13:39:38] Modify product: Uncharacterized ABC transporter ATP-binding protein YheS => putative ABC transporter ATP-binding protein YheS
[13:39:38] Modify product: Uncharacterized protein Rv2569c => putative protein
[13:39:38] Modify product: Uncharacterized protein Rv2567 => putative protein
[13:39:38] Modify product: Probable 2-dehydro-3-deoxygalactonokinase DgoK1 => putative 2-dehydro-3-deoxygalactonokinase DgoK1
[13:39:38] Modify product: Probable nicotinate-nucleotide pyrophosphorylase [carboxylating] => putative nicotinate-nucleotide pyrophosphorylase [carboxylating]
[13:39:39] Modify product: Putative acyltransferase Rv0859 => Putative acyltransferase
[13:39:39] Modify product: UPF0394 membrane protein XF_0765 => hypothetical protein
[13:39:39] Modify product: UPF0394 membrane protein XF_0766 => hypothetical protein
[13:39:39] Modify product: Probable metallo-hydrolase BURPS1710b_2304 => putative metallo-hydrolase
[13:39:39] Modify product: Probable peptidoglycan glycosyltransferase FtsW => putative peptidoglycan glycosyltransferase FtsW
[13:39:39] Modify product: GTP-binding protein TypA/BipA homolog => GTP-binding protein TypA/BipA 
[13:39:39] Modify product: Probable ATP-dependent transporter SufC => putative ATP-dependent transporter SufC
[13:39:39] Modify product: Acetyltransferase SACOL1063 => Acetyltransferase
[13:39:39] Modify product: Probable riboflavin import permease protein RfuD => putative riboflavin import permease protein RfuD
[13:39:39] Modify product: Uncharacterized ABC transporter ATP-binding protein YadG => putative ABC transporter ATP-binding protein YadG
[13:39:39] Modify product: UPF0053 protein HI_0107 => hypothetical protein
[13:39:39] Modify product: Glycogen operon protein GlgX homolog => Glycogen operon protein GlgX 
[13:39:39] Modify product: UPF0324 inner membrane protein YeiH => hypothetical protein
[13:39:39] Modify product: Uncharacterized protein Rv2307c => putative protein
[13:39:39] Modify product: S-adenosyl-L-methionine-binding protein RPA0152 => S-adenosyl-L-methionine-binding protein
[13:39:39] Modify product: Probable ribonucleotide transport ATP-binding protein mkl => putative ribonucleotide transport ATP-binding protein mkl
[13:39:39] Modify product: Probable D,D-dipeptide transport system permease protein DdpC => putative D,D-dipeptide transport system permease protein DdpC
[13:39:39] Modify product: Uncharacterized peptidase SA1530 => putative peptidase
[13:39:39] Modify product: Solute-binding protein Csal_2479 => Solute-binding protein
[13:39:39] Modify product: Probable chaperone CsaA => putative chaperone CsaA
[13:39:39] Modify product: UPF0178 protein YaiI => hypothetical protein
[13:39:39] Modify product: Putative formate dehydrogenase SA2102 => Putative formate dehydrogenase
[13:39:39] Modify product: Uncharacterized protein HI_0103 => putative protein
[13:39:39] Modify product: Probable transcriptional regulatory protein aq_1575 => putative transcriptional regulatory protein
[13:39:39] Modify product: Uncharacterized isomerase YddE => putative isomerase YddE
[13:39:39] Modify product: Uncharacterized protein Rv2008c => putative protein
[13:39:39] Modify product: Uncharacterized zinc protease Rv2782c => putative zinc protease
[13:39:39] Modify product: Uncharacterized zinc protease Rv2782c => putative zinc protease
[13:39:39] Modify product: UPF0335 protein CCNA_03428 => hypothetical protein
[13:39:39] Modify product: Uncharacterized protein HI_0933 => putative protein
[13:39:39] Modify product: UPF0056 inner membrane protein YhgN => hypothetical protein
[13:39:39] Modify product: Nucleotide-binding protein Rv1421 => Nucleotide-binding protein
[13:39:39] Modify product: Probable peptidoglycan D,D-transpeptidase FtsI => putative peptidoglycan D,D-transpeptidase FtsI
[13:39:39] Modify product: Uncharacterized MFS-type transporter YcaD => putative MFS-type transporter YcaD
[13:39:39] Modify product: UPF0065 protein in clcB-clcD intergenic region => hypothetical protein
[13:39:39] Modify product: UPF0761 membrane protein YihY => hypothetical protein
[13:39:39] Modify product: Probable D,D-dipeptide transport system permease protein DdpC => putative D,D-dipeptide transport system permease protein DdpC
[13:39:39] Modify product: Ribonuclease TTHA0252 => Ribonuclease
[13:39:39] Modify product: Uncharacterized HTH-type transcriptional regulator YurK => putative HTH-type transcriptional regulator YurK
[13:39:39] Cleaned 150 /product names
[13:39:39] Deleting unwanted file: annotated2/AH01/GCF_001884735.1_Natronohydrobacter_thiooxidans_AH01_prokka/GCF_001884735.1_Natronohydrobacter_thiooxidans_AH01.sprot.tmp.118529.faa
[13:39:39] Deleting unwanted file: annotated2/AH01/GCF_001884735.1_Natronohydrobacter_thiooxidans_AH01_prokka/GCF_001884735.1_Natronohydrobacter_thiooxidans_AH01.sprot.tmp.118529.blast
[13:39:39] There are still 1970 unannotated CDS left (started with 3882)
[13:39:39] Will use hmmer3 to search against /miniconda3/envs/Prokka_Global/db/hmm/HAMAP.hmm with 8 CPUs
[13:39:39] Running: cat annotated2\/AH01\/GCF_001884735\.1_Natronohydrobacter_thiooxidans_AH01_prokka\/GCF_001884735\.1_Natronohydrobacter_thiooxidans_AH01\.HAMAP\.hmm\.tmp\.118529\.faa | parallel --gnu --plain -j 8 --block 35298 --recstart '>' --pipe hmmscan --noali --notextw --acc -E 1e-09 --cpu 1 /miniconda3/envs/Prokka_Global/db/hmm/HAMAP.hmm /dev/stdin > annotated2\/AH01\/GCF_001884735\.1_Natronohydrobacter_thiooxidans_AH01_prokka\/GCF_001884735\.1_Natronohydrobacter_thiooxidans_AH01\.HAMAP\.hmm\.tmp\.118529\.hmmer3 2> /dev/null
[13:39:48] Modify product: Uncharacterized Nudix hydrolase NudL => putative Nudix hydrolase NudL
[13:39:48] Modify product: Uncharacterized MFS-type transporter YcaD => putative MFS-type transporter YcaD
[13:39:48] Cleaned 2 /product names
[13:39:48] Deleting unwanted file: annotated2/AH01/GCF_001884735.1_Natronohydrobacter_thiooxidans_AH01_prokka/GCF_001884735.1_Natronohydrobacter_thiooxidans_AH01.HAMAP.hmm.tmp.118529.faa
[13:39:48] Deleting unwanted file: annotated2/AH01/GCF_001884735.1_Natronohydrobacter_thiooxidans_AH01_prokka/GCF_001884735.1_Natronohydrobacter_thiooxidans_AH01.HAMAP.hmm.tmp.118529.hmmer3
[13:39:48] Labelling remaining 1690 proteins as 'hypothetical protein'
[13:39:48] Possible /pseudo 'Magnesium transporter MgtE' at NZ_MJAP01000039.1 position 15176
[13:39:48] Possible /pseudo 'L-cystine transport system permease protein YecS' at NZ_MJAP01000012.1 position 17989
[13:39:48] Possible /pseudo 'Nitrate/nitrite binding protein NrtA' at NZ_MJAP01000012.1 position 219202
[13:39:48] Possible /pseudo 'Methionine synthase' at NZ_MJAP01000018.1 position 84814
[13:39:48] Possible /pseudo 'NAD(P)H-quinone oxidoreductase subunit 2, chloroplastic' at NZ_MJAP01000002.1 position 220852
[13:39:48] Possible /pseudo 'tRNA 5-methylaminomethyl-2-thiouridine biosynthesis bifunctional protein MnmC' at NZ_MJAP01000003.1 position 174693
[13:39:48] Possible /pseudo 'LexA repressor' at NZ_MJAP01000003.1 position 341143
[13:39:48] Possible /pseudo 'LexA repressor' at NZ_MJAP01000003.1 position 341510
[13:39:48] Possible /pseudo 'putative protein' at NZ_MJAP01000003.1 position 380507
[13:39:48] Possible /pseudo 'HTH-type transcriptional repressor RspR' at NZ_MJAP01000003.1 position 579731
[13:39:48] Possible /pseudo 'IS630 family transposase ISPye35' at NZ_MJAP01000031.1 position 470
[13:39:48] Possible /pseudo 'Bifunctional protein FolD protein' at NZ_MJAP01000032.1 position 54100
[13:39:48] Possible /pseudo 'Ribose import permease protein RbsC' at NZ_MJAP01000032.1 position 163348
[13:39:48] Possible /pseudo 'ATP-dependent zinc metalloprotease FtsH' at NZ_MJAP01000032.1 position 175762
[13:39:48] Possible /pseudo 'putative zinc protease' at NZ_MJAP01000033.1 position 67457
[13:39:48] Possible /pseudo '3-deoxy-D-manno-octulosonic acid transferase' at NZ_MJAP01000034.1 position 178704
[13:39:48] Possible /pseudo 'Bifunctional NAD(P)H-hydrate repair enzyme Nnr' at NZ_MJAP01000034.1 position 324701
[13:39:48] Possible /pseudo 'Putative fluoride ion transporter CrcB' at NZ_MJAP01000034.1 position 395085
[13:39:48] Possible /pseudo 'Flagellar basal-body rod protein FlgG' at NZ_MJAP01000034.1 position 467283
[13:39:48] Possible /pseudo 'Tn3 family transposase TnXax1' at NZ_MJAP01000034.1 position 587099
[13:39:48] Possible /pseudo 'Magnesium transporter MgtE' at NZ_MJAP01000037.1 position 9062
[13:39:48] Possible /pseudo 'IS3 family transposase ISDsh1' at NZ_MJAP01000009.1 position 46768
[13:39:48] Found 1569 unique /gene codes.
[13:39:48] Fixed 2 duplicate /gene - cobB_1 cobB_2
[13:39:48] Fixed 2 duplicate /gene - gloB_1 gloB_2
[13:39:48] Fixed 2 duplicate /gene - prs_1 prs_2
[13:39:48] Fixed 3 duplicate /gene - yliI_1 yliI_2 yliI_3
[13:39:48] Fixed 2 duplicate /gene - slcC_1 slcC_2
[13:39:48] Fixed 3 duplicate /gene - ald_1 ald_2 ald_3
[13:39:48] Fixed 17 duplicate /gene - rcsC_1 rcsC_2 rcsC_3 rcsC_4 rcsC_5 rcsC_6 rcsC_7 rcsC_8 rcsC_9 rcsC_10 rcsC_11 rcsC_12 rcsC_13 rcsC_14 rcsC_15 rcsC_16 rcsC_17
[13:39:48] Fixed 3 duplicate /gene - sucC_1 sucC_2 sucC_3
[13:39:48] Fixed 2 duplicate /gene - pcpR_1 pcpR_2
[13:39:48] Fixed 2 duplicate /gene - tolQ_1 tolQ_2
[13:39:48] Fixed 2 duplicate /gene - nrtA_1 nrtA_2
[13:39:48] Fixed 2 duplicate /gene - mtgB_1 mtgB_2
[13:39:48] Fixed 6 duplicate /gene - livH_1 livH_2 livH_3 livH_4 livH_5 livH_6
[13:39:48] Fixed 2 duplicate /gene - kce_1 kce_2
[13:39:48] Fixed 2 duplicate /gene - yqaA_1 yqaA_2
[13:39:48] Fixed 3 duplicate /gene - mtlK_1 mtlK_2 mtlK_3
[13:39:48] Fixed 2 duplicate /gene - mdtA_1 mdtA_2
[13:39:48] Fixed 2 duplicate /gene - COQ5_1 COQ5_2
[13:39:48] Fixed 2 duplicate /gene - rppH_1 rppH_2
[13:39:48] Fixed 2 duplicate /gene - dsbD_1 dsbD_2
[13:39:48] Fixed 2 duplicate /gene - sugC_1 sugC_2
[13:39:48] Fixed 2 duplicate /gene - iolE_1 iolE_2
[13:39:48] Fixed 2 duplicate /gene - ycaD_1 ycaD_2
[13:39:48] Fixed 2 duplicate /gene - pgtC_1 pgtC_2
[13:39:48] Fixed 3 duplicate /gene - sucD_1 sucD_2 sucD_3
[13:39:48] Fixed 2 duplicate /gene - rnd_1 rnd_2
[13:39:48] Fixed 2 duplicate /gene - puuA_1 puuA_2
[13:39:48] Fixed 2 duplicate /gene - msrB_1 msrB_2
[13:39:48] Fixed 2 duplicate /gene - yecS_1 yecS_2
[13:39:48] Fixed 2 duplicate /gene - decR_1 decR_2
[13:39:48] Fixed 2 duplicate /gene - mlhB_1 mlhB_2
[13:39:48] Fixed 2 duplicate /gene - thadh_1 thadh_2
[13:39:48] Fixed 2 duplicate /gene - kdgK_1 kdgK_2
[13:39:48] Fixed 4 duplicate /gene - hcaB_1 hcaB_2 hcaB_3 hcaB_4
[13:39:48] Fixed 2 duplicate /gene - cheY_1 cheY_2
[13:39:48] Fixed 2 duplicate /gene - ompR_1 ompR_2
[13:39:48] Fixed 2 duplicate /gene - secA_1 secA_2
[13:39:48] Fixed 2 duplicate /gene - soxB_1 soxB_2
[13:39:48] Fixed 2 duplicate /gene - murF_1 murF_2
[13:39:48] Fixed 2 duplicate /gene - rsbW_1 rsbW_2
[13:39:48] Fixed 3 duplicate /gene - kdgR_1 kdgR_2 kdgR_3
[13:39:48] Fixed 2 duplicate /gene - argP_1 argP_2
[13:39:48] Fixed 2 duplicate /gene - rfbD_1 rfbD_2
[13:39:48] Fixed 2 duplicate /gene - dapE_1 dapE_2
[13:39:48] Fixed 3 duplicate /gene - yyaP_1 yyaP_2 yyaP_3
[13:39:48] Fixed 5 duplicate /gene - fabG_1 fabG_2 fabG_3 fabG_4 fabG_5
[13:39:48] Fixed 2 duplicate /gene - waaA_1 waaA_2
[13:39:48] Fixed 2 duplicate /gene - csaA_1 csaA_2
[13:39:48] Fixed 8 duplicate /gene - sasA_1 sasA_2 sasA_3 sasA_4 sasA_5 sasA_6 sasA_7 sasA_8
[13:39:48] Fixed 2 duplicate /gene - purF_1 purF_2
[13:39:48] Fixed 2 duplicate /gene - virC1_1 virC1_2
[13:39:48] Fixed 3 duplicate /gene - dctD_1 dctD_2 dctD_3
[13:39:48] Fixed 2 duplicate /gene - ubiL_1 ubiL_2
[13:39:48] Fixed 2 duplicate /gene - yhdW_1 yhdW_2
[13:39:48] Fixed 2 duplicate /gene - pccR_1 pccR_2
[13:39:48] Fixed 3 duplicate /gene - gsiD_1 gsiD_2 gsiD_3
[13:39:48] Fixed 2 duplicate /gene - mgtC_1 mgtC_2
[13:39:48] Fixed 2 duplicate /gene - ndhB_1 ndhB_2
[13:39:48] Fixed 2 duplicate /gene - acsA_1 acsA_2
[13:39:48] Fixed 2 duplicate /gene - norR_1 norR_2
[13:39:48] Fixed 3 duplicate /gene - menH_1 menH_2 menH_3
[13:39:48] Fixed 3 duplicate /gene - ppsC_1 ppsC_2 ppsC_3
[13:39:48] Fixed 9 duplicate /gene - lrp_1 lrp_2 lrp_3 lrp_4 lrp_5 lrp_6 lrp_7 lrp_8 lrp_9
[13:39:48] Fixed 2 duplicate /gene - acpP_1 acpP_2
[13:39:48] Fixed 3 duplicate /gene - lexA_1 lexA_2 lexA_3
[13:39:48] Fixed 2 duplicate /gene - noc_1 noc_2
[13:39:48] Fixed 4 duplicate /gene - rbsC_1 rbsC_2 rbsC_3 rbsC_4
[13:39:48] Fixed 2 duplicate /gene - ccpA_1 ccpA_2
[13:39:48] Fixed 2 duplicate /gene - dxs_1 dxs_2
[13:39:48] Fixed 7 duplicate /gene - gsiC_1 gsiC_2 gsiC_3 gsiC_4 gsiC_5 gsiC_6 gsiC_7
[13:39:48] Fixed 2 duplicate /gene - yfcG_1 yfcG_2
[13:39:48] Fixed 2 duplicate /gene - phaC_1 phaC_2
[13:39:48] Fixed 3 duplicate /gene - rpoH_1 rpoH_2 rpoH_3
[13:39:48] Fixed 2 duplicate /gene - COQ3_1 COQ3_2
[13:39:48] Fixed 10 duplicate /gene - btuD_1 btuD_2 btuD_3 btuD_4 btuD_5 btuD_6 btuD_7 btuD_8 btuD_9 btuD_10
[13:39:48] Fixed 3 duplicate /gene - fieF_1 fieF_2 fieF_3
[13:39:48] Fixed 3 duplicate /gene - prmC_1 prmC_2 prmC_3
[13:39:48] Fixed 2 duplicate /gene - metH_1 metH_2
[13:39:48] Fixed 2 duplicate /gene - rafR_1 rafR_2
[13:39:48] Fixed 2 duplicate /gene - potA_1 potA_2
[13:39:48] Fixed 2 duplicate /gene - clpP_1 clpP_2
[13:39:48] Fixed 2 duplicate /gene - scpB_1 scpB_2
[13:39:48] Fixed 2 duplicate /gene - rsmB_1 rsmB_2
[13:39:48] Fixed 2 duplicate /gene - msmX_1 msmX_2
[13:39:48] Fixed 3 duplicate /gene - occR_1 occR_2 occR_3
[13:39:48] Fixed 4 duplicate /gene - frcA_1 frcA_2 frcA_3 frcA_4
[13:39:48] Fixed 2 duplicate /gene - purB_1 purB_2
[13:39:48] Fixed 2 duplicate /gene - btuC_1 btuC_2
[13:39:48] Fixed 2 duplicate /gene - clsA_1 clsA_2
[13:39:48] Fixed 3 duplicate /gene - hmrR_1 hmrR_2 hmrR_3
[13:39:48] Fixed 3 duplicate /gene - gcvT_1 gcvT_2 gcvT_3
[13:39:48] Fixed 2 duplicate /gene - thiQ_1 thiQ_2
[13:39:48] Fixed 9 duplicate /gene - dctM_1 dctM_2 dctM_3 dctM_4 dctM_5 dctM_6 dctM_7 dctM_8 dctM_9
[13:39:48] Fixed 2 duplicate /gene - sufS_1 sufS_2
[13:39:48] Fixed 2 duplicate /gene - groL_1 groL_2
[13:39:48] Fixed 2 duplicate /gene - rhlE_1 rhlE_2
[13:39:48] Fixed 2 duplicate /gene - flgG_1 flgG_2
[13:39:48] Fixed 2 duplicate /gene - atpG_1 atpG_2
[13:39:48] Fixed 2 duplicate /gene - flhA_1 flhA_2
[13:39:48] Fixed 2 duplicate /gene - erpA_1 erpA_2
[13:39:48] Fixed 6 duplicate /gene - rspR_1 rspR_2 rspR_3 rspR_4 rspR_5 rspR_6
[13:39:48] Fixed 3 duplicate /gene - ngcG_1 ngcG_2 ngcG_3
[13:39:48] Fixed 2 duplicate /gene - iolB_1 iolB_2
[13:39:48] Fixed 2 duplicate /gene - pcm_1 pcm_2
[13:39:48] Fixed 3 duplicate /gene - gtaB_1 gtaB_2 gtaB_3
[13:39:48] Fixed 7 duplicate /gene - livF_1 livF_2 livF_3 livF_4 livF_5 livF_6 livF_7
[13:39:48] Fixed 2 duplicate /gene - arcA_1 arcA_2
[13:39:48] Fixed 4 duplicate /gene - yejF_1 yejF_2 yejF_3 yejF_4
[13:39:48] Fixed 2 duplicate /gene - kdpE_1 kdpE_2
[13:39:48] Fixed 2 duplicate /gene - fixK_1 fixK_2
[13:39:48] Fixed 2 duplicate /gene - isdG_1 isdG_2
[13:39:48] Fixed 3 duplicate /gene - dasC_1 dasC_2 dasC_3
[13:39:48] Fixed 2 duplicate /gene - phaB_1 phaB_2
[13:39:48] Fixed 2 duplicate /gene - araQ_1 araQ_2
[13:39:48] Fixed 2 duplicate /gene - czcD_1 czcD_2
[13:39:48] Fixed 2 duplicate /gene - tctD_1 tctD_2
[13:39:48] Fixed 2 duplicate /gene - mrpD_1 mrpD_2
[13:39:48] Fixed 3 duplicate /gene - mcl1_1 mcl1_2 mcl1_3
[13:39:48] Fixed 2 duplicate /gene - dctB_1 dctB_2
[13:39:48] Fixed 2 duplicate /gene - pepA_1 pepA_2
[13:39:48] Fixed 2 duplicate /gene - rhaR_1 rhaR_2
[13:39:48] Fixed 2 duplicate /gene - gph_1 gph_2
[13:39:48] Fixed 3 duplicate /gene - ydcV_1 ydcV_2 ydcV_3
[13:39:48] Fixed 2 duplicate /gene - kpsM_1 kpsM_2
[13:39:48] Fixed 2 duplicate /gene - bacC_1 bacC_2
[13:39:48] Fixed 3 duplicate /gene - mglA_1 mglA_2 mglA_3
[13:39:48] Fixed 2 duplicate /gene - sgaA_1 sgaA_2
[13:39:48] Fixed 2 duplicate /gene - suhB_1 suhB_2
[13:39:48] Fixed 2 duplicate /gene - kefC_1 kefC_2
[13:39:48] Fixed 3 duplicate /gene - rbsR_1 rbsR_2 rbsR_3
[13:39:48] Fixed 2 duplicate /gene - proC_1 proC_2
[13:39:48] Fixed 2 duplicate /gene - hmp_1 hmp_2
[13:39:48] Fixed 2 duplicate /gene - mdh_1 mdh_2
[13:39:48] Fixed 2 duplicate /gene - dmdC_1 dmdC_2
[13:39:48] Fixed 2 duplicate /gene - glaR_1 glaR_2
[13:39:48] Fixed 3 duplicate /gene - dppA_1 dppA_2 dppA_3
[13:39:48] Fixed 2 duplicate /gene - cspA_1 cspA_2
[13:39:48] Fixed 5 duplicate /gene - ribN_1 ribN_2 ribN_3 ribN_4 ribN_5
[13:39:48] Fixed 5 duplicate /gene - gntR_1 gntR_2 gntR_3 gntR_4 gntR_5
[13:39:48] Fixed 2 duplicate /gene - hyuA_1 hyuA_2
[13:39:48] Fixed 3 duplicate /gene - tdh_1 tdh_2 tdh_3
[13:39:48] Fixed 2 duplicate /gene - malL_1 malL_2
[13:39:48] Fixed 2 duplicate /gene - aceE_1 aceE_2
[13:39:48] Fixed 3 duplicate /gene - echA8_1 echA8_2 echA8_3
[13:39:48] Fixed 2 duplicate /gene - bphC_1 bphC_2
[13:39:48] Fixed 2 duplicate /gene - adk_1 adk_2
[13:39:48] Fixed 2 duplicate /gene - xthA_1 xthA_2
[13:39:48] Fixed 2 duplicate /gene - ihfB_1 ihfB_2
[13:39:48] Fixed 2 duplicate /gene - degP_1 degP_2
[13:39:48] Fixed 2 duplicate /gene - hmuV_1 hmuV_2
[13:39:48] Fixed 3 duplicate /gene - bepA_1 bepA_2 bepA_3
[13:39:48] Fixed 2 duplicate /gene - devR_1 devR_2
[13:39:48] Fixed 2 duplicate /gene - trpD_1 trpD_2
[13:39:48] Fixed 2 duplicate /gene - arcB_1 arcB_2
[13:39:48] Fixed 2 duplicate /gene - nnr_1 nnr_2
[13:39:48] Fixed 3 duplicate /gene - mltF_1 mltF_2 mltF_3
[13:39:48] Fixed 2 duplicate /gene - alkJ_1 alkJ_2
[13:39:48] Fixed 2 duplicate /gene - ghrA_1 ghrA_2
[13:39:48] Fixed 2 duplicate /gene - garR_1 garR_2
[13:39:48] Fixed 3 duplicate /gene - cysA_1 cysA_2 cysA_3
[13:39:48] Fixed 3 duplicate /gene - davD_1 davD_2 davD_3
[13:39:48] Fixed 5 duplicate /gene - pal_1 pal_2 pal_3 pal_4 pal_5
[13:39:48] Fixed 2 duplicate /gene - kduD_1 kduD_2
[13:39:48] Fixed 2 duplicate /gene - cynR_1 cynR_2
[13:39:48] Fixed 2 duplicate /gene - mdtC_1 mdtC_2
[13:39:48] Fixed 2 duplicate /gene - lldR_1 lldR_2
[13:39:48] Fixed 2 duplicate /gene - thiE_1 thiE_2
[13:39:48] Fixed 2 duplicate /gene - mcbR_1 mcbR_2
[13:39:48] Fixed 4 duplicate /gene - hisC_1 hisC_2 hisC_3 hisC_4
[13:39:48] Fixed 2 duplicate /gene - maeB_1 maeB_2
[13:39:48] Fixed 2 duplicate /gene - xylH_1 xylH_2
[13:39:48] Fixed 2 duplicate /gene - ssuC_1 ssuC_2
[13:39:48] Fixed 3 duplicate /gene - kpsT_1 kpsT_2 kpsT_3
[13:39:48] Fixed 4 duplicate /gene - betI_1 betI_2 betI_3 betI_4
[13:39:48] Fixed 3 duplicate /gene - dapA_1 dapA_2 dapA_3
[13:39:48] Fixed 5 duplicate /gene - mshA_1 mshA_2 mshA_3 mshA_4 mshA_5
[13:39:48] Fixed 3 duplicate /gene - ugpC_1 ugpC_2 ugpC_3
[13:39:48] Fixed 3 duplicate /gene - oxyR_1 oxyR_2 oxyR_3
[13:39:48] Fixed 3 duplicate /gene - phaA_1 phaA_2 phaA_3
[13:39:48] Fixed 7 duplicate /gene - lptB_1 lptB_2 lptB_3 lptB_4 lptB_5 lptB_6 lptB_7
[13:39:48] Fixed 3 duplicate /gene - hipO_1 hipO_2 hipO_3
[13:39:48] Fixed 2 duplicate /gene - rbsA_1 rbsA_2
[13:39:48] Fixed 3 duplicate /gene - gsiA_1 gsiA_2 gsiA_3
[13:39:48] Fixed 2 duplicate /gene - glnB_1 glnB_2
[13:39:48] Fixed 3 duplicate /gene - hisE_1 hisE_2 hisE_3
[13:39:48] Fixed 2 duplicate /gene - betB_1 betB_2
[13:39:48] Fixed 2 duplicate /gene - uxaB_1 uxaB_2
[13:39:48] Fixed 2 duplicate /gene - hbpA_1 hbpA_2
[13:39:48] Fixed 2 duplicate /gene - cysG_1 cysG_2
[13:39:48] Fixed 8 duplicate /gene - iolG_1 iolG_2 iolG_3 iolG_4 iolG_5 iolG_6 iolG_7 iolG_8
[13:39:48] Fixed 4 duplicate /gene - dppB_1 dppB_2 dppB_3 dppB_4
[13:39:48] Fixed 2 duplicate /gene - folD_1 folD_2
[13:39:48] Fixed 2 duplicate /gene - fabF_1 fabF_2
[13:39:48] Fixed 2 duplicate /gene - catD_1 catD_2
[13:39:48] Fixed 2 duplicate /gene - amiC_1 amiC_2
[13:39:48] Fixed 2 duplicate /gene - fpr_1 fpr_2
[13:39:48] Fixed 3 duplicate /gene - acdA_1 acdA_2 acdA_3
[13:39:48] Fixed 2 duplicate /gene - araC_1 araC_2
[13:39:48] Fixed 2 duplicate /gene - lldD_1 lldD_2
[13:39:48] Fixed 2 duplicate /gene - paaJ_1 paaJ_2
[13:39:48] Fixed 2 duplicate /gene - ompA_1 ompA_2
[13:39:48] Fixed 2 duplicate /gene - ngcF_1 ngcF_2
[13:39:48] Fixed 2 duplicate /gene - alkB2_1 alkB2_2
[13:39:48] Fixed 2 duplicate /gene - surA_1 surA_2
[13:39:48] Fixed 3 duplicate /gene - actP_1 actP_2 actP_3
[13:39:48] Fixed 2 duplicate /gene - siaM_1 siaM_2
[13:39:48] Fixed 2 duplicate /gene - kduI_1 kduI_2
[13:39:48] Fixed 2 duplicate /gene - mtgA_1 mtgA_2
[13:39:48] Fixed 4 duplicate /gene - dmlR_1 dmlR_2 dmlR_3 dmlR_4
[13:39:48] Fixed 2 duplicate /gene - pyrC_1 pyrC_2
[13:39:48] Fixed 2 duplicate /gene - slyA_1 slyA_2
[13:39:48] Fixed 3 duplicate /gene - gloA_1 gloA_2 gloA_3
[13:39:48] Fixed 2 duplicate /gene - ilvE_1 ilvE_2
[13:39:48] Fixed 5 duplicate /gene - spuC_1 spuC_2 spuC_3 spuC_4 spuC_5
[13:39:48] Fixed 2 duplicate /gene - crcB_1 crcB_2
[13:39:48] Fixed 2 duplicate /gene - ywrD_1 ywrD_2
[13:39:48] Fixed 4 duplicate /gene - uxuA_1 uxuA_2 uxuA_3 uxuA_4
[13:39:48] Fixed 5 duplicate /gene - ftsH_1 ftsH_2 ftsH_3 ftsH_4 ftsH_5
[13:39:48] Fixed 2 duplicate /gene - tauB_1 tauB_2
[13:39:48] Fixed 2 duplicate /gene - dadA1_1 dadA1_2
[13:39:48] Fixed 2 duplicate /gene - argE_1 argE_2
[13:39:48] Fixed 3 duplicate /gene - soxA_1 soxA_2 soxA_3
[13:39:48] Fixed 3 duplicate /gene - lcfB_1 lcfB_2 lcfB_3
[13:39:48] Fixed 4 duplicate /gene - ssb_1 ssb_2 ssb_3 ssb_4
[13:39:48] Fixed 4 duplicate /gene - ddpC_1 ddpC_2 ddpC_3 ddpC_4
[13:39:48] Fixed 6 duplicate /gene - puuB_1 puuB_2 puuB_3 puuB_4 puuB_5 puuB_6
[13:39:48] Fixed 2 duplicate /gene - fabI_1 fabI_2
[13:39:48] Fixed 2 duplicate /gene - ecfG_1 ecfG_2
[13:39:48] Fixed 3 duplicate /gene - xerC_1 xerC_2 xerC_3
[13:39:48] Fixed 2 duplicate /gene - idnD_1 idnD_2
[13:39:48] Fixed 2 duplicate /gene - lacF_1 lacF_2
[13:39:48] Fixed 2 duplicate /gene - hdfR_1 hdfR_2
[13:39:48] Fixed 2 duplicate /gene - fabH_1 fabH_2
[13:39:48] Fixed 4 duplicate /gene - degU_1 degU_2 degU_3 degU_4
[13:39:48] Fixed 2 duplicate /gene - mnmC_1 mnmC_2
[13:39:48] Fixed 2 duplicate /gene - gltX_1 gltX_2
[13:39:48] Fixed 3 duplicate /gene - cytR_1 cytR_2 cytR_3
[13:39:48] Fixed 2 duplicate /gene - nagZ_1 nagZ_2
[13:39:48] Fixed 2 duplicate /gene - uxaC_1 uxaC_2
[13:39:48] Fixed 2 duplicate /gene - dksA_1 dksA_2
[13:39:48] Fixed 2 duplicate /gene - betC_1 betC_2
[13:39:48] Fixed 7 duplicate /gene - melD_1 melD_2 melD_3 melD_4 melD_5 melD_6 melD_7
[13:39:48] Fixed 2 duplicate /gene - dctP_1 dctP_2
[13:39:48] Fixed 2 duplicate /gene - moeA_1 moeA_2
[13:39:48] Fixed 2 duplicate /gene - acr3_1 acr3_2
[13:39:48] Fixed 6 duplicate /gene - malK_1 malK_2 malK_3 malK_4 malK_5 malK_6
[13:39:48] Fixed 3 duplicate /gene - nagR_1 nagR_2 nagR_3
[13:39:48] Fixed 3 duplicate /gene - abo_1 abo_2 abo_3
[13:39:48] Fixed 2 duplicate /gene - vapC_1 vapC_2
[13:39:48] Fixed 2 duplicate /gene - ibpA_1 ibpA_2
[13:39:48] Fixed 2 duplicate /gene - ctaC_1 ctaC_2
[13:39:48] Fixed 5 duplicate /gene - hvrA_1 hvrA_2 hvrA_3 hvrA_4 hvrA_5
[13:39:48] Fixed 2 duplicate /gene - dppD_1 dppD_2
[13:39:48] Fixed 2 duplicate /gene - uppP_1 uppP_2
[13:39:48] Fixed 2 duplicate /gene - cdhR_1 cdhR_2
[13:39:48] Fixed 255 colliding /gene names.
[13:39:48] Adding /locus_tag identifiers
[13:39:48] Assigned 3931 locus_tags to CDS and RNA features.
[13:39:48] Writing outputs to annotated2/AH01/GCF_001884735.1_Natronohydrobacter_thiooxidans_AH01_prokka/
[13:39:50] Generating annotation statistics file
[13:39:50] Generating Genbank and Sequin files
[13:39:50] Running: tbl2asn -V b -a r10k -l paired-ends -M n -N 1 -y 'Annotated using prokka 1.14.6 from https://github.com/tseemann/prokka' -Z annotated2\/AH01\/GCF_001884735\.1_Natronohydrobacter_thiooxidans_AH01_prokka\/GCF_001884735\.1_Natronohydrobacter_thiooxidans_AH01\.err -i annotated2\/AH01\/GCF_001884735\.1_Natronohydrobacter_thiooxidans_AH01_prokka\/GCF_001884735\.1_Natronohydrobacter_thiooxidans_AH01\.fsa 2> /dev/null
[13:39:55] Deleting unwanted file: annotated2/AH01/GCF_001884735.1_Natronohydrobacter_thiooxidans_AH01_prokka/errorsummary.val
[13:39:55] Deleting unwanted file: annotated2/AH01/GCF_001884735.1_Natronohydrobacter_thiooxidans_AH01_prokka/GCF_001884735.1_Natronohydrobacter_thiooxidans_AH01.dr
[13:39:55] Deleting unwanted file: annotated2/AH01/GCF_001884735.1_Natronohydrobacter_thiooxidans_AH01_prokka/GCF_001884735.1_Natronohydrobacter_thiooxidans_AH01.fixedproducts
[13:39:55] Deleting unwanted file: annotated2/AH01/GCF_001884735.1_Natronohydrobacter_thiooxidans_AH01_prokka/GCF_001884735.1_Natronohydrobacter_thiooxidans_AH01.ecn
[13:39:55] Deleting unwanted file: annotated2/AH01/GCF_001884735.1_Natronohydrobacter_thiooxidans_AH01_prokka/GCF_001884735.1_Natronohydrobacter_thiooxidans_AH01.val
[13:39:55] Repairing broken .GBK output that tbl2asn produces...
[13:39:55] Running: sed 's/COORDINATES: profile/COORDINATES:profile/' < annotated2\/AH01\/GCF_001884735\.1_Natronohydrobacter_thiooxidans_AH01_prokka\/GCF_001884735\.1_Natronohydrobacter_thiooxidans_AH01\.gbf > annotated2\/AH01\/GCF_001884735\.1_Natronohydrobacter_thiooxidans_AH01_prokka\/GCF_001884735\.1_Natronohydrobacter_thiooxidans_AH01\.gbk
[13:39:55] Deleting unwanted file: annotated2/AH01/GCF_001884735.1_Natronohydrobacter_thiooxidans_AH01_prokka/GCF_001884735.1_Natronohydrobacter_thiooxidans_AH01.gbf
[13:39:55] Output files:
[13:39:55] annotated2/AH01/GCF_001884735.1_Natronohydrobacter_thiooxidans_AH01_prokka/GCF_001884735.1_Natronohydrobacter_thiooxidans_AH01.err
[13:39:55] annotated2/AH01/GCF_001884735.1_Natronohydrobacter_thiooxidans_AH01_prokka/GCF_001884735.1_Natronohydrobacter_thiooxidans_AH01.fsa
[13:39:55] annotated2/AH01/GCF_001884735.1_Natronohydrobacter_thiooxidans_AH01_prokka/GCF_001884735.1_Natronohydrobacter_thiooxidans_AH01.fna
[13:39:55] annotated2/AH01/GCF_001884735.1_Natronohydrobacter_thiooxidans_AH01_prokka/GCF_001884735.1_Natronohydrobacter_thiooxidans_AH01.ffn
[13:39:55] annotated2/AH01/GCF_001884735.1_Natronohydrobacter_thiooxidans_AH01_prokka/GCF_001884735.1_Natronohydrobacter_thiooxidans_AH01.txt
[13:39:55] annotated2/AH01/GCF_001884735.1_Natronohydrobacter_thiooxidans_AH01_prokka/GCF_001884735.1_Natronohydrobacter_thiooxidans_AH01.sqn
[13:39:55] annotated2/AH01/GCF_001884735.1_Natronohydrobacter_thiooxidans_AH01_prokka/GCF_001884735.1_Natronohydrobacter_thiooxidans_AH01.log
[13:39:55] annotated2/AH01/GCF_001884735.1_Natronohydrobacter_thiooxidans_AH01_prokka/GCF_001884735.1_Natronohydrobacter_thiooxidans_AH01.gff
[13:39:55] annotated2/AH01/GCF_001884735.1_Natronohydrobacter_thiooxidans_AH01_prokka/GCF_001884735.1_Natronohydrobacter_thiooxidans_AH01.faa
[13:39:55] annotated2/AH01/GCF_001884735.1_Natronohydrobacter_thiooxidans_AH01_prokka/GCF_001884735.1_Natronohydrobacter_thiooxidans_AH01.tbl
[13:39:55] annotated2/AH01/GCF_001884735.1_Natronohydrobacter_thiooxidans_AH01_prokka/GCF_001884735.1_Natronohydrobacter_thiooxidans_AH01.tsv
[13:39:55] annotated2/AH01/GCF_001884735.1_Natronohydrobacter_thiooxidans_AH01_prokka/GCF_001884735.1_Natronohydrobacter_thiooxidans_AH01.gbk
[13:39:55] Annotation finished successfully.
[13:39:55] Walltime used: 1.07 minutes
[13:39:55] If you use this result please cite the Prokka paper:
[13:39:55] Seemann T (2014) Prokka: rapid prokaryotic genome annotation. Bioinformatics. 30(14):2068-9.
[13:39:55] Type 'prokka --citation' for more details.
[13:39:55] Thank you, come again.
