INFO     20/07 16:11:27   antiSMASH version: 7.0.0
INFO     20/07 16:11:27   diamond using executable: /usr/bin/diamond-aligner (2.0.7)
INFO     20/07 16:11:27   hmmpfam2 using executable: /usr/bin/hmm2pfam (2.3.2)
INFO     20/07 16:11:27   fasttree using executable: /usr/bin/fasttree
INFO     20/07 16:11:27   hmmsearch using executable: /usr/bin/hmmsearch (3.3.2)
INFO     20/07 16:11:27   hmmpress using executable: /usr/bin/hmmpress (3.3.2)
INFO     20/07 16:11:27   hmmscan using executable: /usr/bin/hmmscan (3.3.2)
INFO     20/07 16:11:28   meme using executable: /usr/bin/meme (4.11.2)
INFO     20/07 16:11:28   fimo using executable: /usr/bin/fimo (4.11.2)
INFO     20/07 16:11:28   glimmerhmm using executable: /usr/bin/glimmerhmm
INFO     20/07 16:11:28   prodigal using executable: /usr/bin/prodigal (V2.6.3)
INFO     20/07 16:11:28   blastp using executable: /usr/bin/blastp (2.11.0+)
INFO     20/07 16:11:28   makeblastdb using executable: /usr/bin/makeblastdb (2.11.0+)
DEBUG    20/07 16:11:28   Checking prerequisites for antismash.detection.hmm_detection
DEBUG    20/07 16:11:28   Found file '/usr/local/lib/python3.9/dist-packages/antismash/detection/hmm_detection/data/bgc_seeds.hmm'
DEBUG    20/07 16:11:28   Found file '/usr/local/lib/python3.9/dist-packages/antismash/detection/hmm_detection/data/bgc_seeds.hmm.h3f'
DEBUG    20/07 16:11:28   Found file '/usr/local/lib/python3.9/dist-packages/antismash/detection/hmm_detection/data/bgc_seeds.hmm.h3i'
DEBUG    20/07 16:11:28   Found file '/usr/local/lib/python3.9/dist-packages/antismash/detection/hmm_detection/data/bgc_seeds.hmm.h3m'
DEBUG    20/07 16:11:28   Found file '/usr/local/lib/python3.9/dist-packages/antismash/detection/hmm_detection/data/bgc_seeds.hmm.h3p'
DEBUG    20/07 16:11:28   Checking prerequisites for antismash.detection.cluster_hmmer
DEBUG    20/07 16:11:28   Found file '/databases/pfam/34.0/Pfam-A.hmm'
DEBUG    20/07 16:11:28   Found file '/databases/pfam/34.0/Pfam-A.hmm.h3f'
DEBUG    20/07 16:11:28   Found file '/databases/pfam/34.0/Pfam-A.hmm.h3i'
DEBUG    20/07 16:11:28   Found file '/databases/pfam/34.0/Pfam-A.hmm.h3m'
DEBUG    20/07 16:11:28   Found file '/databases/pfam/34.0/Pfam-A.hmm.h3p'
DEBUG    20/07 16:11:28   Checking prerequisites for antismash.detection.genefunctions
DEBUG    20/07 16:11:28   Found file '/databases/resfam/Resfams.hmm'
DEBUG    20/07 16:11:28   Found file '/usr/local/lib/python3.9/dist-packages/antismash/detection/genefunctions/data/smcogs.hmm.h3f'
DEBUG    20/07 16:11:28   Found file '/usr/local/lib/python3.9/dist-packages/antismash/detection/genefunctions/data/smcogs.hmm.h3i'
DEBUG    20/07 16:11:28   Found file '/usr/local/lib/python3.9/dist-packages/antismash/detection/genefunctions/data/smcogs.hmm.h3m'
DEBUG    20/07 16:11:28   Found file '/usr/local/lib/python3.9/dist-packages/antismash/detection/genefunctions/data/smcogs.hmm.h3p'
DEBUG    20/07 16:11:28   Found file '/databases/resfam/Resfams.hmm.h3f'
DEBUG    20/07 16:11:28   Found file '/databases/resfam/Resfams.hmm.h3i'
DEBUG    20/07 16:11:28   Found file '/databases/resfam/Resfams.hmm.h3m'
DEBUG    20/07 16:11:28   Found file '/databases/resfam/Resfams.hmm.h3p'
DEBUG    20/07 16:11:28   Checking prerequisites for antismash.detection.nrps_pks_domains
DEBUG    20/07 16:11:28   Found file '/usr/local/lib/python3.9/dist-packages/antismash/detection/nrps_pks_domains/data/abmotifs.hmm.h3f'
DEBUG    20/07 16:11:28   Found file '/usr/local/lib/python3.9/dist-packages/antismash/detection/nrps_pks_domains/data/abmotifs.hmm.h3i'
DEBUG    20/07 16:11:28   Found file '/usr/local/lib/python3.9/dist-packages/antismash/detection/nrps_pks_domains/data/abmotifs.hmm.h3m'
DEBUG    20/07 16:11:28   Found file '/usr/local/lib/python3.9/dist-packages/antismash/detection/nrps_pks_domains/data/abmotifs.hmm.h3p'
DEBUG    20/07 16:11:28   Found file '/usr/local/lib/python3.9/dist-packages/antismash/detection/nrps_pks_domains/data/dockingdomains.hmm.h3f'
DEBUG    20/07 16:11:28   Found file '/usr/local/lib/python3.9/dist-packages/antismash/detection/nrps_pks_domains/data/dockingdomains.hmm.h3i'
DEBUG    20/07 16:11:28   Found file '/usr/local/lib/python3.9/dist-packages/antismash/detection/nrps_pks_domains/data/dockingdomains.hmm.h3m'
DEBUG    20/07 16:11:28   Found file '/usr/local/lib/python3.9/dist-packages/antismash/detection/nrps_pks_domains/data/dockingdomains.hmm.h3p'
DEBUG    20/07 16:11:28   Found file '/usr/local/lib/python3.9/dist-packages/antismash/detection/nrps_pks_domains/data/ksdomains.hmm.h3f'
DEBUG    20/07 16:11:28   Found file '/usr/local/lib/python3.9/dist-packages/antismash/detection/nrps_pks_domains/data/ksdomains.hmm.h3i'
DEBUG    20/07 16:11:28   Found file '/usr/local/lib/python3.9/dist-packages/antismash/detection/nrps_pks_domains/data/ksdomains.hmm.h3m'
DEBUG    20/07 16:11:28   Found file '/usr/local/lib/python3.9/dist-packages/antismash/detection/nrps_pks_domains/data/ksdomains.hmm.h3p'
DEBUG    20/07 16:11:28   Found file '/usr/local/lib/python3.9/dist-packages/antismash/detection/nrps_pks_domains/data/nrpspksdomains.hmm.h3f'
DEBUG    20/07 16:11:28   Found file '/usr/local/lib/python3.9/dist-packages/antismash/detection/nrps_pks_domains/data/nrpspksdomains.hmm.h3i'
DEBUG    20/07 16:11:28   Found file '/usr/local/lib/python3.9/dist-packages/antismash/detection/nrps_pks_domains/data/nrpspksdomains.hmm.h3m'
DEBUG    20/07 16:11:28   Found file '/usr/local/lib/python3.9/dist-packages/antismash/detection/nrps_pks_domains/data/nrpspksdomains.hmm.h3p'
DEBUG    20/07 16:11:28   Found file '/databases/nrps_pks/transATor/2023.02.23/transATor.hmm.h3f'
DEBUG    20/07 16:11:28   Found file '/databases/nrps_pks/transATor/2023.02.23/transATor.hmm.h3i'
DEBUG    20/07 16:11:28   Found file '/databases/nrps_pks/transATor/2023.02.23/transATor.hmm.h3m'
DEBUG    20/07 16:11:28   Found file '/databases/nrps_pks/transATor/2023.02.23/transATor.hmm.h3p'
DEBUG    20/07 16:11:28   Checking prerequisites for antismash.detection.tigrfam
DEBUG    20/07 16:11:28   Found file '/databases/tigrfam/TIGRFam.hmm'
DEBUG    20/07 16:11:28   Found file '/databases/tigrfam/TIGRFam.hmm.h3f'
DEBUG    20/07 16:11:28   Found file '/databases/tigrfam/TIGRFam.hmm.h3i'
DEBUG    20/07 16:11:28   Found file '/databases/tigrfam/TIGRFam.hmm.h3m'
DEBUG    20/07 16:11:28   Found file '/databases/tigrfam/TIGRFam.hmm.h3p'
DEBUG    20/07 16:11:28   Checking prerequisites for antismash.modules.active_site_finder
DEBUG    20/07 16:11:28   Found file '/usr/local/lib/python3.9/dist-packages/antismash/modules/active_site_finder/data/PKSI-KR.hmm2'
DEBUG    20/07 16:11:28   Found file '/usr/local/lib/python3.9/dist-packages/antismash/modules/active_site_finder/data/PKSI-KS_N.hmm2'
DEBUG    20/07 16:11:28   Found file '/usr/local/lib/python3.9/dist-packages/antismash/modules/active_site_finder/data/PKSI-KS_C.hmm2'
DEBUG    20/07 16:11:28   Found file '/usr/local/lib/python3.9/dist-packages/antismash/modules/active_site_finder/data/PKSI-AT.hmm2'
DEBUG    20/07 16:11:28   Found file '/usr/local/lib/python3.9/dist-packages/antismash/modules/active_site_finder/data/PKSI-ACP.hmm2'
DEBUG    20/07 16:11:28   Found file '/usr/local/lib/python3.9/dist-packages/antismash/modules/active_site_finder/data/PKSI-DH.hmm2'
DEBUG    20/07 16:11:28   Found file '/usr/local/lib/python3.9/dist-packages/antismash/modules/active_site_finder/data/Thioesterase.hmm2'
DEBUG    20/07 16:11:28   Found file '/usr/local/lib/python3.9/dist-packages/antismash/modules/active_site_finder/data/PKSI-ER.hmm2'
DEBUG    20/07 16:11:28   Found file '/usr/local/lib/python3.9/dist-packages/antismash/modules/active_site_finder/data/p450.hmm2'
DEBUG    20/07 16:11:28   Checking prerequisites for antismash.modules.cluster_compare
DEBUG    20/07 16:11:28   Found file '/databases/clustercompare/mibig/3.1/data.json'
DEBUG    20/07 16:11:28   Found file '/databases/clustercompare/mibig/3.1/proteins.fasta'
DEBUG    20/07 16:11:28   Found file '/databases/clustercompare/mibig/3.1/proteins.dmnd'
DEBUG    20/07 16:11:28   Found file '/databases/clustercompare/mibig/3.1/proteins.dmnd'
DEBUG    20/07 16:11:28   Checking prerequisites for antismash.modules.clusterblast
DEBUG    20/07 16:11:28   Found file '/databases/knownclusterblast/3.1/clusters.txt'
DEBUG    20/07 16:11:28   Found file '/databases/knownclusterblast/3.1/proteins.fasta'
DEBUG    20/07 16:11:28   Found file '/databases/knownclusterblast/3.1/proteins.dmnd'
DEBUG    20/07 16:11:28   Found file '/databases/knownclusterblast/3.1/proteins.dmnd'
DEBUG    20/07 16:11:28   Found file '/databases/clusterblast/clusters.txt'
DEBUG    20/07 16:11:28   Found file '/databases/clusterblast/proteins.fasta'
DEBUG    20/07 16:11:28   Found file '/databases/clusterblast/proteins.dmnd'
DEBUG    20/07 16:11:28   Found file '/databases/clusterblast/proteins.dmnd'
DEBUG    20/07 16:11:28   Found file '/usr/local/lib/python3.9/dist-packages/antismash/modules/clusterblast/data/sub/proteins.fasta'
DEBUG    20/07 16:11:28   Found file '/usr/local/lib/python3.9/dist-packages/antismash/modules/clusterblast/data/sub/proteins.fasta.phr'
DEBUG    20/07 16:11:28   Found file '/usr/local/lib/python3.9/dist-packages/antismash/modules/clusterblast/data/sub/proteins.fasta.pin'
DEBUG    20/07 16:11:28   Found file '/usr/local/lib/python3.9/dist-packages/antismash/modules/clusterblast/data/sub/proteins.fasta.psq'
DEBUG    20/07 16:11:28   Found file '/usr/local/lib/python3.9/dist-packages/antismash/modules/clusterblast/data/sub/clusters.txt'
DEBUG    20/07 16:11:28   Checking prerequisites for antismash.modules.lanthipeptides
DEBUG    20/07 16:11:28   Found file '/databases/comparippson/asdb/3.0/cores.fa.pdb'
DEBUG    20/07 16:11:28   Found file '/databases/comparippson/asdb/3.0/cores.fa.phr'
DEBUG    20/07 16:11:28   Found file '/databases/comparippson/asdb/3.0/cores.fa.pin'
DEBUG    20/07 16:11:28   Found file '/databases/comparippson/asdb/3.0/cores.fa.pot'
DEBUG    20/07 16:11:28   Found file '/databases/comparippson/asdb/3.0/cores.fa.psq'
DEBUG    20/07 16:11:28   Found file '/databases/comparippson/asdb/3.0/cores.fa.ptf'
DEBUG    20/07 16:11:28   Found file '/databases/comparippson/asdb/3.0/cores.fa.pto'
DEBUG    20/07 16:11:28   Found file '/databases/comparippson/mibig/3.1/cores.fa.pdb'
DEBUG    20/07 16:11:28   Found file '/databases/comparippson/mibig/3.1/cores.fa.phr'
DEBUG    20/07 16:11:28   Found file '/databases/comparippson/mibig/3.1/cores.fa.pin'
DEBUG    20/07 16:11:28   Found file '/databases/comparippson/mibig/3.1/cores.fa.pot'
DEBUG    20/07 16:11:28   Found file '/databases/comparippson/mibig/3.1/cores.fa.psq'
DEBUG    20/07 16:11:28   Found file '/databases/comparippson/mibig/3.1/cores.fa.ptf'
DEBUG    20/07 16:11:28   Found file '/databases/comparippson/mibig/3.1/cores.fa.pto'
DEBUG    20/07 16:11:28   Checking prerequisites for antismash.modules.lassopeptides
DEBUG    20/07 16:11:28   Checking prerequisites for antismash.modules.nrps_pks
DEBUG    20/07 16:11:28   Found existing cache for /usr/local/lib/python3.9/dist-packages/antismash/modules/nrps_pks/data/terminals/cterm.fasta
DEBUG    20/07 16:11:28   Found existing cache for /usr/local/lib/python3.9/dist-packages/antismash/modules/nrps_pks/data/terminals/nterm.fasta
DEBUG    20/07 16:11:28   Found existing cache for /usr/local/lib/python3.9/dist-packages/antismash/modules/nrps_pks/at_analysis/data/AT_domains_muscle.fasta
DEBUG    20/07 16:11:28   Found existing cache for /usr/local/lib/python3.9/dist-packages/antismash/modules/nrps_pks/kr_analysis/data/KRdomains_muscle.fasta
DEBUG    20/07 16:11:28   Found existing cache for /usr/local/lib/python3.9/dist-packages/antismash/modules/nrps_pks/minowa/data/AT_domains_muscle.fasta
DEBUG    20/07 16:11:28   Found existing cache for /usr/local/lib/python3.9/dist-packages/antismash/modules/nrps_pks/minowa/data/CAL_domains_muscle.fasta
DEBUG    20/07 16:11:28   Checking prerequisites for antismash.modules.pfam2go
DEBUG    20/07 16:11:28   Found file '/usr/local/lib/python3.9/dist-packages/antismash/modules/pfam2go/data/pfam2go.txt'
DEBUG    20/07 16:11:28   Checking prerequisites for antismash.modules.rrefinder
DEBUG    20/07 16:11:28   Found file '/usr/local/lib/python3.9/dist-packages/antismash/modules/rrefinder/data/RREFam.hmm.h3f'
DEBUG    20/07 16:11:28   Found file '/usr/local/lib/python3.9/dist-packages/antismash/modules/rrefinder/data/RREFam.hmm.h3i'
DEBUG    20/07 16:11:28   Found file '/usr/local/lib/python3.9/dist-packages/antismash/modules/rrefinder/data/RREFam.hmm.h3m'
DEBUG    20/07 16:11:28   Found file '/usr/local/lib/python3.9/dist-packages/antismash/modules/rrefinder/data/RREFam.hmm.h3p'
DEBUG    20/07 16:11:28   Checking prerequisites for antismash.modules.sactipeptides
DEBUG    20/07 16:11:28   Checking prerequisites for antismash.modules.t2pks
DEBUG    20/07 16:11:28   Found file '/usr/local/lib/python3.9/dist-packages/antismash/modules/t2pks/data/KSIII.fasta'
DEBUG    20/07 16:11:28   Found file '/usr/local/lib/python3.9/dist-packages/antismash/modules/t2pks/data/KSIII.phr'
DEBUG    20/07 16:11:28   Found file '/usr/local/lib/python3.9/dist-packages/antismash/modules/t2pks/data/KSIII.pin'
DEBUG    20/07 16:11:28   Found file '/usr/local/lib/python3.9/dist-packages/antismash/modules/t2pks/data/KSIII.psq'
DEBUG    20/07 16:11:28   Found file '/usr/local/lib/python3.9/dist-packages/antismash/modules/t2pks/data/AT.fasta'
DEBUG    20/07 16:11:28   Found file '/usr/local/lib/python3.9/dist-packages/antismash/modules/t2pks/data/AT.phr'
DEBUG    20/07 16:11:28   Found file '/usr/local/lib/python3.9/dist-packages/antismash/modules/t2pks/data/AT.pin'
DEBUG    20/07 16:11:28   Found file '/usr/local/lib/python3.9/dist-packages/antismash/modules/t2pks/data/AT.psq'
DEBUG    20/07 16:11:28   Found file '/usr/local/lib/python3.9/dist-packages/antismash/modules/t2pks/data/LIG.fasta'
DEBUG    20/07 16:11:28   Found file '/usr/local/lib/python3.9/dist-packages/antismash/modules/t2pks/data/LIG.phr'
DEBUG    20/07 16:11:28   Found file '/usr/local/lib/python3.9/dist-packages/antismash/modules/t2pks/data/LIG.pin'
DEBUG    20/07 16:11:28   Found file '/usr/local/lib/python3.9/dist-packages/antismash/modules/t2pks/data/LIG.psq'
DEBUG    20/07 16:11:28   Found file '/usr/local/lib/python3.9/dist-packages/antismash/modules/t2pks/data/t2pks.hmm.h3f'
DEBUG    20/07 16:11:28   Found file '/usr/local/lib/python3.9/dist-packages/antismash/modules/t2pks/data/t2pks.hmm.h3i'
DEBUG    20/07 16:11:28   Found file '/usr/local/lib/python3.9/dist-packages/antismash/modules/t2pks/data/t2pks.hmm.h3m'
DEBUG    20/07 16:11:28   Found file '/usr/local/lib/python3.9/dist-packages/antismash/modules/t2pks/data/t2pks.hmm.h3p'
DEBUG    20/07 16:11:28   Checking prerequisites for antismash.modules.tfbs_finder
DEBUG    20/07 16:11:28   Found file '/usr/local/lib/python3.9/dist-packages/antismash/modules/tfbs_finder/data/PWMs.json'
DEBUG    20/07 16:11:28   Checking prerequisites for antismash.modules.thiopeptides
DEBUG    20/07 16:11:28   Found file '/usr/local/lib/python3.9/dist-packages/antismash/modules/thiopeptides/data/thiopep3.hmm.h3f'
DEBUG    20/07 16:11:28   Found file '/usr/local/lib/python3.9/dist-packages/antismash/modules/thiopeptides/data/thiopep3.hmm.h3i'
DEBUG    20/07 16:11:28   Found file '/usr/local/lib/python3.9/dist-packages/antismash/modules/thiopeptides/data/thiopep3.hmm.h3m'
DEBUG    20/07 16:11:28   Found file '/usr/local/lib/python3.9/dist-packages/antismash/modules/thiopeptides/data/thiopep3.hmm.h3p'
DEBUG    20/07 16:11:28   Checking prerequisites for antismash.modules.tta
DEBUG    20/07 16:11:28   Checking prerequisites for antismash.outputs.html
DEBUG    20/07 16:11:28   Found file '/usr/local/lib/python3.9/dist-packages/antismash/outputs/html/css/bacteria.css'
DEBUG    20/07 16:11:28   Found file '/usr/local/lib/python3.9/dist-packages/antismash/outputs/html/css/fungi.css'
DEBUG    20/07 16:11:28   Found file '/usr/local/lib/python3.9/dist-packages/antismash/outputs/html/css/plants.css'
DEBUG    20/07 16:11:28   Checking prerequisites for antismash.support.genefinding
DEBUG    20/07 16:11:28   Checking options for antismash.detection.hmm_detection
DEBUG    20/07 16:11:28   Checking options for antismash.detection.cluster_hmmer
DEBUG    20/07 16:11:28   Found file '/databases/pfam/34.0/Pfam-A.hmm'
DEBUG    20/07 16:11:28   Found file '/databases/pfam/34.0/Pfam-A.hmm.h3f'
DEBUG    20/07 16:11:28   Found file '/databases/pfam/34.0/Pfam-A.hmm.h3i'
DEBUG    20/07 16:11:28   Found file '/databases/pfam/34.0/Pfam-A.hmm.h3m'
DEBUG    20/07 16:11:28   Found file '/databases/pfam/34.0/Pfam-A.hmm.h3p'
DEBUG    20/07 16:11:28   Checking options for antismash.detection.genefunctions
DEBUG    20/07 16:11:28   Checking options for antismash.detection.nrps_pks_domains
DEBUG    20/07 16:11:28   Checking options for antismash.detection.tigrfam
DEBUG    20/07 16:11:28   Checking options for antismash.modules.active_site_finder
DEBUG    20/07 16:11:28   Checking options for antismash.modules.cluster_compare
DEBUG    20/07 16:11:28   Checking options for antismash.modules.clusterblast
DEBUG    20/07 16:11:28   Checking options for antismash.modules.lanthipeptides
DEBUG    20/07 16:11:28   Checking options for antismash.modules.lassopeptides
DEBUG    20/07 16:11:28   Checking options for antismash.modules.nrps_pks
DEBUG    20/07 16:11:28   Checking options for antismash.modules.pfam2go
DEBUG    20/07 16:11:28   Checking options for antismash.modules.rrefinder
DEBUG    20/07 16:11:28   Checking options for antismash.modules.sactipeptides
DEBUG    20/07 16:11:28   Checking options for antismash.modules.t2pks
DEBUG    20/07 16:11:28   Checking options for antismash.modules.tfbs_finder
DEBUG    20/07 16:11:28   Checking options for antismash.modules.thiopeptides
DEBUG    20/07 16:11:28   Checking options for antismash.modules.tta
DEBUG    20/07 16:11:28   Checking options for antismash.outputs.html
DEBUG    20/07 16:11:28   Checking options for antismash.support.genefinding
INFO     20/07 16:11:28   Parsing input sequence '/input/GCF_003075525.1_Pararhodobacter_aggregans_D1-19.gbk'
DEBUG    20/07 16:11:29   Stripping antiSMASH features and annotations from record: NZ_QDDR01000001.1
DEBUG    20/07 16:11:29   Stripping antiSMASH features and annotations from record: NZ_QDDR01000002.1
DEBUG    20/07 16:11:29   Stripping antiSMASH features and annotations from record: NZ_QDDR01000003.1
DEBUG    20/07 16:11:29   Stripping antiSMASH features and annotations from record: NZ_QDDR01000004.1
DEBUG    20/07 16:11:29   Stripping antiSMASH features and annotations from record: NZ_QDDR01000005.1
DEBUG    20/07 16:11:29   Stripping antiSMASH features and annotations from record: NZ_QDDR01000006.1
DEBUG    20/07 16:11:29   Stripping antiSMASH features and annotations from record: NZ_QDDR01000007.1
DEBUG    20/07 16:11:29   Stripping antiSMASH features and annotations from record: NZ_QDDR01000008.1
DEBUG    20/07 16:11:29   Stripping antiSMASH features and annotations from record: NZ_QDDR01000009.1
DEBUG    20/07 16:11:29   Stripping antiSMASH features and annotations from record: NZ_QDDR01000010.1
DEBUG    20/07 16:11:29   Stripping antiSMASH features and annotations from record: NZ_QDDR01000011.1
DEBUG    20/07 16:11:29   Stripping antiSMASH features and annotations from record: NZ_QDDR01000012.1
DEBUG    20/07 16:11:29   Stripping antiSMASH features and annotations from record: NZ_QDDR01000013.1
DEBUG    20/07 16:11:29   Stripping antiSMASH features and annotations from record: NZ_QDDR01000014.1
DEBUG    20/07 16:11:29   Stripping antiSMASH features and annotations from record: NZ_QDDR01000015.1
DEBUG    20/07 16:11:29   Stripping antiSMASH features and annotations from record: NZ_QDDR01000016.1
DEBUG    20/07 16:11:29   Stripping antiSMASH features and annotations from record: NZ_QDDR01000017.1
DEBUG    20/07 16:11:29   Stripping antiSMASH features and annotations from record: NZ_QDDR01000018.1
DEBUG    20/07 16:11:29   Stripping antiSMASH features and annotations from record: NZ_QDDR01000019.1
DEBUG    20/07 16:11:29   Stripping antiSMASH features and annotations from record: NZ_QDDR01000020.1
DEBUG    20/07 16:11:29   Stripping antiSMASH features and annotations from record: NZ_QDDR01000021.1
DEBUG    20/07 16:11:29   Stripping antiSMASH features and annotations from record: NZ_QDDR01000022.1
DEBUG    20/07 16:11:29   Stripping antiSMASH features and annotations from record: NZ_QDDR01000023.1
DEBUG    20/07 16:11:29   Stripping antiSMASH features and annotations from record: NZ_QDDR01000024.1
DEBUG    20/07 16:11:29   Stripping antiSMASH features and annotations from record: NZ_QDDR01000025.1
DEBUG    20/07 16:11:29   Stripping antiSMASH features and annotations from record: NZ_QDDR01000026.1
DEBUG    20/07 16:11:29   Stripping antiSMASH features and annotations from record: NZ_QDDR01000027.1
DEBUG    20/07 16:11:29   Stripping antiSMASH features and annotations from record: NZ_QDDR01000028.1
DEBUG    20/07 16:11:29   Stripping antiSMASH features and annotations from record: NZ_QDDR01000029.1
DEBUG    20/07 16:11:29   Stripping antiSMASH features and annotations from record: NZ_QDDR01000030.1
DEBUG    20/07 16:11:29   Stripping antiSMASH features and annotations from record: NZ_QDDR01000031.1
DEBUG    20/07 16:11:29   Stripping antiSMASH features and annotations from record: NZ_QDDR01000032.1
DEBUG    20/07 16:11:29   Converting records from biopython to secmet
DEBUG    20/07 16:11:30   Removing existing region genbank files
DEBUG    20/07 16:11:30   Reusing output directory: /data/antismash/upload/bacteria-2ab6b58f-89fd-4562-87f1-2788e628ec95
DEBUG    20/07 16:11:30   Preprocessing 32 sequences
DEBUG    20/07 16:11:30   Sanitising record ids and sequences
DEBUG    20/07 16:11:31   Removing sequences smaller than 1000 bases
DEBUG    20/07 16:11:31   Ensuring records have CDS features with all required information
INFO     20/07 16:11:31   No CDS features found in record 'NZ_QDDR01000027.1', running gene finding.
DEBUG    20/07 16:11:31   Running prodigal based genefinding
DEBUG    20/07 16:11:31   prodigal found 7 CDS features
INFO     20/07 16:11:32   Analysing record: NZ_QDDR01000001.1
INFO     20/07 16:11:32   Detecting secondary metabolite clusters
DEBUG    20/07 16:11:32   Checking if antismash.detection.hmm_detection should be run
INFO     20/07 16:11:32   Running antismash.detection.hmm_detection
INFO     20/07 16:11:32   HMM detection using strictness: relaxed
DEBUG    20/07 16:11:36   0 rule-based cluster(s) found in record
DEBUG    20/07 16:11:36   0 protoclusters found
DEBUG    20/07 16:11:36   0 subregions found
INFO     20/07 16:11:36   No regions detected, skipping record
INFO     20/07 16:11:36   Analysing record: NZ_QDDR01000002.1
INFO     20/07 16:11:36   Detecting secondary metabolite clusters
DEBUG    20/07 16:11:36   Checking if antismash.detection.hmm_detection should be run
INFO     20/07 16:11:36   Running antismash.detection.hmm_detection
INFO     20/07 16:11:36   HMM detection using strictness: relaxed
DEBUG    20/07 16:11:38   0 rule-based cluster(s) found in record
DEBUG    20/07 16:11:38   0 protoclusters found
DEBUG    20/07 16:11:38   0 subregions found
INFO     20/07 16:11:38   No regions detected, skipping record
INFO     20/07 16:11:38   Analysing record: NZ_QDDR01000003.1
INFO     20/07 16:11:38   Detecting secondary metabolite clusters
DEBUG    20/07 16:11:38   Checking if antismash.detection.hmm_detection should be run
INFO     20/07 16:11:38   Running antismash.detection.hmm_detection
INFO     20/07 16:11:38   HMM detection using strictness: relaxed
DEBUG    20/07 16:11:40   0 rule-based cluster(s) found in record
DEBUG    20/07 16:11:40   0 protoclusters found
DEBUG    20/07 16:11:40   0 subregions found
INFO     20/07 16:11:40   No regions detected, skipping record
INFO     20/07 16:11:40   Analysing record: NZ_QDDR01000004.1
INFO     20/07 16:11:40   Detecting secondary metabolite clusters
DEBUG    20/07 16:11:40   Checking if antismash.detection.hmm_detection should be run
INFO     20/07 16:11:40   Running antismash.detection.hmm_detection
INFO     20/07 16:11:40   HMM detection using strictness: relaxed
DEBUG    20/07 16:11:42   0 rule-based cluster(s) found in record
DEBUG    20/07 16:11:42   0 protoclusters found
DEBUG    20/07 16:11:42   0 subregions found
INFO     20/07 16:11:42   No regions detected, skipping record
INFO     20/07 16:11:42   Analysing record: NZ_QDDR01000005.1
INFO     20/07 16:11:42   Detecting secondary metabolite clusters
DEBUG    20/07 16:11:42   Checking if antismash.detection.hmm_detection should be run
INFO     20/07 16:11:42   Running antismash.detection.hmm_detection
INFO     20/07 16:11:42   HMM detection using strictness: relaxed
DEBUG    20/07 16:11:44   0 rule-based cluster(s) found in record
DEBUG    20/07 16:11:44   0 protoclusters found
DEBUG    20/07 16:11:44   0 subregions found
INFO     20/07 16:11:44   No regions detected, skipping record
INFO     20/07 16:11:44   Analysing record: NZ_QDDR01000006.1
INFO     20/07 16:11:44   Detecting secondary metabolite clusters
DEBUG    20/07 16:11:44   Checking if antismash.detection.hmm_detection should be run
INFO     20/07 16:11:44   Running antismash.detection.hmm_detection
INFO     20/07 16:11:44   HMM detection using strictness: relaxed
DEBUG    20/07 16:11:45   0 rule-based cluster(s) found in record
DEBUG    20/07 16:11:45   0 protoclusters found
DEBUG    20/07 16:11:45   0 subregions found
INFO     20/07 16:11:45   No regions detected, skipping record
INFO     20/07 16:11:45   Analysing record: NZ_QDDR01000007.1
INFO     20/07 16:11:45   Detecting secondary metabolite clusters
DEBUG    20/07 16:11:45   Checking if antismash.detection.hmm_detection should be run
INFO     20/07 16:11:45   Running antismash.detection.hmm_detection
INFO     20/07 16:11:45   HMM detection using strictness: relaxed
DEBUG    20/07 16:11:47   0 rule-based cluster(s) found in record
DEBUG    20/07 16:11:47   0 protoclusters found
DEBUG    20/07 16:11:47   0 subregions found
INFO     20/07 16:11:47   No regions detected, skipping record
INFO     20/07 16:11:47   Analysing record: NZ_QDDR01000008.1
INFO     20/07 16:11:47   Detecting secondary metabolite clusters
DEBUG    20/07 16:11:47   Checking if antismash.detection.hmm_detection should be run
INFO     20/07 16:11:47   Running antismash.detection.hmm_detection
INFO     20/07 16:11:47   HMM detection using strictness: relaxed
DEBUG    20/07 16:11:48   0 rule-based cluster(s) found in record
DEBUG    20/07 16:11:48   0 protoclusters found
DEBUG    20/07 16:11:48   0 subregions found
INFO     20/07 16:11:48   No regions detected, skipping record
INFO     20/07 16:11:48   Analysing record: NZ_QDDR01000009.1
INFO     20/07 16:11:48   Detecting secondary metabolite clusters
DEBUG    20/07 16:11:48   Checking if antismash.detection.hmm_detection should be run
INFO     20/07 16:11:48   Running antismash.detection.hmm_detection
INFO     20/07 16:11:48   HMM detection using strictness: relaxed
DEBUG    20/07 16:11:50   0 rule-based cluster(s) found in record
DEBUG    20/07 16:11:50   0 protoclusters found
DEBUG    20/07 16:11:50   0 subregions found
INFO     20/07 16:11:50   No regions detected, skipping record
INFO     20/07 16:11:50   Analysing record: NZ_QDDR01000010.1
INFO     20/07 16:11:50   Detecting secondary metabolite clusters
DEBUG    20/07 16:11:50   Checking if antismash.detection.hmm_detection should be run
INFO     20/07 16:11:50   Running antismash.detection.hmm_detection
INFO     20/07 16:11:50   HMM detection using strictness: relaxed
DEBUG    20/07 16:11:51   0 rule-based cluster(s) found in record
DEBUG    20/07 16:11:51   0 protoclusters found
DEBUG    20/07 16:11:51   0 subregions found
INFO     20/07 16:11:51   No regions detected, skipping record
INFO     20/07 16:11:51   Analysing record: NZ_QDDR01000011.1
INFO     20/07 16:11:51   Detecting secondary metabolite clusters
DEBUG    20/07 16:11:51   Checking if antismash.detection.hmm_detection should be run
INFO     20/07 16:11:51   Running antismash.detection.hmm_detection
INFO     20/07 16:11:51   HMM detection using strictness: relaxed
DEBUG    20/07 16:11:52   0 rule-based cluster(s) found in record
DEBUG    20/07 16:11:52   0 protoclusters found
DEBUG    20/07 16:11:52   0 subregions found
INFO     20/07 16:11:52   No regions detected, skipping record
INFO     20/07 16:11:52   Analysing record: NZ_QDDR01000012.1
INFO     20/07 16:11:52   Detecting secondary metabolite clusters
DEBUG    20/07 16:11:52   Checking if antismash.detection.hmm_detection should be run
INFO     20/07 16:11:52   Running antismash.detection.hmm_detection
INFO     20/07 16:11:52   HMM detection using strictness: relaxed
DEBUG    20/07 16:11:53   0 rule-based cluster(s) found in record
DEBUG    20/07 16:11:53   0 protoclusters found
DEBUG    20/07 16:11:53   0 subregions found
INFO     20/07 16:11:53   No regions detected, skipping record
INFO     20/07 16:11:53   Analysing record: NZ_QDDR01000013.1
INFO     20/07 16:11:53   Detecting secondary metabolite clusters
DEBUG    20/07 16:11:53   Checking if antismash.detection.hmm_detection should be run
INFO     20/07 16:11:53   Running antismash.detection.hmm_detection
INFO     20/07 16:11:53   HMM detection using strictness: relaxed
DEBUG    20/07 16:11:54   0 rule-based cluster(s) found in record
DEBUG    20/07 16:11:54   0 protoclusters found
DEBUG    20/07 16:11:54   0 subregions found
INFO     20/07 16:11:54   No regions detected, skipping record
INFO     20/07 16:11:54   Analysing record: NZ_QDDR01000014.1
INFO     20/07 16:11:54   Detecting secondary metabolite clusters
DEBUG    20/07 16:11:54   Checking if antismash.detection.hmm_detection should be run
INFO     20/07 16:11:54   Running antismash.detection.hmm_detection
INFO     20/07 16:11:54   HMM detection using strictness: relaxed
DEBUG    20/07 16:11:55   2 rule-based cluster(s) found in record
DEBUG    20/07 16:11:55   2 protoclusters found
DEBUG    20/07 16:11:55   0 subregions found
INFO     20/07 16:11:55   1 region(s) detected in record
DEBUG    20/07 16:11:55   Checking if antismash.detection.cluster_hmmer should be run
INFO     20/07 16:11:55   Running antismash.detection.cluster_hmmer
INFO     20/07 16:11:55   Running cluster PFAM search
DEBUG    20/07 16:12:09   Building name mapping for HMMer database Pfam-A.hmm
DEBUG    20/07 16:12:12   Building cutoff mapping for HMMer database /databases/pfam/34.0/Pfam-A.hmm
DEBUG    20/07 16:12:14   Adding detection results from antismash.detection.cluster_hmmer to record
DEBUG    20/07 16:12:14   Checking if antismash.detection.genefunctions should be run
INFO     20/07 16:12:14   Running antismash.detection.genefunctions
DEBUG    20/07 16:12:16   Adding detection results from antismash.detection.genefunctions to record
DEBUG    20/07 16:12:16   annotating CDS features with resist info: 0 CDSes
DEBUG    20/07 16:12:16   annotating CDS features with smcogs info: 13 CDSes
DEBUG    20/07 16:12:16   Checking if antismash.detection.nrps_pks_domains should be run
INFO     20/07 16:12:16   Running antismash.detection.nrps_pks_domains
DEBUG    20/07 16:12:16   Marking NRPS/PKS CDS features and domains in clusters
DEBUG    20/07 16:12:16   Adding detection results from antismash.detection.nrps_pks_domains to record
DEBUG    20/07 16:12:16   Checking if antismash.detection.tigrfam should be run
INFO     20/07 16:12:16   Running antismash.detection.tigrfam
INFO     20/07 16:12:16   Running TIGRFam search
DEBUG    20/07 16:12:20   Building name mapping for HMMer database TIGRFam.hmm
DEBUG    20/07 16:12:21   Adding detection results from antismash.detection.tigrfam to record
DEBUG    20/07 16:12:21   Checking if antismash.modules.active_site_finder should be run
INFO     20/07 16:12:21   Running antismash.modules.active_site_finder
DEBUG    20/07 16:12:22   Checking if antismash.modules.cluster_compare should be run
INFO     20/07 16:12:22   Running antismash.modules.cluster_compare
DEBUG    20/07 16:12:22   Loading comparison database: MIBiG
DEBUG    20/07 16:12:23   Comparison database loaded
INFO     20/07 16:12:23   Comparing regions to reference database
DEBUG    20/07 16:12:26   Checking if antismash.modules.clusterblast should be run
INFO     20/07 16:12:26   Running antismash.modules.clusterblast
INFO     20/07 16:12:26   Finding internal homologs in each gene cluster...
INFO     20/07 16:12:27   Running ClusterBlast
INFO     20/07 16:12:27   ClusterBlast: Loading gene cluster database into memory...
INFO     20/07 16:12:28   ClusterBlast: Loading gene cluster database proteins into memory...
INFO     20/07 16:12:41   Comparing regions to reference database
INFO     20/07 16:13:38   Running subcluster search
INFO     20/07 16:13:38   SubClusterBlast: Loading gene cluster database into memory...
INFO     20/07 16:13:38   SubClusterBlast: Loading gene cluster database proteins into memory...
INFO     20/07 16:13:40   Running known cluster search
INFO     20/07 16:13:40   KnownClusterBlast: Loading gene cluster database into memory...
INFO     20/07 16:13:40   KnownClusterBlast: Loading gene cluster database proteins into memory...
DEBUG    20/07 16:13:40   Running DIAMOND knowncluster searches..
INFO     20/07 16:13:40   Comparing regions to reference database
DEBUG    20/07 16:13:44   Checking if antismash.modules.lanthipeptides should be run
INFO     20/07 16:13:44   Running antismash.modules.lanthipeptides
DEBUG    20/07 16:13:44   Lanthipeptide module marked 0 motifs
DEBUG    20/07 16:13:45   Checking if antismash.modules.lassopeptides should be run
INFO     20/07 16:13:45   Running antismash.modules.lassopeptides
DEBUG    20/07 16:13:46   Lassopeptide module marked 0 motifs
DEBUG    20/07 16:13:46   Checking if antismash.modules.nrps_pks should be run
INFO     20/07 16:13:46   Running antismash.modules.nrps_pks
INFO     20/07 16:13:46   Predicting A domain substrate specificities with nrpys
INFO     20/07 16:13:46   Predicting PKS AT domain substrate specificities by Yadav et al. PKS signature sequences
INFO     20/07 16:13:46   Predicting PKS AT domain substrate specificities by Minowa et al. method
INFO     20/07 16:13:48   Predicting CAL domain substrate specificities by Minowa et al. method
INFO     20/07 16:13:48   Predicting PKS KR activity and stereochemistry using KR fingerprints from Starcevic et al.
DEBUG    20/07 16:13:48   CandidateCluster 1 monomer ordering method: colinear
DEBUG    20/07 16:13:48   CandidateCluster 2 monomer ordering method: colinear
DEBUG    20/07 16:13:48   CandidateCluster 3 monomer ordering method: colinear
DEBUG    20/07 16:13:48   Checking if antismash.modules.pfam2go should be run
INFO     20/07 16:13:48   Running antismash.modules.pfam2go
DEBUG    20/07 16:13:48   Checking if antismash.modules.rrefinder should be run
INFO     20/07 16:13:48   Running antismash.modules.rrefinder
DEBUG    20/07 16:13:48   Checking if antismash.modules.sactipeptides should be run
INFO     20/07 16:13:48   Running antismash.modules.sactipeptides
DEBUG    20/07 16:13:48   Found no sactipeptide motifs
DEBUG    20/07 16:13:49   Checking if antismash.modules.t2pks should be run
INFO     20/07 16:13:49   Running antismash.modules.t2pks
DEBUG    20/07 16:13:49   No type II PKS clusters to analyze
DEBUG    20/07 16:13:49   Checking if antismash.modules.tfbs_finder should be run
INFO     20/07 16:13:49   Running antismash.modules.tfbs_finder
DEBUG    20/07 16:13:49   Checking if antismash.modules.thiopeptides should be run
INFO     20/07 16:13:49   Running antismash.modules.thiopeptides
DEBUG    20/07 16:13:49   Thiopeptides marked 0 motifs
DEBUG    20/07 16:13:51   Checking if antismash.modules.tta should be run
INFO     20/07 16:13:51   Running antismash.modules.tta
INFO     20/07 16:13:51   Detecting TTA codons
DEBUG    20/07 16:13:51   GC content: 68%
DEBUG    20/07 16:13:51   Detected 1 TTA codons
INFO     20/07 16:13:51   Analysing record: NZ_QDDR01000015.1
INFO     20/07 16:13:51   Detecting secondary metabolite clusters
DEBUG    20/07 16:13:51   Checking if antismash.detection.hmm_detection should be run
INFO     20/07 16:13:51   Running antismash.detection.hmm_detection
INFO     20/07 16:13:51   HMM detection using strictness: relaxed
DEBUG    20/07 16:13:51   0 rule-based cluster(s) found in record
DEBUG    20/07 16:13:51   0 protoclusters found
DEBUG    20/07 16:13:51   0 subregions found
INFO     20/07 16:13:51   No regions detected, skipping record
INFO     20/07 16:13:51   Analysing record: NZ_QDDR01000016.1
INFO     20/07 16:13:51   Detecting secondary metabolite clusters
DEBUG    20/07 16:13:51   Checking if antismash.detection.hmm_detection should be run
INFO     20/07 16:13:51   Running antismash.detection.hmm_detection
INFO     20/07 16:13:51   HMM detection using strictness: relaxed
DEBUG    20/07 16:13:52   0 rule-based cluster(s) found in record
DEBUG    20/07 16:13:52   0 protoclusters found
DEBUG    20/07 16:13:52   0 subregions found
INFO     20/07 16:13:52   No regions detected, skipping record
INFO     20/07 16:13:52   Analysing record: NZ_QDDR01000017.1
INFO     20/07 16:13:52   Detecting secondary metabolite clusters
DEBUG    20/07 16:13:52   Checking if antismash.detection.hmm_detection should be run
INFO     20/07 16:13:52   Running antismash.detection.hmm_detection
INFO     20/07 16:13:52   HMM detection using strictness: relaxed
DEBUG    20/07 16:13:53   0 rule-based cluster(s) found in record
DEBUG    20/07 16:13:53   0 protoclusters found
DEBUG    20/07 16:13:53   0 subregions found
INFO     20/07 16:13:53   No regions detected, skipping record
INFO     20/07 16:13:53   Analysing record: NZ_QDDR01000018.1
INFO     20/07 16:13:53   Detecting secondary metabolite clusters
DEBUG    20/07 16:13:53   Checking if antismash.detection.hmm_detection should be run
INFO     20/07 16:13:53   Running antismash.detection.hmm_detection
INFO     20/07 16:13:53   HMM detection using strictness: relaxed
DEBUG    20/07 16:13:54   0 rule-based cluster(s) found in record
DEBUG    20/07 16:13:54   0 protoclusters found
DEBUG    20/07 16:13:54   0 subregions found
INFO     20/07 16:13:54   No regions detected, skipping record
INFO     20/07 16:13:54   Analysing record: NZ_QDDR01000019.1
INFO     20/07 16:13:54   Detecting secondary metabolite clusters
DEBUG    20/07 16:13:54   Checking if antismash.detection.hmm_detection should be run
INFO     20/07 16:13:54   Running antismash.detection.hmm_detection
INFO     20/07 16:13:54   HMM detection using strictness: relaxed
DEBUG    20/07 16:13:54   0 rule-based cluster(s) found in record
DEBUG    20/07 16:13:54   0 protoclusters found
DEBUG    20/07 16:13:54   0 subregions found
INFO     20/07 16:13:54   No regions detected, skipping record
INFO     20/07 16:13:54   Analysing record: NZ_QDDR01000020.1
INFO     20/07 16:13:54   Detecting secondary metabolite clusters
DEBUG    20/07 16:13:54   Checking if antismash.detection.hmm_detection should be run
INFO     20/07 16:13:54   Running antismash.detection.hmm_detection
INFO     20/07 16:13:54   HMM detection using strictness: relaxed
DEBUG    20/07 16:13:55   0 rule-based cluster(s) found in record
DEBUG    20/07 16:13:55   0 protoclusters found
DEBUG    20/07 16:13:55   0 subregions found
INFO     20/07 16:13:55   No regions detected, skipping record
INFO     20/07 16:13:55   Analysing record: NZ_QDDR01000021.1
INFO     20/07 16:13:55   Detecting secondary metabolite clusters
DEBUG    20/07 16:13:55   Checking if antismash.detection.hmm_detection should be run
INFO     20/07 16:13:55   Running antismash.detection.hmm_detection
INFO     20/07 16:13:55   HMM detection using strictness: relaxed
DEBUG    20/07 16:13:56   0 rule-based cluster(s) found in record
DEBUG    20/07 16:13:56   0 protoclusters found
DEBUG    20/07 16:13:56   0 subregions found
INFO     20/07 16:13:56   No regions detected, skipping record
INFO     20/07 16:13:56   Analysing record: NZ_QDDR01000022.1
INFO     20/07 16:13:56   Detecting secondary metabolite clusters
DEBUG    20/07 16:13:56   Checking if antismash.detection.hmm_detection should be run
INFO     20/07 16:13:56   Running antismash.detection.hmm_detection
INFO     20/07 16:13:56   HMM detection using strictness: relaxed
DEBUG    20/07 16:13:56   0 rule-based cluster(s) found in record
DEBUG    20/07 16:13:56   0 protoclusters found
DEBUG    20/07 16:13:56   0 subregions found
INFO     20/07 16:13:56   No regions detected, skipping record
INFO     20/07 16:13:56   Analysing record: NZ_QDDR01000023.1
INFO     20/07 16:13:56   Detecting secondary metabolite clusters
DEBUG    20/07 16:13:56   Checking if antismash.detection.hmm_detection should be run
INFO     20/07 16:13:56   Running antismash.detection.hmm_detection
INFO     20/07 16:13:56   HMM detection using strictness: relaxed
DEBUG    20/07 16:13:57   0 rule-based cluster(s) found in record
DEBUG    20/07 16:13:57   0 protoclusters found
DEBUG    20/07 16:13:57   0 subregions found
INFO     20/07 16:13:57   No regions detected, skipping record
INFO     20/07 16:13:57   Analysing record: NZ_QDDR01000024.1
INFO     20/07 16:13:57   Detecting secondary metabolite clusters
DEBUG    20/07 16:13:57   Checking if antismash.detection.hmm_detection should be run
INFO     20/07 16:13:57   Running antismash.detection.hmm_detection
INFO     20/07 16:13:57   HMM detection using strictness: relaxed
DEBUG    20/07 16:13:57   0 rule-based cluster(s) found in record
DEBUG    20/07 16:13:57   0 protoclusters found
DEBUG    20/07 16:13:57   0 subregions found
INFO     20/07 16:13:57   No regions detected, skipping record
INFO     20/07 16:13:57   Analysing record: NZ_QDDR01000025.1
INFO     20/07 16:13:57   Detecting secondary metabolite clusters
DEBUG    20/07 16:13:57   Checking if antismash.detection.hmm_detection should be run
INFO     20/07 16:13:57   Running antismash.detection.hmm_detection
INFO     20/07 16:13:57   HMM detection using strictness: relaxed
DEBUG    20/07 16:13:58   0 rule-based cluster(s) found in record
DEBUG    20/07 16:13:58   0 protoclusters found
DEBUG    20/07 16:13:58   0 subregions found
INFO     20/07 16:13:58   No regions detected, skipping record
INFO     20/07 16:13:58   Analysing record: NZ_QDDR01000026.1
INFO     20/07 16:13:58   Detecting secondary metabolite clusters
DEBUG    20/07 16:13:58   Checking if antismash.detection.hmm_detection should be run
INFO     20/07 16:13:58   Running antismash.detection.hmm_detection
INFO     20/07 16:13:58   HMM detection using strictness: relaxed
DEBUG    20/07 16:13:58   0 rule-based cluster(s) found in record
DEBUG    20/07 16:13:58   0 protoclusters found
DEBUG    20/07 16:13:58   0 subregions found
INFO     20/07 16:13:58   No regions detected, skipping record
INFO     20/07 16:13:58   Analysing record: NZ_QDDR01000027.1
INFO     20/07 16:13:58   Detecting secondary metabolite clusters
DEBUG    20/07 16:13:58   Checking if antismash.detection.hmm_detection should be run
INFO     20/07 16:13:58   Running antismash.detection.hmm_detection
INFO     20/07 16:13:58   HMM detection using strictness: relaxed
DEBUG    20/07 16:13:58   0 rule-based cluster(s) found in record
DEBUG    20/07 16:13:58   0 protoclusters found
DEBUG    20/07 16:13:58   0 subregions found
INFO     20/07 16:13:58   No regions detected, skipping record
INFO     20/07 16:13:58   Analysing record: NZ_QDDR01000028.1
INFO     20/07 16:13:58   Detecting secondary metabolite clusters
DEBUG    20/07 16:13:58   Checking if antismash.detection.hmm_detection should be run
INFO     20/07 16:13:58   Running antismash.detection.hmm_detection
INFO     20/07 16:13:58   HMM detection using strictness: relaxed
DEBUG    20/07 16:13:59   0 rule-based cluster(s) found in record
DEBUG    20/07 16:13:59   0 protoclusters found
DEBUG    20/07 16:13:59   0 subregions found
INFO     20/07 16:13:59   No regions detected, skipping record
INFO     20/07 16:13:59   Analysing record: NZ_QDDR01000029.1
INFO     20/07 16:13:59   Detecting secondary metabolite clusters
DEBUG    20/07 16:13:59   Checking if antismash.detection.hmm_detection should be run
INFO     20/07 16:13:59   Running antismash.detection.hmm_detection
INFO     20/07 16:13:59   HMM detection using strictness: relaxed
DEBUG    20/07 16:13:59   0 rule-based cluster(s) found in record
DEBUG    20/07 16:13:59   0 protoclusters found
DEBUG    20/07 16:13:59   0 subregions found
INFO     20/07 16:13:59   No regions detected, skipping record
INFO     20/07 16:13:59   Analysing record: NZ_QDDR01000030.1
INFO     20/07 16:13:59   Detecting secondary metabolite clusters
DEBUG    20/07 16:13:59   Checking if antismash.detection.hmm_detection should be run
INFO     20/07 16:13:59   Running antismash.detection.hmm_detection
INFO     20/07 16:13:59   HMM detection using strictness: relaxed
DEBUG    20/07 16:14:00   0 rule-based cluster(s) found in record
DEBUG    20/07 16:14:00   0 protoclusters found
DEBUG    20/07 16:14:00   0 subregions found
INFO     20/07 16:14:00   No regions detected, skipping record
INFO     20/07 16:14:00   Analysing record: NZ_QDDR01000031.1
INFO     20/07 16:14:00   Detecting secondary metabolite clusters
DEBUG    20/07 16:14:00   Checking if antismash.detection.hmm_detection should be run
INFO     20/07 16:14:00   Running antismash.detection.hmm_detection
INFO     20/07 16:14:00   HMM detection using strictness: relaxed
DEBUG    20/07 16:14:00   0 rule-based cluster(s) found in record
DEBUG    20/07 16:14:00   0 protoclusters found
DEBUG    20/07 16:14:00   0 subregions found
INFO     20/07 16:14:00   No regions detected, skipping record
INFO     20/07 16:14:00   Analysing record: NZ_QDDR01000032.1
INFO     20/07 16:14:00   Detecting secondary metabolite clusters
DEBUG    20/07 16:14:00   Checking if antismash.detection.hmm_detection should be run
INFO     20/07 16:14:00   Running antismash.detection.hmm_detection
INFO     20/07 16:14:00   HMM detection using strictness: relaxed
DEBUG    20/07 16:14:01   0 rule-based cluster(s) found in record
DEBUG    20/07 16:14:01   0 protoclusters found
DEBUG    20/07 16:14:01   0 subregions found
INFO     20/07 16:14:01   No regions detected, skipping record
DEBUG    20/07 16:14:01   Writing json results to '/data/antismash/upload/bacteria-2ab6b58f-89fd-4562-87f1-2788e628ec95/GCF_003075525.1_Pararhodobacter_aggregans_D1-19.json'
DEBUG    20/07 16:14:01   Record NZ_QDDR01000001.1 has results for modules: hmm_detection
DEBUG    20/07 16:14:01   Converting antismash.detection.hmm_detection results to json
DEBUG    20/07 16:14:01   Record NZ_QDDR01000002.1 has results for modules: hmm_detection
DEBUG    20/07 16:14:01   Converting antismash.detection.hmm_detection results to json
DEBUG    20/07 16:14:01   Record NZ_QDDR01000003.1 has results for modules: hmm_detection
DEBUG    20/07 16:14:01   Converting antismash.detection.hmm_detection results to json
DEBUG    20/07 16:14:01   Record NZ_QDDR01000004.1 has results for modules: hmm_detection
DEBUG    20/07 16:14:01   Converting antismash.detection.hmm_detection results to json
DEBUG    20/07 16:14:01   Record NZ_QDDR01000005.1 has results for modules: hmm_detection
DEBUG    20/07 16:14:01   Converting antismash.detection.hmm_detection results to json
DEBUG    20/07 16:14:01   Record NZ_QDDR01000006.1 has results for modules: hmm_detection
DEBUG    20/07 16:14:01   Converting antismash.detection.hmm_detection results to json
DEBUG    20/07 16:14:01   Record NZ_QDDR01000007.1 has results for modules: hmm_detection
DEBUG    20/07 16:14:01   Converting antismash.detection.hmm_detection results to json
DEBUG    20/07 16:14:01   Record NZ_QDDR01000008.1 has results for modules: hmm_detection
DEBUG    20/07 16:14:01   Converting antismash.detection.hmm_detection results to json
DEBUG    20/07 16:14:01   Record NZ_QDDR01000009.1 has results for modules: hmm_detection
DEBUG    20/07 16:14:01   Converting antismash.detection.hmm_detection results to json
DEBUG    20/07 16:14:01   Record NZ_QDDR01000010.1 has results for modules: hmm_detection
DEBUG    20/07 16:14:01   Converting antismash.detection.hmm_detection results to json
DEBUG    20/07 16:14:01   Record NZ_QDDR01000011.1 has results for modules: hmm_detection
DEBUG    20/07 16:14:01   Converting antismash.detection.hmm_detection results to json
DEBUG    20/07 16:14:01   Record NZ_QDDR01000012.1 has results for modules: hmm_detection
DEBUG    20/07 16:14:01   Converting antismash.detection.hmm_detection results to json
DEBUG    20/07 16:14:01   Record NZ_QDDR01000013.1 has results for modules: hmm_detection
DEBUG    20/07 16:14:01   Converting antismash.detection.hmm_detection results to json
DEBUG    20/07 16:14:01   Record NZ_QDDR01000014.1 has results for modules: hmm_detection, cluster_hmmer, genefunctions, nrps_pks_domains, tigrfam, active_site_finder, cluster_compare, clusterblast, lanthipeptides, lassopeptides, nrps_pks, pfam2go, rrefinder, sactipeptides, t2pks, tfbs_finder, thiopeptides, tta
DEBUG    20/07 16:14:01   Converting antismash.detection.hmm_detection results to json
DEBUG    20/07 16:14:01   Converting antismash.detection.cluster_hmmer results to json
DEBUG    20/07 16:14:01   Converting antismash.detection.genefunctions results to json
DEBUG    20/07 16:14:01   Converting antismash.detection.nrps_pks_domains results to json
DEBUG    20/07 16:14:01   Converting antismash.detection.tigrfam results to json
DEBUG    20/07 16:14:01   Converting antismash.modules.active_site_finder results to json
DEBUG    20/07 16:14:01   Converting antismash.modules.cluster_compare results to json
DEBUG    20/07 16:14:01   Converting antismash.modules.clusterblast results to json
DEBUG    20/07 16:14:01   Converting antismash.modules.lanthipeptides results to json
DEBUG    20/07 16:14:01   Converting antismash.modules.lassopeptides results to json
DEBUG    20/07 16:14:01   Converting antismash.modules.nrps_pks results to json
DEBUG    20/07 16:14:01   Converting antismash.modules.pfam2go results to json
DEBUG    20/07 16:14:01   Converting antismash.modules.rrefinder results to json
DEBUG    20/07 16:14:01   Converting antismash.modules.sactipeptides results to json
DEBUG    20/07 16:14:01   Converting antismash.modules.t2pks results to json
DEBUG    20/07 16:14:01   Converting antismash.modules.tfbs_finder results to json
DEBUG    20/07 16:14:01   Converting antismash.modules.thiopeptides results to json
DEBUG    20/07 16:14:01   Converting antismash.modules.tta results to json
DEBUG    20/07 16:14:01   Record NZ_QDDR01000015.1 has results for modules: hmm_detection
DEBUG    20/07 16:14:01   Converting antismash.detection.hmm_detection results to json
DEBUG    20/07 16:14:01   Record NZ_QDDR01000016.1 has results for modules: hmm_detection
DEBUG    20/07 16:14:01   Converting antismash.detection.hmm_detection results to json
DEBUG    20/07 16:14:01   Record NZ_QDDR01000017.1 has results for modules: hmm_detection
DEBUG    20/07 16:14:01   Converting antismash.detection.hmm_detection results to json
DEBUG    20/07 16:14:01   Record NZ_QDDR01000018.1 has results for modules: hmm_detection
DEBUG    20/07 16:14:01   Converting antismash.detection.hmm_detection results to json
DEBUG    20/07 16:14:01   Record NZ_QDDR01000019.1 has results for modules: hmm_detection
DEBUG    20/07 16:14:01   Converting antismash.detection.hmm_detection results to json
DEBUG    20/07 16:14:01   Record NZ_QDDR01000020.1 has results for modules: hmm_detection
DEBUG    20/07 16:14:01   Converting antismash.detection.hmm_detection results to json
DEBUG    20/07 16:14:01   Record NZ_QDDR01000021.1 has results for modules: hmm_detection
DEBUG    20/07 16:14:01   Converting antismash.detection.hmm_detection results to json
DEBUG    20/07 16:14:01   Record NZ_QDDR01000022.1 has results for modules: hmm_detection
DEBUG    20/07 16:14:01   Converting antismash.detection.hmm_detection results to json
DEBUG    20/07 16:14:01   Record NZ_QDDR01000023.1 has results for modules: hmm_detection
DEBUG    20/07 16:14:01   Converting antismash.detection.hmm_detection results to json
DEBUG    20/07 16:14:01   Record NZ_QDDR01000024.1 has results for modules: hmm_detection
DEBUG    20/07 16:14:01   Converting antismash.detection.hmm_detection results to json
DEBUG    20/07 16:14:01   Record NZ_QDDR01000025.1 has results for modules: hmm_detection
DEBUG    20/07 16:14:01   Converting antismash.detection.hmm_detection results to json
DEBUG    20/07 16:14:01   Record NZ_QDDR01000026.1 has results for modules: hmm_detection
DEBUG    20/07 16:14:01   Converting antismash.detection.hmm_detection results to json
DEBUG    20/07 16:14:01   Record NZ_QDDR01000027.1 has results for modules: hmm_detection
DEBUG    20/07 16:14:01   Converting antismash.detection.hmm_detection results to json
DEBUG    20/07 16:14:01   Record NZ_QDDR01000028.1 has results for modules: hmm_detection
DEBUG    20/07 16:14:01   Converting antismash.detection.hmm_detection results to json
DEBUG    20/07 16:14:01   Record NZ_QDDR01000029.1 has results for modules: hmm_detection
DEBUG    20/07 16:14:01   Converting antismash.detection.hmm_detection results to json
DEBUG    20/07 16:14:01   Record NZ_QDDR01000030.1 has results for modules: hmm_detection
DEBUG    20/07 16:14:01   Converting antismash.detection.hmm_detection results to json
DEBUG    20/07 16:14:01   Record NZ_QDDR01000031.1 has results for modules: hmm_detection
DEBUG    20/07 16:14:01   Converting antismash.detection.hmm_detection results to json
DEBUG    20/07 16:14:01   Record NZ_QDDR01000032.1 has results for modules: hmm_detection
DEBUG    20/07 16:14:01   Converting antismash.detection.hmm_detection results to json
DEBUG    20/07 16:14:01   Not annotating skipped record NZ_QDDR01000001.1: No regions detected
DEBUG    20/07 16:14:01   Not annotating skipped record NZ_QDDR01000002.1: No regions detected
DEBUG    20/07 16:14:01   Not annotating skipped record NZ_QDDR01000003.1: No regions detected
DEBUG    20/07 16:14:01   Not annotating skipped record NZ_QDDR01000004.1: No regions detected
DEBUG    20/07 16:14:01   Not annotating skipped record NZ_QDDR01000005.1: No regions detected
DEBUG    20/07 16:14:01   Not annotating skipped record NZ_QDDR01000006.1: No regions detected
DEBUG    20/07 16:14:01   Not annotating skipped record NZ_QDDR01000007.1: No regions detected
DEBUG    20/07 16:14:01   Not annotating skipped record NZ_QDDR01000008.1: No regions detected
DEBUG    20/07 16:14:01   Not annotating skipped record NZ_QDDR01000009.1: No regions detected
DEBUG    20/07 16:14:01   Not annotating skipped record NZ_QDDR01000010.1: No regions detected
DEBUG    20/07 16:14:01   Not annotating skipped record NZ_QDDR01000011.1: No regions detected
DEBUG    20/07 16:14:01   Not annotating skipped record NZ_QDDR01000012.1: No regions detected
DEBUG    20/07 16:14:01   Not annotating skipped record NZ_QDDR01000013.1: No regions detected
DEBUG    20/07 16:14:01   Annotating record NZ_QDDR01000014.1 with results from: hmm_detection, cluster_hmmer, genefunctions, nrps_pks_domains, tigrfam, active_site_finder, cluster_compare, clusterblast, lanthipeptides, lassopeptides, nrps_pks, pfam2go, rrefinder, sactipeptides, t2pks, tfbs_finder, thiopeptides, tta
DEBUG    20/07 16:14:01    Adding results from antismash.modules.active_site_finder
DEBUG    20/07 16:14:01    Adding results from antismash.modules.cluster_compare
DEBUG    20/07 16:14:01    Adding results from antismash.modules.clusterblast
DEBUG    20/07 16:14:01    Adding results from antismash.modules.lanthipeptides
DEBUG    20/07 16:14:01    Adding results from antismash.modules.lassopeptides
DEBUG    20/07 16:14:01    Adding results from antismash.modules.nrps_pks
DEBUG    20/07 16:14:01    Adding results from antismash.modules.pfam2go
DEBUG    20/07 16:14:01    Adding results from antismash.modules.rrefinder
DEBUG    20/07 16:14:01    Adding results from antismash.modules.sactipeptides
DEBUG    20/07 16:14:01    Adding results from antismash.modules.t2pks
DEBUG    20/07 16:14:01    Adding results from antismash.modules.tfbs_finder
DEBUG    20/07 16:14:01    Adding results from antismash.modules.thiopeptides
DEBUG    20/07 16:14:01    Adding results from antismash.modules.tta
DEBUG    20/07 16:14:01   Not annotating skipped record NZ_QDDR01000015.1: No regions detected
DEBUG    20/07 16:14:01   Not annotating skipped record NZ_QDDR01000016.1: No regions detected
DEBUG    20/07 16:14:01   Not annotating skipped record NZ_QDDR01000017.1: No regions detected
DEBUG    20/07 16:14:01   Not annotating skipped record NZ_QDDR01000018.1: No regions detected
DEBUG    20/07 16:14:01   Not annotating skipped record NZ_QDDR01000019.1: No regions detected
DEBUG    20/07 16:14:01   Not annotating skipped record NZ_QDDR01000020.1: No regions detected
DEBUG    20/07 16:14:01   Not annotating skipped record NZ_QDDR01000021.1: No regions detected
DEBUG    20/07 16:14:01   Not annotating skipped record NZ_QDDR01000022.1: No regions detected
DEBUG    20/07 16:14:01   Not annotating skipped record NZ_QDDR01000023.1: No regions detected
DEBUG    20/07 16:14:01   Not annotating skipped record NZ_QDDR01000024.1: No regions detected
DEBUG    20/07 16:14:01   Not annotating skipped record NZ_QDDR01000025.1: No regions detected
DEBUG    20/07 16:14:01   Not annotating skipped record NZ_QDDR01000026.1: No regions detected
DEBUG    20/07 16:14:01   Not annotating skipped record NZ_QDDR01000027.1: No regions detected
DEBUG    20/07 16:14:01   Not annotating skipped record NZ_QDDR01000028.1: No regions detected
DEBUG    20/07 16:14:01   Not annotating skipped record NZ_QDDR01000029.1: No regions detected
DEBUG    20/07 16:14:01   Not annotating skipped record NZ_QDDR01000030.1: No regions detected
DEBUG    20/07 16:14:01   Not annotating skipped record NZ_QDDR01000031.1: No regions detected
DEBUG    20/07 16:14:01   Not annotating skipped record NZ_QDDR01000032.1: No regions detected
DEBUG    20/07 16:14:01   Creating results page
DEBUG    20/07 16:14:01   Results page using antismash.js from local copy: /databases/as-js/0.13/antismash.js
DEBUG    20/07 16:14:02   Creating results SVGs
DEBUG    20/07 16:14:02   Writing seq_records SVGs to '/data/antismash/upload/bacteria-2ab6b58f-89fd-4562-87f1-2788e628ec95/svg'
DEBUG    20/07 16:14:02   Writing cluster-specific genbank files
DEBUG    20/07 16:14:02   Writing final genbank file to '/data/antismash/upload/bacteria-2ab6b58f-89fd-4562-87f1-2788e628ec95/GCF_003075525.1_Pararhodobacter_aggregans_D1-19.gbk'
DEBUG    20/07 16:14:03   Zipping output to '/data/antismash/upload/bacteria-2ab6b58f-89fd-4562-87f1-2788e628ec95/GCF_003075525.1_Pararhodobacter_aggregans_D1-19.zip'
