[16:59:36] This is prokka 1.14.6
[16:59:36] Written by Torsten Seemann <torsten.seemann@gmail.com>
[16:59:36] Homepage is https://github.com/tseemann/prokka
[16:59:36] Local time is Mon Dec  5 16:59:36 2022
[16:59:36] You are shaday
[16:59:36] Operating system is linux
[16:59:36] You have BioPerl 1.7.8
[16:59:36] System has 32 cores.
[16:59:36] Will use maximum of 20 cores.
[16:59:36] Annotating as >>> Bacteria <<<
[16:59:36] Generating locus_tag from 'Rhodobacteraceae/GCF_000429765.1_ASM42976v1_genomic.fna' contents.
[16:59:36] Setting --locustag JLFAFLNG from MD5 35faf570e20fe3fc370e1d9dcbf2bc60
[16:59:36] Creating new output folder: gbk/DSM15620
[16:59:36] Running: mkdir -p gbk\/DSM15620
[16:59:36] Using filename prefix: GCF_000429765.1.prokka.XXX
[16:59:36] Setting HMMER_NCPU=1
[16:59:36] Writing log to: gbk/DSM15620/GCF_000429765.1.prokka.log
[16:59:36] Command: /opt/anaconda3/envs/Prokka_Global/bin/prokka --prefix GCF_000429765.1.prokka --outdir gbk/DSM15620 --kingdom Bacteria --genus Gemmobacter --species nectariphilus --strain DSM15620 --usegenus --addgenes Rhodobacteraceae/GCF_000429765.1_ASM42976v1_genomic.fna --cpus 20
[16:59:36] Appending to PATH: /opt/anaconda3/envs/Prokka_Global/bin
[16:59:36] Looking for 'aragorn' - found /opt/anaconda3/envs/Prokka_Global/bin/aragorn
[16:59:36] Determined aragorn version is 001002 from 'ARAGORN v1.2.41 Dean Laslett'
[16:59:36] Looking for 'barrnap' - found /opt/anaconda3/envs/Prokka_Global/bin/barrnap
[16:59:36] Determined barrnap version is 000009 from 'barrnap 0.9'
[16:59:36] Looking for 'blastp' - found /opt/anaconda3/envs/Prokka_Global/bin/blastp
[16:59:36] Determined blastp version is 002012 from 'blastp: 2.12.0+'
[16:59:36] Looking for 'cmpress' - found /opt/anaconda3/envs/Prokka_Global/bin/cmpress
[16:59:36] Determined cmpress version is 001001 from '# INFERNAL 1.1.4 (Dec 2020)'
[16:59:36] Looking for 'cmscan' - found /opt/anaconda3/envs/Prokka_Global/bin/cmscan
[16:59:36] Determined cmscan version is 001001 from '# INFERNAL 1.1.4 (Dec 2020)'
[16:59:36] Looking for 'egrep' - found /usr/bin/egrep
[16:59:36] Looking for 'find' - found /usr/bin/find
[16:59:36] Looking for 'grep' - found /usr/bin/grep
[16:59:36] Looking for 'hmmpress' - found /opt/anaconda3/envs/Prokka_Global/bin/hmmpress
[16:59:36] Determined hmmpress version is 003003 from '# HMMER 3.3.2 (Nov 2020); http://hmmer.org/'
[16:59:36] Looking for 'hmmscan' - found /opt/anaconda3/envs/Prokka_Global/bin/hmmscan
[16:59:36] Determined hmmscan version is 003003 from '# HMMER 3.3.2 (Nov 2020); http://hmmer.org/'
[16:59:36] Looking for 'java' - found /opt/anaconda3/envs/Prokka_Global/bin/java
[16:59:36] Looking for 'makeblastdb' - found /opt/anaconda3/envs/Prokka_Global/bin/makeblastdb
[16:59:36] Determined makeblastdb version is 002012 from 'makeblastdb: 2.12.0+'
[16:59:36] Looking for 'minced' - found /opt/anaconda3/envs/Prokka_Global/bin/minced
[16:59:36] Determined minced version is 004002 from 'minced 0.4.2'
[16:59:36] Looking for 'parallel' - found /opt/anaconda3/envs/Prokka_Global/bin/parallel
[16:59:36] Determined parallel version is 20220222 from 'GNU parallel 20220222'
[16:59:36] Looking for 'prodigal' - found /opt/anaconda3/envs/Prokka_Global/bin/prodigal
[16:59:36] Determined prodigal version is 002006 from 'Prodigal V2.6.3: February, 2016'
[16:59:36] Looking for 'prokka-genbank_to_fasta_db' - found /opt/anaconda3/envs/Prokka_Global/bin/prokka-genbank_to_fasta_db
[16:59:36] Looking for 'sed' - found /usr/bin/sed
[16:59:36] Looking for 'tbl2asn' - found /opt/anaconda3/envs/Prokka_Global/bin/tbl2asn
[16:59:36] Determined tbl2asn version is 025007 from 'tbl2asn 25.7   arguments:'
[16:59:36] Using genetic code table 11.
[16:59:36] Loading and checking input file: Rhodobacteraceae/GCF_000429765.1_ASM42976v1_genomic.fna
[16:59:36] Wrote 57 contigs totalling 4523636 bp.
[16:59:36] Predicting tRNAs and tmRNAs
[16:59:36] Running: aragorn -l -gc11  -w gbk\/DSM15620\/GCF_000429765\.1\.prokka\.fna
[16:59:39] 1 tRNA-Leu c[38663,38733] 33 (aag)
[16:59:39] 2 tRNA-Ala [277817,277894] 34 (ggc)
[16:59:39] 3 tRNA-Val c[317601,317675] 33 (gac)
[16:59:39] 4 tRNA-Pro [337120,337196] 35 (tgg)
[16:59:39] 5 tRNA-Trp [577261,577336] 34 (cca)
[16:59:39] 6 tRNA-Asn [712249,712323] 33 (gtt)
[16:59:39] 1 tRNA-Leu c[67906,67990] 35 (tag)
[16:59:39] 2 tRNA-Cys [233578,233651] 33 (gca)
[16:59:39] 3 tRNA-His c[238292,238368] 35 (gtg)
[16:59:39] 4 tmRNA* c[252389,252720] 203,241 ANDNRAPVALAA*
[16:59:39] 5 tRNA-Leu [352357,352443] 35 (gag)
[16:59:39] 6 tRNA-Ala [433095,433170] 34 (ggc)
[16:59:39] 7 tRNA-Leu [471876,471959] 34 (caa)
[16:59:39] 8 tRNA-Thr c[472176,472250] 33 (tgt)
[16:59:39] 9 tRNA-Met c[507951,508027] 35 (cat)
[16:59:39] 10 tRNA-Gln [559145,559222] 35 (ttg)
[16:59:39] 11 tRNA-Gln [577902,577976] 33 (ttg)
[16:59:39] 1 tRNA-Tyr c[2331,2414] 33 (gta)
[16:59:39] 2 tRNA-Phe c[265306,265381] 34 (gaa)
[16:59:39] 3 tRNA-Val [278601,278676] 34 (tac)
[16:59:39] 4 tRNA-Thr c[377125,377199] 33 (ggt)
[16:59:39] 1 tRNA-Lys [109138,109213] 34 (ttt)
[16:59:39] 2 tRNA-Ala [186202,186277] 34 (cgc)
[16:59:39] 3 tRNA-Thr [212246,212345] 40 (tgt)
[16:59:39] 4 tRNA-Ala [277670,277750] 30 (ggc)
[16:59:39] 5 tRNA-Pro [287404,287480] 35 (cgg)
[16:59:39] 6 tRNA-Glu [345913,345987] 34 (ttc)
[16:59:39] 1 tRNA-Thr c[44239,44314] 34 (cgt)
[16:59:39] 2 tRNA-Arg [245353,245429] 35 (acg)
[16:59:39] 1 tRNA-Arg c[724,800] 35 (tct)
[16:59:39] 2 tRNA-Gly [59549,59622] 33 (ccc)
[16:59:39] 3 tRNA-Gly [104018,104091] 33 (tcc)
[16:59:39] 4 tRNA-Leu [110455,110539] 35 (cag)
[16:59:39] 5 tRNA-Leu [110672,110756] 35 (cag)
[16:59:39] 6 tRNA-Val c[169709,169783] 33 (cac)
[16:59:39] 7 tRNA-Ser [199415,199504] 35 (gga)
[16:59:39] 1 tRNA-Pro c[2260,2337] 36 (ggg)
[16:59:39] 1 tRNA-Ser c[24550,24639] 35 (cga)
[16:59:39] 2 tRNA-Gly c[143307,143381] 33 (gcc)
[16:59:39] 3 tRNA-Gly c[143517,143591] 33 (gcc)
[16:59:39] 4 tRNA-Arg [173531,173606] 34 (cct)
[16:59:39] 1 tRNA-Met c[1639,1714] 34 (cat)
[16:59:39] 2 tRNA-Asp [43453,43529] 35 (gtc)
[16:59:39] 3 tRNA-Asp [43746,43822] 35 (gtc)
[16:59:39] 4 tRNA-Arg [77463,77539] 35 (ccg)
[16:59:39] 1 tRNA-Met c[26948,27024] 35 (cat)
[16:59:39] 1 tRNA-Ser [12530,12617] 35 (tga)
[16:59:39] 1 tRNA-Ser [871,960] 35 (gct)
[16:59:39] 1 tRNA-Met c[7936,8012] 35 (cat)
[16:59:39] 1 tRNA-Ala [1946,2021] 34 (tgc)
[16:59:39] Found 50 tRNAs
[16:59:39] Predicting Ribosomal RNAs
[16:59:39] Running Barrnap with 20 threads
[16:59:39] 1 NZ_AUCM01000027.1 27070 5S ribosomal RNA
[16:59:39] 2 NZ_AUCM01000043.1 8058 5S ribosomal RNA
[16:59:39] 3 NZ_AUCM01000050.1 1 23S ribosomal RNA (partial)
[16:59:39] 4 NZ_AUCM01000050.1 1961 5S ribosomal RNA
[16:59:39] 5 NZ_AUCM01000052.1 342 16S ribosomal RNA
[16:59:39] Found 5 rRNAs
[16:59:39] Skipping ncRNA search, enable with --rfam if desired.
[16:59:39] Total of 54 tRNA + rRNA features
[16:59:39] Searching for CRISPR repeats
[16:59:40] Found 0 CRISPRs
[16:59:40] Predicting coding sequences
[16:59:40] Contigs total 4523636 bp, so using single mode
[16:59:40] Running: prodigal -i gbk\/DSM15620\/GCF_000429765\.1\.prokka\.fna -c -m -g 11 -p single -f sco -q
[16:59:43] Excluding CDS which overlaps existing RNA (tRNA) at NZ_KE386949.1:38642..39874 on + strand
[16:59:43] Excluding CDS which overlaps existing RNA (tRNA) at NZ_AUCM01000003.1:233018..233782 on + strand
[16:59:43] Excluding CDS which overlaps existing RNA (tRNA) at NZ_AUCM01000003.1:559106..560308 on + strand
[16:59:43] Excluding CDS which overlaps existing RNA (tRNA) at NZ_AUCM01000003.1:577813..578463 on - strand
[16:59:43] Excluding CDS which overlaps existing RNA (tRNA) at NZ_AUCM01000005.1:211917..213317 on - strand
[16:59:43] Excluding CDS which overlaps existing RNA (tRNA) at NZ_AUCM01000005.1:277511..279544 on + strand
[16:59:44] Excluding CDS which overlaps existing RNA (tRNA) at NZ_AUCM01000010.1:173601..174425 on - strand
[16:59:44] Excluding CDS which overlaps existing RNA (tRNA) at NZ_AUCM01000029.1:739..909 on + strand
[16:59:45] Excluding CDS which overlaps existing RNA (tRNA) at NZ_AUCM01000043.1:7619..8236 on - strand
[16:59:45] Found 4344 CDS
[16:59:45] Connecting features back to sequences
[16:59:45] Skipping genus-specific proteins as can't see /opt/anaconda3/envs/Prokka_Global/db/Gemmobacter
[16:59:45] Annotating CDS, please be patient.
[16:59:45] Will use 20 CPUs for similarity searching.
[16:59:45] There are still 4344 unannotated CDS left (started with 4344)
[16:59:45] Will use blast to search against /opt/anaconda3/envs/Prokka_Global/db/kingdom/Bacteria/IS with 20 CPUs
[16:59:45] Running: cat gbk\/DSM15620\/GCF_000429765\.1\.prokka\.IS\.tmp\.742357\.faa | parallel --gnu --plain -j 20 --block 34498 --recstart '>' --pipe blastp -query - -db /opt/anaconda3/envs/Prokka_Global/db/kingdom/Bacteria/IS -evalue 1e-30 -qcov_hsp_perc 90 -num_threads 1 -num_descriptions 1 -num_alignments 1 -seg no > gbk\/DSM15620\/GCF_000429765\.1\.prokka\.IS\.tmp\.742357\.blast 2> /dev/null
[16:59:50] Deleting unwanted file: gbk/DSM15620/GCF_000429765.1.prokka.IS.tmp.742357.faa
[16:59:50] Deleting unwanted file: gbk/DSM15620/GCF_000429765.1.prokka.IS.tmp.742357.blast
[16:59:51] There are still 4318 unannotated CDS left (started with 4344)
[16:59:51] Will use blast to search against /opt/anaconda3/envs/Prokka_Global/db/kingdom/Bacteria/AMR with 20 CPUs
[16:59:51] Running: cat gbk\/DSM15620\/GCF_000429765\.1\.prokka\.AMR\.tmp\.742357\.faa | parallel --gnu --plain -j 20 --block 34338 --recstart '>' --pipe blastp -query - -db /opt/anaconda3/envs/Prokka_Global/db/kingdom/Bacteria/AMR -evalue 1e-300 -qcov_hsp_perc 90 -num_threads 1 -num_descriptions 1 -num_alignments 1 -seg no > gbk\/DSM15620\/GCF_000429765\.1\.prokka\.AMR\.tmp\.742357\.blast 2> /dev/null
[16:59:54] Deleting unwanted file: gbk/DSM15620/GCF_000429765.1.prokka.AMR.tmp.742357.faa
[16:59:54] Deleting unwanted file: gbk/DSM15620/GCF_000429765.1.prokka.AMR.tmp.742357.blast
[16:59:55] There are still 4318 unannotated CDS left (started with 4344)
[16:59:55] Will use blast to search against /opt/anaconda3/envs/Prokka_Global/db/kingdom/Bacteria/sprot with 20 CPUs
[16:59:55] Running: cat gbk\/DSM15620\/GCF_000429765\.1\.prokka\.sprot\.tmp\.742357\.faa | parallel --gnu --plain -j 20 --block 34338 --recstart '>' --pipe blastp -query - -db /opt/anaconda3/envs/Prokka_Global/db/kingdom/Bacteria/sprot -evalue 1e-09 -qcov_hsp_perc 80 -num_threads 1 -num_descriptions 1 -num_alignments 1 -seg no > gbk\/DSM15620\/GCF_000429765\.1\.prokka\.sprot\.tmp\.742357\.blast 2> /dev/null
[17:00:11] Modify product: Uncharacterized protein Rv2567 => putative protein
[17:00:11] Modify product: Uncharacterized protein Rv2569c => putative protein
[17:00:11] Modify product: S-adenosyl-L-methionine-binding protein RPA0152 => S-adenosyl-L-methionine-binding protein
[17:00:11] Modify product: Phosphorylated carbohydrates phosphatase TM_1254 => Phosphorylated carbohydrates phosphatase
[17:00:11] Modify product: Putative esterase PA1618 => Putative esterase
[17:00:11] Modify product: KsdD-like steroid dehydrogenase MSMEG_5835 => KsdD-like steroid dehydrogenase
[17:00:11] Modify product: GTP-binding protein TypA/BipA homolog => GTP-binding protein TypA/BipA 
[17:00:11] Modify product: Probable hydrogen peroxide-inducible genes activator => putative hydrogen peroxide-inducible genes activator
[17:00:11] Modify product: Uncharacterized zinc protease Rv2782c => putative zinc protease
[17:00:11] Modify product: Probable peptidoglycan D,D-transpeptidase FtsI => putative peptidoglycan D,D-transpeptidase FtsI
[17:00:11] Modify product: Uncharacterized sugar transferase EpsL => putative sugar transferase EpsL
[17:00:11] Modify product: Uncharacterized HIT-like protein HP_0404 => putative HIT-like protein
[17:00:11] Modify product: UPF0324 inner membrane protein YeiH => hypothetical protein
[17:00:11] Modify product: Uncharacterized protein Rv2568c => putative protein
[17:00:11] Modify product: Probable cation-transporting ATPase F => putative cation-transporting ATPase F
[17:00:11] Modify product: Uncharacterized hydrolase HI_0588 => putative hydrolase
[17:00:11] Modify product: Probable D,D-dipeptide transport system permease protein DdpC => putative D,D-dipeptide transport system permease protein DdpC
[17:00:11] Modify product: Putative multidrug export ATP-binding/permease protein SAV1866 => Putative multidrug export ATP-binding/permease protein
[17:00:11] Modify product: Putative multidrug export ATP-binding/permease protein SAV1866 => Putative multidrug export ATP-binding/permease protein
[17:00:11] Modify product: Organic hydroperoxide resistance protein-like => Organic hydroperoxide resistance protein-like protein
[17:00:11] Modify product: Peroxiredoxin sll1621 => Peroxiredoxin
[17:00:11] Modify product: Uncharacterized MFS-type transporter YcaD => putative MFS-type transporter YcaD
[17:00:11] Modify product: UPF0065 protein in clcB-clcD intergenic region => hypothetical protein
[17:00:11] Modify product: Cytochrome c oxidase subunit 1 homolog, bacteroid => Cytochrome c oxidase subunit 1 , bacteroid
[17:00:11] Modify product: Probable copper-transporting ATPase PacS => putative copper-transporting ATPase PacS
[17:00:11] Modify product: Probable amino-acid permease protein YxeN => putative amino-acid permease protein YxeN
[17:00:11] Modify product: Probable lipoprotein YiaD => putative lipoprotein YiaD
[17:00:11] Modify product: Uncharacterized FAD-linked oxidoreductase Rv2280 => putative FAD-linked oxidoreductase
[17:00:11] Modify product: Lactate-binding periplasmic protein TTHA0766 => Lactate-binding periplasmic protein
[17:00:11] Modify product: UPF0178 protein YaiI => hypothetical protein
[17:00:11] Modify product: Probable protein kinase UbiB => putative protein kinase UbiB
[17:00:11] Modify product: Probable enoyl-CoA hydratase echA8 => putative enoyl-CoA hydratase echA8
[17:00:11] Modify product: Probable manganese-dependent inorganic pyrophosphatase => putative manganese-dependent inorganic pyrophosphatase
[17:00:11] Modify product: Probable bifunctional SAT/APS kinase => putative bifunctional SAT/APS kinase
[17:00:11] Modify product: Purine-binding protein BAB2_0673 => Purine-binding protein
[17:00:11] Modify product: Uncharacterized protein YbaA => putative protein YbaA
[17:00:11] Modify product: Acetyltransferase PA3944 => Acetyltransferase
[17:00:11] Modify product: Probable D,D-dipeptide-binding periplasmic protein DdpA => putative D,D-dipeptide-binding periplasmic protein DdpA
[17:00:11] Modify product: Probable dipeptidase PepE => putative dipeptidase PepE
[17:00:11] Modify product: Uncharacterized protein YccU => putative protein YccU
[17:00:11] Modify product: Probable peptidoglycan glycosyltransferase FtsW => putative peptidoglycan glycosyltransferase FtsW
[17:00:11] Modify product: Probable D,D-dipeptide transport system permease protein DdpC => putative D,D-dipeptide transport system permease protein DdpC
[17:00:11] Modify product: Probable D,D-dipeptide transport ATP-binding protein DdpF => putative D,D-dipeptide transport ATP-binding protein DdpF
[17:00:11] Modify product: Solute-binding protein RD1_1052 => Solute-binding protein
[17:00:11] Modify product: Probable glutamine ABC transporter permease protein GlnM => putative glutamine ABC transporter permease protein GlnM
[17:00:11] Modify product: Uncharacterized protein YcjX => putative protein YcjX
[17:00:11] Modify product: Probable chromate transport protein => putative chromate transport protein
[17:00:11] Modify product: Probable enoyl-CoA hydratase echA8 => putative enoyl-CoA hydratase echA8
[17:00:11] Modify product: UPF0053 inner membrane protein YfjD => hypothetical protein
[17:00:11] Modify product: Bifunctional protein Rv2228c => Bifunctional protein
[17:00:11] Modify product: Lactate-binding periplasmic protein TTHA0766 => Lactate-binding periplasmic protein
[17:00:11] Modify product: Uncharacterized protein HI_0131 => putative protein
[17:00:11] Modify product: Uncharacterized oxidoreductase YohF => putative oxidoreductase YohF
[17:00:11] Modify product: Putative anti-sigma factor antagonist TM_1442 => Putative anti-sigma factor antagonist
[17:00:11] Modify product: Nitrilase blr3397 => Nitrilase
[17:00:11] Modify product: Probable propionyl-CoA carboxylase beta chain 5 => putative propionyl-CoA carboxylase beta chain 5
[17:00:11] Modify product: Probable enoyl-CoA hydratase echA8 => putative enoyl-CoA hydratase echA8
[17:00:11] Modify product: Probable 2,4-dienoyl-CoA reductase => putative 2,4-dienoyl-CoA reductase
[17:00:11] Modify product: Probable sulfate transporter Rv1739c => putative sulfate transporter
[17:00:11] Modify product: Probable GTPase Rv1496 => putative GTPase
[17:00:11] Modify product: Probable enoyl-CoA hydratase echA8 => putative enoyl-CoA hydratase echA8
[17:00:11] Modify product: Uncharacterized ABC transporter ATP-binding protein YheS => putative ABC transporter ATP-binding protein YheS
[17:00:11] Modify product: UPF0056 inner membrane protein MarC => hypothetical protein
[17:00:11] Modify product: UPF0758 protein => hypothetical protein
[17:00:11] Modify product: Probable parvulin-type peptidyl-prolyl cis-trans isomerase => putative parvulin-type peptidyl-prolyl cis-trans isomerase
[17:00:11] Modify product: UPF0065 protein in clcB-clcD intergenic region => hypothetical protein
[17:00:11] Modify product: Bifunctional protein FolD => Bifunctional protein FolD protein
[17:00:11] Modify product: Bifunctional protein FolD => Bifunctional protein FolD protein
[17:00:11] Modify product: Probable transcriptional regulator PhnF => putative transcriptional regulator PhnF
[17:00:11] Modify product: Uncharacterized FAD-linked oxidoreductase Rv2280 => putative FAD-linked oxidoreductase
[17:00:11] Modify product: UPF0434 protein PFL_1779 => hypothetical protein
[17:00:11] Modify product: Probable CtpA-like serine protease => putative CtpA-like serine protease
[17:00:12] Modify product: Uncharacterized protein Rv1276c => putative protein
[17:00:12] Modify product: UPF0102 protein RPA0323 => hypothetical protein
[17:00:12] Modify product: Uncharacterized oxidoreductase Rv1144 => putative oxidoreductase
[17:00:12] Modify product: Probable riboflavin import permease protein RfuD => putative riboflavin import permease protein RfuD
[17:00:12] Modify product: UPF0394 inner membrane protein YeeE => hypothetical protein
[17:00:12] Modify product: Bifunctional protein FolD => Bifunctional protein FolD protein
[17:00:12] Modify product: Putative formate dehydrogenase SA2102 => Putative formate dehydrogenase
[17:00:12] Modify product: Probable D,D-dipeptide transport system permease protein DdpC => putative D,D-dipeptide transport system permease protein DdpC
[17:00:12] Modify product: Uncharacterized FAD-linked oxidoreductase Rv2280 => putative FAD-linked oxidoreductase
[17:00:12] Modify product: Uncharacterized protein YqeY => putative protein YqeY
[17:00:12] Modify product: Probable D-xylose utilization operon transcriptional repressor => putative D-xylose utilization operon transcriptional repressor
[17:00:12] Modify product: Protease HtpX homolog => Protease HtpX 
[17:00:12] Modify product: Uncharacterized protein HI_0933 => putative protein
[17:00:12] Modify product: Probable 3-hydroxyisobutyrate dehydrogenase => putative 3-hydroxyisobutyrate dehydrogenase
[17:00:12] Modify product: Probable D,D-dipeptide transport system permease protein DdpC => putative D,D-dipeptide transport system permease protein DdpC
[17:00:12] Modify product: Probable D,D-dipeptide transport system permease protein DdpB => putative D,D-dipeptide transport system permease protein DdpB
[17:00:12] Modify product: Uncharacterized ABC transporter ATP-binding protein YejF => putative ABC transporter ATP-binding protein YejF
[17:00:12] Modify product: Putative acyltransferase Rv0859 => Putative acyltransferase
[17:00:12] Modify product: Uncharacterized GST-like protein YibF => putative GST-like protein YibF
[17:00:12] Modify product: UPF0701 protein HI_0467 => hypothetical protein
[17:00:12] Modify product: Probable ribonucleotide transport ATP-binding protein mkl => putative ribonucleotide transport ATP-binding protein mkl
[17:00:12] Modify product: Uncharacterized MFS-type transporter YcaD => putative MFS-type transporter YcaD
[17:00:12] Modify product: Putative multidrug export ATP-binding/permease protein SAV1866 => Putative multidrug export ATP-binding/permease protein
[17:00:12] Modify product: Uncharacterized FAD-linked oxidoreductase Rv2280 => putative FAD-linked oxidoreductase
[17:00:12] Modify product: Probable chaperone CsaA => putative chaperone CsaA
[17:00:12] Modify product: Uncharacterized zinc protease Rv2782c => putative zinc protease
[17:00:12] Modify product: Uncharacterized zinc protease Rv2782c => putative zinc protease
[17:00:12] Modify product: Probable D-xylose utilization operon transcriptional repressor => putative D-xylose utilization operon transcriptional repressor
[17:00:12] Modify product: Solute-binding protein Rfer_1840 => Solute-binding protein
[17:00:12] Modify product: Monocarboxylate 2-oxoacid-binding periplasmic protein all3028 => Monocarboxylate 2-oxoacid-binding periplasmic protein
[17:00:12] Modify product: Solute-binding protein Dde_0634 => Solute-binding protein
[17:00:12] Modify product: Probable D,D-dipeptide transport system permease protein DdpC => putative D,D-dipeptide transport system permease protein DdpC
[17:00:12] Modify product: UPF0337 protein YjbJ => hypothetical protein
[17:00:12] Modify product: Segregation and condensation protein B homolog => Segregation and condensation protein B 
[17:00:12] Modify product: Probable D-xylose utilization operon transcriptional repressor => putative D-xylose utilization operon transcriptional repressor
[17:00:12] Modify product: Multifunctional alkaline phosphatase superfamily protein pRL90232 => Multifunctional alkaline phosphatase superfamily protein
[17:00:12] Modify product: Probable D,D-dipeptide transport system permease protein DdpC => putative D,D-dipeptide transport system permease protein DdpC
[17:00:12] Modify product: Probable D,D-dipeptide-binding periplasmic protein DdpA => putative D,D-dipeptide-binding periplasmic protein DdpA
[17:00:12] Modify product: Uncharacterized metal-dependent hydrolase YcfH => putative metal-dependent hydrolase YcfH
[17:00:12] Modify product: Probable malonic semialdehyde reductase RutE => putative malonic semialdehyde reductase RutE
[17:00:12] Modify product: UPF0173 metal-dependent hydrolase SA1529 => hypothetical protein
[17:00:12] Modify product: TelA-like protein SA1238 => TelA-like protein
[17:00:12] Modify product: Uncharacterized NTE family protein Rv2565 => putative NTE family protein
[17:00:12] Modify product: Uncharacterized NTE family protein Rv1063c => putative NTE family protein
[17:00:12] Modify product: Uncharacterized tRNA/rRNA methyltransferase HI_0380 => putative tRNA/rRNA methyltransferase
[17:00:12] Modify product: Probable D,D-dipeptide transport system permease protein DdpC => putative D,D-dipeptide transport system permease protein DdpC
[17:00:12] Modify product: Deacetylase Atu3266 => Deacetylase
[17:00:12] Modify product: Probable enoyl-CoA hydratase echA8 => putative enoyl-CoA hydratase echA8
[17:00:12] Modify product: UPF0335 protein CCNA_03428 => hypothetical protein
[17:00:12] Modify product: Uncharacterized metal-dependent hydrolase YjjV => putative metal-dependent hydrolase YjjV
[17:00:12] Modify product: Probable transporter SCO4007 => putative transporter
[17:00:12] Modify product: Probable succinyl-CoA:3-ketoacid coenzyme A transferase subunit A => putative succinyl-CoA:3-ketoacid coenzyme A transferase subunit A
[17:00:12] Modify product: Probable succinyl-CoA:3-ketoacid coenzyme A transferase subunit B => putative succinyl-CoA:3-ketoacid coenzyme A transferase subunit B
[17:00:12] Modify product: Uncharacterized protein Rv2411c => putative protein
[17:00:12] Modify product: Uncharacterized protein Rv2569c => putative protein
[17:00:12] Modify product: Uncharacterized ABC transporter permease Rv0072 => putative ABC transporter permease
[17:00:12] Modify product: Uncharacterized protein NMB0459 => putative protein
[17:00:12] Modify product: Uncharacterized protein Rv2008c => putative protein
[17:00:12] Modify product: Uncharacterized N-acetyltransferase YsnE => putative N-acetyltransferase YsnE
[17:00:12] Modify product: Acetyltransferase SACOL1063 => Acetyltransferase
[17:00:12] Modify product: Uncharacterized signaling protein PA1727 => putative signaling protein
[17:00:12] Modify product: Probable 3-hydroxybutyryl-CoA dehydrogenase => putative 3-hydroxybutyryl-CoA dehydrogenase
[17:00:12] Modify product: Uncharacterized HTH-type transcriptional regulator Rv1985c => putative HTH-type transcriptional regulator
[17:00:12] Modify product: Cytochrome b561 homolog 1 => Cytochrome b561 
[17:00:12] Modify product: Putative hydro-lyase Atu3911 => Putative hydro-lyase
[17:00:12] Modify product: Cytochrome c oxidase subunit 1 homolog, bacteroid => Cytochrome c oxidase subunit 1 , bacteroid
[17:00:12] Modify product: Stringent starvation protein A homolog => Stringent starvation protein A 
[17:00:12] Modify product: Probable HTH-type transcriptional repressor ExuR => putative HTH-type transcriptional repressor ExuR
[17:00:12] Modify product: Multifunctional alkaline phosphatase superfamily protein pRL90232 => Multifunctional alkaline phosphatase superfamily protein
[17:00:12] Modify product: Probable GTP-binding protein EngB => putative GTP-binding protein EngB
[17:00:12] Modify product: Uncharacterized aminopeptidase Rv1333 => putative aminopeptidase
[17:00:12] Modify product: UPF0394 inner membrane protein YeeE => hypothetical protein
[17:00:12] Modify product: UPF0394 inner membrane protein YeeE => hypothetical protein
[17:00:12] Modify product: Probable D-xylose utilization operon transcriptional repressor => putative D-xylose utilization operon transcriptional repressor
[17:00:12] Modify product: UPF0065 protein in clcB-clcD intergenic region => hypothetical protein
[17:00:12] Modify product: Probable D-xylose utilization operon transcriptional repressor => putative D-xylose utilization operon transcriptional repressor
[17:00:12] Modify product: Probable efflux pump membrane transporter TtgB => putative efflux pump membrane transporter TtgB
[17:00:12] Modify product: UPF0301 protein VC_0467 => hypothetical protein
[17:00:12] Modify product: Uncharacterized FAD-linked oxidoreductase Rv2280 => putative FAD-linked oxidoreductase
[17:00:12] Modify product: Solute-binding protein Bpro_4736 => Solute-binding protein
[17:00:12] Modify product: UPF0394 membrane protein XF_0765 => hypothetical protein
[17:00:12] Modify product: UPF0394 membrane protein XF_0766 => hypothetical protein
[17:00:12] Modify product: Probable metallo-hydrolase BURPS1710b_2304 => putative metallo-hydrolase
[17:00:12] Modify product: UPF0335 protein CCNA_03428 => hypothetical protein
[17:00:12] Modify product: UPF0145 protein YbjQ => hypothetical protein
[17:00:12] Modify product: Probable ATP-dependent transporter SufC => putative ATP-dependent transporter SufC
[17:00:12] Modify product: UPF0758 protein => hypothetical protein
[17:00:13] Modify product: Phosphate-specific transport system accessory protein PhoU homolog => Phosphate-specific transport system accessory protein PhoU 
[17:00:13] Modify product: Uncharacterized HTH-type transcriptional regulator YurK => putative HTH-type transcriptional regulator YurK
[17:00:13] Modify product: Solute-binding protein Dde_0634 => Solute-binding protein
[17:00:13] Modify product: Probable sulfate transporter Rv1739c => putative sulfate transporter
[17:00:13] Modify product: Probable ABC transporter binding protein NosD => putative ABC transporter binding protein NosD
[17:00:13] Modify product: Probable ABC transporter ATP-binding protein NosF => putative ABC transporter ATP-binding protein NosF
[17:00:13] Modify product: Probable ABC transporter permease protein NosY => putative ABC transporter permease protein NosY
[17:00:13] Modify product: Probable aminotransferase Rv3329 => putative aminotransferase
[17:00:13] Modify product: Probable aminotransferase Rv3329 => putative aminotransferase
[17:00:13] Modify product: Solute-binding protein Csal_2479 => Solute-binding protein
[17:00:13] Modify product: Monocarboxylate 2-oxoacid-binding periplasmic protein all3028 => Monocarboxylate 2-oxoacid-binding periplasmic protein
[17:00:13] Modify product: UPF0060 membrane protein YnfA => hypothetical protein
[17:00:13] Cleaned 171 /product names
[17:00:13] Deleting unwanted file: gbk/DSM15620/GCF_000429765.1.prokka.sprot.tmp.742357.faa
[17:00:13] Deleting unwanted file: gbk/DSM15620/GCF_000429765.1.prokka.sprot.tmp.742357.blast
[17:00:13] There are still 2369 unannotated CDS left (started with 4344)
[17:00:13] Will use hmmer3 to search against /opt/anaconda3/envs/Prokka_Global/db/hmm/HAMAP.hmm with 20 CPUs
[17:00:13] Running: cat gbk\/DSM15620\/GCF_000429765\.1\.prokka\.HAMAP\.hmm\.tmp\.742357\.faa | parallel --gnu --plain -j 20 --block 17032 --recstart '>' --pipe hmmscan --noali --notextw --acc -E 1e-09 --cpu 1 /opt/anaconda3/envs/Prokka_Global/db/hmm/HAMAP.hmm /dev/stdin > gbk\/DSM15620\/GCF_000429765\.1\.prokka\.HAMAP\.hmm\.tmp\.742357\.hmmer3 2> /dev/null
[17:00:26] Modify product: Uncharacterized Nudix hydrolase NudL => putative Nudix hydrolase NudL
[17:00:26] Cleaned 1 /product names
[17:00:26] Deleting unwanted file: gbk/DSM15620/GCF_000429765.1.prokka.HAMAP.hmm.tmp.742357.faa
[17:00:26] Deleting unwanted file: gbk/DSM15620/GCF_000429765.1.prokka.HAMAP.hmm.tmp.742357.hmmer3
[17:00:26] Labelling remaining 2092 proteins as 'hypothetical protein'
[17:00:26] Possible /pseudo 'Flagellar basal-body rod protein FlgG' at NZ_KE386949.1 position 15701
[17:00:26] Possible /pseudo 'Sensor histidine kinase RcsC' at NZ_KE386949.1 position 135657
[17:00:26] Possible /pseudo 'tRNA 5-methylaminomethyl-2-thiouridine biosynthesis bifunctional protein MnmC' at NZ_KE386949.1 position 531390
[17:00:26] Possible /pseudo 'Protein YceI' at NZ_AUCM01000003.1 position 71371
[17:00:26] Possible /pseudo 'Peptidyl-prolyl cis-trans isomerase cyp18' at NZ_AUCM01000003.1 position 514006
[17:00:26] Possible /pseudo 'putative protein' at NZ_AUCM01000004.1 position 206835
[17:00:26] Possible /pseudo 'Sensor histidine kinase RcsC' at NZ_AUCM01000005.1 position 292125
[17:00:26] Possible /pseudo 'Peptide deformylase' at NZ_AUCM01000006.1 position 17066
[17:00:26] Possible /pseudo 'Methionine synthase' at NZ_AUCM01000006.1 position 96404
[17:00:26] Possible /pseudo 'putative zinc protease' at NZ_AUCM01000006.1 position 279356
[17:00:26] Possible /pseudo 'Oligosaccharides import ATP-binding protein MsmX' at NZ_AUCM01000007.1 position 85290
[17:00:26] Possible /pseudo '3-deoxy-D-manno-octulosonic acid transferase' at NZ_AUCM01000007.1 position 136232
[17:00:26] Possible /pseudo 'DNA-binding transcriptional activator DecR' at NZ_AUCM01000009.1 position 65127
[17:00:26] Possible /pseudo 'N-substituted formamide deformylase' at NZ_AUCM01000010.1 position 112448
[17:00:26] Possible /pseudo 'Hippurate hydrolase' at NZ_AUCM01000012.1 position 15464
[17:00:26] Possible /pseudo 'Cryptochrome-like protein cry2' at NZ_AUCM01000028.1 position 26442
[17:00:26] Found 1516 unique /gene codes.
[17:00:26] Fixed 3 duplicate /gene - cspA_1 cspA_2 cspA_3
[17:00:26] Fixed 2 duplicate /gene - yfkN_1 yfkN_2
[17:00:26] Fixed 6 duplicate /gene - mshA_1 mshA_2 mshA_3 mshA_4 mshA_5 mshA_6
[17:00:26] Fixed 2 duplicate /gene - xthA_1 xthA_2
[17:00:26] Fixed 3 duplicate /gene - lrp_1 lrp_2 lrp_3
[17:00:26] Fixed 2 duplicate /gene - bcd_1 bcd_2
[17:00:26] Fixed 2 duplicate /gene - flhA_1 flhA_2
[17:00:26] Fixed 2 duplicate /gene - artQ_1 artQ_2
[17:00:26] Fixed 2 duplicate /gene - rapA_1 rapA_2
[17:00:26] Fixed 2 duplicate /gene - leuD1_1 leuD1_2
[17:00:26] Fixed 2 duplicate /gene - hcnB_1 hcnB_2
[17:00:26] Fixed 14 duplicate /gene - oppD_1 oppD_2 oppD_3 oppD_4 oppD_5 oppD_6 oppD_7 oppD_8 oppD_9 oppD_10 oppD_11 oppD_12 oppD_13 oppD_14
[17:00:26] Fixed 2 duplicate /gene - gno_1 gno_2
[17:00:26] Fixed 4 duplicate /gene - uctC_1 uctC_2 uctC_3 uctC_4
[17:00:26] Fixed 2 duplicate /gene - estB_1 estB_2
[17:00:26] Fixed 3 duplicate /gene - xerD_1 xerD_2 xerD_3
[17:00:26] Fixed 2 duplicate /gene - pgrR_1 pgrR_2
[17:00:26] Fixed 2 duplicate /gene - glnB_1 glnB_2
[17:00:26] Fixed 2 duplicate /gene - fabI_1 fabI_2
[17:00:26] Fixed 2 duplicate /gene - rnc_1 rnc_2
[17:00:26] Fixed 2 duplicate /gene - lpxD_1 lpxD_2
[17:00:26] Fixed 2 duplicate /gene - resA_1 resA_2
[17:00:26] Fixed 2 duplicate /gene - rimJ_1 rimJ_2
[17:00:26] Fixed 2 duplicate /gene - clpP_1 clpP_2
[17:00:26] Fixed 2 duplicate /gene - acdA_1 acdA_2
[17:00:26] Fixed 2 duplicate /gene - hvrA_1 hvrA_2
[17:00:26] Fixed 3 duplicate /gene - puuR_1 puuR_2 puuR_3
[17:00:26] Fixed 2 duplicate /gene - rppH_1 rppH_2
[17:00:26] Fixed 13 duplicate /gene - rcsC_1 rcsC_2 rcsC_3 rcsC_4 rcsC_5 rcsC_6 rcsC_7 rcsC_8 rcsC_9 rcsC_10 rcsC_11 rcsC_12 rcsC_13
[17:00:26] Fixed 2 duplicate /gene - caiC_1 caiC_2
[17:00:26] Fixed 4 duplicate /gene - ndhB_1 ndhB_2 ndhB_3 ndhB_4
[17:00:26] Fixed 11 duplicate /gene - gsiC_1 gsiC_2 gsiC_3 gsiC_4 gsiC_5 gsiC_6 gsiC_7 gsiC_8 gsiC_9 gsiC_10 gsiC_11
[17:00:26] Fixed 2 duplicate /gene - hyuA_1 hyuA_2
[17:00:26] Fixed 2 duplicate /gene - iclR_1 iclR_2
[17:00:26] Fixed 3 duplicate /gene - dadA1_1 dadA1_2 dadA1_3
[17:00:26] Fixed 3 duplicate /gene - dctB_1 dctB_2 dctB_3
[17:00:26] Fixed 2 duplicate /gene - atpA_1 atpA_2
[17:00:26] Fixed 5 duplicate /gene - ribX_1 ribX_2 ribX_3 ribX_4 ribX_5
[17:00:26] Fixed 3 duplicate /gene - mdtA_1 mdtA_2 mdtA_3
[17:00:26] Fixed 2 duplicate /gene - fdhC_1 fdhC_2
[17:00:26] Fixed 2 duplicate /gene - ftsH_1 ftsH_2
[17:00:26] Fixed 2 duplicate /gene - smc_1 smc_2
[17:00:26] Fixed 2 duplicate /gene - rpoH_1 rpoH_2
[17:00:26] Fixed 2 duplicate /gene - murG_1 murG_2
[17:00:26] Fixed 2 duplicate /gene - gap_1 gap_2
[17:00:26] Fixed 7 duplicate /gene - ddpC_1 ddpC_2 ddpC_3 ddpC_4 ddpC_5 ddpC_6 ddpC_7
[17:00:26] Fixed 2 duplicate /gene - rhtB_1 rhtB_2
[17:00:26] Fixed 2 duplicate /gene - acyI_1 acyI_2
[17:00:26] Fixed 3 duplicate /gene - lspA_1 lspA_2 lspA_3
[17:00:26] Fixed 3 duplicate /gene - namA_1 namA_2 namA_3
[17:00:26] Fixed 6 duplicate /gene - lcfB_1 lcfB_2 lcfB_3 lcfB_4 lcfB_5 lcfB_6
[17:00:26] Fixed 2 duplicate /gene - rnd_1 rnd_2
[17:00:26] Fixed 11 duplicate /gene - fabG_1 fabG_2 fabG_3 fabG_4 fabG_5 fabG_6 fabG_7 fabG_8 fabG_9 fabG_10 fabG_11
[17:00:26] Fixed 2 duplicate /gene - rssB_1 rssB_2
[17:00:26] Fixed 2 duplicate /gene - atpB_1 atpB_2
[17:00:26] Fixed 6 duplicate /gene - decR_1 decR_2 decR_3 decR_4 decR_5 decR_6
[17:00:26] Fixed 4 duplicate /gene - yfcG_1 yfcG_2 yfcG_3 yfcG_4
[17:00:26] Fixed 2 duplicate /gene - qseB_1 qseB_2
[17:00:26] Fixed 2 duplicate /gene - mrdA_1 mrdA_2
[17:00:26] Fixed 2 duplicate /gene - dnaA_1 dnaA_2
[17:00:26] Fixed 2 duplicate /gene - ycaD_1 ycaD_2
[17:00:26] Fixed 2 duplicate /gene - rbsA_1 rbsA_2
[17:00:26] Fixed 2 duplicate /gene - polS_1 polS_2
[17:00:26] Fixed 2 duplicate /gene - pxpA_1 pxpA_2
[17:00:26] Fixed 2 duplicate /gene - codAch2_1 codAch2_2
[17:00:26] Fixed 7 duplicate /gene - sasA_1 sasA_2 sasA_3 sasA_4 sasA_5 sasA_6 sasA_7
[17:00:26] Fixed 3 duplicate /gene - argE_1 argE_2 argE_3
[17:00:26] Fixed 2 duplicate /gene - mcl2_1 mcl2_2
[17:00:26] Fixed 8 duplicate /gene - lptB_1 lptB_2 lptB_3 lptB_4 lptB_5 lptB_6 lptB_7 lptB_8
[17:00:26] Fixed 2 duplicate /gene - lldR_1 lldR_2
[17:00:26] Fixed 2 duplicate /gene - fadJ_1 fadJ_2
[17:00:26] Fixed 2 duplicate /gene - rfbD_1 rfbD_2
[17:00:26] Fixed 2 duplicate /gene - groL_1 groL_2
[17:00:26] Fixed 4 duplicate /gene - soxA_1 soxA_2 soxA_3 soxA_4
[17:00:26] Fixed 2 duplicate /gene - atzA_1 atzA_2
[17:00:26] Fixed 5 duplicate /gene - dapE_1 dapE_2 dapE_3 dapE_4 dapE_5
[17:00:26] Fixed 2 duplicate /gene - gabT_1 gabT_2
[17:00:26] Fixed 5 duplicate /gene - echA8_1 echA8_2 echA8_3 echA8_4 echA8_5
[17:00:26] Fixed 2 duplicate /gene - msrQ_1 msrQ_2
[17:00:26] Fixed 3 duplicate /gene - tufA_1 tufA_2 tufA_3
[17:00:26] Fixed 3 duplicate /gene - ilvE_1 ilvE_2 ilvE_3
[17:00:26] Fixed 3 duplicate /gene - actP_1 actP_2 actP_3
[17:00:26] Fixed 2 duplicate /gene - hisM_1 hisM_2
[17:00:26] Fixed 3 duplicate /gene - mcbR_1 mcbR_2 mcbR_3
[17:00:26] Fixed 2 duplicate /gene - bigR_1 bigR_2
[17:00:26] Fixed 2 duplicate /gene - mch_1 mch_2
[17:00:26] Fixed 2 duplicate /gene - purC_1 purC_2
[17:00:26] Fixed 8 duplicate /gene - dppB_1 dppB_2 dppB_3 dppB_4 dppB_5 dppB_6 dppB_7 dppB_8
[17:00:26] Fixed 3 duplicate /gene - leuC_1 leuC_2 leuC_3
[17:00:26] Fixed 2 duplicate /gene - fadH_1 fadH_2
[17:00:26] Fixed 2 duplicate /gene - cysQ_1 cysQ_2
[17:00:26] Fixed 2 duplicate /gene - ilvD_1 ilvD_2
[17:00:26] Fixed 3 duplicate /gene - atpG_1 atpG_2 atpG_3
[17:00:26] Fixed 6 duplicate /gene - gntR_1 gntR_2 gntR_3 gntR_4 gntR_5 gntR_6
[17:00:26] Fixed 3 duplicate /gene - maiA_1 maiA_2 maiA_3
[17:00:26] Fixed 2 duplicate /gene - waaA_1 waaA_2
[17:00:26] Fixed 2 duplicate /gene - ped_1 ped_2
[17:00:26] Fixed 2 duplicate /gene - sufS_1 sufS_2
[17:00:26] Fixed 3 duplicate /gene - gcvA_1 gcvA_2 gcvA_3
[17:00:26] Fixed 2 duplicate /gene - abo_1 abo_2
[17:00:26] Fixed 8 duplicate /gene - gsiB_1 gsiB_2 gsiB_3 gsiB_4 gsiB_5 gsiB_6 gsiB_7 gsiB_8
[17:00:26] Fixed 3 duplicate /gene - uvrB_1 uvrB_2 uvrB_3
[17:00:26] Fixed 2 duplicate /gene - metH_1 metH_2
[17:00:26] Fixed 2 duplicate /gene - bepA_1 bepA_2
[17:00:26] Fixed 5 duplicate /gene - hipO_1 hipO_2 hipO_3 hipO_4 hipO_5
[17:00:26] Fixed 2 duplicate /gene - nicF_1 nicF_2
[17:00:26] Fixed 3 duplicate /gene - arsC_1 arsC_2 arsC_3
[17:00:26] Fixed 2 duplicate /gene - ddpA_1 ddpA_2
[17:00:26] Fixed 2 duplicate /gene - rihA_1 rihA_2
[17:00:26] Fixed 4 duplicate /gene - lolD_1 lolD_2 lolD_3 lolD_4
[17:00:26] Fixed 2 duplicate /gene - tusA_1 tusA_2
[17:00:26] Fixed 2 duplicate /gene - map_1 map_2
[17:00:26] Fixed 3 duplicate /gene - bacC_1 bacC_2 bacC_3
[17:00:26] Fixed 2 duplicate /gene - lnrK_1 lnrK_2
[17:00:26] Fixed 3 duplicate /gene - acsA_1 acsA_2 acsA_3
[17:00:26] Fixed 2 duplicate /gene - atpC_1 atpC_2
[17:00:26] Fixed 3 duplicate /gene - qseC_1 qseC_2 qseC_3
[17:00:26] Fixed 2 duplicate /gene - fliY_1 fliY_2
[17:00:26] Fixed 9 duplicate /gene - gsiA_1 gsiA_2 gsiA_3 gsiA_4 gsiA_5 gsiA_6 gsiA_7 gsiA_8 gsiA_9
[17:00:26] Fixed 2 duplicate /gene - tgnB_1 tgnB_2
[17:00:26] Fixed 3 duplicate /gene - azoR_1 azoR_2 azoR_3
[17:00:26] Fixed 3 duplicate /gene - imuB_1 imuB_2 imuB_3
[17:00:26] Fixed 2 duplicate /gene - caiA_1 caiA_2
[17:00:26] Fixed 5 duplicate /gene - menH_1 menH_2 menH_3 menH_4 menH_5
[17:00:26] Fixed 2 duplicate /gene - ibpA_1 ibpA_2
[17:00:26] Fixed 6 duplicate /gene - oppF_1 oppF_2 oppF_3 oppF_4 oppF_5 oppF_6
[17:00:26] Fixed 8 duplicate /gene - dppA_1 dppA_2 dppA_3 dppA_4 dppA_5 dppA_6 dppA_7 dppA_8
[17:00:26] Fixed 2 duplicate /gene - ntaB_1 ntaB_2
[17:00:26] Fixed 2 duplicate /gene - catD_1 catD_2
[17:00:26] Fixed 2 duplicate /gene - phaC_1 phaC_2
[17:00:26] Fixed 2 duplicate /gene - takP_1 takP_2
[17:00:26] Fixed 2 duplicate /gene - pepA_1 pepA_2
[17:00:26] Fixed 2 duplicate /gene - lysDH_1 lysDH_2
[17:00:26] Fixed 2 duplicate /gene - melD_1 melD_2
[17:00:26] Fixed 2 duplicate /gene - ghrA_1 ghrA_2
[17:00:26] Fixed 2 duplicate /gene - alkJ_1 alkJ_2
[17:00:26] Fixed 2 duplicate /gene - rutA_1 rutA_2
[17:00:26] Fixed 2 duplicate /gene - actIII_1 actIII_2
[17:00:26] Fixed 2 duplicate /gene - IMPDH_1 IMPDH_2
[17:00:26] Fixed 2 duplicate /gene - msmX_1 msmX_2
[17:00:26] Fixed 3 duplicate /gene - doeA_1 doeA_2 doeA_3
[17:00:26] Fixed 2 duplicate /gene - cutL_1 cutL_2
[17:00:26] Fixed 3 duplicate /gene - cya_1 cya_2 cya_3
[17:00:26] Fixed 2 duplicate /gene - FCS1_1 FCS1_2
[17:00:26] Fixed 4 duplicate /gene - mltF_1 mltF_2 mltF_3 mltF_4
[17:00:26] Fixed 4 duplicate /gene - mmgC_1 mmgC_2 mmgC_3 mmgC_4
[17:00:26] Fixed 2 duplicate /gene - cntI_1 cntI_2
[17:00:26] Fixed 3 duplicate /gene - Dml_1 Dml_2 Dml_3
[17:00:26] Fixed 4 duplicate /gene - cysA_1 cysA_2 cysA_3 cysA_4
[17:00:26] Fixed 2 duplicate /gene - atpE_1 atpE_2
[17:00:26] Fixed 2 duplicate /gene - lcdH_1 lcdH_2
[17:00:26] Fixed 3 duplicate /gene - accA1_1 accA1_2 accA1_3
[17:00:26] Fixed 2 duplicate /gene - def_1 def_2
[17:00:26] Fixed 2 duplicate /gene - atpD_1 atpD_2
[17:00:26] Fixed 2 duplicate /gene - apc4_1 apc4_2
[17:00:26] Fixed 3 duplicate /gene - noc_1 noc_2 noc_3
[17:00:26] Fixed 5 duplicate /gene - betI_1 betI_2 betI_3 betI_4 betI_5
[17:00:26] Fixed 11 duplicate /gene - livF_1 livF_2 livF_3 livF_4 livF_5 livF_6 livF_7 livF_8 livF_9 livF_10 livF_11
[17:00:26] Fixed 3 duplicate /gene - ydcV_1 ydcV_2 ydcV_3
[17:00:26] Fixed 2 duplicate /gene - dmdC_1 dmdC_2
[17:00:26] Fixed 3 duplicate /gene - cpdA_1 cpdA_2 cpdA_3
[17:00:26] Fixed 6 duplicate /gene - ribN_1 ribN_2 ribN_3 ribN_4 ribN_5 ribN_6
[17:00:26] Fixed 2 duplicate /gene - rutR_1 rutR_2
[17:00:26] Fixed 4 duplicate /gene - rutF_1 rutF_2 rutF_3 rutF_4
[17:00:26] Fixed 2 duplicate /gene - fabF_1 fabF_2
[17:00:26] Fixed 2 duplicate /gene - zntR_1 zntR_2
[17:00:26] Fixed 2 duplicate /gene - ugpC_1 ugpC_2
[17:00:26] Fixed 2 duplicate /gene - cmpD_1 cmpD_2
[17:00:26] Fixed 2 duplicate /gene - pksS_1 pksS_2
[17:00:26] Fixed 2 duplicate /gene - mnhC1_1 mnhC1_2
[17:00:26] Fixed 2 duplicate /gene - mtgA_1 mtgA_2
[17:00:26] Fixed 2 duplicate /gene - gltX_1 gltX_2
[17:00:26] Fixed 2 duplicate /gene - fadA_1 fadA_2
[17:00:26] Fixed 2 duplicate /gene - apbE_1 apbE_2
[17:00:26] Fixed 2 duplicate /gene - ywrD_1 ywrD_2
[17:00:26] Fixed 2 duplicate /gene - gloA_1 gloA_2
[17:00:26] Fixed 2 duplicate /gene - nicB_1 nicB_2
[17:00:26] Fixed 4 duplicate /gene - nsrR_1 nsrR_2 nsrR_3 nsrR_4
[17:00:26] Fixed 3 duplicate /gene - dnaE2_1 dnaE2_2 dnaE2_3
[17:00:26] Fixed 2 duplicate /gene - apc3_1 apc3_2
[17:00:26] Fixed 2 duplicate /gene - dsbD_1 dsbD_2
[17:00:26] Fixed 2 duplicate /gene - gltD_1 gltD_2
[17:00:26] Fixed 2 duplicate /gene - adk_1 adk_2
[17:00:26] Fixed 4 duplicate /gene - dapA_1 dapA_2 dapA_3 dapA_4
[17:00:26] Fixed 2 duplicate /gene - hpcH_1 hpcH_2
[17:00:26] Fixed 6 duplicate /gene - nfdA_1 nfdA_2 nfdA_3 nfdA_4 nfdA_5 nfdA_6
[17:00:26] Fixed 4 duplicate /gene - kstR2_1 kstR2_2 kstR2_3 kstR2_4
[17:00:26] Fixed 10 duplicate /gene - livH_1 livH_2 livH_3 livH_4 livH_5 livH_6 livH_7 livH_8 livH_9 livH_10
[17:00:26] Fixed 2 duplicate /gene - alaS_1 alaS_2
[17:00:26] Fixed 2 duplicate /gene - dauA_1 dauA_2
[17:00:26] Fixed 4 duplicate /gene - gatA_1 gatA_2 gatA_3 gatA_4
[17:00:26] Fixed 3 duplicate /gene - dctD_1 dctD_2 dctD_3
[17:00:26] Fixed 2 duplicate /gene - degU_1 degU_2
[17:00:26] Fixed 3 duplicate /gene - ald_1 ald_2 ald_3
[17:00:26] Fixed 3 duplicate /gene - prsD_1 prsD_2 prsD_3
[17:00:26] Fixed 2 duplicate /gene - occP_1 occP_2
[17:00:26] Fixed 3 duplicate /gene - folD_1 folD_2 folD_3
[17:00:26] Fixed 3 duplicate /gene - braC_1 braC_2 braC_3
[17:00:26] Fixed 4 duplicate /gene - prsE_1 prsE_2 prsE_3 prsE_4
[17:00:26] Fixed 2 duplicate /gene - tolQ_1 tolQ_2
[17:00:26] Fixed 2 duplicate /gene - mrpD_1 mrpD_2
[17:00:26] Fixed 2 duplicate /gene - ipuC_1 ipuC_2
[17:00:26] Fixed 2 duplicate /gene - mglA_1 mglA_2
[17:00:26] Fixed 2 duplicate /gene - flgG_1 flgG_2
[17:00:26] Fixed 3 duplicate /gene - lon_1 lon_2 lon_3
[17:00:26] Fixed 2 duplicate /gene - dksA_1 dksA_2
[17:00:26] Fixed 2 duplicate /gene - gloB_1 gloB_2
[17:00:26] Fixed 3 duplicate /gene - suhB_1 suhB_2 suhB_3
[17:00:26] Fixed 2 duplicate /gene - nfuA_1 nfuA_2
[17:00:26] Fixed 2 duplicate /gene - rsmB_1 rsmB_2
[17:00:26] Fixed 12 duplicate /gene - btuD_1 btuD_2 btuD_3 btuD_4 btuD_5 btuD_6 btuD_7 btuD_8 btuD_9 btuD_10 btuD_11 btuD_12
[17:00:26] Fixed 2 duplicate /gene - intA_1 intA_2
[17:00:26] Fixed 2 duplicate /gene - menC_1 menC_2
[17:00:26] Fixed 5 duplicate /gene - pal_1 pal_2 pal_3 pal_4 pal_5
[17:00:26] Fixed 2 duplicate /gene - acoR_1 acoR_2
[17:00:26] Fixed 3 duplicate /gene - recD2_1 recD2_2 recD2_3
[17:00:26] Fixed 12 duplicate /gene - dctM_1 dctM_2 dctM_3 dctM_4 dctM_5 dctM_6 dctM_7 dctM_8 dctM_9 dctM_10 dctM_11 dctM_12
[17:00:26] Fixed 2 duplicate /gene - bcr_1 bcr_2
[17:00:26] Fixed 2 duplicate /gene - bktB_1 bktB_2
[17:00:26] Fixed 2 duplicate /gene - adhB_1 adhB_2
[17:00:26] Fixed 2 duplicate /gene - rbn_1 rbn_2
[17:00:26] Fixed 2 duplicate /gene - fdhD_1 fdhD_2
[17:00:26] Fixed 3 duplicate /gene - tsaT_1 tsaT_2 tsaT_3
[17:00:26] Fixed 2 duplicate /gene - arnB_1 arnB_2
[17:00:26] Fixed 2 duplicate /gene - adh_1 adh_2
[17:00:26] Fixed 2 duplicate /gene - kpsT_1 kpsT_2
[17:00:26] Fixed 5 duplicate /gene - hisC_1 hisC_2 hisC_3 hisC_4 hisC_5
[17:00:26] Fixed 4 duplicate /gene - gph_1 gph_2 gph_3 gph_4
[17:00:26] Fixed 2 duplicate /gene - bamA_1 bamA_2
[17:00:26] Fixed 4 duplicate /gene - dmlR_1 dmlR_2 dmlR_3 dmlR_4
[17:00:26] Fixed 2 duplicate /gene - fixN_1 fixN_2
[17:00:26] Fixed 2 duplicate /gene - aam_1 aam_2
[17:00:26] Fixed 2 duplicate /gene - tsaC1_1 tsaC1_2
[17:00:26] Fixed 3 duplicate /gene - dxs_1 dxs_2 dxs_3
[17:00:26] Fixed 2 duplicate /gene - glaR_1 glaR_2
[17:00:26] Fixed 2 duplicate /gene - amiD_1 amiD_2
[17:00:26] Fixed 2 duplicate /gene - fdxE_1 fdxE_2
[17:00:26] Fixed 2 duplicate /gene - cysL_1 cysL_2
[17:00:26] Fixed 2 duplicate /gene - dmdB_1 dmdB_2
[17:00:26] Fixed 3 duplicate /gene - spuC_1 spuC_2 spuC_3
[17:00:26] Fixed 2 duplicate /gene - cutM_1 cutM_2
[17:00:26] Fixed 3 duplicate /gene - mnmC_1 mnmC_2 mnmC_3
[17:00:26] Fixed 2 duplicate /gene - btuF_1 btuF_2
[17:00:26] Fixed 2 duplicate /gene - dctP_1 dctP_2
[17:00:26] Fixed 3 duplicate /gene - prmC_1 prmC_2 prmC_3
[17:00:26] Fixed 4 duplicate /gene - hdfR_1 hdfR_2 hdfR_3 hdfR_4
[17:00:26] Fixed 2 duplicate /gene - gstB_1 gstB_2
[17:00:26] Fixed 2 duplicate /gene - purK_1 purK_2
[17:00:26] Fixed 2 duplicate /gene - betA_1 betA_2
[17:00:26] Fixed 2 duplicate /gene - bclA_1 bclA_2
[17:00:26] Fixed 3 duplicate /gene - oxyR_1 oxyR_2 oxyR_3
[17:00:26] Fixed 2 duplicate /gene - limB_1 limB_2
[17:00:26] Fixed 2 duplicate /gene - glnQ_1 glnQ_2
[17:00:26] Fixed 3 duplicate /gene - cry2_1 cry2_2 cry2_3
[17:00:26] Fixed 3 duplicate /gene - puuA_1 puuA_2 puuA_3
[17:00:26] Fixed 2 duplicate /gene - sfnG_1 sfnG_2
[17:00:26] Fixed 2 duplicate /gene - atpF_1 atpF_2
[17:00:26] Fixed 4 duplicate /gene - paaG_1 paaG_2 paaG_3 paaG_4
[17:00:26] Fixed 3 duplicate /gene - walR_1 walR_2 walR_3
[17:00:26] Fixed 2 duplicate /gene - rhlE_1 rhlE_2
[17:00:26] Fixed 5 duplicate /gene - xerC_1 xerC_2 xerC_3 xerC_4 xerC_5
[17:00:26] Fixed 2 duplicate /gene - ompR_1 ompR_2
[17:00:26] Fixed 2 duplicate /gene - pcm_1 pcm_2
[17:00:26] Fixed 2 duplicate /gene - oppC_1 oppC_2
[17:00:26] Fixed 2 duplicate /gene - acpP_1 acpP_2
[17:00:26] Fixed 2 duplicate /gene - lnt_1 lnt_2
[17:00:26] Fixed 2 duplicate /gene - ssb_1 ssb_2
[17:00:26] Fixed 3 duplicate /gene - ychF_1 ychF_2 ychF_3
[17:00:26] Fixed 3 duplicate /gene - potA_1 potA_2 potA_3
[17:00:26] Fixed 2 duplicate /gene - yceI_1 yceI_2
[17:00:26] Fixed 2 duplicate /gene - hbpA_1 hbpA_2
[17:00:26] Fixed 2 duplicate /gene - hmrR_1 hmrR_2
[17:00:26] Fixed 2 duplicate /gene - linC_1 linC_2
[17:00:26] Fixed 10 duplicate /gene - gsiD_1 gsiD_2 gsiD_3 gsiD_4 gsiD_5 gsiD_6 gsiD_7 gsiD_8 gsiD_9 gsiD_10
[17:00:26] Fixed 2 duplicate /gene - pyrE_1 pyrE_2
[17:00:26] Fixed 3 duplicate /gene - caiD_1 caiD_2 caiD_3
[17:00:26] Fixed 276 colliding /gene names.
[17:00:26] Adding /locus_tag identifiers
[17:00:27] Assigned 4399 locus_tags to CDS and RNA features.
[17:00:27] Writing outputs to gbk/DSM15620/
[17:00:28] Generating annotation statistics file
[17:00:28] Generating Genbank and Sequin files
[17:00:28] Running: tbl2asn -V b -a r10k -l paired-ends -M n -N 1 -y 'Annotated using prokka 1.14.6 from https://github.com/tseemann/prokka' -Z gbk\/DSM15620\/GCF_000429765\.1\.prokka\.err -i gbk\/DSM15620\/GCF_000429765\.1\.prokka\.fsa 2> /dev/null
[17:00:35] Deleting unwanted file: gbk/DSM15620/errorsummary.val
[17:00:35] Deleting unwanted file: gbk/DSM15620/GCF_000429765.1.prokka.dr
[17:00:35] Deleting unwanted file: gbk/DSM15620/GCF_000429765.1.prokka.fixedproducts
[17:00:35] Deleting unwanted file: gbk/DSM15620/GCF_000429765.1.prokka.ecn
[17:00:35] Deleting unwanted file: gbk/DSM15620/GCF_000429765.1.prokka.val
[17:00:35] Repairing broken .GBK output that tbl2asn produces...
[17:00:35] Running: sed 's/COORDINATES: profile/COORDINATES:profile/' < gbk\/DSM15620\/GCF_000429765\.1\.prokka\.gbf > gbk\/DSM15620\/GCF_000429765\.1\.prokka\.gbk
[17:00:35] Deleting unwanted file: gbk/DSM15620/GCF_000429765.1.prokka.gbf
[17:00:35] Output files:
[17:00:35] gbk/DSM15620/GCF_000429765.1.prokka.ffn
[17:00:35] gbk/DSM15620/GCF_000429765.1.prokka.fna
[17:00:35] gbk/DSM15620/GCF_000429765.1.prokka.tsv
[17:00:35] gbk/DSM15620/GCF_000429765.1.prokka.sqn
[17:00:35] gbk/DSM15620/GCF_000429765.1.prokka.txt
[17:00:35] gbk/DSM15620/GCF_000429765.1.prokka.gff
[17:00:35] gbk/DSM15620/GCF_000429765.1.prokka.log
[17:00:35] gbk/DSM15620/GCF_000429765.1.prokka.gbk
[17:00:35] gbk/DSM15620/GCF_000429765.1.prokka.fsa
[17:00:35] gbk/DSM15620/GCF_000429765.1.prokka.faa
[17:00:35] gbk/DSM15620/GCF_000429765.1.prokka.err
[17:00:35] gbk/DSM15620/GCF_000429765.1.prokka.tbl
[17:00:35] Annotation finished successfully.
[17:00:35] Walltime used: 0.98 minutes
[17:00:35] If you use this result please cite the Prokka paper:
[17:00:35] Seemann T (2014) Prokka: rapid prokaryotic genome annotation. Bioinformatics. 30(14):2068-9.
[17:00:35] Type 'prokka --citation' for more details.
[17:00:35] Share and enjoy!
